[I 2026-03-17 22:08:25,424] Trial 49 finished with value: 1.9205282730033704 and parameters: {'n_estimators': 712, 'learning_rate': 0.013004576373093837, 'max_depth': 14, 'subsample': 0.9455988838636765, 'colsample_bytree': 0.7719567962330758, 'min_child_weight': 4}. Best is trial 44 with value: 1.862711378177628.
✅ Tham số tối ưu nhất từ Optuna: {'n_estimators': 855, 'learning_rate': 0.011779318576870935, 'max_depth': 15, 'subsample': 0.7592508202291768, 'colsample_bytree': 0.9392350233128802, 'min_child_weight': 5}
MAE của mô hình XGBoost: 1.8796
R² của mô hình XGBoost: 0.9074
🥊 Đang so sánh... Champion MAE: 1.6245 vs Challenger MAE: 1.8796
🛡️ Champion bảo vệ ngôi vương. Giữ nguyên mô hình cũ.
[Tue 03/17/2026 22:08:30.10] [4/4] Dang dong bo AI Model (qua LFS) len GitHub... 
[main de9af19] Auto-update AI Model: Tue 03/17/2026 22:08:31.28
 2 files changed, 340 insertions(+)
remote: This repository moved. Please use the new location:        
remote:   https://github.com/HieuNT316/hanoi-house-price-prediction.git        
To https://github.com/Alexus143/hanoi-house-price-prediction.git
   3e50345..de9af19  main -> main
========================================= 
[Wed 03/18/2026 22:00:03.02] [1/4] Dang cao chi tiet BĐS... 
🔍 Đang cấu hình Database với: postgres.kkwivuufxdewurmxtsto@aws-1-ap-southeast-1.pooler.supabase.com:5432/postgres

[DetailSpider] Khởi động luồng làm giàu dữ liệu (Limit: 50 bài/lượt)...
✅ Đã kết nối thành công tới PostgreSQL.
[Browser] Đang khởi tạo trình duyệt...
[Browser] Phát hiện Chrome (Windows): Version 139

[DetailSpider] Đang cào (1/14): https://batdongsan.com.vn/ban-nha-biet-thu-lien-ke-phuong-mo-lao/chinh-chu-ban-lo-goc-ha-ong-ang-cho-thue-lam-van-phong-on-inh-pr45337992
  -> Lấy được 1/6 feature chi tiết.

[DetailSpider] Đang cào (2/14): https://batdongsan.com.vn/ban-nha-biet-thu-lien-ke-duong-yen-lo-phuong-yen-nghia-1-15/quy-hang-ep-toan-goc-o-to-gia-ang-tot-mua-la-loi-lh-e-thuy-pr45334277
  -> Lấy được 1/6 feature chi tiết.

[DetailSpider] Đang cào (3/14): https://batdongsan.com.vn/ban-can-ho-chung-cu-phuong-duong-noi-an-binh-homeland/chi-con-2-suat-ngoai-giao-duplex-cuc-hiem-gia-tu-10-ty-pr45334152
  -> Lấy được 0/6 feature chi tiết.

[DetailSpider] Đang cào (4/14): https://batdongsan.com.vn/ban-nha-biet-thu-lien-ke-duong-le-trong-tan-phuong-duong-noi-khu-do-thi-geleximco-le-trong-tan/ban-gia-au-tu-tai-tan-pr45331162
  -> Lấy được 1/6 feature chi tiết.

[DetailSpider] Đang cào (5/14): https://batdongsan.com.vn/ban-can-ho-chung-cu-pho-phung-hung-1-phuong-phuc-la-khu-do-thi-moi-xa-la/ban-53-5m2-view-ep-toa-ct4b-ha-ong-pr45186059
  -> Lấy được 1/6 feature chi tiết.

[DetailSpider] Đang cào (6/14): https://batdongsan.com.vn/ban-can-ho-chung-cu-duong-le-trong-tan-phuong-phu-la-la-casta-van-phu/chinh-chu-ban-85-6m2-toa-a-gia-nhinh-7ty-pr45333225
  -> Lấy được 2/6 feature chi tiết.

[DetailSpider] Đang cào (7/14): https://batdongsan.com.vn/ban-nha-biet-thu-lien-ke-duong-tong-tat-thang-phuong-phu-la-khu-do-thi-moi-van-phu/ban-lk-lacasta-73m2-mt-5m-4-tang-22-ty-pr45332621
  -> Lấy được 4/6 feature chi tiết.

[DetailSpider] Đang cào (8/14): https://batdongsan.com.vn/ban-nha-biet-thu-lien-ke-phuong-phuc-la-khu-do-thi-moi-van-quan/nhinh-18-ty-hang-hiem-phan-lo-dt70m-4-tang-vi-tri-ep-dan-tri-cao-pr45255895
  -> Lấy được 5/6 feature chi tiết.

[DetailSpider] Đang cào (9/14): https://batdongsan.com.vn/ban-can-ho-chung-cu-duong-quang-trung-phuong-quang-trung-17-binh-vuong-tower/chan-dai-200-ha-ong-chinh-chu-4n-2vs-8-1-ty-pr45330639
  -> Lấy được 3/6 feature chi tiết.

[DetailSpider] Đang cào (10/14): https://batdongsan.com.vn/ban-can-ho-chung-cu-duong-cau-buou-phuong-kien-hung-chung-cu-sails-tower/ban-cc-song-nhue-2n1vs-view-ep-nha-ep-tang-nt-s-cc-pr45184312
  -> Lấy được 2/6 feature chi tiết.

[DetailSpider] Đang cào (11/14): https://batdongsan.com.vn/ban-can-ho-chung-cu-phuong-mo-lao-mulberry-lane/bql-mulberrylane-ban-nhung-mua-thang-tu-chu-nha-gui-ban-cac-quy-tu-45m2-en-154m2-pr45327526
  -> Lấy được 3/6 feature chi tiết.

[DetailSpider] Đang cào (12/14): https://batdongsan.com.vn/ban-nha-rieng-duong-to-hieu-phuong-ha-cau-15/ban-c4-chan-chung-cu-huyndai-52m2-2-mat-uong-uong-12m-via-he-15-6-ty-pr45322506
  -> Lấy được 4/6 feature chi tiết.

[DetailSpider] Đang cào (13/14): https://batdongsan.com.vn/ban-can-ho-chung-cu-duong-tran-phu-phuong-van-quan-grand-sunlake/hott-3n-tang-18-sieu-ep-view-lang-viet-kieu-chau-au-gia-chi-5-8-ty-pr45157088
  -> Lấy được 1/6 feature chi tiết.

[DetailSpider] Đang cào (14/14): https://batdongsan.com.vn/ban-nha-rieng-duong-thanh-cong-phuong-ha-cau-15/tai-ong-chua-en-11-ty-36-m2-sat-tru-chinh-quang-trung-oto-tranh-kinh-doanh-pr45318652
  -> Lấy được 3/6 feature chi tiết.

[DetailSpider] Hoàn thành. Cập nhật thành công 14/14 bài đăng.
[Wed 03/18/2026 22:04:07.76] [2/4] Dang clean du lieu... 
🔍 Đang cấu hình Database với: postgres.kkwivuufxdewurmxtsto@aws-1-ap-southeast-1.pooler.supabase.com:5432/postgres
✅ Đã kết nối thành công tới PostgreSQL.
🔄 Upsert thành công 5371 bản ghi vào 'bds_hadong'.
✅ Đã cập nhật cột legal_status và furniture thành công.
[Wed 03/18/2026 22:04:32.50] [3/4] Dang huan luyen AI tren du lieu moi... 
🔍 Đang cấu hình Database với: postgres.kkwivuufxdewurmxtsto@aws-1-ap-southeast-1.pooler.supabase.com:5432/postgres
[I 2026-03-18 22:04:58,972] A new study created in memory with name: no-name-ea540e70-5ef4-43f5-8382-53819669450e
✅ Đã kết nối thành công tới PostgreSQL.
  0%|          | 0/50 [00:00<?, ?it/s]D:\Python\realtime_estimate_tracker\venv_bds\lib\site-packages\xgboost\training.py:200: UserWarning: [22:04:59] WARNING: C:\actions-runner\_work\xgboost\xgboost\src\learner.cc:782: 
Parameters: { "devices", "task_type" } are not used.

  bst.update(dtrain, iteration=i, fobj=obj)
                                        0%|          | 0/50 [00:03<?, ?it/s]Best trial: 0. Best value: 1.90825:   0%|          | 0/50 [00:03<?, ?it/s]Best trial: 0. Best value: 1.90825:   2%|▏         | 1/50 [00:03<02:57,  3.62s/it]D:\Python\realtime_estimate_tracker\venv_bds\lib\site-packages\xgboost\training.py:200: UserWarning: [22:05:02] WARNING: C:\actions-runner\_work\xgboost\xgboost\src\learner.cc:782: 
Parameters: { "devices", "task_type" } are not used.

  bst.update(dtrain, iteration=i, fobj=obj)
                                                                                  Best trial: 0. Best value: 1.90825:   2%|▏         | 1/50 [00:05<02:57,  3.62s/it]Best trial: 0. Best value: 1.90825:   2%|▏         | 1/50 [00:05<02:57,  3.62s/it]Best trial: 0. Best value: 1.90825:   4%|▍         | 2/50 [00:05<02:02,  2.56s/it]D:\Python\realtime_estimate_tracker\venv_bds\lib\site-packages\xgboost\training.py:200: UserWarning: [22:05:04] WARNING: C:\actions-runner\_work\xgboost\xgboost\src\learner.cc:782: 
Parameters: { "devices", "task_type" } are not used.

  bst.update(dtrain, iteration=i, fobj=obj)
                                                                                  Best trial: 0. Best value: 1.90825:   4%|▍         | 2/50 [00:07<02:02,  2.56s/it]Best trial: 0. Best value: 1.90825:   4%|▍         | 2/50 [00:07<02:02,  2.56s/it]Best trial: 0. Best value: 1.90825:   6%|▌         | 3/50 [00:07<01:53,  2.42s/it]D:\Python\realtime_estimate_tracker\venv_bds\lib\site-packages\xgboost\training.py:200: UserWarning: [22:05:06] WARNING: C:\actions-runner\_work\xgboost\xgboost\src\learner.cc:782: 
Parameters: { "devices", "task_type" } are not used.

  bst.update(dtrain, iteration=i, fobj=obj)
                                                                                  Best trial: 0. Best value: 1.90825:   6%|▌         | 3/50 [00:08<01:53,  2.42s/it]Best trial: 0. Best value: 1.90825:   6%|▌         | 3/50 [00:08<01:53,  2.42s/it]Best trial: 0. Best value: 1.90825:   8%|▊         | 4/50 [00:08<01:23,  1.81s/it]D:\Python\realtime_estimate_tracker\venv_bds\lib\site-packages\xgboost\training.py:200: UserWarning: [22:05:07] WARNING: C:\actions-runner\_work\xgboost\xgboost\src\learner.cc:782: 
Parameters: { "devices", "task_type" } are not used.

  bst.update(dtrain, iteration=i, fobj=obj)
                                                                                  Best trial: 0. Best value: 1.90825:   8%|▊         | 4/50 [00:10<01:23,  1.81s/it]Best trial: 0. Best value: 1.90825:   8%|▊         | 4/50 [00:10<01:23,  1.81s/it]Best trial: 0. Best value: 1.90825:  10%|█         | 5/50 [00:10<01:25,  1.90s/it]D:\Python\realtime_estimate_tracker\venv_bds\lib\site-packages\xgboost\training.py:200: UserWarning: [22:05:09] WARNING: C:\actions-runner\_work\xgboost\xgboost\src\learner.cc:782: 
Parameters: { "devices", "task_type" } are not used.

  bst.update(dtrain, iteration=i, fobj=obj)
                                                                                  Best trial: 0. Best value: 1.90825:  10%|█         | 5/50 [00:11<01:25,  1.90s/it]Best trial: 0. Best value: 1.90825:  10%|█         | 5/50 [00:11<01:25,  1.90s/it]Best trial: 0. Best value: 1.90825:  12%|█▏        | 6/50 [00:11<01:15,  1.71s/it]D:\Python\realtime_estimate_tracker\venv_bds\lib\site-packages\xgboost\training.py:200: UserWarning: [22:05:10] WARNING: C:\actions-runner\_work\xgboost\xgboost\src\learner.cc:782: 
Parameters: { "devices", "task_type" } are not used.

  bst.update(dtrain, iteration=i, fobj=obj)
                                                                                  Best trial: 0. Best value: 1.90825:  12%|█▏        | 6/50 [00:13<01:15,  1.71s/it]Best trial: 0. Best value: 1.90825:  12%|█▏        | 6/50 [00:13<01:15,  1.71s/it]Best trial: 0. Best value: 1.90825:  14%|█▍        | 7/50 [00:13<01:06,  1.55s/it]D:\Python\realtime_estimate_tracker\venv_bds\lib\site-packages\xgboost\training.py:200: UserWarning: [22:05:12] WARNING: C:\actions-runner\_work\xgboost\xgboost\src\learner.cc:782: 
Parameters: { "devices", "task_type" } are not used.

  bst.update(dtrain, iteration=i, fobj=obj)
                                                                                  Best trial: 0. Best value: 1.90825:  14%|█▍        | 7/50 [00:14<01:06,  1.55s/it]Best trial: 0. Best value: 1.90825:  14%|█▍        | 7/50 [00:14<01:06,  1.55s/it]Best trial: 0. Best value: 1.90825:  16%|█▌        | 8/50 [00:14<01:06,  1.59s/it]D:\Python\realtime_estimate_tracker\venv_bds\lib\site-packages\xgboost\training.py:200: UserWarning: [22:05:13] WARNING: C:\actions-runner\_work\xgboost\xgboost\src\learner.cc:782: 
Parameters: { "devices", "task_type" } are not used.

  bst.update(dtrain, iteration=i, fobj=obj)
                                                                                  Best trial: 0. Best value: 1.90825:  16%|█▌        | 8/50 [00:17<01:06,  1.59s/it]Best trial: 0. Best value: 1.90825:  16%|█▌        | 8/50 [00:17<01:06,  1.59s/it]Best trial: 0. Best value: 1.90825:  18%|█▊        | 9/50 [00:17<01:12,  1.77s/it]D:\Python\realtime_estimate_tracker\venv_bds\lib\site-packages\xgboost\training.py:200: UserWarning: [22:05:16] WARNING: C:\actions-runner\_work\xgboost\xgboost\src\learner.cc:782: 
Parameters: { "devices", "task_type" } are not used.

  bst.update(dtrain, iteration=i, fobj=obj)
                                                                                  Best trial: 0. Best value: 1.90825:  18%|█▊        | 9/50 [00:18<01:12,  1.77s/it]Best trial: 0. Best value: 1.90825:  18%|█▊        | 9/50 [00:18<01:12,  1.77s/it]Best trial: 0. Best value: 1.90825:  20%|██        | 10/50 [00:18<01:05,  1.63s/it]D:\Python\realtime_estimate_tracker\venv_bds\lib\site-packages\xgboost\training.py:200: UserWarning: [22:05:17] WARNING: C:\actions-runner\_work\xgboost\xgboost\src\learner.cc:782: 
Parameters: { "devices", "task_type" } are not used.

  bst.update(dtrain, iteration=i, fobj=obj)
                                                                                   Best trial: 0. Best value: 1.90825:  20%|██        | 10/50 [00:23<01:05,  1.63s/it]Best trial: 10. Best value: 1.8623:  20%|██        | 10/50 [00:23<01:05,  1.63s/it]Best trial: 10. Best value: 1.8623:  22%|██▏       | 11/50 [00:23<01:40,  2.58s/it]D:\Python\realtime_estimate_tracker\venv_bds\lib\site-packages\xgboost\training.py:200: UserWarning: [22:05:22] WARNING: C:\actions-runner\_work\xgboost\xgboost\src\learner.cc:782: 
Parameters: { "devices", "task_type" } are not used.

  bst.update(dtrain, iteration=i, fobj=obj)
                                                                                   Best trial: 10. Best value: 1.8623:  22%|██▏       | 11/50 [00:28<01:40,  2.58s/it]Best trial: 11. Best value: 1.84483:  22%|██▏       | 11/50 [00:28<01:40,  2.58s/it]Best trial: 11. Best value: 1.84483:  24%|██▍       | 12/50 [00:28<02:06,  3.33s/it]D:\Python\realtime_estimate_tracker\venv_bds\lib\site-packages\xgboost\training.py:200: UserWarning: [22:05:27] WARNING: C:\actions-runner\_work\xgboost\xgboost\src\learner.cc:782: 
Parameters: { "devices", "task_type" } are not used.

  bst.update(dtrain, iteration=i, fobj=obj)
                                                                                    Best trial: 11. Best value: 1.84483:  24%|██▍       | 12/50 [00:33<02:06,  3.33s/it]Best trial: 11. Best value: 1.84483:  24%|██▍       | 12/50 [00:33<02:06,  3.33s/it]Best trial: 11. Best value: 1.84483:  26%|██▌       | 13/50 [00:33<02:30,  4.06s/it]D:\Python\realtime_estimate_tracker\venv_bds\lib\site-packages\xgboost\training.py:200: UserWarning: [22:05:32] WARNING: C:\actions-runner\_work\xgboost\xgboost\src\learner.cc:782: 
Parameters: { "devices", "task_type" } are not used.

  bst.update(dtrain, iteration=i, fobj=obj)
                                                                                    Best trial: 11. Best value: 1.84483:  26%|██▌       | 13/50 [00:39<02:30,  4.06s/it]Best trial: 11. Best value: 1.84483:  26%|██▌       | 13/50 [00:39<02:30,  4.06s/it]Best trial: 11. Best value: 1.84483:  28%|██▊       | 14/50 [00:39<02:43,  4.54s/it]D:\Python\realtime_estimate_tracker\venv_bds\lib\site-packages\xgboost\training.py:200: UserWarning: [22:05:38] WARNING: C:\actions-runner\_work\xgboost\xgboost\src\learner.cc:782: 
Parameters: { "devices", "task_type" } are not used.

  bst.update(dtrain, iteration=i, fobj=obj)
                                                                                    Best trial: 11. Best value: 1.84483:  28%|██▊       | 14/50 [00:43<02:43,  4.54s/it]Best trial: 11. Best value: 1.84483:  28%|██▊       | 14/50 [00:43<02:43,  4.54s/it]Best trial: 11. Best value: 1.84483:  30%|███       | 15/50 [00:43<02:38,  4.52s/it]D:\Python\realtime_estimate_tracker\venv_bds\lib\site-packages\xgboost\training.py:200: UserWarning: [22:05:42] WARNING: C:\actions-runner\_work\xgboost\xgboost\src\learner.cc:782: 
Parameters: { "devices", "task_type" } are not used.

  bst.update(dtrain, iteration=i, fobj=obj)
                                                                                    Best trial: 11. Best value: 1.84483:  30%|███       | 15/50 [00:48<02:38,  4.52s/it]Best trial: 11. Best value: 1.84483:  30%|███       | 15/50 [00:48<02:38,  4.52s/it]Best trial: 11. Best value: 1.84483:  32%|███▏      | 16/50 [00:48<02:35,  4.59s/it]D:\Python\realtime_estimate_tracker\venv_bds\lib\site-packages\xgboost\training.py:200: UserWarning: [22:05:47] WARNING: C:\actions-runner\_work\xgboost\xgboost\src\learner.cc:782: 
Parameters: { "devices", "task_type" } are not used.

  bst.update(dtrain, iteration=i, fobj=obj)
                                                                                    Best trial: 11. Best value: 1.84483:  32%|███▏      | 16/50 [00:52<02:35,  4.59s/it]Best trial: 11. Best value: 1.84483:  32%|███▏      | 16/50 [00:52<02:35,  4.59s/it]Best trial: 11. Best value: 1.84483:  34%|███▍      | 17/50 [00:52<02:25,  4.42s/it]D:\Python\realtime_estimate_tracker\venv_bds\lib\site-packages\xgboost\training.py:200: UserWarning: [22:05:51] WARNING: C:\actions-runner\_work\xgboost\xgboost\src\learner.cc:782: 
Parameters: { "devices", "task_type" } are not used.

  bst.update(dtrain, iteration=i, fobj=obj)
                                                                                    Best trial: 11. Best value: 1.84483:  34%|███▍      | 17/50 [00:56<02:25,  4.42s/it]Best trial: 11. Best value: 1.84483:  34%|███▍      | 17/50 [00:56<02:25,  4.42s/it]Best trial: 11. Best value: 1.84483:  36%|███▌      | 18/50 [00:56<02:16,  4.27s/it]D:\Python\realtime_estimate_tracker\venv_bds\lib\site-packages\xgboost\training.py:200: UserWarning: [22:05:55] WARNING: C:\actions-runner\_work\xgboost\xgboost\src\learner.cc:782: 
Parameters: { "devices", "task_type" } are not used.

  bst.update(dtrain, iteration=i, fobj=obj)
                                                                                    Best trial: 11. Best value: 1.84483:  36%|███▌      | 18/50 [01:00<02:16,  4.27s/it]Best trial: 11. Best value: 1.84483:  36%|███▌      | 18/50 [01:00<02:16,  4.27s/it]Best trial: 11. Best value: 1.84483:  38%|███▊      | 19/50 [01:00<02:04,  4.00s/it]D:\Python\realtime_estimate_tracker\venv_bds\lib\site-packages\xgboost\training.py:200: UserWarning: [22:05:59] WARNING: C:\actions-runner\_work\xgboost\xgboost\src\learner.cc:782: 
Parameters: { "devices", "task_type" } are not used.

  bst.update(dtrain, iteration=i, fobj=obj)
                                                                                    Best trial: 11. Best value: 1.84483:  38%|███▊      | 19/50 [01:05<02:04,  4.00s/it]Best trial: 11. Best value: 1.84483:  38%|███▊      | 19/50 [01:05<02:04,  4.00s/it]Best trial: 11. Best value: 1.84483:  40%|████      | 20/50 [01:05<02:11,  4.38s/it]D:\Python\realtime_estimate_tracker\venv_bds\lib\site-packages\xgboost\training.py:200: UserWarning: [22:06:04] WARNING: C:\actions-runner\_work\xgboost\xgboost\src\learner.cc:782: 
Parameters: { "devices", "task_type" } are not used.

  bst.update(dtrain, iteration=i, fobj=obj)
                                                                                    Best trial: 11. Best value: 1.84483:  40%|████      | 20/50 [01:08<02:11,  4.38s/it]Best trial: 11. Best value: 1.84483:  40%|████      | 20/50 [01:08<02:11,  4.38s/it]Best trial: 11. Best value: 1.84483:  42%|████▏     | 21/50 [01:08<02:00,  4.16s/it]D:\Python\realtime_estimate_tracker\venv_bds\lib\site-packages\xgboost\training.py:200: UserWarning: [22:06:07] WARNING: C:\actions-runner\_work\xgboost\xgboost\src\learner.cc:782: 
Parameters: { "devices", "task_type" } are not used.

  bst.update(dtrain, iteration=i, fobj=obj)
                                                                                    Best trial: 11. Best value: 1.84483:  42%|████▏     | 21/50 [01:14<02:00,  4.16s/it]Best trial: 11. Best value: 1.84483:  42%|████▏     | 21/50 [01:14<02:00,  4.16s/it]Best trial: 11. Best value: 1.84483:  44%|████▍     | 22/50 [01:14<02:08,  4.58s/it]D:\Python\realtime_estimate_tracker\venv_bds\lib\site-packages\xgboost\training.py:200: UserWarning: [22:06:13] WARNING: C:\actions-runner\_work\xgboost\xgboost\src\learner.cc:782: 
Parameters: { "devices", "task_type" } are not used.

  bst.update(dtrain, iteration=i, fobj=obj)
                                                                                    Best trial: 11. Best value: 1.84483:  44%|████▍     | 22/50 [01:19<02:08,  4.58s/it]Best trial: 11. Best value: 1.84483:  44%|████▍     | 22/50 [01:19<02:08,  4.58s/it]Best trial: 11. Best value: 1.84483:  46%|████▌     | 23/50 [01:19<02:10,  4.84s/it]D:\Python\realtime_estimate_tracker\venv_bds\lib\site-packages\xgboost\training.py:200: UserWarning: [22:06:18] WARNING: C:\actions-runner\_work\xgboost\xgboost\src\learner.cc:782: 
Parameters: { "devices", "task_type" } are not used.

  bst.update(dtrain, iteration=i, fobj=obj)
                                                                                    Best trial: 11. Best value: 1.84483:  46%|████▌     | 23/50 [01:24<02:10,  4.84s/it]Best trial: 11. Best value: 1.84483:  46%|████▌     | 23/50 [01:24<02:10,  4.84s/it]Best trial: 11. Best value: 1.84483:  48%|████▊     | 24/50 [01:24<02:04,  4.80s/it]D:\Python\realtime_estimate_tracker\venv_bds\lib\site-packages\xgboost\training.py:200: UserWarning: [22:06:23] WARNING: C:\actions-runner\_work\xgboost\xgboost\src\learner.cc:782: 
Parameters: { "devices", "task_type" } are not used.

  bst.update(dtrain, iteration=i, fobj=obj)
                                                                                    Best trial: 11. Best value: 1.84483:  48%|████▊     | 24/50 [01:29<02:04,  4.80s/it]Best trial: 11. Best value: 1.84483:  48%|████▊     | 24/50 [01:29<02:04,  4.80s/it]Best trial: 11. Best value: 1.84483:  50%|█████     | 25/50 [01:29<01:58,  4.75s/it]D:\Python\realtime_estimate_tracker\venv_bds\lib\site-packages\xgboost\training.py:200: UserWarning: [22:06:28] WARNING: C:\actions-runner\_work\xgboost\xgboost\src\learner.cc:782: 
Parameters: { "devices", "task_type" } are not used.

  bst.update(dtrain, iteration=i, fobj=obj)
                                                                                    Best trial: 11. Best value: 1.84483:  50%|█████     | 25/50 [01:34<01:58,  4.75s/it]Best trial: 11. Best value: 1.84483:  50%|█████     | 25/50 [01:34<01:58,  4.75s/it]Best trial: 11. Best value: 1.84483:  52%|█████▏    | 26/50 [01:34<01:58,  4.95s/it]D:\Python\realtime_estimate_tracker\venv_bds\lib\site-packages\xgboost\training.py:200: UserWarning: [22:06:33] WARNING: C:\actions-runner\_work\xgboost\xgboost\src\learner.cc:782: 
Parameters: { "devices", "task_type" } are not used.

  bst.update(dtrain, iteration=i, fobj=obj)
                                                                                    Best trial: 11. Best v