[I 2026-03-29 22:08:00,668] Trial 0 finished with value: 1.8950796185779397 and parameters: {'n_estimators': 1024, 'learning_rate': 0.07733219161091008, 'max_depth': 9, 'subsample': 0.6444449360049845, 'colsample_bytree': 0.7211335690399909, 'min_child_weight': 9}. Best is trial 0 with value: 1.8950796185779397.
[I 2026-03-29 22:08:03,397] Trial 1 finished with value: 1.946933288757514 and parameters: {'n_estimators': 1282, 'learning_rate': 0.03173860487913714, 'max_depth': 6, 'subsample': 0.8018690166192969, 'colsample_bytree': 0.8741034820332587, 'min_child_weight': 1}. Best is trial 0 with value: 1.8950796185779397.
[I 2026-03-29 22:08:04,251] Trial 2 finished with value: 1.931546769476482 and parameters: {'n_estimators': 315, 'learning_rate': 0.030676218928968373, 'max_depth': 8, 'subsample': 0.7365665591161911, 'colsample_bytree': 0.7573235624827366, 'min_child_weight': 2}. Best is trial 0 with value: 1.8950796185779397.
[I 2026-03-29 22:08:06,841] Trial 3 finished with value: 1.9476229205766724 and parameters: {'n_estimators': 940, 'learning_rate': 0.010426929587208351, 'max_depth': 9, 'subsample': 0.8645128115296037, 'colsample_bytree': 0.6352060282952513, 'min_child_weight': 4}. Best is trial 0 with value: 1.8950796185779397.
[I 2026-03-29 22:08:10,800] Trial 4 finished with value: 1.8884047171214353 and parameters: {'n_estimators': 765, 'learning_rate': 0.007566050304294044, 'max_depth': 14, 'subsample': 0.9362325893249539, 'colsample_bytree': 0.6884027523612348, 'min_child_weight': 2}. Best is trial 4 with value: 1.8884047171214353.
[I 2026-03-29 22:08:13,755] Trial 5 finished with value: 1.951291005627752 and parameters: {'n_estimators': 1298, 'learning_rate': 0.009927034834280967, 'max_depth': 7, 'subsample': 0.7770973756514676, 'colsample_bytree': 0.841617707703507, 'min_child_weight': 6}. Best is trial 4 with value: 1.8884047171214353.
[I 2026-03-29 22:08:17,732] Trial 6 finished with value: 1.7522246802750758 and parameters: {'n_estimators': 958, 'learning_rate': 0.04654095837980722, 'max_depth': 13, 'subsample': 0.8138411560576863, 'colsample_bytree': 0.8511454343632225, 'min_child_weight': 1}. Best is trial 6 with value: 1.7522246802750758.
[I 2026-03-29 22:08:19,036] Trial 7 finished with value: 1.9592345166028193 and parameters: {'n_estimators': 330, 'learning_rate': 0.01928194069375776, 'max_depth': 13, 'subsample': 0.9610145522788442, 'colsample_bytree': 0.7132822973561924, 'min_child_weight': 9}. Best is trial 6 with value: 1.7522246802750758.
[I 2026-03-29 22:08:21,691] Trial 8 finished with value: 1.7995143022984805 and parameters: {'n_estimators': 664, 'learning_rate': 0.06874044614644811, 'max_depth': 15, 'subsample': 0.9676974242631063, 'colsample_bytree': 0.8076777802058415, 'min_child_weight': 5}. Best is trial 6 with value: 1.7522246802750758.
[I 2026-03-29 22:08:23,841] Trial 9 finished with value: 1.8916217470189312 and parameters: {'n_estimators': 805, 'learning_rate': 0.023577676713477803, 'max_depth': 9, 'subsample': 0.8651845675422136, 'colsample_bytree': 0.9919686425473472, 'min_child_weight': 9}. Best is trial 6 with value: 1.7522246802750758.
[I 2026-03-29 22:08:28,516] Trial 10 finished with value: 1.7975707311979563 and parameters: {'n_estimators': 1482, 'learning_rate': 0.05052157863594523, 'max_depth': 12, 'subsample': 0.6018197511266729, 'colsample_bytree': 0.9292631890024148, 'min_child_weight': 7}. Best is trial 6 with value: 1.7522246802750758.
[I 2026-03-29 22:08:33,313] Trial 11 finished with value: 1.7948450857404945 and parameters: {'n_estimators': 1474, 'learning_rate': 0.04739303092825999, 'max_depth': 12, 'subsample': 0.6212728461965621, 'colsample_bytree': 0.9254287537612029, 'min_child_weight': 7}. Best is trial 6 with value: 1.7522246802750758.
[I 2026-03-29 22:08:36,746] Trial 12 finished with value: 1.8272356048912026 and parameters: {'n_estimators': 1141, 'learning_rate': 0.04517050052753738, 'max_depth': 11, 'subsample': 0.6710381266664243, 'colsample_bytree': 0.9123363519239234, 'min_child_weight': 7}. Best is trial 6 with value: 1.7522246802750758.
[I 2026-03-29 22:08:38,617] Trial 13 finished with value: 1.8172334967141943 and parameters: {'n_estimators': 559, 'learning_rate': 0.09918562584039578, 'max_depth': 11, 'subsample': 0.7165907238152148, 'colsample_bytree': 0.9570480053011257, 'min_child_weight': 4}. Best is trial 6 with value: 1.7522246802750758.
[I 2026-03-29 22:08:43,431] Trial 14 finished with value: 1.7873872638797468 and parameters: {'n_estimators': 1356, 'learning_rate': 0.047619483145403346, 'max_depth': 13, 'subsample': 0.8330996041215568, 'colsample_bytree': 0.8884355115213189, 'min_child_weight': 7}. Best is trial 6 with value: 1.7522246802750758.
[I 2026-03-29 22:08:48,939] Trial 15 finished with value: 1.787784708314778 and parameters: {'n_estimators': 1147, 'learning_rate': 0.017411246039350205, 'max_depth': 15, 'subsample': 0.8556660712565675, 'colsample_bytree': 0.8574986732536329, 'min_child_weight': 4}. Best is trial 6 with value: 1.7522246802750758.
[I 2026-03-29 22:08:53,312] Trial 16 finished with value: 1.8389011416238719 and parameters: {'n_estimators': 1292, 'learning_rate': 0.03550111941778857, 'max_depth': 13, 'subsample': 0.8095563863833478, 'colsample_bytree': 0.7928158147940558, 'min_child_weight': 10}. Best is trial 6 with value: 1.7522246802750758.
[I 2026-03-29 22:08:57,971] Trial 17 finished with value: 1.76625759756449 and parameters: {'n_estimators': 1083, 'learning_rate': 0.06742367384158439, 'max_depth': 13, 'subsample': 0.8959111083316482, 'colsample_bytree': 0.8137671082678256, 'min_child_weight': 1}. Best is trial 6 with value: 1.7522246802750758.
[I 2026-03-29 22:09:00,528] Trial 18 finished with value: 2.009334319006328 and parameters: {'n_estimators': 1071, 'learning_rate': 0.0690050233933413, 'max_depth': 5, 'subsample': 0.9306197807151695, 'colsample_bytree': 0.8122841468411606, 'min_child_weight': 1}. Best is trial 6 with value: 1.7522246802750758.
[I 2026-03-29 22:09:03,606] Trial 19 finished with value: 1.8580229682290412 and parameters: {'n_estimators': 926, 'learning_rate': 0.09852663686896099, 'max_depth': 11, 'subsample': 0.9159840490848904, 'colsample_bytree': 0.6076665711466218, 'min_child_weight': 2}. Best is trial 6 with value: 1.7522246802750758.
[I 2026-03-29 22:09:06,927] Trial 20 finished with value: 1.8051360282488167 and parameters: {'n_estimators': 592, 'learning_rate': 0.014616409801174289, 'max_depth': 14, 'subsample': 0.896709046813265, 'colsample_bytree': 0.7699156892955776, 'min_child_weight': 3}. Best is trial 6 with value: 1.7522246802750758.
[I 2026-03-29 22:09:13,325] Trial 21 finished with value: 1.7532759237274582 and parameters: {'n_estimators': 1212, 'learning_rate': 0.05698878396952385, 'max_depth': 13, 'subsample': 0.8321273845823604, 'colsample_bytree': 0.8740001549533836, 'min_child_weight': 1}. Best is trial 6 with value: 1.7522246802750758.
[I 2026-03-29 22:09:19,094] Trial 22 finished with value: 1.7235931148146537 and parameters: {'n_estimators': 1198, 'learning_rate': 0.06206832463655184, 'max_depth': 14, 'subsample': 0.7775968740026474, 'colsample_bytree': 0.8345971447007581, 'min_child_weight': 1}. Best is trial 22 with value: 1.7235931148146537.
[I 2026-03-29 22:09:24,229] Trial 23 finished with value: 1.7662687285309253 and parameters: {'n_estimators': 1202, 'learning_rate': 0.03789462778318163, 'max_depth': 14, 'subsample': 0.754911965571069, 'colsample_bytree': 0.8391526694332331, 'min_child_weight': 3}. Best is trial 22 with value: 1.7235931148146537.
[I 2026-03-29 22:09:29,961] Trial 24 finished with value: 1.735239428485595 and parameters: {'n_estimators': 998, 'learning_rate': 0.05748352999215694, 'max_depth': 15, 'subsample': 0.7083886474882769, 'colsample_bytree': 0.8886336794924417, 'min_child_weight': 1}. Best is trial 22 with value: 1.7235931148146537.
[I 2026-03-29 22:09:34,456] Trial 25 finished with value: 1.7506621430351303 and parameters: {'n_estimators': 993, 'learning_rate': 0.028286967990781457, 'max_depth': 15, 'subsample': 0.6851009994439253, 'colsample_bytree': 0.8996652482439655, 'min_child_weight': 3}. Best is trial 22 with value: 1.7235931148146537.
[I 2026-03-29 22:09:38,259] Trial 26 finished with value: 1.7500469186768424 and parameters: {'n_estimators': 811, 'learning_rate': 0.0240290896328115, 'max_depth': 15, 'subsample': 0.6917020008725612, 'colsample_bytree': 0.962196587250426, 'min_child_weight': 3}. Best is trial 22 with value: 1.7235931148146537.
[I 2026-03-29 22:09:43,246] Trial 27 finished with value: 1.789407877897493 and parameters: {'n_estimators': 841, 'learning_rate': 0.005317026748569397, 'max_depth': 15, 'subsample': 0.7106231836861744, 'colsample_bytree': 0.9747742176569761, 'min_child_weight': 2}. Best is trial 22 with value: 1.7235931148146537.
[I 2026-03-29 22:09:46,612] Trial 28 finished with value: 1.7751438248862066 and parameters: {'n_estimators': 735, 'learning_rate': 0.02502696102002507, 'max_depth': 14, 'subsample': 0.765346020311767, 'colsample_bytree': 0.9323109111191742, 'min_child_weight': 3}. Best is trial 22 with value: 1.7235931148146537.
[I 2026-03-29 22:09:50,792] Trial 29 finished with value: 1.7900775213670526 and parameters: {'n_estimators': 851, 'learning_rate': 0.08627788763539748, 'max_depth': 15, 'subsample': 0.6571348560741241, 'colsample_bytree': 0.9536873134953089, 'min_child_weight': 2}. Best is trial 22 with value: 1.7235931148146537.
[I 2026-03-29 22:09:52,185] Trial 30 finished with value: 1.9298289424751929 and parameters: {'n_estimators': 417, 'learning_rate': 0.012984898568155188, 'max_depth': 10, 'subsample': 0.7052154082020801, 'colsample_bytree': 0.9519663164422357, 'min_child_weight': 5}. Best is trial 22 with value: 1.7235931148146537.
[I 2026-03-29 22:09:56,797] Trial 31 finished with value: 1.759566201834629 and parameters: {'n_estimators': 1005, 'learning_rate': 0.02664566574188064, 'max_depth': 15, 'subsample': 0.6762661688689199, 'colsample_bytree': 0.9048840788840309, 'min_child_weight': 3}. Best is trial 22 with value: 1.7235931148146537.
[I 2026-03-29 22:10:03,040] Trial 32 finished with value: 1.7004988576431312 and parameters: {'n_estimators': 1038, 'learning_rate': 0.018297248641772047, 'max_depth': 14, 'subsample': 0.6402342426617083, 'colsample_bytree': 0.9976209550032239, 'min_child_weight': 1}. Best is trial 32 with value: 1.7004988576431312.
[I 2026-03-29 22:10:09,087] Trial 33 finished with value: 1.7117603048351524 and parameters: {'n_estimators': 1062, 'learning_rate': 0.019037483837932204, 'max_depth': 14, 'subsample': 0.636205106519644, 'colsample_bytree': 0.9999219928310634, 'min_child_weight': 1}. Best is trial 32 with value: 1.7004988576431312.
[I 2026-03-29 22:10:13,688] Trial 34 finished with value: 1.7363565682123105 and parameters: {'n_estimators': 1098, 'learning_rate': 0.01974476953617626, 'max_depth': 12, 'subsample': 0.6326965603847609, 'colsample_bytree': 0.9942849368268187, 'min_child_weight': 1}. Best is trial 32 with value: 1.7004988576431312.
[I 2026-03-29 22:10:20,668] Trial 35 finished with value: 1.7333125013409967 and parameters: {'n_estimators': 1393, 'learning_rate': 0.0128425309431527, 'max_depth': 14, 'subsample': 0.7405752112708194, 'colsample_bytree': 0.9997497296113538, 'min_child_weight': 2}. Best is trial 32 with value: 1.7004988576431312.
[I 2026-03-29 22:10:27,460] Trial 36 finished with value: 1.7336281396424318 and parameters: {'n_estimators': 1368, 'learning_rate': 0.011931366511679028, 'max_depth': 14, 'subsample': 0.7438107779089695, 'colsample_bytree': 0.9887591040465261, 'min_child_weight': 2}. Best is trial 32 with value: 1.7004988576431312.
[I 2026-03-29 22:10:34,115] Trial 37 finished with value: 1.8376673149587452 and parameters: {'n_estimators': 1400, 'learning_rate': 0.007874528328703358, 'max_depth': 14, 'subsample': 0.6508214172661225, 'colsample_bytree': 0.693636156582391, 'min_child_weight': 2}. Best is trial 32 with value: 1.7004988576431312.
[I 2026-03-29 22:10:37,204] Trial 38 finished with value: 1.9470377203035238 and parameters: {'n_estimators': 1193, 'learning_rate': 0.017000001367902116, 'max_depth': 7, 'subsample': 0.7908356729832638, 'colsample_bytree': 0.7431808330132215, 'min_child_weight': 1}. Best is trial 32 with value: 1.7004988576431312.
[I 2026-03-29 22:10:42,705] Trial 39 finished with value: 1.7710202922971674 and parameters: {'n_estimators': 1270, 'learning_rate': 0.00872537988007403, 'max_depth': 12, 'subsample': 0.7271178113047481, 'colsample_bytree': 0.9715604423858191, 'min_child_weight': 2}. Best is trial 32 with value: 1.7004988576431312.
[I 2026-03-29 22:10:48,616] Trial 40 finished with value: 1.76300462979054 and parameters: {'n_estimators': 1408, 'learning_rate': 0.014714615149909589, 'max_depth': 14, 'subsample': 0.6001416759746424, 'colsample_bytree': 0.9436138969677922, 'min_child_weight': 4}. Best is trial 32 with value: 1.7004988576431312.
[I 2026-03-29 22:10:55,442] Trial 41 finished with value: 1.7259878441926253 and parameters: {'n_estimators': 1351, 'learning_rate': 0.012849750248488848, 'max_depth': 14, 'subsample': 0.7460601021851977, 'colsample_bytree': 0.9990853650269882, 'min_child_weight': 2}. Best is trial 32 with value: 1.7004988576431312.
[I 2026-03-29 22:11:02,048] Trial 42 finished with value: 1.7096766786688968 and parameters: {'n_estimators': 1240, 'learning_rate': 0.020576018848983666, 'max_depth': 14, 'subsample': 0.7902777745827732, 'colsample_bytree': 0.9813898216507746, 'min_child_weight': 1}. Best is trial 32 with value: 1.7004988576431312.
[I 2026-03-29 22:11:07,811] Trial 43 finished with value: 1.7240459198506037 and parameters: {'n_estimators': 1257, 'learning_rate': 0.020173936493153608, 'max_depth': 13, 'subsample': 0.7836849804018189, 'colsample_bytree': 0.9840362013205602, 'min_child_weight': 1}. Best is trial 32 with value: 1.7004988576431312.
[I 2026-03-29 22:11:13,545] Trial 44 finished with value: 1.731166034837294 and parameters: {'n_estimators': 1244, 'learning_rate': 0.02162831896387157, 'max_depth': 13, 'subsample': 0.7967348875742137, 'colsample_bytree': 0.9758231418483488, 'min_child_weight': 1}. Best is trial 32 with value: 1.7004988576431312.
[I 2026-03-29 22:11:18,098] Trial 45 finished with value: 1.7980028630794442 and parameters: {'n_estimators': 1132, 'learning_rate': 0.033051283176760926, 'max_depth': 12, 'subsample': 0.7768259107922054, 'colsample_bytree': 0.6698070984077085, 'min_child_weight': 1}. Best is trial 32 with value: 1.7004988576431312.
[I 2026-03-29 22:11:22,994] Trial 46 finished with value: 1.7072422564959666 and parameters: {'n_estimators': 1049, 'learning_rate': 0.020527219541409434, 'max_depth': 13, 'subsample': 0.6301071246448819, 'colsample_bytree': 0.9374797029961178, 'min_child_weight': 1}. Best is trial 32 with value: 1.7004988576431312.
[I 2026-03-29 22:11:26,123] Trial 47 finished with value: 1.9191795177934556 and parameters: {'n_estimators': 1039, 'learning_rate': 0.01715228148425971, 'max_depth': 10, 'subsample': 0.9906016898784479, 'colsample_bytree': 0.9226485678771766, 'min_child_weight': 8}. Best is trial 32 with value: 1.7004988576431312.
[I 2026-03-29 22:11:28,811] Trial 48 finished with value: 1.818653447272229 and parameters: {'n_estimators': 944, 'learning_rate': 0.03043901628407397, 'max_depth': 9, 'subsample': 0.6155817351984079, 'colsample_bytree': 0.9395109583374666, 'min_child_weight': 1}. Best is trial 32 with value: 1.7004988576431312.
