[I 2026-03-24 22:03:41,945] Trial 49 finished with value: 1.7806702162507535 and parameters: {'n_estimators': 718, 'learning_rate': 0.03716617940413826, 'max_depth': 14, 'subsample': 0.9139487713506959, 'colsample_bytree': 0.9793280375307113, 'min_child_weight': 2}. Best is trial 45 with value: 1.7601078673852062.
✅ Tham số tối ưu nhất từ Optuna: {'n_estimators': 744, 'learning_rate': 0.03654112885775331, 'max_depth': 13, 'subsample': 0.8514366730432703, 'colsample_bytree': 0.8853292371725291, 'min_child_weight': 1}
MAE của mô hình XGBoost: 1.7986
R² của mô hình XGBoost: 0.9171
🥊 Đang so sánh... Champion MAE: 1.6245 vs Challenger MAE: 1.7986
🛡️ Champion bảo vệ ngôi vương. Giữ nguyên mô hình cũ.
[Tue 03/24/2026 22:03:45.98] [4/4] Dang dong bo AI Model (qua LFS) len GitHub... 
[main 1a0adb3] Auto-update AI Model: Tue 03/24/2026 22:03:47.16
 2 files changed, 348 insertions(+)
remote: This repository moved. Please use the new location:        
remote:   https://github.com/HieuNT316/hanoi-house-price-prediction.git        
To https://github.com/Alexus143/hanoi-house-price-prediction.git
   b01e451..1a0adb3  main -> main
========================================= 
[Wed 03/25/2026 22:00:02.38] [1/4] Dang cao chi tiet BĐS... 
🔍 Đang cấu hình Database với: postgres.kkwivuufxdewurmxtsto@aws-1-ap-southeast-1.pooler.supabase.com:5432/postgres

[DetailSpider] Khởi động luồng làm giàu dữ liệu (Limit: 50 bài/lượt)...
✅ Đã kết nối thành công tới PostgreSQL.
[Browser] Đang khởi tạo trình duyệt...
[Browser] Phát hiện Chrome (Windows): Version 139

[DetailSpider] Đang cào (1/24): https://batdongsan.com.vn/ban-nha-rieng-duong-yen-lo-phuong-yen-nghia-1-15/moi-xay-4-5-tang-36m2-chi-tu-5-4-ty-tai-ha-dong-pr43135158
  -> Lấy được 5/6 feature chi tiết.

[DetailSpider] Đang cào (2/24): https://batdongsan.com.vn/ban-nha-biet-thu-lien-ke-duong-le-trong-tan-phuong-phu-la-la-casta-van-phu/chinh-chu-ban-hoan-thien-sieu-dep-77m2-5t-noi-that-day-du-20-5ty-pr45124132
  -> Lấy được 6/6 feature chi tiết.

[DetailSpider] Đang cào (3/24): https://batdongsan.com.vn/ban-nha-rieng-duong-huyen-ky-phuong-phu-lam-1-15/30m2-xay-moi-4-5-tang-3pn-4wc-tu-4-4-ty-tai-ha-dong-pr43244704
  -> Lấy được 5/6 feature chi tiết.

[DetailSpider] Đang cào (4/24): https://batdongsan.com.vn/ban-nha-biet-thu-lien-ke-duong-to-huu-phuong-duong-noi-solasta-mansion-duong-noi/sieu-hoi-song-lap-ha-ong-chi-167tr-m2-re-hon-chung-cu-pr45378545
  -> Lấy được 6/6 feature chi tiết.

[DetailSpider] Đang cào (5/24): https://batdongsan.com.vn/ban-dat-duong-trinh-luong-phuong-phu-luong-3-15/chinh-chu-ban-lo-at-to-12-ha-ong-hn-pr45378542
  -> Lấy được 3/6 feature chi tiết.

[DetailSpider] Đang cào (6/24): https://batdongsan.com.vn/ban-can-ho-chung-cu-phuong-yen-nghia-1-ct2-yen-nghia/chinh-chu-gui-ban-nhanh-trong-tuan-90-3n2w-gia-soc-nhiet-5-5-ty-bao-toan-bo-thue-phi-pr45378491
  -> Lấy được 3/6 feature chi tiết.

[DetailSpider] Đang cào (7/24): https://batdongsan.com.vn/ban-nha-rieng-pho-phu-luong-phuong-phu-luong-3-15/chinh-chu-ban-45-m2-xay-moi-5-tang-thang-may-ha-dong-pr44823306
  -> Lấy được 4/6 feature chi tiết.

[DetailSpider] Đang cào (8/24): https://batdongsan.com.vn/ban-dat-duong-huyen-ky-phuong-phu-lam-1-15/chinh-chu-ban-at-ha-ong-49-5m2-so-o-gan-ql21b-vanh-ai-4-pr45390096
  -> Lấy được 0/6 feature chi tiết.

[DetailSpider] Đang cào (9/24): https://batdongsan.com.vn/ban-nha-biet-thu-lien-ke-duong-le-trong-tan-phuong-duong-noi-khu-do-thi-geleximco-le-trong-tan/tong-hop-cat-lo-ngop-bank-ban-gap-120m-18ty-154m-20ty-240m-32-ty-pr45379139
  -> Lấy được 1/6 feature chi tiết.

[DetailSpider] Đang cào (10/24): https://batdongsan.com.vn/ban-nha-rieng-duong-tran-phu-phuong-van-quan-15/hiem-ban-dep-7-tang-thang-may-kinh-doanh-oto-tranh-dt-34m-ha-dong-pr44744481
  -> Lấy được 3/6 feature chi tiết.

[DetailSpider] Đang cào (11/24): https://batdongsan.com.vn/ban-nha-rieng-duong-hoa-binh-1-phuong-yen-nghia-1-15/ban-ha-dong-ha-noi-5-6-ty-40-6m2-o-to-do-cong-pr44361041
  -> Lấy được 6/6 feature chi tiết.

[DetailSpider] Đang cào (12/24): https://batdongsan.com.vn/ban-nha-rieng-duong-yen-lo-phuong-yen-nghia-1-15/toi-can-ban-5-tang-50-6m-thang-may-ngo-rong-do-o-to-quanh-nam-dep-nhat-khu-vuc-pr44752142
  -> Lấy được 6/6 feature chi tiết.

[DetailSpider] Đang cào (13/24): https://batdongsan.com.vn/ban-can-ho-chung-cu-phuong-mo-lao-mulberry-lane/ban-133m2-tai-10-ty-3pn-2wc-gia-tot-lien-he-xem-nha-pr45393713
  -> Lấy được 2/6 feature chi tiết.

[DetailSpider] Đang cào (14/24): https://batdongsan.com.vn/ban-can-ho-chung-cu-phuong-la-khe-khu-do-thi-van-khe/chinh-chu-ban-3pn-103m2-tai-ct2-full-noi-that-moi-dep-tai-kdt-ha-dong-pr44540562
  -> Lấy được 3/6 feature chi tiết.

[DetailSpider] Đang cào (15/24): https://batdongsan.com.vn/ban-can-ho-chung-cu-duong-to-huu-phuong-la-khe-the-charm-an-hung/chinh-chu-ban-2pn-ky-hieu-b1909-09-tang-19-gia-chi-6-4x-ty-ko-chap-ngan-hang-pr45391692
  -> Lấy được 3/6 feature chi tiết.

[DetailSpider] Đang cào (16/24): https://batdongsan.com.vn/ban-can-ho-chung-cu-pho-cau-am-phuong-van-phuc-1-goldsilk-complex/ban-4-pn-128m2-pr45390914
  -> Lấy được 2/6 feature chi tiết.

[DetailSpider] Đang cào (17/24): https://batdongsan.com.vn/ban-nha-biet-thu-lien-ke-duong-le-trong-tan-phuong-phu-la-la-casta-van-phu/ban-can-lacasta-k-t-duy-nhat-con-lai-kd-sam-uat-5tang-5m-mat-tien-gia-au-tu-lh-pr45386767
  -> Lấy được 6/6 feature chi tiết.

[DetailSpider] Đang cào (18/24): https://batdongsan.com.vn/ban-nha-rieng-phuong-mo-lao/phan-lo-o-to-tranh-dien-tich-50m-gia-nhinh-12-ty-san-so-lh-em-trang-pr45385699
  -> Lấy được 3/6 feature chi tiết.

[DetailSpider] Đang cào (19/24): https://batdongsan.com.vn/ban-nha-biet-thu-lien-ke-phuong-phu-la-khu-do-thi-moi-van-phu/quy-can-o-30-can-va-8-can-gia-tu-15-ty-100-ty-he-em-vinh-pr45385371
  -> Lấy được 6/6 feature chi tiết.

[DetailSpider] Đang cào (20/24): https://batdongsan.com.vn/ban-can-ho-chung-cu-duong-to-huu-phuong-la-khe-the-pride/ban-ch-ha-dong-6-6-ty-103m2-view-dep-pr44893134
  -> Lấy được 2/6 feature chi tiết.

[DetailSpider] Đang cào (21/24): https://batdongsan.com.vn/ban-nha-biet-thu-lien-ke-phuong-van-quan/ban-lk-lo-goc-mat-tien-quyen-luc-via-he-rong-dien-tich-135m-vi-tri-trung-tam-pr45383757
  -> Lấy được 5/6 feature chi tiết.

[DetailSpider] Đang cào (22/24): https://batdongsan.com.vn/ban-nha-rieng-phuong-yen-nghia-1/lo-goc-o-to-o-cua-4-tang-45m2-chi-4-6-ty-gan-truong-h-kiem-sat-hn-di-chuyen-ql6-chi-3p-pr45383264
  -> Lấy được 5/6 feature chi tiết.

[DetailSpider] Đang cào (23/24): https://batdongsan.com.vn/ban-nha-mat-pho-duong-to-hien-thanh-phuong-van-quan-15/hiem-ban-lo-goc-o-tranh-via-he-kinh-doanh-inh-lh-pr45380706
  -> Lấy được 3/6 feature chi tiết.

[DetailSpider] Đang cào (24/24): https://batdongsan.com.vn/ban-nha-rieng-duong-an-hoa-phuong-mo-lao-15/cuc-hiem-ban-gap-dan-xay-40m-ngo-o-to-ao-sen-nguyen-van-loc-tran-phu-gia-nhinh-8-ty-pr45380404
  -> Lấy được 2/6 feature chi tiết.

[DetailSpider] Hoàn thành. Cập nhật thành công 24/24 bài đăng.
[Wed 03/25/2026 22:06:13.12] [2/4] Dang clean du lieu... 
🔍 Đang cấu hình Database với: postgres.kkwivuufxdewurmxtsto@aws-1-ap-southeast-1.pooler.supabase.com:5432/postgres
✅ Đã kết nối thành công tới PostgreSQL.
🔄 Upsert thành công 5464 bản ghi vào 'bds_hadong'.
✅ Đã cập nhật cột legal_status và furniture thành công.
[Wed 03/25/2026 22:06:20.67] [3/4] Dang huan luyen AI tren du lieu moi... 
🔍 Đang cấu hình Database với: postgres.kkwivuufxdewurmxtsto@aws-1-ap-southeast-1.pooler.supabase.com:5432/postgres
[I 2026-03-25 22:06:37,785] A new study created in memory with name: no-name-4a8eb92b-ca25-4d19-9baf-7ebebcb7ada0
✅ Đã kết nối thành công tới PostgreSQL.
  0%|          | 0/50 [00:00<?, ?it/s]D:\Python\realtime_estimate_tracker\venv_bds\lib\site-packages\xgboost\training.py:200: UserWarning: [22:06:38] WARNING: C:\actions-runner\_work\xgboost\xgboost\src\learner.cc:782: 
Parameters: { "devices", "task_type" } are not used.

  bst.update(dtrain, iteration=i, fobj=obj)
                                        0%|          | 0/50 [00:01<?, ?it/s]Best trial: 0. Best value: 1.80394:   0%|          | 0/50 [00:01<?, ?it/s]Best trial: 0. Best value: 1.80394:   2%|▏         | 1/50 [00:01<01:27,  1.78s/it]D:\Python\realtime_estimate_tracker\venv_bds\lib\site-packages\xgboost\training.py:200: UserWarning: [22:06:39] WARNING: C:\actions-runner\_work\xgboost\xgboost\src\learner.cc:782: 
Parameters: { "devices", "task_type" } are not used.

  bst.update(dtrain, iteration=i, fobj=obj)
                                                                                  Best trial: 0. Best value: 1.80394:   2%|▏         | 1/50 [00:06<01:27,  1.78s/it]Best trial: 0. Best value: 1.80394:   2%|▏         | 1/50 [00:06<01:27,  1.78s/it]Best trial: 0. Best value: 1.80394:   4%|▍         | 2/50 [00:06<02:36,  3.25s/it]D:\Python\realtime_estimate_tracker\venv_bds\lib\site-packages\xgboost\training.py:200: UserWarning: [22:06:43] WARNING: C:\actions-runner\_work\xgboost\xgboost\src\learner.cc:782: 
Parameters: { "devices", "task_type" } are not used.

  bst.update(dtrain, iteration=i, fobj=obj)
                                                                                  Best trial: 0. Best value: 1.80394:   4%|▍         | 2/50 [00:06<02:36,  3.25s/it]Best trial: 0. Best value: 1.80394:   4%|▍         | 2/50 [00:06<02:36,  3.25s/it]Best trial: 0. Best value: 1.80394:   6%|▌         | 3/50 [00:06<01:42,  2.18s/it]D:\Python\realtime_estimate_tracker\venv_bds\lib\site-packages\xgboost\training.py:200: UserWarning: [22:06:44] WARNING: C:\actions-runner\_work\xgboost\xgboost\src\learner.cc:782: 
Parameters: { "devices", "task_type" } are not used.

  bst.update(dtrain, iteration=i, fobj=obj)
                                                                                  Best trial: 0. Best value: 1.80394:   6%|▌         | 3/50 [00:08<01:42,  2.18s/it]Best trial: 0. Best value: 1.80394:   6%|▌         | 3/50 [00:08<01:42,  2.18s/it]Best trial: 0. Best value: 1.80394:   8%|▊         | 4/50 [00:08<01:23,  1.82s/it]D:\Python\realtime_estimate_tracker\venv_bds\lib\site-packages\xgboost\training.py:200: UserWarning: [22:06:46] WARNING: C:\actions-runner\_work\xgboost\xgboost\src\learner.cc:782: 
Parameters: { "devices", "task_type" } are not used.

  bst.update(dtrain, iteration=i, fobj=obj)
                                                                                  Best trial: 0. Best value: 1.80394:   8%|▊         | 4/50 [00:10<01:23,  1.82s/it]Best trial: 4. Best value: 1.72789:   8%|▊         | 4/50 [00:10<01:23,  1.82s/it]Best trial: 4. Best value: 1.72789:  10%|█         | 5/50 [00:10<01:32,  2.05s/it]D:\Python\realtime_estimate_tracker\venv_bds\lib\site-packages\xgboost\training.py:200: UserWarning: [22:06:48] WARNING: C:\actions-runner\_work\xgboost\xgboost\src\learner.cc:782: 
Parameters: { "devices", "task_type" } are not used.

  bst.update(dtrain, iteration=i, fobj=obj)
                                                                                  Best trial: 4. Best value: 1.72789:  10%|█         | 5/50 [00:14<01:32,  2.05s/it]Best trial: 4. Best value: 1.72789:  10%|█         | 5/50 [00:14<01:32,  2.05s/it]Best trial: 4. Best value: 1.72789:  12%|█▏        | 6/50 [00:14<01:58,  2.70s/it]D:\Python\realtime_estimate_tracker\venv_bds\lib\site-packages\xgboost\training.py:200: UserWarning: [22:06:52] WARNING: C:\actions-runner\_work\xgboost\xgboost\src\learner.cc:782: 
Parameters: { "devices", "task_type" } are not used.

  bst.update(dtrain, iteration=i, fobj=obj)
                                                                                  Best trial: 4. Best value: 1.72789:  12%|█▏        | 6/50 [00:18<01:58,  2.70s/it]Best trial: 4. Best value: 1.72789:  12%|█▏        | 6/50 [00:18<01:58,  2.70s/it]Best trial: 4. Best value: 1.72789:  14%|█▍        | 7/50 [00:18<02:08,  2.99s/it]D:\Python\realtime_estimate_tracker\venv_bds\lib\site-packages\xgboost\training.py:200: UserWarning: [22:06:56] WARNING: C:\actions-runner\_work\xgboost\xgboost\src\learner.cc:782: 
Parameters: { "devices", "task_type" } are not used.

  bst.update(dtrain, iteration=i, fobj=obj)
                                                                                  Best trial: 4. Best value: 1.72789:  14%|█▍        | 7/50 [00:22<02:08,  2.99s/it]Best trial: 4. Best value: 1.72789:  14%|█▍        | 7/50 [00:22<02:08,  2.99s/it]Best trial: 4. Best value: 1.72789:  16%|█▌        | 8/50 [00:22<02:18,  3.29s/it]D:\Python\realtime_estimate_tracker\venv_bds\lib\site-packages\xgboost\training.py:200: UserWarning: [22:06:59] WARNING: C:\actions-runner\_work\xgboost\xgboost\src\learner.cc:782: 
Parameters: { "devices", "task_type" } are not used.

  bst.update(dtrain, iteration=i, fobj=obj)
                                                                                  Best trial: 4. Best value: 1.72789:  16%|█▌        | 8/50 [00:24<02:18,  3.29s/it]Best trial: 4. Best value: 1.72789:  16%|█▌        | 8/50 [00:24<02:18,  3.29s/it]Best trial: 4. Best value: 1.72789:  18%|█▊        | 9/50 [00:24<02:04,  3.03s/it]D:\Python\realtime_estimate_tracker\venv_bds\lib\site-packages\xgboost\training.py:200: UserWarning: [22:07:02] WARNING: C:\actions-runner\_work\xgboost\xgboost\src\learner.cc:782: 
Parameters: { "devices", "task_type" } are not used.

  bst.update(dtrain, iteration=i, fobj=obj)
                                                                                  Best trial: 4. Best value: 1.72789:  18%|█▊        | 9/50 [00:26<02:04,  3.03s/it]Best trial: 4. Best value: 1.72789:  18%|█▊        | 9/50 [00:26<02:04,  3.03s/it]Best trial: 4. Best value: 1.72789:  20%|██        | 10/50 [00:26<01:45,  2.63s/it]D:\Python\realtime_estimate_tracker\venv_bds\lib\site-packages\xgboost\training.py:200: UserWarning: [22:07:04] WARNING: C:\actions-runner\_work\xgboost\xgboost\src\learner.cc:782: 
Parameters: { "devices", "task_type" } are not used.

  bst.update(dtrain, iteration=i, fobj=obj)
                                                                                   Best trial: 4. Best value: 1.72789:  20%|██        | 10/50 [00:30<01:45,  2.63s/it]Best trial: 4. Best value: 1.72789:  20%|██        | 10/50 [00:30<01:45,  2.63s/it]Best trial: 4. Best value: 1.72789:  22%|██▏       | 11/50 [00:30<02:06,  3.24s/it]D:\Python\realtime_estimate_tracker\venv_bds\lib\site-packages\xgboost\training.py:200: UserWarning: [22:07:08] WARNING: C:\actions-runner\_work\xgboost\xgboost\src\learner.cc:782: 
Parameters: { "devices", "task_type" } are not used.

  bst.update(dtrain, iteration=i, fobj=obj)
                                                                                   Best trial: 4. Best value: 1.72789:  22%|██▏       | 11/50 [00:33<02:06,  3.24s/it]Best trial: 4. Best value: 1.72789:  22%|██▏       | 11/50 [00:33<02:06,  3.24s/it]Best trial: 4. Best value: 1.72789:  24%|██▍       | 12/50 [00:33<01:57,  3.08s/it]D:\Python\realtime_estimate_tracker\venv_bds\lib\site-packages\xgboost\training.py:200: UserWarning: [22:07:11] WARNING: C:\actions-runner\_work\xgboost\xgboost\src\learner.cc:782: 
Parameters: { "devices", "task_type" } are not used.

  bst.update(dtrain, iteration=i, fobj=obj)
                                                                                   Best trial: 4. Best value: 1.72789:  24%|██▍       | 12/50 [00:36<01:57,  3.08s/it]Best trial: 12. Best value: 1.72701:  24%|██▍       | 12/50 [00:36<01:57,  3.08s/it]Best trial: 12. Best value: 1.72701:  26%|██▌       | 13/50 [00:36<01:45,  2.86s/it]D:\Python\realtime_estimate_tracker\venv_bds\lib\site-packages\xgboost\training.py:200: UserWarning: [22:07:13] WARNING: C:\actions-runner\_work\xgboost\xgboost\src\learner.cc:782: 
Parameters: { "devices", "task_type" } are not used.

  bst.update(dtrain, iteration=i, fobj=obj)
                                                                                    Best trial: 12. Best value: 1.72701:  26%|██▌       | 13/50 [00:38<01:45,  2.86s/it]Best trial: 12. Best value: 1.72701:  26%|██▌       | 13/50 [00:38<01:45,  2.86s/it]Best trial: 12. Best value: 1.72701:  28%|██▊       | 14/50 [00:38<01:35,  2.66s/it]D:\Python\realtime_estimate_tracker\venv_bds\lib\site-packages\xgboost\training.py:200: UserWarning: [22:07:16] WARNING: C:\actions-runner\_work\xgboost\xgboost\src\learner.cc:782: 
Parameters: { "devices", "task_type" } are not used.

  bst.update(dtrain, iteration=i, fobj=obj)
                                                                                    Best trial: 12. Best value: 1.72701:  28%|██▊       | 14/50 [00:40<01:35,  2.66s/it]Best trial: 14. Best value: 1.71535:  28%|██▊       | 14/50 [00:40<01:35,  2.66s/it]Best trial: 14. Best value: 1.71535:  30%|███       | 15/50 [00:40<01:27,  2.51s/it]D:\Python\realtime_estimate_tracker\venv_bds\lib\site-packages\xgboost\training.py:200: UserWarning: [22:07:18] WARNING: C:\actions-runner\_work\xgboost\xgboost\src\learner.cc:782: 
Parameters: { "devices", "task_type" } are not used.

  bst.update(dtrain, iteration=i, fobj=obj)
                                                                                    Best trial: 14. Best value: 1.71535:  30%|███       | 15/50 [00:42<01:27,  2.51s/it]Best trial: 14. Best value: 1.71535:  30%|███       | 15/50 [00:42<01:27,  2.51s/it]Best trial: 14. Best value: 1.71535:  32%|███▏      | 16/50 [00:42<01:21,  2.40s/it]D:\Python\realtime_estimate_tracker\venv_bds\lib\site-packages\xgboost\training.py:200: UserWarning: [22:07:20] WARNING: C:\actions-runner\_work\xgboost\xgboost\src\learner.cc:782: 
Parameters: { "devices", "task_type" } are not used.

  bst.update(dtrain, iteration=i, fobj=obj)
                                                                                    Best trial: 14. Best value: 1.71535:  32%|███▏      | 16/50 [00:44<01:21,  2.40s/it]Best trial: 14. Best value: 1.71535:  32%|███▏      | 16/50 [00:44<01:21,  2.40s/it]Best trial: 14. Best value: 1.71535:  34%|███▍      | 17/50 [00:44<01:13,  2.23s/it]D:\Python\realtime_estimate_tracker\venv_bds\lib\site-packages\xgboost\training.py:200: UserWarning: [22:07:22] WARNING: C:\actions-runner\_work\xgboost\xgboost\src\learner.cc:782: 
Parameters: { "devices", "task_type" } are not used.

  bst.update(dtrain, iteration=i, fobj=obj)
                                                                                    Best trial: 14. Best value: 1.71535:  34%|███▍      | 17/50 [00:47<01:13,  2.23s/it]Best trial: 14. Best value: 1.71535:  34%|███▍      | 17/50 [00:47<01:13,  2.23s/it]Best trial: 14. Best value: 1.71535:  36%|███▌      | 18/50 [00:47<01:21,  2.54s/it]D:\Python\realtime_estimate_tracker\venv_bds\lib\site-packages\xgboost\training.py:200: UserWarning: [22:07:25] WARNING: C:\actions-runner\_work\xgboost\xgboost\src\learner.cc:782: 
Parameters: { "devices", "task_type" } are not used.

  bst.update(dtrain, iteration=i, fobj=obj)
                                                                                    Best trial: 14. Best value: 1.71535:  36%|███▌      | 18/50 [00:49<01:21,  2.54s/it]Best trial: 14. Best value: 1.71535:  36%|███▌      | 18/50 [00:49<01:21,  2.54s/it]Best trial: 14. Best value: 1.71535:  38%|███▊      | 19/50 [00:49<01:10,  2.26s/it]D:\Python\realtime_estimate_tracker\venv_bds\lib\site-packages\xgboost\training.py:200: UserWarning: [22:07:27] WARNING: C:\actions-runner\_work\xgboost\xgboost\src\learner.cc:782: 
Parameters: { "devices", "task_type" } are not used.

  bst.update(dtrain, iteration=i, fobj=obj)
                                                                                    Best trial: 14. Best value: 1.71535:  38%|███▊      | 19/50 [00:50<01:10,  2.26s/it]Best trial: 14. Best value: 1.71535:  38%|███▊      | 19/50 [00:50<01:10,  2.26s/it]Best trial: 14. Best value: 1.71535:  40%|████      | 20/50 [00:50<01:01,  2.04s/it]D:\Python\realtime_estimate_tracker\venv_bds\lib\site-packages\xgboost\training.py:200: UserWarning: [22:07:28] WARNING: C:\actions-runner\_work\xgboost\xgboost\src\learner.cc:782: 
Parameters: { "devices", "task_type" } are not used.

  bst.update(dtrain, iteration=i, fobj=obj)
                                                                                    Best trial: 14. Best value: 1.71535:  40%|████      | 20/50 [00:54<01:01,  2.04s/it]Best trial: 14. Best value: 1.71535:  40%|████      | 20/50 [00:54<01:01,  2.04s/it]Best trial: 14. Best value: 1.71535:  42%|████▏     | 21/50 [00:54<01:09,  2.40s/it]D:\Python\realtime_estimate_tracker\venv_bds\lib\site-packages\xgboost\training.py:200: UserWarning: [22:07:31] WARNING: C:\actions-runner\_work\xgboost\xgboost\src\learner.cc:782: 
Parameters: { "devices", "task_type" } are not used.

  bst.update(dtrain, iteration=i, fobj=obj)
                                                                                    Best trial: 14. Best value: 1.71535:  42%|████▏     | 21/50 [00:56<01:09,  2.40s/it]Best trial: 14. Best value: 1.71535:  42%|████▏     | 21/50 [00:56<01:09,  2.40s/it]Best trial: 14. Best value: 1.71535:  44%|████▍     | 22/50 [00:56<01:05,  2.35s/it]D:\Python\realtime_estimate_tracker\venv_bds\lib\site-packages\xgboost\training.py:200: UserWarning: [22:07:34] WARNING: C:\actions-runner\_work\xgboost\xgboost\src\learner.cc:782: 
Parameters: { "devices", "task_type" } are not used.

  bst.update(dtrain, iteration=i, fobj=obj)
                                                                                    Best trial: 14. Best value: 1.71535:  44%|████▍     | 22/50 [00:58<01:05,  2.35s/it]Best trial: 14. Best value: 1.71535:  44%|████▍     | 22/50 [00:58<01:05,  2.35s/it]Best trial: 14. Best value: 1.71535:  46%|████▌     | 23/50 [00:58<01:05,  2.44s/it]D:\Python\realtime_estimate_tracker\venv_bds\lib\site-p