[I 2026-03-08 22:08:15,142] Trial 49 finished with value: 1.937531717516361 and parameters: {'n_estimators': 1094, 'learning_rate': 0.022119516316263656, 'max_depth': 11, 'subsample': 0.8510023966470773, 'colsample_bytree': 0.7781647135005446, 'min_child_weight': 3}. Best is trial 33 with value: 1.8053147615343188.
✅ Tham số tối ưu nhất từ Optuna: {'n_estimators': 737, 'learning_rate': 0.014576653911643212, 'max_depth': 15, 'subsample': 0.7333895704249923, 'colsample_bytree': 0.923957365067191, 'min_child_weight': 1}
MAE của mô hình XGBoost: 1.8053
R² của mô hình XGBoost: 0.9131
🥊 Đang so sánh... Champion MAE: 1.6976 vs Challenger MAE: 1.8053
🛡️ Champion bảo vệ ngôi vương. Giữ nguyên mô hình cũ.
[Sun 03/08/2026 22:08:19.96] [4/4] Dang dong bo AI Model (qua LFS) len GitHub... 
[main 0481794] Auto-update AI Model: Sun 03/08/2026 22:08:20.89
 3 files changed, 150 insertions(+)
remote: This repository moved. Please use the new location:        
remote:   https://github.com/HieuNT316/hanoi-house-price-prediction.git        
To https://github.com/Alexus143/hanoi-house-price-prediction.git
   c631bfb..0481794  main -> main
========================================= 
[Mon 03/09/2026 22:00:02.17] [1/4] Dang cao chi tiet BĐS... 
🔍 Đang cấu hình Database với: postgres.kkwivuufxdewurmxtsto@aws-1-ap-southeast-1.pooler.supabase.com:5432/postgres

[DetailSpider] Khởi động luồng làm giàu dữ liệu (Limit: 50 bài/lượt)...
✅ Đã kết nối thành công tới PostgreSQL.
[Browser] Đang khởi tạo trình duyệt...
[Browser] Phát hiện Chrome (Windows): Version 139

[DetailSpider] Đang cào (1/14): https://batdongsan.com.vn/ban-can-ho-chung-cu-duong-to-huu-phuong-duong-noi-xuan-mai-sparks-tower/chinh-chu-em-ban-hh2e-71-6m2-so-o-gia-4-55-ty-that-cuc-ep-pr45263104
  -> Lấy được 3/6 feature chi tiết.

[DetailSpider] Đang cào (2/14): https://batdongsan.com.vn/ban-nha-mat-pho-duong-tran-phu-phuong-quang-trung-17-15/ha-ong-40-ty-ga-e-vang-toa-van-phong-10-tang-ha-ong-dong-tien-2-ty-nam-pr45262733
  -> Lấy được 3/6 feature chi tiết.

[DetailSpider] Đang cào (3/14): https://batdongsan.com.vn/ban-dat-duong-tran-phu-phuong-mo-lao-15/can-ban-nhanh-can-nha-co-the-dau-tu-kinh-doanh-tai-phu-pr45042519
  -> Lấy được 4/6 feature chi tiết.

[DetailSpider] Đang cào (4/14): https://batdongsan.com.vn/ban-can-ho-chung-cu-phuong-la-khe-parc-regent/chinh-chu-ban-ep-view-ep-ban-cong-sieu-rong-pr45257704
  -> Lấy được 3/6 feature chi tiết.

[DetailSpider] Đang cào (5/14): https://batdongsan.com.vn/ban-nha-rieng-duong-la-duong-phuong-duong-noi-15/chi-12-ty-so-huu-ngay-dep-o-to-tranh-do-cua-dien-tich-50m2x5t-mt-4-5m-pr45118055
  -> Lấy được 5/6 feature chi tiết.

[DetailSpider] Đang cào (6/14): https://batdongsan.com.vn/ban-nha-mat-pho-duong-quang-trung-phuong-van-quan-15/sieu-pham-tien-10m-lo-goc-kinh-doanh-inh-nhat-ha-ong-gia-nhinh-10-ty-pr45263069
  -> Lấy được 2/6 feature chi tiết.

[DetailSpider] Đang cào (7/14): https://batdongsan.com.vn/ban-nha-rieng-duong-tran-phu-phuong-mo-lao-15/ban-gap-toa-chdv-117m2-8-tang-27pkk-doanh-thu-khung-gia-chi-25-ty-pr45262743
  -> Lấy được 2/6 feature chi tiết.

[DetailSpider] Đang cào (8/14): https://batdongsan.com.vn/ban-can-ho-chung-cu-phuong-duong-noi-the-sparks/em-chinh-chu-ban-nhanh-3pn-toa-ct8a-ha-dong-full-that-ban-cong-dong-nam-pr44514453
  -> Lấy được 3/6 feature chi tiết.

[DetailSpider] Đang cào (9/14): https://batdongsan.com.vn/ban-nha-biet-thu-lien-ke-duong-to-huu-phuong-duong-noi-solasta-mansion-duong-noi/3-suat-duy-nhat-chiet-khau-18-5-tren-tong-gia-pr39073399
  -> Lấy được 6/6 feature chi tiết.

[DetailSpider] Đang cào (10/14): https://batdongsan.com.vn/ban-nha-rieng-duong-pho-lua-phuong-van-phuc-1-15/ban-30m2-9-5-ty-tai-ha-ong-ha-noi-hot-pr45204779
  -> Lấy được 5/6 feature chi tiết.

[DetailSpider] Đang cào (11/14): https://batdongsan.com.vn/ban-dat-duong-yen-lo-phuong-yen-nghia-1-15/chinh-chu-ban-3-manh-32-33-35-m2-ngo-113-to-13-ha-dong-hn-pr44813620
  -> Lấy được 2/6 feature chi tiết.

[DetailSpider] Đang cào (12/14): https://batdongsan.com.vn/ban-nha-rieng-pho-ba-trieu-phuong-ha-cau-15/ep-q-ong-8-45-ty-35m-chinh-chu-noi-that-vip-o-to-7-cho-qua-nha-pr45259485
  -> Lấy được 5/6 feature chi tiết.

[DetailSpider] Đang cào (13/14): https://batdongsan.com.vn/ban-nha-rieng-duong-da-sy-phuong-ha-cau-15/hon-8-ty-tri-4-ong-dt-37m-oto-thong-pr45259170
  -> Lấy được 4/6 feature chi tiết.

[DetailSpider] Đang cào (14/14): https://batdongsan.com.vn/ban-can-ho-chung-cu-duong-to-huu-phuong-la-khe-the-pride/ban-2228-ct1-103m2-ha-ong-ha-noi-pr45245706
  -> Lấy được 3/6 feature chi tiết.

[DetailSpider] Hoàn thành. Cập nhật thành công 14/14 bài đăng.
[Mon 03/09/2026 22:03:57.72] [2/4] Dang clean du lieu... 
🔍 Đang cấu hình Database với: postgres.kkwivuufxdewurmxtsto@aws-1-ap-southeast-1.pooler.supabase.com:5432/postgres
✅ Đã kết nối thành công tới PostgreSQL.
🔄 Upsert thành công 5256 bản ghi vào 'bds_hadong'.
✅ Đã cập nhật cột legal_status và furniture thành công.
[Mon 03/09/2026 22:04:10.16] [3/4] Dang huan luyen AI tren du lieu moi... 
🔍 Đang cấu hình Database với: postgres.kkwivuufxdewurmxtsto@aws-1-ap-southeast-1.pooler.supabase.com:5432/postgres
[I 2026-03-09 22:04:36,831] A new study created in memory with name: no-name-e895b02a-f0d5-46f4-8a54-d7e4c86fb91a
✅ Đã kết nối thành công tới PostgreSQL.
  0%|          | 0/50 [00:00<?, ?it/s]D:\Python\realtime_estimate_tracker\venv_bds\lib\site-packages\xgboost\training.py:200: UserWarning: [22:04:37] WARNING: C:\actions-runner\_work\xgboost\xgboost\src\learner.cc:782: 
Parameters: { "devices", "task_type" } are not used.

  bst.update(dtrain, iteration=i, fobj=obj)
                                        0%|          | 0/50 [00:04<?, ?it/s]Best trial: 0. Best value: 2.02609:   0%|          | 0/50 [00:04<?, ?it/s]Best trial: 0. Best value: 2.02609:   2%|▏         | 1/50 [00:04<03:45,  4.60s/it]D:\Python\realtime_estimate_tracker\venv_bds\lib\site-packages\xgboost\training.py:200: UserWarning: [22:04:41] WARNING: C:\actions-runner\_work\xgboost\xgboost\src\learner.cc:782: 
Parameters: { "devices", "task_type" } are not used.

  bst.update(dtrain, iteration=i, fobj=obj)
                                                                                  Best trial: 0. Best value: 2.02609:   2%|▏         | 1/50 [00:07<03:45,  4.60s/it]Best trial: 0. Best value: 2.02609:   2%|▏         | 1/50 [00:07<03:45,  4.60s/it]Best trial: 0. Best value: 2.02609:   4%|▍         | 2/50 [00:07<02:59,  3.73s/it]D:\Python\realtime_estimate_tracker\venv_bds\lib\site-packages\xgboost\training.py:200: UserWarning: [22:04:44] WARNING: C:\actions-runner\_work\xgboost\xgboost\src\learner.cc:782: 
Parameters: { "devices", "task_type" } are not used.

  bst.update(dtrain, iteration=i, fobj=obj)
                                                                                  Best trial: 0. Best value: 2.02609:   4%|▍         | 2/50 [00:10<02:59,  3.73s/it]Best trial: 0. Best value: 2.02609:   4%|▍         | 2/50 [00:10<02:59,  3.73s/it]Best trial: 0. Best value: 2.02609:   6%|▌         | 3/50 [00:10<02:35,  3.31s/it]D:\Python\realtime_estimate_tracker\venv_bds\lib\site-packages\xgboost\training.py:200: UserWarning: [22:04:47] WARNING: C:\actions-runner\_work\xgboost\xgboost\src\learner.cc:782: 
Parameters: { "devices", "task_type" } are not used.

  bst.update(dtrain, iteration=i, fobj=obj)
                                                                                  Best trial: 0. Best value: 2.02609:   6%|▌         | 3/50 [00:11<02:35,  3.31s/it]Best trial: 0. Best value: 2.02609:   6%|▌         | 3/50 [00:11<02:35,  3.31s/it]Best trial: 0. Best value: 2.02609:   8%|▊         | 4/50 [00:11<01:56,  2.52s/it]D:\Python\realtime_estimate_tracker\venv_bds\lib\site-packages\xgboost\training.py:200: UserWarning: [22:04:48] WARNING: C:\actions-runner\_work\xgboost\xgboost\src\learner.cc:782: 
Parameters: { "devices", "task_type" } are not used.

  bst.update(dtrain, iteration=i, fobj=obj)
                                                                                  Best trial: 0. Best value: 2.02609:   8%|▊         | 4/50 [00:13<01:56,  2.52s/it]Best trial: 0. Best value: 2.02609:   8%|▊         | 4/50 [00:13<01:56,  2.52s/it]Best trial: 0. Best value: 2.02609:  10%|█         | 5/50 [00:13<01:46,  2.36s/it]D:\Python\realtime_estimate_tracker\venv_bds\lib\site-packages\xgboost\training.py:200: UserWarning: [22:04:50] WARNING: C:\actions-runner\_work\xgboost\xgboost\src\learner.cc:782: 
Parameters: { "devices", "task_type" } are not used.

  bst.update(dtrain, iteration=i, fobj=obj)
                                                                                  Best trial: 0. Best value: 2.02609:  10%|█         | 5/50 [00:17<01:46,  2.36s/it]Best trial: 5. Best value: 2.00454:  10%|█         | 5/50 [00:17<01:46,  2.36s/it]Best trial: 5. Best value: 2.00454:  12%|█▏        | 6/50 [00:17<02:09,  2.94s/it]D:\Python\realtime_estimate_tracker\venv_bds\lib\site-packages\xgboost\training.py:200: UserWarning: [22:04:54] WARNING: C:\actions-runner\_work\xgboost\xgboost\src\learner.cc:782: 
Parameters: { "devices", "task_type" } are not used.

  bst.update(dtrain, iteration=i, fobj=obj)
                                                                                  Best trial: 5. Best value: 2.00454:  12%|█▏        | 6/50 [00:21<02:09,  2.94s/it]Best trial: 5. Best value: 2.00454:  12%|█▏        | 6/50 [00:21<02:09,  2.94s/it]Best trial: 5. Best value: 2.00454:  14%|█▍        | 7/50 [00:21<02:18,  3.22s/it]D:\Python\realtime_estimate_tracker\venv_bds\lib\site-packages\xgboost\training.py:200: UserWarning: [22:04:58] WARNING: C:\actions-runner\_work\xgboost\xgboost\src\learner.cc:782: 
Parameters: { "devices", "task_type" } are not used.

  bst.update(dtrain, iteration=i, fobj=obj)
                                                                                  Best trial: 5. Best value: 2.00454:  14%|█▍        | 7/50 [00:23<02:18,  3.22s/it]Best trial: 5. Best value: 2.00454:  14%|█▍        | 7/50 [00:23<02:18,  3.22s/it]Best trial: 5. Best value: 2.00454:  16%|█▌        | 8/50 [00:23<01:55,  2.74s/it]D:\Python\realtime_estimate_tracker\venv_bds\lib\site-packages\xgboost\training.py:200: UserWarning: [22:05:00] WARNING: C:\actions-runner\_work\xgboost\xgboost\src\learner.cc:782: 
Parameters: { "devices", "task_type" } are not used.

  bst.update(dtrain, iteration=i, fobj=obj)
                                                                                  Best trial: 5. Best value: 2.00454:  16%|█▌        | 8/50 [00:24<01:55,  2.74s/it]Best trial: 5. Best value: 2.00454:  16%|█▌        | 8/50 [00:24<01:55,  2.74s/it]Best trial: 5. Best value: 2.00454:  18%|█▊        | 9/50 [00:24<01:27,  2.13s/it]D:\Python\realtime_estimate_tracker\venv_bds\lib\site-packages\xgboost\training.py:200: UserWarning: [22:05:01] WARNING: C:\actions-runner\_work\xgboost\xgboost\src\learner.cc:782: 
Parameters: { "devices", "task_type" } are not used.

  bst.update(dtrain, iteration=i, fobj=obj)
                                                                                  Best trial: 5. Best value: 2.00454:  18%|█▊        | 9/50 [00:26<01:27,  2.13s/it]Best trial: 5. Best value: 2.00454:  18%|█▊        | 9/50 [00:26<01:27,  2.13s/it]Best trial: 5. Best value: 2.00454:  20%|██        | 10/50 [00:26<01:20,  2.02s/it]D:\Python\realtime_estimate_tracker\venv_bds\lib\site-packages\xgboost\training.py:200: UserWarning: [22:05:02] WARNING: C:\actions-runner\_work\xgboost\xgboost\src\learner.cc:782: 
Parameters: { "devices", "task_type" } are not used.

  bst.update(dtrain, iteration=i, fobj=obj)
                                                                                   Best trial: 5. Best value: 2.00454:  20%|██        | 10/50 [00:33<01:20,  2.02s/it]Best trial: 10. Best value: 1.91762:  20%|██        | 10/50 [00:33<01:20,  2.02s/it]Best trial: 10. Best value: 1.91762:  22%|██▏       | 11/50 [00:33<02:23,  3.69s/it]D:\Python\realtime_estimate_tracker\venv_bds\lib\site-packages\xgboost\training.py:200: UserWarning: [22:05:10] WARNING: C:\actions-runner\_work\xgboost\xgboost\src\learner.cc:782: 
Parameters: { "devices", "task_type" } are not used.

  bst.update(dtrain, iteration=i, fobj=obj)
                                                                                    Best trial: 10. Best value: 1.91762:  22%|██▏       | 11/50 [00:41<02:23,  3.69s/it]Best trial: 11. Best value: 1.90074:  22%|██▏       | 11/50 [00:41<02:23,  3.69s/it]Best trial: 11. Best value: 1.90074:  24%|██▍       | 12/50 [00:41<03:07,  4.94s/it]D:\Python\realtime_estimate_tracker\venv_bds\lib\site-packages\xgboost\training.py:200: UserWarning: [22:05:18] WARNING: C:\actions-runner\_work\xgboost\xgboost\src\learner.cc:782: 
Parameters: { "devices", "task_type" } are not used.

  bst.update(dtrain, iteration=i, fobj=obj)
                                                                                    Best trial: 11. Best value: 1.90074:  24%|██▍       | 12/50 [00:48<03:07,  4.94s/it]Best trial: 12. Best value: 1.88754:  24%|██▍       | 12/50 [00:48<03:07,  4.94s/it]Best trial: 12. Best value: 1.88754:  26%|██▌       | 13/50 [00:48<03:31,  5.72s/it]D:\Python\realtime_estimate_tracker\venv_bds\lib\site-packages\xgboost\training.py:200: UserWarning: [22:05:25] WARNING: C:\actions-runner\_work\xgboost\xgboost\src\learner.cc:782: 
Parameters: { "devices", "task_type" } are not used.

  bst.update(dtrain, iteration=i, fobj=obj)
                                                                                    Best trial: 12. Best value: 1.88754:  26%|██▌       | 13/50 [00:54<03:31,  5.72s/it]Best trial: 12. Best value: 1.88754:  26%|██▌       | 13/50 [00:54<03:31,  5.72s/it]Best trial: 12. Best value: 1.88754:  28%|██▊       | 14/50 [00:54<03:25,  5.71s/it]D:\Python\realtime_estimate_tracker\venv_bds\lib\site-packages\xgboost\training.py:200: UserWarning: [22:05:31] WARNING: C:\actions-runner\_work\xgboost\xgboost\src\learner.cc:782: 
Parameters: { "devices", "task_type" } are not used.

  bst.update(dtrain, iteration=i, fobj=obj)
                                                                                    Best trial: 12. Best value: 1.88754:  28%|██▊       | 14/50 [01:00<03:25,  5.71s/it]Best trial: 12. Best value: 1.88754:  28%|██▊       | 14/50 [01:00<03:25,  5.71s/it]Best trial: 12. Best value: 1.88754:  30%|███       | 15/50 [01:00<03:26,  5.89s/it]D:\Python\realtime_estimate_tracker\venv_bds\lib\site-packages\xgboost\training.py:200: UserWarning: [22:05:37] WARNING: C:\actions-runner\_work\xgboost\xgboost\src\learner.cc:782: 
Parameters: { "devices", "task_type" } are not used.

  bst.update(dtrain, iteration=i, fobj=obj)
                                                                                    Best trial: 12. Best value: 1.88754:  30%|███       | 15/50 [01:07<03:26,  5.89s/it]Best trial: 12. Best value: 1.88754:  30%|███       | 15/50 [01:07<03:26,  5.89s/it]Best trial: 12. Best value: 1.88754:  32%|███▏      | 16/50 [01:07<03:23,  5.99s/it]D:\Python\realtime_estimate_tracker\venv_bds\lib\site-packages\xgboost\training.py:200: UserWarning: [22:05:43] WARNING: C:\actions-runner\_work\xgboost\xgboost\src\learner.cc:782: 
Parameters: { "devices", "task_type" } are not used.

  bst.update(dtrain, iteration=i, fobj=obj)
                                                                                    Best trial: 12. Best value: 1.88754:  32%|███▏      | 16/50 [01:09<03:23,  5.99s/it]Best trial: 12. Best value: 1.88754:  32%|███▏      | 16/50 [01:09<03:23,  5.99s/it]Best trial: 12. Best value: 1.88754:  34%|███▍      | 17/50 [01:09<02:46,  5.04s/it]D:\Python\realtime_estimate_tracker\venv_bds\lib\site-packages\xgboost\training.py:200: UserWarning: [22:05:46] WARNING: C:\actions-runner\_work\xgboost\xgboost\src\learner.cc:782: 
Parameters: { "devices", "task_type" } are not used.

  bst.update(dtrain, iteration=i, fobj=obj)
                                                                                    Best trial: 12. Best value: 1.88754:  34%|███▍      | 17/50 [01:12<02:46,  5.04s/it]Best trial: 12. Best value: 1.88754:  34%|███▍      | 17/50 [01:12<02:46,  5.04s/it]Best trial: 12. Best value: 1.88754:  36%|███▌      | 18/50 [01:12<02:22,  4.44s/it]D:\Python\realtime_estimate_tracker\venv_bds\lib\site-packages\xgboost\training.py:200: UserWarning: [22:05:49] WARNING: C:\actions-runner\_work\xgboost\xgboost\src\learner.cc:782: 
Parameters: { "devices", "task_type" } are not used.

  bst.update(dtrain, iteration=i, fobj=obj)
                                                                                    Best trial: 12. Best value: 1.88754:  36%|███▌      | 18/50 [01:18<02:22,  4.44s/it]Best trial: 12. Best value: 1.88754:  36%|███▌      | 18/50 [01:18<02:22,  4.44s/it]Best trial: 12. Best value: 1.88754:  38%|███▊      | 19/50 [01:18<02:26,  4.72s/it]D:\Python\realtime_estimate_tracker\venv_bds\lib\site-packages\xgboost\training.py:200: UserWarning: [22:05:55] WARNING: C:\actions-runner\_work\xgboost\xgboost\src\learner.cc:782: 
Parameters: { "devices", "task_type" } are not used.

  bst.update(dtrain, iteration=i, fobj=obj)
                                                                                    Best trial: 12. Best value: 1.88754:  38%|███▊      | 19/50 [01:22<02:26,  4.72s/it]Best trial: 12. Best value: 1.88754:  38%|███▊      | 19/50 [01:22<02:26,  4.72s/it]Best trial: 12. Best value: 1.88754:  40%|████      | 20/50 [01:22<02:14,  4.48s/it]D:\Python\realtime_estimate_tracker\venv_bds\lib\site-packages\xgboost\training.py:200: UserWarning: [22:05:59] WARNING: C:\actions-runner\_work\xgboost\xgboost\src\learner.cc:782: 
Parameters: { "devices", "task_type" } are not used.

  bst.update(dtrain, iteration=i, fobj=obj)
                                                                                    Best trial: 12. Best value: 1.88754:  40%|████      | 20/50 [01:24<02:14,  4.48s/it]Best trial: 12. Best value: 1.88754:  40%|████      | 20/50 [01:24<02:14,  4.48s/it]Best trial: 12. Best value: 1.88754:  42%|████▏     | 21/50 [01:24<01:50,  3.80s/it]D:\Python\realtime_estimate_tracker\venv_bds\lib\site-packages\xgboost\training.py:200: UserWarning: [22:06:01] WARNING: C:\actions-runner\_work\xgboost\xgboost\src\learner.cc:782: 
Parameters: { "devices", "task_type" } are not used.

  bst.update(dtrain, iteration=i, fobj=obj)
                                                                                    Best trial: 12. Best value: 1.88754:  42%|████▏     | 21/50 [01:31<01:50,  3.80s/it]Best trial: 12. Best value: 1.88754:  42%|████▏     | 21/50 [01:31<01:50,  3.80s/it]Best trial: 12. Best value: 1.88754:  44%|████▍     | 22/50 [01:31<02:16,  4.87s/it]D:\Python\realtime_estimate_tracker\venv_bds\lib\site-packages\xgboost\training.py:200: UserWarning: [22:06:08] WARNING: C:\actions-runner\_work\xgboost\xgboost\src\learner.cc:782: 
Parameters: { "devices", "task_type" } are not used.

  bst.update(dtrain, iteration=i, fobj=obj)
                                                                                    Best trial: 12. Best value: 1.88754:  44%|████▍     | 22/50 [01:38<02:16,  4.87s/it]Best trial: 12. Best value: 1.88754:  44%|████▍     | 22/50 [01:38<02:16,  4.87s/it]Best trial: 12. Best value: 1.88754:  46%|████▌     | 23/50 [01:38<02:25,  5.37s/it]D:\Python\realtime_estimate_tracker\venv_bds\lib\site-packages\xgboost\training.py:200: UserWarning: [22:06:15] WARNING: C:\actions-runner\_work\xgboost\xgboost\src\learner.cc:782: 
Parameters: { "devices", "task_type" } are not used.

  bst.update(dtrain, iteration=i, fobj=obj)
                                                                                    Best trial: 12. Best value: 1.88754:  46%|████▌     | 23/50 [01:45<02:25,  5.37s/it]Best trial: 12. Best value: 1.88754:  46%|████▌     | 23/50 [01:45<02:25,  5.37s/it]Best trial: 12. Best value: 1.88754:  48%|████▊     | 24/50 [01:45<02:32,  5.87s/it]D:\Python\realtime_estimate_tracker\venv_bds\lib\site-packages\xgboost\training.py:200: UserWarning: [22:06:22] WARNING: C:\actions-runner\_work\xgboost\xgboost\src\learner.cc:782: 
Parameters: { "devices", "task_type" } are not used.

  bst.update(dtrain, iteration=i, fobj=obj)
                                                                                    Best trial: 12. Best value: 1.88754:  48%|████▊     | 24/50 [01:51<02:32,  5.87s/it]Best trial: 12. Best value: 1.88754:  48%|████▊     | 24/50 [01:51<02:32,  5.87s/it]Best trial: 12. Best value: 1.88754:  50%|█████     | 25/50 [01:51<02:27,  5.89s/it]D:\Python\realtime_estimate_tracker\venv_bds\lib\site-packages\xgboost\training.py:200: UserWarning: [22:06:28] WARNING: C:\actions-runner\_work\xgboost\xgboost\src\learner.cc:782: 
Parameters: { "devices", "task_type" } are not used.

  bst.update(dtrain, iteration=i, fobj=obj)
                                                                                    Best trial: 12. Best value: 1.88754:  50%|█████     | 25/50 [01:56<02:27,  5.89s/it]Best trial: 12. Best value: 1.88754:  50%|█████     | 25/50 [01:56<02:27,  5.89s/it]Best trial: 12. Best value: 1.88754:  52%|█████▏    | 26/50 [01:56<02:15,  5.67s/it]D:\Python\realtime_estimate_tracker\venv_bds\lib\site-packages\xgboost\training.py:200: UserWarning: [22:06:33] WARNING: C:\actions-runner\_work\xgboost\xgboost\src\learner.cc:782: 
Parameters: { "devices", "task_type" } are not used.

  bst.update(dtrain, iteration=i, fobj=obj)
                                                                                    Best trial: 12. Best value: 1.88754:  52%|█████▏    | 26/50 [02:01<02:15,  5.67s/it]Best trial: 12. Best value: 1.88754:  52%|█████▏    | 26/50 [02:01<02:15,  5.67s/it]B