[I 2026-03-31 22:08:22,834] Trial 49 finished with value: 1.9550169058164248 and parameters: {'n_estimators': 387, 'learning_rate': 0.0742880355076884, 'max_depth': 15, 'subsample': 0.7230235083228119, 'colsample_bytree': 0.8246312872793832, 'min_child_weight': 9}. Best is trial 42 with value: 1.7522385919935215.
✅ Tham số tối ưu nhất từ Optuna: {'n_estimators': 733, 'learning_rate': 0.05730235428072879, 'max_depth': 15, 'subsample': 0.6255324773530759, 'colsample_bytree': 0.9800095963844924, 'min_child_weight': 1}
MAE của mô hình XGBoost: 1.7534
R² của mô hình XGBoost: 0.9261
🥊 Đang so sánh... Champion MAE: 1.6245 vs Challenger MAE: 1.7534
🛡️ Champion bảo vệ ngôi vương. Giữ nguyên mô hình cũ.
[Tue 03/31/2026 22:08:28.81] [4/4] Dang dong bo AI Model (qua LFS) len GitHub... 
[main cd0d484] Auto-update AI Model: Tue 03/31/2026 22:08:31.11
 2 files changed, 309 insertions(+)
remote: This repository moved. Please use the new location:        
remote:   https://github.com/HieuNT316/hanoi-house-price-prediction.git        
To https://github.com/Alexus143/hanoi-house-price-prediction.git
   306a512..cd0d484  main -> main
========================================= 
[Wed 04/01/2026 22:00:02.28] [1/4] Dang cao chi tiet BĐS... 
🔍 Đang cấu hình Database với: postgres.kkwivuufxdewurmxtsto@aws-1-ap-southeast-1.pooler.supabase.com:5432/postgres

[DetailSpider] Khởi động luồng làm giàu dữ liệu (Limit: 50 bài/lượt)...
✅ Đã kết nối thành công tới PostgreSQL.
[Browser] Đang khởi tạo trình duyệt...
[Browser] Phát hiện Chrome (Windows): Version 139

[DetailSpider] Đang cào (1/16): https://batdongsan.com.vn/ban-can-ho-chung-cu-phuong-duong-noi-an-binh-homeland/chinh-chu-ban-duplex-140-168m2-that-co-ban-gia-tot-nhat-thi-truong-pr45430915
  -> Lấy được 3/6 feature chi tiết.

[DetailSpider] Đang cào (2/16): https://batdongsan.com.vn/ban-can-ho-chung-cu-phuong-duong-noi-an-binh-homeland/chinh-chu-ban-suat-ngoai-giao-1709-toa-c4-gia-hap-dan-pr45448530
  -> Lấy được 1/6 feature chi tiết.

[DetailSpider] Đang cào (3/16): https://batdongsan.com.vn/ban-can-ho-chung-cu-phuong-mo-lao-mulberry-lane/3pn-toa-d-dt-116m2-sieu-ep-tai-view-ang-cap-khong-gian-song-ly-tuong-pr45448367
  -> Lấy được 2/6 feature chi tiết.

[DetailSpider] Đang cào (4/16): https://batdongsan.com.vn/ban-nha-rieng-phuong-van-phuc-1/ban-gap-pho-canh-khu-phu-my-ha-ong-dt-18m-xay-moi-5-tang-oto-cach-10m-nhinh-4-98-ty-pr45446274
  -> Lấy được 0/6 feature chi tiết.

[DetailSpider] Đang cào (5/16): https://batdongsan.com.vn/ban-can-ho-chung-cu-duong-to-huu-phuong-yen-nghia-1-xuan-mai-complex/tong-hop-hh2-dt-62m2-65m2-gia-2-1-ty-2-390-ty-lh-pr39990373
  -> Lấy được 1/6 feature chi tiết.

[DetailSpider] Đang cào (6/16): https://batdongsan.com.vn/ban-nha-rieng-phuong-la-khe/ban-nhanh-ha-ong-dt-42-5m-x-6-tang-full-noi-that-xin-o-to-o-cua-gia-tot-9-3-ty-pr45277380
  -> Lấy được 2/6 feature chi tiết.

[DetailSpider] Đang cào (7/16): https://batdongsan.com.vn/ban-can-ho-chung-cu-phuong-phu-lam-1-the-vesta/ban-luong-ha-ong-67m2-2n-2-ban-cong-gia-chi-3-9-ty-pr45441692
  -> Lấy được 3/6 feature chi tiết.

[DetailSpider] Đang cào (8/16): https://batdongsan.com.vn/ban-nha-rieng-duong-van-quan-phuong-mo-lao-15/sieu-hiem-chia-lo-ha-ong-220tr-m-via-he-o-to-tranh-cho-thue-phong-dong-tien-on-i-pr45360522
  -> Lấy được 2/6 feature chi tiết.

[DetailSpider] Đang cào (9/16): https://batdongsan.com.vn/ban-can-ho-chung-cu-phuong-mo-lao-seasons-avenue/chinh-chu-ban-gap-2pn-full-o-7x-ty-pr45444023
  -> Lấy được 1/6 feature chi tiết.

[DetailSpider] Đang cào (10/16): https://batdongsan.com.vn/ban-can-ho-chung-cu-phuong-mo-lao-seasons-avenue/chinh-chu-ban-gap-2pn-full-o-co-slot-oto-so-hong-lau-dai-7-ty-pr45341150
  -> Lấy được 2/6 feature chi tiết.

[DetailSpider] Đang cào (11/16): https://batdongsan.com.vn/ban-can-ho-chung-cu-phuong-la-khe-hpc-landmark-105/quy-chuan-gia-net-cap-nhat-24-7-pr45443389
  -> Lấy được 3/6 feature chi tiết.

[DetailSpider] Đang cào (12/16): https://batdongsan.com.vn/ban-can-ho-chung-cu-duong-to-hieu-phuong-ha-cau-hyundai-hillstate/cap-nhat-quy-chuyen-nhuong-moi-nhat-e-dan-hyundai-pr45443245
  -> Lấy được 2/6 feature chi tiết.

[DetailSpider] Đang cào (13/16): https://batdongsan.com.vn/ban-nha-rieng-duong-ngo-quyen-phuong-quang-trung-17-15/ban-tai-quan-ha-ong-7-9-ty-30m2-5-tang-pr45443213
  -> Lấy được 3/6 feature chi tiết.

[DetailSpider] Đang cào (14/16): https://batdongsan.com.vn/ban-nha-biet-thu-lien-ke-duong-to-huu-phuong-duong-noi-an-vuong-villa/can-ban-gap-goc-quy-200m-thiet-thong-tang-gia-5x-pr44526098
  -> Lấy được 5/6 feature chi tiết.

[DetailSpider] Đang cào (15/16): https://batdongsan.com.vn/ban-nha-biet-thu-lien-ke-phuong-phu-la-khu-do-thi-moi-van-phu/hang-ngon-sieu-pham-thang-may-mat-truc-chinh-kinh-doanh-dt105m-5-tang-mt5m-pr45414601
  -> Lấy được 4/6 feature chi tiết.

[DetailSpider] Đang cào (16/16): https://batdongsan.com.vn/ban-nha-biet-thu-lien-ke-phuong-la-khe-khu-do-thi-moi-la-khe/oi-dien-o-nam-cuong-gia-re-nhat-truong-lh-pr45410743
  -> Lấy được 2/6 feature chi tiết.

[DetailSpider] Hoàn thành. Cập nhật thành công 16/16 bài đăng.
[Wed 04/01/2026 22:04:41.98] [2/4] Dang clean du lieu... 
🔍 Đang cấu hình Database với: postgres.kkwivuufxdewurmxtsto@aws-1-ap-southeast-1.pooler.supabase.com:5432/postgres
✅ Đã kết nối thành công tới PostgreSQL.
🔄 Upsert thành công 5557 bản ghi vào 'bds_hadong'.
✅ Đã cập nhật cột legal_status và furniture thành công.
[Wed 04/01/2026 22:05:02.71] [3/4] Dang huan luyen AI tren du lieu moi... 
🔍 Đang cấu hình Database với: postgres.kkwivuufxdewurmxtsto@aws-1-ap-southeast-1.pooler.supabase.com:5432/postgres
[I 2026-04-01 22:05:32,134] A new study created in memory with name: no-name-90bce25c-2e24-4dcd-ab4c-248e6e925c2d
✅ Đã kết nối thành công tới PostgreSQL.
  0%|          | 0/50 [00:00<?, ?it/s]D:\Python\realtime_estimate_tracker\venv_bds\lib\site-packages\xgboost\training.py:200: UserWarning: [22:05:32] WARNING: C:\actions-runner\_work\xgboost\xgboost\src\learner.cc:782: 
Parameters: { "devices", "task_type" } are not used.

  bst.update(dtrain, iteration=i, fobj=obj)
                                        0%|          | 0/50 [00:06<?, ?it/s]Best trial: 0. Best value: 1.77107:   0%|          | 0/50 [00:06<?, ?it/s]Best trial: 0. Best value: 1.77107:   2%|▏         | 1/50 [00:06<05:09,  6.31s/it]D:\Python\realtime_estimate_tracker\venv_bds\lib\site-packages\xgboost\training.py:200: UserWarning: [22:05:38] WARNING: C:\actions-runner\_work\xgboost\xgboost\src\learner.cc:782: 
Parameters: { "devices", "task_type" } are not used.

  bst.update(dtrain, iteration=i, fobj=obj)
                                                                                  Best trial: 0. Best value: 1.77107:   2%|▏         | 1/50 [00:07<05:09,  6.31s/it]Best trial: 0. Best value: 1.77107:   2%|▏         | 1/50 [00:07<05:09,  6.31s/it]Best trial: 0. Best value: 1.77107:   4%|▍         | 2/50 [00:07<02:52,  3.59s/it]D:\Python\realtime_estimate_tracker\venv_bds\lib\site-packages\xgboost\training.py:200: UserWarning: [22:05:40] WARNING: C:\actions-runner\_work\xgboost\xgboost\src\learner.cc:782: 
Parameters: { "devices", "task_type" } are not used.

  bst.update(dtrain, iteration=i, fobj=obj)
                                                                                  Best trial: 0. Best value: 1.77107:   4%|▍         | 2/50 [00:09<02:52,  3.59s/it]Best trial: 0. Best value: 1.77107:   4%|▍         | 2/50 [00:09<02:52,  3.59s/it]Best trial: 0. Best value: 1.77107:   6%|▌         | 3/50 [00:09<02:09,  2.75s/it]D:\Python\realtime_estimate_tracker\venv_bds\lib\site-packages\xgboost\training.py:200: UserWarning: [22:05:41] WARNING: C:\actions-runner\_work\xgboost\xgboost\src\learner.cc:782: 
Parameters: { "devices", "task_type" } are not used.

  bst.update(dtrain, iteration=i, fobj=obj)
                                                                                  Best trial: 0. Best value: 1.77107:   6%|▌         | 3/50 [00:12<02:09,  2.75s/it]Best trial: 3. Best value: 1.74847:   6%|▌         | 3/50 [00:12<02:09,  2.75s/it]Best trial: 3. Best value: 1.74847:   8%|▊         | 4/50 [00:12<02:15,  2.95s/it]D:\Python\realtime_estimate_tracker\venv_bds\lib\site-packages\xgboost\training.py:200: UserWarning: [22:05:45] WARNING: C:\actions-runner\_work\xgboost\xgboost\src\learner.cc:782: 
Parameters: { "devices", "task_type" } are not used.

  bst.update(dtrain, iteration=i, fobj=obj)
                                                                                  Best trial: 3. Best value: 1.74847:   8%|▊         | 4/50 [00:16<02:15,  2.95s/it]Best trial: 4. Best value: 1.7347:   8%|▊         | 4/50 [00:16<02:15,  2.95s/it] Best trial: 4. Best value: 1.7347:  10%|█         | 5/50 [00:16<02:14,  2.98s/it]D:\Python\realtime_estimate_tracker\venv_bds\lib\site-packages\xgboost\training.py:200: UserWarning: [22:05:48] WARNING: C:\actions-runner\_work\xgboost\xgboost\src\learner.cc:782: 
Parameters: { "devices", "task_type" } are not used.

  bst.update(dtrain, iteration=i, fobj=obj)
                                                                                 Best trial: 4. Best value: 1.7347:  10%|█         | 5/50 [00:18<02:14,  2.98s/it]Best trial: 4. Best value: 1.7347:  10%|█         | 5/50 [00:18<02:14,  2.98s/it]Best trial: 4. Best value: 1.7347:  12%|█▏        | 6/50 [00:18<02:10,  2.96s/it]D:\Python\realtime_estimate_tracker\venv_bds\lib\site-packages\xgboost\training.py:200: UserWarning: [22:05:51] WARNING: C:\actions-runner\_work\xgboost\xgboost\src\learner.cc:782: 
Parameters: { "devices", "task_type" } are not used.

  bst.update(dtrain, iteration=i, fobj=obj)
                                                                                 Best trial: 4. Best value: 1.7347:  12%|█▏        | 6/50 [00:21<02:10,  2.96s/it]Best trial: 4. Best value: 1.7347:  12%|█▏        | 6/50 [00:21<02:10,  2.96s/it]Best trial: 4. Best value: 1.7347:  14%|█▍        | 7/50 [00:21<02:03,  2.87s/it]D:\Python\realtime_estimate_tracker\venv_bds\lib\site-packages\xgboost\training.py:200: UserWarning: [22:05:53] WARNING: C:\actions-runner\_work\xgboost\xgboost\src\learner.cc:782: 
Parameters: { "devices", "task_type" } are not used.

  bst.update(dtrain, iteration=i, fobj=obj)
                                                                                 Best trial: 4. Best value: 1.7347:  14%|█▍        | 7/50 [00:22<02:03,  2.87s/it]Best trial: 4. Best value: 1.7347:  14%|█▍        | 7/50 [00:22<02:03,  2.87s/it]Best trial: 4. Best value: 1.7347:  16%|█▌        | 8/50 [00:22<01:40,  2.39s/it]D:\Python\realtime_estimate_tracker\venv_bds\lib\site-packages\xgboost\training.py:200: UserWarning: [22:05:55] WARNING: C:\actions-runner\_work\xgboost\xgboost\src\learner.cc:782: 
Parameters: { "devices", "task_type" } are not used.

  bst.update(dtrain, iteration=i, fobj=obj)
                                                                                 Best trial: 4. Best value: 1.7347:  16%|█▌        | 8/50 [00:27<01:40,  2.39s/it]Best trial: 4. Best value: 1.7347:  16%|█▌        | 8/50 [00:27<01:40,  2.39s/it]Best trial: 4. Best value: 1.7347:  18%|█▊        | 9/50 [00:27<02:09,  3.16s/it]D:\Python\realtime_estimate_tracker\venv_bds\lib\site-packages\xgboost\training.py:200: UserWarning: [22:05:59] WARNING: C:\actions-runner\_work\xgboost\xgboost\src\learner.cc:782: 
Parameters: { "devices", "task_type" } are not used.

  bst.update(dtrain, iteration=i, fobj=obj)
                                                                                 Best trial: 4. Best value: 1.7347:  18%|█▊        | 9/50 [00:29<02:09,  3.16s/it]Best trial: 4. Best value: 1.7347:  18%|█▊        | 9/50 [00:29<02:09,  3.16s/it]Best trial: 4. Best value: 1.7347:  20%|██        | 10/50 [00:29<01:51,  2.79s/it]D:\Python\realtime_estimate_tracker\venv_bds\lib\site-packages\xgboost\training.py:200: UserWarning: [22:06:01] WARNING: C:\actions-runner\_work\xgboost\xgboost\src\learner.cc:782: 
Parameters: { "devices", "task_type" } are not used.

  bst.update(dtrain, iteration=i, fobj=obj)
                                                                                  Best trial: 4. Best value: 1.7347:  20%|██        | 10/50 [00:32<01:51,  2.79s/it]Best trial: 4. Best value: 1.7347:  20%|██        | 10/50 [00:32<01:51,  2.79s/it]Best trial: 4. Best value: 1.7347:  22%|██▏       | 11/50 [00:32<01:52,  2.89s/it]D:\Python\realtime_estimate_tracker\venv_bds\lib\site-packages\xgboost\training.py:200: UserWarning: [22:06:05] WARNING: C:\actions-runner\_work\xgboost\xgboost\src\learner.cc:782: 
Parameters: { "devices", "task_type" } are not used.

  bst.update(dtrain, iteration=i, fobj=obj)
                                                                                  Best trial: 4. Best value: 1.7347:  22%|██▏       | 11/50 [00:36<01:52,  2.89s/it]Best trial: 11. Best value: 1.72171:  22%|██▏       | 11/50 [00:36<01:52,  2.89s/it]Best trial: 11. Best value: 1.72171:  24%|██▍       | 12/50 [00:36<01:53,  3.00s/it]D:\Python\realtime_estimate_tracker\venv_bds\lib\site-packages\xgboost\training.py:200: UserWarning: [22:06:08] WARNING: C:\actions-runner\_work\xgboost\xgboost\src\learner.cc:782: 
Parameters: { "devices", "task_type" } are not used.

  bst.update(dtrain, iteration=i, fobj=obj)
                                                                                    Best trial: 11. Best value: 1.72171:  24%|██▍       | 12/50 [00:39<01:53,  3.00s/it]Best trial: 11. Best value: 1.72171:  24%|██▍       | 12/50 [00:39<01:53,  3.00s/it]Best trial: 11. Best value: 1.72171:  26%|██▌       | 13/50 [00:39<01:56,  3.14s/it]D:\Python\realtime_estimate_tracker\venv_bds\lib\site-packages\xgboost\training.py:200: UserWarning: [22:06:11] WARNING: C:\actions-runner\_work\xgboost\xgboost\src\learner.cc:782: 
Parameters: { "devices", "task_type" } are not used.

  bst.update(dtrain, iteration=i, fobj=obj)
                                                                                    Best trial: 11. Best value: 1.72171:  26%|██▌       | 13/50 [00:41<01:56,  3.14s/it]Best trial: 11. Best value: 1.72171:  26%|██▌       | 13/50 [00:41<01:56,  3.14s/it]Best trial: 11. Best value: 1.72171:  28%|██▊       | 14/50 [00:41<01:41,  2.81s/it]D:\Python\realtime_estimate_tracker\venv_bds\lib\site-packages\xgboost\training.py:200: UserWarning: [22:06:13] WARNING: C:\actions-runner\_work\xgboost\xgboost\src\learner.cc:782: 
Parameters: { "devices", "task_type" } are not used.

  bst.update(dtrain, iteration=i, fobj=obj)
                                                                                    Best trial: 11. Best value: 1.72171:  28%|██▊       | 14/50 [00:45<01:41,  2.81s/it]Best trial: 11. Best value: 1.72171:  28%|██▊       | 14/50 [00:45<01:41,  2.81s/it]Best trial: 11. Best value: 1.72171:  30%|███       | 15/50 [00:45<01:45,  3.00s/it]D:\Python\realtime_estimate_tracker\venv_bds\lib\site-packages\xgboost\training.py:200: UserWarning: [22:06:17] WARNING: C:\actions-runner\_work\xgboost\xgboost\src\learner.cc:782: 
Parameters: { "devices", "task_type" } are not used.

  bst.update(dtrain, iteration=i, fobj=obj)
                                                                                    Best trial: 11. Best value: 1.72171:  30%|███       | 15/50 [00:47<01:45,  3.00s/it]Best trial: 11. Best value: 1.72171:  30%|███       | 15/50 [00:47<01:45,  3.00s/it]Best trial: 11. Best value: 1.72171:  32%|███▏      | 16/50 [00:47<01:31,  2.70s/it]D:\Python\realtime_estimate_tracker\venv_bds\lib\site-packages\xgboost\training.py:200: UserWarning: [22:06:19] WARNING: C:\actions-runner\_work\xgboost\xgboost\src\learner.cc:782: 
Parameters: { "devices", "task_type" } are not used.

  bst.update(dtrain, iteration=i, fobj=obj)
                                                                                    Best trial: 11. Best value: 1.72171:  32%|███▏      | 16/50 [00:48<01:31,  2.70s/it]Best trial: 11. Best value: 1.72171:  32%|███▏      | 16/50 [00:48<01:31,  2.70s/it]Best trial: 11. Best value: 1.72171:  34%|███▍      | 17/50 [00:48<01:15,  2.27s/it]D:\Python\realtime_estimate_tracker\venv_bds\lib\site-packages\xgboost\training.py:200: UserWarning: [22:06:20] WARNING: C:\actions-runner\_work\xgboost\xgboost\src\learner.cc:782: 
Parameters: { "devices", "task_type" } are not used.

  bst.update(dtrain, iteration=i, fobj=obj)
                                                                                    Best trial: 11. Best value: 1.72171:  34%|███▍      | 17/50 [00:51<01:15,  2.27s/it]Best trial: 11. Best value: 1.72171:  34%|███▍      | 17/50 [00:51<01:15,  2.27s/it]Best trial: 11. Best value: 1.72171:  36%|███▌      | 18/50 [00:51<01:17,  2.42s/it]D:\Python\realtime_estimate_tracker\venv_bds\lib\site-packages\xgboost\training.py:200: UserWarning: [22:06:23] WARNING: C:\actions-runner\_work\xgboost\xgboost\src\learner.cc:782: 
Parameters: { "devices", "task_type" } are not used.

  bst.update(dtrain, iteration=i, fobj=obj)
                                                                                    Best trial: 11. Best value: 1.72171:  36%|███▌      | 18/50 [00:55<01:17,  2.42s/it]Best trial: 11. Best value: 1.72171:  36%|███▌      | 18/50 [00:55<01:17,  2.42s/it]Best trial: 11. Best value: 1.72171:  38%|███▊      | 19/50 [00:55<01:29,  2.87s/it]D:\Python\realtime_estimate_tracker\venv_bds\lib\site-packages\xgboost\training.py:200: UserWarning: [22:06:27] WARNING: C:\actions-runner\_work\xgboost\xgboost\src\learner.cc:782: 
Parameters: { "devices", "task_type" } are not used.

  bst.update(dtrain, iteration=i, fobj=obj)
                                                                                    Best trial: 11. Best value: 1.72171:  38%|███▊      | 19/50 [00:57<01:29,  2.87s/it]Best trial: 11. Best value: 1.72171:  38%|███▊      | 19/50 [00:57<01:29,  2.87s/it]Best trial: 11. Best value: 1.72171:  40%|████      | 20/50 [00:57<01:21,  2.72s/it]D:\Python\realtime_estimate_tracker\venv_bds\lib\site-packages\xgboost\training.py:200: UserWarning: [22:06:29] WARNING: C:\actions-runner\_work\xgboost\xgboost\src\learner.cc:782: 
Parameters: { "devices", "task_type" } are not used.

  bst.update(dtrain, iteration=i, fobj=obj)
                                                                                    Best trial: 11. Best value: 1.72171:  40%|████      | 20/50 [01:01<01:21,  2.72s/it]Best trial: 11. Best value: 1.72171:  40%|████      | 20/50 [01:01<01:21,  2.72s/it]Best trial: 11. Best value: 1.72171:  42%|████▏     | 21/50 [01:01<01:31,  3.15s/it]D:\Python\realtime_estimate_tracker\venv_bds\lib\site-packages\xgboost\training.py:200: UserWarning: [22:06:33] WARNING: C:\actions-runner\_work\xgboost\xgboost\src\learner.cc:782: 
Parameters: { "devices", "task_type" } are not used.

  bst.update(dtrain, iteration=i, fobj=obj)
                                                                                    Best trial: 11. Best value: 1.72171:  42%|████▏     | 21/50 [01:03<01:31,  3.15s/it]Best trial: 21. Best value: 1.71822:  42%|████▏     | 21/50 [01:03<01:31,  3.15s/it]Best trial: 21. Best value: 1.71822:  44%|████▍     | 22/50 [01:03<01:20,  2.89s/it]D:\Python\realtime_estimate_tracker\venv_bds\lib\site-packages\xgboost\training.py:200: UserWarning: [22:06:36] WARNING: C:\actions-runner\_work\xgboost\xgboost\src\learner.cc:782: 
Parameters: { "devices", "task_type" } are not used.

  bst.update(dtrain, iteration=i, fobj=obj)
                                                                                    Best trial: 21. Best value: 1.71822:  44%|████▍     | 22/50 [01:08<01:20,  2.89s/it]Best trial: 22. Best value: 1.69358:  44%|████▍     | 22/50 [01:08<01:20,  2.89s/it]Best trial: 22. Best value: 1.69358:  46%|████▌     | 23/50 [01:08<01:30,  3.35s/it]D:\Python\realtime_estimate_tracker\venv_bds\lib\site-packages\xgboost\training.py:200: UserWarning: [22:06:40] WARNING: C:\actions-runner\_work\xgboost\xgboost\src\learner.cc:782: 
Parameters: { "devices", "task_type" } are not used.

  bst.update(dtrain, iteration=i, fobj=obj)
                                                                                    Best trial: 22. Best value: 1.69358:  46%|████▌     | 23/50 [01:10<01:30,  3.35s/it]Best trial: 22. Best value: 1.69358:  46%|████▌     | 23/50 [01:10<01:30,  3.35s/it]Best trial: 22. Best value: 1.69358:  48%|████▊     | 24/50 [01:10<01:17,  2.99s/it]D:\Python\realtime_estimate_tracker\venv_bds\lib\site-packages\xgboost\training.py:200: UserWarning: [22:06:42] WARNING: C:\actions-runner\_work\xgboost\xgboost\src\learner.cc:782: 
Parameters: { "devices", "task_type" } are not used.

  bst.update(dtrain, iteration=i, fobj=obj)
                                                                                    Best trial: 22. Best value: 1.69358:  48%|████▊     | 24/50 [01:14<01:17,  2.99s/it]Best trial: 22. Best value: 1.69358:  48%|████▊     | 24/50 [01:14<01:17,  2.99s/it]Best trial: 22. Best value: 1.69358:  50%|█████     | 25/50 [01:14<01:25,  3.43s/it]D:\Python\realtime_estimate_tracker\venv_bds\lib\site-packages\xgboost\training.py:200: UserWarning: [22:06:47] WARNING: C:\actions-runner\_work\xgboost\xgboost\src\learner.cc:782: 
Parameters: { "devices", "task_type" } are not used.

  bst.update(dtrain, iteration=i, fobj=obj)
                                                                                    Best trial: 22. Best value: 1.69358:  50%|█████     | 25/50 [01:16<01:25,  3.43s/it]Best trial: 22. Best value: 1.69358:  50%|█████     | 25/50 [01:16<01:25,  3.43s/it]Best trial: 22. Best value: 1.69358:  52%|█████▏    | 26/50 [01:16<01:11,  2.98s/it]D:\Python\realtime_estimate_tracker\venv_bds\lib\site-packages\xgboost\training.py:200: UserWarning: [