[I 2026-03-12 22:11:19,977] Trial 49 finished with value: 1.8523918384483682 and parameters: {'n_estimators': 1282, 'learning_rate': 0.018846919069021913, 'max_depth': 15, 'subsample': 0.8828736198279984, 'colsample_bytree': 0.9821932772015165, 'min_child_weight': 4}. Best is trial 13 with value: 1.8021622530761756.
✅ Tham số tối ưu nhất từ Optuna: {'n_estimators': 1471, 'learning_rate': 0.09920063793268676, 'max_depth': 15, 'subsample': 0.8759046134693641, 'colsample_bytree': 0.9981310442856466, 'min_child_weight': 1}
MAE của mô hình XGBoost: 1.8399
R² của mô hình XGBoost: 0.9108
🥊 Đang so sánh... Champion MAE: 1.7325 vs Challenger MAE: 1.8399
🛡️ Champion bảo vệ ngôi vương. Giữ nguyên mô hình cũ.
[Thu 03/12/2026 22:11:27.43] [4/4] Dang dong bo AI Model (qua LFS) len GitHub... 
[main 14e12c7] Auto-update AI Model: Thu 03/12/2026 22:11:28.33
 2 files changed, 364 insertions(+)
remote: This repository moved. Please use the new location:        
remote:   https://github.com/HieuNT316/hanoi-house-price-prediction.git        
To https://github.com/Alexus143/hanoi-house-price-prediction.git
   adf38ad..14e12c7  main -> main
========================================= 
[Fri 03/13/2026 22:00:02.91] [1/4] Dang cao chi tiet BĐS... 
🔍 Đang cấu hình Database với: postgres.kkwivuufxdewurmxtsto@aws-1-ap-southeast-1.pooler.supabase.com:5432/postgres

[DetailSpider] Khởi động luồng làm giàu dữ liệu (Limit: 50 bài/lượt)...
✅ Đã kết nối thành công tới PostgreSQL.
[DetailSpider] ✅ Không có listing nào cần làm giàu dữ liệu. Đi ngủ!
[Fri 03/13/2026 22:00:32.07] [2/4] Dang clean du lieu... 
🔍 Đang cấu hình Database với: postgres.kkwivuufxdewurmxtsto@aws-1-ap-southeast-1.pooler.supabase.com:5432/postgres
✅ Đã kết nối thành công tới PostgreSQL.
🔄 Upsert thành công 5297 bản ghi vào 'bds_hadong'.
✅ Đã cập nhật cột legal_status và furniture thành công.
[Fri 03/13/2026 22:00:38.79] [3/4] Dang huan luyen AI tren du lieu moi... 
🔍 Đang cấu hình Database với: postgres.kkwivuufxdewurmxtsto@aws-1-ap-southeast-1.pooler.supabase.com:5432/postgres
[I 2026-03-13 22:01:06,540] A new study created in memory with name: no-name-7f6f5ad0-dd28-449b-9c76-aa7e305e7aa0
✅ Đã kết nối thành công tới PostgreSQL.
  0%|          | 0/50 [00:00<?, ?it/s]D:\Python\realtime_estimate_tracker\venv_bds\lib\site-packages\xgboost\training.py:200: UserWarning: [22:01:07] WARNING: C:\actions-runner\_work\xgboost\xgboost\src\learner.cc:782: 
Parameters: { "devices", "task_type" } are not used.

  bst.update(dtrain, iteration=i, fobj=obj)
                                        0%|          | 0/50 [00:07<?, ?it/s]Best trial: 0. Best value: 1.90197:   0%|          | 0/50 [00:07<?, ?it/s]Best trial: 0. Best value: 1.90197:   2%|▏         | 1/50 [00:07<06:02,  7.40s/it]D:\Python\realtime_estimate_tracker\venv_bds\lib\site-packages\xgboost\training.py:200: UserWarning: [22:01:13] WARNING: C:\actions-runner\_work\xgboost\xgboost\src\learner.cc:782: 
Parameters: { "devices", "task_type" } are not used.

  bst.update(dtrain, iteration=i, fobj=obj)
                                                                                  Best trial: 0. Best value: 1.90197:   2%|▏         | 1/50 [00:09<06:02,  7.40s/it]Best trial: 0. Best value: 1.90197:   2%|▏         | 1/50 [00:09<06:02,  7.40s/it]Best trial: 0. Best value: 1.90197:   4%|▍         | 2/50 [00:09<03:39,  4.57s/it]D:\Python\realtime_estimate_tracker\venv_bds\lib\site-packages\xgboost\training.py:200: UserWarning: [22:01:16] WARNING: C:\actions-runner\_work\xgboost\xgboost\src\learner.cc:782: 
Parameters: { "devices", "task_type" } are not used.

  bst.update(dtrain, iteration=i, fobj=obj)
                                                                                  Best trial: 0. Best value: 1.90197:   4%|▍         | 2/50 [00:13<03:39,  4.57s/it]Best trial: 0. Best value: 1.90197:   4%|▍         | 2/50 [00:13<03:39,  4.57s/it]Best trial: 0. Best value: 1.90197:   6%|▌         | 3/50 [00:13<03:08,  4.01s/it]D:\Python\realtime_estimate_tracker\venv_bds\lib\site-packages\xgboost\training.py:200: UserWarning: [22:01:19] WARNING: C:\actions-runner\_work\xgboost\xgboost\src\learner.cc:782: 
Parameters: { "devices", "task_type" } are not used.

  bst.update(dtrain, iteration=i, fobj=obj)
                                                                                  Best trial: 0. Best value: 1.90197:   6%|▌         | 3/50 [00:14<03:08,  4.01s/it]Best trial: 0. Best value: 1.90197:   6%|▌         | 3/50 [00:14<03:08,  4.01s/it]Best trial: 0. Best value: 1.90197:   8%|▊         | 4/50 [00:14<02:15,  2.94s/it]D:\Python\realtime_estimate_tracker\venv_bds\lib\site-packages\xgboost\training.py:200: UserWarning: [22:01:21] WARNING: C:\actions-runner\_work\xgboost\xgboost\src\learner.cc:782: 
Parameters: { "devices", "task_type" } are not used.

  bst.update(dtrain, iteration=i, fobj=obj)
                                                                                  Best trial: 0. Best value: 1.90197:   8%|▊         | 4/50 [00:23<02:15,  2.94s/it]Best trial: 0. Best value: 1.90197:   8%|▊         | 4/50 [00:23<02:15,  2.94s/it]Best trial: 0. Best value: 1.90197:  10%|█         | 5/50 [00:23<03:42,  4.95s/it]D:\Python\realtime_estimate_tracker\venv_bds\lib\site-packages\xgboost\training.py:200: UserWarning: [22:01:29] WARNING: C:\actions-runner\_work\xgboost\xgboost\src\learner.cc:782: 
Parameters: { "devices", "task_type" } are not used.

  bst.update(dtrain, iteration=i, fobj=obj)
                                                                                  Best trial: 0. Best value: 1.90197:  10%|█         | 5/50 [00:25<03:42,  4.95s/it]Best trial: 0. Best value: 1.90197:  10%|█         | 5/50 [00:25<03:42,  4.95s/it]Best trial: 0. Best value: 1.90197:  12%|█▏        | 6/50 [00:25<03:01,  4.12s/it]D:\Python\realtime_estimate_tracker\venv_bds\lib\site-packages\xgboost\training.py:200: UserWarning: [22:01:32] WARNING: C:\actions-runner\_work\xgboost\xgboost\src\learner.cc:782: 
Parameters: { "devices", "task_type" } are not used.

  bst.update(dtrain, iteration=i, fobj=obj)
                                                                                  Best trial: 0. Best value: 1.90197:  12%|█▏        | 6/50 [00:31<03:01,  4.12s/it]Best trial: 0. Best value: 1.90197:  12%|█▏        | 6/50 [00:31<03:01,  4.12s/it]Best trial: 0. Best value: 1.90197:  14%|█▍        | 7/50 [00:31<03:15,  4.55s/it]D:\Python\realtime_estimate_tracker\venv_bds\lib\site-packages\xgboost\training.py:200: UserWarning: [22:01:37] WARNING: C:\actions-runner\_work\xgboost\xgboost\src\learner.cc:782: 
Parameters: { "devices", "task_type" } are not used.

  bst.update(dtrain, iteration=i, fobj=obj)
                                                                                  Best trial: 0. Best value: 1.90197:  14%|█▍        | 7/50 [00:37<03:15,  4.55s/it]Best trial: 0. Best value: 1.90197:  14%|█▍        | 7/50 [00:37<03:15,  4.55s/it]Best trial: 0. Best value: 1.90197:  16%|█▌        | 8/50 [00:37<03:32,  5.06s/it]D:\Python\realtime_estimate_tracker\venv_bds\lib\site-packages\xgboost\training.py:200: UserWarning: [22:01:43] WARNING: C:\actions-runner\_work\xgboost\xgboost\src\learner.cc:782: 
Parameters: { "devices", "task_type" } are not used.

  bst.update(dtrain, iteration=i, fobj=obj)
                                                                                  Best trial: 0. Best value: 1.90197:  16%|█▌        | 8/50 [00:39<03:32,  5.06s/it]Best trial: 0. Best value: 1.90197:  16%|█▌        | 8/50 [00:39<03:32,  5.06s/it]Best trial: 0. Best value: 1.90197:  18%|█▊        | 9/50 [00:39<02:56,  4.31s/it]D:\Python\realtime_estimate_tracker\venv_bds\lib\site-packages\xgboost\training.py:200: UserWarning: [22:01:46] WARNING: C:\actions-runner\_work\xgboost\xgboost\src\learner.cc:782: 
Parameters: { "devices", "task_type" } are not used.

  bst.update(dtrain, iteration=i, fobj=obj)
                                                                                  Best trial: 0. Best value: 1.90197:  18%|█▊        | 9/50 [00:43<02:56,  4.31s/it]Best trial: 0. Best value: 1.90197:  18%|█▊        | 9/50 [00:43<02:56,  4.31s/it]Best trial: 0. Best value: 1.90197:  20%|██        | 10/50 [00:43<02:44,  4.10s/it]D:\Python\realtime_estimate_tracker\venv_bds\lib\site-packages\xgboost\training.py:200: UserWarning: [22:01:50] WARNING: C:\actions-runner\_work\xgboost\xgboost\src\learner.cc:782: 
Parameters: { "devices", "task_type" } are not used.

  bst.update(dtrain, iteration=i, fobj=obj)
                                                                                   Best trial: 0. Best value: 1.90197:  20%|██        | 10/50 [00:56<02:44,  4.10s/it]Best trial: 10. Best value: 1.84211:  20%|██        | 10/50 [00:56<02:44,  4.10s/it]Best trial: 10. Best value: 1.84211:  22%|██▏       | 11/50 [00:56<04:23,  6.75s/it]D:\Python\realtime_estimate_tracker\venv_bds\lib\site-packages\xgboost\training.py:200: UserWarning: [22:02:02] WARNING: C:\actions-runner\_work\xgboost\xgboost\src\learner.cc:782: 
Parameters: { "devices", "task_type" } are not used.

  bst.update(dtrain, iteration=i, fobj=obj)
                                                                                    Best trial: 10. Best value: 1.84211:  22%|██▏       | 11/50 [01:07<04:23,  6.75s/it]Best trial: 11. Best value: 1.83411:  22%|██▏       | 11/50 [01:07<04:23,  6.75s/it]Best trial: 11. Best value: 1.83411:  24%|██▍       | 12/50 [01:07<05:10,  8.16s/it]D:\Python\realtime_estimate_tracker\venv_bds\lib\site-packages\xgboost\training.py:200: UserWarning: [22:02:14] WARNING: C:\actions-runner\_work\xgboost\xgboost\src\learner.cc:782: 
Parameters: { "devices", "task_type" } are not used.

  bst.update(dtrain, iteration=i, fobj=obj)
                                                                                    Best trial: 11. Best value: 1.83411:  24%|██▍       | 12/50 [01:17<05:10,  8.16s/it]Best trial: 11. Best value: 1.83411:  24%|██▍       | 12/50 [01:17<05:10,  8.16s/it]Best trial: 11. Best value: 1.83411:  26%|██▌       | 13/50 [01:17<05:24,  8.77s/it]D:\Python\realtime_estimate_tracker\venv_bds\lib\site-packages\xgboost\training.py:200: UserWarning: [22:02:24] WARNING: C:\actions-runner\_work\xgboost\xgboost\src\learner.cc:782: 
Parameters: { "devices", "task_type" } are not used.

  bst.update(dtrain, iteration=i, fobj=obj)
                                                                                    Best trial: 11. Best value: 1.83411:  26%|██▌       | 13/50 [01:26<05:24,  8.77s/it]Best trial: 11. Best value: 1.83411:  26%|██▌       | 13/50 [01:26<05:24,  8.77s/it]Best trial: 11. Best value: 1.83411:  28%|██▊       | 14/50 [01:26<05:17,  8.81s/it]D:\Python\realtime_estimate_tracker\venv_bds\lib\site-packages\xgboost\training.py:200: UserWarning: [22:02:33] WARNING: C:\actions-runner\_work\xgboost\xgboost\src\learner.cc:782: 
Parameters: { "devices", "task_type" } are not used.

  bst.update(dtrain, iteration=i, fobj=obj)
                                                                                    Best trial: 11. Best value: 1.83411:  28%|██▊       | 14/50 [01:33<05:17,  8.81s/it]Best trial: 11. Best value: 1.83411:  28%|██▊       | 14/50 [01:33<05:17,  8.81s/it]Best trial: 11. Best value: 1.83411:  30%|███       | 15/50 [01:33<04:41,  8.05s/it]D:\Python\realtime_estimate_tracker\venv_bds\lib\site-packages\xgboost\training.py:200: UserWarning: [22:02:39] WARNING: C:\actions-runner\_work\xgboost\xgboost\src\learner.cc:782: 
Parameters: { "devices", "task_type" } are not used.

  bst.update(dtrain, iteration=i, fobj=obj)
                                                                                    Best trial: 11. Best value: 1.83411:  30%|███       | 15/50 [01:40<04:41,  8.05s/it]Best trial: 11. Best value: 1.83411:  30%|███       | 15/50 [01:40<04:41,  8.05s/it]Best trial: 11. Best value: 1.83411:  32%|███▏      | 16/50 [01:40<04:30,  7.95s/it]D:\Python\realtime_estimate_tracker\venv_bds\lib\site-packages\xgboost\training.py:200: UserWarning: [22:02:47] WARNING: C:\actions-runner\_work\xgboost\xgboost\src\learner.cc:782: 
Parameters: { "devices", "task_type" } are not used.

  bst.update(dtrain, iteration=i, fobj=obj)
                                                                                    Best trial: 11. Best value: 1.83411:  32%|███▏      | 16/50 [01:48<04:30,  7.95s/it]Best trial: 11. Best value: 1.83411:  32%|███▏      | 16/50 [01:48<04:30,  7.95s/it]Best trial: 11. Best value: 1.83411:  34%|███▍      | 17/50 [01:48<04:24,  8.03s/it]D:\Python\realtime_estimate_tracker\venv_bds\lib\site-packages\xgboost\training.py:200: UserWarning: [22:02:55] WARNING: C:\actions-runner\_work\xgboost\xgboost\src\learner.cc:782: 
Parameters: { "devices", "task_type" } are not used.

  bst.update(dtrain, iteration=i, fobj=obj)
                                                                                    Best trial: 11. Best value: 1.83411:  34%|███▍      | 17/50 [01:52<04:24,  8.03s/it]Best trial: 11. Best value: 1.83411:  34%|███▍      | 17/50 [01:52<04:24,  8.03s/it]Best trial: 11. Best value: 1.83411:  36%|███▌      | 18/50 [01:52<03:34,  6.71s/it]D:\Python\realtime_estimate_tracker\venv_bds\lib\site-packages\xgboost\training.py:200: UserWarning: [22:02:59] WARNING: C:\actions-runner\_work\xgboost\xgboost\src\learner.cc:782: 
Parameters: { "devices", "task_type" } are not used.

  bst.update(dtrain, iteration=i, fobj=obj)
                                                                                    Best trial: 11. Best value: 1.83411:  36%|███▌      | 18/50 [02:01<03:34,  6.71s/it]Best trial: 11. Best value: 1.83411:  36%|███▌      | 18/50 [02:01<03:34,  6.71s/it]Best trial: 11. Best value: 1.83411:  38%|███▊      | 19/50 [02:01<03:47,  7.33s/it]D:\Python\realtime_estimate_tracker\venv_bds\lib\site-packages\xgboost\training.py:200: UserWarning: [22:03:07] WARNING: C:\actions-runner\_work\xgboost\xgboost\src\learner.cc:782: 
Parameters: { "devices", "task_type" } are not used.

  bst.update(dtrain, iteration=i, fobj=obj)
                                                                                    Best trial: 11. Best value: 1.83411:  38%|███▊      | 19/50 [02:17<03:47,  7.33s/it]Best trial: 11. Best value: 1.83411:  38%|███▊      | 19/50 [02:17<03:47,  7.33s/it]Best trial: 11. Best value: 1.83411:  40%|████      | 20/50 [02:17<04:55,  9.85s/it]D:\Python\realtime_estimate_tracker\venv_bds\lib\site-packages\xgboost\training.py:200: UserWarning: [22:03:23] WARNING: C:\actions-runner\_work\xgboost\xgboost\src\learner.cc:782: 
Parameters: { "devices", "task_type" } are not used.

  bst.update(dtrain, iteration=i, fobj=obj)
                                                                                    Best trial: 11. Best value: 1.83411:  40%|████      | 20/50 [02:22<04:55,  9.85s/it]Best trial: 11. Best value: 1.83411:  40%|████      | 20/50 [02:22<04:55,  9.85s/it]Best trial: 11. Best value: 1.83411:  42%|████▏     | 21/50 [02:22<04:05,  8.47s/it]D:\Python\realtime_estimate_tracker\venv_bds\lib\site-packages\xgboost\training.py:200: UserWarning: [22:03:28] WARNING: C:\actions-runner\_work\xgboost\xgboost\src\learner.cc:782: 
Parameters: { "devices", "task_type" } are not used.

  bst.update(dtrain, iteration=i, fobj=obj)
                                                                                    Best trial: 11. Best value: 1.83411:  42%|████▏     | 21/50 [02:32<04:05,  8.47s/it]Best trial: 21. Best value: 1.82496:  42%|████▏     | 21/50 [02:32<04:05,  8.47s/it]Best trial: 21. Best value: 1.82496:  44%|████▍     | 22/50 [02:32<04:07,  8.85s/it]D:\Python\realtime_estimate_tracker\venv_bds\lib\site-packages\xgboost\training.py:200: UserWarning: [22:03:38] WARNING: C:\actions-runner\_work\xgboost\xgboost\src\learner.cc:782: 
Parameters: { "devices", "task_type" } are not used.

  bst.update(dtrain, iteration=i, fobj=obj)
                                                                                    Best trial: 21. Best value: 1.82496:  44%|████▍     | 22/50 [02:41<04:07,  8.85s/it]Best trial: 21. Best value: 1.82496:  44%|████▍     | 22/50 [02:41<04:07,  8.85s/it]Best trial: 21. Best value: 1.82496:  46%|████▌     | 23/50 [02:41<04:07,  9.17s/it]D:\Python\realtime_estimate_tracker\venv_bds\lib\site-packages\xgboost\training.py:200: UserWarning: [22:03:48] WARNING: C:\actions-runner\_work\xgboost\xgboost\src\learner.cc:782: 
Parameters: { "devices", "task_type" } are not used.

  bst.update(dtrain, iteration=i, fobj=obj)
                                                                                    Best trial: 21. Best value: 1.82496:  46%|████▌     | 23/50 [02:49<04:07,  9.17s/it]Best trial: 21. Best value: 1.82496:  46%|████▌     | 23/50 [02:49<04:07,  9.17s/it]Best trial: 21. Best value: 1.82496:  48%|████▊     | 24/50 [02:49<03:44,  8.62s/it]D:\Python\realtime_estimate_tracker\venv_bds\lib\site-packages\xgboost\training.py:200: UserWarning: [22:03:55] WARNING: C:\actions-runner\_work\xgboost\xgboost\src\learner.cc:782: 
Parameters: { "devices", "task_type" } are not used.

  bst.update(dtrain, iteration=i, fobj=obj)
                                                                                    Best trial: 21. Best value: 1.82496:  48%|████▊     | 24/50 [02:55<03:44,  8.62s/it]Best trial: 21. Best value: 1.82496:  48%|████▊     | 24/50 [02:55<03:44,  8.62s/it]Best trial: 21. Best value: 1.82496:  50%|█████     | 25/50 [02:55<03:17,  7.91s/it]D:\Python\realtime_estimate_tracker\venv_bds\lib\site-packages\xgboost\training.py:200: UserWarning: [22:04:02] WARNING: C:\actions-runner\_work\xgboost\xgboost\src\learner.cc:782: 
Parameters: { "devices", "task_type" } are not used.

  bst.update(dtrain, iteration=i, fobj=obj)
                                                                                    Best trial: 21. Best value: 1.82496:  50%|█████     | 25/50 [03:03<03:17,  7.91s/it]Best trial: 21. Best value: 1.82496:  50%|█████     | 25/50 [03:03<03:17,  7.91s/it]Best trial: 21. Best value: 1.82496:  52%|█████▏    | 26/50 [03:03<03:11,  7.96s/it]D:\Python\realtime_estimate_tracker\venv_bds\lib\site-packages\xgboost\training.py:200: UserWarning: [22:04:10] WARNING: C:\actions-runner\_work\xgboost\xgboost\src\learner.cc:782: 
Parameters: { "devices", "task_type" } are not used.

  bst.update(dtrain, iteration=i, fobj=obj)
                                                                                    Best trial: 21. Best value: 1.82496:  52%|█████▏    | 26/50 [03:05<03:11,  7.96s/it]Best trial: 21. Best value: 1.82496:  52%|█████▏    | 26/50 [03:05<03:11,  7.96s/it]Best trial: 21. Best value: 1.82496:  54%|█████▍    | 27/50 [03:05<02:22,  6.21s/it]D:\Python\realtime_estimate_tracker\venv_bds\lib\site-packages\xgboost\training.py:200: UserWarning: [22:04:12] WARNING: C:\actions-runner\_work\xgboost\xgboost\src\learner.cc:782: 
Parameters: { "devices", "task_type" } are not used.

  bst.update(dtrain, iteration=i, fobj=obj)
                                                                                    Best trial: 21. Best value: 1.82496:  54%|█████▍    | 27/50 [03:12<02:22,  6.21s/it]Best trial: 21. Best value: 1.82496:  54%|█████▍    | 27/50 [03:12<02:22,  6.21s/it]Best trial: 21. Best value: 1.82496:  56%|█████▌    | 28/50 [03:12<02:18,  6.31s/it]D:\Python\realtime_estimate_tracker\venv_bds\lib\site-packages\xgboost\training.py:200: UserWarning: [22:04:18] WARNING: C:\actions-runner\_work\xgboost\xgboost\src\learner.cc:782: 
Parameters: { "devices", "task_type" } are not used.

  bst.update(dtrain, iteration=i, fobj=obj)
                                                                                    Best trial: 21. Best value: 1.82496:  56%|█████▌    | 28/50 [03:15<02:18,  6.31s/it]Best trial: 21. Best value: 1.82496:  56%|█████▌    | 28/50 [03:15<02:18,  6.31s/it]Best trial: 21. Best value: 1.82496:  58%|█████▊    | 29/50 [03:15<01:51,  5.33s/it]D:\Python\realtime_estimate_tracker\venv_bds\lib\site-packages\xgboost\training.py:200: UserWarning: [22:04:21] WARNING: C:\actions-runner\_work\xgboost\xgboost\src\learner.cc:782: 
Parameters: { "devices", "task_type" } are not used.

  bst.update(dtrain, iteration=i, fobj=obj)
                                                                                    Best trial: 21. Best value: 1.82496:  58%|█████▊    | 29/50 [03:22<01:51,  5.33s/it]Best trial: 21. Best value: 1.82496:  58%|█████▊    | 29/50 [03:22<01:51,  5.33s/it]Best trial: 21. Best value: 1.82496:  60%|██████    | 30/50 [03:22<01:58,  5.90s/it]D:\Python\realtime_estimate_tracker\venv_bds\lib\site-packages\xgboost\training.py:200: UserWarning: [22:04:29] WARNING: C:\actions-runner\_work\xgboost\xgboost\src\learner.cc:782: 
Parameters: { "devices", "task_type" } are not used.

  bst.update(dtrain, iteration=i, fobj=obj)
                                                                                    Best trial: 21. Best value: 1.82496:  60%|██████    | 30/50 [03:26<01:58,  5.90s/it]Best trial: 21. Best value: 1.82496:  60%|██████    | 30/50 [03:26<01:58,  5.90s/it]Best trial: 21. Best value: 1.82496:  62%|██████▏   | 31/50 [03:26<01:41,  5.37s/it]D:\Python\realtime_estimate_tracker\venv_bds\lib\site-packages\xgboost\training.py:200: UserWarning: [22:04:33] WARNING: C:\actions-runner\_work\xgboost\xgboost\src\learner.cc:782: 
Parameters: { "devices", "task_type" } are not used.

  bst.update(dtrain, iteration=i, fobj=obj)
                                                                                    Best trial: 21. Best value: 1.82496:  62%|██████▏   | 31/50 [03:38<01:41,  5.37s/it]Best trial: 21. Best value: 1.82496:  62%|██████▏   | 31/50 [03:38<01:41,  5.37s/it]