[I 2026-03-17 22:05:23,265] Trial 0 finished with value: 1.9812648900837373 and parameters: {'n_estimators': 948, 'learning_rate': 0.031802637608472975, 'max_depth': 14, 'subsample': 0.7745850797263093, 'colsample_bytree': 0.6468550954925644, 'min_child_weight': 9}. Best is trial 0 with value: 1.9812648900837373.
[I 2026-03-17 22:05:27,910] Trial 1 finished with value: 1.9741251976907588 and parameters: {'n_estimators': 1311, 'learning_rate': 0.012128346323869338, 'max_depth': 14, 'subsample': 0.6496534013632019, 'colsample_bytree': 0.6654211236206329, 'min_child_weight': 7}. Best is trial 1 with value: 1.9741251976907588.
[I 2026-03-17 22:05:29,084] Trial 2 finished with value: 2.1655139257782485 and parameters: {'n_estimators': 512, 'learning_rate': 0.02315028061384199, 'max_depth': 5, 'subsample': 0.7045449275898085, 'colsample_bytree': 0.8563825626767199, 'min_child_weight': 5}. Best is trial 1 with value: 1.9741251976907588.
[I 2026-03-17 22:05:31,387] Trial 3 finished with value: 1.966086317538909 and parameters: {'n_estimators': 560, 'learning_rate': 0.06154491814389847, 'max_depth': 15, 'subsample': 0.6833111547912678, 'colsample_bytree': 0.690794653391349, 'min_child_weight': 10}. Best is trial 3 with value: 1.966086317538909.
[I 2026-03-17 22:05:34,246] Trial 4 finished with value: 2.0012439393231283 and parameters: {'n_estimators': 930, 'learning_rate': 0.07796260658325545, 'max_depth': 12, 'subsample': 0.870865849315509, 'colsample_bytree': 0.6156288782595932, 'min_child_weight': 9}. Best is trial 3 with value: 1.966086317538909.
[I 2026-03-17 22:05:38,343] Trial 5 finished with value: 1.9033478885010553 and parameters: {'n_estimators': 1167, 'learning_rate': 0.016552209803468096, 'max_depth': 15, 'subsample': 0.7177182763483296, 'colsample_bytree': 0.8823589088100781, 'min_child_weight': 8}. Best is trial 5 with value: 1.9033478885010553.
[I 2026-03-17 22:05:40,448] Trial 6 finished with value: 2.037804462516875 and parameters: {'n_estimators': 530, 'learning_rate': 0.029554755830241017, 'max_depth': 9, 'subsample': 0.6266371269511668, 'colsample_bytree': 0.714511940218842, 'min_child_weight': 2}. Best is trial 5 with value: 1.9033478885010553.
[I 2026-03-17 22:05:43,515] Trial 7 finished with value: 2.015747595512128 and parameters: {'n_estimators': 692, 'learning_rate': 0.012746400107222854, 'max_depth': 14, 'subsample': 0.6135239273769123, 'colsample_bytree': 0.6416622871336263, 'min_child_weight': 4}. Best is trial 5 with value: 1.9033478885010553.
[I 2026-03-17 22:05:46,015] Trial 8 finished with value: 1.9323427075653603 and parameters: {'n_estimators': 812, 'learning_rate': 0.06614768759631952, 'max_depth': 12, 'subsample': 0.8978127586167998, 'colsample_bytree': 0.8619489202312782, 'min_child_weight': 7}. Best is trial 5 with value: 1.9033478885010553.
[I 2026-03-17 22:05:47,926] Trial 9 finished with value: 1.9226166575714778 and parameters: {'n_estimators': 372, 'learning_rate': 0.01766005607657397, 'max_depth': 13, 'subsample': 0.8619923442580797, 'colsample_bytree': 0.7742167321471839, 'min_child_weight': 1}. Best is trial 5 with value: 1.9033478885010553.
[I 2026-03-17 22:05:51,891] Trial 10 finished with value: 1.999537598538254 and parameters: {'n_estimators': 1460, 'learning_rate': 0.005016739563818117, 'max_depth': 9, 'subsample': 0.7625350945862579, 'colsample_bytree': 0.9866850660187574, 'min_child_weight': 7}. Best is trial 5 with value: 1.9033478885010553.
[I 2026-03-17 22:05:54,039] Trial 11 finished with value: 2.0335011526414037 and parameters: {'n_estimators': 319, 'learning_rate': 0.011249566805409872, 'max_depth': 12, 'subsample': 0.9675299121757875, 'colsample_bytree': 0.7866908303103801, 'min_child_weight': 1}. Best is trial 5 with value: 1.9033478885010553.
[I 2026-03-17 22:05:58,246] Trial 12 finished with value: 1.8852203511375822 and parameters: {'n_estimators': 1155, 'learning_rate': 0.015549250116427393, 'max_depth': 11, 'subsample': 0.8487712954319447, 'colsample_bytree': 0.9492373975603289, 'min_child_weight': 3}. Best is trial 12 with value: 1.8852203511375822.
[I 2026-03-17 22:06:01,452] Trial 13 finished with value: 2.051623594745048 and parameters: {'n_estimators': 1153, 'learning_rate': 0.006734879123368316, 'max_depth': 7, 'subsample': 0.8157510189342866, 'colsample_bytree': 0.9647668960814895, 'min_child_weight': 3}. Best is trial 12 with value: 1.8852203511375822.
[I 2026-03-17 22:06:05,711] Trial 14 finished with value: 1.9080351977143435 and parameters: {'n_estimators': 1070, 'learning_rate': 0.043036485778041714, 'max_depth': 10, 'subsample': 0.724182206607967, 'colsample_bytree': 0.9218121335297071, 'min_child_weight': 5}. Best is trial 12 with value: 1.8852203511375822.
[I 2026-03-17 22:06:09,644] Trial 15 finished with value: 2.0253298714194004 and parameters: {'n_estimators': 1219, 'learning_rate': 0.017960292307736506, 'max_depth': 7, 'subsample': 0.9586878085886275, 'colsample_bytree': 0.9041433766535443, 'min_child_weight': 3}. Best is trial 12 with value: 1.8852203511375822.
[I 2026-03-17 22:06:14,258] Trial 16 finished with value: 1.938230684485092 and parameters: {'n_estimators': 1392, 'learning_rate': 0.008757354121494377, 'max_depth': 11, 'subsample': 0.8166700343318285, 'colsample_bytree': 0.8475534641749493, 'min_child_weight': 6}. Best is trial 12 with value: 1.8852203511375822.
[I 2026-03-17 22:06:18,087] Trial 17 finished with value: 1.8775334470627354 and parameters: {'n_estimators': 1036, 'learning_rate': 0.016422671901300784, 'max_depth': 15, 'subsample': 0.750086528397313, 'colsample_bytree': 0.9320746507870061, 'min_child_weight': 8}. Best is trial 17 with value: 1.8775334470627354.
[I 2026-03-17 22:06:20,743] Trial 18 finished with value: 1.967481085767191 and parameters: {'n_estimators': 1025, 'learning_rate': 0.026662162577449595, 'max_depth': 8, 'subsample': 0.9199523831798391, 'colsample_bytree': 0.945507208878546, 'min_child_weight': 4}. Best is trial 17 with value: 1.8775334470627354.
[I 2026-03-17 22:06:23,514] Trial 19 finished with value: 1.9850518274517146 and parameters: {'n_estimators': 839, 'learning_rate': 0.008269616825369412, 'max_depth': 11, 'subsample': 0.8395095915159109, 'colsample_bytree': 0.8297451114171951, 'min_child_weight': 6}. Best is trial 17 with value: 1.8775334470627354.
[I 2026-03-17 22:06:26,426] Trial 20 finished with value: 2.0882184858595148 and parameters: {'n_estimators': 1310, 'learning_rate': 0.039703332965977674, 'max_depth': 5, 'subsample': 0.7652113401671975, 'colsample_bytree': 0.9915420524561431, 'min_child_weight': 10}. Best is trial 17 with value: 1.8775334470627354.
[I 2026-03-17 22:06:31,364] Trial 21 finished with value: 1.884673070909817 and parameters: {'n_estimators': 1117, 'learning_rate': 0.01726478177448492, 'max_depth': 15, 'subsample': 0.7348240142809629, 'colsample_bytree': 0.8993731384873952, 'min_child_weight': 8}. Best is trial 17 with value: 1.8775334470627354.
[I 2026-03-17 22:06:36,243] Trial 22 finished with value: 1.8845773780191621 and parameters: {'n_estimators': 1063, 'learning_rate': 0.016192790932287995, 'max_depth': 15, 'subsample': 0.7892841706597774, 'colsample_bytree': 0.9343030957147708, 'min_child_weight': 8}. Best is trial 17 with value: 1.8775334470627354.
[I 2026-03-17 22:06:40,925] Trial 23 finished with value: 1.883794827975694 and parameters: {'n_estimators': 997, 'learning_rate': 0.02149610724658295, 'max_depth': 15, 'subsample': 0.7459643434895104, 'colsample_bytree': 0.9118960661872715, 'min_child_weight': 8}. Best is trial 17 with value: 1.8775334470627354.
[I 2026-03-17 22:06:43,856] Trial 24 finished with value: 1.8965397253588063 and parameters: {'n_estimators': 729, 'learning_rate': 0.023358709014949686, 'max_depth': 13, 'subsample': 0.6725118124083418, 'colsample_bytree': 0.9242635870133876, 'min_child_weight': 8}. Best is trial 17 with value: 1.8775334470627354.
[I 2026-03-17 22:06:49,298] Trial 25 finished with value: 1.913491166182863 and parameters: {'n_estimators': 1016, 'learning_rate': 0.0347985451987464, 'max_depth': 15, 'subsample': 0.7844436463673303, 'colsample_bytree': 0.8187711315301742, 'min_child_weight': 9}. Best is trial 17 with value: 1.8775334470627354.
[I 2026-03-17 22:06:53,153] Trial 26 finished with value: 1.9913543407089396 and parameters: {'n_estimators': 869, 'learning_rate': 0.009953460656009503, 'max_depth': 13, 'subsample': 0.7485669716919909, 'colsample_bytree': 0.7444380920629248, 'min_child_weight': 8}. Best is trial 17 with value: 1.8775334470627354.
[I 2026-03-17 22:06:59,836] Trial 27 finished with value: 1.8884571315601135 and parameters: {'n_estimators': 1257, 'learning_rate': 0.013874282891659099, 'max_depth': 14, 'subsample': 0.7976103812215294, 'colsample_bytree': 0.8804742803122652, 'min_child_weight': 7}. Best is trial 17 with value: 1.8775334470627354.
[I 2026-03-17 22:07:03,361] Trial 28 finished with value: 1.9118526335082835 and parameters: {'n_estimators': 963, 'learning_rate': 0.022504307371407496, 'max_depth': 15, 'subsample': 0.7028258178861384, 'colsample_bytree': 0.9284184643556188, 'min_child_weight': 9}. Best is trial 17 with value: 1.8775334470627354.
[I 2026-03-17 22:07:05,879] Trial 29 finished with value: 1.9007878345523532 and parameters: {'n_estimators': 748, 'learning_rate': 0.04695615926726301, 'max_depth': 13, 'subsample': 0.7825512580266223, 'colsample_bytree': 0.9766131907456388, 'min_child_weight': 9}. Best is trial 17 with value: 1.8775334470627354.
[I 2026-03-17 22:07:09,221] Trial 30 finished with value: 1.920272228223369 and parameters: {'n_estimators': 974, 'learning_rate': 0.019181137743478172, 'max_depth': 14, 'subsample': 0.7480827023063968, 'colsample_bytree': 0.9514901548615157, 'min_child_weight': 10}. Best is trial 17 with value: 1.8775334470627354.
[I 2026-03-17 22:07:13,171] Trial 31 finished with value: 1.8856296452594947 and parameters: {'n_estimators': 1063, 'learning_rate': 0.0197444042706463, 'max_depth': 15, 'subsample': 0.7358157061668833, 'colsample_bytree': 0.8962228875351723, 'min_child_weight': 8}. Best is trial 17 with value: 1.8775334470627354.
[I 2026-03-17 22:07:17,690] Trial 32 finished with value: 1.911306698890959 and parameters: {'n_estimators': 1093, 'learning_rate': 0.014142607536699629, 'max_depth': 14, 'subsample': 0.6558380310824872, 'colsample_bytree': 0.9016811572057081, 'min_child_weight': 8}. Best is trial 17 with value: 1.8775334470627354.
[I 2026-03-17 22:07:22,042] Trial 33 finished with value: 1.8674926845511117 and parameters: {'n_estimators': 910, 'learning_rate': 0.025503382862541526, 'max_depth': 14, 'subsample': 0.8168170909264687, 'colsample_bytree': 0.8731632421155057, 'min_child_weight': 6}. Best is trial 33 with value: 1.8674926845511117.
[I 2026-03-17 22:07:26,206] Trial 34 finished with value: 1.8761636666243255 and parameters: {'n_estimators': 903, 'learning_rate': 0.02607667929895071, 'max_depth': 14, 'subsample': 0.8212010872353582, 'colsample_bytree': 0.8637318108916312, 'min_child_weight': 7}. Best is trial 33 with value: 1.8674926845511117.
[I 2026-03-17 22:07:29,318] Trial 35 finished with value: 1.9066225041401808 and parameters: {'n_estimators': 624, 'learning_rate': 0.027356348482663998, 'max_depth': 14, 'subsample': 0.8116271373953604, 'colsample_bytree': 0.8139786541119163, 'min_child_weight': 6}. Best is trial 33 with value: 1.8674926845511117.
[I 2026-03-17 22:07:33,801] Trial 36 finished with value: 1.9052419303570276 and parameters: {'n_estimators': 899, 'learning_rate': 0.05140151918168812, 'max_depth': 14, 'subsample': 0.8930723431356551, 'colsample_bytree': 0.8617975125917472, 'min_child_weight': 7}. Best is trial 33 with value: 1.8674926845511117.
[I 2026-03-17 22:07:37,932] Trial 37 finished with value: 1.896058640001175 and parameters: {'n_estimators': 820, 'learning_rate': 0.03438721104629659, 'max_depth': 13, 'subsample': 0.8379237658263223, 'colsample_bytree': 0.8355794138714986, 'min_child_weight': 5}. Best is trial 33 with value: 1.8674926845511117.
[I 2026-03-17 22:07:41,753] Trial 38 finished with value: 1.9024175486464834 and parameters: {'n_estimators': 917, 'learning_rate': 0.025029688624224812, 'max_depth': 12, 'subsample': 0.8304829011621163, 'colsample_bytree': 0.8735935586432829, 'min_child_weight': 6}. Best is trial 33 with value: 1.8674926845511117.
[I 2026-03-17 22:07:46,417] Trial 39 finished with value: 1.916682012898625 and parameters: {'n_estimators': 991, 'learning_rate': 0.03190135112086099, 'max_depth': 15, 'subsample': 0.8809854478482474, 'colsample_bytree': 0.7937949291814549, 'min_child_weight': 7}. Best is trial 33 with value: 1.8674926845511117.
[I 2026-03-17 22:07:49,150] Trial 40 finished with value: 1.9486353080569587 and parameters: {'n_estimators': 645, 'learning_rate': 0.021148324290547568, 'max_depth': 13, 'subsample': 0.7110181140411296, 'colsample_bytree': 0.8469930211055817, 'min_child_weight': 9}. Best is trial 33 with value: 1.8674926845511117.
[I 2026-03-17 22:07:53,320] Trial 41 finished with value: 1.900975553151498 and parameters: {'n_estimators': 931, 'learning_rate': 0.01544694607808446, 'max_depth': 14, 'subsample': 0.7949885173731739, 'colsample_bytree': 0.9259614101111971, 'min_child_weight': 8}. Best is trial 33 with value: 1.8674926845511117.
[I 2026-03-17 22:07:57,254] Trial 42 finished with value: 1.8957467716693208 and parameters: {'n_estimators': 767, 'learning_rate': 0.029461643896249685, 'max_depth': 15, 'subsample': 0.7687792336935995, 'colsample_bytree': 0.8844370758125705, 'min_child_weight': 7}. Best is trial 33 with value: 1.8674926845511117.
[I 2026-03-17 22:08:01,920] Trial 43 finished with value: 1.8903815550061027 and parameters: {'n_estimators': 1032, 'learning_rate': 0.09811502597068865, 'max_depth': 14, 'subsample': 0.6986387817364847, 'colsample_bytree': 0.9630573365080418, 'min_child_weight': 7}. Best is trial 33 with value: 1.8674926845511117.
[I 2026-03-17 22:08:06,374] Trial 44 finished with value: 1.862711378177628 and parameters: {'n_estimators': 855, 'learning_rate': 0.011779318576870935, 'max_depth': 15, 'subsample': 0.7592508202291768, 'colsample_bytree': 0.9392350233128802, 'min_child_weight': 5}. Best is trial 44 with value: 1.862711378177628.
[I 2026-03-17 22:08:10,946] Trial 45 finished with value: 1.8934318020390766 and parameters: {'n_estimators': 874, 'learning_rate': 0.011905236649466694, 'max_depth': 15, 'subsample': 0.7522724627250167, 'colsample_bytree': 0.9105328515921458, 'min_child_weight': 5}. Best is trial 44 with value: 1.862711378177628.
[I 2026-03-17 22:08:15,333] Trial 46 finished with value: 1.877605827408912 and parameters: {'n_estimators': 791, 'learning_rate': 0.010531421423550371, 'max_depth': 14, 'subsample': 0.8593777416037852, 'colsample_bytree': 0.8672863443287168, 'min_child_weight': 4}. Best is trial 44 with value: 1.862711378177628.
[I 2026-03-17 22:08:19,335] Trial 47 finished with value: 1.904142378024451 and parameters: {'n_estimators': 781, 'learning_rate': 0.010175938614706382, 'max_depth': 13, 'subsample': 0.8523414260746902, 'colsample_bytree': 0.8718966236316228, 'min_child_weight': 4}. Best is trial 44 with value: 1.862711378177628.
[I 2026-03-17 22:08:21,784] Trial 48 finished with value: 2.177173650064019 and parameters: {'n_estimators': 502, 'learning_rate': 0.006132821061013031, 'max_depth': 12, 'subsample': 0.8704530018204744, 'colsample_bytree': 0.7422198509027413, 'min_child_weight': 5}. Best is trial 44 with value: 1.862711378177628.
