[I 2026-03-27 22:08:02,460] Trial 49 finished with value: 1.9317590180165507 and parameters: {'n_estimators': 1353, 'learning_rate': 0.006305912471755894, 'max_depth': 15, 'subsample': 0.9805406400081539, 'colsample_bytree': 0.727365049313953, 'min_child_weight': 1}. Best is trial 34 with value: 1.8912222379378232.
✅ Tham số tối ưu nhất từ Optuna: {'n_estimators': 1007, 'learning_rate': 0.05414966759368898, 'max_depth': 15, 'subsample': 0.8019671075797029, 'colsample_bytree': 0.8604832460825165, 'min_child_weight': 2}
MAE của mô hình XGBoost: 1.9243
R² của mô hình XGBoost: 0.9054
🥊 Đang so sánh... Champion MAE: 1.6245 vs Challenger MAE: 1.9243
🛡️ Champion bảo vệ ngôi vương. Giữ nguyên mô hình cũ.
[Fri 03/27/2026 22:08:09.68] [4/4] Dang dong bo AI Model (qua LFS) len GitHub... 
[main 1d1975c] Auto-update AI Model: Fri 03/27/2026 22:08:11.84
 2 files changed, 312 insertions(+)
remote: This repository moved. Please use the new location:        
remote:   https://github.com/HieuNT316/hanoi-house-price-prediction.git        
To https://github.com/Alexus143/hanoi-house-price-prediction.git
   e63d1c4..1d1975c  main -> main
========================================= 
[Sat 03/28/2026 22:00:02.86] [1/4] Dang cao chi tiet BĐS... 
🔍 Đang cấu hình Database với: postgres.kkwivuufxdewurmxtsto@aws-1-ap-southeast-1.pooler.supabase.com:5432/postgres

[DetailSpider] Khởi động luồng làm giàu dữ liệu (Limit: 50 bài/lượt)...
✅ Đã kết nối thành công tới PostgreSQL.
[DetailSpider] ✅ Không có listing nào cần làm giàu dữ liệu. Đi ngủ!
[Sat 03/28/2026 22:00:33.03] [2/4] Dang clean du lieu... 
🔍 Đang cấu hình Database với: postgres.kkwivuufxdewurmxtsto@aws-1-ap-southeast-1.pooler.supabase.com:5432/postgres
✅ Đã kết nối thành công tới PostgreSQL.
🔄 Upsert thành công 5493 bản ghi vào 'bds_hadong'.
✅ Đã cập nhật cột legal_status và furniture thành công.
[Sat 03/28/2026 22:00:41.13] [3/4] Dang huan luyen AI tren du lieu moi... 
🔍 Đang cấu hình Database với: postgres.kkwivuufxdewurmxtsto@aws-1-ap-southeast-1.pooler.supabase.com:5432/postgres
[I 2026-03-28 22:01:06,837] A new study created in memory with name: no-name-8d24ba33-2941-4dd4-b0d0-bb284107b9cb
✅ Đã kết nối thành công tới PostgreSQL.
  0%|          | 0/50 [00:00<?, ?it/s]D:\Python\realtime_estimate_tracker\venv_bds\lib\site-packages\xgboost\training.py:200: UserWarning: [22:01:07] WARNING: C:\actions-runner\_work\xgboost\xgboost\src\learner.cc:782: 
Parameters: { "devices", "task_type" } are not used.

  bst.update(dtrain, iteration=i, fobj=obj)
                                        0%|          | 0/50 [00:04<?, ?it/s]Best trial: 0. Best value: 2.05692:   0%|          | 0/50 [00:04<?, ?it/s]Best trial: 0. Best value: 2.05692:   2%|▏         | 1/50 [00:04<03:27,  4.24s/it]D:\Python\realtime_estimate_tracker\venv_bds\lib\site-packages\xgboost\training.py:200: UserWarning: [22:01:11] WARNING: C:\actions-runner\_work\xgboost\xgboost\src\learner.cc:782: 
Parameters: { "devices", "task_type" } are not used.

  bst.update(dtrain, iteration=i, fobj=obj)
                                                                                  Best trial: 0. Best value: 2.05692:   2%|▏         | 1/50 [00:08<03:27,  4.24s/it]Best trial: 1. Best value: 1.96136:   2%|▏         | 1/50 [00:08<03:27,  4.24s/it]Best trial: 1. Best value: 1.96136:   4%|▍         | 2/50 [00:08<03:27,  4.32s/it]D:\Python\realtime_estimate_tracker\venv_bds\lib\site-packages\xgboost\training.py:200: UserWarning: [22:01:15] WARNING: C:\actions-runner\_work\xgboost\xgboost\src\learner.cc:782: 
Parameters: { "devices", "task_type" } are not used.

  bst.update(dtrain, iteration=i, fobj=obj)
                                                                                  Best trial: 1. Best value: 1.96136:   4%|▍         | 2/50 [00:13<03:27,  4.32s/it]Best trial: 1. Best value: 1.96136:   4%|▍         | 2/50 [00:13<03:27,  4.32s/it]Best trial: 1. Best value: 1.96136:   6%|▌         | 3/50 [00:13<03:39,  4.67s/it]D:\Python\realtime_estimate_tracker\venv_bds\lib\site-packages\xgboost\training.py:200: UserWarning: [22:01:20] WARNING: C:\actions-runner\_work\xgboost\xgboost\src\learner.cc:782: 
Parameters: { "devices", "task_type" } are not used.

  bst.update(dtrain, iteration=i, fobj=obj)
                                                                                  Best trial: 1. Best value: 1.96136:   6%|▌         | 3/50 [00:14<03:39,  4.67s/it]Best trial: 1. Best value: 1.96136:   6%|▌         | 3/50 [00:14<03:39,  4.67s/it]Best trial: 1. Best value: 1.96136:   8%|▊         | 4/50 [00:14<02:28,  3.23s/it]D:\Python\realtime_estimate_tracker\venv_bds\lib\site-packages\xgboost\training.py:200: UserWarning: [22:01:21] WARNING: C:\actions-runner\_work\xgboost\xgboost\src\learner.cc:782: 
Parameters: { "devices", "task_type" } are not used.

  bst.update(dtrain, iteration=i, fobj=obj)
                                                                                  Best trial: 1. Best value: 1.96136:   8%|▊         | 4/50 [00:19<02:28,  3.23s/it]Best trial: 1. Best value: 1.96136:   8%|▊         | 4/50 [00:19<02:28,  3.23s/it]Best trial: 1. Best value: 1.96136:  10%|█         | 5/50 [00:19<02:49,  3.77s/it]D:\Python\realtime_estimate_tracker\venv_bds\lib\site-packages\xgboost\training.py:200: UserWarning: [22:01:26] WARNING: C:\actions-runner\_work\xgboost\xgboost\src\learner.cc:782: 
Parameters: { "devices", "task_type" } are not used.

  bst.update(dtrain, iteration=i, fobj=obj)
                                                                                  Best trial: 1. Best value: 1.96136:  10%|█         | 5/50 [00:22<02:49,  3.77s/it]Best trial: 1. Best value: 1.96136:  10%|█         | 5/50 [00:22<02:49,  3.77s/it]Best trial: 1. Best value: 1.96136:  12%|█▏        | 6/50 [00:22<02:33,  3.48s/it]D:\Python\realtime_estimate_tracker\venv_bds\lib\site-packages\xgboost\training.py:200: UserWarning: [22:01:29] WARNING: C:\actions-runner\_work\xgboost\xgboost\src\learner.cc:782: 
Parameters: { "devices", "task_type" } are not used.

  bst.update(dtrain, iteration=i, fobj=obj)
                                                                                  Best trial: 1. Best value: 1.96136:  12%|█▏        | 6/50 [00:24<02:33,  3.48s/it]Best trial: 1. Best value: 1.96136:  12%|█▏        | 6/50 [00:24<02:33,  3.48s/it]Best trial: 1. Best value: 1.96136:  14%|█▍        | 7/50 [00:24<02:17,  3.19s/it]D:\Python\realtime_estimate_tracker\venv_bds\lib\site-packages\xgboost\training.py:200: UserWarning: [22:01:31] WARNING: C:\actions-runner\_work\xgboost\xgboost\src\learner.cc:782: 
Parameters: { "devices", "task_type" } are not used.

  bst.update(dtrain, iteration=i, fobj=obj)
                                                                                  Best trial: 1. Best value: 1.96136:  14%|█▍        | 7/50 [00:27<02:17,  3.19s/it]Best trial: 1. Best value: 1.96136:  14%|█▍        | 7/50 [00:27<02:17,  3.19s/it]Best trial: 1. Best value: 1.96136:  16%|█▌        | 8/50 [00:27<02:07,  3.03s/it]D:\Python\realtime_estimate_tracker\venv_bds\lib\site-packages\xgboost\training.py:200: UserWarning: [22:01:34] WARNING: C:\actions-runner\_work\xgboost\xgboost\src\learner.cc:782: 
Parameters: { "devices", "task_type" } are not used.

  bst.update(dtrain, iteration=i, fobj=obj)
                                                                                  Best trial: 1. Best value: 1.96136:  16%|█▌        | 8/50 [00:29<02:07,  3.03s/it]Best trial: 1. Best value: 1.96136:  16%|█▌        | 8/50 [00:29<02:07,  3.03s/it]Best trial: 1. Best value: 1.96136:  18%|█▊        | 9/50 [00:29<01:51,  2.72s/it]D:\Python\realtime_estimate_tracker\venv_bds\lib\site-packages\xgboost\training.py:200: UserWarning: [22:01:36] WARNING: C:\actions-runner\_work\xgboost\xgboost\src\learner.cc:782: 
Parameters: { "devices", "task_type" } are not used.

  bst.update(dtrain, iteration=i, fobj=obj)
                                                                                  Best trial: 1. Best value: 1.96136:  18%|█▊        | 9/50 [00:31<01:51,  2.72s/it]Best trial: 1. Best value: 1.96136:  18%|█▊        | 9/50 [00:31<01:51,  2.72s/it]Best trial: 1. Best value: 1.96136:  20%|██        | 10/50 [00:31<01:39,  2.49s/it]D:\Python\realtime_estimate_tracker\venv_bds\lib\site-packages\xgboost\training.py:200: UserWarning: [22:01:38] WARNING: C:\actions-runner\_work\xgboost\xgboost\src\learner.cc:782: 
Parameters: { "devices", "task_type" } are not used.

  bst.update(dtrain, iteration=i, fobj=obj)
                                                                                   Best trial: 1. Best value: 1.96136:  20%|██        | 10/50 [00:35<01:39,  2.49s/it]Best trial: 1. Best value: 1.96136:  20%|██        | 10/50 [00:35<01:39,  2.49s/it]Best trial: 1. Best value: 1.96136:  22%|██▏       | 11/50 [00:35<01:54,  2.92s/it]D:\Python\realtime_estimate_tracker\venv_bds\lib\site-packages\xgboost\training.py:200: UserWarning: [22:01:42] WARNING: C:\actions-runner\_work\xgboost\xgboost\src\learner.cc:782: 
Parameters: { "devices", "task_type" } are not used.

  bst.update(dtrain, iteration=i, fobj=obj)
                                                                                   Best trial: 1. Best value: 1.96136:  22%|██▏       | 11/50 [00:39<01:54,  2.92s/it]Best trial: 1. Best value: 1.96136:  22%|██▏       | 11/50 [00:39<01:54,  2.92s/it]Best trial: 1. Best value: 1.96136:  24%|██▍       | 12/50 [00:39<02:05,  3.29s/it]D:\Python\realtime_estimate_tracker\venv_bds\lib\site-packages\xgboost\training.py:200: UserWarning: [22:01:46] WARNING: C:\actions-runner\_work\xgboost\xgboost\src\learner.cc:782: 
Parameters: { "devices", "task_type" } are not used.

  bst.update(dtrain, iteration=i, fobj=obj)
                                                                                   Best trial: 1. Best value: 1.96136:  24%|██▍       | 12/50 [00:45<02:05,  3.29s/it]Best trial: 1. Best value: 1.96136:  24%|██▍       | 12/50 [00:45<02:05,  3.29s/it]Best trial: 1. Best value: 1.96136:  26%|██▌       | 13/50 [00:45<02:28,  4.01s/it]D:\Python\realtime_estimate_tracker\venv_bds\lib\site-packages\xgboost\training.py:200: UserWarning: [22:01:52] WARNING: C:\actions-runner\_work\xgboost\xgboost\src\learner.cc:782: 
Parameters: { "devices", "task_type" } are not used.

  bst.update(dtrain, iteration=i, fobj=obj)
                                                                                   Best trial: 1. Best value: 1.96136:  26%|██▌       | 13/50 [00:48<02:28,  4.01s/it]Best trial: 1. Best value: 1.96136:  26%|██▌       | 13/50 [00:48<02:28,  4.01s/it]Best trial: 1. Best value: 1.96136:  28%|██▊       | 14/50 [00:48<02:19,  3.89s/it]D:\Python\realtime_estimate_tracker\venv_bds\lib\site-packages\xgboost\training.py:200: UserWarning: [22:01:55] WARNING: C:\actions-runner\_work\xgboost\xgboost\src\learner.cc:782: 
Parameters: { "devices", "task_type" } are not used.

  bst.update(dtrain, iteration=i, fobj=obj)
                                                                                   Best trial: 1. Best value: 1.96136:  28%|██▊       | 14/50 [00:54<02:19,  3.89s/it]Best trial: 1. Best value: 1.96136:  28%|██▊       | 14/50 [00:54<02:19,  3.89s/it]Best trial: 1. Best value: 1.96136:  30%|███       | 15/50 [00:54<02:29,  4.27s/it]D:\Python\realtime_estimate_tracker\venv_bds\lib\site-packages\xgboost\training.py:200: UserWarning: [22:02:01] WARNING: C:\actions-runner\_work\xgboost\xgboost\src\learner.cc:782: 
Parameters: { "devices", "task_type" } are not used.

  bst.update(dtrain, iteration=i, fobj=obj)
                                                                                   Best trial: 1. Best value: 1.96136:  30%|███       | 15/50 [00:57<02:29,  4.27s/it]Best trial: 15. Best value: 1.95219:  30%|███       | 15/50 [00:57<02:29,  4.27s/it]Best trial: 15. Best value: 1.95219:  32%|███▏      | 16/50 [00:57<02:15,  3.97s/it]D:\Python\realtime_estimate_tracker\venv_bds\lib\site-packages\xgboost\training.py:200: UserWarning: [22:02:04] WARNING: C:\actions-runner\_work\xgboost\xgboost\src\learner.cc:782: 
Parameters: { "devices", "task_type" } are not used.

  bst.update(dtrain, iteration=i, fobj=obj)
                                                                                    Best trial: 15. Best value: 1.95219:  32%|███▏      | 16/50 [00:59<02:15,  3.97s/it]Best trial: 16. Best value: 1.94495:  32%|███▏      | 16/50 [00:59<02:15,  3.97s/it]Best trial: 16. Best value: 1.94495:  34%|███▍      | 17/50 [00:59<01:53,  3.45s/it]D:\Python\realtime_estimate_tracker\venv_bds\lib\site-packages\xgboost\training.py:200: UserWarning: [22:02:06] WARNING: C:\actions-runner\_work\xgboost\xgboost\src\learner.cc:782: 
Parameters: { "devices", "task_type" } are not used.

  bst.update(dtrain, iteration=i, fobj=obj)
                                                                                    Best trial: 16. Best value: 1.94495:  34%|███▍      | 17/50 [01:01<01:53,  3.45s/it]Best trial: 17. Best value: 1.93702:  34%|███▍      | 17/50 [01:01<01:53,  3.45s/it]Best trial: 17. Best value: 1.93702:  36%|███▌      | 18/50 [01:01<01:37,  3.04s/it]D:\Python\realtime_estimate_tracker\venv_bds\lib\site-packages\xgboost\training.py:200: UserWarning: [22:02:08] WARNING: C:\actions-runner\_work\xgboost\xgboost\src\learner.cc:782: 
Parameters: { "devices", "task_type" } are not used.

  bst.update(dtrain, iteration=i, fobj=obj)
                                                                                    Best trial: 17. Best value: 1.93702:  36%|███▌      | 18/50 [01:03<01:37,  3.04s/it]Best trial: 17. Best value: 1.93702:  36%|███▌      | 18/50 [01:03<01:37,  3.04s/it]Best trial: 17. Best value: 1.93702:  38%|███▊      | 19/50 [01:03<01:22,  2.66s/it]D:\Python\realtime_estimate_tracker\venv_bds\lib\site-packages\xgboost\training.py:200: UserWarning: [22:02:10] WARNING: C:\actions-runner\_work\xgboost\xgboost\src\learner.cc:782: 
Parameters: { "devices", "task_type" } are not used.

  bst.update(dtrain, iteration=i, fobj=obj)
                                                                                    Best trial: 17. Best value: 1.93702:  38%|███▊      | 19/50 [01:05<01:22,  2.66s/it]Best trial: 17. Best value: 1.93702:  38%|███▊      | 19/50 [01:05<01:22,  2.66s/it]Best trial: 17. Best value: 1.93702:  40%|████      | 20/50 [01:05<01:16,  2.56s/it]D:\Python\realtime_estimate_tracker\venv_bds\lib\site-packages\xgboost\training.py:200: UserWarning: [22:02:12] WARNING: C:\actions-runner\_work\xgboost\xgboost\src\learner.cc:782: 
Parameters: { "devices", "task_type" } are not used.

  bst.update(dtrain, iteration=i, fobj=obj)
                                                                                    Best trial: 17. Best value: 1.93702:  40%|████      | 20/50 [01:07<01:16,  2.56s/it]Best trial: 17. Best value: 1.93702:  40%|████      | 20/50 [01:07<01:16,  2.56s/it]Best trial: 17. Best value: 1.93702:  42%|████▏     | 21/50 [01:07<01:06,  2.31s/it]D:\Python\realtime_estimate_tracker\venv_bds\lib\site-packages\xgboost\training.py:200: UserWarning: [22:02:14] WARNING: C:\actions-runner\_work\xgboost\xgboost\src\learner.cc:782: 
Parameters: { "devices", "task_type" } are not used.

  bst.update(dtrain, iteration=i, fobj=obj)
                                                                                    Best trial: 17. Best value: 1.93702:  42%|████▏     | 21/50 [01:10<01:06,  2.31s/it]Best trial: 17. Best value: 1.93702:  42%|████▏     | 21/50 [01:10<01:06,  2.31s/it]Best trial: 17. Best value: 1.93702:  44%|████▍     | 22/50 [01:10<01:06,  2.37s/it]D:\Python\realtime_estimate_tracker\venv_bds\lib\site-packages\xgboost\training.py:200: UserWarning: [22:02:16] WARNING: C:\actions-runner\_work\xgboost\xgboost\src\learner.cc:782: 
Parameters: { "devices", "task_type" } are not used.

  bst.update(dtrain, iteration=i, fobj=obj)
                                                                                    Best trial: 17. Best value: 1.93702:  44%|████▍     | 22/50 [01:12<01:06,  2.37s/it]Best trial: 17. Best value: 1.93702:  44%|████▍     | 22/50 [01:12<01:06,  2.37s/it]Best trial: 17. Best value: 1.93702:  46%|████▌     | 23/50 [01:12<01:04,  2.38s/it]D:\Python\realtime_estimate_tracker\venv_bds\lib\site-packages\xgboost\training.py:200: UserWarning: [22:02:19] WARNING: C:\actions-runner\_work\xgboost\xgboost\src\learner.cc:782: 
Parameters: { "devices", "task_type" } are not used.

  bst.update(dtrain, iteration=i, fobj=obj)
                                                                                    Best trial: 17. Best value: 1.93702:  46%|████▌     | 23/50 [01:14<01:04,  2.38s/it]Best trial: 17. Best value: 1.93702:  46%|████▌     | 23/50 [01:14<01:04,  2.38s/it]Best trial: 17. Best value: 1.93702:  48%|████▊     | 24/50 [01:14<01:02,  2.42s/it]D:\Python\realtime_estimate_tracker\venv_bds\lib\site-packages\xgboost\training.py:200: UserWarning: [22:02:21] WARNING: C:\actions-runner\_work\xgboost\xgboost\src\learner.cc:782: 
Parameters: { "devices", "task_type" } are not used.

  bst.update(dtrain, iteration=i, fobj=obj)
                                                                                    Best trial: 17. Best value: 1.93702:  48%|████▊     | 24/50 [01:17<01:02,  2.42s/it]Best trial: 17. Best value: 1.93702:  48%|████▊     | 24/50 [01:17<01:02,  2.42s/it]Best trial: 17. Best value: 1.93702:  50%|█████     | 25/50 [01:17<00:59,  2.38s/it]D:\Python\realtime_estimate_tracker\venv_bds\lib\site-packages\xgboost\training.py:200: UserWarning: [22:02:24] WARNING: C:\actions-runner\_work\xgboost\xgboost\src\learner.cc:782: 
Parameters: { "devices", "task_type" } are not used.

  bst.update(dtrain, iteration=i, fobj=obj)
                                                                                    Best trial: 17. Best value: 1.93702:  50%|█████     | 25/50 [01:18<00:59,  2.38s/it]Best trial: 17. Best value: 1.93702:  50%|█████     | 25/50 [01:18<00:59,  2.38s/it]Best trial: 17. Best value: 1.93702:  52%|█████▏    | 26/50 [01:18<00:50,  2.11s/it]D:\Python\realtime_estimate_tracker\venv_bds\lib\site-packages\xgboost\training.py:200: UserWarning: [22:02:25] WARNING: C:\actions-runner\_work\xgboost\xgboost\src\learner.cc:782: 
Parameters: { "devices", "task_type" } are not used.

  bst.update(dtrain, iteration=i, fobj=obj)
                                                                                    Best trial: 17. Best value: 1.93702:  52%|█████▏    | 26/50 [01:21<00:50,  2.11s/it]Best trial: 17. Best value: 1.93702:  52%|█████▏    | 26/50 [01:21<00:50,  2.11s/it]Best trial: 17. Best value: 1.93702:  54%|█████▍    | 27/50 [01:21<00:53,  2.32s/it]D:\Python\realtime_estimate_tracker\venv_bds\lib\site-packages\xgboost\training.py:200: UserWarning: [22:02:28] WARNING: C:\actions-runner\_work\xgboost\xgboost\src\learner.cc:782: 
Parameters: { "devices", "task_type" } are not used.

  bst.update(dtrain, iteration=i, fobj=obj)
                                                                                    Best trial: 17. Best value: 1.93702:  54%|█████▍    | 27/50 [01:22<00:53,  2.32s/it]Best trial: 17. Best value: 1.93702:  54%|█████▍    | 27/50 [01:22<00:53,  2.32s/it]Best trial: 17. Best value: 1.93702:  56%|█████▌    | 28/50 [01:22<00:43,  1.99s/it]D:\Python\realtime_estimate_tracker\venv_bds\lib\site-packages\xgboost\training.py:200: UserWarning: [22:02:29] WARNING: C:\actions-runner\_work\xgboost\xgboost\src\learner.cc:782: 
Parameters: { "devices", "task_type" } are not used.

  bst.update(dtrain, iteration=i, fobj=obj)
                                                                                    Best trial: 17. Best value: 1.93702:  56%|█████▌    | 28/50 [01:25<00:43,  1.99s/it]Best trial: 17. Best value: 1.93702:  56%|█████▌    | 28/50 [01:25<00:43,  1.99s/it]Best trial: 17. Best value: 1.93702:  58%|█████▊    | 29/50 [01:25<00:46,  2.21s/it]D:\Python\realtime_estimate_tracker\venv_bds\lib\site-packages\xgboost\training.py:200: UserWarning: [22:02:32] WARNING: C:\actions-runner\_work\xgboost\xgboost\src\learner.cc:782: 
Parameters: { "devices", "task_type" } are not used.

  bst.update(dtrain, iteration=i, fobj=obj)
                                                                                    Best trial: 17. Best value: 1.93702:  58%|█████▊    | 29/50 [01:27<00:46,  2.21s/it]Best trial: 17. Best value: 1.93702:  58%|█████▊    | 29/50 [01:27<00:46,  2.21s/it]Best trial: 17. Best value: 1.93702:  60%|██████    | 30/50 [01:27<00:43,  2.16s/it]D:\Python\realtime_estimate_tracker\venv_bds\lib\site-packages\xgboost\training.py:200: UserWarning: [22:02:34] WARNING: C:\actions-runner\_work\xgboost\xgboost\src\learner.cc:782: 
Parameters: { "devices", "task_type" } are not used.

  bst.update(dtrain, iteration=i, fobj=obj)
                                                                                    Best trial: 17. Best value: 1.93702:  60%|██████    | 30/50 [01:29<00:43,  2.16s/it]Best trial: 17. Best value: 1.93702:  60%|██████    | 30/50 [01:29<00:43,  2.16s/it]Best trial: 17. Best value: 1.93702:  62%|██████▏   | 31/50 [01:29<00:40,  2.13s/it]D:\Python\realtime_estimate_tracker\venv_bds\lib\site-packages\xgboost\training.py:200: UserWarning: [22:02:36] WARNING: C:\actions-runner\_work\xgboost\xgboost\src\learner.cc:782: 
Parameters: { "devices", "task_type" } are not used.

  bst.update(dtrain, iteration=i, fobj=obj)
                                                                                    Best trial: 17. Best value: 1.93702:  62%|██████▏   | 31/50 [01:32<00:40,  2.13s/it]Best trial: 17. Best value: 1.93702:  62%|██████▏   | 31/50 [01:32<00:40,  2.13s/it]Best trial: 17. Best