[I 2026-04-10 22:07:16,452] Trial 0 finished with value: 1.8285322224450173 and parameters: {'n_estimators': 719, 'learning_rate': 0.014520115306827133, 'max_depth': 15, 'subsample': 0.7418505010540553, 'colsample_bytree': 0.8657682166862324, 'min_child_weight': 7}. Best is trial 0 with value: 1.8285322224450173.
[I 2026-04-10 22:07:18,780] Trial 1 finished with value: 1.7996313902845607 and parameters: {'n_estimators': 589, 'learning_rate': 0.027718807238658796, 'max_depth': 10, 'subsample': 0.9785532516578951, 'colsample_bytree': 0.9214025116349576, 'min_child_weight': 3}. Best is trial 1 with value: 1.7996313902845607.
[I 2026-04-10 22:07:23,377] Trial 2 finished with value: 1.8497373451768724 and parameters: {'n_estimators': 1228, 'learning_rate': 0.020687874745596593, 'max_depth': 8, 'subsample': 0.925760525082187, 'colsample_bytree': 0.9138883903160564, 'min_child_weight': 4}. Best is trial 1 with value: 1.7996313902845607.
[I 2026-04-10 22:07:28,233] Trial 3 finished with value: 1.9214789767660152 and parameters: {'n_estimators': 1383, 'learning_rate': 0.019049109816514368, 'max_depth': 7, 'subsample': 0.6874330546894817, 'colsample_bytree': 0.6817697278985881, 'min_child_weight': 2}. Best is trial 1 with value: 1.7996313902845607.
[I 2026-04-10 22:07:29,285] Trial 4 finished with value: 2.100334499019531 and parameters: {'n_estimators': 359, 'learning_rate': 0.06008052875201702, 'max_depth': 5, 'subsample': 0.9776371060990995, 'colsample_bytree': 0.8785449323667712, 'min_child_weight': 10}. Best is trial 1 with value: 1.7996313902845607.
[I 2026-04-10 22:07:35,440] Trial 5 finished with value: 1.8738027063825866 and parameters: {'n_estimators': 1458, 'learning_rate': 0.0731554276466026, 'max_depth': 9, 'subsample': 0.7927526447481401, 'colsample_bytree': 0.6609110140094119, 'min_child_weight': 5}. Best is trial 1 with value: 1.7996313902845607.
[I 2026-04-10 22:07:37,085] Trial 6 finished with value: 1.919208913532865 and parameters: {'n_estimators': 371, 'learning_rate': 0.07756251121781736, 'max_depth': 8, 'subsample': 0.9608975912323622, 'colsample_bytree': 0.6085188916550756, 'min_child_weight': 2}. Best is trial 1 with value: 1.7996313902845607.
[I 2026-04-10 22:07:41,148] Trial 7 finished with value: 2.0967212295931246 and parameters: {'n_estimators': 1239, 'learning_rate': 0.03183429445023031, 'max_depth': 5, 'subsample': 0.8089338197835676, 'colsample_bytree': 0.685781711493746, 'min_child_weight': 1}. Best is trial 1 with value: 1.7996313902845607.
[I 2026-04-10 22:07:44,538] Trial 8 finished with value: 1.8519289655148774 and parameters: {'n_estimators': 639, 'learning_rate': 0.041683484056602174, 'max_depth': 11, 'subsample': 0.9671717298239854, 'colsample_bytree': 0.7200072370583117, 'min_child_weight': 2}. Best is trial 1 with value: 1.7996313902845607.
[I 2026-04-10 22:07:46,618] Trial 9 finished with value: 1.906735576358906 and parameters: {'n_estimators': 462, 'learning_rate': 0.0638550282830791, 'max_depth': 9, 'subsample': 0.7477208252733903, 'colsample_bytree': 0.630152038033428, 'min_child_weight': 5}. Best is trial 1 with value: 1.7996313902845607.
[I 2026-04-10 22:07:52,343] Trial 10 finished with value: 1.916979932280043 and parameters: {'n_estimators': 1002, 'learning_rate': 0.005711266491284984, 'max_depth': 12, 'subsample': 0.6034796785620496, 'colsample_bytree': 0.970828037713375, 'min_child_weight': 8}. Best is trial 1 with value: 1.7996313902845607.
[I 2026-04-10 22:07:57,760] Trial 11 finished with value: 1.8411876958348279 and parameters: {'n_estimators': 793, 'learning_rate': 0.010546793080371758, 'max_depth': 14, 'subsample': 0.8381411511155492, 'colsample_bytree': 0.8104232079385435, 'min_child_weight': 7}. Best is trial 1 with value: 1.7996313902845607.
[I 2026-04-10 22:08:02,469] Trial 12 finished with value: 1.8247306642158705 and parameters: {'n_estimators': 664, 'learning_rate': 0.013091568075789496, 'max_depth': 15, 'subsample': 0.8860430036229359, 'colsample_bytree': 0.8392288033254105, 'min_child_weight': 7}. Best is trial 1 with value: 1.7996313902845607.
[I 2026-04-10 22:08:06,391] Trial 13 finished with value: 1.9136677734862562 and parameters: {'n_estimators': 605, 'learning_rate': 0.0090753885263394, 'max_depth': 13, 'subsample': 0.8824844198744596, 'colsample_bytree': 0.7799255816094944, 'min_child_weight': 9}. Best is trial 1 with value: 1.7996313902845607.
[I 2026-04-10 22:08:11,793] Trial 14 finished with value: 1.8016694404280322 and parameters: {'n_estimators': 953, 'learning_rate': 0.032883136379675555, 'max_depth': 11, 'subsample': 0.890347042595951, 'colsample_bytree': 0.9846264723953035, 'min_child_weight': 4}. Best is trial 1 with value: 1.7996313902845607.
[I 2026-04-10 22:08:17,136] Trial 15 finished with value: 1.8135177076110147 and parameters: {'n_estimators': 980, 'learning_rate': 0.029509124981848236, 'max_depth': 11, 'subsample': 0.9120871772072423, 'colsample_bytree': 0.9923129337019742, 'min_child_weight': 4}. Best is trial 1 with value: 1.7996313902845607.
[I 2026-04-10 22:08:22,153] Trial 16 finished with value: 1.7980586767140398 and parameters: {'n_estimators': 872, 'learning_rate': 0.03889426406720632, 'max_depth': 10, 'subsample': 0.998444106307686, 'colsample_bytree': 0.9419298256062387, 'min_child_weight': 3}. Best is trial 16 with value: 1.7980586767140398.
[I 2026-04-10 22:08:25,671] Trial 17 finished with value: 1.7975207605369266 and parameters: {'n_estimators': 810, 'learning_rate': 0.046268546363246794, 'max_depth': 10, 'subsample': 0.9916621982958275, 'colsample_bytree': 0.9236222253291697, 'min_child_weight': 3}. Best is trial 17 with value: 1.7975207605369266.
[I 2026-04-10 22:08:28,768] Trial 18 finished with value: 1.9169342276391175 and parameters: {'n_estimators': 814, 'learning_rate': 0.05089286208203052, 'max_depth': 7, 'subsample': 0.9899263295033152, 'colsample_bytree': 0.9398269982959903, 'min_child_weight': 1}. Best is trial 17 with value: 1.7975207605369266.
[I 2026-04-10 22:08:34,301] Trial 19 finished with value: 1.805326077294151 and parameters: {'n_estimators': 1106, 'learning_rate': 0.0972312576546161, 'max_depth': 13, 'subsample': 0.9401527687958542, 'colsample_bytree': 0.7628767771571849, 'min_child_weight': 3}. Best is trial 17 with value: 1.7975207605369266.
[I 2026-04-10 22:08:37,514] Trial 20 finished with value: 1.8128147857941697 and parameters: {'n_estimators': 844, 'learning_rate': 0.05265297857390696, 'max_depth': 10, 'subsample': 0.8627098493011538, 'colsample_bytree': 0.8873442969149192, 'min_child_weight': 6}. Best is trial 17 with value: 1.7975207605369266.
[I 2026-04-10 22:08:39,932] Trial 21 finished with value: 1.8054472079606196 and parameters: {'n_estimators': 552, 'learning_rate': 0.04230597773665385, 'max_depth': 10, 'subsample': 0.9926030580957123, 'colsample_bytree': 0.9373987259322719, 'min_child_weight': 3}. Best is trial 17 with value: 1.7975207605369266.
[I 2026-04-10 22:08:41,885] Trial 22 finished with value: 1.81748092145251 and parameters: {'n_estimators': 475, 'learning_rate': 0.025948434368620012, 'max_depth': 10, 'subsample': 0.9426382430135573, 'colsample_bytree': 0.9255354019889992, 'min_child_weight': 3}. Best is trial 17 with value: 1.7975207605369266.
[I 2026-04-10 22:08:45,257] Trial 23 finished with value: 1.8412933629072215 and parameters: {'n_estimators': 713, 'learning_rate': 0.037923791959773426, 'max_depth': 12, 'subsample': 0.9916235267322725, 'colsample_bytree': 0.8393006634766913, 'min_child_weight': 3}. Best is trial 17 with value: 1.7975207605369266.
[I 2026-04-10 22:08:48,693] Trial 24 finished with value: 1.817768234948352 and parameters: {'n_estimators': 1102, 'learning_rate': 0.022505538853484316, 'max_depth': 9, 'subsample': 0.9171419414160681, 'colsample_bytree': 0.9604710957018757, 'min_child_weight': 4}. Best is trial 17 with value: 1.7975207605369266.
[I 2026-04-10 22:08:51,582] Trial 25 finished with value: 1.8708772738593207 and parameters: {'n_estimators': 869, 'learning_rate': 0.016927695476692574, 'max_depth': 8, 'subsample': 0.9527798487255628, 'colsample_bytree': 0.8866429651233134, 'min_child_weight': 2}. Best is trial 17 with value: 1.7975207605369266.
[I 2026-04-10 22:08:54,072] Trial 26 finished with value: 1.7946666236275428 and parameters: {'n_estimators': 523, 'learning_rate': 0.025491786754245127, 'max_depth': 12, 'subsample': 0.992067210579653, 'colsample_bytree': 0.9214839153318981, 'min_child_weight': 5}. Best is trial 26 with value: 1.7946666236275428.
[I 2026-04-10 22:08:56,359] Trial 27 finished with value: 1.8268598968371472 and parameters: {'n_estimators': 506, 'learning_rate': 0.04754118186139822, 'max_depth': 12, 'subsample': 0.997736928087558, 'colsample_bytree': 0.8435767244531814, 'min_child_weight': 6}. Best is trial 26 with value: 1.7946666236275428.
[I 2026-04-10 22:09:00,612] Trial 28 finished with value: 1.7791614289877444 and parameters: {'n_estimators': 1083, 'learning_rate': 0.036252727062008806, 'max_depth': 11, 'subsample': 0.9115789540873203, 'colsample_bytree': 0.9021953336886661, 'min_child_weight': 5}. Best is trial 28 with value: 1.7791614289877444.
[I 2026-04-10 22:09:05,371] Trial 29 finished with value: 1.78255899858616 and parameters: {'n_estimators': 1085, 'learning_rate': 0.014173955790099566, 'max_depth': 14, 'subsample': 0.8497747089481773, 'colsample_bytree': 0.8964022471657207, 'min_child_weight': 5}. Best is trial 28 with value: 1.7791614289877444.
[I 2026-04-10 22:09:10,739] Trial 30 finished with value: 1.7875771045666498 and parameters: {'n_estimators': 1095, 'learning_rate': 0.013028754532950463, 'max_depth': 15, 'subsample': 0.841230055602223, 'colsample_bytree': 0.8629362045072083, 'min_child_weight': 6}. Best is trial 28 with value: 1.7791614289877444.
[I 2026-04-10 22:09:15,884] Trial 31 finished with value: 1.80052027709684 and parameters: {'n_estimators': 1074, 'learning_rate': 0.013794140991337623, 'max_depth': 15, 'subsample': 0.8309791234296199, 'colsample_bytree': 0.8611125818717273, 'min_child_weight': 6}. Best is trial 28 with value: 1.7791614289877444.
[I 2026-04-10 22:09:22,457] Trial 32 finished with value: 1.821712131199343 and parameters: {'n_estimators': 1234, 'learning_rate': 0.008378580885988562, 'max_depth': 14, 'subsample': 0.7719342439750837, 'colsample_bytree': 0.810378341748609, 'min_child_weight': 5}. Best is trial 28 with value: 1.7791614289877444.
[I 2026-04-10 22:09:27,876] Trial 33 finished with value: 1.7805495988935416 and parameters: {'n_estimators': 1172, 'learning_rate': 0.015819813189823888, 'max_depth': 13, 'subsample': 0.8530505813635632, 'colsample_bytree': 0.89837787930775, 'min_child_weight': 5}. Best is trial 28 with value: 1.7791614289877444.
[I 2026-04-10 22:09:33,313] Trial 34 finished with value: 1.8038628918327606 and parameters: {'n_estimators': 1183, 'learning_rate': 0.016168106649241995, 'max_depth': 14, 'subsample': 0.851636550984467, 'colsample_bytree': 0.8871312761882711, 'min_child_weight': 7}. Best is trial 28 with value: 1.7791614289877444.
[I 2026-04-10 22:09:38,286] Trial 35 finished with value: 1.8028331980975283 and parameters: {'n_estimators': 1313, 'learning_rate': 0.011109212144030248, 'max_depth': 13, 'subsample': 0.8175949297886012, 'colsample_bytree': 0.8631350257762591, 'min_child_weight': 6}. Best is trial 28 with value: 1.7791614289877444.
[I 2026-04-10 22:09:44,199] Trial 36 finished with value: 1.8457883937929 and parameters: {'n_estimators': 1333, 'learning_rate': 0.007306831863515404, 'max_depth': 15, 'subsample': 0.7821159795523337, 'colsample_bytree': 0.9067865518286072, 'min_child_weight': 8}. Best is trial 28 with value: 1.7791614289877444.
[I 2026-04-10 22:09:49,037] Trial 37 finished with value: 1.7943940763410975 and parameters: {'n_estimators': 1161, 'learning_rate': 0.01762815972990417, 'max_depth': 14, 'subsample': 0.8659550184438649, 'colsample_bytree': 0.9054881351131009, 'min_child_weight': 5}. Best is trial 28 with value: 1.7791614289877444.
[I 2026-04-10 22:09:53,706] Trial 38 finished with value: 1.8284177695643857 and parameters: {'n_estimators': 1038, 'learning_rate': 0.021283637020967878, 'max_depth': 13, 'subsample': 0.7268540568726815, 'colsample_bytree': 0.8629741524952349, 'min_child_weight': 8}. Best is trial 28 with value: 1.7791614289877444.
[I 2026-04-10 22:10:00,003] Trial 39 finished with value: 1.8133097761817099 and parameters: {'n_estimators': 938, 'learning_rate': 0.011158789401380544, 'max_depth': 15, 'subsample': 0.8993345374847387, 'colsample_bytree': 0.8309620550015397, 'min_child_weight': 6}. Best is trial 28 with value: 1.7791614289877444.
[I 2026-04-10 22:10:07,814] Trial 40 finished with value: 1.8097037399587035 and parameters: {'n_estimators': 1161, 'learning_rate': 0.012180899851812135, 'max_depth': 14, 'subsample': 0.8365913667577624, 'colsample_bytree': 0.7793933282250565, 'min_child_weight': 4}. Best is trial 28 with value: 1.7791614289877444.
[I 2026-04-10 22:10:15,699] Trial 41 finished with value: 1.773847193146113 and parameters: {'n_estimators': 1160, 'learning_rate': 0.01779894718033857, 'max_depth': 14, 'subsample': 0.8667174038807756, 'colsample_bytree': 0.9053706877552482, 'min_child_weight': 5}. Best is trial 41 with value: 1.773847193146113.
[I 2026-04-10 22:10:24,201] Trial 42 finished with value: 1.7812753172922646 and parameters: {'n_estimators': 1295, 'learning_rate': 0.014642347068781094, 'max_depth': 13, 'subsample': 0.8704530964564858, 'colsample_bytree': 0.8958996920325579, 'min_child_weight': 5}. Best is trial 41 with value: 1.773847193146113.
[I 2026-04-10 22:10:32,961] Trial 43 finished with value: 1.7703722707776774 and parameters: {'n_estimators': 1397, 'learning_rate': 0.015769857049283437, 'max_depth': 13, 'subsample': 0.8669041012889721, 'colsample_bytree': 0.9573613068455883, 'min_child_weight': 5}. Best is trial 43 with value: 1.7703722707776774.
[I 2026-04-10 22:10:42,901] Trial 44 finished with value: 1.78613715212174 and parameters: {'n_estimators': 1499, 'learning_rate': 0.019421072402792193, 'max_depth': 13, 'subsample': 0.8738923613614793, 'colsample_bytree': 0.9660668678538623, 'min_child_weight': 5}. Best is trial 43 with value: 1.7703722707776774.
[I 2026-04-10 22:10:50,415] Trial 45 finished with value: 1.7887488888889629 and parameters: {'n_estimators': 1406, 'learning_rate': 0.01611875295478636, 'max_depth': 12, 'subsample': 0.8056748253188261, 'colsample_bytree': 0.9523637932190466, 'min_child_weight': 4}. Best is trial 43 with value: 1.7703722707776774.
[I 2026-04-10 22:10:55,961] Trial 46 finished with value: 1.8026255020780508 and parameters: {'n_estimators': 1307, 'learning_rate': 0.02260772630532836, 'max_depth': 11, 'subsample': 0.9053741655400572, 'colsample_bytree': 0.9806578997399955, 'min_child_weight': 5}. Best is trial 43 with value: 1.7703722707776774.
[I 2026-04-10 22:11:01,618] Trial 47 finished with value: 1.8086591606525027 and parameters: {'n_estimators': 1347, 'learning_rate': 0.01918664428567054, 'max_depth': 13, 'subsample': 0.9309979498116471, 'colsample_bytree': 0.9174538234320899, 'min_child_weight': 7}. Best is trial 43 with value: 1.7703722707776774.
[I 2026-04-10 22:11:07,467] Trial 48 finished with value: 1.7981310331617353 and parameters: {'n_estimators': 1421, 'learning_rate': 0.03361262058645522, 'max_depth': 12, 'subsample': 0.8172767458059066, 'colsample_bytree': 0.8732198882152277, 'min_child_weight': 4}. Best is trial 43 with value: 1.7703722707776774.
