[I 2026-03-06 22:07:38,710] Trial 49 finished with value: 1.7773821503791771 and parameters: {'n_estimators': 1439, 'learning_rate': 0.00653880116134414, 'max_depth': 14, 'subsample': 0.7925873665824879, 'colsample_bytree': 0.8277393379396971, 'min_child_weight': 1}. Best is trial 46 with value: 1.768488296146765.
✅ Tham số tối ưu nhất từ Optuna: {'n_estimators': 1420, 'learning_rate': 0.009070779480576266, 'max_depth': 14, 'subsample': 0.8968935703795667, 'colsample_bytree': 0.903997303755633, 'min_child_weight': 1}
MAE của mô hình XGBoost: 1.7685
R² của mô hình XGBoost: 0.9154
🥊 Đang so sánh... Champion MAE: 1.7422 vs Challenger MAE: 1.7685
🛡️ Champion bảo vệ ngôi vương. Giữ nguyên mô hình cũ.
[Fri 03/06/2026 22:07:49.38] [4/4] Dang dong bo AI Model (qua LFS) len GitHub... 
[main a7fe786] Auto-update AI Model: Fri 03/06/2026 22:07:50.48
 2 files changed, 1154 insertions(+), 1045 deletions(-)
 create mode 100644 models/catboost_house_price_model.pkl
remote: This repository moved. Please use the new location:        
remote:   https://github.com/HieuNT316/hanoi-house-price-prediction.git        
To https://github.com/Alexus143/hanoi-house-price-prediction.git
   edd683b..a7fe786  main -> main
========================================= 
[Sat 03/07/2026 23:32:26.66] [1/4] Dang cao chi tiet BĐS... 
🔍 Đang cấu hình Database với: postgres.kkwivuufxdewurmxtsto@aws-1-ap-southeast-1.pooler.supabase.com:5432/postgres

[DetailSpider] Khởi động luồng làm giàu dữ liệu (Limit: 50 bài/lượt)...
✅ Đã kết nối thành công tới PostgreSQL.
[DetailSpider] ✅ Không có listing nào cần làm giàu dữ liệu. Đi ngủ!
[Sat 03/07/2026 23:33:03.52] [2/4] Dang clean du lieu... 
🔍 Đang cấu hình Database với: postgres.kkwivuufxdewurmxtsto@aws-1-ap-southeast-1.pooler.supabase.com:5432/postgres
✅ Đã kết nối thành công tới PostgreSQL.
🔄 Upsert thành công 5220 bản ghi vào 'bds_hadong'.
✅ Đã cập nhật cột legal_status và furniture thành công.
[Sat 03/07/2026 23:33:13.81] [3/4] Dang huan luyen AI tren du lieu moi... 
🔍 Đang cấu hình Database với: postgres.kkwivuufxdewurmxtsto@aws-1-ap-southeast-1.pooler.supabase.com:5432/postgres
[I 2026-03-07 23:33:46,118] A new study created in memory with name: no-name-df1c27da-5af2-4ac7-b8f0-110f32c68db5
✅ Đã kết nối thành công tới PostgreSQL.
  0%|          | 0/50 [00:00<?, ?it/s]                                        0%|          | 0/50 [00:03<?, ?it/s]Best trial: 0. Best value: 2.04939:   0%|          | 0/50 [00:03<?, ?it/s]Best trial: 0. Best value: 2.04939:   2%|▏         | 1/50 [00:03<02:36,  3.19s/it]                                                                                  Best trial: 0. Best value: 2.04939:   2%|▏         | 1/50 [00:09<02:36,  3.19s/it]Best trial: 1. Best value: 2.00295:   2%|▏         | 1/50 [00:09<02:36,  3.19s/it]Best trial: 1. Best value: 2.00295:   4%|▍         | 2/50 [00:09<03:47,  4.74s/it]                                                                                  Best trial: 1. Best value: 2.00295:   4%|▍         | 2/50 [00:11<03:47,  4.74s/it]Best trial: 1. Best value: 2.00295:   4%|▍         | 2/50 [00:11<03:47,  4.74s/it]Best trial: 1. Best value: 2.00295:   6%|▌         | 3/50 [00:11<02:45,  3.52s/it]                                                                                  Best trial: 1. Best value: 2.00295:   6%|▌         | 3/50 [00:14<02:45,  3.52s/it]Best trial: 1. Best value: 2.00295:   6%|▌         | 3/50 [00:14<02:45,  3.52s/it]Best trial: 1. Best value: 2.00295:   8%|▊         | 4/50 [00:14<02:44,  3.59s/it]                                                                                  Best trial: 1. Best value: 2.00295:   8%|▊         | 4/50 [00:19<02:44,  3.59s/it]Best trial: 1. Best value: 2.00295:   8%|▊         | 4/50 [00:19<02:44,  3.59s/it]Best trial: 1. Best value: 2.00295:  10%|█         | 5/50 [00:19<03:01,  4.04s/it]                                                                                  Best trial: 1. Best value: 2.00295:  10%|█         | 5/50 [00:21<03:01,  4.04s/it]Best trial: 1. Best value: 2.00295:  10%|█         | 5/50 [00:21<03:01,  4.04s/it]Best trial: 1. Best value: 2.00295:  12%|█▏        | 6/50 [00:21<02:27,  3.36s/it]                                                                                  Best trial: 1. Best value: 2.00295:  12%|█▏        | 6/50 [00:23<02:27,  3.36s/it]Best trial: 1. Best value: 2.00295:  12%|█▏        | 6/50 [00:23<02:27,  3.36s/it]Best trial: 1. Best value: 2.00295:  14%|█▍        | 7/50 [00:23<02:03,  2.88s/it]                                                                                  Best trial: 1. Best value: 2.00295:  14%|█▍        | 7/50 [00:28<02:03,  2.88s/it]Best trial: 7. Best value: 1.97213:  14%|█▍        | 7/50 [00:28<02:03,  2.88s/it]Best trial: 7. Best value: 1.97213:  16%|█▌        | 8/50 [00:28<02:22,  3.40s/it]                                                                                  Best trial: 7. Best value: 1.97213:  16%|█▌        | 8/50 [00:32<02:22,  3.40s/it]Best trial: 7. Best value: 1.97213:  16%|█▌        | 8/50 [00:32<02:22,  3.40s/it]Best trial: 7. Best value: 1.97213:  18%|█▊        | 9/50 [00:32<02:30,  3.66s/it]                                                                                  Best trial: 7. Best value: 1.97213:  18%|█▊        | 9/50 [00:34<02:30,  3.66s/it]Best trial: 7. Best value: 1.97213:  18%|█▊        | 9/50 [00:34<02:30,  3.66s/it]Best trial: 7. Best value: 1.97213:  20%|██        | 10/50 [00:34<02:05,  3.13s/it]                                                                                   Best trial: 7. Best value: 1.97213:  20%|██        | 10/50 [00:37<02:05,  3.13s/it]Best trial: 7. Best value: 1.97213:  20%|██        | 10/50 [00:37<02:05,  3.13s/it]Best trial: 7. Best value: 1.97213:  22%|██▏       | 11/50 [00:37<02:09,  3.32s/it]                                                                                   Best trial: 7. Best value: 1.97213:  22%|██▏       | 11/50 [00:43<02:09,  3.32s/it]Best trial: 7. Best value: 1.97213:  22%|██▏       | 11/50 [00:43<02:09,  3.32s/it]Best trial: 7. Best value: 1.97213:  24%|██▍       | 12/50 [00:43<02:32,  4.02s/it]                                                                                   Best trial: 7. Best value: 1.97213:  24%|██▍       | 12/50 [00:49<02:32,  4.02s/it]Best trial: 7. Best value: 1.97213:  24%|██▍       | 12/50 [00:49<02:32,  4.02s/it]Best trial: 7. Best value: 1.97213:  26%|██▌       | 13/50 [00:49<02:49,  4.59s/it]                                                                                   Best trial: 7. Best value: 1.97213:  26%|██▌       | 13/50 [00:51<02:49,  4.59s/it]Best trial: 13. Best value: 1.97061:  26%|██▌       | 13/50 [00:51<02:49,  4.59s/it]Best trial: 13. Best value: 1.97061:  28%|██▊       | 14/50 [00:51<02:20,  3.90s/it]                                                                                    Best trial: 13. Best value: 1.97061:  28%|██▊       | 14/50 [00:53<02:20,  3.90s/it]Best trial: 13. Best value: 1.97061:  28%|██▊       | 14/50 [00:53<02:20,  3.90s/it]Best trial: 13. Best value: 1.97061:  30%|███       | 15/50 [00:53<01:50,  3.15s/it]                                                                                    Best trial: 13. Best value: 1.97061:  30%|███       | 15/50 [00:55<01:50,  3.15s/it]Best trial: 15. Best value: 1.96281:  30%|███       | 15/50 [00:55<01:50,  3.15s/it]Best trial: 15. Best value: 1.96281:  32%|███▏      | 16/50 [00:55<01:37,  2.88s/it]                                                                                    Best trial: 15. Best value: 1.96281:  32%|███▏      | 16/50 [00:56<01:37,  2.88s/it]Best trial: 15. Best value: 1.96281:  32%|███▏      | 16/50 [00:56<01:37,  2.88s/it]Best trial: 15. Best value: 1.96281:  34%|███▍      | 17/50 [00:56<01:15,  2.30s/it]                                                                                    Best trial: 15. Best value: 1.96281:  34%|███▍      | 17/50 [01:00<01:15,  2.30s/it]Best trial: 17. Best value: 1.95207:  34%|███▍      | 17/50 [01:00<01:15,  2.30s/it]Best trial: 17. Best value: 1.95207:  36%|███▌      | 18/50 [01:00<01:26,  2.69s/it]                                                                                    Best trial: 17. Best value: 1.95207:  36%|███▌      | 18/50 [01:03<01:26,  2.69s/it]Best trial: 17. Best value: 1.95207:  36%|███▌      | 18/50 [01:03<01:26,  2.69s/it]Best trial: 17. Best value: 1.95207:  38%|███▊      | 19/50 [01:03<01:33,  3.02s/it]                                                                                    Best trial: 17. Best value: 1.95207:  38%|███▊      | 19/50 [01:06<01:33,  3.02s/it]Best trial: 17. Best value: 1.95207:  38%|███▊      | 19/50 [01:06<01:33,  3.02s/it]Best trial: 17. Best value: 1.95207:  40%|████      | 20/50 [01:06<01:24,  2.82s/it]                                                                                    Best trial: 17. Best value: 1.95207:  40%|████      | 20/50 [01:09<01:24,  2.82s/it]Best trial: 20. Best value: 1.867:  40%|████      | 20/50 [01:09<01:24,  2.82s/it]  Best trial: 20. Best value: 1.867:  42%|████▏     | 21/50 [01:09<01:29,  3.07s/it]                                                                                  Best trial: 20. Best value: 1.867:  42%|████▏     | 21/50 [01:13<01:29,  3.07s/it]Best trial: 20. Best value: 1.867:  42%|████▏     | 21/50 [01:13<01:29,  3.07s/it]Best trial: 20. Best value: 1.867:  44%|████▍     | 22/50 [01:13<01:33,  3.35s/it]                                                                                  Best trial: 20. Best value: 1.867:  44%|████▍     | 22/50 [01:17<01:33,  3.35s/it]Best trial: 20. Best value: 1.867:  44%|████▍     | 22/50 [01:17<01:33,  3.35s/it]Best trial: 20. Best value: 1.867:  46%|████▌     | 23/50 [01:17<01:32,  3.43s/it]                                                                                  Best trial: 20. Best value: 1.867:  46%|████▌     | 23/50 [01:20<01:32,  3.43s/it]Best trial: 20. Best value: 1.867:  46%|████▌     | 23/50 [01:20<01:32,  3.43s/it]Best trial: 20. Best value: 1.867:  48%|████▊     | 24/50 [01:20<01:27,  3.38s/it]                                                                                  Best trial: 20. Best value: 1.867:  48%|████▊     | 24/50 [01:24<01:27,  3.38s/it]Best trial: 20. Best value: 1.867:  48%|████▊     | 24/50 [01:24<01:27,  3.38s/it]Best trial: 20. Best value: 1.867:  50%|█████     | 25/50 [01:24<01:29,  3.59s/it]                                                                                  Best trial: 20. Best value: 1.867:  50%|█████     | 25/50 [01:28<01:29,  3.59s/it]Best trial: 20. Best value: 1.867:  50%|█████     | 25/50 [01:28<01:29,  3.59s/it]Best trial: 20. Best value: 1.867:  52%|█████▏    | 26/50 [01:28<01:24,  3.54s/it]                                                                                  Best trial: 20. Best value: 1.867:  52%|█████▏    | 26/50 [01:32<01:24,  3.54s/it]Best trial: 20. Best value: 1.867:  52%|█████▏    | 26/50 [01:32<01:24,  3.54s/it]Best trial: 20. Best value: 1.867:  54%|█████▍    | 27/50 [01:32<01:26,  3.75s/it]                                                                                  Best trial: 20. Best value: 1.867:  54%|█████▍    | 27/50 [01:36<01:26,  3.75s/it]Best trial: 20. Best value: 1.867:  54%|█████▍    | 27/50 [01:36<01:26,  3.75s/it]Best trial: 20. Best value: 1.867:  56%|█████▌    | 28/50 [01:36<01:21,  3.71s/it]                                                                                  Best trial: 20. Best value: 1.867:  56%|█████▌    | 28/50 [01:40<01:21,  3.71s/it]Best trial: 20. Best value: 1.867:  56%|█████▌    | 28/50 [01:40<01:21,  3.71s/it]Best trial: 20. Best value: 1.867:  58%|█████▊    | 29/50 [01:40<01:22,  3.91s/it]                                                                                  Best trial: 20. Best value: 1.867:  58%|█████▊    | 29/50 [01:44<01:22,  3.91s/it]Best trial: 20. Best value: 1.867:  58%|█████▊    | 29/50 [01:44<01:22,  3.91s/it]Best trial: 20. Best value: 1.867:  60%|██████    | 30/50 [01:44<01:21,  4.07s/it]                                                                                  Best trial: 20. Best value: 1.867:  60%|██████    | 30/50 [01:47<01:21,  4.07s/it]Best trial: 20. Best value: 1.867:  60%|██████    | 30/50 [01:47<01:21,  4.07s/it]Best trial: 20. Best value: 1.867:  62%|██████▏   | 31/50 [01:47<01:06,  3.50s/it]                                                                                  Best trial: 20. Best value: 1.867:  62%|██████▏   | 31/50 [01:51<01:06,  3.50s/it]Best trial: 20. Best value: 1.867:  62%|██████▏   | 31/50 [01:51<01:06,  3.50s/it]Best trial: 20. Best value: 1.867:  64%|██████▍   | 32/50 [01:51<01:05,  3.66s/it]                                                                                  Best trial: 20. Best value: 1.867:  64%|██████▍   | 32/50 [01:55<01:05,  3.66s/it]Best trial: 20. Best value: 1.867:  64%|██████▍   | 32/50 [01:55<01:05,  3.66s/it]Best trial: 20. Best value: 1.867:  66%|██████▌   | 33/50 [01:55<01:06,  3.92s/it]                                                                                  Best trial: 20. Best value: 1.867:  66%|██████▌   | 33/50 [01:58<01:06,  3.92s/it]Best trial: 20. Best value: 1.867:  66%|██████▌   | 33/50 [01:58<01:06,  3.92s/it]Best trial: 20. Best value: 1.867:  68%|██████▊   | 34/50 [01:58<00:58,  3.63s/it]                                                                                  Best trial: 20. Best value: 1.867:  68%|██████▊   | 34/50 [02:02<00:58,  3.63s/it]Best trial: 20. Best value: 1.867:  68%|██████▊   | 34/50 [02:02<00:58,  3.63s/it]Best trial: 20. Best value: 1.867:  70%|███████   | 35/50 [02:02<00:54,  3.64s/it]                                                                                  Best trial: 20. Best value: 1.867:  70%|███████   | 35/50 [02:05<00:54,  3.64s/it]Best trial: 20. Best value: 1.867:  70%|███████   | 35/50 [02:05<00:54,  3.64s/it]Best trial: 20. Best value: 1.867:  72%|███████▏  | 36/50 [02:05<00:48,  3.47s/it]                                                                                  Best trial: 20. Best value: 1.867:  72%|███████▏  | 36/50 [02:08<00:48,  3.47s/it]Best trial: 20. Best value: 1.867:  72%|███████▏  | 36/50 [02:08<00:48,  3.47s/it]Best trial: 20. Best value: 1.867:  74%|███████▍  | 37/50 [02:08<00:44,  3.42s/it]                                                                                  Best trial: 20. Best value: 1.867:  74%|███████▍  | 37/50 [02:12<00:44,  3.42s/it]Best trial: 20. Best value: 1.867:  74%|███████▍  | 37/50 [02:12<00:44,  3.42s/it]Best trial: 20. Best value: 1.867:  76%|███████▌  | 38/50 [02:12<00:43,  3.59s/it]                                                                                  Best trial: 20. Best value: 1.867:  76%|███████▌  | 38/50 [02:17<00:43,  3.59s/it]Best trial: 20. Best value: 1.867:  76%|███████▌  | 38/50 [02:17<00:43,  3.59s/it]Best trial: 20. Best value: 1.867:  78%|███████▊  | 39/50 [02:17<00:42,  3.86s/it]                                                                                  Best trial: 20. Best value: 1.867:  78%|███████▊  | 39/50 [02:19<00:42,  3.86s/it]Best trial: 20. Best value: 1.867:  78%|███████▊  | 39/50 [02:19<00:42,  3.86s/it]Best trial: 20. Best value: 1.867:  80%|████████  | 40/50 [02:19<00:34,  3.49s/it]                                                                                  Best trial: 20. Best value: 1.867:  80%|████████  | 40/50 [02:22<00:34,  3.49s/it]Best trial: 20. Best value: 1.867:  80%|████████  | 40/50 [02:22<00:34,  3.49s/it]Best trial: 20. Best value: 1.867:  82%|████████▏ | 41/50 [02:22<00:29,  3.29s/it]                                                                                  Best trial: 20. Best value: 1.867:  82%|████████▏ | 41/50 [02:26<00:29,  3.29s/it]Best trial: 20. Best value: 1.867:  82%|████████▏ | 41/50 [02:26<00:29,  3.29s/it]Best trial: 20. Best value: 1.867:  84%|████████▍ | 42/50 [02:26<00:27,  3.40s/it]                                                                                  Best trial: 20. Best value: 1.867:  84%|████████▍ | 42/50 [02:29<00:27,  3.40s/it]Best trial: 20. Best value: 1.867:  84%|████████▍ | 42/50 [02:29<00:27,  3.40s/it]Best trial: 20. Best value: 1.867:  86%|████████▌ | 43/50 [02:29<00:22,  3.25s/it]                                                                                  Best trial: 20. Best value: 1.867:  86%|████████▌ | 43/50 [02:33<00:22,  3.25s/it]Best trial: 43. Best value: 1.83577:  86%|████████▌ | 43/50 [02:33<00:22,  3.25s/it]Best trial: 43. Best value: 1.83577:  88%|████████▊ | 44/50 [02:33<00:21,  3.59s/it]                                                                                    Best trial: 43. Best value: 1.83577:  88%|████████▊ | 44/50 [02:37<00:21,  3.59s/it]Best trial: 43. Best value: 1.83577:  88%|████████▊ | 44/50 [02:37<00:21,  3.59s/it]Best trial: 43. Best value: 1.83577:  90%|█████████ | 45/50 [02:37<00:18,  3.72s/it]                                                                                    Best trial: 43. Best value: 1.83577:  90%|█████████ | 45/50 [02:41<00:18,  3.72s/it]Best trial: 43. Best value: 1.83577:  90%|█████████ | 45/50 [02:41<00:18,  3.72s/it]Best trial: 43. Best value: 1.83577:  92%|█████████▏| 46/50 [02:41<00:15,  3.83s/it]                                                                                    Best trial: 43. Best value: 1.83577:  92%|█████████▏| 46/50 [02:46<00:15,  3.83s/it]Best trial: 46. Best value: 1.82151:  92%|█████████▏| 46/50 [02:46<00:15,  3.83s/it]Best trial: 46. Best value: 1.82151:  94%|█████████▍| 47/50 [02:46<00:12,  4.03s/it]                                                                                    Best trial: 46. Best value: 1.82151:  94%|█████████▍| 47/50 [02:50<00:12,  4.03s/it]Best trial: 46. Best value: 1.82151:  94%|█████████▍| 47/50 [02:50<00:12,  4.03s/it]Best trial: 46. Best value: 1.82151:  96%|█████████▌| 48/50 [02:50<00:08,  4.26s/it]                                                                                    Best trial: 46. Best value: 1.82151:  96%|█████████▌| 48/50 [02:56<00:08,  4.26s/it]Best trial: 46. Best value: 1.82151:  96%|█████████▌| 48/50 [02:56<00:08,  4.26s/it]Best trial: 46. Best value: 1.82151:  98%|█████████▊| 49/50 [02:56<00:04,  4.66s/it]                                                                                    Best trial: 46. Best value: 1.82151:  98%|█████████▊| 49/50 [03:02<00:04,  4.66s/it]Best trial: 46. Best value: 1.82151:  98%|█████████▊| 49/50 [03:02<00:04,  4.66s/it]Best trial: 46. Best value: 1.82151: 100%|██████████| 50/50 [03:02<00:00,  4.99s/it]Best trial: 46. Best value: 1.82151: 100%|██████████| 50/50 [03:02<00:00,  3.64s/it]
[I 2026-03-07 23:33:49,311] Trial 0 finished with value: 2.0493899234385724 and parameters: {'n_estimators': 1036, 'learning_rate': 0.023660401133124263, 'max_depth': 10, 'subsample': 0.8678640045753834, 'colsample_bytree': 0.7532050796926768, 'min_child_weight': 9}. Best is trial 0 with value: 2.0493899234385724.
[I 2026-03-07 23:33:55,130] Trial 1 finished with value: 2.002949091533049 and parameters: {'n_estimators': 1462, 'learning_rate': 0.04271400156467339, 'max_depth': 8, 'subsample': 0.7582842771406625, 'colsample_bytree': 0.7924678853997807, 'min_child_weight': 5}. Best is trial 1 with value: 2.002949091533049.
[I 2026-03-07 23:33:57,211] Trial 2 finished with value: 2.0456448044478037 and parameters: {'n_estimators': 772, 'learning_rate': 0.055042923905246254, 'max_depth': 8, 'subsample': 0.6072491093886963, 'colsample_bytree': 0.97700338337666, 'min_child_weight': 9}. Best is trial 1 with value: 2.002949091533049.
[I 2026-03-07 23:34:00,893] Trial 3 finished with value: 2.0050624445386203 and parameters: {'n_estimators': 1042, 'learning_rate': 0.01203086524608336, 'max_depth': 11, 'subsample': 0.609016429758273, 'colsample_bytree': 0.9471360120313893, 'min_child_weight': 9}. Best is trial 1 with value: 2.002949091533049.
[I 2026-03-07 23:34:05,738] Trial 4 finished with value: 2.0197034650838352 and parameters: {'n_estimators': 941, 'learning_rate': 0.03231336016789755, 'max_depth': 13, 'subsample': 0.7628074417946227, 'colsample_bytree': 0.7280114473579604, 'min_child_weight': 10}. Best is trial 1 with value: 2.002949091533049.
[I 2026-03-07 23:34:07,778] Trial 5 finished with value: 2.043034517035973 and parameters: {'n_estimators': 771, 'learning_rate': 0.024428406634499324, 'max_depth': 8, 'subsample': 0.6071591583501698, 'colsample_bytree': 0.8231792353499247, 'min_child_weight': 5}. Best is trial 1 with value: 2.002949091533049.
[I 2026-03-07 23:34:09,665] Trial 6 finished with value: 2.090012987185255 and parameters: {'n_estimators': 712, 'learning_rate': 0.022624780728721563, 'max_depth': 8, 'subsample': 0.8161489521927691, 'colsample_bytree': 0.7814745631077731, 'min_child_weight': 10}. Best is trial 1 with value: 2.002949091533049.
[I 2026-03-07 23:34:14,179] Trial 7 finished with value: 1.9721292041628926 and parameters: {'n_estimators': 1293, 'learning_rate': 0.08464656250000385, 'max_depth': 11, 'subsample': 0.6850348162840586, 'colsample_bytree': 0.948436296074416, 'min_child_weight': 8}. Best is trial 7 with value: 1.9721292041628926.
[I 2026-03-07 23:34:18,410] Trial 8 finished with value: 1.9831642266692615 and parameters: {'n_estimators': 1070, 'learning_rate': 0.039320811247464345, 'max_depth': 13, 'subsample': 0.9384173600244303, 'colsample_bytree': 0.7021289746032309, 'min_child_weight': 4}. Best is trial 7 with value: 1.9721292041628926.
