[I 2026-03-28 22:01:11,089] Trial 0 finished with value: 2.0569229922291092 and parameters: {'n_estimators': 1344, 'learning_rate': 0.022366340677536293, 'max_depth': 7, 'subsample': 0.8161220414574626, 'colsample_bytree': 0.7280798872390407, 'min_child_weight': 9}. Best is trial 0 with value: 2.0569229922291092.
[I 2026-03-28 22:01:15,470] Trial 1 finished with value: 1.9613558670348261 and parameters: {'n_estimators': 1067, 'learning_rate': 0.008792773563339622, 'max_depth': 15, 'subsample': 0.9368145470278509, 'colsample_bytree': 0.8300988968365295, 'min_child_weight': 8}. Best is trial 1 with value: 1.9613558670348261.
[I 2026-03-28 22:01:20,561] Trial 2 finished with value: 1.990719573488281 and parameters: {'n_estimators': 1409, 'learning_rate': 0.020993703518147947, 'max_depth': 15, 'subsample': 0.7369689949603456, 'colsample_bytree': 0.6863821658402327, 'min_child_weight': 5}. Best is trial 1 with value: 1.9613558670348261.
[I 2026-03-28 22:01:21,580] Trial 3 finished with value: 2.008029707237414 and parameters: {'n_estimators': 306, 'learning_rate': 0.025263803257840632, 'max_depth': 10, 'subsample': 0.7042533166494974, 'colsample_bytree': 0.9241527085674672, 'min_child_weight': 4}. Best is trial 1 with value: 1.9613558670348261.
[I 2026-03-28 22:01:26,310] Trial 4 finished with value: 2.1236614505550717 and parameters: {'n_estimators': 1425, 'learning_rate': 0.005431126113848554, 'max_depth': 9, 'subsample': 0.8900287894945402, 'colsample_bytree': 0.6297079162896543, 'min_child_weight': 4}. Best is trial 1 with value: 1.9613558670348261.
[I 2026-03-28 22:01:29,218] Trial 5 finished with value: 2.0598127827472696 and parameters: {'n_estimators': 981, 'learning_rate': 0.011991762019940571, 'max_depth': 9, 'subsample': 0.6983064699434411, 'colsample_bytree': 0.6698316289407106, 'min_child_weight': 4}. Best is trial 1 with value: 1.9613558670348261.
[I 2026-03-28 22:01:31,824] Trial 6 finished with value: 2.1946449627132716 and parameters: {'n_estimators': 1317, 'learning_rate': 0.04069537224782028, 'max_depth': 5, 'subsample': 0.7235566591406908, 'colsample_bytree': 0.833997906444194, 'min_child_weight': 2}. Best is trial 1 with value: 1.9613558670348261.
[I 2026-03-28 22:01:34,498] Trial 7 finished with value: 2.389637193618659 and parameters: {'n_estimators': 1338, 'learning_rate': 0.005423504617322752, 'max_depth': 5, 'subsample': 0.7270062663724762, 'colsample_bytree': 0.9987334279355751, 'min_child_weight': 6}. Best is trial 1 with value: 1.9613558670348261.
[I 2026-03-28 22:01:36,546] Trial 8 finished with value: 2.3041239393305193 and parameters: {'n_estimators': 588, 'learning_rate': 0.005245315053558374, 'max_depth': 8, 'subsample': 0.804244266376741, 'colsample_bytree': 0.8431106249900985, 'min_child_weight': 2}. Best is trial 1 with value: 1.9613558670348261.
[I 2026-03-28 22:01:38,534] Trial 9 finished with value: 2.165401531621149 and parameters: {'n_estimators': 804, 'learning_rate': 0.05729207041447789, 'max_depth': 5, 'subsample': 0.9021277747803687, 'colsample_bytree': 0.8382741404080625, 'min_child_weight': 7}. Best is trial 1 with value: 1.9613558670348261.
[I 2026-03-28 22:01:42,432] Trial 10 finished with value: 1.9759310880509475 and parameters: {'n_estimators': 1005, 'learning_rate': 0.09947737071537839, 'max_depth': 15, 'subsample': 0.9914187728649763, 'colsample_bytree': 0.7607492655397041, 'min_child_weight': 10}. Best is trial 1 with value: 1.9613558670348261.
[I 2026-03-28 22:01:46,571] Trial 11 finished with value: 1.9766298631320387 and parameters: {'n_estimators': 1088, 'learning_rate': 0.09263015797529062, 'max_depth': 15, 'subsample': 0.994606122091599, 'colsample_bytree': 0.7717019778701397, 'min_child_weight': 10}. Best is trial 1 with value: 1.9613558670348261.
[I 2026-03-28 22:01:52,241] Trial 12 finished with value: 1.9772480159965398 and parameters: {'n_estimators': 1112, 'learning_rate': 0.008877017447701058, 'max_depth': 13, 'subsample': 0.9906564357345917, 'colsample_bytree': 0.7543631919427799, 'min_child_weight': 8}. Best is trial 1 with value: 1.9613558670348261.
[I 2026-03-28 22:01:55,838] Trial 13 finished with value: 1.9831607360529075 and parameters: {'n_estimators': 802, 'learning_rate': 0.09644406687037943, 'max_depth': 12, 'subsample': 0.9241766487903278, 'colsample_bytree': 0.9038769575955964, 'min_child_weight': 10}. Best is trial 1 with value: 1.9613558670348261.
[I 2026-03-28 22:02:00,993] Trial 14 finished with value: 1.9762960821939284 and parameters: {'n_estimators': 1161, 'learning_rate': 0.011213110101457877, 'max_depth': 13, 'subsample': 0.945958496116112, 'colsample_bytree': 0.8002701079458243, 'min_child_weight': 8}. Best is trial 1 with value: 1.9613558670348261.
[I 2026-03-28 22:02:04,275] Trial 15 finished with value: 1.9521916705319782 and parameters: {'n_estimators': 925, 'learning_rate': 0.041586321001874815, 'max_depth': 12, 'subsample': 0.6121072438726329, 'colsample_bytree': 0.9034934539714221, 'min_child_weight': 8}. Best is trial 15 with value: 1.9521916705319782.
[I 2026-03-28 22:02:06,502] Trial 16 finished with value: 1.9449503964467738 and parameters: {'n_estimators': 637, 'learning_rate': 0.03954659740028012, 'max_depth': 12, 'subsample': 0.6056282814356525, 'colsample_bytree': 0.9241336485203756, 'min_child_weight': 7}. Best is trial 16 with value: 1.9449503964467738.
[I 2026-03-28 22:02:08,602] Trial 17 finished with value: 1.9370199665904482 and parameters: {'n_estimators': 622, 'learning_rate': 0.04769561266115625, 'max_depth': 12, 'subsample': 0.6020417718131045, 'colsample_bytree': 0.9498575091962738, 'min_child_weight': 6}. Best is trial 17 with value: 1.9370199665904482.
[I 2026-03-28 22:02:10,371] Trial 18 finished with value: 1.9601308763360739 and parameters: {'n_estimators': 561, 'learning_rate': 0.04738674764163059, 'max_depth': 11, 'subsample': 0.6231063008090035, 'colsample_bytree': 0.9757557332566955, 'min_child_weight': 6}. Best is trial 17 with value: 1.9370199665904482.
[I 2026-03-28 22:02:12,691] Trial 19 finished with value: 1.957953463392137 and parameters: {'n_estimators': 586, 'learning_rate': 0.030517208556732137, 'max_depth': 13, 'subsample': 0.65719630365042, 'colsample_bytree': 0.94736932932322, 'min_child_weight': 5}. Best is trial 17 with value: 1.9370199665904482.
[I 2026-03-28 22:02:14,413] Trial 20 finished with value: 1.9569722082120813 and parameters: {'n_estimators': 429, 'learning_rate': 0.05890990584021311, 'max_depth': 11, 'subsample': 0.6558193691643818, 'colsample_bytree': 0.882785511287716, 'min_child_weight': 1}. Best is trial 17 with value: 1.9370199665904482.
[I 2026-03-28 22:02:16,940] Trial 21 finished with value: 1.9618442524909918 and parameters: {'n_estimators': 748, 'learning_rate': 0.037778398179110884, 'max_depth': 12, 'subsample': 0.6174737851478632, 'colsample_bytree': 0.9501537821263694, 'min_child_weight': 7}. Best is trial 17 with value: 1.9370199665904482.
[I 2026-03-28 22:02:19,351] Trial 22 finished with value: 1.9559303740132008 and parameters: {'n_estimators': 706, 'learning_rate': 0.06735775357100036, 'max_depth': 12, 'subsample': 0.6056975705877078, 'colsample_bytree': 0.8808575407993509, 'min_child_weight': 7}. Best is trial 17 with value: 1.9370199665904482.
[I 2026-03-28 22:02:21,849] Trial 23 finished with value: 1.9793901441072042 and parameters: {'n_estimators': 884, 'learning_rate': 0.032408924810842635, 'max_depth': 11, 'subsample': 0.658627467956109, 'colsample_bytree': 0.9267272416187677, 'min_child_weight': 9}. Best is trial 17 with value: 1.9370199665904482.
[I 2026-03-28 22:02:24,124] Trial 24 finished with value: 1.98350746382777 and parameters: {'n_estimators': 665, 'learning_rate': 0.06912220898310213, 'max_depth': 14, 'subsample': 0.601169719357248, 'colsample_bytree': 0.8814715398045216, 'min_child_weight': 6}. Best is trial 17 with value: 1.9370199665904482.
[I 2026-03-28 22:02:25,628] Trial 25 finished with value: 2.006241412043463 and parameters: {'n_estimators': 486, 'learning_rate': 0.01819471104432708, 'max_depth': 10, 'subsample': 0.7709347198500162, 'colsample_bytree': 0.9708625396981542, 'min_child_weight': 7}. Best is trial 17 with value: 1.9370199665904482.
[I 2026-03-28 22:02:28,435] Trial 26 finished with value: 1.9518886440913712 and parameters: {'n_estimators': 860, 'learning_rate': 0.045670594016873144, 'max_depth': 14, 'subsample': 0.6442218779603855, 'colsample_bytree': 0.9929366472217585, 'min_child_weight': 9}. Best is trial 17 with value: 1.9370199665904482.
[I 2026-03-28 22:02:29,653] Trial 27 finished with value: 1.9880391058995577 and parameters: {'n_estimators': 370, 'learning_rate': 0.050445059554049404, 'max_depth': 14, 'subsample': 0.6738231304848975, 'colsample_bytree': 0.9992925942262986, 'min_child_weight': 9}. Best is trial 17 with value: 1.9370199665904482.
[I 2026-03-28 22:02:32,386] Trial 28 finished with value: 1.9487110868611588 and parameters: {'n_estimators': 638, 'learning_rate': 0.030611776704939826, 'max_depth': 14, 'subsample': 0.639226906945953, 'colsample_bytree': 0.9626334068908718, 'min_child_weight': 5}. Best is trial 17 with value: 1.9370199665904482.
[I 2026-03-28 22:02:34,431] Trial 29 finished with value: 1.9591913799065641 and parameters: {'n_estimators': 489, 'learning_rate': 0.0253573929759333, 'max_depth': 13, 'subsample': 0.6826665909945236, 'colsample_bytree': 0.9375442051272375, 'min_child_weight': 5}. Best is trial 17 with value: 1.9370199665904482.
[I 2026-03-28 22:02:36,471] Trial 30 finished with value: 1.9926430332013918 and parameters: {'n_estimators': 659, 'learning_rate': 0.01532811870016683, 'max_depth': 10, 'subsample': 0.835913395592959, 'colsample_bytree': 0.9602932734749643, 'min_child_weight': 3}. Best is trial 17 with value: 1.9370199665904482.
[I 2026-03-28 22:02:39,180] Trial 31 finished with value: 1.9712498689539824 and parameters: {'n_estimators': 814, 'learning_rate': 0.030900738144363202, 'max_depth': 14, 'subsample': 0.6413271080000629, 'colsample_bytree': 0.9844230603863474, 'min_child_weight': 9}. Best is trial 17 with value: 1.9370199665904482.
[I 2026-03-28 22:02:41,347] Trial 32 finished with value: 1.957780961683927 and parameters: {'n_estimators': 625, 'learning_rate': 0.03551018934513284, 'max_depth': 14, 'subsample': 0.6330064146461994, 'colsample_bytree': 0.9061039177548931, 'min_child_weight': 6}. Best is trial 17 with value: 1.9370199665904482.
[I 2026-03-28 22:02:43,576] Trial 33 finished with value: 1.9581129855181925 and parameters: {'n_estimators': 533, 'learning_rate': 0.07498600546383148, 'max_depth': 14, 'subsample': 0.7539711441770862, 'colsample_bytree': 0.9677100820619767, 'min_child_weight': 5}. Best is trial 17 with value: 1.9370199665904482.
[I 2026-03-28 22:02:46,213] Trial 34 finished with value: 1.9487218362152632 and parameters: {'n_estimators': 752, 'learning_rate': 0.02605630376246641, 'max_depth': 13, 'subsample': 0.6870216466654716, 'colsample_bytree': 0.8640445719937921, 'min_child_weight': 8}. Best is trial 17 with value: 1.9370199665904482.
[I 2026-03-28 22:02:49,451] Trial 35 finished with value: 1.9572789211336648 and parameters: {'n_estimators': 757, 'learning_rate': 0.024098042671992566, 'max_depth': 13, 'subsample': 0.6999426298041583, 'colsample_bytree': 0.86894051770258, 'min_child_weight': 4}. Best is trial 17 with value: 1.9370199665904482.
[I 2026-03-28 22:02:52,405] Trial 36 finished with value: 1.9929221020146757 and parameters: {'n_estimators': 686, 'learning_rate': 0.02108509714334937, 'max_depth': 11, 'subsample': 0.6897471975585797, 'colsample_bytree': 0.9188973305468179, 'min_child_weight': 8}. Best is trial 17 with value: 1.9370199665904482.
[I 2026-03-28 22:02:54,520] Trial 37 finished with value: 1.9897354087363708 and parameters: {'n_estimators': 449, 'learning_rate': 0.017063417892473207, 'max_depth': 12, 'subsample': 0.8261558841161911, 'colsample_bytree': 0.8151236761507981, 'min_child_weight': 7}. Best is trial 17 with value: 1.9370199665904482.
[I 2026-03-28 22:02:55,687] Trial 38 finished with value: 2.007023223387289 and parameters: {'n_estimators': 390, 'learning_rate': 0.031531277136909217, 'max_depth': 9, 'subsample': 0.6718446995342414, 'colsample_bytree': 0.8561368062082381, 'min_child_weight': 5}. Best is trial 17 with value: 1.9370199665904482.
[I 2026-03-28 22:02:59,669] Trial 39 finished with value: 1.9515348374708008 and parameters: {'n_estimators': 732, 'learning_rate': 0.02772503279814156, 'max_depth': 15, 'subsample': 0.7144878021624473, 'colsample_bytree': 0.9272041470684633, 'min_child_weight': 3}. Best is trial 17 with value: 1.9370199665904482.
[I 2026-03-28 22:03:01,461] Trial 40 finished with value: 2.2274501837425276 and parameters: {'n_estimators': 628, 'learning_rate': 0.019683163141071096, 'max_depth': 6, 'subsample': 0.6340897041112142, 'colsample_bytree': 0.7083454220148431, 'min_child_weight': 6}. Best is trial 17 with value: 1.9370199665904482.
[I 2026-03-28 22:03:05,314] Trial 41 finished with value: 1.9564767245856116 and parameters: {'n_estimators': 734, 'learning_rate': 0.026360178553002028, 'max_depth': 15, 'subsample': 0.7148052269361921, 'colsample_bytree': 0.9361369830671229, 'min_child_weight': 3}. Best is trial 17 with value: 1.9370199665904482.
[I 2026-03-28 22:03:08,125] Trial 42 finished with value: 1.9400448830721322 and parameters: {'n_estimators': 516, 'learning_rate': 0.027641660077673047, 'max_depth': 15, 'subsample': 0.7538883262584433, 'colsample_bytree': 0.9185984162688219, 'min_child_weight': 3}. Best is trial 17 with value: 1.9370199665904482.
[I 2026-03-28 22:03:09,561] Trial 43 finished with value: 1.9393893306299 and parameters: {'n_estimators': 314, 'learning_rate': 0.03675871427806943, 'max_depth': 13, 'subsample': 0.7488850791342477, 'colsample_bytree': 0.8984381225108273, 'min_child_weight': 2}. Best is trial 17 with value: 1.9370199665904482.
[I 2026-03-28 22:03:11,907] Trial 44 finished with value: 1.9037941489331391 and parameters: {'n_estimators': 343, 'learning_rate': 0.05370806358654012, 'max_depth': 15, 'subsample': 0.7783641774043887, 'colsample_bytree': 0.909715368802884, 'min_child_weight': 1}. Best is trial 44 with value: 1.9037941489331391.
[I 2026-03-28 22:03:13,929] Trial 45 finished with value: 2.006686001151556 and parameters: {'n_estimators': 308, 'learning_rate': 0.054820047825055944, 'max_depth': 15, 'subsample': 0.8505172970529457, 'colsample_bytree': 0.6304041946874626, 'min_child_weight': 1}. Best is trial 44 with value: 1.9037941489331391.
[I 2026-03-28 22:03:16,118] Trial 46 finished with value: 1.9077294162875746 and parameters: {'n_estimators': 357, 'learning_rate': 0.03892561583714648, 'max_depth': 15, 'subsample': 0.7780225510666983, 'colsample_bytree': 0.8973634391254047, 'min_child_weight': 2}. Best is trial 44 with value: 1.9037941489331391.
[I 2026-03-28 22:03:17,752] Trial 47 finished with value: 1.9339161133188567 and parameters: {'n_estimators': 313, 'learning_rate': 0.08420041042074033, 'max_depth': 15, 'subsample': 0.7834524209577532, 'colsample_bytree': 0.8952536677438862, 'min_child_weight': 2}. Best is trial 44 with value: 1.9037941489331391.
[I 2026-03-28 22:03:19,565] Trial 48 finished with value: 1.953505474857925 and parameters: {'n_estimators': 302, 'learning_rate': 0.08332931677517032, 'max_depth': 15, 'subsample': 0.78601829467612, 'colsample_bytree': 0.9006606316112701, 'min_child_weight': 2}. Best is trial 44 with value: 1.9037941489331391.
