[I 2026-03-16 22:15:06,676] Trial 49 finished with value: 1.8713793848714222 and parameters: {'n_estimators': 1114, 'learning_rate': 0.042702164347915045, 'max_depth': 14, 'subsample': 0.6793067814711006, 'colsample_bytree': 0.9276197563104238, 'min_child_weight': 9}. Best is trial 18 with value: 1.7829511304797692.
✅ Tham số tối ưu nhất từ Optuna: {'n_estimators': 1442, 'learning_rate': 0.06409163290898062, 'max_depth': 15, 'subsample': 0.9215634955121569, 'colsample_bytree': 0.9312767938606232, 'min_child_weight': 4}
MAE của mô hình XGBoost: 1.8145
R² của mô hình XGBoost: 0.9084
🥊 Đang so sánh... Champion MAE: 1.6245 vs Challenger MAE: 1.8145
🛡️ Champion bảo vệ ngôi vương. Giữ nguyên mô hình cũ.
[Mon 03/16/2026 22:15:18.71] [4/4] Dang dong bo AI Model (qua LFS) len GitHub... 
[main 3e50345] Auto-update AI Model: Mon 03/16/2026 22:15:19.79
 2 files changed, 323 insertions(+)
remote: This repository moved. Please use the new location:        
remote:   https://github.com/HieuNT316/hanoi-house-price-prediction.git        
To https://github.com/Alexus143/hanoi-house-price-prediction.git
   34b4a29..3e50345  main -> main
========================================= 
[Tue 03/17/2026 22:00:02.77] [1/4] Dang cao chi tiet BĐS... 
🔍 Đang cấu hình Database với: postgres.kkwivuufxdewurmxtsto@aws-1-ap-southeast-1.pooler.supabase.com:5432/postgres

[DetailSpider] Khởi động luồng làm giàu dữ liệu (Limit: 50 bài/lượt)...
✅ Đã kết nối thành công tới PostgreSQL.
[Browser] Đang khởi tạo trình duyệt...
[Browser] Phát hiện Chrome (Windows): Version 139

[DetailSpider] Đang cào (1/14): https://batdongsan.com.vn/ban-can-ho-chung-cu-phuong-mo-lao-thap-doi-kepler-land/ban-2pn-2vs-61-63-65m2-toa-hh1-hh2-lh-pr44701968
  -> Lấy được 1/6 feature chi tiết.

[DetailSpider] Đang cào (2/14): https://batdongsan.com.vn/ban-can-ho-chung-cu-phuong-mo-lao-seasons-avenue/bql-seasonavenue-ban-nhung-mua-thang-tu-chu-nha-gui-ban-cac-quy-tu-68m2-en-133m2-pr45328578
  -> Lấy được 3/6 feature chi tiết.

[DetailSpider] Đang cào (3/14): https://batdongsan.com.vn/ban-nha-rieng-duong-thanh-cong-phuong-ha-cau-15/tai-ong-chua-en-11-ty-36-m2-sat-tru-chinh-quang-trung-oto-tranh-kinh-doanh-pr45318652
  -> Lấy được 0/6 feature chi tiết.
[DetailSpider] ❌ Lỗi khi xử lý: (psycopg2.OperationalError) server closed the connection unexpectedly
	This probably means the server terminated abnormally
	before or while processing the request.
server closed the connection unexpectedly
	This probably means the server terminated abnormally
	before or while processing the request.

[SQL: 
            UPDATE "bds_hadong"
            SET "frontage" = %(frontage)s, "road_width" = %(road_width)s, "direction" = %(direction)s, "floors" = %(floors)s, "legal_status" = %(legal_status)s, "furniture" = %(furniture)s, "is_enriched" = %(is_enriched)s
            WHERE listing_id = %(listing_id)s;
        ]
[parameters: {'frontage': None, 'road_width': None, 'direction': None, 'floors': None, 'legal_status': None, 'furniture': None, 'is_enriched': True, 'listing_id': '5dc51138906222a13a68199badad3aba'}]
(Background on this error at: https://sqlalche.me/e/20/e3q8)

[DetailSpider] Đang cào (4/14): https://batdongsan.com.vn/ban-nha-rieng-phuong-mo-lao/duy-nhat-1-can-40m2-ngay-thanh-binh-ha-ong-can-ban-gap-chi-hon-7ty-pr45318390
  -> Lấy được 0/6 feature chi tiết.

[DetailSpider] Đang cào (5/14): https://batdongsan.com.vn/ban-can-ho-chung-cu-phuong-la-khe-hpc-landmark-105/ban-3-phong-ngu-cuc-ep-tai-105-dien-tich-107m2-noi-that-moi-gia-7-450-ty-pr45317065
  -> Lấy được 3/6 feature chi tiết.

[DetailSpider] Đang cào (6/14): https://batdongsan.com.vn/ban-nha-biet-thu-lien-ke-phuong-kien-hung-khu-do-thi-thanh-ha-muong-thanh/ep-tai-o-gia-tot-92-trieu-m2-275-m2-pr45315772
  -> Lấy được 6/6 feature chi tiết.

[DetailSpider] Đang cào (7/14): https://batdongsan.com.vn/ban-nha-rieng-duong-to-hieu-phuong-quang-trung-17-15/cuc-hiem-ban-ngay-cv-365-50m2-5-tang-2-mat-ngo-o-tranh-gia-15-9-pr45313820
  -> Lấy được 4/6 feature chi tiết.

[DetailSpider] Đang cào (8/14): https://batdongsan.com.vn/ban-nha-biet-thu-lien-ke-duong-phan-ke-toai-phuong-duong-noi-15/4t-thang-may-an-vuong-dt180m-mt9m-o-to-kd-43-5-ty-ha-ong-lh-0886743366-pr45314667
  -> Lấy được 6/6 feature chi tiết.

[DetailSpider] Đang cào (9/14): https://batdongsan.com.vn/ban-can-ho-chung-cu-duong-to-huu-phuong-la-khe-hpc-landmark-105/chinh-chu-ban-3pn-full-noi-that-tai-van-ha-ong-lh-0983075108-pr45314108
  -> Lấy được 3/6 feature chi tiết.

[DetailSpider] Đang cào (10/14): https://batdongsan.com.vn/ban-can-ho-chung-cu-phuong-mo-lao-khu-do-thi-mo-lao/chinh-chu-100-ban-2n-kepler-land-on-gia-tot-nhat-92-trieu-m2-thanh-toan-tien-o-pr45314076
  -> Lấy được 2/6 feature chi tiết.

[DetailSpider] Đang cào (11/14): https://batdongsan.com.vn/ban-can-ho-chung-cu-phuong-kien-hung-khu-do-thi-thanh-ha-muong-thanh/chinh-chu-ban-3-ngu-3wc-74m-full-noi-that-ep-cuc-ky-tam-huyet-pr45296654
  -> Lấy được 3/6 feature chi tiết.

[DetailSpider] Đang cào (12/14): https://batdongsan.com.vn/ban-dat-pho-ba-trieu-phuong-kien-hung-15/ban-at-au-gia60m-mat-htt-keo-dai-container-tranh-kinh-doanh-inh-giap-cong-vien-365-pr45308230
  -> Lấy được 1/6 feature chi tiết.

[DetailSpider] Đang cào (13/14): https://batdongsan.com.vn/ban-nha-rieng-duong-an-hoa-phuong-mo-lao-15/sieu-pham-2-mat-ngo-o-to-phu-hop-xay-chung-cu-mini-dong-tien-50tr-s53m-13-3-ty-pr45306000
  -> Lấy được 5/6 feature chi tiết.

[DetailSpider] Đang cào (14/14): https://batdongsan.com.vn/ban-can-ho-chung-cu-duong-tran-phu-phuong-mo-lao-khu-nha-o-bac-ha/gia-inh-gi-fodacon-co-u-truong-hoc-benh-vien-sieu-thi-ga-metro-ngay-canh-nha-pr45182640
  -> Lấy được 1/6 feature chi tiết.

[DetailSpider] Hoàn thành. Cập nhật thành công 13/14 bài đăng.
[Tue 03/17/2026 22:04:39.35] [2/4] Dang clean du lieu... 
🔍 Đang cấu hình Database với: postgres.kkwivuufxdewurmxtsto@aws-1-ap-southeast-1.pooler.supabase.com:5432/postgres
✅ Đã kết nối thành công tới PostgreSQL.
🔄 Upsert thành công 5358 bản ghi vào 'bds_hadong'.
✅ Đã cập nhật cột legal_status và furniture thành công.
[Tue 03/17/2026 22:04:46.20] [3/4] Dang huan luyen AI tren du lieu moi... 
🔍 Đang cấu hình Database với: postgres.kkwivuufxdewurmxtsto@aws-1-ap-southeast-1.pooler.supabase.com:5432/postgres
[I 2026-03-17 22:05:19,390] A new study created in memory with name: no-name-893b3922-6c8d-40db-b1b4-cb887be25608
✅ Đã kết nối thành công tới PostgreSQL.
  0%|          | 0/50 [00:00<?, ?it/s]D:\Python\realtime_estimate_tracker\venv_bds\lib\site-packages\xgboost\training.py:200: UserWarning: [22:05:19] WARNING: C:\actions-runner\_work\xgboost\xgboost\src\learner.cc:782: 
Parameters: { "devices", "task_type" } are not used.

  bst.update(dtrain, iteration=i, fobj=obj)
                                        0%|          | 0/50 [00:03<?, ?it/s]Best trial: 0. Best value: 1.98126:   0%|          | 0/50 [00:03<?, ?it/s]Best trial: 0. Best value: 1.98126:   2%|▏         | 1/50 [00:03<03:09,  3.87s/it]D:\Python\realtime_estimate_tracker\venv_bds\lib\site-packages\xgboost\training.py:200: UserWarning: [22:05:23] WARNING: C:\actions-runner\_work\xgboost\xgboost\src\learner.cc:782: 
Parameters: { "devices", "task_type" } are not used.

  bst.update(dtrain, iteration=i, fobj=obj)
                                                                                  Best trial: 0. Best value: 1.98126:   2%|▏         | 1/50 [00:08<03:09,  3.87s/it]Best trial: 1. Best value: 1.97413:   2%|▏         | 1/50 [00:08<03:09,  3.87s/it]Best trial: 1. Best value: 1.97413:   4%|▍         | 2/50 [00:08<03:27,  4.33s/it]D:\Python\realtime_estimate_tracker\venv_bds\lib\site-packages\xgboost\training.py:200: UserWarning: [22:05:27] WARNING: C:\actions-runner\_work\xgboost\xgboost\src\learner.cc:782: 
Parameters: { "devices", "task_type" } are not used.

  bst.update(dtrain, iteration=i, fobj=obj)
                                                                                  Best trial: 1. Best value: 1.97413:   4%|▍         | 2/50 [00:09<03:27,  4.33s/it]Best trial: 1. Best value: 1.97413:   4%|▍         | 2/50 [00:09<03:27,  4.33s/it]Best trial: 1. Best value: 1.97413:   6%|▌         | 3/50 [00:09<02:15,  2.89s/it]D:\Python\realtime_estimate_tracker\venv_bds\lib\site-packages\xgboost\training.py:200: UserWarning: [22:05:29] WARNING: C:\actions-runner\_work\xgboost\xgboost\src\learner.cc:782: 
Parameters: { "devices", "task_type" } are not used.

  bst.update(dtrain, iteration=i, fobj=obj)
                                                                                  Best trial: 1. Best value: 1.97413:   6%|▌         | 3/50 [00:11<02:15,  2.89s/it]Best trial: 3. Best value: 1.96609:   6%|▌         | 3/50 [00:11<02:15,  2.89s/it]Best trial: 3. Best value: 1.96609:   8%|▊         | 4/50 [00:11<02:02,  2.66s/it]D:\Python\realtime_estimate_tracker\venv_bds\lib\site-packages\xgboost\training.py:200: UserWarning: [22:05:31] WARNING: C:\actions-runner\_work\xgboost\xgboost\src\learner.cc:782: 
Parameters: { "devices", "task_type" } are not used.

  bst.update(dtrain, iteration=i, fobj=obj)
                                                                                  Best trial: 3. Best value: 1.96609:   8%|▊         | 4/50 [00:14<02:02,  2.66s/it]Best trial: 3. Best value: 1.96609:   8%|▊         | 4/50 [00:14<02:02,  2.66s/it]Best trial: 3. Best value: 1.96609:  10%|█         | 5/50 [00:14<02:02,  2.73s/it]D:\Python\realtime_estimate_tracker\venv_bds\lib\site-packages\xgboost\training.py:200: UserWarning: [22:05:34] WARNING: C:\actions-runner\_work\xgboost\xgboost\src\learner.cc:782: 
Parameters: { "devices", "task_type" } are not used.

  bst.update(dtrain, iteration=i, fobj=obj)
                                                                                  Best trial: 3. Best value: 1.96609:  10%|█         | 5/50 [00:18<02:02,  2.73s/it]Best trial: 5. Best value: 1.90335:  10%|█         | 5/50 [00:18<02:02,  2.73s/it]Best trial: 5. Best value: 1.90335:  12%|█▏        | 6/50 [00:18<02:20,  3.19s/it]D:\Python\realtime_estimate_tracker\venv_bds\lib\site-packages\xgboost\training.py:200: UserWarning: [22:05:38] WARNING: C:\actions-runner\_work\xgboost\xgboost\src\learner.cc:782: 
Parameters: { "devices", "task_type" } are not used.

  bst.update(dtrain, iteration=i, fobj=obj)
                                                                                  Best trial: 5. Best value: 1.90335:  12%|█▏        | 6/50 [00:21<02:20,  3.19s/it]Best trial: 5. Best value: 1.90335:  12%|█▏        | 6/50 [00:21<02:20,  3.19s/it]Best trial: 5. Best value: 1.90335:  14%|█▍        | 7/50 [00:21<02:02,  2.84s/it]D:\Python\realtime_estimate_tracker\venv_bds\lib\site-packages\xgboost\training.py:200: UserWarning: [22:05:40] WARNING: C:\actions-runner\_work\xgboost\xgboost\src\learner.cc:782: 
Parameters: { "devices", "task_type" } are not used.

  bst.update(dtrain, iteration=i, fobj=obj)
                                                                                  Best trial: 5. Best value: 1.90335:  14%|█▍        | 7/50 [00:24<02:02,  2.84s/it]Best trial: 5. Best value: 1.90335:  14%|█▍        | 7/50 [00:24<02:02,  2.84s/it]Best trial: 5. Best value: 1.90335:  16%|█▌        | 8/50 [00:24<02:02,  2.91s/it]D:\Python\realtime_estimate_tracker\venv_bds\lib\site-packages\xgboost\training.py:200: UserWarning: [22:05:43] WARNING: C:\actions-runner\_work\xgboost\xgboost\src\learner.cc:782: 
Parameters: { "devices", "task_type" } are not used.

  bst.update(dtrain, iteration=i, fobj=obj)
                                                                                  Best trial: 5. Best value: 1.90335:  16%|█▌        | 8/50 [00:26<02:02,  2.91s/it]Best trial: 5. Best value: 1.90335:  16%|█▌        | 8/50 [00:26<02:02,  2.91s/it]Best trial: 5. Best value: 1.90335:  18%|█▊        | 9/50 [00:26<01:54,  2.78s/it]D:\Python\realtime_estimate_tracker\venv_bds\lib\site-packages\xgboost\training.py:200: UserWarning: [22:05:46] WARNING: C:\actions-runner\_work\xgboost\xgboost\src\learner.cc:782: 
Parameters: { "devices", "task_type" } are not used.

  bst.update(dtrain, iteration=i, fobj=obj)
                                                                                  Best trial: 5. Best value: 1.90335:  18%|█▊        | 9/50 [00:28<01:54,  2.78s/it]Best trial: 5. Best value: 1.90335:  18%|█▊        | 9/50 [00:28<01:54,  2.78s/it]Best trial: 5. Best value: 1.90335:  20%|██        | 10/50 [00:28<01:40,  2.51s/it]D:\Python\realtime_estimate_tracker\venv_bds\lib\site-packages\xgboost\training.py:200: UserWarning: [22:05:47] WARNING: C:\actions-runner\_work\xgboost\xgboost\src\learner.cc:782: 
Parameters: { "devices", "task_type" } are not used.

  bst.update(dtrain, iteration=i, fobj=obj)
                                                                                   Best trial: 5. Best value: 1.90335:  20%|██        | 10/50 [00:32<01:40,  2.51s/it]Best trial: 5. Best value: 1.90335:  20%|██        | 10/50 [00:32<01:40,  2.51s/it]Best trial: 5. Best value: 1.90335:  22%|██▏       | 11/50 [00:32<01:55,  2.96s/it]D:\Python\realtime_estimate_tracker\venv_bds\lib\site-packages\xgboost\training.py:200: UserWarning: [22:05:51] WARNING: C:\actions-runner\_work\xgboost\xgboost\src\learner.cc:782: 
Parameters: { "devices", "task_type" } are not used.

  bst.update(dtrain, iteration=i, fobj=obj)
                                                                                   Best trial: 5. Best value: 1.90335:  22%|██▏       | 11/50 [00:34<01:55,  2.96s/it]Best trial: 5. Best value: 1.90335:  22%|██▏       | 11/50 [00:34<01:55,  2.96s/it]Best trial: 5. Best value: 1.90335:  24%|██▍       | 12/50 [00:34<01:43,  2.71s/it]D:\Python\realtime_estimate_tracker\venv_bds\lib\site-packages\xgboost\training.py:200: UserWarning: [22:05:54] WARNING: C:\actions-runner\_work\xgboost\xgboost\src\learner.cc:782: 
Parameters: { "devices", "task_type" } are not used.

  bst.update(dtrain, iteration=i, fobj=obj)
                                                                                   Best trial: 5. Best value: 1.90335:  24%|██▍       | 12/50 [00:38<01:43,  2.71s/it]Best trial: 12. Best value: 1.88522:  24%|██▍       | 12/50 [00:38<01:43,  2.71s/it]Best trial: 12. Best value: 1.88522:  26%|██▌       | 13/50 [00:38<01:57,  3.16s/it]D:\Python\realtime_estimate_tracker\venv_bds\lib\site-packages\xgboost\training.py:200: UserWarning: [22:05:58] WARNING: C:\actions-runner\_work\xgboost\xgboost\src\learner.cc:782: 
Parameters: { "devices", "task_type" } are not used.

  bst.update(dtrain, iteration=i, fobj=obj)
                                                                                    Best trial: 12. Best value: 1.88522:  26%|██▌       | 13/50 [00:42<01:57,  3.16s/it]Best trial: 12. Best value: 1.88522:  26%|██▌       | 13/50 [00:42<01:57,  3.16s/it]Best trial: 12. Best value: 1.88522:  28%|██▊       | 14/50 [00:42<01:54,  3.18s/it]D:\Python\realtime_estimate_tracker\venv_bds\lib\site-packages\xgboost\training.py:200: UserWarning: [22:06:01] WARNING: C:\actions-runner\_work\xgboost\xgboost\src\learner.cc:782: 
Parameters: { "devices", "task_type" } are not used.

  bst.update(dtrain, iteration=i, fobj=obj)
                                                                                    Best trial: 12. Best value: 1.88522:  28%|██▊       | 14/50 [00:46<01:54,  3.18s/it]Best trial: 12. Best value: 1.88522:  28%|██▊       | 14/50 [00:46<01:54,  3.18s/it]Best trial: 12. Best value: 1.88522:  30%|███       | 15/50 [00:46<02:02,  3.50s/it]D:\Python\realtime_estimate_tracker\venv_bds\lib\site-packages\xgboost\training.py:200: UserWarning: [22:06:05] WARNING: C:\actions-runner\_work\xgboost\xgboost\src\learner.cc:782: 
Parameters: { "devices", "task_type" } are not used.

  bst.update(dtrain, iteration=i, fobj=obj)
                                                                                    Best trial: 12. Best value: 1.88522:  30%|███       | 15/50 [00:50<02:02,  3.50s/it]Best trial: 12. Best value: 1.88522:  30%|███       | 15/50 [00:50<02:02,  3.50s/it]Best trial: 12. Best value: 1.88522:  32%|███▏      | 16/50 [00:50<02:03,  3.63s/it]D:\Python\realtime_estimate_tracker\venv_bds\lib\site-packages\xgboost\training.py:200: UserWarning: [22:06:09] WARNING: C:\actions-runner\_work\xgboost\xgboost\src\learner.cc:782: 
Parameters: { "devices", "task_type" } are not used.

  bst.update(dtrain, iteration=i, fobj=obj)
                                                                                    Best trial: 12. Best value: 1.88522:  32%|███▏      | 16/50 [00:54<02:03,  3.63s/it]Best trial: 12. Best value: 1.88522:  32%|███▏      | 16/50 [00:54<02:03,  3.63s/it]Best trial: 12. Best value: 1.88522:  34%|███▍      | 17/50 [00:54<02:09,  3.93s/it]D:\Python\realtime_estimate_tracker\venv_bds\lib\site-packages\xgboost\training.py:200: UserWarning: [22:06:14] WARNING: C:\actions-runner\_work\xgboost\xgboost\src\learner.cc:782: 
Parameters: { "devices", "task_type" } are not used.

  bst.update(dtrain, iteration=i, fobj=obj)
                                                                                    Best trial: 12. Best value: 1.88522:  34%|███▍      | 17/50 [00:58<02:09,  3.93s/it]Best trial: 17. Best value: 1.87753:  34%|███▍      | 17/50 [00:58<02:09,  3.93s/it]Best trial: 17. Best value: 1.87753:  36%|███▌      | 18/50 [00:58<02:04,  3.90s/it]D:\Python\realtime_estimate_tracker\venv_bds\lib\site-packages\xgboost\training.py:200: UserWarning: [22:06:18] WARNING: C:\actions-runner\_work\xgboost\xgboost\src\learner.cc:782: 
Parameters: { "devices", "task_type" } are not used.

  bst.update(dtrain, iteration=i, fobj=obj)
                                                                                    Best trial: 17. Best value: 1.87753:  36%|███▌      | 18/50 [01:01<02:04,  3.90s/it]Best trial: 17. Best value: 1.87753:  36%|███▌      | 18/50 [01:01<02:04,  3.90s/it]Best trial: 17. Best value: 1.87753:  38%|███▊      | 19/50 [01:01<01:49,  3.52s/it]D:\Python\realtime_estimate_tracker\venv_bds\lib\site-packages\xgboost\training.py:200: UserWarning: [22:06:20] WARNING: C:\actions-runner\_work\xgboost\xgboost\src\learner.cc:782: 
Parameters: { "devices", "task_type" } are not used.

  bst.update(dtrain, iteration=i, fobj=obj)
                                                                                    Best trial: 17. Best value: 1.87753:  38%|███▊      | 19/50 [01:04<01:49,  3.52s/it]Best trial: 17. Best value: 1.87753:  38%|███▊      | 19/50 [01:04<01:49,  3.52s/it]Best trial: 17. Best value: 1.87753:  40%|████      | 20/50 [01:04<01:38,  3.30s/it]D:\Python\realtime_estimate_tracker\venv_bds\lib\site-packages\xgboost\training.py:200: UserWarning: [22:06:23] WARNING: C:\actions-runner\_work\xgboost\xgboost\src\learner.cc:782: 
Parameters: { "devices", "task_type" } are not used.

  bst.update(dtrain, iteration=i, fobj=obj)
                                                                                    Best trial: 17. Best value: 1.87753:  40%|████      | 20/50 [01:07<01:38,  3.30s/it]Best trial: 17. Best value: 1.87753:  40%|████      | 20/50 [01:07<01:38,  3.30s/it]Best trial: 17. Best value: 1.87753:  42%|████▏     | 21/50 [01:07<01:32,  3.18s/it]D:\Python\realtime_estimate_tracker\venv_bds\lib\site-packages\xgboost\training.py:200: UserWarning: [22:06:26] WARNING: C:\actions-runner\_work\xgboost\xgboost\src\learner.cc:782: 
Parameters: { "devices", "task_type" } are not used.

  bst.update(dtrain, iteration=i, fobj=obj)
                                                                                    Best trial: 17. Best value: 1.87753:  42%|████▏     | 21/50 [01:11<01:32,  3.18s/it]Best trial: 17. Best value: 1.87753:  42%|████▏     | 21/50 [01:11<01:32,  3.18s/it]Best trial: 17. Best value: 1.87753:  44%|████▍     | 22/50 [01:11<01:43,  3.71s/it]D:\Python\realtime_estimate_tracker\venv_bds\lib\site-packages\xgboost\training.py:200: UserWarning: [22:06:31] WARNING: C:\actions-runner\_work\xgboost\xgboost\src\learner.cc:782: 
Parameters: { "devices", "task_type" } are not used.

  bst.update(dtrain, iteration=i, fobj=obj)
                                                                                    Best trial: 17. Best value: 1.87753:  44%|████▍     | 22/50 [01:16<01:43,  3.71s/it]Best trial: 17. Best value: 1.87753:  44%|████▍     | 22/50 [01:16<01:43,  3.71s/it]Best trial: 17. Best value: 1.87753:  46%|████▌     | 23/50 [01:16<01:49,  4.06s/it]D:\Python\realtime_estimate_tracker\venv_bds\lib\site-packages\xgboost\training.py:200: UserWarning: [22:06:36] WARNING: C:\actions-runner\_work\xgboost\xgboost\src\learner.cc:782: 
Parameters: { "devices", "task_type" } are not used.

  bst.update(dtrain, iteration=i, fobj=obj)
                                                                                    Best trial: 17. Best value: 1.87753:  46%|████▌     | 23/50 [01:21<01:49,  4.06s/it]Best trial: 17. Best value: 1.87753:  46%|████▌     | 23/50 [01:21<01:49,  4.06s/it]Best trial: 17. Best value: 1.87753:  48%|████▊     | 24/50 [01:21<01:50,  4.25s/it]D:\Python\realtime_estimate_tracker\venv_bds\lib\site-packages\xgboost\training.py:200: UserWarning: [22:06:40] WARNING: C:\actions-runner\_work\xgboost\xgboost\src\learner.cc:782: 
Parameters: { "devices", "task_type" } are not used.

  bst.update(dtrain, iteration=i, fobj=obj)
                                                                                    Best trial: 17. Best value: 1.87753:  48%|████▊     | 24/50 [01:24<01:50,  4.25s/it]Best trial: 17. Best value: 1.87753:  48%|████▊     | 24/50 [01:24<01:50,  4.25s/it]Best trial: 17. Best value: 1.87753:  50%|█████     | 25/50 [01:24<01:36,  3.85s/it]D:\Python\realtime_estimate_tracker\venv_bds\li