[I 2026-04-05 22:04:59,232] Trial 49 finished with value: 1.76964843148774 and parameters: {'n_estimators': 1104, 'learning_rate': 0.011144867284933552, 'max_depth': 14, 'subsample': 0.7795628397976457, 'colsample_bytree': 0.9412640772353851, 'min_child_weight': 1}. Best is trial 41 with value: 1.7441556708632888.
✅ Tham số tối ưu nhất từ Optuna: {'n_estimators': 1442, 'learning_rate': 0.013371784227769445, 'max_depth': 14, 'subsample': 0.8202635767984425, 'colsample_bytree': 0.9764626324851129, 'min_child_weight': 1}
MAE của mô hình XGBoost: 1.7599
R² của mô hình XGBoost: 0.9257
🥊 Đang so sánh... Champion MAE: 1.6245 vs Challenger MAE: 1.7599
🛡️ Champion bảo vệ ngôi vương. Giữ nguyên mô hình cũ.
[Sun 04/05/2026 22:05:07.84] [4/4] Dang dong bo AI Model (qua LFS) len GitHub... 
[main 3d9f584] Auto-update AI Model: Sun 04/05/2026 22:05:10.42
 2 files changed, 344 insertions(+)
remote: This repository moved. Please use the new location:        
remote:   https://github.com/HieuNT316/hanoi-house-price-prediction.git        
To https://github.com/Alexus143/hanoi-house-price-prediction.git
   786fc54..3d9f584  main -> main
========================================= 
[Mon 04/06/2026 22:00:02.92] [1/4] Dang cao chi tiet BĐS... 
🔍 Đang cấu hình Database với: postgres.kkwivuufxdewurmxtsto@aws-1-ap-southeast-1.pooler.supabase.com:5432/postgres

[DetailSpider] Khởi động luồng làm giàu dữ liệu (Limit: 50 bài/lượt)...
✅ Đã kết nối thành công tới PostgreSQL.
[Browser] Đang khởi tạo trình duyệt...
[Browser] Phát hiện Chrome (Windows): Version 139

[DetailSpider] Đang cào (1/18): https://batdongsan.com.vn/ban-nha-rieng-duong-quang-trung-phuong-quang-trung-17-15/ban-ha-ong-55m-x-7-tang-gia-chi-15-ty-pho-to-via-he-rong-kinh-doanh-inh-pr45486063
  -> Lấy được 5/6 feature chi tiết.

[DetailSpider] Đang cào (2/18): https://batdongsan.com.vn/ban-can-ho-chung-cu-duong-to-huu-phuong-la-khe-bid-residence/ban-co-san-vuon-tai-43-trieu-m2-117-m2-gia-sieu-hoi-view-ep-pr45232030
  -> Lấy được 3/6 feature chi tiết.

[DetailSpider] Đang cào (3/18): https://batdongsan.com.vn/ban-nha-biet-thu-lien-ke-phuong-la-khe-khu-do-thi-van-khe/chinh-chu-gui-ban-10-can-lk-ha-dong-phan-lo-via-he-83m2x5t-gia-tot-nhat-truong-pr40759368
  -> Lấy được 2/6 feature chi tiết.

[DetailSpider] Đang cào (4/18): https://batdongsan.com.vn/ban-can-ho-chung-cu-duong-tran-phu-phuong-van-quan-grand-sunlake/ban-gap-goc-3pn-96m2-gia-tot-nhat-thi-truong-pr45180932
  -> Lấy được 2/6 feature chi tiết.

[DetailSpider] Đang cào (5/18): https://batdongsan.com.vn/ban-nha-rieng-duong-phan-dinh-giot-phuong-la-khe-15/chinh-chu-gia-inh-toi-can-ban-to-1-lo-goc-78m2-mat-tien-11m-o-to-o-cua-pr45479795
  -> Lấy được 5/6 feature chi tiết.

[DetailSpider] Đang cào (6/18): https://batdongsan.com.vn/ban-nha-biet-thu-lien-ke-phuong-kien-hung-mipec-city-view/ban-nhanh-bt-vip-ha-ong-dt-335m-lo-goc-truc-chinh-kinh-doanh-gia-tot-chi-hon-40-ty-pr45483302
  -> Lấy được 3/6 feature chi tiết.

[DetailSpider] Đang cào (7/18): https://batdongsan.com.vn/ban-nha-rieng-duong-yen-lo-phuong-yen-nghia-1-15/moi-55m2-o-to-o-cua-mat-tien-4m-chi-hon-6-ty-pr45481625
  -> Lấy được 5/6 feature chi tiết.

[DetailSpider] Đang cào (8/18): https://batdongsan.com.vn/ban-can-ho-chung-cu-duong-nguyen-khuyen-phuong-van-quan-15/biet-thu-ang-cap-tren-may-mat-tang-noi-that-15ty-384m-gia-58tr-m-pr45480708
  -> Lấy được 2/6 feature chi tiết.

[DetailSpider] Đang cào (9/18): https://batdongsan.com.vn/ban-can-ho-chung-cu-pho-phung-hung-1-phuong-phuc-la-khu-do-thi-moi-xa-la/ban-gap-4-25-ty-69m2-tai-m2-tai-o-la-ha-ong-pr45480512
  -> Lấy được 0/6 feature chi tiết.

[DetailSpider] Đang cào (10/18): https://batdongsan.com.vn/ban-nha-biet-thu-lien-ke-duong-van-phu-phuong-kien-hung-15/ban-dt200m-4-tang-gia-37-5-ty-gia-tot-so-voi-thi-truong-pr45479951
  -> Lấy được 4/6 feature chi tiết.

[DetailSpider] Đang cào (11/18): https://batdongsan.com.vn/ban-nha-biet-thu-lien-ke-duong-van-quan-phuong-phuc-la-khu-do-thi-moi-van-quan/tong-hop-quy-can-kdt-chinh-chu-gui-gia-tot-nhat-trong-thang-11-pr44429208
  -> Lấy được 4/6 feature chi tiết.

[DetailSpider] Đang cào (12/18): https://batdongsan.com.vn/ban-can-ho-chung-cu-phuong-duong-noi-the-sparks/em-chinh-chu-ban-nhanh-3pn-toa-ct8a-ha-dong-full-that-ban-cong-dong-nam-pr44514453
  -> Lấy được 3/6 feature chi tiết.

[DetailSpider] Đang cào (13/18): https://batdongsan.com.vn/ban-nha-biet-thu-lien-ke-duong-van-khe-phuong-phu-luong-3-khu-do-thi-moi-phu-luong-21515/ban-215-can-kie-815-can-chung-cu-o-la-gia-goc-chu-au-tu-pr45478549
  -> Lấy được 3/6 feature chi tiết.

[DetailSpider] Đang cào (14/18): https://batdongsan.com.vn/ban-nha-biet-thu-lien-ke-duong-van-khe-phuong-phu-la-khu-do-thi-moi-van-phu/ban-215-can-kie-815-can-chung-cu-o-gia-goc-chu-au-tu-pr45478437
  -> Lấy được 3/6 feature chi tiết.

[DetailSpider] Đang cào (15/18): https://batdongsan.com.vn/ban-nha-biet-thu-lien-ke-duong-quang-trung-phuong-la-khe-khu-do-thi-van-la-van-khe/ban-215-can-kie-815-can-chung-cu-o-van-phu-gia-goc-chu-au-tu-pr45478196
  -> Lấy được 3/6 feature chi tiết.

[DetailSpider] Đang cào (16/18): https://batdongsan.com.vn/ban-nha-biet-thu-lien-ke-phuong-kien-hung-mipec-city-view/ban-gia-uu-ai-150-trieu-m2-310-m2-4-tang-ha-ong-pr45477474
  -> Lấy được 4/6 feature chi tiết.

[DetailSpider] Đang cào (17/18): https://batdongsan.com.vn/ban-nha-rieng-duong-la-noi-phuong-duong-noi-15/ban-nhanh-sieu-pham-40m-5t-lo-goc-mat-ngo-bagac-sat-uong-oto-chay-thong-noi-aeon-pr45314574
  -> Lấy được 6/6 feature chi tiết.

[DetailSpider] Đang cào (18/18): https://batdongsan.com.vn/ban-can-ho-chung-cu-duong-to-hieu-phuong-ha-cau-hyundai-hillstate/cap-nhat-quy-chuyen-nhuong-moi-nhat-e-dan-hyundai-pr45443245
  -> Lấy được 2/6 feature chi tiết.

[DetailSpider] Hoàn thành. Cập nhật thành công 18/18 bài đăng.
[Mon 04/06/2026 22:04:48.65] [2/4] Dang clean du lieu... 
🔍 Đang cấu hình Database với: postgres.kkwivuufxdewurmxtsto@aws-1-ap-southeast-1.pooler.supabase.com:5432/postgres
✅ Đã kết nối thành công tới PostgreSQL.
🔄 Upsert thành công 5625 bản ghi vào 'bds_hadong'.
✅ Đã cập nhật cột legal_status và furniture thành công.
[Mon 04/06/2026 22:05:03.90] [3/4] Dang huan luyen AI tren du lieu moi... 
🔍 Đang cấu hình Database với: postgres.kkwivuufxdewurmxtsto@aws-1-ap-southeast-1.pooler.supabase.com:5432/postgres
[I 2026-04-06 22:05:30,164] A new study created in memory with name: no-name-db1088fd-b079-4216-b260-d150a3342cac
✅ Đã kết nối thành công tới PostgreSQL.
  0%|          | 0/50 [00:00<?, ?it/s]D:\Python\realtime_estimate_tracker\venv_bds\lib\site-packages\xgboost\training.py:200: UserWarning: [22:05:30] WARNING: C:\actions-runner\_work\xgboost\xgboost\src\learner.cc:782: 
Parameters: { "devices", "task_type" } are not used.

  bst.update(dtrain, iteration=i, fobj=obj)
                                        0%|          | 0/50 [00:03<?, ?it/s]Best trial: 0. Best value: 2.05513:   0%|          | 0/50 [00:03<?, ?it/s]Best trial: 0. Best value: 2.05513:   2%|▏         | 1/50 [00:03<02:45,  3.39s/it]D:\Python\realtime_estimate_tracker\venv_bds\lib\site-packages\xgboost\training.py:200: UserWarning: [22:05:33] WARNING: C:\actions-runner\_work\xgboost\xgboost\src\learner.cc:782: 
Parameters: { "devices", "task_type" } are not used.

  bst.update(dtrain, iteration=i, fobj=obj)
                                                                                  Best trial: 0. Best value: 2.05513:   2%|▏         | 1/50 [00:05<02:45,  3.39s/it]Best trial: 1. Best value: 1.98618:   2%|▏         | 1/50 [00:05<02:45,  3.39s/it]Best trial: 1. Best value: 1.98618:   4%|▍         | 2/50 [00:05<01:58,  2.46s/it]D:\Python\realtime_estimate_tracker\venv_bds\lib\site-packages\xgboost\training.py:200: UserWarning: [22:05:35] WARNING: C:\actions-runner\_work\xgboost\xgboost\src\learner.cc:782: 
Parameters: { "devices", "task_type" } are not used.

  bst.update(dtrain, iteration=i, fobj=obj)
                                                                                  Best trial: 1. Best value: 1.98618:   4%|▍         | 2/50 [00:08<01:58,  2.46s/it]Best trial: 1. Best value: 1.98618:   4%|▍         | 2/50 [00:08<01:58,  2.46s/it]Best trial: 1. Best value: 1.98618:   6%|▌         | 3/50 [00:08<02:03,  2.64s/it]D:\Python\realtime_estimate_tracker\venv_bds\lib\site-packages\xgboost\training.py:200: UserWarning: [22:05:38] WARNING: C:\actions-runner\_work\xgboost\xgboost\src\learner.cc:782: 
Parameters: { "devices", "task_type" } are not used.

  bst.update(dtrain, iteration=i, fobj=obj)
                                                                                  Best trial: 1. Best value: 1.98618:   6%|▌         | 3/50 [00:11<02:03,  2.64s/it]Best trial: 3. Best value: 1.90024:   6%|▌         | 3/50 [00:11<02:03,  2.64s/it]Best trial: 3. Best value: 1.90024:   8%|▊         | 4/50 [00:11<02:23,  3.11s/it]D:\Python\realtime_estimate_tracker\venv_bds\lib\site-packages\xgboost\training.py:200: UserWarning: [22:05:42] WARNING: C:\actions-runner\_work\xgboost\xgboost\src\learner.cc:782: 
Parameters: { "devices", "task_type" } are not used.

  bst.update(dtrain, iteration=i, fobj=obj)
                                                                                  Best trial: 3. Best value: 1.90024:   8%|▊         | 4/50 [00:13<02:23,  3.11s/it]Best trial: 3. Best value: 1.90024:   8%|▊         | 4/50 [00:13<02:23,  3.11s/it]Best trial: 3. Best value: 1.90024:  10%|█         | 5/50 [00:13<02:03,  2.74s/it]D:\Python\realtime_estimate_tracker\venv_bds\lib\site-packages\xgboost\training.py:200: UserWarning: [22:05:44] WARNING: C:\actions-runner\_work\xgboost\xgboost\src\learner.cc:782: 
Parameters: { "devices", "task_type" } are not used.

  bst.update(dtrain, iteration=i, fobj=obj)
                                                                                  Best trial: 3. Best value: 1.90024:  10%|█         | 5/50 [00:15<02:03,  2.74s/it]Best trial: 3. Best value: 1.90024:  10%|█         | 5/50 [00:15<02:03,  2.74s/it]Best trial: 3. Best value: 1.90024:  12%|█▏        | 6/50 [00:15<01:44,  2.37s/it]D:\Python\realtime_estimate_tracker\venv_bds\lib\site-packages\xgboost\training.py:200: UserWarning: [22:05:45] WARNING: C:\actions-runner\_work\xgboost\xgboost\src\learner.cc:782: 
Parameters: { "devices", "task_type" } are not used.

  bst.update(dtrain, iteration=i, fobj=obj)
                                                                                  Best trial: 3. Best value: 1.90024:  12%|█▏        | 6/50 [00:17<01:44,  2.37s/it]Best trial: 3. Best value: 1.90024:  12%|█▏        | 6/50 [00:17<01:44,  2.37s/it]Best trial: 3. Best value: 1.90024:  14%|█▍        | 7/50 [00:17<01:30,  2.11s/it]D:\Python\realtime_estimate_tracker\venv_bds\lib\site-packages\xgboost\training.py:200: UserWarning: [22:05:47] WARNING: C:\actions-runner\_work\xgboost\xgboost\src\learner.cc:782: 
Parameters: { "devices", "task_type" } are not used.

  bst.update(dtrain, iteration=i, fobj=obj)
                                                                                  Best trial: 3. Best value: 1.90024:  14%|█▍        | 7/50 [00:20<01:30,  2.11s/it]Best trial: 3. Best value: 1.90024:  14%|█▍        | 7/50 [00:20<01:30,  2.11s/it]Best trial: 3. Best value: 1.90024:  16%|█▌        | 8/50 [00:20<01:50,  2.62s/it]D:\Python\realtime_estimate_tracker\venv_bds\lib\site-packages\xgboost\training.py:200: UserWarning: [22:05:51] WARNING: C:\actions-runner\_work\xgboost\xgboost\src\learner.cc:782: 
Parameters: { "devices", "task_type" } are not used.

  bst.update(dtrain, iteration=i, fobj=obj)
                                                                                  Best trial: 3. Best value: 1.90024:  16%|█▌        | 8/50 [00:25<01:50,  2.62s/it]Best trial: 3. Best value: 1.90024:  16%|█▌        | 8/50 [00:25<01:50,  2.62s/it]Best trial: 3. Best value: 1.90024:  18%|█▊        | 9/50 [00:25<02:15,  3.30s/it]D:\Python\realtime_estimate_tracker\venv_bds\lib\site-packages\xgboost\training.py:200: UserWarning: [22:05:55] WARNING: C:\actions-runner\_work\xgboost\xgboost\src\learner.cc:782: 
Parameters: { "devices", "task_type" } are not used.

  bst.update(dtrain, iteration=i, fobj=obj)
                                                                                  Best trial: 3. Best value: 1.90024:  18%|█▊        | 9/50 [00:27<02:15,  3.30s/it]Best trial: 3. Best value: 1.90024:  18%|█▊        | 9/50 [00:27<02:15,  3.30s/it]Best trial: 3. Best value: 1.90024:  20%|██        | 10/50 [00:27<01:51,  2.79s/it]D:\Python\realtime_estimate_tracker\venv_bds\lib\site-packages\xgboost\training.py:200: UserWarning: [22:05:57] WARNING: C:\actions-runner\_work\xgboost\xgboost\src\learner.cc:782: 
Parameters: { "devices", "task_type" } are not used.

  bst.update(dtrain, iteration=i, fobj=obj)
                                                                                   Best trial: 3. Best value: 1.90024:  20%|██        | 10/50 [00:30<01:51,  2.79s/it]Best trial: 3. Best value: 1.90024:  20%|██        | 10/50 [00:30<01:51,  2.79s/it]Best trial: 3. Best value: 1.90024:  22%|██▏       | 11/50 [00:30<01:57,  3.02s/it]D:\Python\realtime_estimate_tracker\venv_bds\lib\site-packages\xgboost\training.py:200: UserWarning: [22:06:01] WARNING: C:\actions-runner\_work\xgboost\xgboost\src\learner.cc:782: 
Parameters: { "devices", "task_type" } are not used.

  bst.update(dtrain, iteration=i, fobj=obj)
                                                                                   Best trial: 3. Best value: 1.90024:  22%|██▏       | 11/50 [00:33<01:57,  3.02s/it]Best trial: 3. Best value: 1.90024:  22%|██▏       | 11/50 [00:33<01:57,  3.02s/it]Best trial: 3. Best value: 1.90024:  24%|██▍       | 12/50 [00:33<01:50,  2.90s/it]D:\Python\realtime_estimate_tracker\venv_bds\lib\site-packages\xgboost\training.py:200: UserWarning: [22:06:03] WARNING: C:\actions-runner\_work\xgboost\xgboost\src\learner.cc:782: 
Parameters: { "devices", "task_type" } are not used.

  bst.update(dtrain, iteration=i, fobj=obj)
                                                                                   Best trial: 3. Best value: 1.90024:  24%|██▍       | 12/50 [00:37<01:50,  2.90s/it]Best trial: 3. Best value: 1.90024:  24%|██▍       | 12/50 [00:37<01:50,  2.90s/it]Best trial: 3. Best value: 1.90024:  26%|██▌       | 13/50 [00:37<01:54,  3.10s/it]D:\Python\realtime_estimate_tracker\venv_bds\lib\site-packages\xgboost\training.py:200: UserWarning: [22:06:07] WARNING: C:\actions-runner\_work\xgboost\xgboost\src\learner.cc:782: 
Parameters: { "devices", "task_type" } are not used.

  bst.update(dtrain, iteration=i, fobj=obj)
                                                                                   Best trial: 3. Best value: 1.90024:  26%|██▌       | 13/50 [00:39<01:54,  3.10s/it]Best trial: 3. Best value: 1.90024:  26%|██▌       | 13/50 [00:39<01:54,  3.10s/it]Best trial: 3. Best value: 1.90024:  28%|██▊       | 14/50 [00:39<01:48,  3.02s/it]D:\Python\realtime_estimate_tracker\venv_bds\lib\site-packages\xgboost\training.py:200: UserWarning: [22:06:10] WARNING: C:\actions-runner\_work\xgboost\xgboost\src\learner.cc:782: 
Parameters: { "devices", "task_type" } are not used.

  bst.update(dtrain, iteration=i, fobj=obj)
                                                                                   Best trial: 3. Best value: 1.90024:  28%|██▊       | 14/50 [00:42<01:48,  3.02s/it]Best trial: 3. Best value: 1.90024:  28%|██▊       | 14/50 [00:42<01:48,  3.02s/it]Best trial: 3. Best value: 1.90024:  30%|███       | 15/50 [00:42<01:41,  2.89s/it]D:\Python\realtime_estimate_tracker\venv_bds\lib\site-packages\xgboost\training.py:200: UserWarning: [22:06:12] WARNING: C:\actions-runner\_work\xgboost\xgboost\src\learner.cc:782: 
Parameters: { "devices", "task_type" } are not used.

  bst.update(dtrain, iteration=i, fobj=obj)
                                                                                   Best trial: 3. Best value: 1.90024:  30%|███       | 15/50 [00:45<01:41,  2.89s/it]Best trial: 3. Best value: 1.90024:  30%|███       | 15/50 [00:45<01:41,  2.89s/it]Best trial: 3. Best value: 1.90024:  32%|███▏      | 16/50 [00:45<01:42,  3.01s/it]D:\Python\realtime_estimate_tracker\venv_bds\lib\site-packages\xgboost\training.py:200: UserWarning: [22:06:15] WARNING: C:\actions-runner\_work\xgboost\xgboost\src\learner.cc:782: 
Parameters: { "devices", "task_type" } are not used.

  bst.update(dtrain, iteration=i, fobj=obj)
                                                                                   Best trial: 3. Best value: 1.90024:  32%|███▏      | 16/50 [00:49<01:42,  3.01s/it]Best trial: 16. Best value: 1.88468:  32%|███▏      | 16/50 [00:49<01:42,  3.01s/it]Best trial: 16. Best value: 1.88468:  34%|███▍      | 17/50 [00:49<01:49,  3.31s/it]D:\Python\realtime_estimate_tracker\venv_bds\lib\site-packages\xgboost\training.py:200: UserWarning: [22:06:19] WARNING: C:\actions-runner\_work\xgboost\xgboost\src\learner.cc:782: 
Parameters: { "devices", "task_type" } are not used.

  bst.update(dtrain, iteration=i, fobj=obj)
                                                                                    Best trial: 16. Best value: 1.88468:  34%|███▍      | 17/50 [00:53<01:49,  3.31s/it]Best trial: 17. Best value: 1.8552:  34%|███▍      | 17/50 [00:53<01:49,  3.31s/it] Best trial: 17. Best value: 1.8552:  36%|███▌      | 18/50 [00:53<01:49,  3.42s/it]D:\Python\realtime_estimate_tracker\venv_bds\lib\site-packages\xgboost\training.py:200: UserWarning: [22:06:23] WARNING: C:\actions-runner\_work\xgboost\xgboost\src\learner.cc:782: 
Parameters: { "devices", "task_type" } are not used.

  bst.update(dtrain, iteration=i, fobj=obj)
                                                                                   Best trial: 17. Best value: 1.8552:  36%|███▌      | 18/50 [00:56<01:49,  3.42s/it]Best trial: 17. Best value: 1.8552:  36%|███▌      | 18/50 [00:56<01:49,  3.42s/it]Best trial: 17. Best value: 1.8552:  38%|███▊      | 19/50 [00:56<01:43,  3.34s/it]D:\Python\realtime_estimate_tracker\venv_bds\lib\site-packages\xgboost\training.py:200: UserWarning: [22:06:26] WARNING: C:\actions-runner\_work\xgboost\xgboost\src\learner.cc:782: 
Parameters: { "devices", "task_type" } are not used.

  bst.update(dtrain, iteration=i, fobj=obj)
                                                                                   Best trial: 17. Best value: 1.8552:  38%|███▊      | 19/50 [00:59<01:43,  3.34s/it]Best trial: 17. Best value: 1.8552:  38%|███▊      | 19/50 [00:59<01:43,  3.34s/it]Best trial: 17. Best value: 1.8552:  40%|████      | 20/50 [00:59<01:31,  3.05s/it]D:\Python\realtime_estimate_tracker\venv_bds\lib\site-packages\xgboost\training.py:200: UserWarning: [22:06:29] WARNING: C:\actions-runner\_work\xgboost\xgboost\src\learner.cc:782: 
Parameters: { "devices", "task_type" } are not used.

  bst.update(dtrain, iteration=i, fobj=obj)
                                                                                   Best trial: 17. Best value: 1.8552:  40%|████      | 20/50 [01:02<01:31,  3.05s/it]Best trial: 17. Best value: 1.8552:  40%|████      | 20/50 [01:02<01:31,  3.05s/it]Best trial: 17. Best value: 1.8552:  42%|████▏     | 21/50 [01:02<01:36,  3.33s/it]D:\Python\realtime_estimate_tracker\venv_bds\lib\site-packages\xgboost\training.py:200: UserWarning: [22:06:33] WARNING: C:\actions-runner\_work\xgboost\xgboost\src\learner.cc:782: 
Parameters: { "devices", "task_type" } are not used.

  bst.update(dtrain, iteration=i, fobj=obj)
                                                                                   Best trial: 17. Best value: 1.8552:  42%|████▏     | 21/50 [01:06<01:36,  3.33s/it]Best trial: 17. Best value: 1.8552:  42%|████▏     | 21/50 [01:06<01:36,  3.33s/it]Best trial: 17. Best value: 1.8552:  44%|████▍     | 22/50 [01:06<01:38,  3.54s/it]D:\Python\realtime_estimate_tracker\venv_bds\lib\site-packages\xgboost\training.py:200: UserWarning: [22:06:37] WARNING: C:\actions-runner\_work\xgboost\xgboost\src\learner.cc:782: 
Parameters: { "devices", "task_type" } are not used.

  bst.update(dtrain, iteration=i, fobj=obj)
                                                                                   Best trial: 17. Best value: 1.8552:  44%|████▍     | 22/50 [01:10<01:38,  3.54s/it]Best trial: 17. Best value: 1.8552:  44%|████▍     | 22/50 [01:10<01:38,  3.54s/it]Best trial: 17. Best value: 1.8552:  46%|████▌     | 23/50 [01:10<01:38,  3.63s/it]D:\Python\realtime_estimate_tracker\venv_bds\lib\site-packages\xgboost\training.py:200: UserWarning: [22:06:41] WARNING: C:\actions-runner\_work\xgboost\xgboost\src\learner.cc:782: 
Parameters: { "devices", "task_type" } are not used.

  bst.update(dtrain, iteration=i, fobj=obj)
                                                                                   Best trial: 17. Best value: 1.8552:  46%|████▌     | 23/50 [01:12<01:38,  3.63s/it]Best trial: 17. Best value: 1.8552:  46%|████▌     | 23/50 [01:12<01:38,  3.63s/it]Best trial: 17. Best value: 1.8552:  48%|████▊     | 24/50 [01:12<01:22,  3.17s/it]D:\Python\realtime_estimate_tracker\venv_bds\lib\site-packages\xgboost\training.py:200: UserWarning: [22:06:43] WARNING: C:\actions-runner\_work\xgboost\xgboost\src\learner.cc:782: 
Parameters: { "devices", "task_type" } are not used.

  bst.update(dtrain, iteration=i, fobj=obj)
                                                                                   Best trial: 17. Best value: 1.8552:  48%|████▊     | 24/50 [01:16<01:22,  3.17s/it]Best trial: 17. Best value: 1.8552:  48%|████▊     | 24/50 [01:16<01:22,  3.17s/it]Best trial: 17. Best value: 1.8552:  50%|█████     | 25/50 [01:16<01:22,  3.31s/it]D:\Python\realtime_estimate_tracker\venv_bds