[I 2026-04-12 22:12:04,661] Trial 49 finished with value: 1.8217329990377098 and parameters: {'n_estimators': 425, 'learning_rate': 0.0446323837265257, 'max_depth': 9, 'subsample': 0.7471478417703001, 'colsample_bytree': 0.9586082201222671, 'min_child_weight': 1}. Best is trial 29 with value: 1.7357770096273168.
✅ Tham số tối ưu nhất từ Optuna: {'n_estimators': 929, 'learning_rate': 0.00660054100396929, 'max_depth': 12, 'subsample': 0.8805253685601507, 'colsample_bytree': 0.9891548637799268, 'min_child_weight': 1}
MAE của mô hình XGBoost: 1.7408
R² của mô hình XGBoost: 0.9254
🥊 Đang so sánh... Champion MAE: 1.6245 vs Challenger MAE: 1.7408
🛡️ Champion bảo vệ ngôi vương. Giữ nguyên mô hình cũ.
[Sun 04/12/2026 22:12:11.57] [4/4] Dang dong bo AI Model (qua LFS) len GitHub... 
[main c2a8b3d] Auto-update AI Model: Sun 04/12/2026 22:12:15.87
 2 files changed, 300 insertions(+)
remote: This repository moved. Please use the new location:        
remote:   https://github.com/HieuNT316/hanoi-house-price-prediction.git        
To https://github.com/Alexus143/hanoi-house-price-prediction.git
   cae354e..c2a8b3d  main -> main
========================================= 
[Mon 04/13/2026 22:00:03.32] [1/4] Dang cao chi tiet BĐS... 
🔍 Đang cấu hình Database với: postgres.kkwivuufxdewurmxtsto@aws-1-ap-southeast-1.pooler.supabase.com:5432/postgres

[DetailSpider] Khởi động luồng làm giàu dữ liệu (Limit: 50 bài/lượt)...
✅ Đã kết nối thành công tới PostgreSQL.
[DetailSpider] ✅ Không có listing nào cần làm giàu dữ liệu. Đi ngủ!
[Mon 04/13/2026 22:00:32.86] [2/4] Dang clean du lieu... 
🔍 Đang cấu hình Database với: postgres.kkwivuufxdewurmxtsto@aws-1-ap-southeast-1.pooler.supabase.com:5432/postgres
✅ Đã kết nối thành công tới PostgreSQL.
🔄 Upsert thành công 5708 bản ghi vào 'bds_hadong'.
✅ Đã cập nhật cột legal_status và furniture thành công.
[Mon 04/13/2026 22:00:40.23] [3/4] Dang huan luyen AI tren du lieu moi... 
🔍 Đang cấu hình Database với: postgres.kkwivuufxdewurmxtsto@aws-1-ap-southeast-1.pooler.supabase.com:5432/postgres
[I 2026-04-13 22:01:08,767] A new study created in memory with name: no-name-5faadf15-2396-4762-b542-f36f00aecbab
✅ Đã kết nối thành công tới PostgreSQL.
  0%|          | 0/50 [00:00<?, ?it/s]D:\Python\realtime_estimate_tracker\venv_bds\lib\site-packages\xgboost\training.py:200: UserWarning: [22:01:09] WARNING: C:\actions-runner\_work\xgboost\xgboost\src\learner.cc:782: 
Parameters: { "devices", "task_type" } are not used.

  bst.update(dtrain, iteration=i, fobj=obj)
                                        0%|          | 0/50 [00:01<?, ?it/s]Best trial: 0. Best value: 2.55335:   0%|          | 0/50 [00:01<?, ?it/s]Best trial: 0. Best value: 2.55335:   2%|▏         | 1/50 [00:01<01:35,  1.94s/it]D:\Python\realtime_estimate_tracker\venv_bds\lib\site-packages\xgboost\training.py:200: UserWarning: [22:01:10] WARNING: C:\actions-runner\_work\xgboost\xgboost\src\learner.cc:782: 
Parameters: { "devices", "task_type" } are not used.

  bst.update(dtrain, iteration=i, fobj=obj)
                                                                                  Best trial: 0. Best value: 2.55335:   2%|▏         | 1/50 [00:03<01:35,  1.94s/it]Best trial: 1. Best value: 2.20604:   2%|▏         | 1/50 [00:03<01:35,  1.94s/it]Best trial: 1. Best value: 2.20604:   4%|▍         | 2/50 [00:03<01:24,  1.75s/it]D:\Python\realtime_estimate_tracker\venv_bds\lib\site-packages\xgboost\training.py:200: UserWarning: [22:01:12] WARNING: C:\actions-runner\_work\xgboost\xgboost\src\learner.cc:782: 
Parameters: { "devices", "task_type" } are not used.

  bst.update(dtrain, iteration=i, fobj=obj)
                                                                                  Best trial: 1. Best value: 2.20604:   4%|▍         | 2/50 [00:06<01:24,  1.75s/it]Best trial: 2. Best value: 1.82195:   4%|▍         | 2/50 [00:06<01:24,  1.75s/it]Best trial: 2. Best value: 1.82195:   6%|▌         | 3/50 [00:06<01:42,  2.18s/it]D:\Python\realtime_estimate_tracker\venv_bds\lib\site-packages\xgboost\training.py:200: UserWarning: [22:01:15] WARNING: C:\actions-runner\_work\xgboost\xgboost\src\learner.cc:782: 
Parameters: { "devices", "task_type" } are not used.

  bst.update(dtrain, iteration=i, fobj=obj)
                                                                                  Best trial: 2. Best value: 1.82195:   6%|▌         | 3/50 [00:10<01:42,  2.18s/it]Best trial: 2. Best value: 1.82195:   6%|▌         | 3/50 [00:10<01:42,  2.18s/it]Best trial: 2. Best value: 1.82195:   8%|▊         | 4/50 [00:10<02:10,  2.84s/it]D:\Python\realtime_estimate_tracker\venv_bds\lib\site-packages\xgboost\training.py:200: UserWarning: [22:01:18] WARNING: C:\actions-runner\_work\xgboost\xgboost\src\learner.cc:782: 
Parameters: { "devices", "task_type" } are not used.

  bst.update(dtrain, iteration=i, fobj=obj)
                                                                                  Best trial: 2. Best value: 1.82195:   8%|▊         | 4/50 [00:13<02:10,  2.84s/it]Best trial: 2. Best value: 1.82195:   8%|▊         | 4/50 [00:13<02:10,  2.84s/it]Best trial: 2. Best value: 1.82195:  10%|█         | 5/50 [00:13<02:19,  3.10s/it]D:\Python\realtime_estimate_tracker\venv_bds\lib\site-packages\xgboost\training.py:200: UserWarning: [22:01:22] WARNING: C:\actions-runner\_work\xgboost\xgboost\src\learner.cc:782: 
Parameters: { "devices", "task_type" } are not used.

  bst.update(dtrain, iteration=i, fobj=obj)
                                                                                  Best trial: 2. Best value: 1.82195:  10%|█         | 5/50 [00:17<02:19,  3.10s/it]Best trial: 5. Best value: 1.77652:  10%|█         | 5/50 [00:17<02:19,  3.10s/it]Best trial: 5. Best value: 1.77652:  12%|█▏        | 6/50 [00:17<02:20,  3.19s/it]D:\Python\realtime_estimate_tracker\venv_bds\lib\site-packages\xgboost\training.py:200: UserWarning: [22:01:25] WARNING: C:\actions-runner\_work\xgboost\xgboost\src\learner.cc:782: 
Parameters: { "devices", "task_type" } are not used.

  bst.update(dtrain, iteration=i, fobj=obj)
                                                                                  Best trial: 5. Best value: 1.77652:  12%|█▏        | 6/50 [00:20<02:20,  3.19s/it]Best trial: 5. Best value: 1.77652:  12%|█▏        | 6/50 [00:20<02:20,  3.19s/it]Best trial: 5. Best value: 1.77652:  14%|█▍        | 7/50 [00:20<02:27,  3.43s/it]D:\Python\realtime_estimate_tracker\venv_bds\lib\site-packages\xgboost\training.py:200: UserWarning: [22:01:29] WARNING: C:\actions-runner\_work\xgboost\xgboost\src\learner.cc:782: 
Parameters: { "devices", "task_type" } are not used.

  bst.update(dtrain, iteration=i, fobj=obj)
                                                                                  Best trial: 5. Best value: 1.77652:  14%|█▍        | 7/50 [00:25<02:27,  3.43s/it]Best trial: 5. Best value: 1.77652:  14%|█▍        | 7/50 [00:25<02:27,  3.43s/it]Best trial: 5. Best value: 1.77652:  16%|█▌        | 8/50 [00:25<02:42,  3.87s/it]D:\Python\realtime_estimate_tracker\venv_bds\lib\site-packages\xgboost\training.py:200: UserWarning: [22:01:34] WARNING: C:\actions-runner\_work\xgboost\xgboost\src\learner.cc:782: 
Parameters: { "devices", "task_type" } are not used.

  bst.update(dtrain, iteration=i, fobj=obj)
                                                                                  Best trial: 5. Best value: 1.77652:  16%|█▌        | 8/50 [00:29<02:42,  3.87s/it]Best trial: 5. Best value: 1.77652:  16%|█▌        | 8/50 [00:29<02:42,  3.87s/it]Best trial: 5. Best value: 1.77652:  18%|█▊        | 9/50 [00:29<02:35,  3.79s/it]D:\Python\realtime_estimate_tracker\venv_bds\lib\site-packages\xgboost\training.py:200: UserWarning: [22:01:38] WARNING: C:\actions-runner\_work\xgboost\xgboost\src\learner.cc:782: 
Parameters: { "devices", "task_type" } are not used.

  bst.update(dtrain, iteration=i, fobj=obj)
                                                                                  Best trial: 5. Best value: 1.77652:  18%|█▊        | 9/50 [00:31<02:35,  3.79s/it]Best trial: 5. Best value: 1.77652:  18%|█▊        | 9/50 [00:31<02:35,  3.79s/it]Best trial: 5. Best value: 1.77652:  20%|██        | 10/50 [00:31<02:14,  3.36s/it]D:\Python\realtime_estimate_tracker\venv_bds\lib\site-packages\xgboost\training.py:200: UserWarning: [22:01:40] WARNING: C:\actions-runner\_work\xgboost\xgboost\src\learner.cc:782: 
Parameters: { "devices", "task_type" } are not used.

  bst.update(dtrain, iteration=i, fobj=obj)
                                                                                   Best trial: 5. Best value: 1.77652:  20%|██        | 10/50 [00:34<02:14,  3.36s/it]Best trial: 5. Best value: 1.77652:  20%|██        | 10/50 [00:34<02:14,  3.36s/it]Best trial: 5. Best value: 1.77652:  22%|██▏       | 11/50 [00:34<01:57,  3.02s/it]D:\Python\realtime_estimate_tracker\venv_bds\lib\site-packages\xgboost\training.py:200: UserWarning: [22:01:42] WARNING: C:\actions-runner\_work\xgboost\xgboost\src\learner.cc:782: 
Parameters: { "devices", "task_type" } are not used.

  bst.update(dtrain, iteration=i, fobj=obj)
                                                                                   Best trial: 5. Best value: 1.77652:  22%|██▏       | 11/50 [00:36<01:57,  3.02s/it]Best trial: 5. Best value: 1.77652:  22%|██▏       | 11/50 [00:36<01:57,  3.02s/it]Best trial: 5. Best value: 1.77652:  24%|██▍       | 12/50 [00:36<01:45,  2.78s/it]D:\Python\realtime_estimate_tracker\venv_bds\lib\site-packages\xgboost\training.py:200: UserWarning: [22:01:45] WARNING: C:\actions-runner\_work\xgboost\xgboost\src\learner.cc:782: 
Parameters: { "devices", "task_type" } are not used.

  bst.update(dtrain, iteration=i, fobj=obj)
                                                                                   Best trial: 5. Best value: 1.77652:  24%|██▍       | 12/50 [00:38<01:45,  2.78s/it]Best trial: 5. Best value: 1.77652:  24%|██▍       | 12/50 [00:38<01:45,  2.78s/it]Best trial: 5. Best value: 1.77652:  26%|██▌       | 13/50 [00:38<01:39,  2.69s/it]D:\Python\realtime_estimate_tracker\venv_bds\lib\site-packages\xgboost\training.py:200: UserWarning: [22:01:47] WARNING: C:\actions-runner\_work\xgboost\xgboost\src\learner.cc:782: 
Parameters: { "devices", "task_type" } are not used.

  bst.update(dtrain, iteration=i, fobj=obj)
                                                                                   Best trial: 5. Best value: 1.77652:  26%|██▌       | 13/50 [00:41<01:39,  2.69s/it]Best trial: 5. Best value: 1.77652:  26%|██▌       | 13/50 [00:41<01:39,  2.69s/it]Best trial: 5. Best value: 1.77652:  28%|██▊       | 14/50 [00:41<01:35,  2.66s/it]D:\Python\realtime_estimate_tracker\venv_bds\lib\site-packages\xgboost\training.py:200: UserWarning: [22:01:50] WARNING: C:\actions-runner\_work\xgboost\xgboost\src\learner.cc:782: 
Parameters: { "devices", "task_type" } are not used.

  bst.update(dtrain, iteration=i, fobj=obj)
                                                                                   Best trial: 5. Best value: 1.77652:  28%|██▊       | 14/50 [00:45<01:35,  2.66s/it]Best trial: 5. Best value: 1.77652:  28%|██▊       | 14/50 [00:45<01:35,  2.66s/it]Best trial: 5. Best value: 1.77652:  30%|███       | 15/50 [00:45<01:49,  3.13s/it]D:\Python\realtime_estimate_tracker\venv_bds\lib\site-packages\xgboost\training.py:200: UserWarning: [22:01:54] WARNING: C:\actions-runner\_work\xgboost\xgboost\src\learner.cc:782: 
Parameters: { "devices", "task_type" } are not used.

  bst.update(dtrain, iteration=i, fobj=obj)
                                                                                   Best trial: 5. Best value: 1.77652:  30%|███       | 15/50 [00:47<01:49,  3.13s/it]Best trial: 5. Best value: 1.77652:  30%|███       | 15/50 [00:47<01:49,  3.13s/it]Best trial: 5. Best value: 1.77652:  32%|███▏      | 16/50 [00:47<01:30,  2.66s/it]D:\Python\realtime_estimate_tracker\venv_bds\lib\site-packages\xgboost\training.py:200: UserWarning: [22:01:55] WARNING: C:\actions-runner\_work\xgboost\xgboost\src\learner.cc:782: 
Parameters: { "devices", "task_type" } are not used.

  bst.update(dtrain, iteration=i, fobj=obj)
                                                                                   Best trial: 5. Best value: 1.77652:  32%|███▏      | 16/50 [00:51<01:30,  2.66s/it]Best trial: 16. Best value: 1.76199:  32%|███▏      | 16/50 [00:51<01:30,  2.66s/it]Best trial: 16. Best value: 1.76199:  34%|███▍      | 17/50 [00:51<01:47,  3.25s/it]D:\Python\realtime_estimate_tracker\venv_bds\lib\site-packages\xgboost\training.py:200: UserWarning: [22:02:00] WARNING: C:\actions-runner\_work\xgboost\xgboost\src\learner.cc:782: 
Parameters: { "devices", "task_type" } are not used.

  bst.update(dtrain, iteration=i, fobj=obj)
                                                                                    Best trial: 16. Best value: 1.76199:  34%|███▍      | 17/50 [00:54<01:47,  3.25s/it]Best trial: 16. Best value: 1.76199:  34%|███▍      | 17/50 [00:54<01:47,  3.25s/it]Best trial: 16. Best value: 1.76199:  36%|███▌      | 18/50 [00:54<01:42,  3.20s/it]D:\Python\realtime_estimate_tracker\venv_bds\lib\site-packages\xgboost\training.py:200: UserWarning: [22:02:03] WARNING: C:\actions-runner\_work\xgboost\xgboost\src\learner.cc:782: 
Parameters: { "devices", "task_type" } are not used.

  bst.update(dtrain, iteration=i, fobj=obj)
                                                                                    Best trial: 16. Best value: 1.76199:  36%|███▌      | 18/50 [00:59<01:42,  3.20s/it]Best trial: 18. Best value: 1.75821:  36%|███▌      | 18/50 [00:59<01:42,  3.20s/it]Best trial: 18. Best value: 1.75821:  38%|███▊      | 19/50 [00:59<01:55,  3.72s/it]D:\Python\realtime_estimate_tracker\venv_bds\lib\site-packages\xgboost\training.py:200: UserWarning: [22:02:08] WARNING: C:\actions-runner\_work\xgboost\xgboost\src\learner.cc:782: 
Parameters: { "devices", "task_type" } are not used.

  bst.update(dtrain, iteration=i, fobj=obj)
                                                                                    Best trial: 18. Best value: 1.75821:  38%|███▊      | 19/50 [01:03<01:55,  3.72s/it]Best trial: 18. Best value: 1.75821:  38%|███▊      | 19/50 [01:03<01:55,  3.72s/it]Best trial: 18. Best value: 1.75821:  40%|████      | 20/50 [01:03<01:51,  3.71s/it]D:\Python\realtime_estimate_tracker\venv_bds\lib\site-packages\xgboost\training.py:200: UserWarning: [22:02:12] WARNING: C:\actions-runner\_work\xgboost\xgboost\src\learner.cc:782: 
Parameters: { "devices", "task_type" } are not used.

  bst.update(dtrain, iteration=i, fobj=obj)
                                                                                    Best trial: 18. Best value: 1.75821:  40%|████      | 20/50 [01:08<01:51,  3.71s/it]Best trial: 20. Best value: 1.74485:  40%|████      | 20/50 [01:08<01:51,  3.71s/it]Best trial: 20. Best value: 1.74485:  42%|████▏     | 21/50 [01:08<02:01,  4.18s/it]D:\Python\realtime_estimate_tracker\venv_bds\lib\site-packages\xgboost\training.py:200: UserWarning: [22:02:17] WARNING: C:\actions-runner\_work\xgboost\xgboost\src\learner.cc:782: 
Parameters: { "devices", "task_type" } are not used.

  bst.update(dtrain, iteration=i, fobj=obj)
                                                                                    Best trial: 20. Best value: 1.74485:  42%|████▏     | 21/50 [01:13<02:01,  4.18s/it]Best trial: 20. Best value: 1.74485:  42%|████▏     | 21/50 [01:13<02:01,  4.18s/it]Best trial: 20. Best value: 1.74485:  44%|████▍     | 22/50 [01:13<02:04,  4.45s/it]D:\Python\realtime_estimate_tracker\venv_bds\lib\site-packages\xgboost\training.py:200: UserWarning: [22:02:22] WARNING: C:\actions-runner\_work\xgboost\xgboost\src\learner.cc:782: 
Parameters: { "devices", "task_type" } are not used.

  bst.update(dtrain, iteration=i, fobj=obj)
                                                                                    Best trial: 20. Best value: 1.74485:  44%|████▍     | 22/50 [01:18<02:04,  4.45s/it]Best trial: 20. Best value: 1.74485:  44%|████▍     | 22/50 [01:18<02:04,  4.45s/it]Best trial: 20. Best value: 1.74485:  46%|████▌     | 23/50 [01:18<02:01,  4.51s/it]D:\Python\realtime_estimate_tracker\venv_bds\lib\site-packages\xgboost\training.py:200: UserWarning: [22:02:27] WARNING: C:\actions-runner\_work\xgboost\xgboost\src\learner.cc:782: 
Parameters: { "devices", "task_type" } are not used.

  bst.update(dtrain, iteration=i, fobj=obj)
                                                                                    Best trial: 20. Best value: 1.74485:  46%|████▌     | 23/50 [01:24<02:01,  4.51s/it]Best trial: 20. Best value: 1.74485:  46%|████▌     | 23/50 [01:24<02:01,  4.51s/it]Best trial: 20. Best value: 1.74485:  48%|████▊     | 24/50 [01:24<02:06,  4.88s/it]D:\Python\realtime_estimate_tracker\venv_bds\lib\site-packages\xgboost\training.py:200: UserWarning: [22:02:33] WARNING: C:\actions-runner\_work\xgboost\xgboost\src\learner.cc:782: 
Parameters: { "devices", "task_type" } are not used.

  bst.update(dtrain, iteration=i, fobj=obj)
                                                                                    Best trial: 20. Best value: 1.74485:  48%|████▊     | 24/50 [01:30<02:06,  4.88s/it]Best trial: 20. Best value: 1.74485:  48%|████▊     | 24/50 [01:30<02:06,  4.88s/it]Best trial: 20. Best value: 1.74485:  50%|█████     | 25/50 [01:30<02:13,  5.33s/it]D:\Python\realtime_estimate_tracker\venv_bds\lib\site-packages\xgboost\training.py:200: UserWarning: [22:02:39] WARNING: C:\actions-runner\_work\xgboost\xgboost\src\learner.cc:782: 
Parameters: { "devices", "task_type" } are not used.

  bst.update(dtrain, iteration=i, fobj=obj)
                                                                                    Best trial: 20. Best value: 1.74485:  50%|█████     | 25/50 [01:34<02:13,  5.33s/it]Best trial: 20. Best value: 1.74485:  50%|█████     | 25/50 [01:34<02:13,  5.33s/it]Best trial: 20. Best value: 1.74485:  52%|█████▏    | 26/50 [01:34<01:58,  4.96s/it]D:\Python\realtime_estimate_tracker\venv_bds\lib\site-packages\xgboost\training.py:200: UserWarning: [22:02:43] WARNING: C:\actions-runner\_work\xgboost\xgboost\src\learner.cc:782: 
Parameters: { "devices", "task_type" } are not used.

  bst.update(dtrain, iteration=i, fobj=obj)
                                                                                    Best trial: 20. Best value: 1.74485:  52%|█████▏    | 26/50 [01:38<01:58,  4.96s/it]Best trial: 20. Best value: 1.74485:  52%|█████▏    | 26/50 [01:38<01:58,  4.96s/it]Best trial: 20. Best value: 1.74485:  54%|█████▍    | 27/50 [01:38<01:45,  4.57s/it]D:\Python\realtime_estimate_tracker\venv_bds\lib\site-packages\xgboost\training.py:200: UserWarning: [22:02:47] WARNING: C:\actions-runner\_work\xgboost\xgboost\src\learner.cc:782: 
Parameters: { "devices", "task_type" } are not used.

  bst.update(dtrain, iteration=i, fobj=obj)
                                                                                    Best trial: 20. Best value: 1.74485:  54%|█████▍    | 27/50 [01:43<01:45,  4.57s/it]Best trial: 20. Best value: 1.74485:  54%|█████▍    | 27/50 [01:43<01:45,  4.57s/it]Best trial: 20. Best value: 1.74485:  56%|█████▌    | 28/50 [01:43<01:44,  4.73s/it]D:\Python\realtime_estimate_tracker\venv_bds\lib\site-packages\xgboost\training.py:200: UserWarning: [22:02:52] WARNING: C:\actions-runner\_work\xgboost\xgboost\src\learner.cc:782: 
Parameters: { "devices", "task_type" } are not used.

  bst.update(dtrain, iteration=i, fobj=obj)
                                                                                    Best trial: 20. Best value: 1.74485:  56%|█████▌    | 28/50 [01:48<01:44,  4.73s/it]Best trial: 20. Best value: 1.74485:  56%|█████▌    | 28/50 [01:48<01:44,  4.73s/it]Best trial: 20. Best value: 1.74485:  58%|█████▊    | 29/50 [01:48<01:38,  4.71s/it]D:\Python\realtime_estimate_tracker\venv_bds\lib\site-packages\xgboost\training.py:200: UserWarning: [22:02:56] WARNING: C:\actions-runner\_work\xgboost\xgboost\src\learner.cc:782: 
Parameters: { "devices", "task_type" } are not used.

  bst.update(dtrain, iteration=i, fobj=obj)
                                                                                    Best trial: 20. Best value: 1.74485:  58%|█████▊    | 29/50 [01:50<01:38,  4.71s/it]Best trial: 20. Best value: 1.74485:  58%|█████▊    | 29/50 [01:50<01:38,  4.71s/it]Best trial: 20. Best value: 1.74485:  60%|██████    | 30/50 [01:50<01:22,  4.13s/it]D:\Python\realtime_estimate_tracker\venv_bds\lib\site-packages\xgboost\training.py:200: UserWarning: [22:02:59] WARNING: C:\actions-runner\_work\xgboost\xgboost\src\learner.cc:782: 
Parameters: { "devices", "task_type" } are not used.

  bst.update(dtrain, iteration=i, fobj=obj)
                                                                                    Best trial: 20. Best value: 1.74485:  60%|██████    | 30/50 [01:53<01:22,  4.13s/it]Best trial: 20. Best value: 1.74485:  60%|██████    | 30/50 [01:53<01:22,  4.13s/it]Best trial: 20. Best value: 1.74485:  62%|██████▏   | 31/50 [01:53<01:12,  3.82s/it]D:\Python\realtime_estimate_tracker\venv_bds\lib\site-packages\xgboost\training.py:200: UserWarning: [22:03:02] WARNING: C:\actions-runner\_work\xgboost\xgboost\src\learner.cc:782: 
Parameters: { "devices", "task_type" } are not used.

  bst.update(dtrain, iteration=i, fobj=obj)
                                                                                    Best trial: 20. Best value: 1.74485:  62%|██████▏   | 31/50 [01:59<01:12,  3.82s/it]Best trial: 31. Best value: 1.74354:  62%|██████▏   | 31/50 [01:59<01:12,  3.82s/it]Best trial: 31. Best value: 