[I 2026-04-02 22:07:31,386] Trial 0 finished with value: 1.9309395088247403 and parameters: {'n_estimators': 633, 'learning_rate': 0.03636275864093489, 'max_depth': 11, 'subsample': 0.9181491022617381, 'colsample_bytree': 0.7213946931283268, 'min_child_weight': 4}. Best is trial 0 with value: 1.9309395088247403.
[I 2026-04-02 22:07:34,941] Trial 1 finished with value: 1.8643351348786343 and parameters: {'n_estimators': 1365, 'learning_rate': 0.03633979950960303, 'max_depth': 8, 'subsample': 0.6723210259616047, 'colsample_bytree': 0.8685137771071834, 'min_child_weight': 1}. Best is trial 1 with value: 1.8643351348786343.
[I 2026-04-02 22:07:39,391] Trial 2 finished with value: 1.7885544382782792 and parameters: {'n_estimators': 977, 'learning_rate': 0.016427373846913042, 'max_depth': 14, 'subsample': 0.6214286432695612, 'colsample_bytree': 0.8910889518879956, 'min_child_weight': 2}. Best is trial 2 with value: 1.7885544382782792.
[I 2026-04-02 22:07:41,578] Trial 3 finished with value: 1.9137347188286462 and parameters: {'n_estimators': 651, 'learning_rate': 0.022764040313610963, 'max_depth': 14, 'subsample': 0.6034567961643557, 'colsample_bytree': 0.7243969137671442, 'min_child_weight': 8}. Best is trial 2 with value: 1.7885544382782792.
[I 2026-04-02 22:07:42,608] Trial 4 finished with value: 2.106200727878694 and parameters: {'n_estimators': 334, 'learning_rate': 0.015014261983287954, 'max_depth': 10, 'subsample': 0.7966634104665413, 'colsample_bytree': 0.6312843733756504, 'min_child_weight': 8}. Best is trial 2 with value: 1.7885544382782792.
[I 2026-04-02 22:07:45,203] Trial 5 finished with value: 1.8977474511506147 and parameters: {'n_estimators': 1052, 'learning_rate': 0.037955387723789966, 'max_depth': 8, 'subsample': 0.9277383724181288, 'colsample_bytree': 0.9247613925635619, 'min_child_weight': 10}. Best is trial 2 with value: 1.7885544382782792.
[I 2026-04-02 22:07:50,090] Trial 6 finished with value: 1.856458819924371 and parameters: {'n_estimators': 1344, 'learning_rate': 0.08649808841572251, 'max_depth': 14, 'subsample': 0.7130428794843429, 'colsample_bytree': 0.9741983031163516, 'min_child_weight': 6}. Best is trial 2 with value: 1.7885544382782792.
[I 2026-04-02 22:07:55,101] Trial 7 finished with value: 1.9716002710671863 and parameters: {'n_estimators': 1311, 'learning_rate': 0.007205462161572241, 'max_depth': 15, 'subsample': 0.950409854947887, 'colsample_bytree': 0.6605760415193483, 'min_child_weight': 9}. Best is trial 2 with value: 1.7885544382782792.
[I 2026-04-02 22:07:55,814] Trial 8 finished with value: 2.094620153238411 and parameters: {'n_estimators': 324, 'learning_rate': 0.043643053486059534, 'max_depth': 5, 'subsample': 0.9286364482504093, 'colsample_bytree': 0.9488099220226489, 'min_child_weight': 6}. Best is trial 2 with value: 1.7885544382782792.
[I 2026-04-02 22:07:57,845] Trial 9 finished with value: 2.018914425539031 and parameters: {'n_estimators': 875, 'learning_rate': 0.02365064692979667, 'max_depth': 6, 'subsample': 0.9531725033511604, 'colsample_bytree': 0.7719578278063662, 'min_child_weight': 7}. Best is trial 2 with value: 1.7885544382782792.
[I 2026-04-02 22:08:02,856] Trial 10 finished with value: 1.8258571808763187 and parameters: {'n_estimators': 1061, 'learning_rate': 0.005620053840731264, 'max_depth': 12, 'subsample': 0.8067548710633393, 'colsample_bytree': 0.8379181484172068, 'min_child_weight': 1}. Best is trial 2 with value: 1.7885544382782792.
[I 2026-04-02 22:08:07,688] Trial 11 finished with value: 1.8274815145417742 and parameters: {'n_estimators': 1041, 'learning_rate': 0.005725163229675073, 'max_depth': 12, 'subsample': 0.8261902154498125, 'colsample_bytree': 0.8597586805834105, 'min_child_weight': 1}. Best is trial 2 with value: 1.7885544382782792.
[I 2026-04-02 22:08:12,249] Trial 12 finished with value: 1.8266694591547243 and parameters: {'n_estimators': 1098, 'learning_rate': 0.011175494106993665, 'max_depth': 13, 'subsample': 0.8087467093487193, 'colsample_bytree': 0.846062494235923, 'min_child_weight': 3}. Best is trial 2 with value: 1.7885544382782792.
[I 2026-04-02 22:08:15,728] Trial 13 finished with value: 1.8635272836699857 and parameters: {'n_estimators': 812, 'learning_rate': 0.00984217024908277, 'max_depth': 13, 'subsample': 0.7292134784548385, 'colsample_bytree': 0.8100133910629586, 'min_child_weight': 3}. Best is trial 2 with value: 1.7885544382782792.
[I 2026-04-02 22:08:20,137] Trial 14 finished with value: 1.790943139243734 and parameters: {'n_estimators': 1187, 'learning_rate': 0.014762482752876572, 'max_depth': 11, 'subsample': 0.8585480359085433, 'colsample_bytree': 0.9102224276813724, 'min_child_weight': 2}. Best is trial 2 with value: 1.7885544382782792.
[I 2026-04-02 22:08:23,607] Trial 15 finished with value: 1.8928797414258538 and parameters: {'n_estimators': 1205, 'learning_rate': 0.01482967421914534, 'max_depth': 9, 'subsample': 0.8673676566067224, 'colsample_bytree': 0.9121653086709169, 'min_child_weight': 4}. Best is trial 2 with value: 1.7885544382782792.
[I 2026-04-02 22:08:30,207] Trial 16 finished with value: 1.7830749998295692 and parameters: {'n_estimators': 1483, 'learning_rate': 0.018184365794312148, 'max_depth': 15, 'subsample': 0.6123907482779326, 'colsample_bytree': 0.99385043390338, 'min_child_weight': 3}. Best is trial 16 with value: 1.7830749998295692.
[I 2026-04-02 22:08:36,314] Trial 17 finished with value: 1.8175057606835288 and parameters: {'n_estimators': 1479, 'learning_rate': 0.06039491363554522, 'max_depth': 15, 'subsample': 0.6149868696793189, 'colsample_bytree': 0.992672101965115, 'min_child_weight': 4}. Best is trial 16 with value: 1.7830749998295692.
[I 2026-04-02 22:08:43,032] Trial 18 finished with value: 1.767836242425143 and parameters: {'n_estimators': 1485, 'learning_rate': 0.026345259656819848, 'max_depth': 15, 'subsample': 0.6580603693092999, 'colsample_bytree': 0.9918480715895343, 'min_child_weight': 3}. Best is trial 18 with value: 1.767836242425143.
[I 2026-04-02 22:08:48,965] Trial 19 finished with value: 1.840240134132314 and parameters: {'n_estimators': 1488, 'learning_rate': 0.026915262791340978, 'max_depth': 15, 'subsample': 0.6588837539331792, 'colsample_bytree': 0.9930417738489449, 'min_child_weight': 5}. Best is trial 18 with value: 1.767836242425143.
[I 2026-04-02 22:08:53,763] Trial 20 finished with value: 1.8117054622669038 and parameters: {'n_estimators': 1241, 'learning_rate': 0.061161129219966893, 'max_depth': 13, 'subsample': 0.7450440877198962, 'colsample_bytree': 0.9588745575301063, 'min_child_weight': 3}. Best is trial 18 with value: 1.767836242425143.
[I 2026-04-02 22:09:00,043] Trial 21 finished with value: 1.773992112836431 and parameters: {'n_estimators': 1408, 'learning_rate': 0.017670054755461077, 'max_depth': 14, 'subsample': 0.653152903595671, 'colsample_bytree': 0.9010572272224661, 'min_child_weight': 2}. Best is trial 18 with value: 1.767836242425143.
[I 2026-04-02 22:09:07,342] Trial 22 finished with value: 1.75045595545852 and parameters: {'n_estimators': 1481, 'learning_rate': 0.019632021213702677, 'max_depth': 15, 'subsample': 0.6728540094941476, 'colsample_bytree': 0.944693041507975, 'min_child_weight': 2}. Best is trial 22 with value: 1.75045595545852.
[I 2026-04-02 22:09:12,691] Trial 23 finished with value: 1.8698121862258883 and parameters: {'n_estimators': 1394, 'learning_rate': 0.028224313830172914, 'max_depth': 14, 'subsample': 0.6711944714198433, 'colsample_bytree': 0.9368669292915204, 'min_child_weight': 5}. Best is trial 22 with value: 1.75045595545852.
[I 2026-04-02 22:09:17,771] Trial 24 finished with value: 1.8002898905725755 and parameters: {'n_estimators': 1275, 'learning_rate': 0.00930241729192531, 'max_depth': 12, 'subsample': 0.6982288902474907, 'colsample_bytree': 0.8895493615720191, 'min_child_weight': 2}. Best is trial 22 with value: 1.75045595545852.
[I 2026-04-02 22:09:24,895] Trial 25 finished with value: 1.7232102662742457 and parameters: {'n_estimators': 1409, 'learning_rate': 0.01921712465060724, 'max_depth': 15, 'subsample': 0.7601017642880563, 'colsample_bytree': 0.9560687906077463, 'min_child_weight': 2}. Best is trial 25 with value: 1.7232102662742457.
[I 2026-04-02 22:09:32,096] Trial 26 finished with value: 1.7115475643360145 and parameters: {'n_estimators': 1185, 'learning_rate': 0.012053682643722217, 'max_depth': 15, 'subsample': 0.7693475167054451, 'colsample_bytree': 0.9537306834422014, 'min_child_weight': 1}. Best is trial 26 with value: 1.7115475643360145.
[I 2026-04-02 22:09:37,859] Trial 27 finished with value: 1.729674378663248 and parameters: {'n_estimators': 1200, 'learning_rate': 0.011668299729746614, 'max_depth': 13, 'subsample': 0.7622707233873706, 'colsample_bytree': 0.9469280334874478, 'min_child_weight': 1}. Best is trial 26 with value: 1.7115475643360145.
[I 2026-04-02 22:09:42,567] Trial 28 finished with value: 1.8114091370702325 and parameters: {'n_estimators': 1189, 'learning_rate': 0.011551482528553588, 'max_depth': 11, 'subsample': 0.7723470707046726, 'colsample_bytree': 0.8061201455550535, 'min_child_weight': 1}. Best is trial 26 with value: 1.7115475643360145.
[I 2026-04-02 22:09:47,869] Trial 29 finished with value: 1.7919105811114278 and parameters: {'n_estimators': 1127, 'learning_rate': 0.012479127769817695, 'max_depth': 13, 'subsample': 0.7642818512244962, 'colsample_bytree': 0.7663366408543587, 'min_child_weight': 1}. Best is trial 26 with value: 1.7115475643360145.
[I 2026-04-02 22:09:51,609] Trial 30 finished with value: 1.7924433546831484 and parameters: {'n_estimators': 768, 'learning_rate': 0.007893331406493866, 'max_depth': 12, 'subsample': 0.8605111811744961, 'colsample_bytree': 0.9694654480892444, 'min_child_weight': 1}. Best is trial 26 with value: 1.7115475643360145.
[I 2026-04-02 22:09:59,018] Trial 31 finished with value: 1.7543474860432005 and parameters: {'n_estimators': 1285, 'learning_rate': 0.01964817188476947, 'max_depth': 15, 'subsample': 0.9946451208976459, 'colsample_bytree': 0.9411262017815464, 'min_child_weight': 2}. Best is trial 26 with value: 1.7115475643360145.
[I 2026-04-02 22:10:05,767] Trial 32 finished with value: 1.7674993839377044 and parameters: {'n_estimators': 1396, 'learning_rate': 0.01301984281718124, 'max_depth': 14, 'subsample': 0.7713343063167395, 'colsample_bytree': 0.8764841606978034, 'min_child_weight': 2}. Best is trial 26 with value: 1.7115475643360145.
[I 2026-04-02 22:10:11,487] Trial 33 finished with value: 1.7371871588449181 and parameters: {'n_estimators': 971, 'learning_rate': 0.008317625185867362, 'max_depth': 14, 'subsample': 0.6887619467184241, 'colsample_bytree': 0.9243781579463314, 'min_child_weight': 1}. Best is trial 26 with value: 1.7115475643360145.
[I 2026-04-02 22:10:16,265] Trial 34 finished with value: 1.7552347436411209 and parameters: {'n_estimators': 960, 'learning_rate': 0.0079577374530274, 'max_depth': 13, 'subsample': 0.7441090168667985, 'colsample_bytree': 0.9255309757547378, 'min_child_weight': 1}. Best is trial 26 with value: 1.7115475643360145.
[I 2026-04-02 22:10:21,595] Trial 35 finished with value: 1.7173370923908993 and parameters: {'n_estimators': 982, 'learning_rate': 0.009755947760760338, 'max_depth': 14, 'subsample': 0.6904618253552992, 'colsample_bytree': 0.9654884185411466, 'min_child_weight': 1}. Best is trial 26 with value: 1.7115475643360145.
[I 2026-04-02 22:10:23,907] Trial 36 finished with value: 1.9205694147920436 and parameters: {'n_estimators': 414, 'learning_rate': 0.006971122298577299, 'max_depth': 14, 'subsample': 0.7197659807394577, 'colsample_bytree': 0.9659713104936497, 'min_child_weight': 2}. Best is trial 26 with value: 1.7115475643360145.
[I 2026-04-02 22:10:27,060] Trial 37 finished with value: 1.844272406134444 and parameters: {'n_estimators': 892, 'learning_rate': 0.010361893956687181, 'max_depth': 10, 'subsample': 0.7915967311339321, 'colsample_bytree': 0.8920309597167702, 'min_child_weight': 1}. Best is trial 26 with value: 1.7115475643360145.
[I 2026-04-02 22:10:31,677] Trial 38 finished with value: 1.9468008142433584 and parameters: {'n_estimators': 1127, 'learning_rate': 0.01470929244797684, 'max_depth': 14, 'subsample': 0.8395668322048997, 'colsample_bytree': 0.6048878270977844, 'min_child_weight': 4}. Best is trial 26 with value: 1.7115475643360145.
[I 2026-04-02 22:10:34,138] Trial 39 finished with value: 2.168766898595017 and parameters: {'n_estimators': 604, 'learning_rate': 0.005004058430539035, 'max_depth': 11, 'subsample': 0.7410197306694503, 'colsample_bytree': 0.680271914705177, 'min_child_weight': 2}. Best is trial 26 with value: 1.7115475643360145.
[I 2026-04-02 22:10:40,519] Trial 40 finished with value: 1.8018780929354439 and parameters: {'n_estimators': 1338, 'learning_rate': 0.013016089673443991, 'max_depth': 13, 'subsample': 0.8918588301496789, 'colsample_bytree': 0.9594945834208669, 'min_child_weight': 3}. Best is trial 26 with value: 1.7115475643360145.
[I 2026-04-02 22:10:46,669] Trial 41 finished with value: 1.7345088815014067 and parameters: {'n_estimators': 972, 'learning_rate': 0.008946366665720852, 'max_depth': 14, 'subsample': 0.6973105514110244, 'colsample_bytree': 0.9233447679104223, 'min_child_weight': 1}. Best is trial 26 with value: 1.7115475643360145.
[I 2026-04-02 22:10:54,189] Trial 42 finished with value: 1.7141253269395076 and parameters: {'n_estimators': 992, 'learning_rate': 0.008913624840118753, 'max_depth': 15, 'subsample': 0.6957581832787494, 'colsample_bytree': 0.978666967803816, 'min_child_weight': 1}. Best is trial 26 with value: 1.7115475643360145.
[I 2026-04-02 22:11:01,022] Trial 43 finished with value: 1.7285208426900176 and parameters: {'n_estimators': 1015, 'learning_rate': 0.006510094014138481, 'max_depth': 15, 'subsample': 0.6407218614484829, 'colsample_bytree': 0.9734659387838426, 'min_child_weight': 1}. Best is trial 26 with value: 1.7115475643360145.
[I 2026-04-02 22:11:04,564] Trial 44 finished with value: 1.8997528082758002 and parameters: {'n_estimators': 830, 'learning_rate': 0.006645331162969859, 'max_depth': 15, 'subsample': 0.6351731052681077, 'colsample_bytree': 0.9752934416542799, 'min_child_weight': 10}. Best is trial 26 with value: 1.7115475643360145.
[I 2026-04-02 22:11:06,334] Trial 45 finished with value: 2.072929604968245 and parameters: {'n_estimators': 668, 'learning_rate': 0.006172743359724316, 'max_depth': 7, 'subsample': 0.6297240557528249, 'colsample_bytree': 0.9786031616498233, 'min_child_weight': 2}. Best is trial 26 with value: 1.7115475643360145.
[I 2026-04-02 22:11:11,008] Trial 46 finished with value: 1.8638739339070811 and parameters: {'n_estimators': 1021, 'learning_rate': 0.00743982045991507, 'max_depth': 15, 'subsample': 0.7044862587839369, 'colsample_bytree': 0.978878696953389, 'min_child_weight': 8}. Best is trial 26 with value: 1.7115475643360145.
[I 2026-04-02 22:11:17,968] Trial 47 finished with value: 1.8143340113992494 and parameters: {'n_estimators': 923, 'learning_rate': 0.010134545500217296, 'max_depth': 15, 'subsample': 0.7219286024012627, 'colsample_bytree': 0.728520504972539, 'min_child_weight': 1}. Best is trial 26 with value: 1.7115475643360145.
[I 2026-04-02 22:11:24,486] Trial 48 finished with value: 1.7831916676925939 and parameters: {'n_estimators': 1023, 'learning_rate': 0.0053330862457500764, 'max_depth': 14, 'subsample': 0.6800843510477951, 'colsample_bytree': 0.8685307830687682, 'min_child_weight': 1}. Best is trial 26 with value: 1.7115475643360145.
