[I 2026-03-26 22:21:48,145] Trial 49 finished with value: 1.7788570645933761 and parameters: {'n_estimators': 1246, 'learning_rate': 0.03806143489771273, 'max_depth': 10, 'subsample': 0.8723636030104054, 'colsample_bytree': 0.9160908759691146, 'min_child_weight': 2}. Best is trial 41 with value: 1.7467289477429175.
✅ Tham số tối ưu nhất từ Optuna: {'n_estimators': 686, 'learning_rate': 0.03613005388358147, 'max_depth': 12, 'subsample': 0.6035394581604674, 'colsample_bytree': 0.8382086452475538, 'min_child_weight': 1}
MAE của mô hình XGBoost: 1.7986
R² của mô hình XGBoost: 0.9218
🥊 Đang so sánh... Champion MAE: 1.6245 vs Challenger MAE: 1.7986
🛡️ Champion bảo vệ ngôi vương. Giữ nguyên mô hình cũ.
[Thu 03/26/2026 22:22:23.94] [4/4] Dang dong bo AI Model (qua LFS) len GitHub... 
[main e63d1c4] Auto-update AI Model: Thu 03/26/2026 22:22:26.18
 2 files changed, 345 insertions(+)
remote: This repository moved. Please use the new location:        
remote:   https://github.com/HieuNT316/hanoi-house-price-prediction.git        
To https://github.com/Alexus143/hanoi-house-price-prediction.git
   c68fab8..e63d1c4  main -> main
========================================= 
[Fri 03/27/2026 22:00:02.37] [1/4] Dang cao chi tiet BĐS... 
🔍 Đang cấu hình Database với: postgres.kkwivuufxdewurmxtsto@aws-1-ap-southeast-1.pooler.supabase.com:5432/postgres

[DetailSpider] Khởi động luồng làm giàu dữ liệu (Limit: 50 bài/lượt)...
✅ Đã kết nối thành công tới PostgreSQL.
[Browser] Đang khởi tạo trình duyệt...
[Browser] Phát hiện Chrome (Windows): Version 139

[DetailSpider] Đang cào (1/9): https://batdongsan.com.vn/ban-dat-duong-nguyen-truc-phuong-phu-luong-3-15/ban-tai-ha-dong-125-trieu-m2-161-5-m2-tach-duoc-3-thua-pr45060113
  -> Lấy được 4/6 feature chi tiết.

[DetailSpider] Đang cào (2/9): https://batdongsan.com.vn/ban-can-ho-chung-cu-phuong-phu-lam-1-the-vesta/ban-ha-ong-3n-2vs-2-ban-cong-69m2-gia-4-5-ty-gan-ai-hoc-va-vanh-ai-4-pr45412580
  -> Lấy được 3/6 feature chi tiết.

[DetailSpider] Đang cào (3/9): https://batdongsan.com.vn/ban-nha-mat-pho-duong-huynh-thuc-khang-phuong-quang-trung-17-15/ban-rieng-tai-gia-uu-ai-13-ty-50m2-2pn-1wc-pr45411026
  -> Lấy được 4/6 feature chi tiết.

[DetailSpider] Đang cào (4/9): https://batdongsan.com.vn/ban-can-ho-chung-cu-duong-tran-phu-phuong-mo-lao-ho-guom-plaza/chinh-chu-ban-nhanh-cao-cap-thap-a-146m-3-ngu-2vs-2bc-cc-mien-trung-gian-pr45238613
  -> Lấy được 3/6 feature chi tiết.

[DetailSpider] Đang cào (5/9): https://batdongsan.com.vn/ban-nha-biet-thu-lien-ke-duong-le-trong-tan-phuong-duong-noi-khu-do-thi-geleximco-le-trong-tan/ban-k-t-ha-ong-126m2-chi-18-8-ty-pr45408550
  -> Lấy được 1/6 feature chi tiết.

[DetailSpider] Đang cào (6/9): https://batdongsan.com.vn/ban-nha-rieng-duong-xa-la-phuong-phuc-la-15/38m2-4-tang-ban-nhanh-6-09-ty-view-hoc-vien-quan-y-pr45408224
  -> Lấy được 1/6 feature chi tiết.

[DetailSpider] Đang cào (7/9): https://batdongsan.com.vn/ban-nha-biet-thu-lien-ke-duong-21b-phuong-phu-luong-3-khu-do-thi-moi-phu-luong-21515/ban-dat-2-ql21b-o-to-tranh-50m2-2-tang-5x10m-hop-o-dau-tu-pr44807967
  -> Lấy được 0/6 feature chi tiết.

[DetailSpider] Đang cào (8/9): https://batdongsan.com.vn/ban-nha-rieng-duong-ngo-quyen-phuong-la-khe-15/ban-quang-trung-van-phuc-phan-lo-can-bo-rong-6m-dt-25m2-4-tang-gia-chi-6-7-ty-pr45405770
  -> Lấy được 1/6 feature chi tiết.

[DetailSpider] Đang cào (9/9): https://batdongsan.com.vn/ban-can-ho-chung-cu-phuong-mo-lao-mulberry-lane/khong-bao-ao-120m-gia-9-1-ty-123m-gia-8-8-ty-133m-gia-10-5-ty-172m-gia-13-5-ty-pr44634481
  -> Lấy được 3/6 feature chi tiết.

[DetailSpider] Hoàn thành. Cập nhật thành công 9/9 bài đăng.
[Fri 03/27/2026 22:02:54.19] [2/4] Dang clean du lieu... 
🔍 Đang cấu hình Database với: postgres.kkwivuufxdewurmxtsto@aws-1-ap-southeast-1.pooler.supabase.com:5432/postgres
✅ Đã kết nối thành công tới PostgreSQL.
🔄 Upsert thành công 5493 bản ghi vào 'bds_hadong'.
✅ Đã cập nhật cột legal_status và furniture thành công.
[Fri 03/27/2026 22:03:31.45] [3/4] Dang huan luyen AI tren du lieu moi... 
🔍 Đang cấu hình Database với: postgres.kkwivuufxdewurmxtsto@aws-1-ap-southeast-1.pooler.supabase.com:5432/postgres
[I 2026-03-27 22:04:10,946] A new study created in memory with name: no-name-7512756f-8bf7-46ff-9748-4b86a9809c4e
✅ Đã kết nối thành công tới PostgreSQL.
  0%|          | 0/50 [00:00<?, ?it/s]D:\Python\realtime_estimate_tracker\venv_bds\lib\site-packages\xgboost\training.py:200: UserWarning: [22:04:11] WARNING: C:\actions-runner\_work\xgboost\xgboost\src\learner.cc:782: 
Parameters: { "devices", "task_type" } are not used.

  bst.update(dtrain, iteration=i, fobj=obj)
                                        0%|          | 0/50 [00:03<?, ?it/s]Best trial: 0. Best value: 1.96986:   0%|          | 0/50 [00:03<?, ?it/s]Best trial: 0. Best value: 1.96986:   2%|▏         | 1/50 [00:03<02:30,  3.08s/it]D:\Python\realtime_estimate_tracker\venv_bds\lib\site-packages\xgboost\training.py:200: UserWarning: [22:04:14] WARNING: C:\actions-runner\_work\xgboost\xgboost\src\learner.cc:782: 
Parameters: { "devices", "task_type" } are not used.

  bst.update(dtrain, iteration=i, fobj=obj)
                                                                                  Best trial: 0. Best value: 1.96986:   2%|▏         | 1/50 [00:07<02:30,  3.08s/it]Best trial: 0. Best value: 1.96986:   2%|▏         | 1/50 [00:07<02:30,  3.08s/it]Best trial: 0. Best value: 1.96986:   4%|▍         | 2/50 [00:07<02:55,  3.66s/it]D:\Python\realtime_estimate_tracker\venv_bds\lib\site-packages\xgboost\training.py:200: UserWarning: [22:04:18] WARNING: C:\actions-runner\_work\xgboost\xgboost\src\learner.cc:782: 
Parameters: { "devices", "task_type" } are not used.

  bst.update(dtrain, iteration=i, fobj=obj)
                                                                                  Best trial: 0. Best value: 1.96986:   4%|▍         | 2/50 [00:10<02:55,  3.66s/it]Best trial: 2. Best value: 1.94774:   4%|▍         | 2/50 [00:10<02:55,  3.66s/it]Best trial: 2. Best value: 1.94774:   6%|▌         | 3/50 [00:10<02:39,  3.39s/it]D:\Python\realtime_estimate_tracker\venv_bds\lib\site-packages\xgboost\training.py:200: UserWarning: [22:04:21] WARNING: C:\actions-runner\_work\xgboost\xgboost\src\learner.cc:782: 
Parameters: { "devices", "task_type" } are not used.

  bst.update(dtrain, iteration=i, fobj=obj)
                                                                                  Best trial: 2. Best value: 1.94774:   6%|▌         | 3/50 [00:13<02:39,  3.39s/it]Best trial: 3. Best value: 1.92615:   6%|▌         | 3/50 [00:13<02:39,  3.39s/it]Best trial: 3. Best value: 1.92615:   8%|▊         | 4/50 [00:13<02:29,  3.24s/it]D:\Python\realtime_estimate_tracker\venv_bds\lib\site-packages\xgboost\training.py:200: UserWarning: [22:04:24] WARNING: C:\actions-runner\_work\xgboost\xgboost\src\learner.cc:782: 
Parameters: { "devices", "task_type" } are not used.

  bst.update(dtrain, iteration=i, fobj=obj)
                                                                                  Best trial: 3. Best value: 1.92615:   8%|▊         | 4/50 [00:14<02:29,  3.24s/it]Best trial: 3. Best value: 1.92615:   8%|▊         | 4/50 [00:14<02:29,  3.24s/it]Best trial: 3. Best value: 1.92615:  10%|█         | 5/50 [00:14<01:58,  2.64s/it]D:\Python\realtime_estimate_tracker\venv_bds\lib\site-packages\xgboost\training.py:200: UserWarning: [22:04:25] WARNING: C:\actions-runner\_work\xgboost\xgboost\src\learner.cc:782: 
Parameters: { "devices", "task_type" } are not used.

  bst.update(dtrain, iteration=i, fobj=obj)
                                                                                  Best trial: 3. Best value: 1.92615:  10%|█         | 5/50 [00:18<01:58,  2.64s/it]Best trial: 3. Best value: 1.92615:  10%|█         | 5/50 [00:18<01:58,  2.64s/it]Best trial: 3. Best value: 1.92615:  12%|█▏        | 6/50 [00:18<02:06,  2.88s/it]D:\Python\realtime_estimate_tracker\venv_bds\lib\site-packages\xgboost\training.py:200: UserWarning: [22:04:29] WARNING: C:\actions-runner\_work\xgboost\xgboost\src\learner.cc:782: 
Parameters: { "devices", "task_type" } are not used.

  bst.update(dtrain, iteration=i, fobj=obj)
                                                                                  Best trial: 3. Best value: 1.92615:  12%|█▏        | 6/50 [00:20<02:06,  2.88s/it]Best trial: 3. Best value: 1.92615:  12%|█▏        | 6/50 [00:20<02:06,  2.88s/it]Best trial: 3. Best value: 1.92615:  14%|█▍        | 7/50 [00:20<02:00,  2.81s/it]D:\Python\realtime_estimate_tracker\venv_bds\lib\site-packages\xgboost\training.py:200: UserWarning: [22:04:31] WARNING: C:\actions-runner\_work\xgboost\xgboost\src\learner.cc:782: 
Parameters: { "devices", "task_type" } are not used.

  bst.update(dtrain, iteration=i, fobj=obj)
                                                                                  Best trial: 3. Best value: 1.92615:  14%|█▍        | 7/50 [00:23<02:00,  2.81s/it]Best trial: 3. Best value: 1.92615:  14%|█▍        | 7/50 [00:23<02:00,  2.81s/it]Best trial: 3. Best value: 1.92615:  16%|█▌        | 8/50 [00:23<02:01,  2.89s/it]D:\Python\realtime_estimate_tracker\venv_bds\lib\site-packages\xgboost\training.py:200: UserWarning: [22:04:34] WARNING: C:\actions-runner\_work\xgboost\xgboost\src\learner.cc:782: 
Parameters: { "devices", "task_type" } are not used.

  bst.update(dtrain, iteration=i, fobj=obj)
                                                                                  Best trial: 3. Best value: 1.92615:  16%|█▌        | 8/50 [00:24<02:01,  2.89s/it]Best trial: 3. Best value: 1.92615:  16%|█▌        | 8/50 [00:24<02:01,  2.89s/it]Best trial: 3. Best value: 1.92615:  18%|█▊        | 9/50 [00:24<01:35,  2.33s/it]D:\Python\realtime_estimate_tracker\venv_bds\lib\site-packages\xgboost\training.py:200: UserWarning: [22:04:35] WARNING: C:\actions-runner\_work\xgboost\xgboost\src\learner.cc:782: 
Parameters: { "devices", "task_type" } are not used.

  bst.update(dtrain, iteration=i, fobj=obj)
                                                                                  Best trial: 3. Best value: 1.92615:  18%|█▊        | 9/50 [00:28<01:35,  2.33s/it]Best trial: 3. Best value: 1.92615:  18%|█▊        | 9/50 [00:28<01:35,  2.33s/it]Best trial: 3. Best value: 1.92615:  20%|██        | 10/50 [00:28<01:45,  2.64s/it]D:\Python\realtime_estimate_tracker\venv_bds\lib\site-packages\xgboost\training.py:200: UserWarning: [22:04:39] WARNING: C:\actions-runner\_work\xgboost\xgboost\src\learner.cc:782: 
Parameters: { "devices", "task_type" } are not used.

  bst.update(dtrain, iteration=i, fobj=obj)
                                                                                   Best trial: 3. Best value: 1.92615:  20%|██        | 10/50 [00:31<01:45,  2.64s/it]Best trial: 3. Best value: 1.92615:  20%|██        | 10/50 [00:31<01:45,  2.64s/it]Best trial: 3. Best value: 1.92615:  22%|██▏       | 11/50 [00:31<01:44,  2.68s/it]D:\Python\realtime_estimate_tracker\venv_bds\lib\site-packages\xgboost\training.py:200: UserWarning: [22:04:42] WARNING: C:\actions-runner\_work\xgboost\xgboost\src\learner.cc:782: 
Parameters: { "devices", "task_type" } are not used.

  bst.update(dtrain, iteration=i, fobj=obj)
                                                                                   Best trial: 3. Best value: 1.92615:  22%|██▏       | 11/50 [00:34<01:44,  2.68s/it]Best trial: 3. Best value: 1.92615:  22%|██▏       | 11/50 [00:34<01:44,  2.68s/it]Best trial: 3. Best value: 1.92615:  24%|██▍       | 12/50 [00:34<01:47,  2.82s/it]D:\Python\realtime_estimate_tracker\venv_bds\lib\site-packages\xgboost\training.py:200: UserWarning: [22:04:45] WARNING: C:\actions-runner\_work\xgboost\xgboost\src\learner.cc:782: 
Parameters: { "devices", "task_type" } are not used.

  bst.update(dtrain, iteration=i, fobj=obj)
                                                                                   Best trial: 3. Best value: 1.92615:  24%|██▍       | 12/50 [00:36<01:47,  2.82s/it]Best trial: 3. Best value: 1.92615:  24%|██▍       | 12/50 [00:36<01:47,  2.82s/it]Best trial: 3. Best value: 1.92615:  26%|██▌       | 13/50 [00:36<01:37,  2.62s/it]D:\Python\realtime_estimate_tracker\venv_bds\lib\site-packages\xgboost\training.py:200: UserWarning: [22:04:47] WARNING: C:\actions-runner\_work\xgboost\xgboost\src\learner.cc:782: 
Parameters: { "devices", "task_type" } are not used.

  bst.update(dtrain, iteration=i, fobj=obj)
                                                                                   Best trial: 3. Best value: 1.92615:  26%|██▌       | 13/50 [00:39<01:37,  2.62s/it]Best trial: 3. Best value: 1.92615:  26%|██▌       | 13/50 [00:39<01:37,  2.62s/it]Best trial: 3. Best value: 1.92615:  28%|██▊       | 14/50 [00:39<01:37,  2.71s/it]D:\Python\realtime_estimate_tracker\venv_bds\lib\site-packages\xgboost\training.py:200: UserWarning: [22:04:50] WARNING: C:\actions-runner\_work\xgboost\xgboost\src\learner.cc:782: 
Parameters: { "devices", "task_type" } are not used.

  bst.update(dtrain, iteration=i, fobj=obj)
                                                                                   Best trial: 3. Best value: 1.92615:  28%|██▊       | 14/50 [00:42<01:37,  2.71s/it]Best trial: 14. Best value: 1.92194:  28%|██▊       | 14/50 [00:42<01:37,  2.71s/it]Best trial: 14. Best value: 1.92194:  30%|███       | 15/50 [00:42<01:42,  2.93s/it]D:\Python\realtime_estimate_tracker\venv_bds\lib\site-packages\xgboost\training.py:200: UserWarning: [22:04:53] WARNING: C:\actions-runner\_work\xgboost\xgboost\src\learner.cc:782: 
Parameters: { "devices", "task_type" } are not used.

  bst.update(dtrain, iteration=i, fobj=obj)
                                                                                    Best trial: 14. Best value: 1.92194:  30%|███       | 15/50 [00:44<01:42,  2.93s/it]Best trial: 14. Best value: 1.92194:  30%|███       | 15/50 [00:44<01:42,  2.93s/it]Best trial: 14. Best value: 1.92194:  32%|███▏      | 16/50 [00:44<01:31,  2.70s/it]D:\Python\realtime_estimate_tracker\venv_bds\lib\site-packages\xgboost\training.py:200: UserWarning: [22:04:55] WARNING: C:\actions-runner\_work\xgboost\xgboost\src\learner.cc:782: 
Parameters: { "devices", "task_type" } are not used.

  bst.update(dtrain, iteration=i, fobj=obj)
                                                                                    Best trial: 14. Best value: 1.92194:  32%|███▏      | 16/50 [00:48<01:31,  2.70s/it]Best trial: 14. Best value: 1.92194:  32%|███▏      | 16/50 [00:48<01:31,  2.70s/it]Best trial: 14. Best value: 1.92194:  34%|███▍      | 17/50 [00:48<01:39,  3.01s/it]D:\Python\realtime_estimate_tracker\venv_bds\lib\site-packages\xgboost\training.py:200: UserWarning: [22:04:59] WARNING: C:\actions-runner\_work\xgboost\xgboost\src\learner.cc:782: 
Parameters: { "devices", "task_type" } are not used.

  bst.update(dtrain, iteration=i, fobj=obj)
                                                                                    Best trial: 14. Best value: 1.92194:  34%|███▍      | 17/50 [00:50<01:39,  3.01s/it]Best trial: 14. Best value: 1.92194:  34%|███▍      | 17/50 [00:50<01:39,  3.01s/it]Best trial: 14. Best value: 1.92194:  36%|███▌      | 18/50 [00:50<01:23,  2.61s/it]D:\Python\realtime_estimate_tracker\venv_bds\lib\site-packages\xgboost\training.py:200: UserWarning: [22:05:01] WARNING: C:\actions-runner\_work\xgboost\xgboost\src\learner.cc:782: 
Parameters: { "devices", "task_type" } are not used.

  bst.update(dtrain, iteration=i, fobj=obj)
                                                                                    Best trial: 14. Best value: 1.92194:  36%|███▌      | 18/50 [00:52<01:23,  2.61s/it]Best trial: 14. Best value: 1.92194:  36%|███▌      | 18/50 [00:52<01:23,  2.61s/it]Best trial: 14. Best value: 1.92194:  38%|███▊      | 19/50 [00:52<01:20,  2.61s/it]D:\Python\realtime_estimate_tracker\venv_bds\lib\site-packages\xgboost\training.py:200: UserWarning: [22:05:03] WARNING: C:\actions-runner\_work\xgboost\xgboost\src\learner.cc:782: 
Parameters: { "devices", "task_type" } are not used.

  bst.update(dtrain, iteration=i, fobj=obj)
                                                                                    Best trial: 14. Best value: 1.92194:  38%|███▊      | 19/50 [00:55<01:20,  2.61s/it]Best trial: 14. Best value: 1.92194:  38%|███▊      | 19/50 [00:55<01:20,  2.61s/it]Best trial: 14. Best value: 1.92194:  40%|████      | 20/50 [00:55<01:22,  2.73s/it]D:\Python\realtime_estimate_tracker\venv_bds\lib\site-packages\xgboost\training.py:200: UserWarning: [22:05:06] WARNING: C:\actions-runner\_work\xgboost\xgboost\src\learner.cc:782: 
Parameters: { "devices", "task_type" } are not used.

  bst.update(dtrain, iteration=i, fobj=obj)
                                                                                    Best trial: 14. Best value: 1.92194:  40%|████      | 20/50 [01:02<01:22,  2.73s/it]Best trial: 14. Best value: 1.92194:  40%|████      | 20/50 [01:02<01:22,  2.73s/it]Best trial: 14. Best value: 1.92194:  42%|████▏     | 21/50 [01:02<01:52,  3.89s/it]D:\Python\realtime_estimate_tracker\venv_bds\lib\site-packages\xgboost\training.py:200: UserWarning: [22:05:13] WARNING: C:\actions-runner\_work\xgboost\xgboost\src\learner.cc:782: 
Parameters: { "devices", "task_type" } are not used.

  bst.update(dtrain, iteration=i, fobj=obj)
                                                                                    Best trial: 14. Best value: 1.92194:  42%|████▏     | 21/50 [01:08<01:52,  3.89s/it]Best trial: 14. Best value: 1.92194:  42%|████▏     | 21/50 [01:08<01:52,  3.89s/it]Best trial: 14. Best value: 1.92194:  44%|████▍     | 22/50 [01:08<02:06,  4.53s/it]D:\Python\realtime_estimate_tracker\venv_bds\lib\site-packages\xgboost\training.py:200: UserWarning: [22:05:19] WARNING: C:\actions-runner\_work\xgboost\xgboost\src\learner.cc:782: 
Parameters: { "devices", "task_type" } are not used.

  bst.update(dtrain, iteration=i, fobj=obj)
                                                                                    Best trial: 14. Best value: 1.92194:  44%|████▍     | 22/50 [01:15<02:06,  4.53s/it]Best trial: 22. Best value: 1.90852:  44%|████▍     | 22/50 [01:15<02:06,  4.53s/it]Best trial: 22. Best value: 1.90852:  46%|████▌     | 23/50 [01:15<02:23,  5.31s/it]D:\Python\realtime_estimate_tracker\venv_bds\lib\site-packages\xgboost\training.py:200: UserWarning: [22:05:26] WARNING: C:\actions-runner\_work\xgboost\xgboost\src\learner.cc:782: 
Parameters: { "devices", "task_type" } are not used.

  bst.update(dtrain, iteration=i, fobj=obj)
                                                                                    Best trial: 22. Best value: 1.90852:  46%|████▌     | 23/50 [01:21<02:23,  5.31s/it]Best trial: 22. Best value: 1.90852:  46%|████▌     | 23/50 [01:21<02:23,  5.31s/it]Best trial: 22. Best value: 1.90852:  48%|████▊     | 24/50 [01:21<02:20,  5.42s/it]D:\Python\realtime_estimate_tracker\venv_bds\lib\site-packages\xgboost\training.py:200: UserWarning: [22:05:32] WARNING: C:\actions-runner\_work\xgboost\xgboost\src\learner.cc:782: 
Parameters: { "devices", "task_type" } are not used.

  bst.update(dtrain, iteration=i, fobj=obj)
                                                                                    Best trial: 22. Best value: 1.90852:  48%|████▊     | 24/50 [01:26<02:20,  5.42s/it]Best trial: 22. Best value: 1.90852:  48%|████▊     | 24/50 [01:26<02:20,  5.42s/it]Best trial: 22. Best value: 1.90852:  50%|█████     | 25/50 [01:26<02:14,  5.37s/it]D:\Python\realtime_estimate_tracker\venv_bds\lib\site-packages\xgboost\training.py:200: UserWarning: [22:05:37] WARNING: C:\actions-runner\_work\xgboost\xgboost\src\learner.cc:782: 
Parameters: { "devices", "task_type" } are not used.

  bst.update(dtrain, iteration=i, fobj=obj)
                                                                                    Best trial: 22. Best value: 1.90852:  50%|█████     | 25/50 [01:32<02:14,  5.37s/it]Best trial: 22. Best value: 1.90852:  50%|█████     | 25/50 [01:32<02:14,  5.37s/it]Best trial: 22. Best value: 1.90852:  52%|█████▏    | 26/50 [01:32<02:09,  5.40s/it]D:\Python\realtime_estimate_tracker\venv_bds\lib\site-packages\xgboost\training.py:200: UserWarning: [22:05:43] WARNING: C:\actions-runner\_work\xgboost\xgboost\src\learner.cc:782: 
Parameters: { "devices", "task_type" } are not used.

  bst.update(dtrain, iteration=i, fobj=obj)
                                                                                    Best trial: 22. Best value: 1.90852:  52%|█████▏    | 26/50 [01:37<02:09,  5.40s/it]Best trial: 22. Best value: 1.90852:  52%|█████▏    | 26/50 [01:37<02:09,  5.40s/it]Best trial: 22. Best value: 1.90852:  54%|█████▍    | 27/50 [01:37<02:06,  5.48s/it]D:\Python\realtime_estimate_tracker\venv_bds\lib\site-packages\xgboost\training.py:200: UserWarning: [22:05:48] WARNING: C:\actions-runner\_work\xgboost\xgboost\src\learner.cc:782: 
Parameters: { "devices", "task_type" } are not used.

  bst.update(dtrain, iteration=i, fobj=obj)
                                                                                    Best trial: 22. Best value: 1.90852:  54%|█████▍    | 27/50 [01:42<02:06,  5.48s/it]Best trial: 22. Best value: 1.90852:  54%|█████▍    | 27/50 [01:42<02:06,  5.48s/it]Best trial: 22. Best value: 1.90852:  56%|█████▌    | 28/50 [01:42<01:54,  5.21s/it]D:\Python\realtime_estimate_tracker\venv_bds\lib\site-packages\xgboost\training.py:200: UserWarning: [22:05:53] WARNING: C:\actions-runner\_work\xgboost\xgboost\src\learner.cc:782: 
Parameters: { "devices", "task_type" } are not used.

  bst.update(dtrain, iteration=i, fobj=obj)
          