[I 2026-04-06 22:05:33,551] Trial 0 finished with value: 2.0551266193868054 and parameters: {'n_estimators': 1363, 'learning_rate': 0.07847439028831657, 'max_depth': 6, 'subsample': 0.9622574908684771, 'colsample_bytree': 0.8946526598384628, 'min_child_weight': 6}. Best is trial 0 with value: 2.0551266193868054.
[I 2026-04-06 22:05:35,368] Trial 1 finished with value: 1.9861773754986125 and parameters: {'n_estimators': 762, 'learning_rate': 0.021948951520033302, 'max_depth': 8, 'subsample': 0.9372158461314575, 'colsample_bytree': 0.7315956308163729, 'min_child_weight': 1}. Best is trial 1 with value: 1.9861773754986125.
[I 2026-04-06 22:05:38,215] Trial 2 finished with value: 2.1018722222932182 and parameters: {'n_estimators': 1492, 'learning_rate': 0.030536046774418586, 'max_depth': 5, 'subsample': 0.839622758519853, 'colsample_bytree': 0.8554097672617427, 'min_child_weight': 4}. Best is trial 1 with value: 1.9861773754986125.
[I 2026-04-06 22:05:42,047] Trial 3 finished with value: 1.9002424527459674 and parameters: {'n_estimators': 1163, 'learning_rate': 0.009237909707445393, 'max_depth': 12, 'subsample': 0.9886086547153433, 'colsample_bytree': 0.8304398384653308, 'min_child_weight': 4}. Best is trial 3 with value: 1.9002424527459674.
[I 2026-04-06 22:05:44,128] Trial 4 finished with value: 1.9089051923677656 and parameters: {'n_estimators': 692, 'learning_rate': 0.08341107443047888, 'max_depth': 14, 'subsample': 0.8670777468418809, 'colsample_bytree': 0.8982592151162281, 'min_child_weight': 10}. Best is trial 3 with value: 1.9002424527459674.
[I 2026-04-06 22:05:45,773] Trial 5 finished with value: 1.9496748790470757 and parameters: {'n_estimators': 454, 'learning_rate': 0.020763689877464915, 'max_depth': 15, 'subsample': 0.9980491537627759, 'colsample_bytree': 0.9480069869466339, 'min_child_weight': 9}. Best is trial 3 with value: 1.9002424527459674.
[I 2026-04-06 22:05:47,367] Trial 6 finished with value: 2.0051752071208426 and parameters: {'n_estimators': 647, 'learning_rate': 0.050318052036223505, 'max_depth': 9, 'subsample': 0.9716944191908846, 'colsample_bytree': 0.6767822396307092, 'min_child_weight': 7}. Best is trial 3 with value: 1.9002424527459674.
[I 2026-04-06 22:05:51,078] Trial 7 finished with value: 1.9296052462212243 and parameters: {'n_estimators': 1091, 'learning_rate': 0.01354552162613646, 'max_depth': 14, 'subsample': 0.7355546133405513, 'colsample_bytree': 0.732712072715646, 'min_child_weight': 5}. Best is trial 3 with value: 1.9002424527459674.
[I 2026-04-06 22:05:55,868] Trial 8 finished with value: 1.9331482947160137 and parameters: {'n_estimators': 1433, 'learning_rate': 0.03982006995484027, 'max_depth': 14, 'subsample': 0.7451049546413484, 'colsample_bytree': 0.6849503731229972, 'min_child_weight': 4}. Best is trial 3 with value: 1.9002424527459674.
[I 2026-04-06 22:05:57,505] Trial 9 finished with value: 1.9944035697478717 and parameters: {'n_estimators': 368, 'learning_rate': 0.008310947542517549, 'max_depth': 13, 'subsample': 0.687920220270938, 'colsample_bytree': 0.9520723263735733, 'min_child_weight': 2}. Best is trial 3 with value: 1.9002424527459674.
[I 2026-04-06 22:06:01,070] Trial 10 finished with value: 1.983613997253709 and parameters: {'n_estimators': 1053, 'learning_rate': 0.0051599447982890595, 'max_depth': 11, 'subsample': 0.6419921341131982, 'colsample_bytree': 0.7867670693803872, 'min_child_weight': 3}. Best is trial 3 with value: 1.9002424527459674.
[I 2026-04-06 22:06:03,677] Trial 11 finished with value: 1.9421552428926363 and parameters: {'n_estimators': 916, 'learning_rate': 0.0917059909115693, 'max_depth': 12, 'subsample': 0.8704544926702118, 'colsample_bytree': 0.8359703941658939, 'min_child_weight': 10}. Best is trial 3 with value: 1.9002424527459674.
[I 2026-04-06 22:06:07,250] Trial 12 finished with value: 1.9566345080228646 and parameters: {'n_estimators': 1201, 'learning_rate': 0.01207578446470037, 'max_depth': 11, 'subsample': 0.8783797793975678, 'colsample_bytree': 0.8860377928154535, 'min_child_weight': 8}. Best is trial 3 with value: 1.9002424527459674.
[I 2026-04-06 22:06:10,076] Trial 13 finished with value: 1.9857256657356686 and parameters: {'n_estimators': 624, 'learning_rate': 0.005683347367031005, 'max_depth': 15, 'subsample': 0.9101460697790867, 'colsample_bytree': 0.9889786152243345, 'min_child_weight': 6}. Best is trial 3 with value: 1.9002424527459674.
[I 2026-04-06 22:06:12,677] Trial 14 finished with value: 2.0306357012973892 and parameters: {'n_estimators': 832, 'learning_rate': 0.013270541658466695, 'max_depth': 12, 'subsample': 0.7902236464528193, 'colsample_bytree': 0.6104105446186849, 'min_child_weight': 10}. Best is trial 3 with value: 1.9002424527459674.
[I 2026-04-06 22:06:15,946] Trial 15 finished with value: 1.9708583667057094 and parameters: {'n_estimators': 1253, 'learning_rate': 0.054405371894142435, 'max_depth': 10, 'subsample': 0.8089144932901576, 'colsample_bytree': 0.7924355815947811, 'min_child_weight': 8}. Best is trial 3 with value: 1.9002424527459674.
[I 2026-04-06 22:06:19,952] Trial 16 finished with value: 1.8846768245727483 and parameters: {'n_estimators': 988, 'learning_rate': 0.0078698225188037, 'max_depth': 13, 'subsample': 0.9113581073289854, 'colsample_bytree': 0.9318108117453597, 'min_child_weight': 4}. Best is trial 16 with value: 1.8846768245727483.
[I 2026-04-06 22:06:23,635] Trial 17 finished with value: 1.8551988394652472 and parameters: {'n_estimators': 955, 'learning_rate': 0.008759642653771185, 'max_depth': 12, 'subsample': 0.9222970008016445, 'colsample_bytree': 0.9341064499458903, 'min_child_weight': 3}. Best is trial 17 with value: 1.8551988394652472.
[I 2026-04-06 22:06:26,778] Trial 18 finished with value: 1.893939195231067 and parameters: {'n_estimators': 953, 'learning_rate': 0.007952124856980994, 'max_depth': 10, 'subsample': 0.9252692345233476, 'colsample_bytree': 0.9955006469810757, 'min_child_weight': 2}. Best is trial 17 with value: 1.8551988394652472.
[I 2026-04-06 22:06:29,170] Trial 19 finished with value: 1.9966835176026823 and parameters: {'n_estimators': 1009, 'learning_rate': 0.016647617060491244, 'max_depth': 7, 'subsample': 0.8174505898503319, 'colsample_bytree': 0.9442066676107739, 'min_child_weight': 1}. Best is trial 17 with value: 1.8551988394652472.
[I 2026-04-06 22:06:33,140] Trial 20 finished with value: 1.860243644891977 and parameters: {'n_estimators': 848, 'learning_rate': 0.006380392907042549, 'max_depth': 13, 'subsample': 0.9038834619651974, 'colsample_bytree': 0.9245894134841502, 'min_child_weight': 3}. Best is trial 17 with value: 1.8551988394652472.
[I 2026-04-06 22:06:37,160] Trial 21 finished with value: 1.860308107179271 and parameters: {'n_estimators': 842, 'learning_rate': 0.006585876952119263, 'max_depth': 13, 'subsample': 0.9020447796471798, 'colsample_bytree': 0.9243051634234761, 'min_child_weight': 3}. Best is trial 17 with value: 1.8551988394652472.
[I 2026-04-06 22:06:41,017] Trial 22 finished with value: 1.881366409387721 and parameters: {'n_estimators': 852, 'learning_rate': 0.006027366720192017, 'max_depth': 13, 'subsample': 0.8916598452574976, 'colsample_bytree': 0.9114541343630963, 'min_child_weight': 3}. Best is trial 17 with value: 1.8551988394652472.
[I 2026-04-06 22:06:43,095] Trial 23 finished with value: 1.935403705794149 and parameters: {'n_estimators': 529, 'learning_rate': 0.01007199995394614, 'max_depth': 11, 'subsample': 0.9447346774841734, 'colsample_bytree': 0.8646359060188397, 'min_child_weight': 3}. Best is trial 17 with value: 1.8551988394652472.
[I 2026-04-06 22:06:46,731] Trial 24 finished with value: 1.8623435574248102 and parameters: {'n_estimators': 762, 'learning_rate': 0.006353237516010501, 'max_depth': 13, 'subsample': 0.843907818839059, 'colsample_bytree': 0.9766297332412117, 'min_child_weight': 2}. Best is trial 17 with value: 1.8551988394652472.
[I 2026-04-06 22:06:49,798] Trial 25 finished with value: 1.9459224783229825 and parameters: {'n_estimators': 813, 'learning_rate': 0.007219230711103576, 'max_depth': 12, 'subsample': 0.7707565116406387, 'colsample_bytree': 0.9151867411089206, 'min_child_weight': 5}. Best is trial 17 with value: 1.8551988394652472.
[I 2026-04-06 22:06:52,526] Trial 26 finished with value: 1.8738935423922538 and parameters: {'n_estimators': 561, 'learning_rate': 0.010453106568503094, 'max_depth': 14, 'subsample': 0.8416779944945397, 'colsample_bytree': 0.8686892635034735, 'min_child_weight': 3}. Best is trial 17 with value: 1.8551988394652472.
[I 2026-04-06 22:06:56,098] Trial 27 finished with value: 1.9064670521047382 and parameters: {'n_estimators': 910, 'learning_rate': 0.0050794936057148845, 'max_depth': 11, 'subsample': 0.9019524191137782, 'colsample_bytree': 0.9793175890937318, 'min_child_weight': 2}. Best is trial 17 with value: 1.8551988394652472.
[I 2026-04-06 22:07:03,053] Trial 28 finished with value: 1.8139507007516753 and parameters: {'n_estimators': 1114, 'learning_rate': 0.0167668644152376, 'max_depth': 15, 'subsample': 0.9547492962201076, 'colsample_bytree': 0.8189998119341482, 'min_child_weight': 1}. Best is trial 28 with value: 1.8139507007516753.
[I 2026-04-06 22:07:09,138] Trial 29 finished with value: 1.818515135403739 and parameters: {'n_estimators': 1122, 'learning_rate': 0.02903916266376726, 'max_depth': 15, 'subsample': 0.9621950438483713, 'colsample_bytree': 0.8164903804504438, 'min_child_weight': 1}. Best is trial 28 with value: 1.8139507007516753.
[I 2026-04-06 22:07:16,272] Trial 30 finished with value: 1.863107328679297 and parameters: {'n_estimators': 1314, 'learning_rate': 0.028074867174419964, 'max_depth': 15, 'subsample': 0.9604998132440721, 'colsample_bytree': 0.7426613263683506, 'min_child_weight': 1}. Best is trial 28 with value: 1.8139507007516753.
[I 2026-04-06 22:07:22,628] Trial 31 finished with value: 1.8360238191341025 and parameters: {'n_estimators': 1134, 'learning_rate': 0.017894235462310205, 'max_depth': 15, 'subsample': 0.9593589761453944, 'colsample_bytree': 0.7762659984479031, 'min_child_weight': 1}. Best is trial 28 with value: 1.8139507007516753.
[I 2026-04-06 22:07:29,079] Trial 32 finished with value: 1.8157821824577116 and parameters: {'n_estimators': 1136, 'learning_rate': 0.01650751166029555, 'max_depth': 15, 'subsample': 0.9538628451201517, 'colsample_bytree': 0.8111131414067005, 'min_child_weight': 1}. Best is trial 28 with value: 1.8139507007516753.
[I 2026-04-06 22:07:35,595] Trial 33 finished with value: 1.836382436760002 and parameters: {'n_estimators': 1131, 'learning_rate': 0.01617430936207675, 'max_depth': 15, 'subsample': 0.9536530361189212, 'colsample_bytree': 0.7716911229603787, 'min_child_weight': 1}. Best is trial 28 with value: 1.8139507007516753.
[I 2026-04-06 22:07:42,667] Trial 34 finished with value: 1.8250415531987614 and parameters: {'n_estimators': 1281, 'learning_rate': 0.026978121893652788, 'max_depth': 15, 'subsample': 0.9747961994849013, 'colsample_bytree': 0.8068009107896124, 'min_child_weight': 1}. Best is trial 28 with value: 1.8139507007516753.
[I 2026-04-06 22:07:48,581] Trial 35 finished with value: 1.8199342665059037 and parameters: {'n_estimators': 1330, 'learning_rate': 0.027454617202819293, 'max_depth': 14, 'subsample': 0.9812435324215478, 'colsample_bytree': 0.8136095124266887, 'min_child_weight': 1}. Best is trial 28 with value: 1.8139507007516753.
[I 2026-04-06 22:07:54,601] Trial 36 finished with value: 1.8617033476319578 and parameters: {'n_estimators': 1383, 'learning_rate': 0.0331827241134067, 'max_depth': 14, 'subsample': 0.9992586334276538, 'colsample_bytree': 0.8135572467281107, 'min_child_weight': 2}. Best is trial 28 with value: 1.8139507007516753.
[I 2026-04-06 22:08:00,301] Trial 37 finished with value: 1.8117674561958843 and parameters: {'n_estimators': 1205, 'learning_rate': 0.024362905142154726, 'max_depth': 14, 'subsample': 0.9813726507048579, 'colsample_bytree': 0.8430913391078855, 'min_child_weight': 1}. Best is trial 37 with value: 1.8117674561958843.
[I 2026-04-06 22:08:03,001] Trial 38 finished with value: 2.088778778228097 and parameters: {'n_estimators': 1208, 'learning_rate': 0.021811144668123977, 'max_depth': 6, 'subsample': 0.9438799457893504, 'colsample_bytree': 0.8332087256582893, 'min_child_weight': 2}. Best is trial 37 with value: 1.8117674561958843.
[I 2026-04-06 22:08:08,572] Trial 39 finished with value: 1.8590255874176822 and parameters: {'n_estimators': 1065, 'learning_rate': 0.037560730565571104, 'max_depth': 15, 'subsample': 0.9286195000318453, 'colsample_bytree': 0.7537231122571709, 'min_child_weight': 1}. Best is trial 37 with value: 1.8117674561958843.
[I 2026-04-06 22:08:14,588] Trial 40 finished with value: 1.901934362592962 and parameters: {'n_estimators': 1474, 'learning_rate': 0.018961308397645503, 'max_depth': 14, 'subsample': 0.99898065142304, 'colsample_bytree': 0.7171482871158369, 'min_child_weight': 2}. Best is trial 37 with value: 1.8117674561958843.
[I 2026-04-06 22:08:21,199] Trial 41 finished with value: 1.8127135666909484 and parameters: {'n_estimators': 1327, 'learning_rate': 0.026049701345838814, 'max_depth': 14, 'subsample': 0.9798574437766371, 'colsample_bytree': 0.8198759055889983, 'min_child_weight': 1}. Best is trial 37 with value: 1.8117674561958843.
[I 2026-04-06 22:08:27,575] Trial 42 finished with value: 1.8032915368419222 and parameters: {'n_estimators': 1203, 'learning_rate': 0.023778059051022732, 'max_depth': 15, 'subsample': 0.9748244079614284, 'colsample_bytree': 0.8489811859468708, 'min_child_weight': 1}. Best is trial 42 with value: 1.8032915368419222.
[I 2026-04-06 22:08:35,420] Trial 43 finished with value: 1.8356447543631658 and parameters: {'n_estimators': 1379, 'learning_rate': 0.023658228808713228, 'max_depth': 14, 'subsample': 0.9797514137697113, 'colsample_bytree': 0.8458772311837515, 'min_child_weight': 2}. Best is trial 42 with value: 1.8032915368419222.
[I 2026-04-06 22:08:39,317] Trial 44 finished with value: 1.9405699800250267 and parameters: {'n_estimators': 1214, 'learning_rate': 0.024385073961416193, 'max_depth': 8, 'subsample': 0.9362463268278232, 'colsample_bytree': 0.8728820944547987, 'min_child_weight': 1}. Best is trial 42 with value: 1.8032915368419222.
[I 2026-04-06 22:08:46,823] Trial 45 finished with value: 1.8367311833845246 and parameters: {'n_estimators': 1256, 'learning_rate': 0.015065703048853287, 'max_depth': 14, 'subsample': 0.9823038351708688, 'colsample_bytree': 0.8531724358086727, 'min_child_weight': 2}. Best is trial 42 with value: 1.8032915368419222.
[I 2026-04-06 22:08:54,065] Trial 46 finished with value: 1.8576663425069386 and parameters: {'n_estimators': 1178, 'learning_rate': 0.045237900231164314, 'max_depth': 15, 'subsample': 0.6382985614404619, 'colsample_bytree': 0.826115317808828, 'min_child_weight': 1}. Best is trial 42 with value: 1.8032915368419222.
[I 2026-04-06 22:09:02,170] Trial 47 finished with value: 1.822763768861029 and parameters: {'n_estimators': 1437, 'learning_rate': 0.01962810096528519, 'max_depth': 14, 'subsample': 0.9680245013063714, 'colsample_bytree': 0.8898885134038872, 'min_child_weight': 2}. Best is trial 42 with value: 1.8032915368419222.
[I 2026-04-06 22:09:07,219] Trial 48 finished with value: 1.923410228545666 and parameters: {'n_estimators': 1021, 'learning_rate': 0.014145263537003643, 'max_depth': 15, 'subsample': 0.8781868702374924, 'colsample_bytree': 0.7955814511621317, 'min_child_weight': 6}. Best is trial 42 with value: 1.8032915368419222.
