[I 2026-03-12 22:07:55,530] Trial 0 finished with value: 1.9346993687079763 and parameters: {'n_estimators': 402, 'learning_rate': 0.028741709083460635, 'max_depth': 13, 'subsample': 0.7754671765616152, 'colsample_bytree': 0.867116294850707, 'min_child_weight': 6}. Best is trial 0 with value: 1.9346993687079763.
[I 2026-03-12 22:07:56,731] Trial 1 finished with value: 2.1562011024076138 and parameters: {'n_estimators': 323, 'learning_rate': 0.032903818936701655, 'max_depth': 6, 'subsample': 0.9687650613590129, 'colsample_bytree': 0.9042825246085661, 'min_child_weight': 4}. Best is trial 0 with value: 1.9346993687079763.
[I 2026-03-12 22:07:58,359] Trial 2 finished with value: 2.3023489474515024 and parameters: {'n_estimators': 654, 'learning_rate': 0.011271200367831533, 'max_depth': 5, 'subsample': 0.9265572085714089, 'colsample_bytree': 0.7545963113804839, 'min_child_weight': 4}. Best is trial 0 with value: 1.9346993687079763.
[I 2026-03-12 22:08:01,325] Trial 3 finished with value: 2.103337286985989 and parameters: {'n_estimators': 1151, 'learning_rate': 0.022905722883304454, 'max_depth': 6, 'subsample': 0.9980768724080842, 'colsample_bytree': 0.8765616723565571, 'min_child_weight': 8}. Best is trial 0 with value: 1.9346993687079763.
[I 2026-03-12 22:08:03,302] Trial 4 finished with value: 2.20479359601438 and parameters: {'n_estimators': 460, 'learning_rate': 0.008364452281878048, 'max_depth': 14, 'subsample': 0.7079396323529191, 'colsample_bytree': 0.7037858739696299, 'min_child_weight': 10}. Best is trial 0 with value: 1.9346993687079763.
[I 2026-03-12 22:08:05,194] Trial 5 finished with value: 2.177042213160193 and parameters: {'n_estimators': 546, 'learning_rate': 0.006788931258780192, 'max_depth': 9, 'subsample': 0.7312978242698683, 'colsample_bytree': 0.7625922125309538, 'min_child_weight': 6}. Best is trial 0 with value: 1.9346993687079763.
[I 2026-03-12 22:08:08,739] Trial 6 finished with value: 1.886128262854972 and parameters: {'n_estimators': 943, 'learning_rate': 0.04309644442006251, 'max_depth': 12, 'subsample': 0.763447319542774, 'colsample_bytree': 0.9314955074770379, 'min_child_weight': 4}. Best is trial 6 with value: 1.886128262854972.
[I 2026-03-12 22:08:11,085] Trial 7 finished with value: 1.9436225692077342 and parameters: {'n_estimators': 635, 'learning_rate': 0.008773663017834351, 'max_depth': 11, 'subsample': 0.777789219531603, 'colsample_bytree': 0.9835897743383977, 'min_child_weight': 5}. Best is trial 6 with value: 1.886128262854972.
[I 2026-03-12 22:08:12,209] Trial 8 finished with value: 2.094399931678373 and parameters: {'n_estimators': 339, 'learning_rate': 0.014925364371872396, 'max_depth': 9, 'subsample': 0.9486724933538819, 'colsample_bytree': 0.7180928656553561, 'min_child_weight': 3}. Best is trial 6 with value: 1.886128262854972.
[I 2026-03-12 22:08:15,127] Trial 9 finished with value: 1.9746737340857394 and parameters: {'n_estimators': 747, 'learning_rate': 0.01291354795244104, 'max_depth': 13, 'subsample': 0.6407319646023919, 'colsample_bytree': 0.902300404243562, 'min_child_weight': 10}. Best is trial 6 with value: 1.886128262854972.
[I 2026-03-12 22:08:22,687] Trial 10 finished with value: 1.8241992423412092 and parameters: {'n_estimators': 1500, 'learning_rate': 0.08389385238804747, 'max_depth': 11, 'subsample': 0.8602032928509604, 'colsample_bytree': 0.9830286484374439, 'min_child_weight': 1}. Best is trial 10 with value: 1.8241992423412092.
[I 2026-03-12 22:08:27,912] Trial 11 finished with value: 1.9627907534681681 and parameters: {'n_estimators': 1392, 'learning_rate': 0.0815572749330783, 'max_depth': 11, 'subsample': 0.8705159092541633, 'colsample_bytree': 0.6029584608250098, 'min_child_weight': 1}. Best is trial 10 with value: 1.8241992423412092.
[I 2026-03-12 22:08:33,166] Trial 12 finished with value: 1.8090581891597162 and parameters: {'n_estimators': 1021, 'learning_rate': 0.09136682379647286, 'max_depth': 15, 'subsample': 0.8771575220563174, 'colsample_bytree': 0.9727289719884793, 'min_child_weight': 1}. Best is trial 12 with value: 1.8090581891597162.
[I 2026-03-12 22:08:40,867] Trial 13 finished with value: 1.8021622530761756 and parameters: {'n_estimators': 1471, 'learning_rate': 0.09920063793268676, 'max_depth': 15, 'subsample': 0.8759046134693641, 'colsample_bytree': 0.9981310442856466, 'min_child_weight': 1}. Best is trial 13 with value: 1.8021622530761756.
[I 2026-03-12 22:08:46,794] Trial 14 finished with value: 1.8256961756312058 and parameters: {'n_estimators': 1173, 'learning_rate': 0.05407515006705703, 'max_depth': 15, 'subsample': 0.864037197199291, 'colsample_bytree': 0.9888495134123104, 'min_child_weight': 2}. Best is trial 13 with value: 1.8021622530761756.
[I 2026-03-12 22:08:52,640] Trial 15 finished with value: 1.8605003105361226 and parameters: {'n_estimators': 1198, 'learning_rate': 0.09995801391922637, 'max_depth': 15, 'subsample': 0.8246648508372414, 'colsample_bytree': 0.8303681522085132, 'min_child_weight': 2}. Best is trial 13 with value: 1.8021622530761756.
[I 2026-03-12 22:08:57,901] Trial 16 finished with value: 1.8414023781500337 and parameters: {'n_estimators': 938, 'learning_rate': 0.05830672681789679, 'max_depth': 15, 'subsample': 0.8951184676571969, 'colsample_bytree': 0.945002538614901, 'min_child_weight': 1}. Best is trial 13 with value: 1.8021622530761756.
[I 2026-03-12 22:09:04,373] Trial 17 finished with value: 1.8471922139623818 and parameters: {'n_estimators': 1334, 'learning_rate': 0.06138897223676489, 'max_depth': 13, 'subsample': 0.8150138106334195, 'colsample_bytree': 0.8116779793378257, 'min_child_weight': 2}. Best is trial 13 with value: 1.8021622530761756.
[I 2026-03-12 22:09:07,182] Trial 18 finished with value: 1.9901510578422053 and parameters: {'n_estimators': 1025, 'learning_rate': 0.04281050303020659, 'max_depth': 8, 'subsample': 0.921713841431816, 'colsample_bytree': 0.9532657244836826, 'min_child_weight': 8}. Best is trial 13 with value: 1.8021622530761756.
[I 2026-03-12 22:09:10,341] Trial 19 finished with value: 1.9701048243014883 and parameters: {'n_estimators': 794, 'learning_rate': 0.09765581394953807, 'max_depth': 14, 'subsample': 0.6575105036004195, 'colsample_bytree': 0.6310539505386594, 'min_child_weight': 3}. Best is trial 13 with value: 1.8021622530761756.
[I 2026-03-12 22:09:16,658] Trial 20 finished with value: 1.878055119353083 and parameters: {'n_estimators': 1312, 'learning_rate': 0.017914110372381876, 'max_depth': 14, 'subsample': 0.8306023654105139, 'colsample_bytree': 0.8573485424701253, 'min_child_weight': 3}. Best is trial 13 with value: 1.8021622530761756.
[I 2026-03-12 22:09:21,669] Trial 21 finished with value: 1.8160204014423882 and parameters: {'n_estimators': 1497, 'learning_rate': 0.07709364963388937, 'max_depth': 11, 'subsample': 0.8629693125318628, 'colsample_bytree': 0.9983735340476604, 'min_child_weight': 1}. Best is trial 13 with value: 1.8021622530761756.
[I 2026-03-12 22:09:27,120] Trial 22 finished with value: 1.8290770794341589 and parameters: {'n_estimators': 1471, 'learning_rate': 0.06783785774062114, 'max_depth': 12, 'subsample': 0.9011414722570039, 'colsample_bytree': 0.9972093400802327, 'min_child_weight': 1}. Best is trial 13 with value: 1.8021622530761756.
[I 2026-03-12 22:09:31,086] Trial 23 finished with value: 1.8957709857148102 and parameters: {'n_estimators': 1295, 'learning_rate': 0.04354172415322255, 'max_depth': 9, 'subsample': 0.8441314987347558, 'colsample_bytree': 0.9521705611584136, 'min_child_weight': 2}. Best is trial 13 with value: 1.8021622530761756.
[I 2026-03-12 22:09:35,634] Trial 24 finished with value: 1.8141751850469494 and parameters: {'n_estimators': 1062, 'learning_rate': 0.07253727205085717, 'max_depth': 14, 'subsample': 0.8860677176057135, 'colsample_bytree': 0.9208276011827996, 'min_child_weight': 1}. Best is trial 13 with value: 1.8021622530761756.
[I 2026-03-12 22:09:41,505] Trial 25 finished with value: 1.8372348379013392 and parameters: {'n_estimators': 1046, 'learning_rate': 0.07191233583175632, 'max_depth': 15, 'subsample': 0.8971017922730067, 'colsample_bytree': 0.9096702694516179, 'min_child_weight': 2}. Best is trial 13 with value: 1.8021622530761756.
[I 2026-03-12 22:09:45,397] Trial 26 finished with value: 1.8392033128921152 and parameters: {'n_estimators': 834, 'learning_rate': 0.051493962160530836, 'max_depth': 14, 'subsample': 0.9613574261514929, 'colsample_bytree': 0.959310528504874, 'min_child_weight': 3}. Best is trial 13 with value: 1.8021622530761756.
[I 2026-03-12 22:09:49,700] Trial 27 finished with value: 1.8797769125558015 and parameters: {'n_estimators': 1078, 'learning_rate': 0.0327983281250473, 'max_depth': 13, 'subsample': 0.7971940032121051, 'colsample_bytree': 0.9276281205941461, 'min_child_weight': 5}. Best is trial 13 with value: 1.8021622530761756.
[I 2026-03-12 22:09:54,496] Trial 28 finished with value: 1.9275983923017135 and parameters: {'n_estimators': 1233, 'learning_rate': 0.09383916556815938, 'max_depth': 15, 'subsample': 0.9175459093049536, 'colsample_bytree': 0.8839698542424022, 'min_child_weight': 7}. Best is trial 13 with value: 1.8021622530761756.
[I 2026-03-12 22:09:58,459] Trial 29 finished with value: 1.8775460886990407 and parameters: {'n_estimators': 879, 'learning_rate': 0.02479884797514415, 'max_depth': 13, 'subsample': 0.9975941542467381, 'colsample_bytree': 0.9647761245986506, 'min_child_weight': 1}. Best is trial 13 with value: 1.8021622530761756.
[I 2026-03-12 22:10:03,144] Trial 30 finished with value: 1.9153971070346407 and parameters: {'n_estimators': 1117, 'learning_rate': 0.005323830917121625, 'max_depth': 12, 'subsample': 0.7912345427812539, 'colsample_bytree': 0.8513352967964362, 'min_child_weight': 2}. Best is trial 13 with value: 1.8021622530761756.
[I 2026-03-12 22:10:08,915] Trial 31 finished with value: 1.823851998792364 and parameters: {'n_estimators': 1407, 'learning_rate': 0.07765923387872896, 'max_depth': 14, 'subsample': 0.8784397670125612, 'colsample_bytree': 0.9970691632977678, 'min_child_weight': 1}. Best is trial 13 with value: 1.8021622530761756.
[I 2026-03-12 22:10:12,933] Trial 32 finished with value: 1.8888554441758767 and parameters: {'n_estimators': 1409, 'learning_rate': 0.06869959749085751, 'max_depth': 10, 'subsample': 0.9381703213060156, 'colsample_bytree': 0.9168777763143628, 'min_child_weight': 1}. Best is trial 13 with value: 1.8021622530761756.
[I 2026-03-12 22:10:15,854] Trial 33 finished with value: 1.9982998965105638 and parameters: {'n_estimators': 1252, 'learning_rate': 0.05013037746545791, 'max_depth': 7, 'subsample': 0.8464576540688473, 'colsample_bytree': 0.9664329895672181, 'min_child_weight': 3}. Best is trial 13 with value: 1.8021622530761756.
[I 2026-03-12 22:10:20,797] Trial 34 finished with value: 1.8592482003800148 and parameters: {'n_estimators': 1358, 'learning_rate': 0.0849516160583411, 'max_depth': 14, 'subsample': 0.8748282936521232, 'colsample_bytree': 0.9723034665589345, 'min_child_weight': 4}. Best is trial 13 with value: 1.8021622530761756.
[I 2026-03-12 22:10:25,765] Trial 35 finished with value: 1.8406104550090319 and parameters: {'n_estimators': 969, 'learning_rate': 0.03164406491368999, 'max_depth': 15, 'subsample': 0.9036174149201794, 'colsample_bytree': 0.8857306841627409, 'min_child_weight': 2}. Best is trial 13 with value: 1.8021622530761756.
[I 2026-03-12 22:10:30,658] Trial 36 finished with value: 1.8107805137705972 and parameters: {'n_estimators': 1442, 'learning_rate': 0.06394064503012728, 'max_depth': 12, 'subsample': 0.8442479736036735, 'colsample_bytree': 0.9312314853459467, 'min_child_weight': 1}. Best is trial 13 with value: 1.8021622530761756.
[I 2026-03-12 22:10:33,984] Trial 37 finished with value: 1.9308594583021303 and parameters: {'n_estimators': 1122, 'learning_rate': 0.03802971596082291, 'max_depth': 13, 'subsample': 0.7405802648008447, 'colsample_bytree': 0.9362587582605466, 'min_child_weight': 9}. Best is trial 13 with value: 1.8021622530761756.
[I 2026-03-12 22:10:36,217] Trial 38 finished with value: 1.9382281012023395 and parameters: {'n_estimators': 710, 'learning_rate': 0.06417592169426867, 'max_depth': 12, 'subsample': 0.8381637802560019, 'colsample_bytree': 0.7874652707218327, 'min_child_weight': 4}. Best is trial 13 with value: 1.8021622530761756.
[I 2026-03-12 22:10:37,923] Trial 39 finished with value: 1.906377533400818 and parameters: {'n_estimators': 491, 'learning_rate': 0.049095861363994346, 'max_depth': 14, 'subsample': 0.8156817209014195, 'colsample_bytree': 0.9058856530140573, 'min_child_weight': 6}. Best is trial 13 with value: 1.8021622530761756.
[I 2026-03-12 22:10:41,607] Trial 40 finished with value: 1.8715517927034284 and parameters: {'n_estimators': 1001, 'learning_rate': 0.088248979463292, 'max_depth': 13, 'subsample': 0.9763402335104747, 'colsample_bytree': 0.8714321153726075, 'min_child_weight': 2}. Best is trial 13 with value: 1.8021622530761756.
[I 2026-03-12 22:10:45,726] Trial 41 finished with value: 1.860699100989919 and parameters: {'n_estimators': 1440, 'learning_rate': 0.07514227808906161, 'max_depth': 10, 'subsample': 0.8514687626925248, 'colsample_bytree': 0.9359160969491408, 'min_child_weight': 1}. Best is trial 13 with value: 1.8021622530761756.
[I 2026-03-12 22:10:49,910] Trial 42 finished with value: 1.8761889317149545 and parameters: {'n_estimators': 1481, 'learning_rate': 0.05876330982566338, 'max_depth': 10, 'subsample': 0.8836136809691368, 'colsample_bytree': 0.9755413213594131, 'min_child_weight': 1}. Best is trial 13 with value: 1.8021622530761756.
[I 2026-03-12 22:10:53,848] Trial 43 finished with value: 1.8508637049604417 and parameters: {'n_estimators': 1257, 'learning_rate': 0.07443162755444839, 'max_depth': 11, 'subsample': 0.9289519472422818, 'colsample_bytree': 0.9978539587313016, 'min_child_weight': 1}. Best is trial 13 with value: 1.8021622530761756.
[I 2026-03-12 22:10:58,324] Trial 44 finished with value: 1.867156715054276 and parameters: {'n_estimators': 1374, 'learning_rate': 0.08606466254337024, 'max_depth': 12, 'subsample': 0.776451155971949, 'colsample_bytree': 0.9253358233654931, 'min_child_weight': 2}. Best is trial 13 with value: 1.8021622530761756.
[I 2026-03-12 22:11:02,632] Trial 45 finished with value: 1.883498346209526 and parameters: {'n_estimators': 1491, 'learning_rate': 0.09874503882071872, 'max_depth': 11, 'subsample': 0.8630747289262993, 'colsample_bytree': 0.8945604174875922, 'min_child_weight': 3}. Best is trial 13 with value: 1.8021622530761756.
[I 2026-03-12 22:11:05,464] Trial 46 finished with value: 1.9229039977459976 and parameters: {'n_estimators': 633, 'learning_rate': 0.06424634083040442, 'max_depth': 15, 'subsample': 0.6037393655387644, 'colsample_bytree': 0.723802149691539, 'min_child_weight': 1}. Best is trial 13 with value: 1.8021622530761756.
[I 2026-03-12 22:11:11,034] Trial 47 finished with value: 1.8274176978921552 and parameters: {'n_estimators': 1442, 'learning_rate': 0.03863806947303555, 'max_depth': 14, 'subsample': 0.9079934689983137, 'colsample_bytree': 0.9730524275945233, 'min_child_weight': 2}. Best is trial 13 with value: 1.8021622530761756.
[I 2026-03-12 22:11:14,811] Trial 48 finished with value: 1.8404102490119776 and parameters: {'n_estimators': 1200, 'learning_rate': 0.08007082663794801, 'max_depth': 11, 'subsample': 0.8115034118496779, 'colsample_bytree': 0.9471973215592747, 'min_child_weight': 1}. Best is trial 13 with value: 1.8021622530761756.
