[I 2026-04-06 22:09:11,834] Trial 49 finished with value: 1.9582684365718896 and parameters: {'n_estimators': 1077, 'learning_rate': 0.05947756388062324, 'max_depth': 13, 'subsample': 0.6743572229135814, 'colsample_bytree': 0.7632175822336162, 'min_child_weight': 4}. Best is trial 42 with value: 1.8032915368419222.
✅ Tham số tối ưu nhất từ Optuna: {'n_estimators': 1203, 'learning_rate': 0.023778059051022732, 'max_depth': 15, 'subsample': 0.9748244079614284, 'colsample_bytree': 0.8489811859468708, 'min_child_weight': 1}
MAE của mô hình XGBoost: 1.8247
R² của mô hình XGBoost: 0.9153
🥊 Đang so sánh... Champion MAE: 1.6245 vs Challenger MAE: 1.8247
🛡️ Champion bảo vệ ngôi vương. Giữ nguyên mô hình cũ.
[Mon 04/06/2026 22:09:20.57] [4/4] Dang dong bo AI Model (qua LFS) len GitHub... 
[main 0b05c2c] Auto-update AI Model: Mon 04/06/2026 22:09:23.06
 2 files changed, 339 insertions(+)
remote: This repository moved. Please use the new location:        
remote:   https://github.com/HieuNT316/hanoi-house-price-prediction.git        
To https://github.com/Alexus143/hanoi-house-price-prediction.git
   3d9f584..0b05c2c  main -> main
========================================= 
[Tue 04/07/2026 22:00:03.09] [1/4] Dang cao chi tiet BĐS... 
🔍 Đang cấu hình Database với: postgres.kkwivuufxdewurmxtsto@aws-1-ap-southeast-1.pooler.supabase.com:5432/postgres

[DetailSpider] Khởi động luồng làm giàu dữ liệu (Limit: 50 bài/lượt)...
✅ Đã kết nối thành công tới PostgreSQL.
[Browser] Đang khởi tạo trình duyệt...
[Browser] Phát hiện Chrome (Windows): Version 139

[DetailSpider] Đang cào (1/14): https://batdongsan.com.vn/ban-can-ho-chung-cu-duong-tran-phu-phuong-van-quan-grand-sunlake/chinh-chu-ban-gap-tang-19-gia-re-pr45493085
  -> Lấy được 2/6 feature chi tiết.

[DetailSpider] Đang cào (2/14): https://batdongsan.com.vn/ban-nha-biet-thu-lien-ke-duong-le-quang-dao-phuong-van-phuc-1-15/lai-rong-600tr-nam-ao-110m2-5t-thang-may-via-he-3-o-to-tranh-20-ty-pr45491614
  -> Lấy được 4/6 feature chi tiết.

[DetailSpider] Đang cào (3/14): https://batdongsan.com.vn/ban-can-ho-chung-cu-phuong-kien-hung-khu-do-thi-thanh-ha-muong-thanh/ban-cc-sieu-hot-tai-o-4-13-ty-78-28m2-pr45489595
  -> Lấy được 2/6 feature chi tiết.

[DetailSpider] Đang cào (4/14): https://batdongsan.com.vn/ban-can-ho-chung-cu-duong-le-trong-tan-phuong-la-khe-park-kiara/doc-quyen-quy-can-ban-gia-tot-nhat-tai-voi-gia-tot-nhat-pr42118287
  -> Lấy được 3/6 feature chi tiết.

[DetailSpider] Đang cào (5/14): https://batdongsan.com.vn/ban-nha-biet-thu-lien-ke-duong-to-huu-phuong-duong-noi-khu-do-thi-moi-duong-noi/ban-can-goc-2-mat-duong-nam-cuong-canh-ho-cong-vien-aeon-nhat-ban-vi-tri-dep-pr41811497
  -> Lấy được 2/6 feature chi tiết.

[DetailSpider] Đang cào (6/14): https://batdongsan.com.vn/ban-dat-phuong-dong-mai-1/cc-ban-gap-lo-at-3-mat-tien-2-35-ty-san-so-tai-ong-ha-ong-gan-cum-cn-thanh-oai-ql21b-pr45494591
  -> Lấy được 0/6 feature chi tiết.

[DetailSpider] Đang cào (7/14): https://batdongsan.com.vn/ban-can-ho-chung-cu-duong-to-huu-phuong-la-khe-the-charm-an-hung/tong-hop-quy-chuyen-nhuong-gia-tot-nhat-chu-nha-ban-gap-thien-tri-pr44582570
  -> Lấy được 3/6 feature chi tiết.

[DetailSpider] Đang cào (8/14): https://batdongsan.com.vn/ban-nha-biet-thu-lien-ke-duong-21b-phuong-phu-luong-3-khu-do-thi-moi-phu-luong-21515/ban-dat-2-ql21b-o-to-tranh-50m2-2-tang-5x10m-hop-o-dau-tu-pr44807967
  -> Lấy được 4/6 feature chi tiết.

[DetailSpider] Đang cào (9/14): https://batdongsan.com.vn/ban-nha-biet-thu-lien-ke-duong-van-khe-phuong-phu-luong-3-khu-do-thi-moi-phu-luong-21515/mo-ban-230-can-832-can-ho-o-la-gia-goc-chu-au-tu-lh-pr45491457
  -> Lấy được 3/6 feature chi tiết.

[DetailSpider] Đang cào (10/14): https://batdongsan.com.vn/ban-can-ho-chung-cu-duong-vu-trong-khanh-phuong-mo-lao-thap-doi-kepler-land/hien-tai-em-minh-co-nhieu-chuyen-nhuong-chinh-gia-sieu-tot-pr45428621
  -> Lấy được 2/6 feature chi tiết.

[DetailSpider] Đang cào (11/14): https://batdongsan.com.vn/ban-can-ho-chung-cu-duong-to-huu-phuong-la-khe-the-pride/ban-3pn-2wc-tai-ha-ong-gia-uu-ai-6-5-ty-pr45487075
  -> Lấy được 3/6 feature chi tiết.

[DetailSpider] Đang cào (12/14): https://batdongsan.com.vn/ban-nha-biet-thu-lien-ke-duong-to-huu-phuong-duong-noi-solasta-mansion-duong-noi/ban-gap-170m2-dong-nam-re-nhat-du-an-29-5ty-re-hon-tt-tam-20-quan-tam-goi-e-hien-pr44408541
  -> Lấy được 5/6 feature chi tiết.

[DetailSpider] Đang cào (13/14): https://batdongsan.com.vn/ban-nha-biet-thu-lien-ke-duong-to-huu-phuong-duong-noi-an-vuong-villa/ban-can-goc-3-mat-thoang-villas-nam-cuong-dtich-248m2-so-san-canh-ho-cong-vien-pr41810412
  -> Lấy được 1/6 feature chi tiết.

[DetailSpider] Đang cào (14/14): https://batdongsan.com.vn/ban-nha-rieng-phuong-van-phuc-1/ban-gap-pho-canh-khu-phu-my-ha-ong-dt-18m-xay-moi-5-tang-oto-cach-10m-nhinh-4-98-ty-pr45446274
  -> Lấy được 2/6 feature chi tiết.

[DetailSpider] Hoàn thành. Cập nhật thành công 14/14 bài đăng.
[Tue 04/07/2026 22:03:53.80] [2/4] Dang clean du lieu... 
🔍 Đang cấu hình Database với: postgres.kkwivuufxdewurmxtsto@aws-1-ap-southeast-1.pooler.supabase.com:5432/postgres
✅ Đã kết nối thành công tới PostgreSQL.
🔄 Upsert thành công 5639 bản ghi vào 'bds_hadong'.
✅ Đã cập nhật cột legal_status và furniture thành công.
[Tue 04/07/2026 22:04:08.75] [3/4] Dang huan luyen AI tren du lieu moi... 
🔍 Đang cấu hình Database với: postgres.kkwivuufxdewurmxtsto@aws-1-ap-southeast-1.pooler.supabase.com:5432/postgres
[I 2026-04-07 22:04:34,329] A new study created in memory with name: no-name-6f7f6252-7e54-4eda-9cc0-a2f73a68bc99
✅ Đã kết nối thành công tới PostgreSQL.
  0%|          | 0/50 [00:00<?, ?it/s]D:\Python\realtime_estimate_tracker\venv_bds\lib\site-packages\xgboost\training.py:200: UserWarning: [22:04:34] WARNING: C:\actions-runner\_work\xgboost\xgboost\src\learner.cc:782: 
Parameters: { "devices", "task_type" } are not used.

  bst.update(dtrain, iteration=i, fobj=obj)
                                        0%|          | 0/50 [00:03<?, ?it/s]Best trial: 0. Best value: 1.85147:   0%|          | 0/50 [00:03<?, ?it/s]Best trial: 0. Best value: 1.85147:   2%|▏         | 1/50 [00:03<03:04,  3.76s/it]D:\Python\realtime_estimate_tracker\venv_bds\lib\site-packages\xgboost\training.py:200: UserWarning: [22:04:38] WARNING: C:\actions-runner\_work\xgboost\xgboost\src\learner.cc:782: 
Parameters: { "devices", "task_type" } are not used.

  bst.update(dtrain, iteration=i, fobj=obj)
                                                                                  Best trial: 0. Best value: 1.85147:   2%|▏         | 1/50 [00:07<03:04,  3.76s/it]Best trial: 1. Best value: 1.83885:   2%|▏         | 1/50 [00:07<03:04,  3.76s/it]Best trial: 1. Best value: 1.83885:   4%|▍         | 2/50 [00:07<03:11,  3.99s/it]D:\Python\realtime_estimate_tracker\venv_bds\lib\site-packages\xgboost\training.py:200: UserWarning: [22:04:42] WARNING: C:\actions-runner\_work\xgboost\xgboost\src\learner.cc:782: 
Parameters: { "devices", "task_type" } are not used.

  bst.update(dtrain, iteration=i, fobj=obj)
                                                                                  Best trial: 1. Best value: 1.83885:   4%|▍         | 2/50 [00:10<03:11,  3.99s/it]Best trial: 1. Best value: 1.83885:   4%|▍         | 2/50 [00:10<03:11,  3.99s/it]Best trial: 1. Best value: 1.83885:   6%|▌         | 3/50 [00:10<02:31,  3.22s/it]D:\Python\realtime_estimate_tracker\venv_bds\lib\site-packages\xgboost\training.py:200: UserWarning: [22:04:44] WARNING: C:\actions-runner\_work\xgboost\xgboost\src\learner.cc:782: 
Parameters: { "devices", "task_type" } are not used.

  bst.update(dtrain, iteration=i, fobj=obj)
                                                                                  Best trial: 1. Best value: 1.83885:   6%|▌         | 3/50 [00:11<02:31,  3.22s/it]Best trial: 1. Best value: 1.83885:   6%|▌         | 3/50 [00:11<02:31,  3.22s/it]Best trial: 1. Best value: 1.83885:   8%|▊         | 4/50 [00:11<01:50,  2.39s/it]D:\Python\realtime_estimate_tracker\venv_bds\lib\site-packages\xgboost\training.py:200: UserWarning: [22:04:45] WARNING: C:\actions-runner\_work\xgboost\xgboost\src\learner.cc:782: 
Parameters: { "devices", "task_type" } are not used.

  bst.update(dtrain, iteration=i, fobj=obj)
                                                                                  Best trial: 1. Best value: 1.83885:   8%|▊         | 4/50 [00:13<01:50,  2.39s/it]Best trial: 1. Best value: 1.83885:   8%|▊         | 4/50 [00:13<01:50,  2.39s/it]Best trial: 1. Best value: 1.83885:  10%|█         | 5/50 [00:13<01:45,  2.35s/it]D:\Python\realtime_estimate_tracker\venv_bds\lib\site-packages\xgboost\training.py:200: UserWarning: [22:04:47] WARNING: C:\actions-runner\_work\xgboost\xgboost\src\learner.cc:782: 
Parameters: { "devices", "task_type" } are not used.

  bst.update(dtrain, iteration=i, fobj=obj)
                                                                                  Best trial: 1. Best value: 1.83885:  10%|█         | 5/50 [00:15<01:45,  2.35s/it]Best trial: 1. Best value: 1.83885:  10%|█         | 5/50 [00:15<01:45,  2.35s/it]Best trial: 1. Best value: 1.83885:  12%|█▏        | 6/50 [00:15<01:32,  2.10s/it]D:\Python\realtime_estimate_tracker\venv_bds\lib\site-packages\xgboost\training.py:200: UserWarning: [22:04:49] WARNING: C:\actions-runner\_work\xgboost\xgboost\src\learner.cc:782: 
Parameters: { "devices", "task_type" } are not used.

  bst.update(dtrain, iteration=i, fobj=obj)
                                                                                  Best trial: 1. Best value: 1.83885:  12%|█▏        | 6/50 [00:18<01:32,  2.10s/it]Best trial: 1. Best value: 1.83885:  12%|█▏        | 6/50 [00:18<01:32,  2.10s/it]Best trial: 1. Best value: 1.83885:  14%|█▍        | 7/50 [00:18<01:46,  2.48s/it]D:\Python\realtime_estimate_tracker\venv_bds\lib\site-packages\xgboost\training.py:200: UserWarning: [22:04:52] WARNING: C:\actions-runner\_work\xgboost\xgboost\src\learner.cc:782: 
Parameters: { "devices", "task_type" } are not used.

  bst.update(dtrain, iteration=i, fobj=obj)
                                                                                  Best trial: 1. Best value: 1.83885:  14%|█▍        | 7/50 [00:21<01:46,  2.48s/it]Best trial: 1. Best value: 1.83885:  14%|█▍        | 7/50 [00:21<01:46,  2.48s/it]Best trial: 1. Best value: 1.83885:  16%|█▌        | 8/50 [00:21<01:50,  2.63s/it]D:\Python\realtime_estimate_tracker\venv_bds\lib\site-packages\xgboost\training.py:200: UserWarning: [22:04:55] WARNING: C:\actions-runner\_work\xgboost\xgboost\src\learner.cc:782: 
Parameters: { "devices", "task_type" } are not used.

  bst.update(dtrain, iteration=i, fobj=obj)
                                                                                  Best trial: 1. Best value: 1.83885:  16%|█▌        | 8/50 [00:23<01:50,  2.63s/it]Best trial: 8. Best value: 1.83638:  16%|█▌        | 8/50 [00:23<01:50,  2.63s/it]Best trial: 8. Best value: 1.83638:  18%|█▊        | 9/50 [00:23<01:45,  2.57s/it]D:\Python\realtime_estimate_tracker\venv_bds\lib\site-packages\xgboost\training.py:200: UserWarning: [22:04:58] WARNING: C:\actions-runner\_work\xgboost\xgboost\src\learner.cc:782: 
Parameters: { "devices", "task_type" } are not used.

  bst.update(dtrain, iteration=i, fobj=obj)
                                                                                  Best trial: 8. Best value: 1.83638:  18%|█▊        | 9/50 [00:25<01:45,  2.57s/it]Best trial: 8. Best value: 1.83638:  18%|█▊        | 9/50 [00:25<01:45,  2.57s/it]Best trial: 8. Best value: 1.83638:  20%|██        | 10/50 [00:25<01:35,  2.40s/it]D:\Python\realtime_estimate_tracker\venv_bds\lib\site-packages\xgboost\training.py:200: UserWarning: [22:05:00] WARNING: C:\actions-runner\_work\xgboost\xgboost\src\learner.cc:782: 
Parameters: { "devices", "task_type" } are not used.

  bst.update(dtrain, iteration=i, fobj=obj)
                                                                                   Best trial: 8. Best value: 1.83638:  20%|██        | 10/50 [00:29<01:35,  2.40s/it]Best trial: 8. Best value: 1.83638:  20%|██        | 10/50 [00:29<01:35,  2.40s/it]Best trial: 8. Best value: 1.83638:  22%|██▏       | 11/50 [00:29<01:48,  2.79s/it]D:\Python\realtime_estimate_tracker\venv_bds\lib\site-packages\xgboost\training.py:200: UserWarning: [22:05:03] WARNING: C:\actions-runner\_work\xgboost\xgboost\src\learner.cc:782: 
Parameters: { "devices", "task_type" } are not used.

  bst.update(dtrain, iteration=i, fobj=obj)
                                                                                   Best trial: 8. Best value: 1.83638:  22%|██▏       | 11/50 [00:33<01:48,  2.79s/it]Best trial: 11. Best value: 1.83405:  22%|██▏       | 11/50 [00:33<01:48,  2.79s/it]Best trial: 11. Best value: 1.83405:  24%|██▍       | 12/50 [00:33<02:03,  3.26s/it]D:\Python\realtime_estimate_tracker\venv_bds\lib\site-packages\xgboost\training.py:200: UserWarning: [22:05:08] WARNING: C:\actions-runner\_work\xgboost\xgboost\src\learner.cc:782: 
Parameters: { "devices", "task_type" } are not used.

  bst.update(dtrain, iteration=i, fobj=obj)
                                                                                    Best trial: 11. Best value: 1.83405:  24%|██▍       | 12/50 [00:39<02:03,  3.26s/it]Best trial: 12. Best value: 1.81441:  24%|██▍       | 12/50 [00:39<02:03,  3.26s/it]Best trial: 12. Best value: 1.81441:  26%|██▌       | 13/50 [00:39<02:26,  3.96s/it]D:\Python\realtime_estimate_tracker\venv_bds\lib\site-packages\xgboost\training.py:200: UserWarning: [22:05:13] WARNING: C:\actions-runner\_work\xgboost\xgboost\src\learner.cc:782: 
Parameters: { "devices", "task_type" } are not used.

  bst.update(dtrain, iteration=i, fobj=obj)
                                                                                    Best trial: 12. Best value: 1.81441:  26%|██▌       | 13/50 [00:44<02:26,  3.96s/it]Best trial: 12. Best value: 1.81441:  26%|██▌       | 13/50 [00:44<02:26,  3.96s/it]Best trial: 12. Best value: 1.81441:  28%|██▊       | 14/50 [00:44<02:33,  4.25s/it]D:\Python\realtime_estimate_tracker\venv_bds\lib\site-packages\xgboost\training.py:200: UserWarning: [22:05:18] WARNING: C:\actions-runner\_work\xgboost\xgboost\src\learner.cc:782: 
Parameters: { "devices", "task_type" } are not used.

  bst.update(dtrain, iteration=i, fobj=obj)
                                                                                    Best trial: 12. Best value: 1.81441:  28%|██▊       | 14/50 [00:49<02:33,  4.25s/it]Best trial: 12. Best value: 1.81441:  28%|██▊       | 14/50 [00:49<02:33,  4.25s/it]Best trial: 12. Best value: 1.81441:  30%|███       | 15/50 [00:49<02:33,  4.40s/it]D:\Python\realtime_estimate_tracker\venv_bds\lib\site-packages\xgboost\training.py:200: UserWarning: [22:05:23] WARNING: C:\actions-runner\_work\xgboost\xgboost\src\learner.cc:782: 
Parameters: { "devices", "task_type" } are not used.

  bst.update(dtrain, iteration=i, fobj=obj)
                                                                                    Best trial: 12. Best value: 1.81441:  30%|███       | 15/50 [00:51<02:33,  4.40s/it]Best trial: 12. Best value: 1.81441:  30%|███       | 15/50 [00:51<02:33,  4.40s/it]Best trial: 12. Best value: 1.81441:  32%|███▏      | 16/50 [00:51<02:08,  3.79s/it]D:\Python\realtime_estimate_tracker\venv_bds\lib\site-packages\xgboost\training.py:200: UserWarning: [22:05:25] WARNING: C:\actions-runner\_work\xgboost\xgboost\src\learner.cc:782: 
Parameters: { "devices", "task_type" } are not used.

  bst.update(dtrain, iteration=i, fobj=obj)
                                                                                    Best trial: 12. Best value: 1.81441:  32%|███▏      | 16/50 [00:56<02:08,  3.79s/it]Best trial: 12. Best value: 1.81441:  32%|███▏      | 16/50 [00:56<02:08,  3.79s/it]Best trial: 12. Best value: 1.81441:  34%|███▍      | 17/50 [00:56<02:17,  4.16s/it]D:\Python\realtime_estimate_tracker\venv_bds\lib\site-packages\xgboost\training.py:200: UserWarning: [22:05:30] WARNING: C:\actions-runner\_work\xgboost\xgboost\src\learner.cc:782: 
Parameters: { "devices", "task_type" } are not used.

  bst.update(dtrain, iteration=i, fobj=obj)
                                                                                    Best trial: 12. Best value: 1.81441:  34%|███▍      | 17/50 [01:00<02:17,  4.16s/it]Best trial: 17. Best value: 1.79181:  34%|███▍      | 17/50 [01:00<02:17,  4.16s/it]Best trial: 17. Best value: 1.79181:  36%|███▌      | 18/50 [01:00<02:14,  4.20s/it]D:\Python\realtime_estimate_tracker\venv_bds\lib\site-packages\xgboost\training.py:200: UserWarning: [22:05:35] WARNING: C:\actions-runner\_work\xgboost\xgboost\src\learner.cc:782: 
Parameters: { "devices", "task_type" } are not used.

  bst.update(dtrain, iteration=i, fobj=obj)
                                                                                    Best trial: 17. Best value: 1.79181:  36%|███▌      | 18/50 [01:04<02:14,  4.20s/it]Best trial: 17. Best value: 1.79181:  36%|███▌      | 18/50 [01:04<02:14,  4.20s/it]Best trial: 17. Best value: 1.79181:  38%|███▊      | 19/50 [01:04<02:07,  4.12s/it]D:\Python\realtime_estimate_tracker\venv_bds\lib\site-packages\xgboost\training.py:200: UserWarning: [22:05:39] WARNING: C:\actions-runner\_work\xgboost\xgboost\src\learner.cc:782: 
Parameters: { "devices", "task_type" } are not used.

  bst.update(dtrain, iteration=i, fobj=obj)
                                                                                    Best trial: 17. Best value: 1.79181:  38%|███▊      | 19/50 [01:08<02:07,  4.12s/it]Best trial: 17. Best value: 1.79181:  38%|███▊      | 19/50 [01:08<02:07,  4.12s/it]Best trial: 17. Best value: 1.79181:  40%|████      | 20/50 [01:08<02:03,  4.12s/it]D:\Python\realtime_estimate_tracker\venv_bds\lib\site-packages\xgboost\training.py:200: UserWarning: [22:05:43] WARNING: C:\actions-runner\_work\xgboost\xgboost\src\learner.cc:782: 
Parameters: { "devices", "task_type" } are not used.

  bst.update(dtrain, iteration=i, fobj=obj)
                                                                                    Best trial: 17. Best value: 1.79181:  40%|████      | 20/50 [01:10<02:03,  4.12s/it]Best trial: 17. Best value: 1.79181:  40%|████      | 20/50 [01:10<02:03,  4.12s/it]Best trial: 17. Best value: 1.79181:  42%|████▏     | 21/50 [01:10<01:39,  3.42s/it]D:\Python\realtime_estimate_tracker\venv_bds\lib\site-packages\xgboost\training.py:200: UserWarning: [22:05:45] WARNING: C:\actions-runner\_work\xgboost\xgboost\src\learner.cc:782: 
Parameters: { "devices", "task_type" } are not used.

  bst.update(dtrain, iteration=i, fobj=obj)
                                                                                    Best trial: 17. Best value: 1.79181:  42%|████▏     | 21/50 [01:14<01:39,  3.42s/it]Best trial: 17. Best value: 1.79181:  42%|████▏     | 21/50 [01:14<01:39,  3.42s/it]Best trial: 17. Best value: 1.79181:  44%|████▍     | 22/50 [01:14<01:38,  3.53s/it]D:\Python\realtime_estimate_tracker\venv_bds\lib\site-packages\xgboost\training.py:200: UserWarning: [22:05:48] WARNING: C:\actions-runner\_work\xgboost\xgboost\src\learner.cc:782: 
Parameters: { "devices", "task_type" } are not used.

  bst.update(dtrain, iteration=i, fobj=obj)
                                                                                    Best trial: 17. Best value: 1.79181:  44%|████▍     | 22/50 [01:18<01:38,  3.53s/it]Best trial: 17. Best value: 1.79181:  44%|████▍     | 22/50 [01:18<01:38,  3.53s/it]Best trial: 17. Best value: 1.79181:  46%|████▌     | 23/50 [01:18<01:42,  3.78s/it]D:\Python\realtime_estimate_tracker\venv_bds\lib\site-packages\xgboost\training.py:200: UserWarning: [22:05:53] WARNING: C:\actions-runner\_work\xgboost\xgboost\src\learner.cc:782: 
Parameters: { "devices", "task_type" } are not used.

  bst.update(dtrain, iteration=i, fobj=obj)
                                                                                    Best trial: 17. Best value: 1.79181:  46%|████▌     | 23/50 [01:22<01:42,  3.78s/it]Best trial: 17. Best value: 1.79181:  46%|████▌     | 23/50 [01:22<01:42,  3.78s/it]Best trial: 17. Best value: 1.79181:  48%|████▊     | 24/50 [01:22<01:38,  3.78s/it]D:\Python\realtime_estimate_tracker\venv_bds\lib\site-packages\xgboost\training.py:200: UserWarning: [22:05:56] WARNING: C:\actions-runner\_work\xgboost\xgboost\src\learner.cc:782: 
Parameters: { "devices", "task_type" } are not used.

  bst.update(dtrain, iteration=i, fobj=obj)
                                                                                    Best trial: 17. Best value: 1.79181:  48%|████▊     | 24/50 [01:27<01:38,  3.78s/it]Best trial: 17. Best value: 1.79181:  48%|████▊     | 24/50 [01:27<01:38,  3.78s/it]Best trial: 17. Best value: 1.79181:  50%|█████     | 25/50 [01:27<01:41,  4.05s/it]D:\Python\realtime_estimate_tracker\venv_bds\lib\site-packages\xgboost\training.py:200: UserWarning: [22:06:01] WARNING: C:\actions-runner\_work\xgboost\xgboost\src\learner.cc:782: 
Parameters: { "devices", "task_type" } are not used.

  bst.update(dtrain, iteration=i, fobj=obj)
                                                                                    Best trial: 17. Best value: 1.79181:  50%|█████     | 25/50 [01:32<01:41,  4.05s/it]Best trial: 17. Best value: 1.79181:  50%|█████     | 25/50 [01:32<01:41,  4.05s/it]Best trial: 17. Best value: 1.79181:  52%|█████▏    | 26/50 [01:32<01:47,  4.46s/it]D:\Python\realtime_estimate_tracker\venv_bds\lib\site-packages\xgboost\training.py:200: UserWarning: [22:06:07] WARNING: C:\actions-runner\_work\xgboost\xgboost\src\learner.cc:782: 
Parameters: { "devices", "task_type" } are not used.

  bst.update