[I 2026-03-13 22:06:44,384] Trial 49 finished with value: 1.8998934430474383 and parameters: {'n_estimators': 492, 'learning_rate': 0.05144380769729534, 'max_depth': 15, 'subsample': 0.9687993255883443, 'colsample_bytree': 0.8984578534950545, 'min_child_weight': 5}. Best is trial 42 with value: 1.814723139351269.
✅ Tham số tối ưu nhất từ Optuna: {'n_estimators': 715, 'learning_rate': 0.06330681260207043, 'max_depth': 14, 'subsample': 0.9319231082497488, 'colsample_bytree': 0.9451092940817916, 'min_child_weight': 2}
MAE của mô hình XGBoost: 1.8408
R² của mô hình XGBoost: 0.9152
🥊 Đang so sánh... Champion MAE: 1.7325 vs Challenger MAE: 1.8408
🛡️ Champion bảo vệ ngôi vương. Giữ nguyên mô hình cũ.
[Fri 03/13/2026 22:06:52.10] [4/4] Dang dong bo AI Model (qua LFS) len GitHub... 
[main 9af82b0] Auto-update AI Model: Fri 03/13/2026 22:06:53.28
 2 files changed, 281 insertions(+)
remote: This repository moved. Please use the new location:        
remote:   https://github.com/HieuNT316/hanoi-house-price-prediction.git        
To https://github.com/Alexus143/hanoi-house-price-prediction.git
   14e12c7..9af82b0  main -> main
========================================= 
[Sat 03/14/2026 22:00:03.12] [1/4] Dang cao chi tiet BĐS... 
🔍 Đang cấu hình Database với: postgres.kkwivuufxdewurmxtsto@aws-1-ap-southeast-1.pooler.supabase.com:5432/postgres

[DetailSpider] Khởi động luồng làm giàu dữ liệu (Limit: 50 bài/lượt)...
✅ Đã kết nối thành công tới PostgreSQL.
[Browser] Đang khởi tạo trình duyệt...
[Browser] Phát hiện Chrome (Windows): Version 139

[DetailSpider] Đang cào (1/23): https://batdongsan.com.vn/ban-nha-rieng-phuong-van-phuc-1/sieu-pham-lo-goc-o-to-kinh-doanh-46m2-6-tang-thang-may-ha-ong-gia-au-tu-hon-11-ty-pr45303974
  -> Lấy được 3/6 feature chi tiết.

[DetailSpider] Đang cào (2/23): https://batdongsan.com.vn/ban-can-ho-chung-cu-phuong-duong-noi-an-binh-homeland/oc-quyen-duplex-gia-chi-tu-10-ty-pr45295497
  -> Lấy được 3/6 feature chi tiết.

[DetailSpider] Đang cào (3/23): https://batdongsan.com.vn/ban-nha-rieng-duong-thanh-binh-phuong-mo-lao-15/ban-5-tang-33-6-m2-gom-3-n-4-w-c-ha-ong-hon-7-ti-chinh-chu-tien-ga-van-quan-pr45291294
  -> Lấy được 0/6 feature chi tiết.

[DetailSpider] Đang cào (4/23): https://batdongsan.com.vn/ban-dat-pho-ba-trieu-phuong-kien-hung-15/ban-at-au-gia60m-mat-htt-keo-dai-container-tranh-kinh-doanh-inh-giap-cong-vien-365-pr45308230
  -> Lấy được 1/6 feature chi tiết.

[DetailSpider] Đang cào (5/23): https://batdongsan.com.vn/ban-nha-biet-thu-lien-ke-duong-le-trong-tan-phuong-duong-noi-khu-do-thi-geleximco-le-trong-tan/ban-mat-chinh-dtm-gleximco-ha-dong-144m2-x-5t-x-mt-6m-gia-31-ty-pr43960251
  -> Lấy được 6/6 feature chi tiết.

[DetailSpider] Đang cào (6/23): https://batdongsan.com.vn/ban-nha-rieng-phuong-van-quan/ban-tt-ha-ong-ngo-thong-oto-tranh-gara-oto-kd-70m2-5tang-21ty-lh-0981506256-pr45286413
  -> Lấy được 5/6 feature chi tiết.

[DetailSpider] Đang cào (7/23): https://batdongsan.com.vn/ban-nha-rieng-duong-quoc-lo-6-phuong-bien-giang-15/ban-ngay-gan-ben-xe-yen-nghia-ql6-dt-32-5m2-gia-3ty2-o-to-o-cach-5m-full-noi-that-pr45302097
  -> Lấy được 3/6 feature chi tiết.

[DetailSpider] Đang cào (8/23): https://batdongsan.com.vn/ban-nha-rieng-pho-van-phuc-phuong-van-phuc-1-15/ban-hiem-6-tang-thang-may-o-to-tranh-kinh-doanh-11-9-ty-pr45298246
  -> Lấy được 5/6 feature chi tiết.

[DetailSpider] Đang cào (9/23): https://batdongsan.com.vn/ban-nha-biet-thu-lien-ke-duong-le-trong-tan-phuong-la-khe-parkcity-ha-noi/cap-nhat-quy-can-chuyen-nhuong-song-lap-don-lap-gia-tot-nhat-tai-kdt-noi-pr44880846
  -> Lấy được 4/6 feature chi tiết.

[DetailSpider] Đang cào (10/23): https://batdongsan.com.vn/ban-nha-rieng-duong-to-hieu-phuong-ha-cau-15/ban-mat-5-tang-mat-ngo-o-o-cua-en-hang-xom-sv-ong-tien-kinh-doanh-i-lai-pr45268395
  -> Lấy được 6/6 feature chi tiết.

[DetailSpider] Đang cào (11/23): https://batdongsan.com.vn/ban-nha-rieng-duong-le-loi-1-phuong-kien-hung-15/ban-gap-gan-pho-ba-trieu-kd-oto-vao-thang-may-dt45m2-5tang-gia-13-2-0982079122-pr45296859
  -> Lấy được 2/6 feature chi tiết.

[DetailSpider] Đang cào (12/23): https://batdongsan.com.vn/ban-nha-rieng-duong-tran-phu-phuong-van-quan-15/ban-pho-vip-ha-dong-40m2-4-tang-lo-goc-2-thoang-ngo-thong-o-to-full-do-pr44766930
  -> Lấy được 3/6 feature chi tiết.

[DetailSpider] Đang cào (13/23): https://batdongsan.com.vn/ban-can-ho-chung-cu-duong-to-huu-phuong-yen-nghia-1-xuan-mai-complex/ban-gap-ep-2pn-tai-62m-ban-cong-tay-nam-thoang-mat-gia-nhinh-4-ty-pr45295300
  -> Lấy được 1/6 feature chi tiết.

[DetailSpider] Đang cào (14/23): https://batdongsan.com.vn/ban-can-ho-chung-cu-duong-ngo-thi-nham-phuong-duong-noi-anland-lakeview/chinh-chu-ban-truc-hoa-hau-goc-tang-vip-pr45294833
  -> Lấy được 3/6 feature chi tiết.

[DetailSpider] Đang cào (15/23): https://batdongsan.com.vn/ban-nha-rieng-duong-tran-phu-phuong-mo-lao-15/tt-tan-giam-sau-1-ty-dt-85m2-mt-5-5m-gan-ga-van-quan-tiem-nang-tang-gia-pr44523759
  -> Lấy được 4/6 feature chi tiết.

[DetailSpider] Đang cào (16/23): https://batdongsan.com.vn/ban-can-ho-chung-cu-phuong-la-khe-the-terra-an-hung/em-giang-chuyen-chuyen-nhuong-gia-tot-nhat-len-hang-2-em-74m-va-90m-nha-sieu-ep-gia-au-tu-pr45292966
  -> Lấy được 3/6 feature chi tiết.

[DetailSpider] Đang cào (17/23): https://batdongsan.com.vn/ban-can-ho-chung-cu-duong-quang-trung-phuong-quang-trung-17-toa-thap-thien-nien-ky-hatay-millennium/chi-5-5-ty-so-huu-ngay-2n-full-o-noi-that-lh-0904-994-868-pr45290472
  -> Lấy được 2/6 feature chi tiết.

[DetailSpider] Đang cào (18/23): https://batdongsan.com.vn/ban-shophouse-nha-pho-thuong-mai-phuong-kien-hung-kien-hung-luxury/giam-chao-2-ty-mat-thang-may-co-ham-mat-truc-senco5-pr45288645
  -> Lấy được 5/6 feature chi tiết.

[DetailSpider] Đang cào (19/23): https://batdongsan.com.vn/ban-nha-rieng-duong-ngo-quyen-phuong-la-khe-15/ban-ha-ong-kdt-van-mat-thong-kinh-doanh-5t-thang-may-5m-ra-o-to-o-pr45288608
  -> Lấy được 1/6 feature chi tiết.

[DetailSpider] Đang cào (20/23): https://batdongsan.com.vn/ban-can-ho-chung-cu-phuong-kien-hung-khu-do-thi-thanh-ha-muong-thanh/gap-gap-65m-view-gia-chi-3-1-ty-pr45288309
  -> Lấy được 3/6 feature chi tiết.

[DetailSpider] Đang cào (21/23): https://batdongsan.com.vn/ban-nha-mat-pho-duong-ngo-quyen-phuong-van-phuc-1-15/ban-thi-nham-ha-ong-5-tang-mt-4-2m-dt-95m2-va-mot-ngo-pr45287377
  -> Lấy được 5/6 feature chi tiết.

[DetailSpider] Đang cào (22/23): https://batdongsan.com.vn/ban-nha-rieng-duong-tran-phu-phuong-van-quan-15/toi-chinh-chu-can-ban-gap-can-ccmn-19-phong-tai-ha-ong-100m2-mat-tien-15m-pr45275649
  -> Lấy được 6/6 feature chi tiết.

[DetailSpider] Đang cào (23/23): https://batdongsan.com.vn/ban-nha-biet-thu-lien-ke-phuong-kien-hung-khu-do-thi-thanh-ha-muong-thanh/ban-goc-154m2-24-ty-vnd-8pn-5wc-tai-o-ong-pr45245930
  -> Lấy được 5/6 feature chi tiết.

[DetailSpider] Hoàn thành. Cập nhật thành công 23/23 bài đăng.
[Sat 03/14/2026 22:05:57.06] [2/4] Dang clean du lieu... 
🔍 Đang cấu hình Database với: postgres.kkwivuufxdewurmxtsto@aws-1-ap-southeast-1.pooler.supabase.com:5432/postgres
✅ Đã kết nối thành công tới PostgreSQL.
🔄 Upsert thành công 5320 bản ghi vào 'bds_hadong'.
✅ Đã cập nhật cột legal_status và furniture thành công.
[Sat 03/14/2026 22:06:05.00] [3/4] Dang huan luyen AI tren du lieu moi... 
🔍 Đang cấu hình Database với: postgres.kkwivuufxdewurmxtsto@aws-1-ap-southeast-1.pooler.supabase.com:5432/postgres
[I 2026-03-14 22:06:35,235] A new study created in memory with name: no-name-db1c0b26-1b3f-4172-a6f3-4700b59cd225
✅ Đã kết nối thành công tới PostgreSQL.
  0%|          | 0/50 [00:00<?, ?it/s]D:\Python\realtime_estimate_tracker\venv_bds\lib\site-packages\xgboost\training.py:200: UserWarning: [22:06:35] WARNING: C:\actions-runner\_work\xgboost\xgboost\src\learner.cc:782: 
Parameters: { "devices", "task_type" } are not used.

  bst.update(dtrain, iteration=i, fobj=obj)
                                        0%|          | 0/50 [00:04<?, ?it/s]Best trial: 0. Best value: 1.94158:   0%|          | 0/50 [00:04<?, ?it/s]Best trial: 0. Best value: 1.94158:   2%|▏         | 1/50 [00:04<04:03,  4.97s/it]D:\Python\realtime_estimate_tracker\venv_bds\lib\site-packages\xgboost\training.py:200: UserWarning: [22:06:40] WARNING: C:\actions-runner\_work\xgboost\xgboost\src\learner.cc:782: 
Parameters: { "devices", "task_type" } are not used.

  bst.update(dtrain, iteration=i, fobj=obj)
                                                                                  Best trial: 0. Best value: 1.94158:   2%|▏         | 1/50 [00:06<04:03,  4.97s/it]Best trial: 0. Best value: 1.94158:   2%|▏         | 1/50 [00:06<04:03,  4.97s/it]Best trial: 0. Best value: 1.94158:   4%|▍         | 2/50 [00:06<02:30,  3.13s/it]D:\Python\realtime_estimate_tracker\venv_bds\lib\site-packages\xgboost\training.py:200: UserWarning: [22:06:42] WARNING: C:\actions-runner\_work\xgboost\xgboost\src\learner.cc:782: 
Parameters: { "devices", "task_type" } are not used.

  bst.update(dtrain, iteration=i, fobj=obj)
                                                                                  Best trial: 0. Best value: 1.94158:   4%|▍         | 2/50 [00:09<02:30,  3.13s/it]Best trial: 2. Best value: 1.94031:   4%|▍         | 2/50 [00:09<02:30,  3.13s/it]Best trial: 2. Best value: 1.94031:   6%|▌         | 3/50 [00:09<02:07,  2.70s/it]D:\Python\realtime_estimate_tracker\venv_bds\lib\site-packages\xgboost\training.py:200: UserWarning: [22:06:44] WARNING: C:\actions-runner\_work\xgboost\xgboost\src\learner.cc:782: 
Parameters: { "devices", "task_type" } are not used.

  bst.update(dtrain, iteration=i, fobj=obj)
                                                                                  Best trial: 2. Best value: 1.94031:   6%|▌         | 3/50 [00:11<02:07,  2.70s/it]Best trial: 2. Best value: 1.94031:   6%|▌         | 3/50 [00:11<02:07,  2.70s/it]Best trial: 2. Best value: 1.94031:   8%|▊         | 4/50 [00:11<02:05,  2.74s/it]D:\Python\realtime_estimate_tracker\venv_bds\lib\site-packages\xgboost\training.py:200: UserWarning: [22:06:47] WARNING: C:\actions-runner\_work\xgboost\xgboost\src\learner.cc:782: 
Parameters: { "devices", "task_type" } are not used.

  bst.update(dtrain, iteration=i, fobj=obj)
                                                                                  Best trial: 2. Best value: 1.94031:   8%|▊         | 4/50 [00:14<02:05,  2.74s/it]Best trial: 2. Best value: 1.94031:   8%|▊         | 4/50 [00:14<02:05,  2.74s/it]Best trial: 2. Best value: 1.94031:  10%|█         | 5/50 [00:14<01:57,  2.62s/it]D:\Python\realtime_estimate_tracker\venv_bds\lib\site-packages\xgboost\training.py:200: UserWarning: [22:06:49] WARNING: C:\actions-runner\_work\xgboost\xgboost\src\learner.cc:782: 
Parameters: { "devices", "task_type" } are not used.

  bst.update(dtrain, iteration=i, fobj=obj)
                                                                                  Best trial: 2. Best value: 1.94031:  10%|█         | 5/50 [00:16<01:57,  2.62s/it]Best trial: 5. Best value: 1.86337:  10%|█         | 5/50 [00:16<01:57,  2.62s/it]Best trial: 5. Best value: 1.86337:  12%|█▏        | 6/50 [00:16<01:53,  2.58s/it]D:\Python\realtime_estimate_tracker\venv_bds\lib\site-packages\xgboost\training.py:200: UserWarning: [22:06:51] WARNING: C:\actions-runner\_work\xgboost\xgboost\src\learner.cc:782: 
Parameters: { "devices", "task_type" } are not used.

  bst.update(dtrain, iteration=i, fobj=obj)
                                                                                  Best trial: 5. Best value: 1.86337:  12%|█▏        | 6/50 [00:18<01:53,  2.58s/it]Best trial: 5. Best value: 1.86337:  12%|█▏        | 6/50 [00:18<01:53,  2.58s/it]Best trial: 5. Best value: 1.86337:  14%|█▍        | 7/50 [00:18<01:44,  2.44s/it]D:\Python\realtime_estimate_tracker\venv_bds\lib\site-packages\xgboost\training.py:200: UserWarning: [22:06:54] WARNING: C:\actions-runner\_work\xgboost\xgboost\src\learner.cc:782: 
Parameters: { "devices", "task_type" } are not used.

  bst.update(dtrain, iteration=i, fobj=obj)
                                                                                  Best trial: 5. Best value: 1.86337:  14%|█▍        | 7/50 [00:21<01:44,  2.44s/it]Best trial: 5. Best value: 1.86337:  14%|█▍        | 7/50 [00:21<01:44,  2.44s/it]Best trial: 5. Best value: 1.86337:  16%|█▌        | 8/50 [00:21<01:38,  2.35s/it]D:\Python\realtime_estimate_tracker\venv_bds\lib\site-packages\xgboost\training.py:200: UserWarning: [22:06:56] WARNING: C:\actions-runner\_work\xgboost\xgboost\src\learner.cc:782: 
Parameters: { "devices", "task_type" } are not used.

  bst.update(dtrain, iteration=i, fobj=obj)
                                                                                  Best trial: 5. Best value: 1.86337:  16%|█▌        | 8/50 [00:21<01:38,  2.35s/it]Best trial: 8. Best value: 1.83193:  16%|█▌        | 8/50 [00:21<01:38,  2.35s/it]Best trial: 8. Best value: 1.83193:  18%|█▊        | 9/50 [00:21<01:18,  1.91s/it]D:\Python\realtime_estimate_tracker\venv_bds\lib\site-packages\xgboost\training.py:200: UserWarning: [22:06:57] WARNING: C:\actions-runner\_work\xgboost\xgboost\src\learner.cc:782: 
Parameters: { "devices", "task_type" } are not used.

  bst.update(dtrain, iteration=i, fobj=obj)
                                                                                  Best trial: 8. Best value: 1.83193:  18%|█▊        | 9/50 [00:24<01:18,  1.91s/it]Best trial: 8. Best value: 1.83193:  18%|█▊        | 9/50 [00:24<01:18,  1.91s/it]Best trial: 8. Best value: 1.83193:  20%|██        | 10/50 [00:24<01:28,  2.22s/it]D:\Python\realtime_estimate_tracker\venv_bds\lib\site-packages\xgboost\training.py:200: UserWarning: [22:07:00] WARNING: C:\actions-runner\_work\xgboost\xgboost\src\learner.cc:782: 
Parameters: { "devices", "task_type" } are not used.

  bst.update(dtrain, iteration=i, fobj=obj)
                                                                                   Best trial: 8. Best value: 1.83193:  20%|██        | 10/50 [00:26<01:28,  2.22s/it]Best trial: 10. Best value: 1.81086:  20%|██        | 10/50 [00:26<01:28,  2.22s/it]Best trial: 10. Best value: 1.81086:  22%|██▏       | 11/50 [00:26<01:25,  2.19s/it]D:\Python\realtime_estimate_tracker\venv_bds\lib\site-packages\xgboost\training.py:200: UserWarning: [22:07:02] WARNING: C:\actions-runner\_work\xgboost\xgboost\src\learner.cc:782: 
Parameters: { "devices", "task_type" } are not used.

  bst.update(dtrain, iteration=i, fobj=obj)
                                                                                    Best trial: 10. Best value: 1.81086:  22%|██▏       | 11/50 [00:28<01:25,  2.19s/it]Best trial: 10. Best value: 1.81086:  22%|██▏       | 11/50 [00:28<01:25,  2.19s/it]Best trial: 10. Best value: 1.81086:  24%|██▍       | 12/50 [00:28<01:19,  2.08s/it]D:\Python\realtime_estimate_tracker\venv_bds\lib\site-packages\xgboost\training.py:200: UserWarning: [22:07:04] WARNING: C:\actions-runner\_work\xgboost\xgboost\src\learner.cc:782: 
Parameters: { "devices", "task_type" } are not used.

  bst.update(dtrain, iteration=i, fobj=obj)
                                                                                    Best trial: 10. Best value: 1.81086:  24%|██▍       | 12/50 [00:30<01:19,  2.08s/it]Best trial: 12. Best value: 1.79975:  24%|██▍       | 12/50 [00:30<01:19,  2.08s/it]Best trial: 12. Best value: 1.79975:  26%|██▌       | 13/50 [00:30<01:15,  2.04s/it]D:\Python\realtime_estimate_tracker\venv_bds\lib\site-packages\xgboost\training.py:200: UserWarning: [22:07:06] WARNING: C:\actions-runner\_work\xgboost\xgboost\src\learner.cc:782: 
Parameters: { "devices", "task_type" } are not used.

  bst.update(dtrain, iteration=i, fobj=obj)
                                                                                    Best trial: 12. Best value: 1.79975:  26%|██▌       | 13/50 [00:34<01:15,  2.04s/it]Best trial: 12. Best value: 1.79975:  26%|██▌       | 13/50 [00:34<01:15,  2.04s/it]Best trial: 12. Best value: 1.79975:  28%|██▊       | 14/50 [00:34<01:27,  2.42s/it]D:\Python\realtime_estimate_tracker\venv_bds\lib\site-packages\xgboost\training.py:200: UserWarning: [22:07:09] WARNING: C:\actions-runner\_work\xgboost\xgboost\src\learner.cc:782: 
Parameters: { "devices", "task_type" } are not used.

  bst.update(dtrain, iteration=i, fobj=obj)
                                                                                    Best trial: 12. Best value: 1.79975:  28%|██▊       | 14/50 [00:36<01:27,  2.42s/it]Best trial: 12. Best value: 1.79975:  28%|██▊       | 14/50 [00:36<01:27,  2.42s/it]Best trial: 12. Best value: 1.79975:  30%|███       | 15/50 [00:36<01:27,  2.50s/it]D:\Python\realtime_estimate_tracker\venv_bds\lib\site-packages\xgboost\training.py:200: UserWarning: [22:07:12] WARNING: C:\actions-runner\_work\xgboost\xgboost\src\learner.cc:782: 
Parameters: { "devices", "task_type" } are not used.

  bst.update(dtrain, iteration=i, fobj=obj)
                                                                                    Best trial: 12. Best value: 1.79975:  30%|███       | 15/50 [00:39<01:27,  2.50s/it]Best trial: 12. Best value: 1.79975:  30%|███       | 15/50 [00:39<01:27,  2.50s/it]Best trial: 12. Best value: 1.79975:  32%|███▏      | 16/50 [00:39<01:24,  2.50s/it]D:\Python\realtime_estimate_tracker\venv_bds\lib\site-packages\xgboost\training.py:200: UserWarning: [22:07:14] WARNING: C:\actions-runner\_work\xgboost\xgboost\src\learner.cc:782: 
Parameters: { "devices", "task_type" } are not used.

  bst.update(dtrain, iteration=i, fobj=obj)
                                                                                    Best trial: 12. Best value: 1.79975:  32%|███▏      | 16/50 [00:43<01:24,  2.50s/it]Best trial: 12. Best value: 1.79975:  32%|███▏      | 16/50 [00:43<01:24,  2.50s/it]Best trial: 12. Best value: 1.79975:  34%|███▍      | 17/50 [00:43<01:42,  3.09s/it]D:\Python\realtime_estimate_tracker\venv_bds\lib\site-packages\xgboost\training.py:200: UserWarning: [22:07:19] WARNING: C:\actions-runner\_work\xgboost\xgboost\src\learner.cc:782: 
Parameters: { "devices", "task_type" } are not used.

  bst.update(dtrain, iteration=i, fobj=obj)
                                                                                    Best trial: 12. Best value: 1.79975:  34%|███▍      | 17/50 [00:46<01:42,  3.09s/it]Best trial: 12. Best value: 1.79975:  34%|███▍      | 17/50 [00:46<01:42,  3.09s/it]Best trial: 12. Best value: 1.79975:  36%|███▌      | 18/50 [00:46<01:36,  3.02s/it]D:\Python\realtime_estimate_tracker\venv_bds\lib\site-packages\xgboost\training.py:200: UserWarning: [22:07:21] WARNING: C:\actions-runner\_work\xgboost\xgboost\src\learner.cc:782: 
Parameters: { "devices", "task_type" } are not used.

  bst.update(dtrain, iteration=i, fobj=obj)
                                                                                    Best trial: 12. Best value: 1.79975:  36%|███▌      | 18/50 [00:48<01:36,  3.02s/it]Best trial: 12. Best value: 1.79975:  36%|███▌      | 18/50 [00:48<01:36,  3.02s/it]Best trial: 12. Best value: 1.79975:  38%|███▊      | 19/50 [00:48<01:19,  2.56s/it]D:\Python\realtime_estimate_tracker\venv_bds\lib\site-packages\xgboost\training.py:200: UserWarning: [22:07:23] WARNING: C:\actions-runner\_work\xgboost\xgboost\src\learner.cc:782: 
Parameters: { "devices", "task_type" } are not used.

  bst.update(dtrain, iteration=i, fobj=obj)
                                                                                    Best trial: 12. Best value: 1.79975:  38%|███▊      | 19/50 [00:50<01:19,  2.56s/it]Best trial: 12. Best value: 1.79975:  38%|███▊      | 19/50 [00:50<01:19,  2.56s/it]Best trial: 12. Best value: 1.79975:  40%|████      | 20/50 [00:50<01:18,  2.60s/it]D:\Python\realtime_estimate_tracker\venv_bds\lib\site-packages\xgboost\training.py:200: UserWarning: [22:07:26] WARNING: C:\actions-runner\_work\xgboost\xgboost\src\learner.cc:782: 
Parameters: { "devices", "task_type" } are not used.

  bst.update(dtrain, iteration=i, fobj=obj)
                                                                                    Best trial: 12. Best value: 1.79975:  40%|████      | 20/50 [00:51<01:18,  2.60s/it]Best trial: 12. Best value: 1.79975:  40%|████      | 20/50 [00:51<01:18,  2.60s/it]Best trial: 12. Best value: 1.79975:  42%|████▏     | 21/50 [00:51<01:02,  2.14s/it]D:\Python\realtime_estimate_tracker\venv_bds\lib\site-packages\xgboost\training.py:200: UserWarning: [22:07:27] WARNING: C:\actions-runner\_work\xgboost\xgboost\src\learner.cc:782: 
Parameters: { "devices", "task_type" } are not used.

  bst.update(dtrain, iteration=i, fobj=obj)
                                                                                    Best trial: 12. Best value: 1.79975:  42%|████▏     | 21/50 [00:53<01:02,  2.14s/it]Best trial: 12. Best value: 1.79975:  42%|████▏     | 21/50 [00:53<01:02,  2.14s/it]Best trial: 12. Best value: 1.79975:  44%|████▍     | 22/50 [00:53<00:56,  2.02s/it]D:\Python\realtime_estimate_tracker\venv_bds\lib\site-packages\xgboost\training.py:200: UserWarning: [22:07:28] WARNING: C:\actions-runner\_work\xgboost\xgboost\src\learner.cc:782: 
Parameters: { "devices", "task_type" } are not used.

  bst.update(dtrain, iteration=i, fobj=obj)
                                                                                    Best trial: 12. Best value: 1.79975:  44%|████▍     | 22/50 [00:55<00:56,  2.02s/it]Best trial: 12. Best value: 1.79975:  44%|████▍     | 22/50 [00:55<00:56,  2.02s/it]Best trial: 12. Best value: 1.79975:  46%|████▌     | 23/50 [00:55<00:54,  2.02s/it]D:\Python\realtime_estimate_tracker\venv_bds\lib\site-packages\xgboost\training.py:200: UserWarning: [22:07:30] WARNING: C:\action