[I 2026-04-09 22:04:55,498] Trial 0 finished with value: 1.8123137776992517 and parameters: {'n_estimators': 1491, 'learning_rate': 0.00854147051450998, 'max_depth': 11, 'subsample': 0.7225119219974409, 'colsample_bytree': 0.6796043935426602, 'min_child_weight': 3}. Best is trial 0 with value: 1.8123137776992517.
[I 2026-04-09 22:04:57,698] Trial 1 finished with value: 1.8085394658483367 and parameters: {'n_estimators': 587, 'learning_rate': 0.018812044550214766, 'max_depth': 10, 'subsample': 0.6968397772071179, 'colsample_bytree': 0.8736028323120835, 'min_child_weight': 7}. Best is trial 1 with value: 1.8085394658483367.
[I 2026-04-09 22:05:04,137] Trial 2 finished with value: 1.8659122272191908 and parameters: {'n_estimators': 1441, 'learning_rate': 0.03936075361416123, 'max_depth': 14, 'subsample': 0.828495575354848, 'colsample_bytree': 0.7160074340116327, 'min_child_weight': 7}. Best is trial 1 with value: 1.8085394658483367.
[I 2026-04-09 22:05:08,669] Trial 3 finished with value: 1.7744794614143944 and parameters: {'n_estimators': 1493, 'learning_rate': 0.013024278470488523, 'max_depth': 8, 'subsample': 0.6907273583597839, 'colsample_bytree': 0.8960834841742993, 'min_child_weight': 2}. Best is trial 3 with value: 1.7744794614143944.
[I 2026-04-09 22:05:12,231] Trial 4 finished with value: 1.8868030945331224 and parameters: {'n_estimators': 645, 'learning_rate': 0.010416108946251923, 'max_depth': 13, 'subsample': 0.6943437704510081, 'colsample_bytree': 0.6850311313680609, 'min_child_weight': 5}. Best is trial 3 with value: 1.7744794614143944.
[I 2026-04-09 22:05:13,761] Trial 5 finished with value: 1.8222556158446919 and parameters: {'n_estimators': 429, 'learning_rate': 0.047783330895524716, 'max_depth': 9, 'subsample': 0.82067078706191, 'colsample_bytree': 0.9104273115742638, 'min_child_weight': 9}. Best is trial 3 with value: 1.7744794614143944.
[I 2026-04-09 22:05:16,508] Trial 6 finished with value: 1.8327688621524623 and parameters: {'n_estimators': 1102, 'learning_rate': 0.04954706986958512, 'max_depth': 7, 'subsample': 0.74073264175372, 'colsample_bytree': 0.9009036845399212, 'min_child_weight': 4}. Best is trial 3 with value: 1.7744794614143944.
[I 2026-04-09 22:05:19,773] Trial 7 finished with value: 1.920752414966518 and parameters: {'n_estimators': 945, 'learning_rate': 0.007846361872977763, 'max_depth': 12, 'subsample': 0.707249228687528, 'colsample_bytree': 0.664131637625069, 'min_child_weight': 8}. Best is trial 3 with value: 1.7744794614143944.
[I 2026-04-09 22:05:21,199] Trial 8 finished with value: 1.8567930007712816 and parameters: {'n_estimators': 347, 'learning_rate': 0.06094732706461801, 'max_depth': 15, 'subsample': 0.7216391932712635, 'colsample_bytree': 0.6800235000416108, 'min_child_weight': 5}. Best is trial 3 with value: 1.7744794614143944.
[I 2026-04-09 22:05:24,681] Trial 9 finished with value: 1.763816551269546 and parameters: {'n_estimators': 983, 'learning_rate': 0.04644894329259835, 'max_depth': 14, 'subsample': 0.7319347273030432, 'colsample_bytree': 0.9810141921522818, 'min_child_weight': 7}. Best is trial 9 with value: 1.763816551269546.
[I 2026-04-09 22:05:27,319] Trial 10 finished with value: 1.9611489043393986 and parameters: {'n_estimators': 1165, 'learning_rate': 0.09379525832001988, 'max_depth': 5, 'subsample': 0.9333065419869067, 'colsample_bytree': 0.9988779740547138, 'min_child_weight': 10}. Best is trial 9 with value: 1.763816551269546.
[I 2026-04-09 22:05:30,377] Trial 11 finished with value: 1.746572138118234 and parameters: {'n_estimators': 1209, 'learning_rate': 0.02046587138938575, 'max_depth': 8, 'subsample': 0.6005727076589137, 'colsample_bytree': 0.999470236203191, 'min_child_weight': 1}. Best is trial 11 with value: 1.746572138118234.
[I 2026-04-09 22:05:32,933] Trial 12 finished with value: 1.8809376109998537 and parameters: {'n_estimators': 1201, 'learning_rate': 0.026674316062233545, 'max_depth': 6, 'subsample': 0.6036933562008889, 'colsample_bytree': 0.9969464463152996, 'min_child_weight': 2}. Best is trial 11 with value: 1.746572138118234.
[I 2026-04-09 22:05:35,548] Trial 13 finished with value: 1.9102749447578424 and parameters: {'n_estimators': 837, 'learning_rate': 0.005176730568942671, 'max_depth': 9, 'subsample': 0.6449915473924062, 'colsample_bytree': 0.8039477463941974, 'min_child_weight': 1}. Best is trial 11 with value: 1.746572138118234.
[I 2026-04-09 22:05:38,448] Trial 14 finished with value: 1.7913117127146776 and parameters: {'n_estimators': 943, 'learning_rate': 0.02254640458830279, 'max_depth': 11, 'subsample': 0.8785905333496034, 'colsample_bytree': 0.9546270372851582, 'min_child_weight': 6}. Best is trial 11 with value: 1.746572138118234.
[I 2026-04-09 22:05:43,396] Trial 15 finished with value: 1.821700947784426 and parameters: {'n_estimators': 1285, 'learning_rate': 0.08795788827608565, 'max_depth': 15, 'subsample': 0.6044049278249543, 'colsample_bytree': 0.802703120072181, 'min_child_weight': 4}. Best is trial 11 with value: 1.746572138118234.
[I 2026-04-09 22:05:45,347] Trial 16 finished with value: 1.9405342777485992 and parameters: {'n_estimators': 821, 'learning_rate': 0.027370995212979327, 'max_depth': 7, 'subsample': 0.9965855277182325, 'colsample_bytree': 0.6072670473569239, 'min_child_weight': 7}. Best is trial 11 with value: 1.746572138118234.
[I 2026-04-09 22:05:51,188] Trial 17 finished with value: 1.6494833422353659 and parameters: {'n_estimators': 1038, 'learning_rate': 0.017252091912256573, 'max_depth': 13, 'subsample': 0.7691981786099137, 'colsample_bytree': 0.9515315481750786, 'min_child_weight': 1}. Best is trial 17 with value: 1.6494833422353659.
[I 2026-04-09 22:05:56,976] Trial 18 finished with value: 1.6423983026157927 and parameters: {'n_estimators': 1069, 'learning_rate': 0.015853819018832933, 'max_depth': 12, 'subsample': 0.7899415233371635, 'colsample_bytree': 0.948669712669029, 'min_child_weight': 1}. Best is trial 18 with value: 1.6423983026157927.
[I 2026-04-09 22:06:00,410] Trial 19 finished with value: 1.70526028267737 and parameters: {'n_estimators': 748, 'learning_rate': 0.015135644469744454, 'max_depth': 12, 'subsample': 0.7772804870887887, 'colsample_bytree': 0.8461671659723109, 'min_child_weight': 2}. Best is trial 18 with value: 1.6423983026157927.
[I 2026-04-09 22:06:05,263] Trial 20 finished with value: 1.7136899246565824 and parameters: {'n_estimators': 1081, 'learning_rate': 0.014344430623766094, 'max_depth': 13, 'subsample': 0.8682434770429125, 'colsample_bytree': 0.9424137366846872, 'min_child_weight': 3}. Best is trial 18 with value: 1.6423983026157927.
[I 2026-04-09 22:06:08,462] Trial 21 finished with value: 1.6879595042226387 and parameters: {'n_estimators': 725, 'learning_rate': 0.015929030892909223, 'max_depth': 12, 'subsample': 0.7760036835775858, 'colsample_bytree': 0.8414955580879546, 'min_child_weight': 1}. Best is trial 18 with value: 1.6423983026157927.
[I 2026-04-09 22:06:11,353] Trial 22 finished with value: 1.7427525951345395 and parameters: {'n_estimators': 688, 'learning_rate': 0.030941196363324645, 'max_depth': 12, 'subsample': 0.7850776319324541, 'colsample_bytree': 0.755669807672299, 'min_child_weight': 1}. Best is trial 18 with value: 1.6423983026157927.
[I 2026-04-09 22:06:13,942] Trial 23 finished with value: 1.7627201513923716 and parameters: {'n_estimators': 562, 'learning_rate': 0.011035038585678558, 'max_depth': 13, 'subsample': 0.7661657866526107, 'colsample_bytree': 0.8401693151212783, 'min_child_weight': 3}. Best is trial 18 with value: 1.6423983026157927.
[I 2026-04-09 22:06:17,766] Trial 24 finished with value: 1.6628745740014779 and parameters: {'n_estimators': 1040, 'learning_rate': 0.018741788774325596, 'max_depth': 11, 'subsample': 0.844906632928948, 'colsample_bytree': 0.9422236247908984, 'min_child_weight': 1}. Best is trial 18 with value: 1.6423983026157927.
[I 2026-04-09 22:06:22,668] Trial 25 finished with value: 1.6868143615264581 and parameters: {'n_estimators': 1350, 'learning_rate': 0.017785806948759437, 'max_depth': 11, 'subsample': 0.8578275951620891, 'colsample_bytree': 0.9421712236943406, 'min_child_weight': 2}. Best is trial 18 with value: 1.6423983026157927.
[I 2026-04-09 22:06:26,384] Trial 26 finished with value: 1.7239108016631013 and parameters: {'n_estimators': 1038, 'learning_rate': 0.006883011707409021, 'max_depth': 10, 'subsample': 0.826195570387951, 'colsample_bytree': 0.9259860666160992, 'min_child_weight': 1}. Best is trial 18 with value: 1.6423983026157927.
[I 2026-04-09 22:06:30,470] Trial 27 finished with value: 1.7510025242031462 and parameters: {'n_estimators': 861, 'learning_rate': 0.010740347493447355, 'max_depth': 14, 'subsample': 0.9089757136108714, 'colsample_bytree': 0.8710710029663407, 'min_child_weight': 4}. Best is trial 18 with value: 1.6423983026157927.
[I 2026-04-09 22:06:35,234] Trial 28 finished with value: 1.7043697628501073 and parameters: {'n_estimators': 1301, 'learning_rate': 0.03293120323801494, 'max_depth': 10, 'subsample': 0.8074586253784339, 'colsample_bytree': 0.9689291406869546, 'min_child_weight': 2}. Best is trial 18 with value: 1.6423983026157927.
[I 2026-04-09 22:06:39,093] Trial 29 finished with value: 1.7172510710239042 and parameters: {'n_estimators': 1040, 'learning_rate': 0.023275257519412455, 'max_depth': 11, 'subsample': 0.9293853553305225, 'colsample_bytree': 0.9314332920828645, 'min_child_weight': 3}. Best is trial 18 with value: 1.6423983026157927.
[I 2026-04-09 22:06:44,359] Trial 30 finished with value: 1.7285314588062137 and parameters: {'n_estimators': 1128, 'learning_rate': 0.00923246687017303, 'max_depth': 13, 'subsample': 0.7525420574804449, 'colsample_bytree': 0.8765187789067992, 'min_child_weight': 3}. Best is trial 18 with value: 1.6423983026157927.
[I 2026-04-09 22:06:49,537] Trial 31 finished with value: 1.663338548160656 and parameters: {'n_estimators': 1382, 'learning_rate': 0.01949520578814263, 'max_depth': 11, 'subsample': 0.8522394873795021, 'colsample_bytree': 0.9585029244646602, 'min_child_weight': 2}. Best is trial 18 with value: 1.6423983026157927.
[I 2026-04-09 22:06:55,687] Trial 32 finished with value: 1.6577162454367944 and parameters: {'n_estimators': 1399, 'learning_rate': 0.012557783977768666, 'max_depth': 11, 'subsample': 0.8405143841846519, 'colsample_bytree': 0.9632107295368582, 'min_child_weight': 1}. Best is trial 18 with value: 1.6423983026157927.
[I 2026-04-09 22:07:01,595] Trial 33 finished with value: 1.6983029291558045 and parameters: {'n_estimators': 1244, 'learning_rate': 0.013414197952998998, 'max_depth': 10, 'subsample': 0.8048342299356405, 'colsample_bytree': 0.9206645464558962, 'min_child_weight': 1}. Best is trial 18 with value: 1.6423983026157927.
[I 2026-04-09 22:07:09,532] Trial 34 finished with value: 1.6473480288902496 and parameters: {'n_estimators': 1414, 'learning_rate': 0.01201779196175116, 'max_depth': 12, 'subsample': 0.89801376701172, 'colsample_bytree': 0.971447077332456, 'min_child_weight': 1}. Best is trial 18 with value: 1.6423983026157927.
[I 2026-04-09 22:07:16,474] Trial 35 finished with value: 1.6641464073256944 and parameters: {'n_estimators': 1428, 'learning_rate': 0.011663332925409057, 'max_depth': 12, 'subsample': 0.8910947686860804, 'colsample_bytree': 0.9704816807315891, 'min_child_weight': 2}. Best is trial 18 with value: 1.6423983026157927.
[I 2026-04-09 22:07:26,995] Trial 36 finished with value: 1.6617593340816164 and parameters: {'n_estimators': 1440, 'learning_rate': 0.008446999002591916, 'max_depth': 14, 'subsample': 0.975733437172633, 'colsample_bytree': 0.8885716270075891, 'min_child_weight': 1}. Best is trial 18 with value: 1.6423983026157927.
[I 2026-04-09 22:07:33,965] Trial 37 finished with value: 1.763327834124051 and parameters: {'n_estimators': 1490, 'learning_rate': 0.015709872953177863, 'max_depth': 13, 'subsample': 0.8988944777246342, 'colsample_bytree': 0.9772086024507832, 'min_child_weight': 4}. Best is trial 18 with value: 1.6423983026157927.
[I 2026-04-09 22:07:41,266] Trial 38 finished with value: 1.6974035602457151 and parameters: {'n_estimators': 1308, 'learning_rate': 0.00608124308138838, 'max_depth': 12, 'subsample': 0.8310264700369645, 'colsample_bytree': 0.9058325323654106, 'min_child_weight': 2}. Best is trial 18 with value: 1.6423983026157927.
[I 2026-04-09 22:07:46,431] Trial 39 finished with value: 1.7914963839186038 and parameters: {'n_estimators': 1360, 'learning_rate': 0.012587580675879312, 'max_depth': 9, 'subsample': 0.6646059997713609, 'colsample_bytree': 0.7685857368246607, 'min_child_weight': 3}. Best is trial 18 with value: 1.6423983026157927.
[I 2026-04-09 22:07:52,520] Trial 40 finished with value: 1.7840645512022617 and parameters: {'n_estimators': 1241, 'learning_rate': 0.008691543955599776, 'max_depth': 13, 'subsample': 0.7963841176397519, 'colsample_bytree': 0.9061644551825568, 'min_child_weight': 6}. Best is trial 18 with value: 1.6423983026157927.
[I 2026-04-09 22:08:01,481] Trial 41 finished with value: 1.6472669375879685 and parameters: {'n_estimators': 1497, 'learning_rate': 0.009592179151145453, 'max_depth': 14, 'subsample': 0.9693809482236831, 'colsample_bytree': 0.8840777129791939, 'min_child_weight': 1}. Best is trial 18 with value: 1.6423983026157927.
[I 2026-04-09 22:08:11,263] Trial 42 finished with value: 1.6519725990181091 and parameters: {'n_estimators': 1473, 'learning_rate': 0.009878447468295479, 'max_depth': 15, 'subsample': 0.9453958619098012, 'colsample_bytree': 0.8637122917444806, 'min_child_weight': 1}. Best is trial 18 with value: 1.6423983026157927.
[I 2026-04-09 22:08:19,759] Trial 43 finished with value: 1.6606819433534956 and parameters: {'n_estimators': 1479, 'learning_rate': 0.009883133361059481, 'max_depth': 15, 'subsample': 0.9504899267932322, 'colsample_bytree': 0.8699110108691196, 'min_child_weight': 2}. Best is trial 18 with value: 1.6423983026157927.
[I 2026-04-09 22:08:28,156] Trial 44 finished with value: 1.6969343158191421 and parameters: {'n_estimators': 1145, 'learning_rate': 0.0069229227291397665, 'max_depth': 14, 'subsample': 0.9646605975284993, 'colsample_bytree': 0.8265499590140388, 'min_child_weight': 1}. Best is trial 18 with value: 1.6423983026157927.
[I 2026-04-09 22:08:37,917] Trial 45 finished with value: 1.6757192072797915 and parameters: {'n_estimators': 1491, 'learning_rate': 0.009697928281182695, 'max_depth': 15, 'subsample': 0.9987879764125644, 'colsample_bytree': 0.8917443599916886, 'min_child_weight': 2}. Best is trial 18 with value: 1.6423983026157927.
[I 2026-04-09 22:08:47,982] Trial 46 finished with value: 1.6722414302132116 and parameters: {'n_estimators': 1350, 'learning_rate': 0.007591226403823857, 'max_depth': 14, 'subsample': 0.9326384791754269, 'colsample_bytree': 0.85703435576064, 'min_child_weight': 1}. Best is trial 18 with value: 1.6423983026157927.
[I 2026-04-09 22:08:54,875] Trial 47 finished with value: 1.7986983942572925 and parameters: {'n_estimators': 1422, 'learning_rate': 0.011530866946454983, 'max_depth': 14, 'subsample': 0.9134797108650423, 'colsample_bytree': 0.819100725270357, 'min_child_weight': 10}. Best is trial 18 with value: 1.6423983026157927.
[I 2026-04-09 22:08:59,547] Trial 48 finished with value: 1.7917684942370895 and parameters: {'n_estimators': 934, 'learning_rate': 0.017431812793607768, 'max_depth': 15, 'subsample': 0.9709737595785448, 'colsample_bytree': 0.9188509287013009, 'min_child_weight': 9}. Best is trial 18 with value: 1.6423983026157927.
