[I 2026-03-22 12:47:44,296] Trial 49 finished with value: 1.8515560056671938 and parameters: {'n_estimators': 303, 'learning_rate': 0.015025134137956636, 'max_depth': 12, 'subsample': 0.7391470729678931, 'colsample_bytree': 0.8646589811140568, 'min_child_weight': 2}. Best is trial 13 with value: 1.7245505542253106.
✅ Tham số tối ưu nhất từ Optuna: {'n_estimators': 1280, 'learning_rate': 0.0319188585197219, 'max_depth': 12, 'subsample': 0.7402919746629804, 'colsample_bytree': 0.886899736707296, 'min_child_weight': 1}
MAE của mô hình XGBoost: 1.7646
R² của mô hình XGBoost: 0.9247
🥊 Đang so sánh... Champion MAE: 1.6245 vs Challenger MAE: 1.7646
🛡️ Champion bảo vệ ngôi vương. Giữ nguyên mô hình cũ.
[Sun 03/22/2026 12:47:51.52] [4/4] Dang dong bo AI Model (qua LFS) len GitHub... 
[main 065cbf5] Auto-update AI Model: Sun 03/22/2026 12:47:51.84
 2 files changed, 268 insertions(+)
remote: This repository moved. Please use the new location:        
remote:   https://github.com/HieuNT316/hanoi-house-price-prediction.git        
To https://github.com/Alexus143/hanoi-house-price-prediction.git
   e19d4e1..065cbf5  main -> main
========================================= 
[Sun 03/22/2026 22:00:02.35] [1/4] Dang cao chi tiet BĐS... 
🔍 Đang cấu hình Database với: postgres.kkwivuufxdewurmxtsto@aws-1-ap-southeast-1.pooler.supabase.com:5432/postgres

[DetailSpider] Khởi động luồng làm giàu dữ liệu (Limit: 50 bài/lượt)...
✅ Đã kết nối thành công tới PostgreSQL.
[Browser] Đang khởi tạo trình duyệt...
[Browser] Phát hiện Chrome (Windows): Version 139

[DetailSpider] Đang cào (1/15): https://batdongsan.com.vn/ban-nha-rieng-phuong-ha-cau/ban-phan-lo-via-he-o-to-tranh-sat-le-hong-phong-ong-kinh-doanh-35m-chi-10-ty-pr45361068
  -> Lấy được 5/6 feature chi tiết.

[DetailSpider] Đang cào (2/15): https://batdongsan.com.vn/ban-nha-rieng-phuong-ha-cau/ban-phan-lo-ngo-thi-nham-ong-o-to-tranh-kinh-doanh-35m-chi-10-ty-pr45361207
  -> Lấy được 5/6 feature chi tiết.

[DetailSpider] Đang cào (3/15): https://batdongsan.com.vn/ban-nha-mat-pho-pho-ly-thuong-kiet-phuong-kien-hung-15/chinh-chu-ung-ten-toi-ban-can-ha-ong-36m2-mt-3-6-pr45367800
  -> Lấy được 4/6 feature chi tiết.

[DetailSpider] Đang cào (4/15): https://batdongsan.com.vn/ban-can-ho-chung-cu-duong-tran-phu-phuong-van-quan-grand-sunlake/ban-92m-5-ty-du-an-dong-tien-theo-tien-do-pr42741599
  -> Lấy được 2/6 feature chi tiết.

[DetailSpider] Đang cào (5/15): https://batdongsan.com.vn/ban-nha-biet-thu-lien-ke-duong-le-trong-tan-phuong-duong-noi-khu-do-thi-geleximco-le-trong-tan/chinh-chu-can-ban-can-lo-goc-vip-d-gleximco-ha-ong-mr-duy-098681999-pr45368937
  -> Lấy được 4/6 feature chi tiết.

[DetailSpider] Đang cào (6/15): https://batdongsan.com.vn/ban-dat-phuong-duong-noi/em-co-tren-duoi-20-lo-dich-vu-ha-dong-chu-can-thanh-khoan-gap-gia-chi-9ty-hon-pr43651962
  -> Lấy được 3/6 feature chi tiết.

[DetailSpider] Đang cào (7/15): https://batdongsan.com.vn/ban-nha-biet-thu-lien-ke-phuong-phu-la-khu-do-thi-moi-van-phu/phong-ban-hang-k-t-lk-tt-bt-tu-70m2-250m2-vi-tri-ep-kd-gia-t-chi-18-5-ty-lhcc-pr45360757
  -> Lấy được 4/6 feature chi tiết.

[DetailSpider] Đang cào (8/15): https://batdongsan.com.vn/ban-can-ho-chung-cu-phuong-kien-hung-khu-do-thi-thanh-ha-muong-thanh/ban-72m2-full-noi-that-ban-cong-nam-mat-me-anh-that-100-pr45369034
  -> Lấy được 3/6 feature chi tiết.

[DetailSpider] Đang cào (9/15): https://batdongsan.com.vn/ban-nha-biet-thu-lien-ke-duong-van-phu-phuong-phu-la-khu-do-thi-moi-van-phu/ban-truc-24m-va-19-5m-via-he-6m-kinh-doanh-dinh-11-5-ty-pr36837724
  -> Lấy được 0/6 feature chi tiết.

[DetailSpider] Đang cào (10/15): https://batdongsan.com.vn/ban-nha-rieng-duong-ba-la-phuong-kien-hung-15/sieu-pham-toa-van-phong-7-tang-thang-may-khu-au-gia-ha-ong-kinh-doanh-dan-xay-ep-pr45366352
  -> Lấy được 2/6 feature chi tiết.

[DetailSpider] Đang cào (11/15): https://batdongsan.com.vn/ban-nha-rieng-duong-le-trong-tan-phuong-la-khe-15/ep-59m-lo-goc-2-thoang-gara-o-to-thang-may-o-suong-ngay-trung-tam-ha-on-pr45364098
  -> Lấy được 5/6 feature chi tiết.

[DetailSpider] Đang cào (12/15): https://batdongsan.com.vn/ban-can-ho-chung-cu-phuong-kien-hung-khu-do-thi-thanh-ha-muong-thanh/ban-80-m2-tk-2-phong-ngu-2-wc-goc-view-chi-nhinh-4-2xx-pr45362678
  -> Lấy được 2/6 feature chi tiết.

[DetailSpider] Đang cào (13/15): https://batdongsan.com.vn/ban-nha-rieng-duong-tran-phu-phuong-van-quan-15/nhinh-8ty-ban-4-tang-33m2-view-chung-cu-oto-o-ngay-sat-ga-tau-ien-pr45362416
  -> Lấy được 3/6 feature chi tiết.

[DetailSpider] Đang cào (14/15): https://batdongsan.com.vn/ban-dat-pho-ly-thuong-kiet-phuong-ha-cau-15/ban-manh-at-ong-ngay-canh-quan-uy-melinhplaza-gia-hon-11-ty-pr45361127
  -> Lấy được 1/6 feature chi tiết.

[DetailSpider] Đang cào (15/15): https://batdongsan.com.vn/ban-nha-rieng-pho-ly-thuong-kiet-phuong-ha-cau-15/giam-1-ty-131-36m-c4-via-he-o-to-tranh-trung-tam-ong-chi-11-8-ty-pr45360929
  -> Lấy được 5/6 feature chi tiết.

[DetailSpider] Hoàn thành. Cập nhật thành công 15/15 bài đăng.
[Sun 03/22/2026 22:04:01.37] [2/4] Dang clean du lieu... 
🔍 Đang cấu hình Database với: postgres.kkwivuufxdewurmxtsto@aws-1-ap-southeast-1.pooler.supabase.com:5432/postgres
✅ Đã kết nối thành công tới PostgreSQL.
🔄 Upsert thành công 5431 bản ghi vào 'bds_hadong'.
✅ Đã cập nhật cột legal_status và furniture thành công.
[Sun 03/22/2026 22:04:07.85] [3/4] Dang huan luyen AI tren du lieu moi... 
🔍 Đang cấu hình Database với: postgres.kkwivuufxdewurmxtsto@aws-1-ap-southeast-1.pooler.supabase.com:5432/postgres
[I 2026-03-22 22:04:40,309] A new study created in memory with name: no-name-433572e2-d074-4bc2-a112-a40c21f67a2b
✅ Đã kết nối thành công tới PostgreSQL.
  0%|          | 0/50 [00:00<?, ?it/s]D:\Python\realtime_estimate_tracker\venv_bds\lib\site-packages\xgboost\training.py:200: UserWarning: [22:04:40] WARNING: C:\actions-runner\_work\xgboost\xgboost\src\learner.cc:782: 
Parameters: { "devices", "task_type" } are not used.

  bst.update(dtrain, iteration=i, fobj=obj)
                                        0%|          | 0/50 [00:03<?, ?it/s]Best trial: 0. Best value: 1.86181:   0%|          | 0/50 [00:03<?, ?it/s]Best trial: 0. Best value: 1.86181:   2%|▏         | 1/50 [00:03<02:35,  3.17s/it]D:\Python\realtime_estimate_tracker\venv_bds\lib\site-packages\xgboost\training.py:200: UserWarning: [22:04:43] WARNING: C:\actions-runner\_work\xgboost\xgboost\src\learner.cc:782: 
Parameters: { "devices", "task_type" } are not used.

  bst.update(dtrain, iteration=i, fobj=obj)
                                                                                  Best trial: 0. Best value: 1.86181:   2%|▏         | 1/50 [00:05<02:35,  3.17s/it]Best trial: 1. Best value: 1.77732:   2%|▏         | 1/50 [00:05<02:35,  3.17s/it]Best trial: 1. Best value: 1.77732:   4%|▍         | 2/50 [00:05<02:06,  2.63s/it]D:\Python\realtime_estimate_tracker\venv_bds\lib\site-packages\xgboost\training.py:200: UserWarning: [22:04:45] WARNING: C:\actions-runner\_work\xgboost\xgboost\src\learner.cc:782: 
Parameters: { "devices", "task_type" } are not used.

  bst.update(dtrain, iteration=i, fobj=obj)
                                                                                  Best trial: 1. Best value: 1.77732:   4%|▍         | 2/50 [00:11<02:06,  2.63s/it]Best trial: 2. Best value: 1.7058:   4%|▍         | 2/50 [00:11<02:06,  2.63s/it] Best trial: 2. Best value: 1.7058:   6%|▌         | 3/50 [00:11<03:16,  4.18s/it]D:\Python\realtime_estimate_tracker\venv_bds\lib\site-packages\xgboost\training.py:200: UserWarning: [22:04:51] WARNING: C:\actions-runner\_work\xgboost\xgboost\src\learner.cc:782: 
Parameters: { "devices", "task_type" } are not used.

  bst.update(dtrain, iteration=i, fobj=obj)
                                                                                 Best trial: 2. Best value: 1.7058:   6%|▌         | 3/50 [00:13<03:16,  4.18s/it]Best trial: 2. Best value: 1.7058:   6%|▌         | 3/50 [00:13<03:16,  4.18s/it]Best trial: 2. Best value: 1.7058:   8%|▊         | 4/50 [00:13<02:37,  3.42s/it]D:\Python\realtime_estimate_tracker\venv_bds\lib\site-packages\xgboost\training.py:200: UserWarning: [22:04:54] WARNING: C:\actions-runner\_work\xgboost\xgboost\src\learner.cc:782: 
Parameters: { "devices", "task_type" } are not used.

  bst.update(dtrain, iteration=i, fobj=obj)
                                                                                 Best trial: 2. Best value: 1.7058:   8%|▊         | 4/50 [00:14<02:37,  3.42s/it]Best trial: 2. Best value: 1.7058:   8%|▊         | 4/50 [00:14<02:37,  3.42s/it]Best trial: 2. Best value: 1.7058:  10%|█         | 5/50 [00:14<01:54,  2.54s/it]D:\Python\realtime_estimate_tracker\venv_bds\lib\site-packages\xgboost\training.py:200: UserWarning: [22:04:55] WARNING: C:\actions-runner\_work\xgboost\xgboost\src\learner.cc:782: 
Parameters: { "devices", "task_type" } are not used.

  bst.update(dtrain, iteration=i, fobj=obj)
                                                                                 Best trial: 2. Best value: 1.7058:  10%|█         | 5/50 [00:18<01:54,  2.54s/it]Best trial: 2. Best value: 1.7058:  10%|█         | 5/50 [00:18<01:54,  2.54s/it]Best trial: 2. Best value: 1.7058:  12%|█▏        | 6/50 [00:18<02:09,  2.95s/it]D:\Python\realtime_estimate_tracker\venv_bds\lib\site-packages\xgboost\training.py:200: UserWarning: [22:04:58] WARNING: C:\actions-runner\_work\xgboost\xgboost\src\learner.cc:782: 
Parameters: { "devices", "task_type" } are not used.

  bst.update(dtrain, iteration=i, fobj=obj)
                                                                                 Best trial: 2. Best value: 1.7058:  12%|█▏        | 6/50 [00:19<02:09,  2.95s/it]Best trial: 2. Best value: 1.7058:  12%|█▏        | 6/50 [00:19<02:09,  2.95s/it]Best trial: 2. Best value: 1.7058:  14%|█▍        | 7/50 [00:19<01:43,  2.40s/it]D:\Python\realtime_estimate_tracker\venv_bds\lib\site-packages\xgboost\training.py:200: UserWarning: [22:05:00] WARNING: C:\actions-runner\_work\xgboost\xgboost\src\learner.cc:782: 
Parameters: { "devices", "task_type" } are not used.

  bst.update(dtrain, iteration=i, fobj=obj)
                                                                                 Best trial: 2. Best value: 1.7058:  14%|█▍        | 7/50 [00:20<01:43,  2.40s/it]Best trial: 2. Best value: 1.7058:  14%|█▍        | 7/50 [00:20<01:43,  2.40s/it]Best trial: 2. Best value: 1.7058:  16%|█▌        | 8/50 [00:20<01:23,  1.99s/it]D:\Python\realtime_estimate_tracker\venv_bds\lib\site-packages\xgboost\training.py:200: UserWarning: [22:05:01] WARNING: C:\actions-runner\_work\xgboost\xgboost\src\learner.cc:782: 
Parameters: { "devices", "task_type" } are not used.

  bst.update(dtrain, iteration=i, fobj=obj)
                                                                                 Best trial: 2. Best value: 1.7058:  16%|█▌        | 8/50 [00:22<01:23,  1.99s/it]Best trial: 2. Best value: 1.7058:  16%|█▌        | 8/50 [00:22<01:23,  1.99s/it]Best trial: 2. Best value: 1.7058:  18%|█▊        | 9/50 [00:22<01:22,  2.02s/it]D:\Python\realtime_estimate_tracker\venv_bds\lib\site-packages\xgboost\training.py:200: UserWarning: [22:05:03] WARNING: C:\actions-runner\_work\xgboost\xgboost\src\learner.cc:782: 
Parameters: { "devices", "task_type" } are not used.

  bst.update(dtrain, iteration=i, fobj=obj)
                                                                                 Best trial: 2. Best value: 1.7058:  18%|█▊        | 9/50 [00:24<01:22,  2.02s/it]Best trial: 2. Best value: 1.7058:  18%|█▊        | 9/50 [00:24<01:22,  2.02s/it]Best trial: 2. Best value: 1.7058:  20%|██        | 10/50 [00:24<01:19,  2.00s/it]D:\Python\realtime_estimate_tracker\venv_bds\lib\site-packages\xgboost\training.py:200: UserWarning: [22:05:05] WARNING: C:\actions-runner\_work\xgboost\xgboost\src\learner.cc:782: 
Parameters: { "devices", "task_type" } are not used.

  bst.update(dtrain, iteration=i, fobj=obj)
                                                                                  Best trial: 2. Best value: 1.7058:  20%|██        | 10/50 [00:30<01:19,  2.00s/it]Best trial: 2. Best value: 1.7058:  20%|██        | 10/50 [00:30<01:19,  2.00s/it]Best trial: 2. Best value: 1.7058:  22%|██▏       | 11/50 [00:30<02:01,  3.12s/it]D:\Python\realtime_estimate_tracker\venv_bds\lib\site-packages\xgboost\training.py:200: UserWarning: [22:05:10] WARNING: C:\actions-runner\_work\xgboost\xgboost\src\learner.cc:782: 
Parameters: { "devices", "task_type" } are not used.

  bst.update(dtrain, iteration=i, fobj=obj)
                                                                                  Best trial: 2. Best value: 1.7058:  22%|██▏       | 11/50 [00:34<02:01,  3.12s/it]Best trial: 2. Best value: 1.7058:  22%|██▏       | 11/50 [00:34<02:01,  3.12s/it]Best trial: 2. Best value: 1.7058:  24%|██▍       | 12/50 [00:34<02:14,  3.53s/it]D:\Python\realtime_estimate_tracker\venv_bds\lib\site-packages\xgboost\training.py:200: UserWarning: [22:05:15] WARNING: C:\actions-runner\_work\xgboost\xgboost\src\learner.cc:782: 
Parameters: { "devices", "task_type" } are not used.

  bst.update(dtrain, iteration=i, fobj=obj)
                                                                                  Best trial: 2. Best value: 1.7058:  24%|██▍       | 12/50 [00:37<02:14,  3.53s/it]Best trial: 2. Best value: 1.7058:  24%|██▍       | 12/50 [00:38<02:14,  3.53s/it]Best trial: 2. Best value: 1.7058:  26%|██▌       | 13/50 [00:38<02:07,  3.45s/it]D:\Python\realtime_estimate_tracker\venv_bds\lib\site-packages\xgboost\training.py:200: UserWarning: [22:05:18] WARNING: C:\actions-runner\_work\xgboost\xgboost\src\learner.cc:782: 
Parameters: { "devices", "task_type" } are not used.

  bst.update(dtrain, iteration=i, fobj=obj)
                                                                                  Best trial: 2. Best value: 1.7058:  26%|██▌       | 13/50 [00:44<02:07,  3.45s/it]Best trial: 13. Best value: 1.64444:  26%|██▌       | 13/50 [00:44<02:07,  3.45s/it]Best trial: 13. Best value: 1.64444:  28%|██▊       | 14/50 [00:44<02:30,  4.19s/it]D:\Python\realtime_estimate_tracker\venv_bds\lib\site-packages\xgboost\training.py:200: UserWarning: [22:05:24] WARNING: C:\actions-runner\_work\xgboost\xgboost\src\learner.cc:782: 
Parameters: { "devices", "task_type" } are not used.

  bst.update(dtrain, iteration=i, fobj=obj)
                                                                                    Best trial: 13. Best value: 1.64444:  28%|██▊       | 14/50 [00:50<02:30,  4.19s/it]Best trial: 14. Best value: 1.62428:  28%|██▊       | 14/50 [00:50<02:30,  4.19s/it]Best trial: 14. Best value: 1.62428:  30%|███       | 15/50 [00:50<02:53,  4.97s/it]D:\Python\realtime_estimate_tracker\venv_bds\lib\site-packages\xgboost\training.py:200: UserWarning: [22:05:31] WARNING: C:\actions-runner\_work\xgboost\xgboost\src\learner.cc:782: 
Parameters: { "devices", "task_type" } are not used.

  bst.update(dtrain, iteration=i, fobj=obj)
                                                                                    Best trial: 14. Best value: 1.62428:  30%|███       | 15/50 [00:55<02:53,  4.97s/it]Best trial: 14. Best value: 1.62428:  30%|███       | 15/50 [00:55<02:53,  4.97s/it]Best trial: 14. Best value: 1.62428:  32%|███▏      | 16/50 [00:55<02:42,  4.79s/it]D:\Python\realtime_estimate_tracker\venv_bds\lib\site-packages\xgboost\training.py:200: UserWarning: [22:05:35] WARNING: C:\actions-runner\_work\xgboost\xgboost\src\learner.cc:782: 
Parameters: { "devices", "task_type" } are not used.

  bst.update(dtrain, iteration=i, fobj=obj)
                                                                                    Best trial: 14. Best value: 1.62428:  32%|███▏      | 16/50 [00:59<02:42,  4.79s/it]Best trial: 14. Best value: 1.62428:  32%|███▏      | 16/50 [00:59<02:42,  4.79s/it]Best trial: 14. Best value: 1.62428:  34%|███▍      | 17/50 [00:59<02:36,  4.75s/it]D:\Python\realtime_estimate_tracker\venv_bds\lib\site-packages\xgboost\training.py:200: UserWarning: [22:05:40] WARNING: C:\actions-runner\_work\xgboost\xgboost\src\learner.cc:782: 
Parameters: { "devices", "task_type" } are not used.

  bst.update(dtrain, iteration=i, fobj=obj)
                                                                                    Best trial: 14. Best value: 1.62428:  34%|███▍      | 17/50 [01:04<02:36,  4.75s/it]Best trial: 14. Best value: 1.62428:  34%|███▍      | 17/50 [01:04<02:36,  4.75s/it]Best trial: 14. Best value: 1.62428:  36%|███▌      | 18/50 [01:04<02:33,  4.79s/it]D:\Python\realtime_estimate_tracker\venv_bds\lib\site-packages\xgboost\training.py:200: UserWarning: [22:05:45] WARNING: C:\actions-runner\_work\xgboost\xgboost\src\learner.cc:782: 
Parameters: { "devices", "task_type" } are not used.

  bst.update(dtrain, iteration=i, fobj=obj)
                                                                                    Best trial: 14. Best value: 1.62428:  36%|███▌      | 18/50 [01:07<02:33,  4.79s/it]Best trial: 14. Best value: 1.62428:  36%|███▌      | 18/50 [01:07<02:33,  4.79s/it]Best trial: 14. Best value: 1.62428:  38%|███▊      | 19/50 [01:07<02:13,  4.30s/it]D:\Python\realtime_estimate_tracker\venv_bds\lib\site-packages\xgboost\training.py:200: UserWarning: [22:05:48] WARNING: C:\actions-runner\_work\xgboost\xgboost\src\learner.cc:782: 
Parameters: { "devices", "task_type" } are not used.

  bst.update(dtrain, iteration=i, fobj=obj)
                                                                                    Best trial: 14. Best value: 1.62428:  38%|███▊      | 19/50 [01:10<02:13,  4.30s/it]Best trial: 14. Best value: 1.62428:  38%|███▊      | 19/50 [01:10<02:13,  4.30s/it]Best trial: 14. Best value: 1.62428:  40%|████      | 20/50 [01:10<01:51,  3.72s/it]D:\Python\realtime_estimate_tracker\venv_bds\lib\site-packages\xgboost\training.py:200: UserWarning: [22:05:50] WARNING: C:\actions-runner\_work\xgboost\xgboost\src\learner.cc:782: 
Parameters: { "devices", "task_type" } are not used.

  bst.update(dtrain, iteration=i, fobj=obj)
                                                                                    Best trial: 14. Best value: 1.62428:  40%|████      | 20/50 [01:15<01:51,  3.72s/it]Best trial: 14. Best value: 1.62428:  40%|████      | 20/50 [01:15<01:51,  3.72s/it]Best trial: 14. Best value: 1.62428:  42%|████▏     | 21/50 [01:15<01:57,  4.04s/it]D:\Python\realtime_estimate_tracker\venv_bds\lib\site-packages\xgboost\training.py:200: UserWarning: [22:05:55] WARNING: C:\actions-runner\_work\xgboost\xgboost\src\learner.cc:782: 
Parameters: { "devices", "task_type" } are not used.

  bst.update(dtrain, iteration=i, fobj=obj)
                                                                                    Best trial: 14. Best value: 1.62428:  42%|████▏     | 21/50 [01:21<01:57,  4.04s/it]Best trial: 14. Best value: 1.62428:  42%|████▏     | 21/50 [01:21<01:57,  4.04s/it]Best trial: 14. Best value: 1.62428:  44%|████▍     | 22/50 [01:21<02:08,  4.60s/it]D:\Python\realtime_estimate_tracker\venv_bds\lib\site-packages\xgboost\training.py:200: UserWarning: [22:06:01] WARNING: C:\actions-runner\_work\xgboost\xgboost\src\learner.cc:782: 
Parameters: { "devices", "task_type" } are not used.

  bst.update(dtrain, iteration=i, fobj=obj)
                                                                                    Best trial: 14. Best value: 1.62428:  44%|████▍     | 22/50 [01:26<02:08,  4.60s/it]Best trial: 14. Best value: 1.62428:  44%|████▍     | 22/50 [01:26<02:08,  4.60s/it]Best trial: 14. Best value: 1.62428:  46%|████▌     | 23/50 [01:26<02:09,  4.80s/it]D:\Python\realtime_estimate_tracker\venv_bds\lib\site-packages\xgboost\training.py:200: UserWarning: [22:06:06] WARNING: C:\actions-runner\_work\xgboost\xgboost\src\learner.cc:782: 
Parameters: { "devices", "task_type" } are not used.

  bst.update(dtrain, iteration=i, fobj=obj)
                                                                                    Best trial: 14. Best value: 1.62428:  46%|████▌     | 23/50 [01:31<02:09,  4.80s/it]Best trial: 14. Best value: 1.62428:  46%|████▌     | 23/50 [01:31<02:09,  4.80s/it]Best trial: 14. Best value: 1.62428:  48%|████▊     | 24/50 [01:31<02:04,  4.77s/it]D:\Python\realtime_estimate_tracker\venv_bds\lib\site-packages\xgboost\training.py:200: UserWarning: [22:06:11] WARNING: C:\actions-runner\_work\xgboost\xgboost\src\learner.cc:782: 
Parameters: { "devices", "task_type" } are not used.

  bst.update(dtrain, iteration=i, fobj=obj)
                                                                                    Best trial: 14. Best value: 1.62428:  48%|████▊     | 24/50 [01:34<02:04,  4.77s/it]Best trial: 14. Best value: 1.62428:  48%|████▊     | 24/50 [01:34<02:04,  4.77s/it]Best trial: 14. Best value: 1.62428:  50%|█████     | 25/50 [01:34<01:52,  4.52s/it]D:\Python\realtime_estimate_tracker\venv_bds\lib\site-packages\xgboost\training.py:200: UserWarning: [22:06:15] WARNING: C:\actions-runner\_work\xgboost\xgboost\src\learner.cc:782: 
Parameters: { "devices", "task_type" } are not used.

  bst.update(dtrain, iteration=i, fobj=obj)
                                                                                    Best trial: 14. Best value: 1.62428:  50%|█████     | 25/50 [01:39<01:52,  4.52s/it]Best trial: 14. Best value: 1.62428:  50%|█████     | 25/50 [01:39<01:52,  4.52s/it]Best trial: 14. Best value: 1.62428:  52%|█████▏    | 26/50 [01:39<01:47,  4.46s/it]D:\Python\realtime_estimate_tracker\venv_bds\lib\site-packages\xgboost\training.py:200: UserWarning: [22:06:19] WARNING: C:\actions-runner\_work\xgboost\xgboost\src\learner.cc:782: 
Parameters: { "devices", "task_ty