[I 2026-04-07 22:08:20,933] Trial 49 finished with value: 1.825773450257851 and parameters: {'n_estimators': 1133, 'learning_rate': 0.020387703604855263, 'max_depth': 12, 'subsample': 0.8859691979145798, 'colsample_bytree': 0.7278529745074733, 'min_child_weight': 1}. Best is trial 42 with value: 1.7556738951520874.
✅ Tham số tối ưu nhất từ Optuna: {'n_estimators': 1332, 'learning_rate': 0.012036206384653685, 'max_depth': 12, 'subsample': 0.8560866961692645, 'colsample_bytree': 0.9758936451474151, 'min_child_weight': 1}
MAE của mô hình XGBoost: 1.7695
R² của mô hình XGBoost: 0.9255
🥊 Đang so sánh... Champion MAE: 1.6245 vs Challenger MAE: 1.7695
🛡️ Champion bảo vệ ngôi vương. Giữ nguyên mô hình cũ.
[Tue 04/07/2026 22:08:29.97] [4/4] Dang dong bo AI Model (qua LFS) len GitHub... 
[main b867cfb] Auto-update AI Model: Tue 04/07/2026 22:08:32.69
 2 files changed, 327 insertions(+)
remote: This repository moved. Please use the new location:        
remote:   https://github.com/HieuNT316/hanoi-house-price-prediction.git        
To https://github.com/Alexus143/hanoi-house-price-prediction.git
   0b05c2c..b867cfb  main -> main
========================================= 
[Wed 04/08/2026 22:00:04.89] [1/4] Dang cao chi tiet BĐS... 
🔍 Đang cấu hình Database với: postgres.kkwivuufxdewurmxtsto@aws-1-ap-southeast-1.pooler.supabase.com:5432/postgres

[DetailSpider] Khởi động luồng làm giàu dữ liệu (Limit: 50 bài/lượt)...
✅ Đã kết nối thành công tới PostgreSQL.
[Browser] Đang khởi tạo trình duyệt...
[Browser] Phát hiện Chrome (Windows): Version 139

[DetailSpider] Đang cào (1/13): https://batdongsan.com.vn/ban-can-ho-chung-cu-duong-phu-lam-phuong-phu-lam-1-the-vesta/ban-ct01-ha-ong-hn-pr45497322
  -> Lấy được 2/6 feature chi tiết.

[DetailSpider] Đang cào (2/13): https://batdongsan.com.vn/ban-can-ho-chung-cu-duong-to-huu-phuong-duong-noi-xuan-mai-sparks-tower/chinh-chu-ban-gap-2-phong-ngu-tai-ha-ong-pr45502269
  -> Lấy được 3/6 feature chi tiết.

[DetailSpider] Đang cào (3/13): https://batdongsan.com.vn/ban-can-ho-chung-cu-phuong-yen-nghia-1-ct2-yen-nghia/ban-2pn-tai-nghia-ha-ong-pr45501769
  -> Lấy được 3/6 feature chi tiết.

[DetailSpider] Đang cào (4/13): https://batdongsan.com.vn/ban-nha-biet-thu-lien-ke-duong-to-huu-phuong-duong-noi-an-vuong-villa/tin-xac-thuc-cat-lo-sau-nhat-bt-villas-nam-cuong-gan-ho-cong-vien-pr45501724
  -> Lấy được 3/6 feature chi tiết.

[DetailSpider] Đang cào (5/13): https://batdongsan.com.vn/ban-can-ho-chung-cu-phuong-yen-nghia-1-ct2-yen-nghia/chinh-chu-ban-3pn-tai-toa-nghia-ha-ong-lh-pr45500963
  -> Lấy được 3/6 feature chi tiết.

[DetailSpider] Đang cào (6/13): https://batdongsan.com.vn/ban-nha-rieng-duong-da-sy-phuong-kien-hung-15/chinh-chu-ban-tai-a-chi-nhinh-6-ty-30m2-ay-u-noi-that-pr45504671
  -> Lấy được 0/6 feature chi tiết.

[DetailSpider] Đang cào (7/13): https://batdongsan.com.vn/ban-nha-biet-thu-lien-ke-pho-phung-hung-1-phuong-phuc-la-khu-do-thi-moi-xa-la/ban-76m2-4-5-tang-mat-tien-5m-vip-ha-dong-pr44868150
  -> Lấy được 4/6 feature chi tiết.

[DetailSpider] Đang cào (8/13): https://batdongsan.com.vn/ban-can-ho-chung-cu-duong-kien-hung-phuong-phu-luong-3-15/the-vesta-lam-toa-v3-tang-trung-san-sang-giao-dich-gia-chi-hon-3-ty-lh-pr45503267
  -> Lấy được 2/6 feature chi tiết.

[DetailSpider] Đang cào (9/13): https://batdongsan.com.vn/ban-can-ho-chung-cu-duong-to-huu-phuong-la-khe-the-charm-an-hung/tong-hop-quy-chuyen-nhuong-gia-tot-tu-5-2-ty-can-pr44957338
  -> Lấy được 1/6 feature chi tiết.

[DetailSpider] Đang cào (10/13): https://batdongsan.com.vn/ban-can-ho-chung-cu-pho-nguyen-thanh-binh-phuong-la-khe-hpc-landmark-105/ban-3-ngu-tai-105-ha-ong-ha-noi-pr45502591
  -> Lấy được 3/6 feature chi tiết.

[DetailSpider] Đang cào (11/13): https://batdongsan.com.vn/ban-shophouse-nha-pho-thuong-mai-duong-phuc-la-van-phu-phuong-kien-hung-kien-hung-luxury/ban-gap-da-2-mat-uong-truc-chinh-130m2-co-tang-ham-lh-pr45426284
  -> Lấy được 5/6 feature chi tiết.

[DetailSpider] Đang cào (12/13): https://batdongsan.com.vn/ban-can-ho-chung-cu-phuong-la-khe-khu-do-thi-van-khe/ban-cc-4pn-3wc-160m2-tai-o-gia-cuc-chat-ep-nhieu-tien-ich-pr45279838
  -> Lấy được 1/6 feature chi tiết.

[DetailSpider] Đang cào (13/13): https://batdongsan.com.vn/ban-nha-biet-thu-lien-ke-duong-21b-phuong-phu-luong-3-khu-do-thi-moi-phu-luong-21515/ban-dat-2-ql21b-o-to-tranh-50m2-2-tang-5x10m-hop-o-dau-tu-pr44807967
  -> Lấy được 4/6 feature chi tiết.

[DetailSpider] Hoàn thành. Cập nhật thành công 13/13 bài đăng.
[Wed 04/08/2026 22:06:24.63] [2/4] Dang clean du lieu... 
🔍 Đang cấu hình Database với: postgres.kkwivuufxdewurmxtsto@aws-1-ap-southeast-1.pooler.supabase.com:5432/postgres
✅ Đã kết nối thành công tới PostgreSQL.
🔄 Upsert thành công 5652 bản ghi vào 'bds_hadong'.
✅ Đã cập nhật cột legal_status và furniture thành công.
[Wed 04/08/2026 22:07:05.11] [3/4] Dang huan luyen AI tren du lieu moi... 
🔍 Đang cấu hình Database với: postgres.kkwivuufxdewurmxtsto@aws-1-ap-southeast-1.pooler.supabase.com:5432/postgres
[I 2026-04-08 22:08:14,638] A new study created in memory with name: no-name-5b1a0bae-0555-4f11-aff4-07691c560ebe
✅ Đã kết nối thành công tới PostgreSQL.
  0%|          | 0/50 [00:00<?, ?it/s]D:\Python\realtime_estimate_tracker\venv_bds\lib\site-packages\xgboost\training.py:200: UserWarning: [22:08:18] WARNING: C:\actions-runner\_work\xgboost\xgboost\src\learner.cc:782: 
Parameters: { "devices", "task_type" } are not used.

  bst.update(dtrain, iteration=i, fobj=obj)
                                        0%|          | 0/50 [00:11<?, ?it/s]Best trial: 0. Best value: 1.93544:   0%|          | 0/50 [00:11<?, ?it/s]Best trial: 0. Best value: 1.93544:   2%|▏         | 1/50 [00:11<09:03, 11.09s/it]D:\Python\realtime_estimate_tracker\venv_bds\lib\site-packages\xgboost\training.py:200: UserWarning: [22:08:30] WARNING: C:\actions-runner\_work\xgboost\xgboost\src\learner.cc:782: 
Parameters: { "devices", "task_type" } are not used.

  bst.update(dtrain, iteration=i, fobj=obj)
                                                                                  Best trial: 0. Best value: 1.93544:   2%|▏         | 1/50 [00:21<09:03, 11.09s/it]Best trial: 0. Best value: 1.93544:   2%|▏         | 1/50 [00:21<09:03, 11.09s/it]Best trial: 0. Best value: 1.93544:   4%|▍         | 2/50 [00:21<08:26, 10.55s/it]D:\Python\realtime_estimate_tracker\venv_bds\lib\site-packages\xgboost\training.py:200: UserWarning: [22:08:38] WARNING: C:\actions-runner\_work\xgboost\xgboost\src\learner.cc:782: 
Parameters: { "devices", "task_type" } are not used.

  bst.update(dtrain, iteration=i, fobj=obj)
                                                                                  Best trial: 0. Best value: 1.93544:   4%|▍         | 2/50 [00:32<08:26, 10.55s/it]Best trial: 0. Best value: 1.93544:   4%|▍         | 2/50 [00:32<08:26, 10.55s/it]Best trial: 0. Best value: 1.93544:   6%|▌         | 3/50 [00:32<08:27, 10.79s/it]D:\Python\realtime_estimate_tracker\venv_bds\lib\site-packages\xgboost\training.py:200: UserWarning: [22:08:49] WARNING: C:\actions-runner\_work\xgboost\xgboost\src\learner.cc:782: 
Parameters: { "devices", "task_type" } are not used.

  bst.update(dtrain, iteration=i, fobj=obj)
                                                                                  Best trial: 0. Best value: 1.93544:   6%|▌         | 3/50 [00:42<08:27, 10.79s/it]Best trial: 0. Best value: 1.93544:   6%|▌         | 3/50 [00:42<08:27, 10.79s/it]Best trial: 0. Best value: 1.93544:   8%|▊         | 4/50 [00:42<08:03, 10.50s/it]D:\Python\realtime_estimate_tracker\venv_bds\lib\site-packages\xgboost\training.py:200: UserWarning: [22:08:59] WARNING: C:\actions-runner\_work\xgboost\xgboost\src\learner.cc:782: 
Parameters: { "devices", "task_type" } are not used.

  bst.update(dtrain, iteration=i, fobj=obj)
                                                                                  Best trial: 0. Best value: 1.93544:   8%|▊         | 4/50 [00:47<08:03, 10.50s/it]Best trial: 0. Best value: 1.93544:   8%|▊         | 4/50 [00:47<08:03, 10.50s/it]Best trial: 0. Best value: 1.93544:  10%|█         | 5/50 [00:47<06:21,  8.48s/it]D:\Python\realtime_estimate_tracker\venv_bds\lib\site-packages\xgboost\training.py:200: UserWarning: [22:09:04] WARNING: C:\actions-runner\_work\xgboost\xgboost\src\learner.cc:782: 
Parameters: { "devices", "task_type" } are not used.

  bst.update(dtrain, iteration=i, fobj=obj)
                                                                                  Best trial: 0. Best value: 1.93544:  10%|█         | 5/50 [00:53<06:21,  8.48s/it]Best trial: 0. Best value: 1.93544:  10%|█         | 5/50 [00:53<06:21,  8.48s/it]Best trial: 0. Best value: 1.93544:  12%|█▏        | 6/50 [00:53<05:34,  7.60s/it]D:\Python\realtime_estimate_tracker\venv_bds\lib\site-packages\xgboost\training.py:200: UserWarning: [22:09:10] WARNING: C:\actions-runner\_work\xgboost\xgboost\src\learner.cc:782: 
Parameters: { "devices", "task_type" } are not used.

  bst.update(dtrain, iteration=i, fobj=obj)
                                                                                  Best trial: 0. Best value: 1.93544:  12%|█▏        | 6/50 [01:04<05:34,  7.60s/it]Best trial: 6. Best value: 1.91293:  12%|█▏        | 6/50 [01:04<05:34,  7.60s/it]Best trial: 6. Best value: 1.91293:  14%|█▍        | 7/50 [01:04<06:12,  8.67s/it]D:\Python\realtime_estimate_tracker\venv_bds\lib\site-packages\xgboost\training.py:200: UserWarning: [22:09:21] WARNING: C:\actions-runner\_work\xgboost\xgboost\src\learner.cc:782: 
Parameters: { "devices", "task_type" } are not used.

  bst.update(dtrain, iteration=i, fobj=obj)
                                                                                  Best trial: 6. Best value: 1.91293:  14%|█▍        | 7/50 [01:13<06:12,  8.67s/it]Best trial: 6. Best value: 1.91293:  14%|█▍        | 7/50 [01:13<06:12,  8.67s/it]Best trial: 6. Best value: 1.91293:  16%|█▌        | 8/50 [01:13<06:14,  8.91s/it]D:\Python\realtime_estimate_tracker\venv_bds\lib\site-packages\xgboost\training.py:200: UserWarning: [22:09:30] WARNING: C:\actions-runner\_work\xgboost\xgboost\src\learner.cc:782: 
Parameters: { "devices", "task_type" } are not used.

  bst.update(dtrain, iteration=i, fobj=obj)
                                                                                  Best trial: 6. Best value: 1.91293:  16%|█▌        | 8/50 [01:20<06:14,  8.91s/it]Best trial: 6. Best value: 1.91293:  16%|█▌        | 8/50 [01:20<06:14,  8.91s/it]Best trial: 6. Best value: 1.91293:  18%|█▊        | 9/50 [01:20<05:44,  8.40s/it]D:\Python\realtime_estimate_tracker\venv_bds\lib\site-packages\xgboost\training.py:200: UserWarning: [22:09:38] WARNING: C:\actions-runner\_work\xgboost\xgboost\src\learner.cc:782: 
Parameters: { "devices", "task_type" } are not used.

  bst.update(dtrain, iteration=i, fobj=obj)
                                                                                  Best trial: 6. Best value: 1.91293:  18%|█▊        | 9/50 [01:37<05:44,  8.40s/it]Best trial: 9. Best value: 1.82647:  18%|█▊        | 9/50 [01:37<05:44,  8.40s/it]Best trial: 9. Best value: 1.82647:  20%|██        | 10/50 [01:37<07:20, 11.02s/it]D:\Python\realtime_estimate_tracker\venv_bds\lib\site-packages\xgboost\training.py:200: UserWarning: [22:09:55] WARNING: C:\actions-runner\_work\xgboost\xgboost\src\learner.cc:782: 
Parameters: { "devices", "task_type" } are not used.

  bst.update(dtrain, iteration=i, fobj=obj)
                                                                                   Best trial: 9. Best value: 1.82647:  20%|██        | 10/50 [01:43<07:20, 11.02s/it]Best trial: 9. Best value: 1.82647:  20%|██        | 10/50 [01:43<07:20, 11.02s/it]Best trial: 9. Best value: 1.82647:  22%|██▏       | 11/50 [01:43<06:05,  9.37s/it]D:\Python\realtime_estimate_tracker\venv_bds\lib\site-packages\xgboost\training.py:200: UserWarning: [22:10:00] WARNING: C:\actions-runner\_work\xgboost\xgboost\src\learner.cc:782: 
Parameters: { "devices", "task_type" } are not used.

  bst.update(dtrain, iteration=i, fobj=obj)
                                                                                   Best trial: 9. Best value: 1.82647:  22%|██▏       | 11/50 [01:47<06:05,  9.37s/it]Best trial: 9. Best value: 1.82647:  22%|██▏       | 11/50 [01:47<06:05,  9.37s/it]Best trial: 9. Best value: 1.82647:  24%|██▍       | 12/50 [01:47<04:52,  7.70s/it]D:\Python\realtime_estimate_tracker\venv_bds\lib\site-packages\xgboost\training.py:200: UserWarning: [22:10:04] WARNING: C:\actions-runner\_work\xgboost\xgboost\src\learner.cc:782: 
Parameters: { "devices", "task_type" } are not used.

  bst.update(dtrain, iteration=i, fobj=obj)
                                                                                   Best trial: 9. Best value: 1.82647:  24%|██▍       | 12/50 [01:51<04:52,  7.70s/it]Best trial: 9. Best value: 1.82647:  24%|██▍       | 12/50 [01:51<04:52,  7.70s/it]Best trial: 9. Best value: 1.82647:  26%|██▌       | 13/50 [01:51<04:03,  6.59s/it]D:\Python\realtime_estimate_tracker\venv_bds\lib\site-packages\xgboost\training.py:200: UserWarning: [22:10:08] WARNING: C:\actions-runner\_work\xgboost\xgboost\src\learner.cc:782: 
Parameters: { "devices", "task_type" } are not used.

  bst.update(dtrain, iteration=i, fobj=obj)
                                                                                   Best trial: 9. Best value: 1.82647:  26%|██▌       | 13/50 [01:55<04:03,  6.59s/it]Best trial: 9. Best value: 1.82647:  26%|██▌       | 13/50 [01:55<04:03,  6.59s/it]Best trial: 9. Best value: 1.82647:  28%|██▊       | 14/50 [01:55<03:31,  5.88s/it]D:\Python\realtime_estimate_tracker\venv_bds\lib\site-packages\xgboost\training.py:200: UserWarning: [22:10:12] WARNING: C:\actions-runner\_work\xgboost\xgboost\src\learner.cc:782: 
Parameters: { "devices", "task_type" } are not used.

  bst.update(dtrain, iteration=i, fobj=obj)
                                                                                   Best trial: 9. Best value: 1.82647:  28%|██▊       | 14/50 [02:14<03:31,  5.88s/it]Best trial: 9. Best value: 1.82647:  28%|██▊       | 14/50 [02:14<03:31,  5.88s/it]Best trial: 9. Best value: 1.82647:  30%|███       | 15/50 [02:14<05:48,  9.95s/it]D:\Python\realtime_estimate_tracker\venv_bds\lib\site-packages\xgboost\training.py:200: UserWarning: [22:10:32] WARNING: C:\actions-runner\_work\xgboost\xgboost\src\learner.cc:782: 
Parameters: { "devices", "task_type" } are not used.

  bst.update(dtrain, iteration=i, fobj=obj)
                                                                                   Best trial: 9. Best value: 1.82647:  30%|███       | 15/50 [02:19<05:48,  9.95s/it]Best trial: 9. Best value: 1.82647:  30%|███       | 15/50 [02:19<05:48,  9.95s/it]Best trial: 9. Best value: 1.82647:  32%|███▏      | 16/50 [02:19<04:41,  8.27s/it]D:\Python\realtime_estimate_tracker\venv_bds\lib\site-packages\xgboost\training.py:200: UserWarning: [22:10:36] WARNING: C:\actions-runner\_work\xgboost\xgboost\src\learner.cc:782: 
Parameters: { "devices", "task_type" } are not used.

  bst.update(dtrain, iteration=i, fobj=obj)
                                                                                   Best trial: 9. Best value: 1.82647:  32%|███▏      | 16/50 [02:27<04:41,  8.27s/it]Best trial: 9. Best value: 1.82647:  32%|███▏      | 16/50 [02:27<04:41,  8.27s/it]Best trial: 9. Best value: 1.82647:  34%|███▍      | 17/50 [02:27<04:28,  8.14s/it]D:\Python\realtime_estimate_tracker\venv_bds\lib\site-packages\xgboost\training.py:200: UserWarning: [22:10:44] WARNING: C:\actions-runner\_work\xgboost\xgboost\src\learner.cc:782: 
Parameters: { "devices", "task_type" } are not used.

  bst.update(dtrain, iteration=i, fobj=obj)
                                                                                   Best trial: 9. Best value: 1.82647:  34%|███▍      | 17/50 [02:35<04:28,  8.14s/it]Best trial: 9. Best value: 1.82647:  34%|███▍      | 17/50 [02:35<04:28,  8.14s/it]Best trial: 9. Best value: 1.82647:  36%|███▌      | 18/50 [02:35<04:22,  8.21s/it]D:\Python\realtime_estimate_tracker\venv_bds\lib\site-packages\xgboost\training.py:200: UserWarning: [22:10:52] WARNING: C:\actions-runner\_work\xgboost\xgboost\src\learner.cc:782: 
Parameters: { "devices", "task_type" } are not used.

  bst.update(dtrain, iteration=i, fobj=obj)
                                                                                   Best trial: 9. Best value: 1.82647:  36%|███▌      | 18/50 [02:41<04:22,  8.21s/it]Best trial: 9. Best value: 1.82647:  36%|███▌      | 18/50 [02:41<04:22,  8.21s/it]Best trial: 9. Best value: 1.82647:  38%|███▊      | 19/50 [02:41<03:58,  7.69s/it]D:\Python\realtime_estimate_tracker\venv_bds\lib\site-packages\xgboost\training.py:200: UserWarning: [22:10:59] WARNING: C:\actions-runner\_work\xgboost\xgboost\src\learner.cc:782: 
Parameters: { "devices", "task_type" } are not used.

  bst.update(dtrain, iteration=i, fobj=obj)
                                                                                   Best trial: 9. Best value: 1.82647:  38%|███▊      | 19/50 [02:55<03:58,  7.69s/it]Best trial: 9. Best value: 1.82647:  38%|███▊      | 19/50 [02:55<03:58,  7.69s/it]Best trial: 9. Best value: 1.82647:  40%|████      | 20/50 [02:55<04:45,  9.53s/it]D:\Python\realtime_estimate_tracker\venv_bds\lib\site-packages\xgboost\training.py:200: UserWarning: [22:11:13] WARNING: C:\actions-runner\_work\xgboost\xgboost\src\learner.cc:782: 
Parameters: { "devices", "task_type" } are not used.

  bst.update(dtrain, iteration=i, fobj=obj)
                                                                                   Best trial: 9. Best value: 1.82647:  40%|████      | 20/50 [03:03<04:45,  9.53s/it]Best trial: 9. Best value: 1.82647:  40%|████      | 20/50 [03:03<04:45,  9.53s/it]Best trial: 9. Best value: 1.82647:  42%|████▏     | 21/50 [03:03<04:18,  8.93s/it]D:\Python\realtime_estimate_tracker\venv_bds\lib\site-packages\xgboost\training.py:200: UserWarning: [22:11:20] WARNING: C:\actions-runner\_work\xgboost\xgboost\src\learner.cc:782: 
Parameters: { "devices", "task_type" } are not used.

  bst.update(dtrain, iteration=i, fobj=obj)
                                                                                   Best trial: 9. Best value: 1.82647:  42%|████▏     | 21/50 [03:08<04:18,  8.93s/it]Best trial: 9. Best value: 1.82647:  42%|████▏     | 21/50 [03:08<04:18,  8.93s/it]Best trial: 9. Best value: 1.82647:  44%|████▍     | 22/50 [03:08<03:37,  7.77s/it]D:\Python\realtime_estimate_tracker\venv_bds\lib\site-packages\xgboost\training.py:200: UserWarning: [22:11:26] WARNING: C:\actions-runner\_work\xgboost\xgboost\src\learner.cc:782: 
Parameters: { "devices", "task_type" } are not used.

  bst.update(dtrain, iteration=i, fobj=obj)
                                                                                   Best trial: 9. Best value: 1.82647:  44%|████▍     | 22/50 [03:15<03:37,  7.77s/it]Best trial: 9. Best value: 1.82647:  44%|████▍     | 22/50 [03:15<03:37,  7.77s/it]Best trial: 9. Best value: 1.82647:  46%|████▌     | 23/50 [03:15<03:21,  7.48s/it]D:\Python\realtime_estimate_tracker\venv_bds\lib\site-packages\xgboost\training.py:200: UserWarning: [22:11:32] WARNING: C:\actions-runner\_work\xgboost\xgboost\src\learner.cc:782: 
Parameters: { "devices", "task_type" } are not used.

  bst.update(dtrain, iteration=i, fobj=obj)
                                                                                   Best trial: 9. Best value: 1.82647:  46%|████▌     | 23/50 [03:19<03:21,  7.48s/it]Best trial: 9. Best value: 1.82647:  46%|████▌     | 23/50 [03:19<03:21,  7.48s/it]Best trial: 9. Best value: 1.82647:  48%|████▊     | 24/50 [03:19<02:53,  6.67s/it]D:\Python\realtime_estimate_tracker\venv_bds\lib\site-packages\xgboost\training.py:200: UserWarning: [22:11:37] WARNING: C:\actions-runner\_work\xgboost\xgboost\src\learner.cc:782: 
Parameters: { "devices", "task_type" } are not used.

  bst.update(dtrain, iteration=i, fobj=obj)
                                                                                   Best trial: 9. Best value: 1.82647:  48%|████▊     | 24/50 [03:32<02:53,  6.67s/it]Best trial: 9. Best value: 1.82647:  48%|████▊     | 24/50 [03:32<02:53,  6.67s/it]Best trial: 9. Best value: 1.82647:  50%|█████     | 25/50 [03:32<03:35,  8.60s/it]D:\Python\realtime_estimate_tracker\venv_bds\lib\site-packages\xgboost\training.py:200: UserWarning: [22:11:50] WARNING: C:\actions-runner\_work\xgboost\xgboost\src\learner.cc:782: 
Parameters: { "devices", "task_type" } are not used.

  bst.update(dtrain, iteration=i, fobj=obj)
                                                                                   Best trial: 9. Best value: 1.82647:  50%|█████     | 25/50 [03:44<03:35,  8.60s/it]Best trial: 9. Best value: 1.82647:  50%|█████     | 25/50 [03:44<03:35,  8.60s/it]Best trial: 9. Best value: 1.82647:  52%|█████▏    | 26/50 [03:44<03:49,  9.55s/it]D:\Python\realtime_estimate_tracker\venv_bds\lib\site-packages\xgboost\training.py:200: UserWarning: [22:12:02] WARNING: C:\actions-runner\_work\xgboost\xgboost\src\learner.cc:782: 
Parameters: { "devices", "task_type" } are not used.

  bst.update(dtrain, iteration=i, fobj=obj)
                                                                                   Best trial: 9. Best value: 1.82647:  52%|█████▏    | 26/50 [03:54<03:49,  9.55s/it]Best trial: 9. Best value: 1.82647:  52%|█████▏    | 26/50 [03:54<03:49,  9.55s/it]Best trial: 9. Best value: 1.82647:  54%|█████▍    | 27/50 [03:54<03:38,  9.49s/it]D:\Python\realtime_estimate_tracker\venv_bds\lib\site-packages\xgboost\training.py:200: UserWarning: [22:12:11] WARNING: C:\action