[I 2026-03-15 22:04:12,864] Trial 0 finished with value: 2.720425533822405 and parameters: {'n_estimators': 306, 'learning_rate': 0.00651059162912909, 'max_depth': 5, 'subsample': 0.6869421808485252, 'colsample_bytree': 0.697627411751315, 'min_child_weight': 5}. Best is trial 0 with value: 2.720425533822405.
[I 2026-03-15 22:04:16,361] Trial 1 finished with value: 1.7763314344046153 and parameters: {'n_estimators': 1117, 'learning_rate': 0.06505876133645251, 'max_depth': 12, 'subsample': 0.7483396228617617, 'colsample_bytree': 0.8467469053102279, 'min_child_weight': 3}. Best is trial 1 with value: 1.7763314344046153.
[I 2026-03-15 22:04:21,454] Trial 2 finished with value: 1.7898018071688049 and parameters: {'n_estimators': 1353, 'learning_rate': 0.006939298157845345, 'max_depth': 12, 'subsample': 0.6207331102861188, 'colsample_bytree': 0.64347857277822, 'min_child_weight': 1}. Best is trial 1 with value: 1.7763314344046153.
[I 2026-03-15 22:04:22,592] Trial 3 finished with value: 1.726878088683225 and parameters: {'n_estimators': 390, 'learning_rate': 0.05332644662917069, 'max_depth': 10, 'subsample': 0.6880884117139567, 'colsample_bytree': 0.9560222982089513, 'min_child_weight': 3}. Best is trial 3 with value: 1.726878088683225.
[I 2026-03-15 22:04:24,622] Trial 4 finished with value: 1.8182161000425445 and parameters: {'n_estimators': 825, 'learning_rate': 0.09314470000328058, 'max_depth': 9, 'subsample': 0.9576397682045181, 'colsample_bytree': 0.8160381750475595, 'min_child_weight': 10}. Best is trial 3 with value: 1.726878088683225.
[I 2026-03-15 22:04:26,600] Trial 5 finished with value: 1.7052565037004561 and parameters: {'n_estimators': 535, 'learning_rate': 0.02236048809431552, 'max_depth': 12, 'subsample': 0.7838749740890522, 'colsample_bytree': 0.8462602294878485, 'min_child_weight': 2}. Best is trial 5 with value: 1.7052565037004561.
[I 2026-03-15 22:04:31,884] Trial 6 finished with value: 1.6497913079044757 and parameters: {'n_estimators': 1229, 'learning_rate': 0.009779595025702715, 'max_depth': 13, 'subsample': 0.7061072483812642, 'colsample_bytree': 0.9246201897679266, 'min_child_weight': 1}. Best is trial 6 with value: 1.6497913079044757.
[I 2026-03-15 22:04:34,427] Trial 7 finished with value: 1.841833311854508 and parameters: {'n_estimators': 1192, 'learning_rate': 0.02880773214259159, 'max_depth': 6, 'subsample': 0.8682318250883172, 'colsample_bytree': 0.987311514546184, 'min_child_weight': 5}. Best is trial 6 with value: 1.6497913079044757.
[I 2026-03-15 22:04:37,279] Trial 8 finished with value: 1.8079547340222462 and parameters: {'n_estimators': 898, 'learning_rate': 0.013623559846416274, 'max_depth': 12, 'subsample': 0.6202442526130946, 'colsample_bytree': 0.7872039034867717, 'min_child_weight': 5}. Best is trial 6 with value: 1.6497913079044757.
[I 2026-03-15 22:04:39,943] Trial 9 finished with value: 1.8574495543755989 and parameters: {'n_estimators': 1147, 'learning_rate': 0.0865291491943872, 'max_depth': 8, 'subsample': 0.6216645223286088, 'colsample_bytree': 0.6521727596868429, 'min_child_weight': 6}. Best is trial 6 with value: 1.6497913079044757.
[I 2026-03-15 22:04:45,381] Trial 10 finished with value: 1.786066499032506 and parameters: {'n_estimators': 1473, 'learning_rate': 0.011715950440918983, 'max_depth': 15, 'subsample': 0.8671894473306988, 'colsample_bytree': 0.9013462783122188, 'min_child_weight': 8}. Best is trial 6 with value: 1.6497913079044757.
[I 2026-03-15 22:04:48,432] Trial 11 finished with value: 1.659202709145069 and parameters: {'n_estimators': 564, 'learning_rate': 0.026108393242671862, 'max_depth': 15, 'subsample': 0.792605692269671, 'colsample_bytree': 0.898505886049337, 'min_child_weight': 1}. Best is trial 6 with value: 1.6497913079044757.
[I 2026-03-15 22:04:52,030] Trial 12 finished with value: 1.6302130809667912 and parameters: {'n_estimators': 714, 'learning_rate': 0.026872178021809245, 'max_depth': 15, 'subsample': 0.8399064062023687, 'colsample_bytree': 0.9262128757711544, 'min_child_weight': 1}. Best is trial 12 with value: 1.6302130809667912.
[I 2026-03-15 22:04:55,225] Trial 13 finished with value: 1.7046297999564297 and parameters: {'n_estimators': 725, 'learning_rate': 0.013603481331785062, 'max_depth': 14, 'subsample': 0.8862136005866892, 'colsample_bytree': 0.9460459987829004, 'min_child_weight': 3}. Best is trial 12 with value: 1.6302130809667912.
[I 2026-03-15 22:04:59,386] Trial 14 finished with value: 1.7140540848728252 and parameters: {'n_estimators': 955, 'learning_rate': 0.034726160408442466, 'max_depth': 14, 'subsample': 0.7207132223092042, 'colsample_bytree': 0.7441789552842425, 'min_child_weight': 1}. Best is trial 12 with value: 1.6302130809667912.
[I 2026-03-15 22:05:02,071] Trial 15 finished with value: 1.7682517490964018 and parameters: {'n_estimators': 726, 'learning_rate': 0.009840921134708618, 'max_depth': 13, 'subsample': 0.9892253452047783, 'colsample_bytree': 0.9999918049094692, 'min_child_weight': 7}. Best is trial 12 with value: 1.6302130809667912.
[I 2026-03-15 22:05:06,213] Trial 16 finished with value: 1.710951915980363 and parameters: {'n_estimators': 1008, 'learning_rate': 0.01906205526089909, 'max_depth': 14, 'subsample': 0.8392343390005635, 'colsample_bytree': 0.9033355637109965, 'min_child_weight': 3}. Best is trial 12 with value: 1.6302130809667912.
[I 2026-03-15 22:05:09,980] Trial 17 finished with value: 1.6870399109079333 and parameters: {'n_estimators': 1295, 'learning_rate': 0.049374966774934595, 'max_depth': 10, 'subsample': 0.9319601123600476, 'colsample_bytree': 0.9384824875582007, 'min_child_weight': 2}. Best is trial 12 with value: 1.6302130809667912.
[I 2026-03-15 22:05:12,453] Trial 18 finished with value: 1.8854354139152765 and parameters: {'n_estimators': 605, 'learning_rate': 0.005211028867287247, 'max_depth': 13, 'subsample': 0.8207799728979135, 'colsample_bytree': 0.8697017900120416, 'min_child_weight': 4}. Best is trial 12 with value: 1.6302130809667912.
[I 2026-03-15 22:05:17,091] Trial 19 finished with value: 1.7947963897286168 and parameters: {'n_estimators': 1490, 'learning_rate': 0.017765653007249114, 'max_depth': 15, 'subsample': 0.6784857232699281, 'colsample_bytree': 0.7553727607629793, 'min_child_weight': 10}. Best is trial 12 with value: 1.6302130809667912.
[I 2026-03-15 22:05:20,471] Trial 20 finished with value: 1.788880732143132 and parameters: {'n_estimators': 1083, 'learning_rate': 0.037827765988946944, 'max_depth': 11, 'subsample': 0.7569530209396197, 'colsample_bytree': 0.6019557886091921, 'min_child_weight': 2}. Best is trial 12 with value: 1.6302130809667912.
[I 2026-03-15 22:05:23,278] Trial 21 finished with value: 1.6571623451770356 and parameters: {'n_estimators': 532, 'learning_rate': 0.028223081483364765, 'max_depth': 15, 'subsample': 0.7977753562482814, 'colsample_bytree': 0.9039525280417426, 'min_child_weight': 1}. Best is trial 12 with value: 1.6302130809667912.
[I 2026-03-15 22:05:25,851] Trial 22 finished with value: 1.6438227925402824 and parameters: {'n_estimators': 461, 'learning_rate': 0.035089287983396715, 'max_depth': 15, 'subsample': 0.9160258720031627, 'colsample_bytree': 0.9263364816089181, 'min_child_weight': 1}. Best is trial 12 with value: 1.6302130809667912.
[I 2026-03-15 22:05:27,558] Trial 23 finished with value: 1.6667015327902854 and parameters: {'n_estimators': 419, 'learning_rate': 0.0396913280858112, 'max_depth': 13, 'subsample': 0.9016851069153664, 'colsample_bytree': 0.9652760340203429, 'min_child_weight': 2}. Best is trial 12 with value: 1.6302130809667912.
[I 2026-03-15 22:05:30,508] Trial 24 finished with value: 1.756349657926335 and parameters: {'n_estimators': 704, 'learning_rate': 0.016905097690158258, 'max_depth': 14, 'subsample': 0.9465491747821859, 'colsample_bytree': 0.8647560715660644, 'min_child_weight': 4}. Best is trial 12 with value: 1.6302130809667912.
[I 2026-03-15 22:05:35,449] Trial 25 finished with value: 1.6478012684366081 and parameters: {'n_estimators': 817, 'learning_rate': 0.008261556382833822, 'max_depth': 15, 'subsample': 0.841895699932429, 'colsample_bytree': 0.9283128430513516, 'min_child_weight': 1}. Best is trial 12 with value: 1.6302130809667912.
[I 2026-03-15 22:05:39,143] Trial 26 finished with value: 1.7353192740405066 and parameters: {'n_estimators': 814, 'learning_rate': 0.048604347853457366, 'max_depth': 15, 'subsample': 0.8346747619133499, 'colsample_bytree': 0.8160902422423939, 'min_child_weight': 2}. Best is trial 12 with value: 1.6302130809667912.
[I 2026-03-15 22:05:40,667] Trial 27 finished with value: 1.7960036331783866 and parameters: {'n_estimators': 638, 'learning_rate': 0.022305628920885487, 'max_depth': 7, 'subsample': 0.9080224668781488, 'colsample_bytree': 0.9700797515405186, 'min_child_weight': 4}. Best is trial 12 with value: 1.6302130809667912.
[I 2026-03-15 22:05:42,688] Trial 28 finished with value: 1.6565720528418646 and parameters: {'n_estimators': 456, 'learning_rate': 0.06662127101677295, 'max_depth': 14, 'subsample': 0.8566841573785211, 'colsample_bytree': 0.8812992698477468, 'min_child_weight': 1}. Best is trial 12 with value: 1.6302130809667912.
[I 2026-03-15 22:05:44,350] Trial 29 finished with value: 2.151828688488821 and parameters: {'n_estimators': 821, 'learning_rate': 0.00603169879152587, 'max_depth': 5, 'subsample': 0.977446043374344, 'colsample_bytree': 0.9231406394217416, 'min_child_weight': 8}. Best is trial 12 with value: 1.6302130809667912.
[I 2026-03-15 22:05:45,741] Trial 30 finished with value: 2.0079736873007534 and parameters: {'n_estimators': 354, 'learning_rate': 0.007455032642033159, 'max_depth': 11, 'subsample': 0.9204599046199583, 'colsample_bytree': 0.7871746910764799, 'min_child_weight': 2}. Best is trial 12 with value: 1.6302130809667912.
[I 2026-03-15 22:05:50,355] Trial 31 finished with value: 1.6475797033921624 and parameters: {'n_estimators': 1013, 'learning_rate': 0.009202344070149575, 'max_depth': 13, 'subsample': 0.8208464410763303, 'colsample_bytree': 0.9341753789355982, 'min_child_weight': 1}. Best is trial 12 with value: 1.6302130809667912.
[I 2026-03-15 22:05:55,903] Trial 32 finished with value: 1.6509698345585473 and parameters: {'n_estimators': 981, 'learning_rate': 0.008693194928260718, 'max_depth': 15, 'subsample': 0.8211269334848251, 'colsample_bytree': 0.9307800660489582, 'min_child_weight': 1}. Best is trial 12 with value: 1.6302130809667912.
[I 2026-03-15 22:06:00,044] Trial 33 finished with value: 1.8051827931292388 and parameters: {'n_estimators': 902, 'learning_rate': 0.005013664956801323, 'max_depth': 14, 'subsample': 0.7730636171725592, 'colsample_bytree': 0.8323113653297792, 'min_child_weight': 3}. Best is trial 12 with value: 1.6302130809667912.
[I 2026-03-15 22:06:04,617] Trial 34 finished with value: 1.6423780448782244 and parameters: {'n_estimators': 1035, 'learning_rate': 0.014489071355962852, 'max_depth': 13, 'subsample': 0.8903928283083357, 'colsample_bytree': 0.9666725772291394, 'min_child_weight': 1}. Best is trial 12 with value: 1.6302130809667912.
[I 2026-03-15 22:06:08,965] Trial 35 finished with value: 1.6644977551504563 and parameters: {'n_estimators': 1049, 'learning_rate': 0.014674593830816339, 'max_depth': 13, 'subsample': 0.8840081404606555, 'colsample_bytree': 0.9830649321188599, 'min_child_weight': 2}. Best is trial 12 with value: 1.6302130809667912.
[I 2026-03-15 22:06:12,054] Trial 36 finished with value: 1.7191961218387364 and parameters: {'n_estimators': 895, 'learning_rate': 0.031203831482578805, 'max_depth': 12, 'subsample': 0.8947571982410105, 'colsample_bytree': 0.9573756627055722, 'min_child_weight': 3}. Best is trial 12 with value: 1.6302130809667912.
[I 2026-03-15 22:06:16,255] Trial 37 finished with value: 1.6659334237711554 and parameters: {'n_estimators': 1117, 'learning_rate': 0.010761526648973462, 'max_depth': 11, 'subsample': 0.9500525745348684, 'colsample_bytree': 0.9994357871010136, 'min_child_weight': 1}. Best is trial 12 with value: 1.6302130809667912.
[I 2026-03-15 22:06:17,573] Trial 38 finished with value: 1.7072395665954796 and parameters: {'n_estimators': 302, 'learning_rate': 0.024024941015137673, 'max_depth': 12, 'subsample': 0.9297063954111596, 'colsample_bytree': 0.8859293438274328, 'min_child_weight': 2}. Best is trial 12 with value: 1.6302130809667912.
[I 2026-03-15 22:06:20,943] Trial 39 finished with value: 1.7543940565807026 and parameters: {'n_estimators': 1264, 'learning_rate': 0.020584919681205342, 'max_depth': 9, 'subsample': 0.81540454347218, 'colsample_bytree': 0.8504197364839677, 'min_child_weight': 4}. Best is trial 12 with value: 1.6302130809667912.
[I 2026-03-15 22:06:23,415] Trial 40 finished with value: 1.6485389054064563 and parameters: {'n_estimators': 489, 'learning_rate': 0.0156738667456136, 'max_depth': 13, 'subsample': 0.8712875977269072, 'colsample_bytree': 0.9757980211212071, 'min_child_weight': 1}. Best is trial 12 with value: 1.6302130809667912.
[I 2026-03-15 22:06:28,039] Trial 41 finished with value: 1.6654494756186466 and parameters: {'n_estimators': 774, 'learning_rate': 0.007796382350486667, 'max_depth': 15, 'subsample': 0.8474022272908814, 'colsample_bytree': 0.9155138062676211, 'min_child_weight': 1}. Best is trial 12 with value: 1.6302130809667912.
[I 2026-03-15 22:06:32,375] Trial 42 finished with value: 1.6765993669085841 and parameters: {'n_estimators': 939, 'learning_rate': 0.012327485227309287, 'max_depth': 14, 'subsample': 0.811064025214514, 'colsample_bytree': 0.9448762354710335, 'min_child_weight': 2}. Best is trial 12 with value: 1.6302130809667912.
[I 2026-03-15 22:06:36,432] Trial 43 finished with value: 1.6879170644431327 and parameters: {'n_estimators': 644, 'learning_rate': 0.006589363366444189, 'max_depth': 15, 'subsample': 0.7739027465532391, 'colsample_bytree': 0.9534592754908779, 'min_child_weight': 1}. Best is trial 12 with value: 1.6302130809667912.
[I 2026-03-15 22:06:41,605] Trial 44 finished with value: 1.6436878873398064 and parameters: {'n_estimators': 1030, 'learning_rate': 0.009334626775069617, 'max_depth': 14, 'subsample': 0.861536775017566, 'colsample_bytree': 0.9282798350330865, 'min_child_weight': 1}. Best is trial 12 with value: 1.6302130809667912.
[I 2026-03-15 22:06:46,928] Trial 45 finished with value: 1.6913545960380636 and parameters: {'n_estimators': 1176, 'learning_rate': 0.010199985038135935, 'max_depth': 14, 'subsample': 0.873122714650205, 'colsample_bytree': 0.8865712885223805, 'min_child_weight': 2}. Best is trial 12 with value: 1.6302130809667912.
[I 2026-03-15 22:06:51,021] Trial 46 finished with value: 1.7126367325612954 and parameters: {'n_estimators': 1035, 'learning_rate': 0.012658873777902606, 'max_depth': 13, 'subsample': 0.9113338833755179, 'colsample_bytree': 0.9204922087836163, 'min_child_weight': 3}. Best is trial 12 with value: 1.6302130809667912.
[I 2026-03-15 22:06:54,430] Trial 47 finished with value: 1.7127911394025916 and parameters: {'n_estimators': 1088, 'learning_rate': 0.04271990504650612, 'max_depth': 12, 'subsample': 0.9720604097726531, 'colsample_bytree': 0.9558670741930898, 'min_child_weight': 6}. Best is trial 12 with value: 1.6302130809667912.
[I 2026-03-15 22:07:00,326] Trial 48 finished with value: 1.6969199951652232 and parameters: {'n_estimators': 1368, 'learning_rate': 0.03382653203315307, 'max_depth': 14, 'subsample': 0.857030677914396, 'colsample_bytree': 0.8591819423795681, 'min_child_weight': 1}. Best is trial 12 with value: 1.6302130809667912.
