[I 2026-03-23 22:05:11,479] Trial 49 finished with value: 1.8110683676577173 and parameters: {'n_estimators': 655, 'learning_rate': 0.033381736881392225, 'max_depth': 15, 'subsample': 0.9835633633512529, 'colsample_bytree': 0.9829441242396331, 'min_child_weight': 6}. Best is trial 43 with value: 1.7965533291040372.
✅ Tham số tối ưu nhất từ Optuna: {'n_estimators': 765, 'learning_rate': 0.03338695057790929, 'max_depth': 15, 'subsample': 0.8863235687379253, 'colsample_bytree': 0.9800691038917776, 'min_child_weight': 8}
MAE của mô hình XGBoost: 1.7977
R² của mô hình XGBoost: 0.9160
🥊 Đang so sánh... Champion MAE: 1.6245 vs Challenger MAE: 1.7977
🛡️ Champion bảo vệ ngôi vương. Giữ nguyên mô hình cũ.
[Mon 03/23/2026 22:05:15.33] [4/4] Dang dong bo AI Model (qua LFS) len GitHub... 
[main b01e451] Auto-update AI Model: Mon 03/23/2026 22:05:16.78
 2 files changed, 312 insertions(+)
remote: This repository moved. Please use the new location:        
remote:   https://github.com/HieuNT316/hanoi-house-price-prediction.git        
To https://github.com/Alexus143/hanoi-house-price-prediction.git
   dda26c4..b01e451  main -> main
========================================= 
[Tue 03/24/2026 22:00:02.77] [1/4] Dang cao chi tiet BĐS... 
🔍 Đang cấu hình Database với: postgres.kkwivuufxdewurmxtsto@aws-1-ap-southeast-1.pooler.supabase.com:5432/postgres

[DetailSpider] Khởi động luồng làm giàu dữ liệu (Limit: 50 bài/lượt)...
✅ Đã kết nối thành công tới PostgreSQL.
[DetailSpider] ✅ Không có listing nào cần làm giàu dữ liệu. Đi ngủ!
[Tue 03/24/2026 22:00:24.48] [2/4] Dang clean du lieu... 
🔍 Đang cấu hình Database với: postgres.kkwivuufxdewurmxtsto@aws-1-ap-southeast-1.pooler.supabase.com:5432/postgres
✅ Đã kết nối thành công tới PostgreSQL.
🔄 Upsert thành công 5440 bản ghi vào 'bds_hadong'.
✅ Đã cập nhật cột legal_status và furniture thành công.
[Tue 03/24/2026 22:00:30.95] [3/4] Dang huan luyen AI tren du lieu moi... 
🔍 Đang cấu hình Database với: postgres.kkwivuufxdewurmxtsto@aws-1-ap-southeast-1.pooler.supabase.com:5432/postgres
[I 2026-03-24 22:00:51,989] A new study created in memory with name: no-name-1fff6eab-bdd5-4221-b2a8-7e6b939a5194
✅ Đã kết nối thành công tới PostgreSQL.
  0%|          | 0/50 [00:00<?, ?it/s]D:\Python\realtime_estimate_tracker\venv_bds\lib\site-packages\xgboost\training.py:200: UserWarning: [22:00:52] WARNING: C:\actions-runner\_work\xgboost\xgboost\src\learner.cc:782: 
Parameters: { "devices", "task_type" } are not used.

  bst.update(dtrain, iteration=i, fobj=obj)
                                        0%|          | 0/50 [00:01<?, ?it/s]Best trial: 0. Best value: 2.34649:   0%|          | 0/50 [00:01<?, ?it/s]Best trial: 0. Best value: 2.34649:   2%|▏         | 1/50 [00:01<01:23,  1.71s/it]D:\Python\realtime_estimate_tracker\venv_bds\lib\site-packages\xgboost\training.py:200: UserWarning: [22:00:53] WARNING: C:\actions-runner\_work\xgboost\xgboost\src\learner.cc:782: 
Parameters: { "devices", "task_type" } are not used.

  bst.update(dtrain, iteration=i, fobj=obj)
                                                                                  Best trial: 0. Best value: 2.34649:   2%|▏         | 1/50 [00:03<01:23,  1.71s/it]Best trial: 1. Best value: 1.98557:   2%|▏         | 1/50 [00:03<01:23,  1.71s/it]Best trial: 1. Best value: 1.98557:   4%|▍         | 2/50 [00:03<01:21,  1.69s/it]D:\Python\realtime_estimate_tracker\venv_bds\lib\site-packages\xgboost\training.py:200: UserWarning: [22:00:55] WARNING: C:\actions-runner\_work\xgboost\xgboost\src\learner.cc:782: 
Parameters: { "devices", "task_type" } are not used.

  bst.update(dtrain, iteration=i, fobj=obj)
                                                                                  Best trial: 1. Best value: 1.98557:   4%|▍         | 2/50 [00:05<01:21,  1.69s/it]Best trial: 1. Best value: 1.98557:   4%|▍         | 2/50 [00:05<01:21,  1.69s/it]Best trial: 1. Best value: 1.98557:   6%|▌         | 3/50 [00:05<01:19,  1.69s/it]D:\Python\realtime_estimate_tracker\venv_bds\lib\site-packages\xgboost\training.py:200: UserWarning: [22:00:57] WARNING: C:\actions-runner\_work\xgboost\xgboost\src\learner.cc:782: 
Parameters: { "devices", "task_type" } are not used.

  bst.update(dtrain, iteration=i, fobj=obj)
                                                                                  Best trial: 1. Best value: 1.98557:   6%|▌         | 3/50 [00:08<01:19,  1.69s/it]Best trial: 1. Best value: 1.98557:   6%|▌         | 3/50 [00:08<01:19,  1.69s/it]Best trial: 1. Best value: 1.98557:   8%|▊         | 4/50 [00:08<01:41,  2.21s/it]D:\Python\realtime_estimate_tracker\venv_bds\lib\site-packages\xgboost\training.py:200: UserWarning: [22:01:00] WARNING: C:\actions-runner\_work\xgboost\xgboost\src\learner.cc:782: 
Parameters: { "devices", "task_type" } are not used.

  bst.update(dtrain, iteration=i, fobj=obj)
                                                                                  Best trial: 1. Best value: 1.98557:   8%|▊         | 4/50 [00:11<01:41,  2.21s/it]Best trial: 4. Best value: 1.89819:   8%|▊         | 4/50 [00:11<01:41,  2.21s/it]Best trial: 4. Best value: 1.89819:  10%|█         | 5/50 [00:11<02:04,  2.77s/it]D:\Python\realtime_estimate_tracker\venv_bds\lib\site-packages\xgboost\training.py:200: UserWarning: [22:01:03] WARNING: C:\actions-runner\_work\xgboost\xgboost\src\learner.cc:782: 
Parameters: { "devices", "task_type" } are not used.

  bst.update(dtrain, iteration=i, fobj=obj)
                                                                                  Best trial: 4. Best value: 1.89819:  10%|█         | 5/50 [00:13<02:04,  2.77s/it]Best trial: 4. Best value: 1.89819:  10%|█         | 5/50 [00:13<02:04,  2.77s/it]Best trial: 4. Best value: 1.89819:  12%|█▏        | 6/50 [00:13<01:52,  2.55s/it]D:\Python\realtime_estimate_tracker\venv_bds\lib\site-packages\xgboost\training.py:200: UserWarning: [22:01:05] WARNING: C:\actions-runner\_work\xgboost\xgboost\src\learner.cc:782: 
Parameters: { "devices", "task_type" } are not used.

  bst.update(dtrain, iteration=i, fobj=obj)
                                                                                  Best trial: 4. Best value: 1.89819:  12%|█▏        | 6/50 [00:16<01:52,  2.55s/it]Best trial: 4. Best value: 1.89819:  12%|█▏        | 6/50 [00:16<01:52,  2.55s/it]Best trial: 4. Best value: 1.89819:  14%|█▍        | 7/50 [00:16<01:50,  2.57s/it]D:\Python\realtime_estimate_tracker\venv_bds\lib\site-packages\xgboost\training.py:200: UserWarning: [22:01:08] WARNING: C:\actions-runner\_work\xgboost\xgboost\src\learner.cc:782: 
Parameters: { "devices", "task_type" } are not used.

  bst.update(dtrain, iteration=i, fobj=obj)
                                                                                  Best trial: 4. Best value: 1.89819:  14%|█▍        | 7/50 [00:19<01:50,  2.57s/it]Best trial: 7. Best value: 1.86772:  14%|█▍        | 7/50 [00:19<01:50,  2.57s/it]Best trial: 7. Best value: 1.86772:  16%|█▌        | 8/50 [00:19<01:53,  2.70s/it]D:\Python\realtime_estimate_tracker\venv_bds\lib\site-packages\xgboost\training.py:200: UserWarning: [22:01:11] WARNING: C:\actions-runner\_work\xgboost\xgboost\src\learner.cc:782: 
Parameters: { "devices", "task_type" } are not used.

  bst.update(dtrain, iteration=i, fobj=obj)
                                                                                  Best trial: 7. Best value: 1.86772:  16%|█▌        | 8/50 [00:23<01:53,  2.70s/it]Best trial: 8. Best value: 1.8285:  16%|█▌        | 8/50 [00:23<01:53,  2.70s/it] Best trial: 8. Best value: 1.8285:  18%|█▊        | 9/50 [00:23<02:11,  3.22s/it]D:\Python\realtime_estimate_tracker\venv_bds\lib\site-packages\xgboost\training.py:200: UserWarning: [22:01:15] WARNING: C:\actions-runner\_work\xgboost\xgboost\src\learner.cc:782: 
Parameters: { "devices", "task_type" } are not used.

  bst.update(dtrain, iteration=i, fobj=obj)
                                                                                 Best trial: 8. Best value: 1.8285:  18%|█▊        | 9/50 [00:26<02:11,  3.22s/it]Best trial: 8. Best value: 1.8285:  18%|█▊        | 9/50 [00:26<02:11,  3.22s/it]Best trial: 8. Best value: 1.8285:  20%|██        | 10/50 [00:26<01:59,  2.98s/it]D:\Python\realtime_estimate_tracker\venv_bds\lib\site-packages\xgboost\training.py:200: UserWarning: [22:01:18] WARNING: C:\actions-runner\_work\xgboost\xgboost\src\learner.cc:782: 
Parameters: { "devices", "task_type" } are not used.

  bst.update(dtrain, iteration=i, fobj=obj)
                                                                                  Best trial: 8. Best value: 1.8285:  20%|██        | 10/50 [00:31<01:59,  2.98s/it]Best trial: 8. Best value: 1.8285:  20%|██        | 10/50 [00:31<01:59,  2.98s/it]Best trial: 8. Best value: 1.8285:  22%|██▏       | 11/50 [00:31<02:17,  3.53s/it]D:\Python\realtime_estimate_tracker\venv_bds\lib\site-packages\xgboost\training.py:200: UserWarning: [22:01:23] WARNING: C:\actions-runner\_work\xgboost\xgboost\src\learner.cc:782: 
Parameters: { "devices", "task_type" } are not used.

  bst.update(dtrain, iteration=i, fobj=obj)
                                                                                  Best trial: 8. Best value: 1.8285:  22%|██▏       | 11/50 [00:35<02:17,  3.53s/it]Best trial: 11. Best value: 1.81908:  22%|██▏       | 11/50 [00:35<02:17,  3.53s/it]Best trial: 11. Best value: 1.81908:  24%|██▍       | 12/50 [00:35<02:28,  3.91s/it]D:\Python\realtime_estimate_tracker\venv_bds\lib\site-packages\xgboost\training.py:200: UserWarning: [22:01:27] WARNING: C:\actions-runner\_work\xgboost\xgboost\src\learner.cc:782: 
Parameters: { "devices", "task_type" } are not used.

  bst.update(dtrain, iteration=i, fobj=obj)
                                                                                    Best trial: 11. Best value: 1.81908:  24%|██▍       | 12/50 [00:40<02:28,  3.91s/it]Best trial: 11. Best value: 1.81908:  24%|██▍       | 12/50 [00:40<02:28,  3.91s/it]Best trial: 11. Best value: 1.81908:  26%|██▌       | 13/50 [00:40<02:32,  4.12s/it]D:\Python\realtime_estimate_tracker\venv_bds\lib\site-packages\xgboost\training.py:200: UserWarning: [22:01:32] WARNING: C:\actions-runner\_work\xgboost\xgboost\src\learner.cc:782: 
Parameters: { "devices", "task_type" } are not used.

  bst.update(dtrain, iteration=i, fobj=obj)
                                                                                    Best trial: 11. Best value: 1.81908:  26%|██▌       | 13/50 [00:44<02:32,  4.12s/it]Best trial: 11. Best value: 1.81908:  26%|██▌       | 13/50 [00:44<02:32,  4.12s/it]Best trial: 11. Best value: 1.81908:  28%|██▊       | 14/50 [00:44<02:29,  4.17s/it]D:\Python\realtime_estimate_tracker\venv_bds\lib\site-packages\xgboost\training.py:200: UserWarning: [22:01:36] WARNING: C:\actions-runner\_work\xgboost\xgboost\src\learner.cc:782: 
Parameters: { "devices", "task_type" } are not used.

  bst.update(dtrain, iteration=i, fobj=obj)
                                                                                    Best trial: 11. Best value: 1.81908:  28%|██▊       | 14/50 [00:49<02:29,  4.17s/it]Best trial: 11. Best value: 1.81908:  28%|██▊       | 14/50 [00:49<02:29,  4.17s/it]Best trial: 11. Best value: 1.81908:  30%|███       | 15/50 [00:49<02:27,  4.22s/it]D:\Python\realtime_estimate_tracker\venv_bds\lib\site-packages\xgboost\training.py:200: UserWarning: [22:01:41] WARNING: C:\actions-runner\_work\xgboost\xgboost\src\learner.cc:782: 
Parameters: { "devices", "task_type" } are not used.

  bst.update(dtrain, iteration=i, fobj=obj)
                                                                                    Best trial: 11. Best value: 1.81908:  30%|███       | 15/50 [00:53<02:27,  4.22s/it]Best trial: 11. Best value: 1.81908:  30%|███       | 15/50 [00:53<02:27,  4.22s/it]Best trial: 11. Best value: 1.81908:  32%|███▏      | 16/50 [00:53<02:22,  4.20s/it]D:\Python\realtime_estimate_tracker\venv_bds\lib\site-packages\xgboost\training.py:200: UserWarning: [22:01:45] WARNING: C:\actions-runner\_work\xgboost\xgboost\src\learner.cc:782: 
Parameters: { "devices", "task_type" } are not used.

  bst.update(dtrain, iteration=i, fobj=obj)
                                                                                    Best trial: 11. Best value: 1.81908:  32%|███▏      | 16/50 [00:56<02:22,  4.20s/it]Best trial: 11. Best value: 1.81908:  32%|███▏      | 16/50 [00:56<02:22,  4.20s/it]Best trial: 11. Best value: 1.81908:  34%|███▍      | 17/50 [00:56<02:13,  4.05s/it]D:\Python\realtime_estimate_tracker\venv_bds\lib\site-packages\xgboost\training.py:200: UserWarning: [22:01:49] WARNING: C:\actions-runner\_work\xgboost\xgboost\src\learner.cc:782: 
Parameters: { "devices", "task_type" } are not used.

  bst.update(dtrain, iteration=i, fobj=obj)
                                                                                    Best trial: 11. Best value: 1.81908:  34%|███▍      | 17/50 [01:00<02:13,  4.05s/it]Best trial: 11. Best value: 1.81908:  34%|███▍      | 17/50 [01:00<02:13,  4.05s/it]Best trial: 11. Best value: 1.81908:  36%|███▌      | 18/50 [01:00<02:03,  3.87s/it]D:\Python\realtime_estimate_tracker\venv_bds\lib\site-packages\xgboost\training.py:200: UserWarning: [22:01:52] WARNING: C:\actions-runner\_work\xgboost\xgboost\src\learner.cc:782: 
Parameters: { "devices", "task_type" } are not used.

  bst.update(dtrain, iteration=i, fobj=obj)
                                                                                    Best trial: 11. Best value: 1.81908:  36%|███▌      | 18/50 [01:04<02:03,  3.87s/it]Best trial: 18. Best value: 1.78655:  36%|███▌      | 18/50 [01:04<02:03,  3.87s/it]Best trial: 18. Best value: 1.78655:  38%|███▊      | 19/50 [01:04<01:57,  3.80s/it]D:\Python\realtime_estimate_tracker\venv_bds\lib\site-packages\xgboost\training.py:200: UserWarning: [22:01:56] WARNING: C:\actions-runner\_work\xgboost\xgboost\src\learner.cc:782: 
Parameters: { "devices", "task_type" } are not used.

  bst.update(dtrain, iteration=i, fobj=obj)
                                                                                    Best trial: 18. Best value: 1.78655:  38%|███▊      | 19/50 [01:07<01:57,  3.80s/it]Best trial: 18. Best value: 1.78655:  38%|███▊      | 19/50 [01:07<01:57,  3.80s/it]Best trial: 18. Best value: 1.78655:  40%|████      | 20/50 [01:07<01:48,  3.61s/it]D:\Python\realtime_estimate_tracker\venv_bds\lib\site-packages\xgboost\training.py:200: UserWarning: [22:01:59] WARNING: C:\actions-runner\_work\xgboost\xgboost\src\learner.cc:782: 
Parameters: { "devices", "task_type" } are not used.

  bst.update(dtrain, iteration=i, fobj=obj)
                                                                                    Best trial: 18. Best value: 1.78655:  40%|████      | 20/50 [01:09<01:48,  3.61s/it]Best trial: 18. Best value: 1.78655:  40%|████      | 20/50 [01:09<01:48,  3.61s/it]Best trial: 18. Best value: 1.78655:  42%|████▏     | 21/50 [01:09<01:36,  3.32s/it]D:\Python\realtime_estimate_tracker\venv_bds\lib\site-packages\xgboost\training.py:200: UserWarning: [22:02:01] WARNING: C:\actions-runner\_work\xgboost\xgboost\src\learner.cc:782: 
Parameters: { "devices", "task_type" } are not used.

  bst.update(dtrain, iteration=i, fobj=obj)
                                                                                    Best trial: 18. Best value: 1.78655:  42%|████▏     | 21/50 [01:13<01:36,  3.32s/it]Best trial: 18. Best value: 1.78655:  42%|████▏     | 21/50 [01:13<01:36,  3.32s/it]Best trial: 18. Best value: 1.78655:  44%|████▍     | 22/50 [01:13<01:34,  3.36s/it]D:\Python\realtime_estimate_tracker\venv_bds\lib\site-packages\xgboost\training.py:200: UserWarning: [22:02:05] WARNING: C:\actions-runner\_work\xgboost\xgboost\src\learner.cc:782: 
Parameters: { "devices", "task_type" } are not used.

  bst.update(dtrain, iteration=i, fobj=obj)
                                                                                    Best trial: 18. Best value: 1.78655:  44%|████▍     | 22/50 [01:17<01:34,  3.36s/it]Best trial: 18. Best value: 1.78655:  44%|████▍     | 22/50 [01:17<01:34,  3.36s/it]Best trial: 18. Best value: 1.78655:  46%|████▌     | 23/50 [01:17<01:35,  3.55s/it]D:\Python\realtime_estimate_tracker\venv_bds\lib\site-packages\xgboost\training.py:200: UserWarning: [22:02:09] WARNING: C:\actions-runner\_work\xgboost\xgboost\src\learner.cc:782: 
Parameters: { "devices", "task_type" } are not used.

  bst.update(dtrain, iteration=i, fobj=obj)
                                                                                    Best trial: 18. Best value: 1.78655:  46%|████▌     | 23/50 [01:20<01:35,  3.55s/it]Best trial: 18. Best value: 1.78655:  46%|████▌     | 23/50 [01:20<01:35,  3.55s/it]Best trial: 18. Best value: 1.78655:  48%|████▊     | 24/50 [01:20<01:31,  3.54s/it]D:\Python\realtime_estimate_tracker\venv_bds\lib\site-packages\xgboost\training.py:200: UserWarning: [22:02:12] WARNING: C:\actions-runner\_work\xgboost\xgboost\src\learner.cc:782: 
Parameters: { "devices", "task_type" } are not used.

  bst.update(dtrain, iteration=i, fobj=obj)
                                                                                    Best trial: 18. Best value: 1.78655:  48%|████▊     | 24/50 [01:26<01:31,  3.54s/it]Best trial: 18. Best value: 1.78655:  48%|████▊     | 24/50 [01:26<01:31,  3.54s/it]Best trial: 18. Best value: 1.78655:  50%|█████     | 25/50 [01:26<01:42,  4.11s/it]D:\Python\realtime_estimate_tracker\venv_bds\lib\site-packages\xgboost\training.py:200: UserWarning: [22:02:18] WARNING: C:\actions-runner\_work\xgboost\xgboost\src\learner.cc:782: 
Parameters: { "devices", "task_type" } are not used.

  bst.update(dtrain, iteration=i, fobj=obj)
                                                                                    Best trial: 18. Best value: 1.78655:  50%|█████     | 25/50 [01:29<01:42,  4.11s/it]Best trial: 18. Best value: 1.78655:  50%|█████     | 25/50 [01:29<01:42,  4.11s/it]Best trial: 18. Best value: 1.78655:  52%|█████▏    | 26/50 [01:29<01:31,  3.80s/it]D:\Python\realtime_estimate_tracker\venv_bds\lib\site-packages\xgboost\training.py:200: UserWarning: [22:02:21] WARNING: C:\actions-runner\_work\xgboost\xgboost\src\learner.cc:782: 
Parameters: { "devices", "task_type" } are not used.

  bst.update(dtrain, iteration=i, fobj=obj)
                                                                                    Best trial: 18. Best value: 1.78655:  52%|█████▏    | 26/50 [01:31<01:31,  3.80s/it]Best trial: 18. Best value: 1.78655:  52%|█████▏    | 26/50 [01:31<01:31,  3.80s/it]Best trial: 18. Best value: 1.78655:  54%|█████▍    | 27/50 [01:31<01:12,  3.16s/it]D:\Python\realtime_estimate_tracker\venv_bds\lib\site-packages\xgboost\training.py:200: UserWarning: [22:02:23] WARNING: C:\actions-runner\_work\xgboost\xgboost\src\learner.cc:782: 
Parameters: { "devices", "task_type" } are not used.

  bst.update(dtrain, iteration=i, fobj=obj)
                                                                                    Best trial: 18. Best value: 1.78655:  54%|█████▍    | 27/50 [01:35<01:12,  3.16s/it]Best trial: 18. Best value: 1.78655:  54%|█████▍    | 27/50 [01:35<01:12,  3.16s/it]Best trial: 18. Best value: 1.78655:  56%|█████▌    | 28/50 [01:35<01:17,  3.53s/it]D:\Python\realtime_estimate_tracker\venv_bds\lib\site-packages\xgboost\training.py:200: UserWarning: [22:02:27] WARNING: C:\actions-runner\_work\xgboost\xgboost\src\learner.cc:782: 
Parameters: { "devices", "task_type" } are not used.

  bst.update(dtrain, iteration=i, fobj=obj)
                                                                                    Best trial: 18. Best value: 1.78655:  56%|█████▌    | 28/50 [01:37<01:17,  3.53s/it]Best trial: 18. Best value: 1.78655:  56%|█████▌    | 28/50 [01:37<01:17,  3.53s/it]Best trial: 18. Best value: 1.78655:  58%|█████▊    | 29/50 [01:37<01:03,  3.05s/it]D:\Python\realtime_estimate_tracker\venv_bds\lib\site-packages\xgboost\training.py:200: UserWarning: [22:02:29] WARNING: C:\actions-runner\_work\xgboost\xgboost\src\learner.cc:782: 
Parameters: { "devices", "task_type" } are not used.

  bst.update(dtrain, iteration=i, fobj=obj)
                                                                                    Best trial: 18. Best value: 1.78655:  58%|█████▊    | 29/50 [01:40<01:03,  3.05s/it]Best trial: 18. Best value: 1.78655:  58%|█████▊    | 29/50 [01:40<01:03,  3.05s/it]Best trial: 18. Best value: 1.78655:  60%|██████    | 30/50 [01:40<01:04,  3.22s/it]D:\Python\realtime_estimate_tracker\venv_bds\lib\site-packages\xgboost\training.py:200: UserWarning: [22:02:32] WARNING: C:\actions-runner\_work\xgboost\xgboost\src\learner.cc:782: 
Parameters: { "devices", "task_type" } are not used.

  bst.update(dtrain, iteration=i, fobj=obj)
                                                                                    Best trial: 18. Best value: 1.78655:  60%|██████    | 30/50 [01:44<01:04,  3.22s/it]Best trial: 18. Best value: 1.78655:  60%|██████    | 30/50 [01:44<01:04,  3.22s/it]Best trial: 18. Best value: 1.78655:  62%|██████▏   | 31/50 [01:44<01:01,  3.24s/it]D:\Python\realtime_estimate_tracker\venv_bds\lib\site-packages\xgboost\training.py:200: UserWarning: [22:02:36] WARNING: C:\actions-runner\_work\xgboost\xgboost\src\learner.cc:782: 
Parameters: { "devices", "task_type" } are not used.

  bst.update(dtrain, iteration=i, fobj=obj)
                                                                                    Best trial: 18. Best value: 1.78655:  62%|██████▏   | 31/50 [01:47<01:01,  3.24s/it]Best trial: 18. Best value: 1.78655:  62%|██████▏   | 31/50 [01:47<01:01,  3.24s/it]Best trial: 18. 