[I 2026-03-07 23:36:48,312] Trial 49 finished with value: 1.8415940435541887 and parameters: {'n_estimators': 725, 'learning_rate': 0.008309991921687491, 'max_depth': 15, 'subsample': 0.8276118406468718, 'colsample_bytree': 0.9820001299992546, 'min_child_weight': 1}. Best is trial 46 with value: 1.821508596246327.
✅ Tham số tối ưu nhất từ Optuna: {'n_estimators': 716, 'learning_rate': 0.010277587833123507, 'max_depth': 14, 'subsample': 0.8134983831589588, 'colsample_bytree': 0.9997220981111493, 'min_child_weight': 1}
MAE của mô hình XGBoost: 1.8215
R² của mô hình XGBoost: 0.9246
🥊 Đang so sánh... Champion MAE: 1.7422 vs Challenger MAE: 1.8215
🛡️ Champion bảo vệ ngôi vương. Giữ nguyên mô hình cũ.
[Sat 03/07/2026 23:36:54.19] [4/4] Dang dong bo AI Model (qua LFS) len GitHub... 
fatal: Unable to create 'D:/Python/realtime_estimate_tracker/.git/index.lock': File exists.

Another git process seems to be running in this repository, e.g.
an editor opened by 'git commit'. Please make sure all processes
are terminated then try again. If it still fails, a git process
may have crashed in this repository earlier:
remove the file manually to continue.
remote: This repository moved. Please use the new location:        
remote:   https://github.com/HieuNT316/hanoi-house-price-prediction.git        
To https://github.com/Alexus143/hanoi-house-price-prediction.git
   8a2c6dd..dc41eae  main -> main
========================================= 
[Sun 03/08/2026 22:00:03.34] [1/4] Dang cao chi tiet BĐS... 
🔍 Đang cấu hình Database với: postgres.kkwivuufxdewurmxtsto@aws-1-ap-southeast-1.pooler.supabase.com:5432/postgres

[DetailSpider] Khởi động luồng làm giàu dữ liệu (Limit: 50 bài/lượt)...
✅ Đã kết nối thành công tới PostgreSQL.
[Browser] Đang khởi tạo trình duyệt...
[Browser] Phát hiện Chrome (Windows): Version 139

[DetailSpider] Đang cào (1/22): https://batdongsan.com.vn/ban-can-ho-chung-cu-duong-tran-phu-phuong-van-quan-grand-sunlake/ban-92m2-gia-5-1-ty-pr45234932
  -> Lấy được 3/6 feature chi tiết.

[DetailSpider] Đang cào (2/22): https://batdongsan.com.vn/ban-can-ho-chung-cu-phuong-la-khe-khu-do-thi-van-khe/chinh-chu-ban-ha-ong-gia-sieu-tot-4x-trieu-m2-so-o-cat-ket-pr45237461
  -> Lấy được 3/6 feature chi tiết.

[DetailSpider] Đang cào (3/22): https://batdongsan.com.vn/ban-nha-rieng-duong-tieu-cong-nghe-phuong-quang-trung-17-15/85m2-tai-ha-ong-gia-cuc-chat-17-5-ty-pr45252080
  -> Lấy được 3/6 feature chi tiết.

[DetailSpider] Đang cào (4/22): https://batdongsan.com.vn/ban-nha-rieng-duong-chua-vo-phuong-duong-noi-15/ban-ep-dan-xay-31m2-ngo-19-uong-la-noi-ha-ong-gia-6-6-ty-pr45248122
  -> Lấy được 6/6 feature chi tiết.

[DetailSpider] Đang cào (5/22): https://batdongsan.com.vn/ban-nha-rieng-duong-van-la-phuong-phu-la-15/ban-cap-4-ha-ong-35m-gia-hon-6-ty-pr45256174
  -> Lấy được 0/6 feature chi tiết.

[DetailSpider] Đang cào (6/22): https://batdongsan.com.vn/ban-nha-biet-thu-lien-ke-phuong-phuc-la-khu-do-thi-moi-van-quan/nhinh-18-ty-hang-hiem-phan-lo-dt70m-4-tang-vi-tri-ep-dan-tri-cao-pr45255895
  -> Lấy được 5/6 feature chi tiết.

[DetailSpider] Đang cào (7/22): https://batdongsan.com.vn/ban-nha-biet-thu-lien-ke-phuong-la-khe-khu-do-thi-van-khe/chinh-chu-gui-vp-quy-can-lk-bt-dien-tich-da-dang-83-450m-gia-tot-chi-tu-17-5-ty-co-tl-pr44532332
  -> Lấy được 3/6 feature chi tiết.

[DetailSpider] Đang cào (8/22): https://batdongsan.com.vn/ban-can-ho-chung-cu-duong-tran-phu-phuong-van-quan-grand-sunlake/gia-inh-khong-co-nhu-cau-su-dung-ban-goc-3pn-112-8m2-du-an-quan-pr45254421
  -> Lấy được 1/6 feature chi tiết.

[DetailSpider] Đang cào (9/22): https://batdongsan.com.vn/ban-dat-duong-nguyen-van-luyen-phuong-duong-noi-15/re-nhat-khong-co-lo-thu-2-dv-oi-dien-aeon-mall-ha-ong-sieu-ep-gia-au-tu-pr45253152
  -> Lấy được 3/6 feature chi tiết.

[DetailSpider] Đang cào (10/22): https://batdongsan.com.vn/ban-nha-biet-thu-lien-ke-duong-le-trong-tan-phuong-phu-la-khu-do-thi-moi-van-phu/19-ty-giam-2-ty-mat-pho-casta-kinh-doanh-inh-hoan-thien-ep-sieu-hiem-pr45239900
  -> Lấy được 5/6 feature chi tiết.

[DetailSpider] Đang cào (11/22): https://batdongsan.com.vn/ban-can-ho-chung-cu-phuong-la-khe-hpc-landmark-105/gap-lam-roi-cc-cao-cap-landmart-to-huu-3-ngu-3-vs-noi-that-cao-cap-pr45253086
  -> Lấy được 3/6 feature chi tiết.

[DetailSpider] Đang cào (12/22): https://batdongsan.com.vn/ban-can-ho-chung-cu-phuong-phuc-la-the-k-park/tu-4-7-ty-chinh-chu-ban-cc-van-phu-noi-that-xin-gia-giam-sau-pr45253050
  -> Lấy được 2/6 feature chi tiết.

[DetailSpider] Đang cào (13/22): https://batdongsan.com.vn/ban-nha-biet-thu-lien-ke-phuong-phuc-la-khu-do-thi-moi-van-quan/ban-lo-goc-k-t-ha-ong-5-tang-thang-may-phan-lo-via-he-o-to-tranh-kinh-doanh-pr45251906
  -> Lấy được 5/6 feature chi tiết.

[DetailSpider] Đang cào (14/22): https://batdongsan.com.vn/ban-nha-biet-thu-lien-ke-duong-van-quan-phuong-phuc-la-khu-do-thi-moi-van-quan/lo-goc-o-va-kd-phong-tot-hiem-co-135m-5t-3-thoang-chi-29-ty-pr45251772
  -> Lấy được 5/6 feature chi tiết.

[DetailSpider] Đang cào (15/22): https://batdongsan.com.vn/ban-can-ho-chung-cu-duong-le-trong-tan-phuong-phu-la-la-casta-van-phu/quy-ban-2-3-ngu-lacasta-em-at-cap-nhap-tai-ay-a-pr45251360
  -> Lấy được 3/6 feature chi tiết.

[DetailSpider] Đang cào (16/22): https://batdongsan.com.vn/ban-nha-biet-thu-lien-ke-duong-to-huu-phuong-la-khe-khu-do-thi-moi-an-hung/ban-vip-sat-vuong-villa-5tang-thang-may-full-noi-that-20m-uong-le-quang-ao-pr45235015
  -> Lấy được 6/6 feature chi tiết.

[DetailSpider] Đang cào (17/22): https://batdongsan.com.vn/ban-nha-rieng-duong-van-la-phuong-phu-la-15/ban-can-goc-moi-xay-5tang-60m2-canh-cho-thang-may-dong-tien-thu-ve-32tr-thang-gia-11-1-ty-pr45250195
  -> Lấy được 0/6 feature chi tiết.

[DetailSpider] Đang cào (18/22): https://batdongsan.com.vn/ban-can-ho-chung-cu-phuong-mo-lao-thap-doi-kepler-land/ban-dien-tich-103m2-toa-hh2-lien-he-ngay-de-duoc-tu-van-ky-pr45023598
  -> Lấy được 2/6 feature chi tiết.

[DetailSpider] Đang cào (19/22): https://batdongsan.com.vn/ban-can-ho-chung-cu-phuong-mo-lao-thap-doi-kepler-land/tong-hop-moi-nhat-quy-1pn-2pn-3pn-suat-ngoai-giao-toa-hh01-hh02-lh-em-thuong-pr44883055
  -> Lấy được 3/6 feature chi tiết.

[DetailSpider] Đang cào (20/22): https://batdongsan.com.vn/ban-can-ho-chung-cu-phuong-mo-lao-mulberry-lane/em-thuong-chao-ban-06-gia-hop-ly-san-nha-ban-giao-du-an-ha-noi-pr44835816
  -> Lấy được 3/6 feature chi tiết.

[DetailSpider] Đang cào (21/22): https://batdongsan.com.vn/ban-nha-biet-thu-lien-ke-phuong-kien-hung-khu-do-thi-thanh-ha-muong-thanh/ban-goc-154m2-24-ty-vnd-8pn-5wc-tai-o-ong-pr45245930
  -> Lấy được 5/6 feature chi tiết.

[DetailSpider] Đang cào (22/22): https://batdongsan.com.vn/ban-nha-mat-pho-duong-chien-thang-phuong-van-quan-15/ban-ha-ong-75m-6-tang-may-kinh-doanh-vip-24-ty-pr45245655
  -> Lấy được 2/6 feature chi tiết.

[DetailSpider] Hoàn thành. Cập nhật thành công 22/22 bài đăng.
[Sun 03/08/2026 22:05:20.06] [2/4] Dang clean du lieu... 
🔍 Đang cấu hình Database với: postgres.kkwivuufxdewurmxtsto@aws-1-ap-southeast-1.pooler.supabase.com:5432/postgres
✅ Đã kết nối thành công tới PostgreSQL.
🔄 Upsert thành công 5242 bản ghi vào 'bds_hadong'.
✅ Đã cập nhật cột legal_status và furniture thành công.
[Sun 03/08/2026 22:05:26.28] [3/4] Dang huan luyen AI tren du lieu moi... 
🔍 Đang cấu hình Database với: postgres.kkwivuufxdewurmxtsto@aws-1-ap-southeast-1.pooler.supabase.com:5432/postgres
[I 2026-03-08 22:05:32,251] A new study created in memory with name: no-name-d1530e56-b3ea-4917-8f0a-317d7973778d
✅ Đã kết nối thành công tới PostgreSQL.
  0%|          | 0/50 [00:00<?, ?it/s]                                        0%|          | 0/50 [00:01<?, ?it/s]Best trial: 0. Best value: 1.95265:   0%|          | 0/50 [00:01<?, ?it/s]Best trial: 0. Best value: 1.95265:   2%|▏         | 1/50 [00:01<01:34,  1.93s/it]                                                                                  Best trial: 0. Best value: 1.95265:   2%|▏         | 1/50 [00:03<01:34,  1.93s/it]Best trial: 0. Best value: 1.95265:   2%|▏         | 1/50 [00:03<01:34,  1.93s/it]Best trial: 0. Best value: 1.95265:   4%|▍         | 2/50 [00:03<01:20,  1.67s/it]                                                                                  Best trial: 0. Best value: 1.95265:   4%|▍         | 2/50 [00:06<01:20,  1.67s/it]Best trial: 0. Best value: 1.95265:   4%|▍         | 2/50 [00:06<01:20,  1.67s/it]Best trial: 0. Best value: 1.95265:   6%|▌         | 3/50 [00:06<01:40,  2.13s/it]                                                                                  Best trial: 0. Best value: 1.95265:   6%|▌         | 3/50 [00:07<01:40,  2.13s/it]Best trial: 0. Best value: 1.95265:   6%|▌         | 3/50 [00:07<01:40,  2.13s/it]Best trial: 0. Best value: 1.95265:   8%|▊         | 4/50 [00:07<01:17,  1.69s/it]                                                                                  Best trial: 0. Best value: 1.95265:   8%|▊         | 4/50 [00:11<01:17,  1.69s/it]Best trial: 4. Best value: 1.88447:   8%|▊         | 4/50 [00:11<01:17,  1.69s/it]Best trial: 4. Best value: 1.88447:  10%|█         | 5/50 [00:11<01:51,  2.49s/it]                                                                                  Best trial: 4. Best value: 1.88447:  10%|█         | 5/50 [00:13<01:51,  2.49s/it]Best trial: 4. Best value: 1.88447:  10%|█         | 5/50 [00:13<01:51,  2.49s/it]Best trial: 4. Best value: 1.88447:  12%|█▏        | 6/50 [00:13<01:50,  2.52s/it]                                                                                  Best trial: 4. Best value: 1.88447:  12%|█▏        | 6/50 [00:17<01:50,  2.52s/it]Best trial: 4. Best value: 1.88447:  12%|█▏        | 6/50 [00:17<01:50,  2.52s/it]Best trial: 4. Best value: 1.88447:  14%|█▍        | 7/50 [00:17<02:01,  2.82s/it]                                                                                  Best trial: 4. Best value: 1.88447:  14%|█▍        | 7/50 [00:20<02:01,  2.82s/it]Best trial: 4. Best value: 1.88447:  14%|█▍        | 7/50 [00:20<02:01,  2.82s/it]Best trial: 4. Best value: 1.88447:  16%|█▌        | 8/50 [00:20<02:08,  3.06s/it]                                                                                  Best trial: 4. Best value: 1.88447:  16%|█▌        | 8/50 [00:22<02:08,  3.06s/it]Best trial: 4. Best value: 1.88447:  16%|█▌        | 8/50 [00:22<02:08,  3.06s/it]Best trial: 4. Best value: 1.88447:  18%|█▊        | 9/50 [00:22<01:53,  2.76s/it]                                                                                  Best trial: 4. Best value: 1.88447:  18%|█▊        | 9/50 [00:26<01:53,  2.76s/it]Best trial: 4. Best value: 1.88447:  18%|█▊        | 9/50 [00:26<01:53,  2.76s/it]Best trial: 4. Best value: 1.88447:  20%|██        | 10/50 [00:26<02:03,  3.09s/it]                                                                                   Best trial: 4. Best value: 1.88447:  20%|██        | 10/50 [00:31<02:03,  3.09s/it]Best trial: 4. Best value: 1.88447:  20%|██        | 10/50 [00:31<02:03,  3.09s/it]Best trial: 4. Best value: 1.88447:  22%|██▏       | 11/50 [00:31<02:18,  3.55s/it]                                                                                   Best trial: 4. Best value: 1.88447:  22%|██▏       | 11/50 [00:33<02:18,  3.55s/it]Best trial: 11. Best value: 1.84609:  22%|██▏       | 11/50 [00:33<02:18,  3.55s/it]Best trial: 11. Best value: 1.84609:  24%|██▍       | 12/50 [00:33<02:05,  3.30s/it]                                                                                    Best trial: 11. Best value: 1.84609:  24%|██▍       | 12/50 [00:35<02:05,  3.30s/it]Best trial: 11. Best value: 1.84609:  24%|██▍       | 12/50 [00:35<02:05,  3.30s/it]Best trial: 11. Best value: 1.84609:  26%|██▌       | 13/50 [00:35<01:41,  2.74s/it]                                                                                    Best trial: 11. Best value: 1.84609:  26%|██▌       | 13/50 [00:41<01:41,  2.74s/it]Best trial: 11. Best value: 1.84609:  26%|██▌       | 13/50 [00:41<01:41,  2.74s/it]Best trial: 11. Best value: 1.84609:  28%|██▊       | 14/50 [00:41<02:11,  3.66s/it]                                                                                    Best trial: 11. Best value: 1.84609:  28%|██▊       | 14/50 [00:43<02:11,  3.66s/it]Best trial: 11. Best value: 1.84609:  28%|██▊       | 14/50 [00:43<02:11,  3.66s/it]Best trial: 11. Best value: 1.84609:  30%|███       | 15/50 [00:43<01:55,  3.30s/it]                                                                                    Best trial: 11. Best value: 1.84609:  30%|███       | 15/50 [00:46<01:55,  3.30s/it]Best trial: 11. Best value: 1.84609:  30%|███       | 15/50 [00:46<01:55,  3.30s/it]Best trial: 11. Best value: 1.84609:  32%|███▏      | 16/50 [00:46<01:45,  3.11s/it]                                                                                    Best trial: 11. Best value: 1.84609:  32%|███▏      | 16/50 [00:51<01:45,  3.11s/it]Best trial: 11. Best value: 1.84609:  32%|███▏      | 16/50 [00:51<01:45,  3.11s/it]Best trial: 11. Best value: 1.84609:  34%|███▍      | 17/50 [00:51<02:00,  3.65s/it]                                                                                    Best trial: 11. Best value: 1.84609:  34%|███▍      | 17/50 [00:54<02:00,  3.65s/it]Best trial: 11. Best value: 1.84609:  34%|███▍      | 17/50 [00:54<02:00,  3.65s/it]Best trial: 11. Best value: 1.84609:  36%|███▌      | 18/50 [00:54<01:51,  3.47s/it]                                                                                    Best trial: 11. Best value: 1.84609:  36%|███▌      | 18/50 [00:55<01:51,  3.47s/it]Best trial: 11. Best value: 1.84609:  36%|███▌      | 18/50 [00:55<01:51,  3.47s/it]Best trial: 11. Best value: 1.84609:  38%|███▊      | 19/50 [00:55<01:29,  2.90s/it]                                                                                    Best trial: 11. Best value: 1.84609:  38%|███▊      | 19/50 [00:59<01:29,  2.90s/it]Best trial: 11. Best value: 1.84609:  38%|███▊      | 19/50 [00:59<01:29,  2.90s/it]Best trial: 11. Best value: 1.84609:  40%|████      | 20/50 [00:59<01:38,  3.28s/it]                                                                                    Best trial: 11. Best value: 1.84609:  40%|████      | 20/50 [01:02<01:38,  3.28s/it]Best trial: 11. Best value: 1.84609:  40%|████      | 20/50 [01:02<01:38,  3.28s/it]Best trial: 11. Best value: 1.84609:  42%|████▏     | 21/50 [01:02<01:28,  3.06s/it]                                                                                    Best trial: 11. Best value: 1.84609:  42%|████▏     | 21/50 [01:04<01:28,  3.06s/it]Best trial: 11. Best value: 1.84609:  42%|████▏     | 21/50 [01:04<01:28,  3.06s/it]Best trial: 11. Best value: 1.84609:  44%|████▍     | 22/50 [01:04<01:14,  2.67s/it]                                                                                    Best trial: 11. Best value: 1.84609:  44%|████▍     | 22/50 [01:06<01:14,  2.67s/it]Best trial: 11. Best value: 1.84609:  44%|████▍     | 22/50 [01:06<01:14,  2.67s/it]Best trial: 11. Best value: 1.84609:  46%|████▌     | 23/50 [01:06<01:07,  2.49s/it]                                                                                    Best trial: 11. Best value: 1.84609:  46%|████▌     | 23/50 [01:07<01:07,  2.49s/it]Best trial: 11. Best value: 1.84609:  46%|████▌     | 23/50 [01:07<01:07,  2.49s/it]Best trial: 11. Best value: 1.84609:  48%|████▊     | 24/50 [01:07<00:54,  2.08s/it]                                                                                    Best trial: 11. Best value: 1.84609:  48%|████▊     | 24/50 [01:10<00:54,  2.08s/it]Best trial: 11. Best value: 1.84609:  48%|████▊     | 24/50 [01:10<00:54,  2.08s/it]Best trial: 11. Best value: 1.84609:  50%|█████     | 25/50 [01:10<00:56,  2.25s/it]                                                                                    Best trial: 11. Best value: 1.84609:  50%|█████     | 25/50 [01:12<00:56,  2.25s/it]Best trial: 11. Best value: 1.84609:  50%|█████     | 25/50 [01:12<00:56,  2.25s/it]Best trial: 11. Best value: 1.84609:  52%|█████▏    | 26/50 [01:12<00:56,  2.37s/it]                                                                                    Best trial: 11. Best value: 1.84609:  52%|█████▏    | 26/50 [01:15<00:56,  2.37s/it]Best trial: 11. Best value: 1.84609:  52%|█████▏    | 26/50 [01:15<00:56,  2.37s/it]Best trial: 11. Best value: 1.84609:  54%|█████▍    | 27/50 [01:15<00:57,  2.50s/it]                                                                                    Best trial: 11. Best value: 1.84609:  54%|█████▍    | 27/50 [01:18<00:57,  2.50s/it]Best trial: 11. Best value: 1.84609:  54%|█████▍    | 27/50 [01:18<00:57,  2.50s/it]Best trial: 11. Best value: 1.84609:  56%|█████▌    | 28/50 [01:18<00:58,  2.67s/it]                                                                                    Best trial: 11. Best value: 1.84609:  56%|█████▌    | 28/50 [01:22<00:58,  2.67s/it]Best trial: 28. Best value: 1.84531:  56%|█████▌    | 28/50 [01:22<00:58,  2.67s/it]Best trial: 28. Best value: 1.84531:  58%|█████▊    | 29/50 [01:22<01:04,  3.07s/it]                                                                                    Best trial: 28. Best value: 1.84531:  58%|█████▊    | 29/50 [01:26<01:04,  3.07s/it]Best trial: 28. Best value: 1.84531:  58%|█████▊    | 29/50 [01:26<01:04,  3.07s/it]Best trial: 28. Best value: 1.84531:  60%|██████    | 30/50 [01:26<01:06,  3.33s/it]                                                                                    Best trial: 28. Best value: 1.84531:  60%|██████    | 30/50 [01:31<01:06,  3.33s/it]Best trial: 28. Best value: 1.84531:  60%|██████    | 30/50 [01:31<01:06,  3.33s/it]Best trial: 28. Best value: 1.84531:  62%|██████▏   | 31/50 [01:31<01:11,  3.77s/it]                                                                                    Best trial: 28. Best value: 1.84531:  62%|██████▏   | 31/50 [01:35<01:11,  3.77s/it]Best trial: 31. Best value: 1.82761:  62%|██████▏   | 31/50 [01:35<01:11,  3.77s/it]Best trial: 31. Best value: 1.82761:  64%|██████▍   | 32/50 [01:35<01:09,  3.86s/it]                                                                                    Best trial: 31. Best value: 1.82761:  64%|██████▍   | 32/50 [01:39<01:09,  3.86s/it]Best trial: 31. Best value: 1.82761:  64%|██████▍   | 32/50 [01:39<01:09,  3.86s/it]Best trial: 31. Best value: 1.82761:  66%|██████▌   | 33/50 [01:39<01:04,  3.80s/it]                                                                                    Best trial: 31. Best value: 1.82761:  66%|██████▌   | 33/50 [01:43<01:04,  3.80s/it]Best trial: 33. Best value: 1.80531:  66%|██████▌   | 33/50 [01:43<01:04,  3.80s/it]Best trial: 33. Best value: 1.80531:  68%|██████▊   | 34/50 [01:43<01:02,  3.89s/it]                                                                                    Best trial: 33. Best value: 1.80531:  68%|██████▊   | 34/50 [01:45<01:02,  3.89s/it]Best trial: 33. Best value: 1.80531:  68%|██████▊   | 34/50 [01:45<01:02,  3.89s/it]Best trial: 33. Best value: 1.80531:  70%|███████   | 35/50 [01:45<00:52,  3.51s/it]                                                                                    Best trial: 33. Best value: 1.80531:  70%|███████   | 35/50 [01:48<00:52,  3.51s/it]Best trial: 33. Best value: 1.80531:  70%|███████   | 35/50 [01:48<00:52,  3.51s/it]Best trial: 33. Best value: 1.80531:  72%|███████▏  | 36/50 [01:48<00:47,  3.38s/it]                                                                                    Best trial: 33. Best value: 1.80531:  72%|███████▏  | 36/50 [01:52<00:47,  3.38s/it]Best trial: 33. Best value: 1.80531:  72%|███████▏  | 36/50 [01:52<00:47,  3.38s/it]Best trial: 33. Best value: 1.80531:  74%|███████▍  | 37/50 [01:52<00:45,  3.49s/it]                                                                                    Best trial: 33. Best value: 1.80531:  74%|███████▍  | 37/50 [01:54<00:45,  3.49s/it]Best trial: 33. Best value: 1.80531:  74%|███████▍  | 37/50 [01:54<00:45,  3.49s/it]Best trial: 33. Best value: 1.80531:  76%|███████▌  | 38/50 [01:54<00:37,  3.11s/it]                                                                                    Best trial: 33. Best value: 1.80531:  76%|███████▌  | 38/50 [01:56<00:37,  3.11s/it]Best trial: 33. Best value: 1.80531:  76%|███████▌  | 38/50 [01:56<00:37,  3.11s/it]Best trial: 33. Best value: 1.80531:  78%|███████▊  | 39/50 [01:56<00:30,  2.80s/it]                                                                                    Best trial: 33. Best value: 1.80531:  78%|███████▊  | 39/50 [01:58<00:30,  2.80s/it]Best trial: 33. Best value: 1.80531:  78%|███████▊  | 39/50 [01:58<00:30,  2.80s/it]Best trial: 33. Best value: 1.80531:  80%|████████  | 40/50 [01:58<00:25,  2.55s/it]                                                                                    Best trial: 33. Best value: 1.80531:  80%|████████  | 40/50 [02:02<00:25,  2.55s/it]Best trial: 33. Best value: 1.80531:  80%|████████  | 40/50 [02:02<00:25,  2.55s/it]Best trial: 33. Best value: 1.80531:  82%|████████▏ | 41/50 [02:02<00:26,  2.98s/it]                                                                                    Best trial: 33. Best value: 1.80531:  82%|████████▏ | 41/50 [02:06<00:26,  2.98s/it]Best trial: 33. Best value: 1.80531:  82%|████████▏ | 41/50 [02:06<00:26,  2.98s/it]Best trial: 33. Best value: 1.80531:  84%|████████▍ | 42/50 [02:06<00:26,  3.32s/it]                                                                                    Best trial: 33. Best value: 1.80531:  84%|████████▍ | 42/50 [02:11<00:26,  3.32s/it]Best trial: 33. Best value: