[I 2026-03-31 22:05:09,411] Trial 0 finished with value: 2.03371517106501 and parameters: {'n_estimators': 1484, 'learning_rate': 0.024963697506942006, 'max_depth': 6, 'subsample': 0.7561343770457274, 'colsample_bytree': 0.8667752814247297, 'min_child_weight': 1}. Best is trial 0 with value: 2.03371517106501.
[I 2026-03-31 22:05:11,074] Trial 1 finished with value: 2.0232313113121485 and parameters: {'n_estimators': 586, 'learning_rate': 0.018280891326058295, 'max_depth': 9, 'subsample': 0.7975191234235234, 'colsample_bytree': 0.8223939197286368, 'min_child_weight': 7}. Best is trial 1 with value: 2.0232313113121485.
[I 2026-03-31 22:05:12,746] Trial 2 finished with value: 2.1458586603016117 and parameters: {'n_estimators': 748, 'learning_rate': 0.009683941046286417, 'max_depth': 7, 'subsample': 0.629187685177862, 'colsample_bytree': 0.7016299132672956, 'min_child_weight': 1}. Best is trial 1 with value: 2.0232313113121485.
[I 2026-03-31 22:05:14,901] Trial 3 finished with value: 2.0256072105842198 and parameters: {'n_estimators': 814, 'learning_rate': 0.007863149256559046, 'max_depth': 8, 'subsample': 0.9552371924753044, 'colsample_bytree': 0.9945643613934965, 'min_child_weight': 3}. Best is trial 1 with value: 2.0232313113121485.
[I 2026-03-31 22:05:17,160] Trial 4 finished with value: 2.0559412635412704 and parameters: {'n_estimators': 1175, 'learning_rate': 0.034010799395417374, 'max_depth': 6, 'subsample': 0.642198033939085, 'colsample_bytree': 0.8662185556024209, 'min_child_weight': 4}. Best is trial 1 with value: 2.0232313113121485.
[I 2026-03-31 22:05:18,152] Trial 5 finished with value: 2.0900413579900214 and parameters: {'n_estimators': 340, 'learning_rate': 0.014507444418028167, 'max_depth': 10, 'subsample': 0.7143178270193375, 'colsample_bytree': 0.7518966351933296, 'min_child_weight': 5}. Best is trial 1 with value: 2.0232313113121485.
[I 2026-03-31 22:05:19,486] Trial 6 finished with value: 1.913185599002218 and parameters: {'n_estimators': 428, 'learning_rate': 0.025463418951932944, 'max_depth': 11, 'subsample': 0.7843444182368442, 'colsample_bytree': 0.7638052979012828, 'min_child_weight': 3}. Best is trial 6 with value: 1.913185599002218.
[I 2026-03-31 22:05:20,143] Trial 7 finished with value: 2.5698559725633925 and parameters: {'n_estimators': 359, 'learning_rate': 0.0073829113348953795, 'max_depth': 5, 'subsample': 0.6956847252589244, 'colsample_bytree': 0.9464285599159767, 'min_child_weight': 1}. Best is trial 6 with value: 1.913185599002218.
[I 2026-03-31 22:05:23,658] Trial 8 finished with value: 1.9617168300616996 and parameters: {'n_estimators': 1418, 'learning_rate': 0.09009315008576502, 'max_depth': 9, 'subsample': 0.8648607787235869, 'colsample_bytree': 0.6000867732453898, 'min_child_weight': 4}. Best is trial 6 with value: 1.913185599002218.
[I 2026-03-31 22:05:24,951] Trial 9 finished with value: 2.491065799053237 and parameters: {'n_estimators': 719, 'learning_rate': 0.006621779491895739, 'max_depth': 5, 'subsample': 0.7148070459809674, 'colsample_bytree': 0.6572959747555547, 'min_child_weight': 5}. Best is trial 6 with value: 1.913185599002218.
[I 2026-03-31 22:05:28,206] Trial 10 finished with value: 1.95492488680792 and parameters: {'n_estimators': 1126, 'learning_rate': 0.0469653393715167, 'max_depth': 13, 'subsample': 0.8795429928980539, 'colsample_bytree': 0.7662752705250996, 'min_child_weight': 10}. Best is trial 6 with value: 1.913185599002218.
[I 2026-03-31 22:05:31,341] Trial 11 finished with value: 1.9777479257248507 and parameters: {'n_estimators': 1067, 'learning_rate': 0.05467015569259351, 'max_depth': 13, 'subsample': 0.8810420355563753, 'colsample_bytree': 0.7649900387603267, 'min_child_weight': 10}. Best is trial 6 with value: 1.913185599002218.
[I 2026-03-31 22:05:34,420] Trial 12 finished with value: 1.9800497060459248 and parameters: {'n_estimators': 1067, 'learning_rate': 0.04401295004237152, 'max_depth': 13, 'subsample': 0.8839764034730008, 'colsample_bytree': 0.7051502572626365, 'min_child_weight': 10}. Best is trial 6 with value: 1.913185599002218.
[I 2026-03-31 22:05:38,379] Trial 13 finished with value: 1.9194890061446788 and parameters: {'n_estimators': 1215, 'learning_rate': 0.07227846520955025, 'max_depth': 15, 'subsample': 0.9949729324265529, 'colsample_bytree': 0.7984106872623451, 'min_child_weight': 8}. Best is trial 6 with value: 1.913185599002218.
[I 2026-03-31 22:05:39,864] Trial 14 finished with value: 1.9748105553958843 and parameters: {'n_estimators': 531, 'learning_rate': 0.07238390498974268, 'max_depth': 11, 'subsample': 0.9975757934477438, 'colsample_bytree': 0.8383018016439282, 'min_child_weight': 8}. Best is trial 6 with value: 1.913185599002218.
[I 2026-03-31 22:05:44,462] Trial 15 finished with value: 1.9159291273110939 and parameters: {'n_estimators': 1265, 'learning_rate': 0.012667494473489728, 'max_depth': 15, 'subsample': 0.817529922632854, 'colsample_bytree': 0.8811299865110069, 'min_child_weight': 7}. Best is trial 6 with value: 1.913185599002218.
[I 2026-03-31 22:05:47,976] Trial 16 finished with value: 1.928206685179117 and parameters: {'n_estimators': 950, 'learning_rate': 0.012496452750339513, 'max_depth': 15, 'subsample': 0.8164445374751805, 'colsample_bytree': 0.91737407389983, 'min_child_weight': 7}. Best is trial 6 with value: 1.913185599002218.
[I 2026-03-31 22:05:52,630] Trial 17 finished with value: 1.817200541014307 and parameters: {'n_estimators': 1346, 'learning_rate': 0.024111509343287253, 'max_depth': 12, 'subsample': 0.8096146859351135, 'colsample_bytree': 0.9109706890886969, 'min_child_weight': 3}. Best is trial 17 with value: 1.817200541014307.
[I 2026-03-31 22:05:56,765] Trial 18 finished with value: 1.8247872440989916 and parameters: {'n_estimators': 1328, 'learning_rate': 0.02671288610058027, 'max_depth': 11, 'subsample': 0.768241604057564, 'colsample_bytree': 0.9961516581603787, 'min_child_weight': 3}. Best is trial 17 with value: 1.817200541014307.
[I 2026-03-31 22:06:01,306] Trial 19 finished with value: 1.813628760253233 and parameters: {'n_estimators': 1330, 'learning_rate': 0.03114127066940317, 'max_depth': 12, 'subsample': 0.7497417089480531, 'colsample_bytree': 0.9982435126243717, 'min_child_weight': 2}. Best is trial 19 with value: 1.813628760253233.
[I 2026-03-31 22:06:06,361] Trial 20 finished with value: 1.7849075715004648 and parameters: {'n_estimators': 1390, 'learning_rate': 0.034968702830831595, 'max_depth': 12, 'subsample': 0.6822689277335591, 'colsample_bytree': 0.9468283628263058, 'min_child_weight': 2}. Best is trial 20 with value: 1.7849075715004648.
[I 2026-03-31 22:06:12,824] Trial 21 finished with value: 1.7808202080209585 and parameters: {'n_estimators': 1368, 'learning_rate': 0.03257643752047553, 'max_depth': 12, 'subsample': 0.6770611276971286, 'colsample_bytree': 0.9498217444807683, 'min_child_weight': 2}. Best is trial 21 with value: 1.7808202080209585.
[I 2026-03-31 22:06:18,215] Trial 22 finished with value: 1.7946629482488894 and parameters: {'n_estimators': 1498, 'learning_rate': 0.036211743084143266, 'max_depth': 12, 'subsample': 0.6688450024480468, 'colsample_bytree': 0.9496867966043695, 'min_child_weight': 2}. Best is trial 21 with value: 1.7808202080209585.
[I 2026-03-31 22:06:24,774] Trial 23 finished with value: 1.7704173443418725 and parameters: {'n_estimators': 1497, 'learning_rate': 0.039498513998875676, 'max_depth': 14, 'subsample': 0.6612232759571078, 'colsample_bytree': 0.9519011900010499, 'min_child_weight': 2}. Best is trial 23 with value: 1.7704173443418725.
[I 2026-03-31 22:06:30,424] Trial 24 finished with value: 1.7699075723102868 and parameters: {'n_estimators': 1413, 'learning_rate': 0.020414065754044464, 'max_depth': 14, 'subsample': 0.663595964988266, 'colsample_bytree': 0.9508274819770548, 'min_child_weight': 2}. Best is trial 24 with value: 1.7699075723102868.
[I 2026-03-31 22:06:34,296] Trial 25 finished with value: 1.8625571035555455 and parameters: {'n_estimators': 935, 'learning_rate': 0.017951391847124028, 'max_depth': 14, 'subsample': 0.6092416403485801, 'colsample_bytree': 0.9108187184230859, 'min_child_weight': 4}. Best is trial 24 with value: 1.7699075723102868.
[I 2026-03-31 22:06:40,279] Trial 26 finished with value: 1.781819194160113 and parameters: {'n_estimators': 1500, 'learning_rate': 0.019684205697996504, 'max_depth': 14, 'subsample': 0.6553419930260551, 'colsample_bytree': 0.9443622120512305, 'min_child_weight': 2}. Best is trial 24 with value: 1.7699075723102868.
[I 2026-03-31 22:06:45,412] Trial 27 finished with value: 1.7639697844490099 and parameters: {'n_estimators': 1252, 'learning_rate': 0.05980506248273945, 'max_depth': 14, 'subsample': 0.6113640963753054, 'colsample_bytree': 0.9703803253459633, 'min_child_weight': 1}. Best is trial 27 with value: 1.7639697844490099.
[I 2026-03-31 22:06:50,637] Trial 28 finished with value: 1.7848899749836424 and parameters: {'n_estimators': 1285, 'learning_rate': 0.057134713133196464, 'max_depth': 14, 'subsample': 0.6070887418242733, 'colsample_bytree': 0.9724484561472286, 'min_child_weight': 1}. Best is trial 27 with value: 1.7639697844490099.
[I 2026-03-31 22:06:57,652] Trial 29 finished with value: 1.7759604659727612 and parameters: {'n_estimators': 1418, 'learning_rate': 0.09426612525481806, 'max_depth': 14, 'subsample': 0.7304441066592837, 'colsample_bytree': 0.8783040993647857, 'min_child_weight': 1}. Best is trial 27 with value: 1.7639697844490099.
[I 2026-03-31 22:07:06,248] Trial 30 finished with value: 1.7854858609647015 and parameters: {'n_estimators': 1216, 'learning_rate': 0.0051581995835483655, 'max_depth': 15, 'subsample': 0.6304459504146099, 'colsample_bytree': 0.9020395448098374, 'min_child_weight': 1}. Best is trial 27 with value: 1.7639697844490099.
[I 2026-03-31 22:07:12,466] Trial 31 finished with value: 1.7759868445981721 and parameters: {'n_estimators': 1436, 'learning_rate': 0.08714534275849585, 'max_depth': 14, 'subsample': 0.7402442416145243, 'colsample_bytree': 0.8707559572951811, 'min_child_weight': 1}. Best is trial 27 with value: 1.7639697844490099.
[I 2026-03-31 22:07:17,801] Trial 32 finished with value: 1.7792289027702013 and parameters: {'n_estimators': 1451, 'learning_rate': 0.09993950919476054, 'max_depth': 13, 'subsample': 0.710511124575019, 'colsample_bytree': 0.9713585323736853, 'min_child_weight': 2}. Best is trial 27 with value: 1.7639697844490099.
[I 2026-03-31 22:07:25,050] Trial 33 finished with value: 1.7606379045414378 and parameters: {'n_estimators': 1259, 'learning_rate': 0.06606808138634261, 'max_depth': 14, 'subsample': 0.6561946626643756, 'colsample_bytree': 0.8428630068601825, 'min_child_weight': 1}. Best is trial 33 with value: 1.7606379045414378.
[I 2026-03-31 22:07:29,787] Trial 34 finished with value: 1.829638582335817 and parameters: {'n_estimators': 1083, 'learning_rate': 0.0663255744147695, 'max_depth': 13, 'subsample': 0.6022123481905093, 'colsample_bytree': 0.8358675765853703, 'min_child_weight': 3}. Best is trial 33 with value: 1.7606379045414378.
[I 2026-03-31 22:07:36,434] Trial 35 finished with value: 1.761948084388637 and parameters: {'n_estimators': 1271, 'learning_rate': 0.044932447554830536, 'max_depth': 15, 'subsample': 0.6492470735953957, 'colsample_bytree': 0.9681887294220678, 'min_child_weight': 1}. Best is trial 33 with value: 1.7606379045414378.
[I 2026-03-31 22:07:41,582] Trial 36 finished with value: 1.764663598765195 and parameters: {'n_estimators': 980, 'learning_rate': 0.05284822801946487, 'max_depth': 15, 'subsample': 0.6351097065184841, 'colsample_bytree': 0.9734927029869087, 'min_child_weight': 1}. Best is trial 33 with value: 1.7606379045414378.
[I 2026-03-31 22:07:46,438] Trial 37 finished with value: 1.766590189005847 and parameters: {'n_estimators': 1009, 'learning_rate': 0.05431981707176034, 'max_depth': 15, 'subsample': 0.6357314510855683, 'colsample_bytree': 0.974386429841291, 'min_child_weight': 1}. Best is trial 33 with value: 1.7606379045414378.
[I 2026-03-31 22:07:50,579] Trial 38 finished with value: 1.7949717256125832 and parameters: {'n_estimators': 827, 'learning_rate': 0.06498988459818553, 'max_depth': 15, 'subsample': 0.6263886608764123, 'colsample_bytree': 0.9218127728130453, 'min_child_weight': 1}. Best is trial 33 with value: 1.7606379045414378.
[I 2026-03-31 22:07:53,512] Trial 39 finished with value: 1.941036186314333 and parameters: {'n_estimators': 1162, 'learning_rate': 0.04746678301035823, 'max_depth': 8, 'subsample': 0.6470338454173065, 'colsample_bytree': 0.8457000118482261, 'min_child_weight': 4}. Best is trial 33 with value: 1.7606379045414378.
[I 2026-03-31 22:07:57,503] Trial 40 finished with value: 1.8507509014053425 and parameters: {'n_estimators': 844, 'learning_rate': 0.07834968682999532, 'max_depth': 15, 'subsample': 0.696037879393229, 'colsample_bytree': 0.7886010314583688, 'min_child_weight': 3}. Best is trial 33 with value: 1.7606379045414378.
[I 2026-03-31 22:08:04,216] Trial 41 finished with value: 1.75740959598163 and parameters: {'n_estimators': 1009, 'learning_rate': 0.054960660517912735, 'max_depth': 15, 'subsample': 0.6292743533890274, 'colsample_bytree': 0.9786583131532208, 'min_child_weight': 1}. Best is trial 41 with value: 1.75740959598163.
[I 2026-03-31 22:08:07,771] Trial 42 finished with value: 1.7522385919935215 and parameters: {'n_estimators': 733, 'learning_rate': 0.05730235428072879, 'max_depth': 15, 'subsample': 0.6255324773530759, 'colsample_bytree': 0.9800095963844924, 'min_child_weight': 1}. Best is trial 42 with value: 1.7522385919935215.
[I 2026-03-31 22:08:10,651] Trial 43 finished with value: 1.7673579936971042 and parameters: {'n_estimators': 691, 'learning_rate': 0.06212712225465012, 'max_depth': 14, 'subsample': 0.6179241549766672, 'colsample_bytree': 0.9297083427660133, 'min_child_weight': 1}. Best is trial 42 with value: 1.7522385919935215.
[I 2026-03-31 22:08:12,963] Trial 44 finished with value: 1.7522881312047554 and parameters: {'n_estimators': 596, 'learning_rate': 0.044267131915327995, 'max_depth': 13, 'subsample': 0.6491731086063153, 'colsample_bytree': 0.8951884196247971, 'min_child_weight': 1}. Best is trial 42 with value: 1.7522385919935215.
[I 2026-03-31 22:08:14,641] Trial 45 finished with value: 1.932764924533524 and parameters: {'n_estimators': 629, 'learning_rate': 0.04443292883461807, 'max_depth': 10, 'subsample': 0.6847189528951683, 'colsample_bytree': 0.8989522906968312, 'min_child_weight': 6}. Best is trial 42 with value: 1.7522385919935215.
[I 2026-03-31 22:08:16,791] Trial 46 finished with value: 1.8212747428362654 and parameters: {'n_estimators': 550, 'learning_rate': 0.02960428038467071, 'max_depth': 13, 'subsample': 0.6489469496855773, 'colsample_bytree': 0.8543245463418943, 'min_child_weight': 2}. Best is trial 42 with value: 1.7522385919935215.
[I 2026-03-31 22:08:19,136] Trial 47 finished with value: 1.7567302889889485 and parameters: {'n_estimators': 460, 'learning_rate': 0.04183627801915351, 'max_depth': 15, 'subsample': 0.6960569258618096, 'colsample_bytree': 0.929245135842964, 'min_child_weight': 1}. Best is trial 42 with value: 1.7522385919935215.
[I 2026-03-31 22:08:21,124] Trial 48 finished with value: 1.8323078269498698 and parameters: {'n_estimators': 486, 'learning_rate': 0.039596050225774386, 'max_depth': 13, 'subsample': 0.702871069983671, 'colsample_bytree': 0.8938217327176599, 'min_child_weight': 3}. Best is trial 42 with value: 1.7522385919935215.
