[I 2026-03-15 22:07:03,634] Trial 49 finished with value: 1.7867480494517698 and parameters: {'n_estimators': 914, 'learning_rate': 0.06308384657031142, 'max_depth': 13, 'subsample': 0.8850912392958178, 'colsample_bytree': 0.8333675742236889, 'min_child_weight': 3}. Best is trial 12 with value: 1.6302130809667912.
✅ Tham số tối ưu nhất từ Optuna: {'n_estimators': 714, 'learning_rate': 0.026872178021809245, 'max_depth': 15, 'subsample': 0.8399064062023687, 'colsample_bytree': 0.9262128757711544, 'min_child_weight': 1}
MAE của mô hình XGBoost: 1.6245
R² của mô hình XGBoost: 0.9285
🥊 Đang so sánh... Champion MAE: 1.7325 vs Challenger MAE: 1.6245
🏆 Challenger chiến thắng! Cập nhật mô hình mới vào hệ thống.
💾 Đã lưu tại: D:\Python\realtime_estimate_tracker\models\xgb_house_price_model.pkl
[Sun 03/15/2026 22:07:08.52] [4/4] Dang dong bo AI Model (qua LFS) len GitHub... 
[main 34b4a29] Auto-update AI Model: Sun 03/15/2026 22:07:10.82
 3 files changed, 317 insertions(+)
remote: This repository moved. Please use the new location:        
remote:   https://github.com/HieuNT316/hanoi-house-price-prediction.git        
To https://github.com/Alexus143/hanoi-house-price-prediction.git
   986a06f..34b4a29  main -> main
========================================= 
[Mon 03/16/2026 22:06:23.68] [1/4] Dang cao chi tiet BĐS... 
🔍 Đang cấu hình Database với: postgres.kkwivuufxdewurmxtsto@aws-1-ap-southeast-1.pooler.supabase.com:5432/postgres

[DetailSpider] Khởi động luồng làm giàu dữ liệu (Limit: 50 bài/lượt)...
✅ Đã kết nối thành công tới PostgreSQL.
[Browser] Đang khởi tạo trình duyệt...
[Browser] Phát hiện Chrome (Windows): Version 139

[DetailSpider] Đang cào (1/13): https://batdongsan.com.vn/ban-can-ho-chung-cu-duong-vu-trong-khanh-phuong-mo-lao-thap-doi-kepler-land/tong-hop-quy-oi-gia-tot-nhat-thang-3-san-slot-o-to-gia-tu-4-6-ty-lh-0981-960-pr45318985
  -> Lấy được 2/6 feature chi tiết.

[DetailSpider] Đang cào (2/13): https://batdongsan.com.vn/ban-nha-rieng-phuong-mo-lao/chinh-chu-ban-au-hoi-can-goc-3-tang-tt-may-19-5-ngo-anh-hoa-ha-ong-pr45318740
  -> Lấy được 4/6 feature chi tiết.

[DetailSpider] Đang cào (3/13): https://batdongsan.com.vn/ban-can-ho-chung-cu-phuong-la-khe-chung-cu-cao-cap-ct5-van-khe/chinh-chu-ban-nha-tang-3-toa-ct5c-kdt-ha-dong-ha-noi-pr44821331
  -> Lấy được 0/6 feature chi tiết.

[DetailSpider] Đang cào (4/13): https://batdongsan.com.vn/ban-nha-mat-pho-duong-to-huu-phuong-duong-noi-15/giam-1-ty-chinh-chu-ban-80m2-6-tang-2-thoang-co-ham-mt-5-4m-dong-tien-tot-pr45316803
  -> Lấy được 5/6 feature chi tiết.

[DetailSpider] Đang cào (5/13): https://batdongsan.com.vn/ban-nha-rieng-duong-to-hieu-phuong-quang-trung-17-15/chinh-chu-can-ban-ngay-pho-ha-dong-ngo-thong-2-thoang-50-3m-x-3-tang-gia-10-76-ty-pr44865727
  -> Lấy được 6/6 feature chi tiết.

[DetailSpider] Đang cào (6/13): https://batdongsan.com.vn/ban-can-ho-chung-cu-phuong-mo-lao-mulberry-lane/quy-mullberry-thang-7-cac-dien-tich-46m-83m-100m-132m-1-2-3-ngu-gia-tu-3-7-ty-pr43441571
  -> Lấy được 3/6 feature chi tiết.

[DetailSpider] Đang cào (7/13): https://batdongsan.com.vn/ban-can-ho-chung-cu-phuong-kien-hung-khu-do-thi-thanh-ha-muong-thanh/chinh-chu-ban-3-ngu-3wc-74m-full-noi-that-ep-cuc-ky-tam-huyet-pr45296654
  -> Lấy được 3/6 feature chi tiết.

[DetailSpider] Đang cào (8/13): https://batdongsan.com.vn/ban-nha-rieng-duong-tran-phu-phuong-mo-lao-15/ban-ha-ong-dt-60m2-7-tang-lo-goc-kd-cho-thue-600-trieu-nam-nhinh-19-ty-pr45312239
  -> Lấy được 3/6 feature chi tiết.

[DetailSpider] Đang cào (9/13): https://batdongsan.com.vn/ban-nha-biet-thu-lien-ke-phuong-van-quan/sieu-pham-lk-gara-o-to-phan-lo-via-he-70m-nhinh-19-ty-pr45312639
  -> Lấy được 5/6 feature chi tiết.

[DetailSpider] Đang cào (10/13): https://batdongsan.com.vn/ban-nha-biet-thu-lien-ke-duong-le-trong-tan-phuong-phu-la-khu-do-thi-moi-van-phu/ban-250m-view-san-choi-gia-dau-tu-pr41626365
  -> Lấy được 0/6 feature chi tiết.

[DetailSpider] Đang cào (11/13): https://batdongsan.com.vn/ban-nha-rieng-duong-duong-lam-1-phuong-van-quan-15/ban-tran-phu-ngay-cau-trang-h-33m2-5-tang-mat-ngo-thong-kd-gia-chi-hon-9-ty-pr45310547
  -> Lấy được 2/6 feature chi tiết.

[DetailSpider] Đang cào (12/13): https://batdongsan.com.vn/ban-nha-rieng-phuong-dong-mai-1/chu-ngop-bank-chi-nhinh-3-ty-4-tang-ong-o-to-o-cua-mot-buoc-ra-khu-dich-vu-pr45320727
  -> Lấy được 3/6 feature chi tiết.

[DetailSpider] Đang cào (13/13): https://batdongsan.com.vn/ban-nha-rieng-duong-la-noi-phuong-duong-noi-15/ban-moi-ep-noi-ha-ong-gan-aeon-mall-ha-ong-6-7-ty-pr45320721
  -> Lấy được 3/6 feature chi tiết.

[DetailSpider] Hoàn thành. Cập nhật thành công 13/13 bài đăng.
[Mon 03/16/2026 22:10:09.30] [2/4] Dang clean du lieu... 
🔍 Đang cấu hình Database với: postgres.kkwivuufxdewurmxtsto@aws-1-ap-southeast-1.pooler.supabase.com:5432/postgres
✅ Đã kết nối thành công tới PostgreSQL.
🔄 Upsert thành công 5344 bản ghi vào 'bds_hadong'.
✅ Đã cập nhật cột legal_status và furniture thành công.
[Mon 03/16/2026 22:10:24.21] [3/4] Dang huan luyen AI tren du lieu moi... 
🔍 Đang cấu hình Database với: postgres.kkwivuufxdewurmxtsto@aws-1-ap-southeast-1.pooler.supabase.com:5432/postgres
[I 2026-03-16 22:10:49,649] A new study created in memory with name: no-name-07145b04-031b-4c55-a451-67d882a1f97b
✅ Đã kết nối thành công tới PostgreSQL.
  0%|          | 0/50 [00:00<?, ?it/s]D:\Python\realtime_estimate_tracker\venv_bds\lib\site-packages\xgboost\training.py:200: UserWarning: [22:10:50] WARNING: C:\actions-runner\_work\xgboost\xgboost\src\learner.cc:782: 
Parameters: { "devices", "task_type" } are not used.

  bst.update(dtrain, iteration=i, fobj=obj)
                                        0%|          | 0/50 [00:03<?, ?it/s]Best trial: 0. Best value: 2.01129:   0%|          | 0/50 [00:03<?, ?it/s]Best trial: 0. Best value: 2.01129:   2%|▏         | 1/50 [00:03<02:49,  3.46s/it]D:\Python\realtime_estimate_tracker\venv_bds\lib\site-packages\xgboost\training.py:200: UserWarning: [22:10:53] WARNING: C:\actions-runner\_work\xgboost\xgboost\src\learner.cc:782: 
Parameters: { "devices", "task_type" } are not used.

  bst.update(dtrain, iteration=i, fobj=obj)
                                                                                  Best trial: 0. Best value: 2.01129:   2%|▏         | 1/50 [00:04<02:49,  3.46s/it]Best trial: 1. Best value: 1.89544:   2%|▏         | 1/50 [00:04<02:49,  3.46s/it]Best trial: 1. Best value: 1.89544:   4%|▍         | 2/50 [00:04<01:49,  2.29s/it]D:\Python\realtime_estimate_tracker\venv_bds\lib\site-packages\xgboost\training.py:200: UserWarning: [22:10:54] WARNING: C:\actions-runner\_work\xgboost\xgboost\src\learner.cc:782: 
Parameters: { "devices", "task_type" } are not used.

  bst.update(dtrain, iteration=i, fobj=obj)
                                                                                  Best trial: 1. Best value: 1.89544:   4%|▍         | 2/50 [00:07<01:49,  2.29s/it]Best trial: 1. Best value: 1.89544:   4%|▍         | 2/50 [00:07<01:49,  2.29s/it]Best trial: 1. Best value: 1.89544:   6%|▌         | 3/50 [00:07<01:49,  2.34s/it]D:\Python\realtime_estimate_tracker\venv_bds\lib\site-packages\xgboost\training.py:200: UserWarning: [22:10:57] WARNING: C:\actions-runner\_work\xgboost\xgboost\src\learner.cc:782: 
Parameters: { "devices", "task_type" } are not used.

  bst.update(dtrain, iteration=i, fobj=obj)
                                                                                  Best trial: 1. Best value: 1.89544:   6%|▌         | 3/50 [00:11<01:49,  2.34s/it]Best trial: 3. Best value: 1.88642:   6%|▌         | 3/50 [00:11<01:49,  2.34s/it]Best trial: 3. Best value: 1.88642:   8%|▊         | 4/50 [00:11<02:15,  2.94s/it]D:\Python\realtime_estimate_tracker\venv_bds\lib\site-packages\xgboost\training.py:200: UserWarning: [22:11:00] WARNING: C:\actions-runner\_work\xgboost\xgboost\src\learner.cc:782: 
Parameters: { "devices", "task_type" } are not used.

  bst.update(dtrain, iteration=i, fobj=obj)
                                                                                  Best trial: 3. Best value: 1.88642:   8%|▊         | 4/50 [00:12<02:15,  2.94s/it]Best trial: 3. Best value: 1.88642:   8%|▊         | 4/50 [00:12<02:15,  2.94s/it]Best trial: 3. Best value: 1.88642:  10%|█         | 5/50 [00:12<01:53,  2.51s/it]D:\Python\realtime_estimate_tracker\venv_bds\lib\site-packages\xgboost\training.py:200: UserWarning: [22:11:02] WARNING: C:\actions-runner\_work\xgboost\xgboost\src\learner.cc:782: 
Parameters: { "devices", "task_type" } are not used.

  bst.update(dtrain, iteration=i, fobj=obj)
                                                                                  Best trial: 3. Best value: 1.88642:  10%|█         | 5/50 [00:16<01:53,  2.51s/it]Best trial: 5. Best value: 1.86053:  10%|█         | 5/50 [00:16<01:53,  2.51s/it]Best trial: 5. Best value: 1.86053:  12%|█▏        | 6/50 [00:16<02:12,  3.00s/it]D:\Python\realtime_estimate_tracker\venv_bds\lib\site-packages\xgboost\training.py:200: UserWarning: [22:11:06] WARNING: C:\actions-runner\_work\xgboost\xgboost\src\learner.cc:782: 
Parameters: { "devices", "task_type" } are not used.

  bst.update(dtrain, iteration=i, fobj=obj)
                                                                                  Best trial: 5. Best value: 1.86053:  12%|█▏        | 6/50 [00:19<02:12,  3.00s/it]Best trial: 6. Best value: 1.85131:  12%|█▏        | 6/50 [00:19<02:12,  3.00s/it]Best trial: 6. Best value: 1.85131:  14%|█▍        | 7/50 [00:19<02:07,  2.96s/it]D:\Python\realtime_estimate_tracker\venv_bds\lib\site-packages\xgboost\training.py:200: UserWarning: [22:11:09] WARNING: C:\actions-runner\_work\xgboost\xgboost\src\learner.cc:782: 
Parameters: { "devices", "task_type" } are not used.

  bst.update(dtrain, iteration=i, fobj=obj)
                                                                                  Best trial: 6. Best value: 1.85131:  14%|█▍        | 7/50 [00:23<02:07,  2.96s/it]Best trial: 6. Best value: 1.85131:  14%|█▍        | 7/50 [00:23<02:07,  2.96s/it]Best trial: 6. Best value: 1.85131:  16%|█▌        | 8/50 [00:23<02:09,  3.08s/it]D:\Python\realtime_estimate_tracker\venv_bds\lib\site-packages\xgboost\training.py:200: UserWarning: [22:11:12] WARNING: C:\actions-runner\_work\xgboost\xgboost\src\learner.cc:782: 
Parameters: { "devices", "task_type" } are not used.

  bst.update(dtrain, iteration=i, fobj=obj)
                                                                                  Best trial: 6. Best value: 1.85131:  16%|█▌        | 8/50 [00:27<02:09,  3.08s/it]Best trial: 8. Best value: 1.8284:  16%|█▌        | 8/50 [00:27<02:09,  3.08s/it] Best trial: 8. Best value: 1.8284:  18%|█▊        | 9/50 [00:27<02:16,  3.34s/it]D:\Python\realtime_estimate_tracker\venv_bds\lib\site-packages\xgboost\training.py:200: UserWarning: [22:11:16] WARNING: C:\actions-runner\_work\xgboost\xgboost\src\learner.cc:782: 
Parameters: { "devices", "task_type" } are not used.

  bst.update(dtrain, iteration=i, fobj=obj)
                                                                                 Best trial: 8. Best value: 1.8284:  18%|█▊        | 9/50 [00:29<02:16,  3.34s/it]Best trial: 8. Best value: 1.8284:  18%|█▊        | 9/50 [00:29<02:16,  3.34s/it]Best trial: 8. Best value: 1.8284:  20%|██        | 10/50 [00:29<02:07,  3.19s/it]D:\Python\realtime_estimate_tracker\venv_bds\lib\site-packages\xgboost\training.py:200: UserWarning: [22:11:19] WARNING: C:\actions-runner\_work\xgboost\xgboost\src\learner.cc:782: 
Parameters: { "devices", "task_type" } are not used.

  bst.update(dtrain, iteration=i, fobj=obj)
                                                                                  Best trial: 8. Best value: 1.8284:  20%|██        | 10/50 [00:34<02:07,  3.19s/it]Best trial: 10. Best value: 1.81363:  20%|██        | 10/50 [00:34<02:07,  3.19s/it]Best trial: 10. Best value: 1.81363:  22%|██▏       | 11/50 [00:34<02:23,  3.69s/it]D:\Python\realtime_estimate_tracker\venv_bds\lib\site-packages\xgboost\training.py:200: UserWarning: [22:11:24] WARNING: C:\actions-runner\_work\xgboost\xgboost\src\learner.cc:782: 
Parameters: { "devices", "task_type" } are not used.

  bst.update(dtrain, iteration=i, fobj=obj)
                                                                                    Best trial: 10. Best value: 1.81363:  22%|██▏       | 11/50 [00:39<02:23,  3.69s/it]Best trial: 10. Best value: 1.81363:  22%|██▏       | 11/50 [00:39<02:23,  3.69s/it]Best trial: 10. Best value: 1.81363:  24%|██▍       | 12/50 [00:39<02:36,  4.12s/it]D:\Python\realtime_estimate_tracker\venv_bds\lib\site-packages\xgboost\training.py:200: UserWarning: [22:11:29] WARNING: C:\actions-runner\_work\xgboost\xgboost\src\learner.cc:782: 
Parameters: { "devices", "task_type" } are not used.

  bst.update(dtrain, iteration=i, fobj=obj)
                                                                                    Best trial: 10. Best value: 1.81363:  24%|██▍       | 12/50 [00:43<02:36,  4.12s/it]Best trial: 10. Best value: 1.81363:  24%|██▍       | 12/50 [00:43<02:36,  4.12s/it]Best trial: 10. Best value: 1.81363:  26%|██▌       | 13/50 [00:43<02:33,  4.14s/it]D:\Python\realtime_estimate_tracker\venv_bds\lib\site-packages\xgboost\training.py:200: UserWarning: [22:11:33] WARNING: C:\actions-runner\_work\xgboost\xgboost\src\learner.cc:782: 
Parameters: { "devices", "task_type" } are not used.

  bst.update(dtrain, iteration=i, fobj=obj)
                                                                                    Best trial: 10. Best value: 1.81363:  26%|██▌       | 13/50 [00:48<02:33,  4.14s/it]Best trial: 10. Best value: 1.81363:  26%|██▌       | 13/50 [00:48<02:33,  4.14s/it]Best trial: 10. Best value: 1.81363:  28%|██▊       | 14/50 [00:48<02:36,  4.35s/it]D:\Python\realtime_estimate_tracker\venv_bds\lib\site-packages\xgboost\training.py:200: UserWarning: [22:11:38] WARNING: C:\actions-runner\_work\xgboost\xgboost\src\learner.cc:782: 
Parameters: { "devices", "task_type" } are not used.

  bst.update(dtrain, iteration=i, fobj=obj)
                                                                                    Best trial: 10. Best value: 1.81363:  28%|██▊       | 14/50 [00:54<02:36,  4.35s/it]Best trial: 10. Best value: 1.81363:  28%|██▊       | 14/50 [00:54<02:36,  4.35s/it]Best trial: 10. Best value: 1.81363:  30%|███       | 15/50 [00:54<02:49,  4.85s/it]D:\Python\realtime_estimate_tracker\venv_bds\lib\site-packages\xgboost\training.py:200: UserWarning: [22:11:44] WARNING: C:\actions-runner\_work\xgboost\xgboost\src\learner.cc:782: 
Parameters: { "devices", "task_type" } are not used.

  bst.update(dtrain, iteration=i, fobj=obj)
                                                                                    Best trial: 10. Best value: 1.81363:  30%|███       | 15/50 [00:58<02:49,  4.85s/it]Best trial: 10. Best value: 1.81363:  30%|███       | 15/50 [00:58<02:49,  4.85s/it]Best trial: 10. Best value: 1.81363:  32%|███▏      | 16/50 [00:58<02:36,  4.60s/it]D:\Python\realtime_estimate_tracker\venv_bds\lib\site-packages\xgboost\training.py:200: UserWarning: [22:11:48] WARNING: C:\actions-runner\_work\xgboost\xgboost\src\learner.cc:782: 
Parameters: { "devices", "task_type" } are not used.

  bst.update(dtrain, iteration=i, fobj=obj)
                                                                                    Best trial: 10. Best value: 1.81363:  32%|███▏      | 16/50 [01:02<02:36,  4.60s/it]Best trial: 10. Best value: 1.81363:  32%|███▏      | 16/50 [01:02<02:36,  4.60s/it]Best trial: 10. Best value: 1.81363:  34%|███▍      | 17/50 [01:02<02:19,  4.23s/it]D:\Python\realtime_estimate_tracker\venv_bds\lib\site-packages\xgboost\training.py:200: UserWarning: [22:11:51] WARNING: C:\actions-runner\_work\xgboost\xgboost\src\learner.cc:782: 
Parameters: { "devices", "task_type" } are not used.

  bst.update(dtrain, iteration=i, fobj=obj)
                                                                                    Best trial: 10. Best value: 1.81363:  34%|███▍      | 17/50 [01:07<02:19,  4.23s/it]Best trial: 17. Best value: 1.78523:  34%|███▍      | 17/50 [01:07<02:19,  4.23s/it]Best trial: 17. Best value: 1.78523:  36%|███▌      | 18/50 [01:07<02:21,  4.43s/it]D:\Python\realtime_estimate_tracker\venv_bds\lib\site-packages\xgboost\training.py:200: UserWarning: [22:11:56] WARNING: C:\actions-runner\_work\xgboost\xgboost\src\learner.cc:782: 
Parameters: { "devices", "task_type" } are not used.

  bst.update(dtrain, iteration=i, fobj=obj)
                                                                                    Best trial: 17. Best value: 1.78523:  36%|███▌      | 18/50 [01:14<02:21,  4.43s/it]Best trial: 18. Best value: 1.78295:  36%|███▌      | 18/50 [01:14<02:21,  4.43s/it]Best trial: 18. Best value: 1.78295:  38%|███▊      | 19/50 [01:14<02:44,  5.30s/it]D:\Python\realtime_estimate_tracker\venv_bds\lib\site-packages\xgboost\training.py:200: UserWarning: [22:12:04] WARNING: C:\actions-runner\_work\xgboost\xgboost\src\learner.cc:782: 
Parameters: { "devices", "task_type" } are not used.

  bst.update(dtrain, iteration=i, fobj=obj)
                                                                                    Best trial: 18. Best value: 1.78295:  38%|███▊      | 19/50 [01:21<02:44,  5.30s/it]Best trial: 18. Best value: 1.78295:  38%|███▊      | 19/50 [01:21<02:44,  5.30s/it]Best trial: 18. Best value: 1.78295:  40%|████      | 20/50 [01:21<02:57,  5.91s/it]D:\Python\realtime_estimate_tracker\venv_bds\lib\site-packages\xgboost\training.py:200: UserWarning: [22:12:11] WARNING: C:\actions-runner\_work\xgboost\xgboost\src\learner.cc:782: 
Parameters: { "devices", "task_type" } are not used.

  bst.update(dtrain, iteration=i, fobj=obj)
                                                                                    Best trial: 18. Best value: 1.78295:  40%|████      | 20/50 [01:27<02:57,  5.91s/it]Best trial: 18. Best value: 1.78295:  40%|████      | 20/50 [01:27<02:57,  5.91s/it]Best trial: 18. Best value: 1.78295:  42%|████▏     | 21/50 [01:27<02:49,  5.84s/it]D:\Python\realtime_estimate_tracker\venv_bds\lib\site-packages\xgboost\training.py:200: UserWarning: [22:12:17] WARNING: C:\actions-runner\_work\xgboost\xgboost\src\learner.cc:782: 
Parameters: { "devices", "task_type" } are not used.

  bst.update(dtrain, iteration=i, fobj=obj)
                                                                                    Best trial: 18. Best value: 1.78295:  42%|████▏     | 21/50 [01:34<02:49,  5.84s/it]Best trial: 18. Best value: 1.78295:  42%|████▏     | 21/50 [01:34<02:49,  5.84s/it]Best trial: 18. Best value: 1.78295:  44%|████▍     | 22/50 [01:34<02:55,  6.27s/it]D:\Python\realtime_estimate_tracker\venv_bds\lib\site-packages\xgboost\training.py:200: UserWarning: [22:12:24] WARNING: C:\actions-runner\_work\xgboost\xgboost\src\learner.cc:782: 
Parameters: { "devices", "task_type" } are not used.

  bst.update(dtrain, iteration=i, fobj=obj)
                                                                                    Best trial: 18. Best value: 1.78295:  44%|████▍     | 22/50 [01:42<02:55,  6.27s/it]Best trial: 18. Best value: 1.78295:  44%|████▍     | 22/50 [01:42<02:55,  6.27s/it]Best trial: 18. Best value: 1.78295:  46%|████▌     | 23/50 [01:42<02:59,  6.66s/it]D:\Python\realtime_estimate_tracker\venv_bds\lib\site-packages\xgboost\training.py:200: UserWarning: [22:12:31] WARNING: C:\actions-runner\_work\xgboost\xgboost\src\learner.cc:782: 
Parameters: { "devices", "task_type" } are not used.

  bst.update(dtrain, iteration=i, fobj=obj)
                                                                                    Best trial: 18. Best value: 1.78295:  46%|████▌     | 23/50 [01:49<02:59,  6.66s/it]Best trial: 18. Best value: 1.78295:  46%|████▌     | 23/50 [01:49<02:59,  6.66s/it]Best trial: 18. Best value: 1.78295:  48%|████▊     | 24/50 [01:49<02:57,  6.81s/it]D:\Python\realtime_estimate_tracker\venv_bds\lib\site-packages\xgboost\training.py:200: UserWarning: [22:12:39] WARNING: C:\actions-runner\_work\xgboost\xgboost\src\learner.cc:782: 
Parameters: { "devices", "task_type" } are not used.

  bst.update(dtrain, iteration=i, fobj=obj)
                                                                                    Best trial: 18. Best value: 1.78295:  48%|████▊     | 24/50 [01:55<02:57,  6.81s/it]Best trial: 18. Best value: 1.78295:  48%|████▊     | 24/50 [01:55<02:57,  6.81s/it]Best trial: 18. Best value: 1.78295:  50%|█████     | 25/50 [01:55<02:44,  6.58s/it]D:\Python\realtime_estimate_tracker\venv_bds\lib\site-packages\xgboost\training.py:200: UserWarning: [22:12:45] WARNING: C:\actions-runner\_work\xgboost\xgboost\src\learner.cc:782: 
Parameters: { "devices", "task_type" } are not used.

  bst.update(dtrain, iteration=i, fobj=obj)
                                                                                    Best trial: 18. Best value: 1.78295:  50%|█████     | 25/50 [02:02<02:44,  6.58s/it]Best trial: 18. Best value: 1.78295:  50%|█████     | 25/50 [02:02<02:44,  6.58s/it]Best trial: 18. Best value: 1.78295:  52%|█████▏    | 26/50 [02:02<02:42,  6.79s/it]D:\Python\realtime_estimate_tracker\venv_bds\lib\site-packages\xgboost\training.py:200: UserWarning: [22:12:52] WARNING: C:\actions-runner\_work\xgboost\xgboost\src\learner.cc:782: 
Parameters: { "devices", "task_type" } are not used.

  bst.update(dtrain, iteration=i, fobj=obj)
                                                                                    Best trial: 18. Best value: 1.78295:  52%|█████▏    | 26/50 [02:08<02:42,  6.79s/it]Best trial: 18. Best value: 1.78295:  52%|█████▏    | 26/50 [02:08<02:42,  6.79s/