[I 2026-04-02 22:11:28,825] Trial 49 finished with value: 1.8625641071705703 and parameters: {'n_estimators': 1075, 'learning_rate': 0.03237324734859012, 'max_depth': 15, 'subsample': 0.6016571928116327, 'colsample_bytree': 0.9560177723257, 'min_child_weight': 7}. Best is trial 26 with value: 1.7115475643360145.
✅ Tham số tối ưu nhất từ Optuna: {'n_estimators': 1185, 'learning_rate': 0.012053682643722217, 'max_depth': 15, 'subsample': 0.7693475167054451, 'colsample_bytree': 0.9537306834422014, 'min_child_weight': 1}
MAE của mô hình XGBoost: 1.6952
R² của mô hình XGBoost: 0.9251
🥊 Đang so sánh... Champion MAE: 1.6245 vs Challenger MAE: 1.6952
🛡️ Champion bảo vệ ngôi vương. Giữ nguyên mô hình cũ.
[Thu 04/02/2026 22:11:38.18] [4/4] Dang dong bo AI Model (qua LFS) len GitHub... 
[main 3fbfd4c] Auto-update AI Model: Thu 04/02/2026 22:11:40.33
 2 files changed, 360 insertions(+)
remote: This repository moved. Please use the new location:        
remote:   https://github.com/HieuNT316/hanoi-house-price-prediction.git        
To https://github.com/Alexus143/hanoi-house-price-prediction.git
   2e6c512..3fbfd4c  main -> main
========================================= 
[Fri 04/03/2026 22:00:02.90] [1/4] Dang cao chi tiet BĐS... 
🔍 Đang cấu hình Database với: postgres.kkwivuufxdewurmxtsto@aws-1-ap-southeast-1.pooler.supabase.com:5432/postgres

[DetailSpider] Khởi động luồng làm giàu dữ liệu (Limit: 50 bài/lượt)...
✅ Đã kết nối thành công tới PostgreSQL.
[Browser] Đang khởi tạo trình duyệt...
[Browser] Phát hiện Chrome (Windows): Version 139

[DetailSpider] Đang cào (1/12): https://batdongsan.com.vn/ban-nha-biet-thu-lien-ke-phuong-yen-nghia-1/chinh-chu-ban-phan-lo-ha-ong-dong-tien-1-4-ty-nam-dt-102m-mt-8-2m-oto-dung-o-36-5-ty-pr45436251
  -> Lấy được 3/6 feature chi tiết.

[DetailSpider] Đang cào (2/12): https://batdongsan.com.vn/ban-can-ho-chung-cu-duong-vu-trong-khanh-phuong-mo-lao-thap-doi-kepler-land/chinh-chu-ban-2pn-1-82m2-tai-keplerland-ban-giao-full-nhap-khau-thang-7-nhan-nha-pr45468195
  -> Lấy được 3/6 feature chi tiết.

[DetailSpider] Đang cào (3/12): https://batdongsan.com.vn/ban-can-ho-chung-cu-phuong-duong-noi-an-binh-homeland/chinh-chu-ban-2-ngoai-giao-home-land-gia-chu-au-tu-a-ky-hop-ong-mua-ban-pr45466981
  -> Lấy được 1/6 feature chi tiết.

[DetailSpider] Đang cào (4/12): https://batdongsan.com.vn/ban-nha-rieng-duong-quang-trung-phuong-yen-nghia-1-15/chinh-chu-ban-tai-do-lo-ha-ong-pr45448276
  -> Lấy được 6/6 feature chi tiết.

[DetailSpider] Đang cào (5/12): https://batdongsan.com.vn/ban-dat-duong-vanh-dai-4-phuong-yen-nghia-1-15/ban-at-ha-ong-dt-73m2-ngay-mat-uong-ai-4-hai-mat-thoang-uong-o-to-cuc-ep-pr45466261
  -> Lấy được 3/6 feature chi tiết.

[DetailSpider] Đang cào (6/12): https://batdongsan.com.vn/ban-can-ho-chung-cu-duong-vu-trong-khanh-phuong-mo-lao-thap-doi-kepler-land/ban-gap-1pn-keppler-gia-4-65-ty-lh-098256886-lam-chi-pr45462582
  -> Lấy được 3/6 feature chi tiết.

[DetailSpider] Đang cào (7/12): https://batdongsan.com.vn/ban-nha-rieng-duong-la-noi-phuong-duong-noi-15/ban-re-nhat-ha-ong-ha-noi-pr45462331
  -> Lấy được 5/6 feature chi tiết.

[DetailSpider] Đang cào (8/12): https://batdongsan.com.vn/ban-nha-rieng-duong-nguyen-khuyen-phuong-van-quan-15/ban-gap-phan-lo-cong-an-ha-ong-ha-noi-55-m-5-t-mt-5-m-gia-15-2-ty-co-giam-o-to-pr45460743
  -> Lấy được 5/6 feature chi tiết.

[DetailSpider] Đang cào (9/12): https://batdongsan.com.vn/ban-can-ho-chung-cu-duong-to-huu-phuong-la-khe-the-charm-an-hung/chinh-chu-ban-2pn-ky-hieu-b1909-09-tang-19-gia-chi-6-4x-ty-ko-chap-ngan-hang-pr45391692
  -> Lấy được 3/6 feature chi tiết.

[DetailSpider] Đang cào (10/12): https://batdongsan.com.vn/ban-can-ho-chung-cu-mini-duong-ha-tri-1-phuong-ha-cau-15/chinh-chu-ban-1-uong-oto-thong-cach-50m-ra-pho-tri-pr45460208
  -> Lấy được 1/6 feature chi tiết.

[DetailSpider] Đang cào (11/12): https://batdongsan.com.vn/ban-nha-rieng-duong-quang-trung-phuong-duong-noi-15/ban-canh-pho-ha-ong-pr45454792
  -> Lấy được 6/6 feature chi tiết.

[DetailSpider] Đang cào (12/12): https://batdongsan.com.vn/ban-nha-biet-thu-lien-ke-duong-le-trong-tan-phuong-duong-noi-khu-do-thi-geleximco-le-trong-tan/ban-d-o-gelexemco-ha-ong-pr45454665
  -> Lấy được 6/6 feature chi tiết.

[DetailSpider] Hoàn thành. Cập nhật thành công 12/12 bài đăng.
[Fri 04/03/2026 22:03:15.50] [2/4] Dang clean du lieu... 
🔍 Đang cấu hình Database với: postgres.kkwivuufxdewurmxtsto@aws-1-ap-southeast-1.pooler.supabase.com:5432/postgres
✅ Đã kết nối thành công tới PostgreSQL.
🔄 Upsert thành công 5594 bản ghi vào 'bds_hadong'.
✅ Đã cập nhật cột legal_status và furniture thành công.
[Fri 04/03/2026 22:03:31.05] [3/4] Dang huan luyen AI tren du lieu moi... 
🔍 Đang cấu hình Database với: postgres.kkwivuufxdewurmxtsto@aws-1-ap-southeast-1.pooler.supabase.com:5432/postgres
[I 2026-04-03 22:03:55,868] A new study created in memory with name: no-name-4855746d-8d9c-4260-84fa-d0ff85b9c4fc
✅ Đã kết nối thành công tới PostgreSQL.
  0%|          | 0/50 [00:00<?, ?it/s]D:\Python\realtime_estimate_tracker\venv_bds\lib\site-packages\xgboost\training.py:200: UserWarning: [22:03:56] WARNING: C:\actions-runner\_work\xgboost\xgboost\src\learner.cc:782: 
Parameters: { "devices", "task_type" } are not used.

  bst.update(dtrain, iteration=i, fobj=obj)
                                        0%|          | 0/50 [00:02<?, ?it/s]Best trial: 0. Best value: 1.86018:   0%|          | 0/50 [00:02<?, ?it/s]Best trial: 0. Best value: 1.86018:   2%|▏         | 1/50 [00:02<02:07,  2.60s/it]D:\Python\realtime_estimate_tracker\venv_bds\lib\site-packages\xgboost\training.py:200: UserWarning: [22:03:58] WARNING: C:\actions-runner\_work\xgboost\xgboost\src\learner.cc:782: 
Parameters: { "devices", "task_type" } are not used.

  bst.update(dtrain, iteration=i, fobj=obj)
                                                                                  Best trial: 0. Best value: 1.86018:   2%|▏         | 1/50 [00:04<02:07,  2.60s/it]Best trial: 1. Best value: 1.83756:   2%|▏         | 1/50 [00:04<02:07,  2.60s/it]Best trial: 1. Best value: 1.83756:   4%|▍         | 2/50 [00:04<01:37,  2.02s/it]D:\Python\realtime_estimate_tracker\venv_bds\lib\site-packages\xgboost\training.py:200: UserWarning: [22:04:00] WARNING: C:\actions-runner\_work\xgboost\xgboost\src\learner.cc:782: 
Parameters: { "devices", "task_type" } are not used.

  bst.update(dtrain, iteration=i, fobj=obj)
                                                                                  Best trial: 1. Best value: 1.83756:   4%|▍         | 2/50 [00:06<01:37,  2.02s/it]Best trial: 2. Best value: 1.77762:   4%|▍         | 2/50 [00:06<01:37,  2.02s/it]Best trial: 2. Best value: 1.77762:   6%|▌         | 3/50 [00:06<01:41,  2.15s/it]D:\Python\realtime_estimate_tracker\venv_bds\lib\site-packages\xgboost\training.py:200: UserWarning: [22:04:02] WARNING: C:\actions-runner\_work\xgboost\xgboost\src\learner.cc:782: 
Parameters: { "devices", "task_type" } are not used.

  bst.update(dtrain, iteration=i, fobj=obj)
                                                                                  Best trial: 2. Best value: 1.77762:   6%|▌         | 3/50 [00:09<01:41,  2.15s/it]Best trial: 3. Best value: 1.77507:   6%|▌         | 3/50 [00:09<01:41,  2.15s/it]Best trial: 3. Best value: 1.77507:   8%|▊         | 4/50 [00:09<02:00,  2.63s/it]D:\Python\realtime_estimate_tracker\venv_bds\lib\site-packages\xgboost\training.py:200: UserWarning: [22:04:05] WARNING: C:\actions-runner\_work\xgboost\xgboost\src\learner.cc:782: 
Parameters: { "devices", "task_type" } are not used.

  bst.update(dtrain, iteration=i, fobj=obj)
                                                                                  Best trial: 3. Best value: 1.77507:   8%|▊         | 4/50 [00:11<02:00,  2.63s/it]Best trial: 3. Best value: 1.77507:   8%|▊         | 4/50 [00:11<02:00,  2.63s/it]Best trial: 3. Best value: 1.77507:  10%|█         | 5/50 [00:11<01:39,  2.22s/it]D:\Python\realtime_estimate_tracker\venv_bds\lib\site-packages\xgboost\training.py:200: UserWarning: [22:04:07] WARNING: C:\actions-runner\_work\xgboost\xgboost\src\learner.cc:782: 
Parameters: { "devices", "task_type" } are not used.

  bst.update(dtrain, iteration=i, fobj=obj)
                                                                                  Best trial: 3. Best value: 1.77507:  10%|█         | 5/50 [00:16<01:39,  2.22s/it]Best trial: 5. Best value: 1.76647:  10%|█         | 5/50 [00:16<01:39,  2.22s/it]Best trial: 5. Best value: 1.76647:  12%|█▏        | 6/50 [00:16<02:15,  3.09s/it]D:\Python\realtime_estimate_tracker\venv_bds\lib\site-packages\xgboost\training.py:200: UserWarning: [22:04:12] WARNING: C:\actions-runner\_work\xgboost\xgboost\src\learner.cc:782: 
Parameters: { "devices", "task_type" } are not used.

  bst.update(dtrain, iteration=i, fobj=obj)
                                                                                  Best trial: 5. Best value: 1.76647:  12%|█▏        | 6/50 [00:19<02:15,  3.09s/it]Best trial: 5. Best value: 1.76647:  12%|█▏        | 6/50 [00:19<02:15,  3.09s/it]Best trial: 5. Best value: 1.76647:  14%|█▍        | 7/50 [00:19<02:10,  3.04s/it]D:\Python\realtime_estimate_tracker\venv_bds\lib\site-packages\xgboost\training.py:200: UserWarning: [22:04:15] WARNING: C:\actions-runner\_work\xgboost\xgboost\src\learner.cc:782: 
Parameters: { "devices", "task_type" } are not used.

  bst.update(dtrain, iteration=i, fobj=obj)
                                                                                  Best trial: 5. Best value: 1.76647:  14%|█▍        | 7/50 [00:20<02:10,  3.04s/it]Best trial: 5. Best value: 1.76647:  14%|█▍        | 7/50 [00:20<02:10,  3.04s/it]Best trial: 5. Best value: 1.76647:  16%|█▌        | 8/50 [00:20<01:39,  2.37s/it]D:\Python\realtime_estimate_tracker\venv_bds\lib\site-packages\xgboost\training.py:200: UserWarning: [22:04:15] WARNING: C:\actions-runner\_work\xgboost\xgboost\src\learner.cc:782: 
Parameters: { "devices", "task_type" } are not used.

  bst.update(dtrain, iteration=i, fobj=obj)
                                                                                  Best trial: 5. Best value: 1.76647:  16%|█▌        | 8/50 [00:25<01:39,  2.37s/it]Best trial: 5. Best value: 1.76647:  16%|█▌        | 8/50 [00:25<01:39,  2.37s/it]Best trial: 5. Best value: 1.76647:  18%|█▊        | 9/50 [00:25<02:13,  3.25s/it]D:\Python\realtime_estimate_tracker\venv_bds\lib\site-packages\xgboost\training.py:200: UserWarning: [22:04:21] WARNING: C:\actions-runner\_work\xgboost\xgboost\src\learner.cc:782: 
Parameters: { "devices", "task_type" } are not used.

  bst.update(dtrain, iteration=i, fobj=obj)
                                                                                  Best trial: 5. Best value: 1.76647:  18%|█▊        | 9/50 [00:26<02:13,  3.25s/it]Best trial: 5. Best value: 1.76647:  18%|█▊        | 9/50 [00:26<02:13,  3.25s/it]Best trial: 5. Best value: 1.76647:  20%|██        | 10/50 [00:26<01:45,  2.63s/it]D:\Python\realtime_estimate_tracker\venv_bds\lib\site-packages\xgboost\training.py:200: UserWarning: [22:04:22] WARNING: C:\actions-runner\_work\xgboost\xgboost\src\learner.cc:782: 
Parameters: { "devices", "task_type" } are not used.

  bst.update(dtrain, iteration=i, fobj=obj)
                                                                                   Best trial: 5. Best value: 1.76647:  20%|██        | 10/50 [00:29<01:45,  2.63s/it]Best trial: 5. Best value: 1.76647:  20%|██        | 10/50 [00:29<01:45,  2.63s/it]Best trial: 5. Best value: 1.76647:  22%|██▏       | 11/50 [00:29<01:49,  2.82s/it]D:\Python\realtime_estimate_tracker\venv_bds\lib\site-packages\xgboost\training.py:200: UserWarning: [22:04:25] WARNING: C:\actions-runner\_work\xgboost\xgboost\src\learner.cc:782: 
Parameters: { "devices", "task_type" } are not used.

  bst.update(dtrain, iteration=i, fobj=obj)
                                                                                   Best trial: 5. Best value: 1.76647:  22%|██▏       | 11/50 [00:36<01:49,  2.82s/it]Best trial: 11. Best value: 1.76569:  22%|██▏       | 11/50 [00:36<01:49,  2.82s/it]Best trial: 11. Best value: 1.76569:  24%|██▍       | 12/50 [00:36<02:31,  3.99s/it]D:\Python\realtime_estimate_tracker\venv_bds\lib\site-packages\xgboost\training.py:200: UserWarning: [22:04:32] WARNING: C:\actions-runner\_work\xgboost\xgboost\src\learner.cc:782: 
Parameters: { "devices", "task_type" } are not used.

  bst.update(dtrain, iteration=i, fobj=obj)
                                                                                    Best trial: 11. Best value: 1.76569:  24%|██▍       | 12/50 [00:42<02:31,  3.99s/it]Best trial: 11. Best value: 1.76569:  24%|██▍       | 12/50 [00:42<02:31,  3.99s/it]Best trial: 11. Best value: 1.76569:  26%|██▌       | 13/50 [00:42<02:49,  4.57s/it]D:\Python\realtime_estimate_tracker\venv_bds\lib\site-packages\xgboost\training.py:200: UserWarning: [22:04:38] WARNING: C:\actions-runner\_work\xgboost\xgboost\src\learner.cc:782: 
Parameters: { "devices", "task_type" } are not used.

  bst.update(dtrain, iteration=i, fobj=obj)
                                                                                    Best trial: 11. Best value: 1.76569:  26%|██▌       | 13/50 [00:46<02:49,  4.57s/it]Best trial: 11. Best value: 1.76569:  26%|██▌       | 13/50 [00:46<02:49,  4.57s/it]Best trial: 11. Best value: 1.76569:  28%|██▊       | 14/50 [00:46<02:41,  4.48s/it]D:\Python\realtime_estimate_tracker\venv_bds\lib\site-packages\xgboost\training.py:200: UserWarning: [22:04:42] WARNING: C:\actions-runner\_work\xgboost\xgboost\src\learner.cc:782: 
Parameters: { "devices", "task_type" } are not used.

  bst.update(dtrain, iteration=i, fobj=obj)
                                                                                    Best trial: 11. Best value: 1.76569:  28%|██▊       | 14/50 [00:51<02:41,  4.48s/it]Best trial: 11. Best value: 1.76569:  28%|██▊       | 14/50 [00:51<02:41,  4.48s/it]Best trial: 11. Best value: 1.76569:  30%|███       | 15/50 [00:51<02:37,  4.50s/it]D:\Python\realtime_estimate_tracker\venv_bds\lib\site-packages\xgboost\training.py:200: UserWarning: [22:04:47] WARNING: C:\actions-runner\_work\xgboost\xgboost\src\learner.cc:782: 
Parameters: { "devices", "task_type" } are not used.

  bst.update(dtrain, iteration=i, fobj=obj)
                                                                                    Best trial: 11. Best value: 1.76569:  30%|███       | 15/50 [00:54<02:37,  4.50s/it]Best trial: 11. Best value: 1.76569:  30%|███       | 15/50 [00:54<02:37,  4.50s/it]Best trial: 11. Best value: 1.76569:  32%|███▏      | 16/50 [00:54<02:21,  4.17s/it]D:\Python\realtime_estimate_tracker\venv_bds\lib\site-packages\xgboost\training.py:200: UserWarning: [22:04:50] WARNING: C:\actions-runner\_work\xgboost\xgboost\src\learner.cc:782: 
Parameters: { "devices", "task_type" } are not used.

  bst.update(dtrain, iteration=i, fobj=obj)
                                                                                    Best trial: 11. Best value: 1.76569:  32%|███▏      | 16/50 [00:59<02:21,  4.17s/it]Best trial: 11. Best value: 1.76569:  32%|███▏      | 16/50 [00:59<02:21,  4.17s/it]Best trial: 11. Best value: 1.76569:  34%|███▍      | 17/50 [00:59<02:21,  4.30s/it]D:\Python\realtime_estimate_tracker\venv_bds\lib\site-packages\xgboost\training.py:200: UserWarning: [22:04:55] WARNING: C:\actions-runner\_work\xgboost\xgboost\src\learner.cc:782: 
Parameters: { "devices", "task_type" } are not used.

  bst.update(dtrain, iteration=i, fobj=obj)
                                                                                    Best trial: 11. Best value: 1.76569:  34%|███▍      | 17/50 [01:04<02:21,  4.30s/it]Best trial: 17. Best value: 1.75581:  34%|███▍      | 17/50 [01:04<02:21,  4.30s/it]Best trial: 17. Best value: 1.75581:  36%|███▌      | 18/50 [01:04<02:27,  4.62s/it]D:\Python\realtime_estimate_tracker\venv_bds\lib\site-packages\xgboost\training.py:200: UserWarning: [22:05:00] WARNING: C:\actions-runner\_work\xgboost\xgboost\src\learner.cc:782: 
Parameters: { "devices", "task_type" } are not used.

  bst.update(dtrain, iteration=i, fobj=obj)
                                                                                    Best trial: 17. Best value: 1.75581:  36%|███▌      | 18/50 [01:06<02:27,  4.62s/it]Best trial: 17. Best value: 1.75581:  36%|███▌      | 18/50 [01:06<02:27,  4.62s/it]Best trial: 17. Best value: 1.75581:  38%|███▊      | 19/50 [01:06<02:02,  3.96s/it]D:\Python\realtime_estimate_tracker\venv_bds\lib\site-packages\xgboost\training.py:200: UserWarning: [22:05:02] WARNING: C:\actions-runner\_work\xgboost\xgboost\src\learner.cc:782: 
Parameters: { "devices", "task_type" } are not used.

  bst.update(dtrain, iteration=i, fobj=obj)
                                                                                    Best trial: 17. Best value: 1.75581:  38%|███▊      | 19/50 [01:12<02:02,  3.96s/it]Best trial: 17. Best value: 1.75581:  38%|███▊      | 19/50 [01:12<02:02,  3.96s/it]Best trial: 17. Best value: 1.75581:  40%|████      | 20/50 [01:12<02:11,  4.39s/it]D:\Python\realtime_estimate_tracker\venv_bds\lib\site-packages\xgboost\training.py:200: UserWarning: [22:05:08] WARNING: C:\actions-runner\_work\xgboost\xgboost\src\learner.cc:782: 
Parameters: { "devices", "task_type" } are not used.

  bst.update(dtrain, iteration=i, fobj=obj)
                                                                                    Best trial: 17. Best value: 1.75581:  40%|████      | 20/50 [01:15<02:11,  4.39s/it]Best trial: 17. Best value: 1.75581:  40%|████      | 20/50 [01:15<02:11,  4.39s/it]Best trial: 17. Best value: 1.75581:  42%|████▏     | 21/50 [01:15<01:56,  4.03s/it]D:\Python\realtime_estimate_tracker\venv_bds\lib\site-packages\xgboost\training.py:200: UserWarning: [22:05:11] WARNING: C:\actions-runner\_work\xgboost\xgboost\src\learner.cc:782: 
Parameters: { "devices", "task_type" } are not used.

  bst.update(dtrain, iteration=i, fobj=obj)
                                                                                    Best trial: 17. Best value: 1.75581:  42%|████▏     | 21/50 [01:20<01:56,  4.03s/it]Best trial: 17. Best value: 1.75581:  42%|████▏     | 21/50 [01:20<01:56,  4.03s/it]Best trial: 17. Best value: 1.75581:  44%|████▍     | 22/50 [01:20<02:00,  4.32s/it]D:\Python\realtime_estimate_tracker\venv_bds\lib\site-packages\xgboost\training.py:200: UserWarning: [22:05:16] WARNING: C:\actions-runner\_work\xgboost\xgboost\src\learner.cc:782: 
Parameters: { "devices", "task_type" } are not used.

  bst.update(dtrain, iteration=i, fobj=obj)
                                                                                    Best trial: 17. Best value: 1.75581:  44%|████▍     | 22/50 [01:25<02:00,  4.32s/it]Best trial: 22. Best value: 1.74888:  44%|████▍     | 22/50 [01:25<02:00,  4.32s/it]Best trial: 22. Best value: 1.74888:  46%|████▌     | 23/50 [01:25<02:04,  4.60s/it]D:\Python\realtime_estimate_tracker\venv_bds\lib\site-packages\xgboost\training.py:200: UserWarning: [22:05:21] WARNING: C:\actions-runner\_work\xgboost\xgboost\src\learner.cc:782: 
Parameters: { "devices", "task_type" } are not used.

  bst.update(dtrain, iteration=i, fobj=obj)
                                                                                    Best trial: 22. Best value: 1.74888:  46%|████▌     | 23/50 [01:31<02:04,  4.60s/it]Best trial: 22. Best value: 1.74888:  46%|████▌     | 23/50 [01:31<02:04,  4.60s/it]Best trial: 22. Best value: 1.74888:  48%|████▊     | 24/50 [01:31<02:07,  4.90s/it]D:\Python\realtime_estimate_tracker\venv_bds\lib\site-packages\xgboost\training.py:200: UserWarning: [22:05:27] WARNING: C:\actions-runner\_work\xgboost\xgboost\src\learner.cc:782: 
Parameters: { "devices", "task_type" } are not used.

  bst.update(dtrain, iteration=i, fobj=obj)
                                                                                    Best trial: 22. Best value: 1.74888:  48%|████▊     | 24/50 [01:35<02:07,  4.90s/it]Best trial: 22. Best value: 1.74888:  48%|████▊     | 24/50 [01:35<02:07,  4.90s/it]Best trial: 22. Best value: 1.74888:  50%|█████     | 25/50 [01:35<01:53,  4.55s/it]D:\Python\realtime_estimate_tracker\venv_bds\lib\site-packages\xgboost\training.py:200: UserWarning: [22:05:31] WARNING: C:\actions-runner\_work\xgboost\xgboost\src\learner.cc:782: 
Parameters: { "devices", "task_type" } are not used.

  bst.update(dtrain, iteration=i, fobj=obj)
                                                                                    Best trial: 22. Best value: 1.74888:  50%|█████     | 25/50 [01:41<01:53,  4.55s/it]Best trial: 22. Best value: 1.74888:  50%|█████     | 25/50 [01:41<01:53,  4.55s/it]Best trial: 22. Best value: 1.74888:  52%|█████▏    | 26/50 [01:41<02:00,  5.04s/it]D:\Python\realtime_estimate_tracker\venv_bds\lib\site-packages\xgboost\training.py:200: UserWarning: [22:05:37] WARNING: C:\actions-runner\_work\xgboost\xgboost\src\learner.cc:782: 
Parameters: { "devices", "task_type" } are not used.

  bst.update(dtrain, iteration=i, fobj=obj)
                                                                                    Best trial: 22. Best value: 1.74888:  52%|█████▏    | 26/50 [01:45<02:00,  5.04s/it]Best trial: 22. Best value: 1.74888:  52%|█████▏    | 26/50 [01:45<02:00,  5.04s/it]Best trial: 22. Best value: 1.74888:  54%|█████▍    | 27/50 [01:45<01:53,  4.93s/it]D:\Python\realtime_estimate_tracker\venv_bds\lib\site-packages\xgboost\training.py:200: UserWarning: [22:05:41] WARNING: C:\actions-runner\_work\xgboost\xgboost\src\learner.cc:782: 
Parameters: { "devices", "task_type" } are not used.

  bst.update(dtr