[I 2026-04-04 22:04:42,759] Trial 0 finished with value: 2.2586360151553113 and parameters: {'n_estimators': 463, 'learning_rate': 0.006656386215089166, 'max_depth': 7, 'subsample': 0.6004059446545373, 'colsample_bytree': 0.9914438993281252, 'min_child_weight': 5}. Best is trial 0 with value: 2.2586360151553113.
[I 2026-04-04 22:04:46,589] Trial 1 finished with value: 1.8471195183124611 and parameters: {'n_estimators': 655, 'learning_rate': 0.00756260188233874, 'max_depth': 14, 'subsample': 0.6237744191895582, 'colsample_bytree': 0.8635754191123136, 'min_child_weight': 2}. Best is trial 1 with value: 1.8471195183124611.
[I 2026-04-04 22:04:48,609] Trial 2 finished with value: 2.1149625626822632 and parameters: {'n_estimators': 732, 'learning_rate': 0.015986005408767174, 'max_depth': 7, 'subsample': 0.7053645647655579, 'colsample_bytree': 0.6270459058358108, 'min_child_weight': 10}. Best is trial 1 with value: 1.8471195183124611.
[I 2026-04-04 22:04:52,607] Trial 3 finished with value: 1.9338714916996143 and parameters: {'n_estimators': 1175, 'learning_rate': 0.059508587730357665, 'max_depth': 11, 'subsample': 0.7023891569311131, 'colsample_bytree': 0.6076259927733113, 'min_child_weight': 8}. Best is trial 1 with value: 1.8471195183124611.
[I 2026-04-04 22:04:53,535] Trial 4 finished with value: 2.2245997429795814 and parameters: {'n_estimators': 332, 'learning_rate': 0.018947913442573794, 'max_depth': 6, 'subsample': 0.987438842596806, 'colsample_bytree': 0.7254895200115492, 'min_child_weight': 3}. Best is trial 1 with value: 1.8471195183124611.
[I 2026-04-04 22:04:57,161] Trial 5 finished with value: 1.8837208283029883 and parameters: {'n_estimators': 931, 'learning_rate': 0.039259690383218214, 'max_depth': 12, 'subsample': 0.7418048718366842, 'colsample_bytree': 0.7524171913613966, 'min_child_weight': 7}. Best is trial 1 with value: 1.8471195183124611.
[I 2026-04-04 22:04:58,601] Trial 6 finished with value: 2.064913427145909 and parameters: {'n_estimators': 636, 'learning_rate': 0.08026112006626672, 'max_depth': 5, 'subsample': 0.6350021668560152, 'colsample_bytree': 0.7272067905195286, 'min_child_weight': 6}. Best is trial 1 with value: 1.8471195183124611.
[I 2026-04-04 22:05:00,016] Trial 7 finished with value: 2.380787082887163 and parameters: {'n_estimators': 388, 'learning_rate': 0.005295841823157101, 'max_depth': 11, 'subsample': 0.8547402132787338, 'colsample_bytree': 0.900114729961329, 'min_child_weight': 9}. Best is trial 1 with value: 1.8471195183124611.
[I 2026-04-04 22:05:03,758] Trial 8 finished with value: 1.9149223315606887 and parameters: {'n_estimators': 749, 'learning_rate': 0.008943979840264219, 'max_depth': 15, 'subsample': 0.9025694691617782, 'colsample_bytree': 0.8360445151675979, 'min_child_weight': 8}. Best is trial 1 with value: 1.8471195183124611.
[I 2026-04-04 22:05:05,622] Trial 9 finished with value: 1.8355990825048958 and parameters: {'n_estimators': 437, 'learning_rate': 0.03262785496272635, 'max_depth': 12, 'subsample': 0.6087999823672757, 'colsample_bytree': 0.911115910377285, 'min_child_weight': 3}. Best is trial 9 with value: 1.8355990825048958.
[I 2026-04-04 22:05:10,442] Trial 10 finished with value: 1.8700322394200504 and parameters: {'n_estimators': 1490, 'learning_rate': 0.03345269010818719, 'max_depth': 9, 'subsample': 0.8004975955707161, 'colsample_bytree': 0.9640768557798611, 'min_child_weight': 4}. Best is trial 9 with value: 1.8355990825048958.
[I 2026-04-04 22:05:13,898] Trial 11 finished with value: 1.8046525135287044 and parameters: {'n_estimators': 545, 'learning_rate': 0.012966358279580504, 'max_depth': 14, 'subsample': 0.6560688931714366, 'colsample_bytree': 0.8778589102432504, 'min_child_weight': 1}. Best is trial 11 with value: 1.8046525135287044.
[I 2026-04-04 22:05:16,895] Trial 12 finished with value: 1.8169830815784913 and parameters: {'n_estimators': 518, 'learning_rate': 0.012510816869532813, 'max_depth': 13, 'subsample': 0.6765353029579868, 'colsample_bytree': 0.8864222691867166, 'min_child_weight': 1}. Best is trial 11 with value: 1.8046525135287044.
[I 2026-04-04 22:05:22,604] Trial 13 finished with value: 1.8108361829800028 and parameters: {'n_estimators': 993, 'learning_rate': 0.012759075711279367, 'max_depth': 14, 'subsample': 0.6788988992527559, 'colsample_bytree': 0.781944920507554, 'min_child_weight': 1}. Best is trial 11 with value: 1.8046525135287044.
[I 2026-04-04 22:05:29,201] Trial 14 finished with value: 1.7963838919106068 and parameters: {'n_estimators': 1015, 'learning_rate': 0.013022130135441012, 'max_depth': 15, 'subsample': 0.7674537229259986, 'colsample_bytree': 0.7881448524202578, 'min_child_weight': 1}. Best is trial 14 with value: 1.7963838919106068.
[I 2026-04-04 22:05:36,718] Trial 15 finished with value: 1.8070855248933275 and parameters: {'n_estimators': 1195, 'learning_rate': 0.022721679156316094, 'max_depth': 15, 'subsample': 0.761119378023521, 'colsample_bytree': 0.8158518256284161, 'min_child_weight': 1}. Best is trial 14 with value: 1.7963838919106068.
[I 2026-04-04 22:05:40,884] Trial 16 finished with value: 1.9595297033499106 and parameters: {'n_estimators': 1116, 'learning_rate': 0.010481312869143887, 'max_depth': 9, 'subsample': 0.8196387539354283, 'colsample_bytree': 0.6791950721056954, 'min_child_weight': 3}. Best is trial 14 with value: 1.7963838919106068.
[I 2026-04-04 22:05:46,750] Trial 17 finished with value: 1.8492331527447103 and parameters: {'n_estimators': 1366, 'learning_rate': 0.02303885743742619, 'max_depth': 13, 'subsample': 0.7569723763420385, 'colsample_bytree': 0.9512059298148179, 'min_child_weight': 5}. Best is trial 14 with value: 1.7963838919106068.
[I 2026-04-04 22:05:51,873] Trial 18 finished with value: 1.8218502764757092 and parameters: {'n_estimators': 816, 'learning_rate': 0.015727539919417593, 'max_depth': 15, 'subsample': 0.8782968950373354, 'colsample_bytree': 0.7780525507023768, 'min_child_weight': 2}. Best is trial 14 with value: 1.7963838919106068.
[I 2026-04-04 22:05:58,142] Trial 19 finished with value: 1.8199827568276838 and parameters: {'n_estimators': 1040, 'learning_rate': 0.01031504439185744, 'max_depth': 13, 'subsample': 0.9495397530381958, 'colsample_bytree': 0.848483789284037, 'min_child_weight': 2}. Best is trial 14 with value: 1.7963838919106068.
[I 2026-04-04 22:06:01,705] Trial 20 finished with value: 1.929220163815135 and parameters: {'n_estimators': 846, 'learning_rate': 0.005005743356522446, 'max_depth': 10, 'subsample': 0.8385624954295112, 'colsample_bytree': 0.9259771219498576, 'min_child_weight': 4}. Best is trial 14 with value: 1.7963838919106068.
[I 2026-04-04 22:06:09,646] Trial 21 finished with value: 1.8059497555274908 and parameters: {'n_estimators': 1255, 'learning_rate': 0.024862741073230995, 'max_depth': 15, 'subsample': 0.7565928246185907, 'colsample_bytree': 0.8290809232947065, 'min_child_weight': 1}. Best is trial 14 with value: 1.7963838919106068.
[I 2026-04-04 22:06:17,440] Trial 22 finished with value: 1.8021878150813349 and parameters: {'n_estimators': 1369, 'learning_rate': 0.024000162547003892, 'max_depth': 14, 'subsample': 0.7805416688927007, 'colsample_bytree': 0.8102560668307911, 'min_child_weight': 1}. Best is trial 14 with value: 1.7963838919106068.
[I 2026-04-04 22:06:24,915] Trial 23 finished with value: 1.8199251761102844 and parameters: {'n_estimators': 1370, 'learning_rate': 0.016739610490671287, 'max_depth': 14, 'subsample': 0.7919991240653343, 'colsample_bytree': 0.7555090720171782, 'min_child_weight': 2}. Best is trial 14 with value: 1.7963838919106068.
[I 2026-04-04 22:06:33,355] Trial 24 finished with value: 1.847974007914968 and parameters: {'n_estimators': 1499, 'learning_rate': 0.050625802081717665, 'max_depth': 14, 'subsample': 0.6519040869323542, 'colsample_bytree': 0.810352294512756, 'min_child_weight': 1}. Best is trial 14 with value: 1.7963838919106068.
[I 2026-04-04 22:06:35,903] Trial 25 finished with value: 1.8520140730116827 and parameters: {'n_estimators': 549, 'learning_rate': 0.013364570199222383, 'max_depth': 12, 'subsample': 0.7099653886868563, 'colsample_bytree': 0.87138254601941, 'min_child_weight': 4}. Best is trial 14 with value: 1.7963838919106068.
[I 2026-04-04 22:06:41,748] Trial 26 finished with value: 1.8394182857803323 and parameters: {'n_estimators': 1281, 'learning_rate': 0.01931555356272029, 'max_depth': 13, 'subsample': 0.7828765046906921, 'colsample_bytree': 0.7970768371203332, 'min_child_weight': 3}. Best is trial 14 with value: 1.7963838919106068.
[I 2026-04-04 22:06:47,113] Trial 27 finished with value: 1.8558645376151366 and parameters: {'n_estimators': 1065, 'learning_rate': 0.027820262526870147, 'max_depth': 14, 'subsample': 0.7298985908741619, 'colsample_bytree': 0.6876423186033098, 'min_child_weight': 2}. Best is trial 14 with value: 1.7963838919106068.
[I 2026-04-04 22:06:51,732] Trial 28 finished with value: 1.8317232698353534 and parameters: {'n_estimators': 940, 'learning_rate': 0.008760575659728759, 'max_depth': 11, 'subsample': 0.9054348273677344, 'colsample_bytree': 0.8571304057126683, 'min_child_weight': 1}. Best is trial 14 with value: 1.7963838919106068.
[I 2026-04-04 22:06:58,078] Trial 29 finished with value: 1.8657821247394657 and parameters: {'n_estimators': 1382, 'learning_rate': 0.006402184403167874, 'max_depth': 15, 'subsample': 0.662722577024234, 'colsample_bytree': 0.9723063294387903, 'min_child_weight': 6}. Best is trial 14 with value: 1.7963838919106068.
[I 2026-04-04 22:07:01,032] Trial 30 finished with value: 1.8410581386236742 and parameters: {'n_estimators': 852, 'learning_rate': 0.04227010527926967, 'max_depth': 9, 'subsample': 0.8214099376210432, 'colsample_bytree': 0.9361113946722783, 'min_child_weight': 2}. Best is trial 14 with value: 1.7963838919106068.
[I 2026-04-04 22:07:08,744] Trial 31 finished with value: 1.8263988769070352 and parameters: {'n_estimators': 1245, 'learning_rate': 0.02320470297785726, 'max_depth': 15, 'subsample': 0.7692243063859284, 'colsample_bytree': 0.8245179982763055, 'min_child_weight': 1}. Best is trial 14 with value: 1.7963838919106068.
[I 2026-04-04 22:07:15,792] Trial 32 finished with value: 1.7949415224165042 and parameters: {'n_estimators': 1307, 'learning_rate': 0.02864045596773335, 'max_depth': 14, 'subsample': 0.7303527135073168, 'colsample_bytree': 0.8361577894379237, 'min_child_weight': 1}. Best is trial 32 with value: 1.7949415224165042.
[I 2026-04-04 22:07:22,595] Trial 33 finished with value: 1.8000212223405505 and parameters: {'n_estimators': 1437, 'learning_rate': 0.028831048808166344, 'max_depth': 13, 'subsample': 0.7251747793370061, 'colsample_bytree': 0.8803655272446268, 'min_child_weight': 2}. Best is trial 32 with value: 1.7949415224165042.
[I 2026-04-04 22:07:29,030] Trial 34 finished with value: 1.8164294166939996 and parameters: {'n_estimators': 1422, 'learning_rate': 0.027539319820047325, 'max_depth': 13, 'subsample': 0.7205684737986294, 'colsample_bytree': 0.7890964237196767, 'min_child_weight': 2}. Best is trial 32 with value: 1.7949415224165042.
[I 2026-04-04 22:07:34,564] Trial 35 finished with value: 1.8327946133748256 and parameters: {'n_estimators': 1283, 'learning_rate': 0.03364627177140079, 'max_depth': 14, 'subsample': 0.7008117411855725, 'colsample_bytree': 0.8517586404161578, 'min_child_weight': 3}. Best is trial 32 with value: 1.7949415224165042.
[I 2026-04-04 22:07:40,541] Trial 36 finished with value: 1.836064735991007 and parameters: {'n_estimators': 1134, 'learning_rate': 0.01844612531667401, 'max_depth': 12, 'subsample': 0.7453884639768065, 'colsample_bytree': 0.7583842029055619, 'min_child_weight': 2}. Best is trial 32 with value: 1.7949415224165042.
[I 2026-04-04 22:07:44,599] Trial 37 finished with value: 1.9049577955516477 and parameters: {'n_estimators': 1325, 'learning_rate': 0.06573740882885927, 'max_depth': 8, 'subsample': 0.8066434063606769, 'colsample_bytree': 0.7161288482781172, 'min_child_weight': 5}. Best is trial 32 with value: 1.7949415224165042.
[I 2026-04-04 22:07:50,269] Trial 38 finished with value: 1.8564106972490353 and parameters: {'n_estimators': 1424, 'learning_rate': 0.042270433212750085, 'max_depth': 13, 'subsample': 0.6963870358359299, 'colsample_bytree': 0.8890491068774227, 'min_child_weight': 10}. Best is trial 32 with value: 1.7949415224165042.
[I 2026-04-04 22:07:56,393] Trial 39 finished with value: 1.8587308751354772 and parameters: {'n_estimators': 1192, 'learning_rate': 0.09818137897693793, 'max_depth': 14, 'subsample': 0.7352290916377677, 'colsample_bytree': 0.8063150254860212, 'min_child_weight': 2}. Best is trial 32 with value: 1.7949415224165042.
[I 2026-04-04 22:08:02,572] Trial 40 finished with value: 1.8350894589621223 and parameters: {'n_estimators': 1447, 'learning_rate': 0.04883779261209143, 'max_depth': 12, 'subsample': 0.8488761081694144, 'colsample_bytree': 0.9898719501915423, 'min_child_weight': 4}. Best is trial 32 with value: 1.7949415224165042.
[I 2026-04-04 22:08:06,987] Trial 41 finished with value: 1.7966822912954394 and parameters: {'n_estimators': 706, 'learning_rate': 0.02784574569574598, 'max_depth': 15, 'subsample': 0.621296710967358, 'colsample_bytree': 0.8729075073689866, 'min_child_weight': 1}. Best is trial 32 with value: 1.7949415224165042.
[I 2026-04-04 22:08:11,608] Trial 42 finished with value: 1.7940739511402322 and parameters: {'n_estimators': 715, 'learning_rate': 0.02888236736906575, 'max_depth': 15, 'subsample': 0.622827798391793, 'colsample_bytree': 0.9104023909804918, 'min_child_weight': 1}. Best is trial 42 with value: 1.7940739511402322.
[I 2026-04-04 22:08:15,233] Trial 43 finished with value: 1.800298926488176 and parameters: {'n_estimators': 658, 'learning_rate': 0.029248090229204018, 'max_depth': 15, 'subsample': 0.6170350154960127, 'colsample_bytree': 0.9072162914611425, 'min_child_weight': 3}. Best is trial 42 with value: 1.7940739511402322.
[I 2026-04-04 22:08:20,082] Trial 44 finished with value: 1.805207796999637 and parameters: {'n_estimators': 743, 'learning_rate': 0.03770296902572162, 'max_depth': 15, 'subsample': 0.6002148994407297, 'colsample_bytree': 0.9321050489649362, 'min_child_weight': 1}. Best is trial 42 with value: 1.7940739511402322.
[I 2026-04-04 22:08:23,754] Trial 45 finished with value: 1.8040790856395865 and parameters: {'n_estimators': 648, 'learning_rate': 0.02930166954364586, 'max_depth': 15, 'subsample': 0.6233611990093908, 'colsample_bytree': 0.8399285656591221, 'min_child_weight': 2}. Best is trial 42 with value: 1.7940739511402322.
[I 2026-04-04 22:08:25,611] Trial 46 finished with value: 2.1036065383271416 and parameters: {'n_estimators': 697, 'learning_rate': 0.020536024239554945, 'max_depth': 6, 'subsample': 0.6407298595812859, 'colsample_bytree': 0.8659444321583447, 'min_child_weight': 9}. Best is trial 42 with value: 1.7940739511402322.
[I 2026-04-04 22:08:30,077] Trial 47 finished with value: 1.80965917540837 and parameters: {'n_estimators': 790, 'learning_rate': 0.0382217624530412, 'max_depth': 14, 'subsample': 0.6857632421474766, 'colsample_bytree': 0.89134866688684, 'min_child_weight': 1}. Best is trial 42 with value: 1.7940739511402322.
[I 2026-04-04 22:08:32,955] Trial 48 finished with value: 1.8557361371626615 and parameters: {'n_estimators': 595, 'learning_rate': 0.03272662645383735, 'max_depth': 15, 'subsample': 0.6678050839264054, 'colsample_bytree': 0.908903738647909, 'min_child_weight': 7}. Best is trial 42 with value: 1.7940739511402322.
