[I 2026-04-09 22:09:03,083] Trial 49 finished with value: 1.646593805457707 and parameters: {'n_estimators': 497, 'learning_rate': 0.013884306762012289, 'max_depth': 13, 'subsample': 0.7512603617593521, 'colsample_bytree': 0.9449574536419533, 'min_child_weight': 1}. Best is trial 18 with value: 1.6423983026157927.
✅ Tham số tối ưu nhất từ Optuna: {'n_estimators': 1069, 'learning_rate': 0.015853819018832933, 'max_depth': 12, 'subsample': 0.7899415233371635, 'colsample_bytree': 0.948669712669029, 'min_child_weight': 1}
MAE của mô hình XGBoost: 1.6534
R² của mô hình XGBoost: 0.9346
🥊 Đang so sánh... Champion MAE: 1.6245 vs Challenger MAE: 1.6534
🛡️ Champion bảo vệ ngôi vương. Giữ nguyên mô hình cũ.
[Thu 04/09/2026 22:09:10.07] [4/4] Dang dong bo AI Model (qua LFS) len GitHub... 
[main e78c2fe] Auto-update AI Model: Thu 04/09/2026 22:09:12.57
 2 files changed, 330 insertions(+)
remote: This repository moved. Please use the new location:        
remote:   https://github.com/HieuNT316/hanoi-house-price-prediction.git        
To https://github.com/Alexus143/hanoi-house-price-prediction.git
   25938ba..e78c2fe  main -> main
========================================= 
[Fri 04/10/2026 22:00:03.11] [1/4] Dang cao chi tiet BĐS... 
🔍 Đang cấu hình Database với: postgres.kkwivuufxdewurmxtsto@aws-1-ap-southeast-1.pooler.supabase.com:5432/postgres

[DetailSpider] Khởi động luồng làm giàu dữ liệu (Limit: 50 bài/lượt)...
✅ Đã kết nối thành công tới PostgreSQL.
[Browser] Đang khởi tạo trình duyệt...
[Browser] Phát hiện Chrome (Windows): Version 139

[DetailSpider] Đang cào (1/24): https://batdongsan.com.vn/ban-can-ho-chung-cu-phuong-la-khe-hpc-landmark-105/3pn-2wc-134m2-o-105-ha-ong-8-ty-vnd-sieu-hot-pr45519566
  -> Lấy được 3/6 feature chi tiết.

[DetailSpider] Đang cào (2/24): https://batdongsan.com.vn/ban-can-ho-chung-cu-duong-le-trong-tan-phuong-la-khe-parc-regent/cap-nhat-quy-chuyen-nhuong-parkcity-hanoi-pr45515727
  -> Lấy được 3/6 feature chi tiết.

[DetailSpider] Đang cào (3/24): https://batdongsan.com.vn/ban-dat-phuong-phu-lam-1/hiem-lo-goc-3-mat-thoang-tai-ha-ong-khu-dan-cu-sam-uat-tiem-nang-tang-gia-cao-pr45514997
  -> Lấy được 1/6 feature chi tiết.

[DetailSpider] Đang cào (4/24): https://batdongsan.com.vn/ban-nha-rieng-duong-19-5-1-phuong-van-quan-15/ban-gap-sieu-ep-o-co-loc-gia-thuong-luong-sau-3-mat-thoang-sinh-khi-tot-pr45513529
  -> Lấy được 4/6 feature chi tiết.

[DetailSpider] Đang cào (5/24): https://batdongsan.com.vn/ban-can-ho-chung-cu-duong-le-trong-tan-phuong-la-khe-parc-regent/cap-nhat-bang-hang-quy-ngoai-giao-park-kdt-park-city-ha-noi-gia-tot-tu-11xtr-m-tien-do-gian-pr44812069
  -> Lấy được 1/6 feature chi tiết.

[DetailSpider] Đang cào (6/24): https://batdongsan.com.vn/ban-can-ho-chung-cu-duong-le-trong-tan-phuong-la-khe-park-kiara/cap-nhat-quy-dang-ban-gia-re-nhat-tai-kdt-parkcity-ha-noi-lh-pr44880838
  -> Lấy được 2/6 feature chi tiết.

[DetailSpider] Đang cào (7/24): https://batdongsan.com.vn/ban-nha-rieng-pho-van-phuc-phuong-van-phuc-1-15/hiem-phan-lo-o-to-52m2-gia-11-ty-tiem-nang-cuc-lon-pr45523667
  -> Lấy được 6/6 feature chi tiết.

[DetailSpider] Đang cào (8/24): https://batdongsan.com.vn/ban-dat-duong-doan-ket-phuong-bien-giang-15/ban-at-tang-nha-cap-4-ay-u-tien-nghi-pr45523369
  -> Lấy được 4/6 feature chi tiết.

[DetailSpider] Đang cào (9/24): https://batdongsan.com.vn/ban-nha-rieng-phuong-yen-nghia-1/hang-xom-k-t-o-nghia-dt-46m2-3ty5-moi-co-san-cong-cuc-tien-pr45355765
  -> Lấy được 3/6 feature chi tiết.

[DetailSpider] Đang cào (10/24): https://batdongsan.com.vn/ban-nha-rieng-duong-chien-thang-phuong-la-khe-15/ban-nr-4pn-4wc-50m2-chi-voi-10-6-ty-tai-q-ha-ong-pr45521838
  -> Lấy được 5/6 feature chi tiết.

[DetailSpider] Đang cào (11/24): https://batdongsan.com.vn/ban-can-ho-chung-cu-duong-mo-lao-phuong-mo-lao-mulberry-lane/ban-goc-154m-toa-d-mullberry-gia-8ty450-xem-nha-24-7-pr43711870
  -> Lấy được 3/6 feature chi tiết.

[DetailSpider] Đang cào (12/24): https://batdongsan.com.vn/ban-nha-biet-thu-lien-ke-phuong-kien-hung-khu-do-thi-thanh-ha-muong-thanh/sieu-hot-ban-5-can-5-can-gia-chi-tu-8-ty-pr44492949
  -> Lấy được 5/6 feature chi tiết.

[DetailSpider] Đang cào (13/24): https://batdongsan.com.vn/ban-dat-duong-quang-lam-phuong-phu-luong-3-15/chi-tu-105-trieu-m2-so-huu-lo-at-60-m2-mat-tien-5-5-m-ha-ong-canh-h-ai-nam-pr45520224
  -> Lấy được 3/6 feature chi tiết.

[DetailSpider] Đang cào (14/24): https://batdongsan.com.vn/ban-nha-biet-thu-lien-ke-duong-xa-la-phuong-phuc-la-15/ban-gap-giam-2-ty-k-t-xala-80m2-mat-tien-5m-kinh-doanh-inh-4-lan-oto-tranh-gia-au-tu-inbox-pr45520049
  -> Lấy được 5/6 feature chi tiết.

[DetailSpider] Đang cào (15/24): https://batdongsan.com.vn/ban-nha-biet-thu-lien-ke-pho-phung-hung-1-phuong-phuc-la-khu-do-thi-moi-xa-la/ban-phan-lo-via-he-ha-ong-lo-goc-gia-sieu-au-tu-pr45209876
  -> Lấy được 1/6 feature chi tiết.

[DetailSpider] Đang cào (16/24): https://batdongsan.com.vn/ban-dat-duong-nguyen-truc-phuong-phu-luong-3-15/ban-tai-ha-dong-125-trieu-m2-161-5-m2-tach-duoc-3-thua-pr45060113
  -> Lấy được 4/6 feature chi tiết.

[DetailSpider] Đang cào (17/24): https://batdongsan.com.vn/ban-can-ho-chung-cu-phuong-mo-lao/trung-tam-tran-phu-120m-3-ngu-lo-goc-6-6-ty-pr45442055
  -> Lấy được 2/6 feature chi tiết.

[DetailSpider] Đang cào (18/24): https://batdongsan.com.vn/ban-can-ho-chung-cu-duong-tran-phu-phuong-mo-lao-15/goc-ha-ong-110m-3pn-tien-ich-u-ay-6-5-ty-pr45502606
  -> Lấy được 2/6 feature chi tiết.

[DetailSpider] Đang cào (19/24): https://batdongsan.com.vn/ban-can-ho-chung-cu-phuong-kien-hung-khu-do-thi-thanh-ha-muong-thanh/chinh-chu-ban-tang-ep-thoang-2-ngu-66m-5-toa-moi-hh02c-k-t-ha-pr45514922
  -> Lấy được 0/6 feature chi tiết.

[DetailSpider] Đang cào (20/24): https://batdongsan.com.vn/ban-nha-rieng-duong-huyen-ky-phuong-phu-lam-1-15/ban-khu-vuc-1-chu-pr45513307
  -> Lấy được 5/6 feature chi tiết.

[DetailSpider] Đang cào (21/24): https://batdongsan.com.vn/ban-can-ho-chung-cu-duong-to-huu-phuong-yen-nghia-1-xuan-mai-complex/tong-hop-quy-ban-tai-1pn-2pn-3pn-s-t-zalo-pr45513844
  -> Lấy được 3/6 feature chi tiết.

[DetailSpider] Đang cào (22/24): https://batdongsan.com.vn/ban-can-ho-chung-cu-phuong-phu-lam-1-the-vesta/ban-ha-ong-69m2-2-ban-cong-4-3-ty-so-o-sang-ten-ngay-pr45513742
  -> Lấy được 2/6 feature chi tiết.

[DetailSpider] Đang cào (23/24): https://batdongsan.com.vn/ban-nha-biet-thu-lien-ke-duong-21b-phuong-phu-luong-3-khu-do-thi-moi-phu-luong-21515/ban-dat-2-ql21b-o-to-tranh-50m2-2-tang-5x10m-hop-o-dau-tu-pr44807967
  -> Lấy được 4/6 feature chi tiết.

[DetailSpider] Đang cào (24/24): https://batdongsan.com.vn/ban-dat-phuong-phu-lam-1/hiem-lo-goc-3-mat-thoang-tai-ha-ong-khu-dan-cu-sam-uat-tiem-nang-tang-gia-cao-pr45514997
  -> Lấy được 1/6 feature chi tiết.

[DetailSpider] Hoàn thành. Cập nhật thành công 24/24 bài đăng.
[Fri 04/10/2026 22:06:12.96] [2/4] Dang clean du lieu... 
🔍 Đang cấu hình Database với: postgres.kkwivuufxdewurmxtsto@aws-1-ap-southeast-1.pooler.supabase.com:5432/postgres
✅ Đã kết nối thành công tới PostgreSQL.
🔄 Upsert thành công 5691 bản ghi vào 'bds_hadong'.
✅ Đã cập nhật cột legal_status và furniture thành công.
[Fri 04/10/2026 22:06:44.32] [3/4] Dang huan luyen AI tren du lieu moi... 
🔍 Đang cấu hình Database với: postgres.kkwivuufxdewurmxtsto@aws-1-ap-southeast-1.pooler.supabase.com:5432/postgres
[I 2026-04-10 22:07:12,034] A new study created in memory with name: no-name-42271a17-7a07-4ab8-99f6-1a1a457691fa
✅ Đã kết nối thành công tới PostgreSQL.
  0%|          | 0/50 [00:00<?, ?it/s]D:\Python\realtime_estimate_tracker\venv_bds\lib\site-packages\xgboost\training.py:200: UserWarning: [22:07:12] WARNING: C:\actions-runner\_work\xgboost\xgboost\src\learner.cc:782: 
Parameters: { "devices", "task_type" } are not used.

  bst.update(dtrain, iteration=i, fobj=obj)
                                        0%|          | 0/50 [00:04<?, ?it/s]Best trial: 0. Best value: 1.82853:   0%|          | 0/50 [00:04<?, ?it/s]Best trial: 0. Best value: 1.82853:   2%|▏         | 1/50 [00:04<03:36,  4.42s/it]D:\Python\realtime_estimate_tracker\venv_bds\lib\site-packages\xgboost\training.py:200: UserWarning: [22:07:16] WARNING: C:\actions-runner\_work\xgboost\xgboost\src\learner.cc:782: 
Parameters: { "devices", "task_type" } are not used.

  bst.update(dtrain, iteration=i, fobj=obj)
                                                                                  Best trial: 0. Best value: 1.82853:   2%|▏         | 1/50 [00:06<03:36,  4.42s/it]Best trial: 1. Best value: 1.79963:   2%|▏         | 1/50 [00:06<03:36,  4.42s/it]Best trial: 1. Best value: 1.79963:   4%|▍         | 2/50 [00:06<02:33,  3.19s/it]D:\Python\realtime_estimate_tracker\venv_bds\lib\site-packages\xgboost\training.py:200: UserWarning: [22:07:18] WARNING: C:\actions-runner\_work\xgboost\xgboost\src\learner.cc:782: 
Parameters: { "devices", "task_type" } are not used.

  bst.update(dtrain, iteration=i, fobj=obj)
                                                                                  Best trial: 1. Best value: 1.79963:   4%|▍         | 2/50 [00:11<02:33,  3.19s/it]Best trial: 1. Best value: 1.79963:   4%|▍         | 2/50 [00:11<02:33,  3.19s/it]Best trial: 1. Best value: 1.79963:   6%|▌         | 3/50 [00:11<03:00,  3.83s/it]D:\Python\realtime_estimate_tracker\venv_bds\lib\site-packages\xgboost\training.py:200: UserWarning: [22:07:23] WARNING: C:\actions-runner\_work\xgboost\xgboost\src\learner.cc:782: 
Parameters: { "devices", "task_type" } are not used.

  bst.update(dtrain, iteration=i, fobj=obj)
                                                                                  Best trial: 1. Best value: 1.79963:   6%|▌         | 3/50 [00:16<03:00,  3.83s/it]Best trial: 1. Best value: 1.79963:   6%|▌         | 3/50 [00:16<03:00,  3.83s/it]Best trial: 1. Best value: 1.79963:   8%|▊         | 4/50 [00:16<03:14,  4.24s/it]D:\Python\realtime_estimate_tracker\venv_bds\lib\site-packages\xgboost\training.py:200: UserWarning: [22:07:28] WARNING: C:\actions-runner\_work\xgboost\xgboost\src\learner.cc:782: 
Parameters: { "devices", "task_type" } are not used.

  bst.update(dtrain, iteration=i, fobj=obj)
                                                                                  Best trial: 1. Best value: 1.79963:   8%|▊         | 4/50 [00:17<03:14,  4.24s/it]Best trial: 1. Best value: 1.79963:   8%|▊         | 4/50 [00:17<03:14,  4.24s/it]Best trial: 1. Best value: 1.79963:  10%|█         | 5/50 [00:17<02:18,  3.09s/it]D:\Python\realtime_estimate_tracker\venv_bds\lib\site-packages\xgboost\training.py:200: UserWarning: [22:07:29] WARNING: C:\actions-runner\_work\xgboost\xgboost\src\learner.cc:782: 
Parameters: { "devices", "task_type" } are not used.

  bst.update(dtrain, iteration=i, fobj=obj)
                                                                                  Best trial: 1. Best value: 1.79963:  10%|█         | 5/50 [00:23<02:18,  3.09s/it]Best trial: 1. Best value: 1.79963:  10%|█         | 5/50 [00:23<02:18,  3.09s/it]Best trial: 1. Best value: 1.79963:  12%|█▏        | 6/50 [00:23<03:01,  4.13s/it]D:\Python\realtime_estimate_tracker\venv_bds\lib\site-packages\xgboost\training.py:200: UserWarning: [22:07:35] WARNING: C:\actions-runner\_work\xgboost\xgboost\src\learner.cc:782: 
Parameters: { "devices", "task_type" } are not used.

  bst.update(dtrain, iteration=i, fobj=obj)
                                                                                  Best trial: 1. Best value: 1.79963:  12%|█▏        | 6/50 [00:25<03:01,  4.13s/it]Best trial: 1. Best value: 1.79963:  12%|█▏        | 6/50 [00:25<03:01,  4.13s/it]Best trial: 1. Best value: 1.79963:  14%|█▍        | 7/50 [00:25<02:22,  3.32s/it]D:\Python\realtime_estimate_tracker\venv_bds\lib\site-packages\xgboost\training.py:200: UserWarning: [22:07:37] WARNING: C:\actions-runner\_work\xgboost\xgboost\src\learner.cc:782: 
Parameters: { "devices", "task_type" } are not used.

  bst.update(dtrain, iteration=i, fobj=obj)
                                                                                  Best trial: 1. Best value: 1.79963:  14%|█▍        | 7/50 [00:29<02:22,  3.32s/it]Best trial: 1. Best value: 1.79963:  14%|█▍        | 7/50 [00:29<02:22,  3.32s/it]Best trial: 1. Best value: 1.79963:  16%|█▌        | 8/50 [00:29<02:29,  3.56s/it]D:\Python\realtime_estimate_tracker\venv_bds\lib\site-packages\xgboost\training.py:200: UserWarning: [22:07:41] WARNING: C:\actions-runner\_work\xgboost\xgboost\src\learner.cc:782: 
Parameters: { "devices", "task_type" } are not used.

  bst.update(dtrain, iteration=i, fobj=obj)
                                                                                  Best trial: 1. Best value: 1.79963:  16%|█▌        | 8/50 [00:32<02:29,  3.56s/it]Best trial: 1. Best value: 1.79963:  16%|█▌        | 8/50 [00:32<02:29,  3.56s/it]Best trial: 1. Best value: 1.79963:  18%|█▊        | 9/50 [00:32<02:23,  3.50s/it]D:\Python\realtime_estimate_tracker\venv_bds\lib\site-packages\xgboost\training.py:200: UserWarning: [22:07:44] WARNING: C:\actions-runner\_work\xgboost\xgboost\src\learner.cc:782: 
Parameters: { "devices", "task_type" } are not used.

  bst.update(dtrain, iteration=i, fobj=obj)
                                                                                  Best trial: 1. Best value: 1.79963:  18%|█▊        | 9/50 [00:34<02:23,  3.50s/it]Best trial: 1. Best value: 1.79963:  18%|█▊        | 9/50 [00:34<02:23,  3.50s/it]Best trial: 1. Best value: 1.79963:  20%|██        | 10/50 [00:34<02:02,  3.06s/it]D:\Python\realtime_estimate_tracker\venv_bds\lib\site-packages\xgboost\training.py:200: UserWarning: [22:07:46] WARNING: C:\actions-runner\_work\xgboost\xgboost\src\learner.cc:782: 
Parameters: { "devices", "task_type" } are not used.

  bst.update(dtrain, iteration=i, fobj=obj)
                                                                                   Best trial: 1. Best value: 1.79963:  20%|██        | 10/50 [00:40<02:02,  3.06s/it]Best trial: 1. Best value: 1.79963:  20%|██        | 10/50 [00:40<02:02,  3.06s/it]Best trial: 1. Best value: 1.79963:  22%|██▏       | 11/50 [00:40<02:31,  3.88s/it]D:\Python\realtime_estimate_tracker\venv_bds\lib\site-packages\xgboost\training.py:200: UserWarning: [22:07:52] WARNING: C:\actions-runner\_work\xgboost\xgboost\src\learner.cc:782: 
Parameters: { "devices", "task_type" } are not used.

  bst.update(dtrain, iteration=i, fobj=obj)
                                                                                   Best trial: 1. Best value: 1.79963:  22%|██▏       | 11/50 [00:45<02:31,  3.88s/it]Best trial: 1. Best value: 1.79963:  22%|██▏       | 11/50 [00:45<02:31,  3.88s/it]Best trial: 1. Best value: 1.79963:  24%|██▍       | 12/50 [00:45<02:45,  4.35s/it]D:\Python\realtime_estimate_tracker\venv_bds\lib\site-packages\xgboost\training.py:200: UserWarning: [22:07:57] WARNING: C:\actions-runner\_work\xgboost\xgboost\src\learner.cc:782: 
Parameters: { "devices", "task_type" } are not used.

  bst.update(dtrain, iteration=i, fobj=obj)
                                                                                   Best trial: 1. Best value: 1.79963:  24%|██▍       | 12/50 [00:50<02:45,  4.35s/it]Best trial: 1. Best value: 1.79963:  24%|██▍       | 12/50 [00:50<02:45,  4.35s/it]Best trial: 1. Best value: 1.79963:  26%|██▌       | 13/50 [00:50<02:44,  4.46s/it]D:\Python\realtime_estimate_tracker\venv_bds\lib\site-packages\xgboost\training.py:200: UserWarning: [22:08:02] WARNING: C:\actions-runner\_work\xgboost\xgboost\src\learner.cc:782: 
Parameters: { "devices", "task_type" } are not used.

  bst.update(dtrain, iteration=i, fobj=obj)
                                                                                   Best trial: 1. Best value: 1.79963:  26%|██▌       | 13/50 [00:54<02:44,  4.46s/it]Best trial: 1. Best value: 1.79963:  26%|██▌       | 13/50 [00:54<02:44,  4.46s/it]Best trial: 1. Best value: 1.79963:  28%|██▊       | 14/50 [00:54<02:34,  4.30s/it]D:\Python\realtime_estimate_tracker\venv_bds\lib\site-packages\xgboost\training.py:200: UserWarning: [22:08:06] WARNING: C:\actions-runner\_work\xgboost\xgboost\src\learner.cc:782: 
Parameters: { "devices", "task_type" } are not used.

  bst.update(dtrain, iteration=i, fobj=obj)
                                                                                   Best trial: 1. Best value: 1.79963:  28%|██▊       | 14/50 [00:59<02:34,  4.30s/it]Best trial: 1. Best value: 1.79963:  28%|██▊       | 14/50 [00:59<02:34,  4.30s/it]Best trial: 1. Best value: 1.79963:  30%|███       | 15/50 [00:59<02:41,  4.63s/it]D:\Python\realtime_estimate_tracker\venv_bds\lib\site-packages\xgboost\training.py:200: UserWarning: [22:08:11] WARNING: C:\actions-runner\_work\xgboost\xgboost\src\learner.cc:782: 
Parameters: { "devices", "task_type" } are not used.

  bst.update(dtrain, iteration=i, fobj=obj)
                                                                                   Best trial: 1. Best value: 1.79963:  30%|███       | 15/50 [01:05<02:41,  4.63s/it]Best trial: 1. Best value: 1.79963:  30%|███       | 15/50 [01:05<02:41,  4.63s/it]Best trial: 1. Best value: 1.79963:  32%|███▏      | 16/50 [01:05<02:44,  4.84s/it]D:\Python\realtime_estimate_tracker\venv_bds\lib\site-packages\xgboost\training.py:200: UserWarning: [22:08:17] WARNING: C:\actions-runner\_work\xgboost\xgboost\src\learner.cc:782: 
Parameters: { "devices", "task_type" } are not used.

  bst.update(dtrain, iteration=i, fobj=obj)
                                                                                   Best trial: 1. Best value: 1.79963:  32%|███▏      | 16/50 [01:10<02:44,  4.84s/it]Best trial: 16. Best value: 1.79806:  32%|███▏      | 16/50 [01:10<02:44,  4.84s/it]Best trial: 16. Best value: 1.79806:  34%|███▍      | 17/50 [01:10<02:41,  4.90s/it]D:\Python\realtime_estimate_tracker\venv_bds\lib\site-packages\xgboost\training.py:200: UserWarning: [22:08:22] WARNING: C:\actions-runner\_work\xgboost\xgboost\src\learner.cc:782: 
Parameters: { "devices", "task_type" } are not used.

  bst.update(dtrain, iteration=i, fobj=obj)
                                                                                    Best trial: 16. Best value: 1.79806:  34%|███▍      | 17/50 [01:13<02:41,  4.90s/it]Best trial: 17. Best value: 1.79752:  34%|███▍      | 17/50 [01:13<02:41,  4.90s/it]Best trial: 17. Best value: 1.79752:  36%|███▌      | 18/50 [01:13<02:23,  4.48s/it]D:\Python\realtime_estimate_tracker\venv_bds\lib\site-packages\xgboost\training.py:200: UserWarning: [22:08:25] WARNING: C:\actions-runner\_work\xgboost\xgboost\src\learner.cc:782: 
Parameters: { "devices", "task_type" } are not used.

  bst.update(dtrain, iteration=i, fobj=obj)
                                                                                    Best trial: 17. Best value: 1.79752:  36%|███▌      | 18/50 [01:16<02:23,  4.48s/it]Best trial: 17. Best value: 1.79752:  36%|███▌      | 18/50 [01:16<02:23,  4.48s/it]Best trial: 17. Best value: 1.79752:  38%|███▊      | 19/50 [01:16<02:06,  4.07s/it]D:\Python\realtime_estimate_tracker\venv_bds\lib\site-packages\xgboost\training.py:200: UserWarning: [22:08:28] WARNING: C:\actions-runner\_work\xgboost\xgboost\src\learner.cc:782: 
Parameters: { "devices", "task_type" } are not used.

  bst.update(dtrain, iteration=i, fobj=obj)
                                                                                    Best trial: 17. Best value: 1.79752:  38%|███▊      | 19/50 [01:22<02:06,  4.07s/it]Best trial: 17. Best value: 1.79752:  38%|███▊      | 19/50 [01:22<02:06,  4.07s/it]Best trial: 17. Best value: 1.79752:  40%|████      | 20/50 [01:22<02:15,  4.51s/it]D:\Python\realtime_estimate_tracker\venv_bds\lib\site-packages\xgboost\training.py:200: UserWarning: [22:08:34] WARNING: C:\actions-runner\_work\xgboost\xgboost\src\learner.cc:782: 
Parameters: { "devices", "task_type" } are not used.

  bst.update(dtrain, iteration=i, fobj=obj)
                                                                                    Best trial: 17. Best value: 1.79752:  40%|████      | 20/50 [01:25<02:15,  4.51s/it]Best trial: 17. Best value: 1.79752:  40%|████      | 20/50 [01:25<02:15,  4.51s/it]Best trial: 17. Best value: 1.79752:  42%|████▏     | 21/50 [01:25<01:59,  4.12s/it]D:\Python\realtime_estimate_tracker\venv_bds\lib\site-packages\xgboost\training.py:200: UserWarning: [22:08:37] WARNING: C:\actions-runner\_work\xgboost\xgboost\src\learner.cc:782: 
Parameters: { "devices", "task_type" } are not used.

  bst.update(dtrain, iteration=i, fobj=obj)
                                                                                    Best trial: 17. Best value: 1.79752:  42%|████▏     | 21/50 [01:27<01:59,  4.12s/it]Best trial: 17. Best value: 1.79752:  42%|████▏     | 21/50 [01:27<01:59,  4.12s/it]Best trial: 17. Best value: 1.79752:  44%|████▍     | 22/50 [01:27<01:41,  3.61s/it]D:\Python\realtime_estimate_tracker\venv_bds\lib\site-packages\xgboost\training.py:200: UserWarning: [22:08:39] WARNING: C:\actions-runner\_work\xgboost\xgboost\src\learner.cc:782: 
Parameters: { "devices", "task_type" } are not used.

  bst.update(dtrain, iteration=i, fobj=obj)
                                                                                    Best trial: 17. Best value: 1.79752:  44%|████▍     | 22/50 [01:29<01:41,  3.61s/it]Best trial: 17. Best value: 1.79752:  44%|████▍     | 22/50 [01:29<01:41,  3.61s/it]Best trial: 17. Best value: 1.79752:  46%|████▌     | 23/50 [01:29<01:23,  3.11s/it]D:\Python\realtime_estimate_tracker\venv_bds\lib\site-packages\xgboost\training.py:200: UserWarning: [22:08:41] WARNING: C:\actions-runner\_work\xgboost\xgboost\src\learner.cc:782: 
Parameters: { "devices", "task_type" 