[I 2026-04-10 22:11:12,444] Trial 49 finished with value: 1.8078701636102295 and parameters: {'n_estimators': 1272, 'learning_rate': 0.009771594052792348, 'max_depth': 11, 'subsample': 0.8869728704199007, 'colsample_bytree': 0.9502258447879195, 'min_child_weight': 5}. Best is trial 43 with value: 1.7703722707776774.
✅ Tham số tối ưu nhất từ Optuna: {'n_estimators': 1397, 'learning_rate': 0.015769857049283437, 'max_depth': 13, 'subsample': 0.8669041012889721, 'colsample_bytree': 0.9573613068455883, 'min_child_weight': 5}
MAE của mô hình XGBoost: 1.7952
R² của mô hình XGBoost: 0.9049
🥊 Đang so sánh... Champion MAE: 1.6245 vs Challenger MAE: 1.7952
🛡️ Champion bảo vệ ngôi vương. Giữ nguyên mô hình cũ.
[Fri 04/10/2026 22:11:19.48] [4/4] Dang dong bo AI Model (qua LFS) len GitHub... 
[main 37a283d] Auto-update AI Model: Fri 04/10/2026 22:11:22.18
 2 files changed, 357 insertions(+)
remote: This repository moved. Please use the new location:        
remote:   https://github.com/HieuNT316/hanoi-house-price-prediction.git        
To https://github.com/Alexus143/hanoi-house-price-prediction.git
   e78c2fe..37a283d  main -> main
========================================= 
[Sat 04/11/2026 22:00:02.59] [1/4] Dang cao chi tiet BĐS... 
🔍 Đang cấu hình Database với: postgres.kkwivuufxdewurmxtsto@aws-1-ap-southeast-1.pooler.supabase.com:5432/postgres

[DetailSpider] Khởi động luồng làm giàu dữ liệu (Limit: 50 bài/lượt)...
✅ Đã kết nối thành công tới PostgreSQL.
[Browser] Đang khởi tạo trình duyệt...
[Browser] Phát hiện Chrome (Windows): Version 139

[DetailSpider] Đang cào (1/12): https://batdongsan.com.vn/ban-nha-biet-thu-lien-ke-phuong-yen-nghia-1-sol-lake-villa/goc-3-mat-thoang-nhieu-tien-ich-tai-ha-dong-39-ty-225m2-pr43206784
  -> Lấy được 5/6 feature chi tiết.

[DetailSpider] Đang cào (2/12): https://batdongsan.com.vn/ban-nha-biet-thu-lien-ke-duong-to-huu-phuong-duong-noi-an-vuong-villa/cap-nhat-quy-can-chuyen-nhuong-thang-1-2026-gia-tu-37-ty-lh-pr44968141
  -> Lấy được 2/6 feature chi tiết.

[DetailSpider] Đang cào (3/12): https://batdongsan.com.vn/ban-nha-rieng-phuong-van-quan/moi-sieu-ep-full-noi-that-kep-kin-o-ngay-30m-5-tang-nhinh-7-ty-pr45528849
  -> Lấy được 3/6 feature chi tiết.

[DetailSpider] Đang cào (4/12): https://batdongsan.com.vn/ban-can-ho-chung-cu-phuong-la-khe-hpc-landmark-105/chinh-chu-mua-lien-ke-nen-ban-cc-121m2-3pn-2vs-toa-landmarlk-105-to-huu-gia-6-3-ty-pr42869372
  -> Lấy được 3/6 feature chi tiết.

[DetailSpider] Đang cào (5/12): https://batdongsan.com.vn/ban-can-ho-chung-cu-duong-tran-phu-phuong-van-quan-sdu-143-tran-phu/ban-gap-143-ha-ong-pr45528598
  -> Lấy được 0/6 feature chi tiết.

[DetailSpider] Đang cào (6/12): https://batdongsan.com.vn/ban-nha-biet-thu-lien-ke-phuong-mo-lao-hoang-thanh-villas/can-nuoi-nguoc-chu-eu-60-trieu-thang-ngay-ho-lh-pr45527088
  -> Lấy được 5/6 feature chi tiết.

[DetailSpider] Đang cào (7/12): https://batdongsan.com.vn/ban-nha-biet-thu-lien-ke-phuong-duong-noi-an-phu-shop-villa/ban-y01-19-villas-mat-27m-kinh-doanh-sam-uat-so-do-chinh-chu-pr39101874
  -> Lấy được 2/6 feature chi tiết.

[DetailSpider] Đang cào (8/12): https://batdongsan.com.vn/ban-can-ho-chung-cu-duong-mo-lao-phuong-mo-lao-mulberry-lane/ban-100m-toa-e-mullberry-tang-trung-gia-6-8-ty-thu-ve-xem-nha-20h-toi-pr43711754
  -> Lấy được 3/6 feature chi tiết.

[DetailSpider] Đang cào (9/12): https://batdongsan.com.vn/ban-nha-rieng-duong-quoc-lo-6-phuong-yen-nghia-1-15/5-tang-30m2-gan-ben-xe-ngay-cho-truong-u-b-full-noi-that-pr45525836
  -> Lấy được 6/6 feature chi tiết.

[DetailSpider] Đang cào (10/12): https://batdongsan.com.vn/ban-nha-rieng-pho-cau-am-phuong-la-khe-15/ban-dan-xay-doc-lap-can-goc-doc-lap-full-noi-that-ngo-o-to-ngo-quyen-van-phuc-bu-dien-ha-dong-pr45041121
  -> Lấy được 6/6 feature chi tiết.

[DetailSpider] Đang cào (11/12): https://batdongsan.com.vn/ban-nha-rieng-phuong-duong-noi/7-tang-thang-may-gia-chi-nhinh-17-ty-au-tu-ngay-dong-tien-ve-lien-tay-pr45525094
  -> Lấy được 4/6 feature chi tiết.

[DetailSpider] Đang cào (12/12): https://batdongsan.com.vn/ban-nha-biet-thu-lien-ke-phuong-kien-hung-mipec-city-view/ban-nhanh-bt-vip-ha-ong-dt-335m-lo-goc-truc-chinh-kinh-doanh-gia-tot-chi-hon-40-ty-pr45483302
  -> Lấy được 3/6 feature chi tiết.

[DetailSpider] Hoàn thành. Cập nhật thành công 12/12 bài đăng.
[Sat 04/11/2026 22:03:28.59] [2/4] Dang clean du lieu... 
🔍 Đang cấu hình Database với: postgres.kkwivuufxdewurmxtsto@aws-1-ap-southeast-1.pooler.supabase.com:5432/postgres
✅ Đã kết nối thành công tới PostgreSQL.
🔄 Upsert thành công 5703 bản ghi vào 'bds_hadong'.
✅ Đã cập nhật cột legal_status và furniture thành công.
[Sat 04/11/2026 22:03:41.29] [3/4] Dang huan luyen AI tren du lieu moi... 
🔍 Đang cấu hình Database với: postgres.kkwivuufxdewurmxtsto@aws-1-ap-southeast-1.pooler.supabase.com:5432/postgres
[I 2026-04-11 22:04:07,699] A new study created in memory with name: no-name-12d90583-32ac-4150-b1dd-d2c1a9328bcc
✅ Đã kết nối thành công tới PostgreSQL.
  0%|          | 0/50 [00:00<?, ?it/s]D:\Python\realtime_estimate_tracker\venv_bds\lib\site-packages\xgboost\training.py:200: UserWarning: [22:04:08] WARNING: C:\actions-runner\_work\xgboost\xgboost\src\learner.cc:782: 
Parameters: { "devices", "task_type" } are not used.

  bst.update(dtrain, iteration=i, fobj=obj)
                                        0%|          | 0/50 [00:05<?, ?it/s]Best trial: 0. Best value: 1.85187:   0%|          | 0/50 [00:05<?, ?it/s]Best trial: 0. Best value: 1.85187:   2%|▏         | 1/50 [00:05<04:27,  5.46s/it]D:\Python\realtime_estimate_tracker\venv_bds\lib\site-packages\xgboost\training.py:200: UserWarning: [22:04:13] WARNING: C:\actions-runner\_work\xgboost\xgboost\src\learner.cc:782: 
Parameters: { "devices", "task_type" } are not used.

  bst.update(dtrain, iteration=i, fobj=obj)
                                                                                  Best trial: 0. Best value: 1.85187:   2%|▏         | 1/50 [00:07<04:27,  5.46s/it]Best trial: 0. Best value: 1.85187:   2%|▏         | 1/50 [00:07<04:27,  5.46s/it]Best trial: 0. Best value: 1.85187:   4%|▍         | 2/50 [00:07<02:35,  3.25s/it]D:\Python\realtime_estimate_tracker\venv_bds\lib\site-packages\xgboost\training.py:200: UserWarning: [22:04:14] WARNING: C:\actions-runner\_work\xgboost\xgboost\src\learner.cc:782: 
Parameters: { "devices", "task_type" } are not used.

  bst.update(dtrain, iteration=i, fobj=obj)
                                                                                  Best trial: 0. Best value: 1.85187:   4%|▍         | 2/50 [00:10<02:35,  3.25s/it]Best trial: 2. Best value: 1.78271:   4%|▍         | 2/50 [00:10<02:35,  3.25s/it]Best trial: 2. Best value: 1.78271:   6%|▌         | 3/50 [00:10<02:33,  3.26s/it]D:\Python\realtime_estimate_tracker\venv_bds\lib\site-packages\xgboost\training.py:200: UserWarning: [22:04:18] WARNING: C:\actions-runner\_work\xgboost\xgboost\src\learner.cc:782: 
Parameters: { "devices", "task_type" } are not used.

  bst.update(dtrain, iteration=i, fobj=obj)
                                                                                  Best trial: 2. Best value: 1.78271:   6%|▌         | 3/50 [00:14<02:33,  3.26s/it]Best trial: 2. Best value: 1.78271:   6%|▌         | 3/50 [00:14<02:33,  3.26s/it]Best trial: 2. Best value: 1.78271:   8%|▊         | 4/50 [00:14<02:50,  3.70s/it]D:\Python\realtime_estimate_tracker\venv_bds\lib\site-packages\xgboost\training.py:200: UserWarning: [22:04:22] WARNING: C:\actions-runner\_work\xgboost\xgboost\src\learner.cc:782: 
Parameters: { "devices", "task_type" } are not used.

  bst.update(dtrain, iteration=i, fobj=obj)
                                                                                  Best trial: 2. Best value: 1.78271:   8%|▊         | 4/50 [00:17<02:50,  3.70s/it]Best trial: 2. Best value: 1.78271:   8%|▊         | 4/50 [00:17<02:50,  3.70s/it]Best trial: 2. Best value: 1.78271:  10%|█         | 5/50 [00:17<02:35,  3.46s/it]D:\Python\realtime_estimate_tracker\venv_bds\lib\site-packages\xgboost\training.py:200: UserWarning: [22:04:25] WARNING: C:\actions-runner\_work\xgboost\xgboost\src\learner.cc:782: 
Parameters: { "devices", "task_type" } are not used.

  bst.update(dtrain, iteration=i, fobj=obj)
                                                                                  Best trial: 2. Best value: 1.78271:  10%|█         | 5/50 [00:19<02:35,  3.46s/it]Best trial: 2. Best value: 1.78271:  10%|█         | 5/50 [00:19<02:35,  3.46s/it]Best trial: 2. Best value: 1.78271:  12%|█▏        | 6/50 [00:19<02:11,  2.98s/it]D:\Python\realtime_estimate_tracker\venv_bds\lib\site-packages\xgboost\training.py:200: UserWarning: [22:04:27] WARNING: C:\actions-runner\_work\xgboost\xgboost\src\learner.cc:782: 
Parameters: { "devices", "task_type" } are not used.

  bst.update(dtrain, iteration=i, fobj=obj)
                                                                                  Best trial: 2. Best value: 1.78271:  12%|█▏        | 6/50 [00:22<02:11,  2.98s/it]Best trial: 2. Best value: 1.78271:  12%|█▏        | 6/50 [00:22<02:11,  2.98s/it]Best trial: 2. Best value: 1.78271:  14%|█▍        | 7/50 [00:22<01:59,  2.77s/it]D:\Python\realtime_estimate_tracker\venv_bds\lib\site-packages\xgboost\training.py:200: UserWarning: [22:04:29] WARNING: C:\actions-runner\_work\xgboost\xgboost\src\learner.cc:782: 
Parameters: { "devices", "task_type" } are not used.

  bst.update(dtrain, iteration=i, fobj=obj)
                                                                                  Best trial: 2. Best value: 1.78271:  14%|█▍        | 7/50 [00:23<01:59,  2.77s/it]Best trial: 2. Best value: 1.78271:  14%|█▍        | 7/50 [00:23<01:59,  2.77s/it]Best trial: 2. Best value: 1.78271:  16%|█▌        | 8/50 [00:23<01:36,  2.30s/it]D:\Python\realtime_estimate_tracker\venv_bds\lib\site-packages\xgboost\training.py:200: UserWarning: [22:04:31] WARNING: C:\actions-runner\_work\xgboost\xgboost\src\learner.cc:782: 
Parameters: { "devices", "task_type" } are not used.

  bst.update(dtrain, iteration=i, fobj=obj)
                                                                                  Best trial: 2. Best value: 1.78271:  16%|█▌        | 8/50 [00:27<01:36,  2.30s/it]Best trial: 2. Best value: 1.78271:  16%|█▌        | 8/50 [00:27<01:36,  2.30s/it]Best trial: 2. Best value: 1.78271:  18%|█▊        | 9/50 [00:27<01:58,  2.89s/it]D:\Python\realtime_estimate_tracker\venv_bds\lib\site-packages\xgboost\training.py:200: UserWarning: [22:04:35] WARNING: C:\actions-runner\_work\xgboost\xgboost\src\learner.cc:782: 
Parameters: { "devices", "task_type" } are not used.

  bst.update(dtrain, iteration=i, fobj=obj)
                                                                                  Best trial: 2. Best value: 1.78271:  18%|█▊        | 9/50 [00:29<01:58,  2.89s/it]Best trial: 2. Best value: 1.78271:  18%|█▊        | 9/50 [00:29<01:58,  2.89s/it]Best trial: 2. Best value: 1.78271:  20%|██        | 10/50 [00:29<01:37,  2.44s/it]D:\Python\realtime_estimate_tracker\venv_bds\lib\site-packages\xgboost\training.py:200: UserWarning: [22:04:36] WARNING: C:\actions-runner\_work\xgboost\xgboost\src\learner.cc:782: 
Parameters: { "devices", "task_type" } are not used.

  bst.update(dtrain, iteration=i, fobj=obj)
                                                                                   Best trial: 2. Best value: 1.78271:  20%|██        | 10/50 [00:32<01:37,  2.44s/it]Best trial: 2. Best value: 1.78271:  20%|██        | 10/50 [00:32<01:37,  2.44s/it]Best trial: 2. Best value: 1.78271:  22%|██▏       | 11/50 [00:32<01:50,  2.84s/it]D:\Python\realtime_estimate_tracker\venv_bds\lib\site-packages\xgboost\training.py:200: UserWarning: [22:04:40] WARNING: C:\actions-runner\_work\xgboost\xgboost\src\learner.cc:782: 
Parameters: { "devices", "task_type" } are not used.

  bst.update(dtrain, iteration=i, fobj=obj)
                                                                                   Best trial: 2. Best value: 1.78271:  22%|██▏       | 11/50 [00:36<01:50,  2.84s/it]Best trial: 2. Best value: 1.78271:  22%|██▏       | 11/50 [00:36<01:50,  2.84s/it]Best trial: 2. Best value: 1.78271:  24%|██▍       | 12/50 [00:36<02:02,  3.22s/it]D:\Python\realtime_estimate_tracker\venv_bds\lib\site-packages\xgboost\training.py:200: UserWarning: [22:04:44] WARNING: C:\actions-runner\_work\xgboost\xgboost\src\learner.cc:782: 
Parameters: { "devices", "task_type" } are not used.

  bst.update(dtrain, iteration=i, fobj=obj)
                                                                                   Best trial: 2. Best value: 1.78271:  24%|██▍       | 12/50 [00:41<02:02,  3.22s/it]Best trial: 2. Best value: 1.78271:  24%|██▍       | 12/50 [00:41<02:02,  3.22s/it]Best trial: 2. Best value: 1.78271:  26%|██▌       | 13/50 [00:41<02:11,  3.55s/it]D:\Python\realtime_estimate_tracker\venv_bds\lib\site-packages\xgboost\training.py:200: UserWarning: [22:04:49] WARNING: C:\actions-runner\_work\xgboost\xgboost\src\learner.cc:782: 
Parameters: { "devices", "task_type" } are not used.

  bst.update(dtrain, iteration=i, fobj=obj)
                                                                                   Best trial: 2. Best value: 1.78271:  26%|██▌       | 13/50 [00:45<02:11,  3.55s/it]Best trial: 2. Best value: 1.78271:  26%|██▌       | 13/50 [00:45<02:11,  3.55s/it]Best trial: 2. Best value: 1.78271:  28%|██▊       | 14/50 [00:45<02:13,  3.72s/it]D:\Python\realtime_estimate_tracker\venv_bds\lib\site-packages\xgboost\training.py:200: UserWarning: [22:04:53] WARNING: C:\actions-runner\_work\xgboost\xgboost\src\learner.cc:782: 
Parameters: { "devices", "task_type" } are not used.

  bst.update(dtrain, iteration=i, fobj=obj)
                                                                                   Best trial: 2. Best value: 1.78271:  28%|██▊       | 14/50 [00:48<02:13,  3.72s/it]Best trial: 2. Best value: 1.78271:  28%|██▊       | 14/50 [00:48<02:13,  3.72s/it]Best trial: 2. Best value: 1.78271:  30%|███       | 15/50 [00:48<02:06,  3.62s/it]D:\Python\realtime_estimate_tracker\venv_bds\lib\site-packages\xgboost\training.py:200: UserWarning: [22:04:56] WARNING: C:\actions-runner\_work\xgboost\xgboost\src\learner.cc:782: 
Parameters: { "devices", "task_type" } are not used.

  bst.update(dtrain, iteration=i, fobj=obj)
                                                                                   Best trial: 2. Best value: 1.78271:  30%|███       | 15/50 [00:51<02:06,  3.62s/it]Best trial: 2. Best value: 1.78271:  30%|███       | 15/50 [00:51<02:06,  3.62s/it]Best trial: 2. Best value: 1.78271:  32%|███▏      | 16/50 [00:51<01:54,  3.37s/it]D:\Python\realtime_estimate_tracker\venv_bds\lib\site-packages\xgboost\training.py:200: UserWarning: [22:04:59] WARNING: C:\actions-runner\_work\xgboost\xgboost\src\learner.cc:782: 
Parameters: { "devices", "task_type" } are not used.

  bst.update(dtrain, iteration=i, fobj=obj)
                                                                                   Best trial: 2. Best value: 1.78271:  32%|███▏      | 16/50 [00:55<01:54,  3.37s/it]Best trial: 2. Best value: 1.78271:  32%|███▏      | 16/50 [00:55<01:54,  3.37s/it]Best trial: 2. Best value: 1.78271:  34%|███▍      | 17/50 [00:55<01:56,  3.52s/it]D:\Python\realtime_estimate_tracker\venv_bds\lib\site-packages\xgboost\training.py:200: UserWarning: [22:05:03] WARNING: C:\actions-runner\_work\xgboost\xgboost\src\learner.cc:782: 
Parameters: { "devices", "task_type" } are not used.

  bst.update(dtrain, iteration=i, fobj=obj)
                                                                                   Best trial: 2. Best value: 1.78271:  34%|███▍      | 17/50 [00:57<01:56,  3.52s/it]Best trial: 2. Best value: 1.78271:  34%|███▍      | 17/50 [00:57<01:56,  3.52s/it]Best trial: 2. Best value: 1.78271:  36%|███▌      | 18/50 [00:57<01:42,  3.21s/it]D:\Python\realtime_estimate_tracker\venv_bds\lib\site-packages\xgboost\training.py:200: UserWarning: [22:05:05] WARNING: C:\actions-runner\_work\xgboost\xgboost\src\learner.cc:782: 
Parameters: { "devices", "task_type" } are not used.

  bst.update(dtrain, iteration=i, fobj=obj)
                                                                                   Best trial: 2. Best value: 1.78271:  36%|███▌      | 18/50 [01:00<01:42,  3.21s/it]Best trial: 2. Best value: 1.78271:  36%|███▌      | 18/50 [01:00<01:42,  3.21s/it]Best trial: 2. Best value: 1.78271:  38%|███▊      | 19/50 [01:00<01:35,  3.09s/it]D:\Python\realtime_estimate_tracker\venv_bds\lib\site-packages\xgboost\training.py:200: UserWarning: [22:05:08] WARNING: C:\actions-runner\_work\xgboost\xgboost\src\learner.cc:782: 
Parameters: { "devices", "task_type" } are not used.

  bst.update(dtrain, iteration=i, fobj=obj)
                                                                                   Best trial: 2. Best value: 1.78271:  38%|███▊      | 19/50 [01:02<01:35,  3.09s/it]Best trial: 2. Best value: 1.78271:  38%|███▊      | 19/50 [01:02<01:35,  3.09s/it]Best trial: 2. Best value: 1.78271:  40%|████      | 20/50 [01:02<01:23,  2.78s/it]D:\Python\realtime_estimate_tracker\venv_bds\lib\site-packages\xgboost\training.py:200: UserWarning: [22:05:10] WARNING: C:\actions-runner\_work\xgboost\xgboost\src\learner.cc:782: 
Parameters: { "devices", "task_type" } are not used.

  bst.update(dtrain, iteration=i, fobj=obj)
                                                                                   Best trial: 2. Best value: 1.78271:  40%|████      | 20/50 [01:04<01:23,  2.78s/it]Best trial: 2. Best value: 1.78271:  40%|████      | 20/50 [01:04<01:23,  2.78s/it]Best trial: 2. Best value: 1.78271:  42%|████▏     | 21/50 [01:04<01:06,  2.30s/it]D:\Python\realtime_estimate_tracker\venv_bds\lib\site-packages\xgboost\training.py:200: UserWarning: [22:05:11] WARNING: C:\actions-runner\_work\xgboost\xgboost\src\learner.cc:782: 
Parameters: { "devices", "task_type" } are not used.

  bst.update(dtrain, iteration=i, fobj=obj)
                                                                                   Best trial: 2. Best value: 1.78271:  42%|████▏     | 21/50 [01:07<01:06,  2.30s/it]Best trial: 2. Best value: 1.78271:  42%|████▏     | 21/50 [01:07<01:06,  2.30s/it]Best trial: 2. Best value: 1.78271:  44%|████▍     | 22/50 [01:07<01:13,  2.64s/it]D:\Python\realtime_estimate_tracker\venv_bds\lib\site-packages\xgboost\training.py:200: UserWarning: [22:05:15] WARNING: C:\actions-runner\_work\xgboost\xgboost\src\learner.cc:782: 
Parameters: { "devices", "task_type" } are not used.

  bst.update(dtrain, iteration=i, fobj=obj)
                                                                                   Best trial: 2. Best value: 1.78271:  44%|████▍     | 22/50 [01:11<01:13,  2.64s/it]Best trial: 2. Best value: 1.78271:  44%|████▍     | 22/50 [01:11<01:13,  2.64s/it]Best trial: 2. Best value: 1.78271:  46%|████▌     | 23/50 [01:11<01:18,  2.93s/it]D:\Python\realtime_estimate_tracker\venv_bds\lib\site-packages\xgboost\training.py:200: UserWarning: [22:05:18] WARNING: C:\actions-runner\_work\xgboost\xgboost\src\learner.cc:782: 
Parameters: { "devices", "task_type" } are not used.

  bst.update(dtrain, iteration=i, fobj=obj)
                                                                                   Best trial: 2. Best value: 1.78271:  46%|████▌     | 23/50 [01:14<01:18,  2.93s/it]Best trial: 2. Best value: 1.78271:  46%|████▌     | 23/50 [01:14<01:18,  2.93s/it]Best trial: 2. Best value: 1.78271:  48%|████▊     | 24/50 [01:14<01:18,  3.02s/it]D:\Python\realtime_estimate_tracker\venv_bds\lib\site-packages\xgboost\training.py:200: UserWarning: [22:05:22] WARNING: C:\actions-runner\_work\xgboost\xgboost\src\learner.cc:782: 
Parameters: { "devices", "task_type" } are not used.

  bst.update(dtrain, iteration=i, fobj=obj)
                                                                                   Best trial: 2. Best value: 1.78271:  48%|████▊     | 24/50 [01:17<01:18,  3.02s/it]Best trial: 2. Best value: 1.78271:  48%|████▊     | 24/50 [01:17<01:18,  3.02s/it]Best trial: 2. Best value: 1.78271:  50%|█████     | 25/50 [01:17<01:18,  3.13s/it]D:\Python\realtime_estimate_tracker\venv_bds\lib\site-packages\xgboost\training.py:200: UserWarning: [22:05:25] WARNING: C:\actions-runner\_work\xgboost\xgboost\src\learner.cc:782: 
Parameters: { "devices", "task_type" } are not used.

  bst.update(dtrain, iteration=i, fobj=obj)
                                                                                   Best trial: 2. Best value: 1.78271:  50%|█████     | 25/50 [01:20<01:18,  3.13s/it]Best trial: 25. Best value: 1.78028:  50%|█████     | 25/50 [01:20<01:18,  3.13s/it]Best trial: 25. Best value: 1.78028:  52%|█████▏    | 26/50 [01:20<01:14,  3.12s/it]D:\Python\realtime_estimate_tracker\venv_bds\lib\site-packages\xgboost\training.py:200: UserWarning: [22:05:28] WARNING: C:\actions-runner\_work\xgboost\xgboost\src\learner.cc:782: 
Parameters: { "devices", "task_type" } are not used.

  bst.update(dtrain, iteration=i, fobj=obj)
                                                                                    Best trial: 25. Best value: 1.78028:  52%|█████▏    | 26/50 [01:23<01:14,  3.12s/it]Best trial: 26. Best value: 1.77138:  52%|█████▏    | 26/50 [01:23<01:14,  3.12s/it]Best trial: 26. Best value: 1.77138:  54%|█████▍    | 27/50 [01:23<01:12,  3.15s/it]D:\Python\realtime_estimate_tracker\venv_bds\lib\site-packages\xgboost\training.py:200: UserWarning: [22:05:31] WARNING: C:\actions-runner\_work\xgboost\xgboost\src\learner.cc:782: 
Parameters: { "devices", "task_type" } are not used.

  bst.update(dtrain, iteration=i, fobj=obj)
           