[I 2026-03-10 22:05:00,960] Trial 0 finished with value: 2.028267713078427 and parameters: {'n_estimators': 988, 'learning_rate': 0.030894461472255438, 'max_depth': 6, 'subsample': 0.8132941947295557, 'colsample_bytree': 0.9048468172234801, 'min_child_weight': 10}. Best is trial 0 with value: 2.028267713078427.
[I 2026-03-10 22:05:02,840] Trial 1 finished with value: 1.9967952528116653 and parameters: {'n_estimators': 561, 'learning_rate': 0.016323813087899222, 'max_depth': 11, 'subsample': 0.6158633500613988, 'colsample_bytree': 0.6646692714624017, 'min_child_weight': 5}. Best is trial 1 with value: 1.9967952528116653.
[I 2026-03-10 22:05:04,953] Trial 2 finished with value: 1.954873772249955 and parameters: {'n_estimators': 710, 'learning_rate': 0.016910645732226587, 'max_depth': 9, 'subsample': 0.7743118971580288, 'colsample_bytree': 0.9455282364333499, 'min_child_weight': 8}. Best is trial 2 with value: 1.954873772249955.
[I 2026-03-10 22:05:12,277] Trial 3 finished with value: 1.8101110600022707 and parameters: {'n_estimators': 1085, 'learning_rate': 0.021203212641866226, 'max_depth': 15, 'subsample': 0.7210487653658608, 'colsample_bytree': 0.8003660231990614, 'min_child_weight': 1}. Best is trial 3 with value: 1.8101110600022707.
[I 2026-03-10 22:05:14,722] Trial 4 finished with value: 2.0569899331645396 and parameters: {'n_estimators': 584, 'learning_rate': 0.006650128334427969, 'max_depth': 13, 'subsample': 0.8661725695918718, 'colsample_bytree': 0.7593424753125079, 'min_child_weight': 9}. Best is trial 3 with value: 1.8101110600022707.
[I 2026-03-10 22:05:17,640] Trial 5 finished with value: 1.9895873912109996 and parameters: {'n_estimators': 1129, 'learning_rate': 0.012770156781715154, 'max_depth': 8, 'subsample': 0.6614790660936521, 'colsample_bytree': 0.7771332439054862, 'min_child_weight': 7}. Best is trial 3 with value: 1.8101110600022707.
[I 2026-03-10 22:05:23,277] Trial 6 finished with value: 1.9068904155955086 and parameters: {'n_estimators': 1421, 'learning_rate': 0.09716550011170474, 'max_depth': 13, 'subsample': 0.6258667386836047, 'colsample_bytree': 0.6218924935344783, 'min_child_weight': 2}. Best is trial 3 with value: 1.8101110600022707.
[I 2026-03-10 22:05:25,768] Trial 7 finished with value: 1.9263280385079486 and parameters: {'n_estimators': 631, 'learning_rate': 0.02004015015624211, 'max_depth': 14, 'subsample': 0.7782427851153672, 'colsample_bytree': 0.7212204243895798, 'min_child_weight': 8}. Best is trial 3 with value: 1.8101110600022707.
[I 2026-03-10 22:05:28,123] Trial 8 finished with value: 2.119956268590559 and parameters: {'n_estimators': 1110, 'learning_rate': 0.02528241710861945, 'max_depth': 5, 'subsample': 0.7154482638420328, 'colsample_bytree': 0.7947445605679497, 'min_child_weight': 2}. Best is trial 3 with value: 1.8101110600022707.
[I 2026-03-10 22:05:31,424] Trial 9 finished with value: 1.9216669526496863 and parameters: {'n_estimators': 890, 'learning_rate': 0.009565919388238744, 'max_depth': 13, 'subsample': 0.7018613736212385, 'colsample_bytree': 0.997219229078793, 'min_child_weight': 8}. Best is trial 3 with value: 1.8101110600022707.
[I 2026-03-10 22:05:32,849] Trial 10 finished with value: 1.9344492618619433 and parameters: {'n_estimators': 353, 'learning_rate': 0.04532304384163342, 'max_depth': 11, 'subsample': 0.9956131944736306, 'colsample_bytree': 0.8708297812672777, 'min_child_weight': 4}. Best is trial 3 with value: 1.8101110600022707.
[I 2026-03-10 22:05:41,488] Trial 11 finished with value: 1.9526920550661533 and parameters: {'n_estimators': 1498, 'learning_rate': 0.09638426246193423, 'max_depth': 15, 'subsample': 0.6096797053846705, 'colsample_bytree': 0.6192545523355745, 'min_child_weight': 1}. Best is trial 3 with value: 1.8101110600022707.
[I 2026-03-10 22:05:50,008] Trial 12 finished with value: 1.8644956624506488 and parameters: {'n_estimators': 1462, 'learning_rate': 0.09516349061552691, 'max_depth': 15, 'subsample': 0.6943170951537593, 'colsample_bytree': 0.8490087323470221, 'min_child_weight': 3}. Best is trial 3 with value: 1.8101110600022707.
[I 2026-03-10 22:05:56,887] Trial 13 finished with value: 1.827956574216796 and parameters: {'n_estimators': 1310, 'learning_rate': 0.048088052602066236, 'max_depth': 15, 'subsample': 0.718345857878316, 'colsample_bytree': 0.8691226061289046, 'min_child_weight': 3}. Best is trial 3 with value: 1.8101110600022707.
[I 2026-03-10 22:06:02,720] Trial 14 finished with value: 1.8121524906041102 and parameters: {'n_estimators': 1279, 'learning_rate': 0.04749357003378195, 'max_depth': 11, 'subsample': 0.8718657053443194, 'colsample_bytree': 0.8386043875203858, 'min_child_weight': 1}. Best is trial 3 with value: 1.8101110600022707.
[I 2026-03-10 22:06:09,310] Trial 15 finished with value: 1.8731254578086296 and parameters: {'n_estimators': 1259, 'learning_rate': 0.042050555651290594, 'max_depth': 11, 'subsample': 0.9052339662900393, 'colsample_bytree': 0.7162855067349386, 'min_child_weight': 1}. Best is trial 3 with value: 1.8101110600022707.
[I 2026-03-10 22:06:12,857] Trial 16 finished with value: 1.9572583563822328 and parameters: {'n_estimators': 919, 'learning_rate': 0.06254685773887776, 'max_depth': 8, 'subsample': 0.9315386106369079, 'colsample_bytree': 0.8279127597793864, 'min_child_weight': 6}. Best is trial 3 with value: 1.8101110600022707.
[I 2026-03-10 22:06:18,676] Trial 17 finished with value: 1.8878832459459662 and parameters: {'n_estimators': 1168, 'learning_rate': 0.02913907608226865, 'max_depth': 12, 'subsample': 0.8322127521377386, 'colsample_bytree': 0.940948739538096, 'min_child_weight': 4}. Best is trial 3 with value: 1.8101110600022707.
[I 2026-03-10 22:06:23,204] Trial 18 finished with value: 1.8429513101440904 and parameters: {'n_estimators': 1017, 'learning_rate': 0.06412847918129239, 'max_depth': 10, 'subsample': 0.759161992926957, 'colsample_bytree': 0.8185205999232212, 'min_child_weight': 1}. Best is trial 3 with value: 1.8101110600022707.
[I 2026-03-10 22:06:26,994] Trial 19 finished with value: 2.0458328486628394 and parameters: {'n_estimators': 1282, 'learning_rate': 0.011251386429236778, 'max_depth': 7, 'subsample': 0.8536457177765171, 'colsample_bytree': 0.7283911214198895, 'min_child_weight': 2}. Best is trial 3 with value: 1.8101110600022707.
[I 2026-03-10 22:06:29,901] Trial 20 finished with value: 2.11725768773942 and parameters: {'n_estimators': 815, 'learning_rate': 0.0051174904415346376, 'max_depth': 10, 'subsample': 0.9151660928465699, 'colsample_bytree': 0.6774711828199432, 'min_child_weight': 5}. Best is trial 3 with value: 1.8101110600022707.
[I 2026-03-10 22:06:36,667] Trial 21 finished with value: 1.8513349841188718 and parameters: {'n_estimators': 1322, 'learning_rate': 0.04016648255279519, 'max_depth': 15, 'subsample': 0.7404600705389379, 'colsample_bytree': 0.8805046606976596, 'min_child_weight': 3}. Best is trial 3 with value: 1.8101110600022707.
[I 2026-03-10 22:06:43,924] Trial 22 finished with value: 1.8376463863082526 and parameters: {'n_estimators': 1356, 'learning_rate': 0.05893337658981748, 'max_depth': 14, 'subsample': 0.6596294059589897, 'colsample_bytree': 0.911520589912575, 'min_child_weight': 3}. Best is trial 3 with value: 1.8101110600022707.
[I 2026-03-10 22:06:50,550] Trial 23 finished with value: 1.8104639231122364 and parameters: {'n_estimators': 1197, 'learning_rate': 0.035008972125147066, 'max_depth': 14, 'subsample': 0.7243990892649972, 'colsample_bytree': 0.8362838697699148, 'min_child_weight': 1}. Best is trial 3 with value: 1.8101110600022707.
[I 2026-03-10 22:06:56,353] Trial 24 finished with value: 1.8326181932757881 and parameters: {'n_estimators': 1192, 'learning_rate': 0.034046956585203944, 'max_depth': 12, 'subsample': 0.7965170370807888, 'colsample_bytree': 0.8220801781716394, 'min_child_weight': 1}. Best is trial 3 with value: 1.8101110600022707.
[I 2026-03-10 22:07:01,954] Trial 25 finished with value: 1.847602367847168 and parameters: {'n_estimators': 1045, 'learning_rate': 0.021480705786063398, 'max_depth': 14, 'subsample': 0.8778906297307848, 'colsample_bytree': 0.7591653913250336, 'min_child_weight': 2}. Best is trial 3 with value: 1.8101110600022707.
[I 2026-03-10 22:07:07,911] Trial 26 finished with value: 1.8419020646095163 and parameters: {'n_estimators': 1212, 'learning_rate': 0.0252051439572747, 'max_depth': 12, 'subsample': 0.6697665019268784, 'colsample_bytree': 0.7991935882146117, 'min_child_weight': 1}. Best is trial 3 with value: 1.8101110600022707.
[I 2026-03-10 22:07:13,489] Trial 27 finished with value: 1.8732385972531007 and parameters: {'n_estimators': 1080, 'learning_rate': 0.03492246609079454, 'max_depth': 14, 'subsample': 0.9738425785174493, 'colsample_bytree': 0.8407887866798818, 'min_child_weight': 4}. Best is trial 3 with value: 1.8101110600022707.
[I 2026-03-10 22:07:19,326] Trial 28 finished with value: 1.857148340885621 and parameters: {'n_estimators': 1387, 'learning_rate': 0.07303518094528565, 'max_depth': 13, 'subsample': 0.7470293246016246, 'colsample_bytree': 0.7663360527072456, 'min_child_weight': 2}. Best is trial 3 with value: 1.8101110600022707.
[I 2026-03-10 22:07:22,666] Trial 29 finished with value: 1.8783348923459282 and parameters: {'n_estimators': 978, 'learning_rate': 0.02988303899088662, 'max_depth': 9, 'subsample': 0.8145904783624883, 'colsample_bytree': 0.9123983693374671, 'min_child_weight': 1}. Best is trial 3 with value: 1.8101110600022707.
[I 2026-03-10 22:07:25,448] Trial 30 finished with value: 1.8817753688134322 and parameters: {'n_estimators': 840, 'learning_rate': 0.05226526450685877, 'max_depth': 12, 'subsample': 0.8233015698939331, 'colsample_bytree': 0.883083605422632, 'min_child_weight': 10}. Best is trial 3 with value: 1.8101110600022707.
[I 2026-03-10 22:07:31,386] Trial 31 finished with value: 1.8595617414845518 and parameters: {'n_estimators': 1243, 'learning_rate': 0.04499825170107042, 'max_depth': 15, 'subsample': 0.7412489703614619, 'colsample_bytree': 0.854822779422199, 'min_child_weight': 3}. Best is trial 3 with value: 1.8101110600022707.
[I 2026-03-10 22:07:39,358] Trial 32 finished with value: 1.8250988324451665 and parameters: {'n_estimators': 1281, 'learning_rate': 0.03588013504684719, 'max_depth': 15, 'subsample': 0.72174108300809, 'colsample_bytree': 0.8042677583942299, 'min_child_weight': 2}. Best is trial 3 with value: 1.8101110600022707.
[I 2026-03-10 22:07:46,449] Trial 33 finished with value: 1.8461475779851315 and parameters: {'n_estimators': 1149, 'learning_rate': 0.015429477539451491, 'max_depth': 14, 'subsample': 0.7876235771911273, 'colsample_bytree': 0.7950995473087937, 'min_child_weight': 2}. Best is trial 3 with value: 1.8101110600022707.
[I 2026-03-10 22:07:52,686] Trial 34 finished with value: 1.8360812686188623 and parameters: {'n_estimators': 973, 'learning_rate': 0.03600179637912106, 'max_depth': 14, 'subsample': 0.6827415259512267, 'colsample_bytree': 0.7469297074285766, 'min_child_weight': 1}. Best is trial 3 with value: 1.8101110600022707.
[I 2026-03-10 22:08:00,244] Trial 35 finished with value: 1.8271979665811362 and parameters: {'n_estimators': 1400, 'learning_rate': 0.018198827454710294, 'max_depth': 13, 'subsample': 0.7221639421900774, 'colsample_bytree': 0.815522256226093, 'min_child_weight': 2}. Best is trial 3 with value: 1.8101110600022707.
[I 2026-03-10 22:08:06,675] Trial 36 finished with value: 1.8168040240676173 and parameters: {'n_estimators': 1086, 'learning_rate': 0.0267459662179658, 'max_depth': 15, 'subsample': 0.6402560214754163, 'colsample_bytree': 0.7808528502389813, 'min_child_weight': 1}. Best is trial 3 with value: 1.8101110600022707.
[I 2026-03-10 22:08:10,640] Trial 37 finished with value: 1.8904591024862125 and parameters: {'n_estimators': 1060, 'learning_rate': 0.023144135338449504, 'max_depth': 11, 'subsample': 0.636718231026229, 'colsample_bytree': 0.6907214131575531, 'min_child_weight': 1}. Best is trial 3 with value: 1.8101110600022707.
[I 2026-03-10 22:08:12,536] Trial 38 finished with value: 1.9727251883043397 and parameters: {'n_estimators': 705, 'learning_rate': 0.015182989338538306, 'max_depth': 9, 'subsample': 0.6425467915608377, 'colsample_bytree': 0.7799589887567577, 'min_child_weight': 5}. Best is trial 3 with value: 1.8101110600022707.
[I 2026-03-10 22:08:16,427] Trial 39 finished with value: 1.8852046883659017 and parameters: {'n_estimators': 1109, 'learning_rate': 0.0267285097857624, 'max_depth': 13, 'subsample': 0.7648192579769151, 'colsample_bytree': 0.7413301140207053, 'min_child_weight': 6}. Best is trial 3 with value: 1.8101110600022707.
[I 2026-03-10 22:08:17,413] Trial 40 finished with value: 2.2520630655317535 and parameters: {'n_estimators': 468, 'learning_rate': 0.018412547349264695, 'max_depth': 5, 'subsample': 0.8862189787137232, 'colsample_bytree': 0.8965997051928829, 'min_child_weight': 9}. Best is trial 3 with value: 1.8101110600022707.
[I 2026-03-10 22:08:22,958] Trial 41 finished with value: 1.8604653969070604 and parameters: {'n_estimators': 1177, 'learning_rate': 0.03239791716577215, 'max_depth': 15, 'subsample': 0.6018649213440074, 'colsample_bytree': 0.7743591369776665, 'min_child_weight': 2}. Best is trial 3 with value: 1.8101110600022707.
[I 2026-03-10 22:08:30,088] Trial 42 finished with value: 1.8103655443753361 and parameters: {'n_estimators': 1239, 'learning_rate': 0.03861258527619338, 'max_depth': 15, 'subsample': 0.8416177502346469, 'colsample_bytree': 0.8345290754906902, 'min_child_weight': 1}. Best is trial 3 with value: 1.8101110600022707.
[I 2026-03-10 22:08:36,466] Trial 43 finished with value: 1.7833666405911635 and parameters: {'n_estimators': 1234, 'learning_rate': 0.028636052170478488, 'max_depth': 14, 'subsample': 0.8381514941875232, 'colsample_bytree': 0.841505062693291, 'min_child_weight': 1}. Best is trial 43 with value: 1.7833666405911635.
[I 2026-03-10 22:08:42,637] Trial 44 finished with value: 1.7997777038418197 and parameters: {'n_estimators': 1224, 'learning_rate': 0.05447817365749785, 'max_depth': 14, 'subsample': 0.8389910643266935, 'colsample_bytree': 0.8596938689819814, 'min_child_weight': 1}. Best is trial 43 with value: 1.7833666405911635.
[I 2026-03-10 22:08:48,154] Trial 45 finished with value: 1.8200136428801397 and parameters: {'n_estimators': 1220, 'learning_rate': 0.03985388174300558, 'max_depth': 14, 'subsample': 0.8517499507174929, 'colsample_bytree': 0.8599103102291809, 'min_child_weight': 2}. Best is trial 43 with value: 1.7833666405911635.
[I 2026-03-10 22:08:53,805] Trial 46 finished with value: 1.8613796381102399 and parameters: {'n_estimators': 1350, 'learning_rate': 0.02143260894155334, 'max_depth': 13, 'subsample': 0.8428326470219654, 'colsample_bytree': 0.9368306984014628, 'min_child_weight': 3}. Best is trial 43 with value: 1.7833666405911635.
[I 2026-03-10 22:09:01,177] Trial 47 finished with value: 1.7910742526842136 and parameters: {'n_estimators': 1150, 'learning_rate': 0.07406938494169162, 'max_depth': 14, 'subsample': 0.7998544087365972, 'colsample_bytree': 0.8937441931926081, 'min_child_weight': 1}. Best is trial 43 with value: 1.7833666405911635.
[I 2026-03-10 22:09:07,571] Trial 48 finished with value: 1.8694153875249668 and parameters: {'n_estimators': 1448, 'learning_rate': 0.08126718570783115, 'max_depth': 13, 'subsample': 0.8047350774010741, 'colsample_bytree': 0.971699717202735, 'min_child_weight': 7}. Best is trial 43 with value: 1.7833666405911635.
