[I 2026-03-31 01:14:25,821] Trial 49 finished with value: 2.022728217294896 and parameters: {'n_estimators': 633, 'learning_rate': 0.05150054111698942, 'max_depth': 13, 'subsample': 0.8324875906505333, 'colsample_bytree': 0.6998742754112216, 'min_child_weight': 7}. Best is trial 20 with value: 1.7424182796868637.
✅ Tham số tối ưu nhất từ Optuna: {'n_estimators': 1319, 'learning_rate': 0.025158122753605714, 'max_depth': 15, 'subsample': 0.6561079792717657, 'colsample_bytree': 0.9596477412506472, 'min_child_weight': 1}
MAE của mô hình XGBoost: 1.7670
R² của mô hình XGBoost: 0.9258
🥊 Đang so sánh... Champion MAE: 1.6245 vs Challenger MAE: 1.7670
🛡️ Champion bảo vệ ngôi vương. Giữ nguyên mô hình cũ.
[Tue 03/31/2026  1:14:33.43] [4/4] Dang dong bo AI Model (qua LFS) len GitHub... 
[main 306a512] Auto-update AI Model: Tue 03/31/2026  1:14:35.69
 2 files changed, 324 insertions(+)
remote: This repository moved. Please use the new location:        
remote:   https://github.com/HieuNT316/hanoi-house-price-prediction.git        
To https://github.com/Alexus143/hanoi-house-price-prediction.git
   7ede7b9..306a512  main -> main
========================================= 
[Tue 03/31/2026 22:01:55.87] [1/4] Dang cao chi tiet BĐS... 
🔍 Đang cấu hình Database với: postgres.kkwivuufxdewurmxtsto@aws-1-ap-southeast-1.pooler.supabase.com:5432/postgres

[DetailSpider] Khởi động luồng làm giàu dữ liệu (Limit: 50 bài/lượt)...
✅ Đã kết nối thành công tới PostgreSQL.
[Browser] Đang khởi tạo trình duyệt...
[Browser] Phát hiện Chrome (Windows): Version 139

[DetailSpider] Đang cào (1/8): https://batdongsan.com.vn/ban-dat-duong-vanh-dai-4-phuong-dong-mai-1-15/ban-lo-lk16-41-khu-2-at-dich-vu-ong-yen-nghia-gia-hon-7-ty-pr45416928
  -> Lấy được 3/6 feature chi tiết.

[DetailSpider] Đang cào (2/8): https://batdongsan.com.vn/ban-can-ho-chung-cu-phuong-mo-lao-thap-doi-kepler-land/full-quy-doc-quyen-gia-tot-nhat-hh01-va-hh02-du-an-ha-dong-t12-2025-chi-tu-80tr-m2-pr44689868
  -> Lấy được 2/6 feature chi tiết.

[DetailSpider] Đang cào (3/8): https://batdongsan.com.vn/ban-can-ho-chung-cu-phuong-mo-lao-seasons-avenue/giat-minh-gia-3pn-2vs-chi-9-2-ty-x-tieu-hoc-co-slot-o-to-lh-pr45420223
  -> Lấy được 2/6 feature chi tiết.

[DetailSpider] Đang cào (4/8): https://batdongsan.com.vn/ban-dat-duong-vanh-dai-4-phuong-dong-mai-1-15/re-giat-minh-gia-7-05-ty-lo-lk9-4-khu-3-dich-vu-ong-kinh-moi-ace-ben-san-cung-ban-pr45439214
  -> Lấy được 3/6 feature chi tiết.

[DetailSpider] Đang cào (5/8): https://batdongsan.com.vn/ban-nha-rieng-duong-yen-hoa-phuong-yen-nghia-1-15/cat-lo-can-tam-huyet-cua-gia-inh-do-can-von-lam-an-giam-cat-lo-full-noi-that-pr45435749
  -> Lấy được 6/6 feature chi tiết.

[DetailSpider] Đang cào (6/8): https://batdongsan.com.vn/ban-can-ho-chung-cu-phuong-mo-lao-mulberry-lane/chinh-chu-ban-3n-3w-15-3-ty-re-hon-thi-truong-300tr-free-2-slot-oto-pr45435548
  -> Lấy được 2/6 feature chi tiết.

[DetailSpider] Đang cào (7/8): https://batdongsan.com.vn/ban-can-ho-chung-cu-phuong-la-khe-hpc-landmark-105/ban-gap-quy-2-3-4pn-tai-105-to-huu-trung-tam-ha-dong-gia-chi-tu-4ty7-pr43467587
  -> Lấy được 3/6 feature chi tiết.

[DetailSpider] Đang cào (8/8): https://batdongsan.com.vn/ban-can-ho-chung-cu-phuong-kien-hung-khu-do-thi-thanh-ha-muong-thanh/ban-2pn-tai-k-t-ha-ong-pr45426087
  -> Lấy được 3/6 feature chi tiết.

[DetailSpider] Hoàn thành. Cập nhật thành công 8/8 bài đăng.
[Tue 03/31/2026 22:04:25.28] [2/4] Dang clean du lieu... 
🔍 Đang cấu hình Database với: postgres.kkwivuufxdewurmxtsto@aws-1-ap-southeast-1.pooler.supabase.com:5432/postgres
✅ Đã kết nối thành công tới PostgreSQL.
🔄 Upsert thành công 5541 bản ghi vào 'bds_hadong'.
✅ Đã cập nhật cột legal_status và furniture thành công.
[Tue 03/31/2026 22:04:32.36] [3/4] Dang huan luyen AI tren du lieu moi... 
🔍 Đang cấu hình Database với: postgres.kkwivuufxdewurmxtsto@aws-1-ap-southeast-1.pooler.supabase.com:5432/postgres
[I 2026-03-31 22:05:05,241] A new study created in memory with name: no-name-4bfaa0da-c6a2-43b1-a22d-f81c01e8c9ab
✅ Đã kết nối thành công tới PostgreSQL.
  0%|          | 0/50 [00:00<?, ?it/s]D:\Python\realtime_estimate_tracker\venv_bds\lib\site-packages\xgboost\training.py:200: UserWarning: [22:05:05] WARNING: C:\actions-runner\_work\xgboost\xgboost\src\learner.cc:782: 
Parameters: { "devices", "task_type" } are not used.

  bst.update(dtrain, iteration=i, fobj=obj)
                                        0%|          | 0/50 [00:04<?, ?it/s]Best trial: 0. Best value: 2.03372:   0%|          | 0/50 [00:04<?, ?it/s]Best trial: 0. Best value: 2.03372:   2%|▏         | 1/50 [00:04<03:24,  4.17s/it]D:\Python\realtime_estimate_tracker\venv_bds\lib\site-packages\xgboost\training.py:200: UserWarning: [22:05:09] WARNING: C:\actions-runner\_work\xgboost\xgboost\src\learner.cc:782: 
Parameters: { "devices", "task_type" } are not used.

  bst.update(dtrain, iteration=i, fobj=obj)
                                                                                  Best trial: 0. Best value: 2.03372:   2%|▏         | 1/50 [00:05<03:24,  4.17s/it]Best trial: 1. Best value: 2.02323:   2%|▏         | 1/50 [00:05<03:24,  4.17s/it]Best trial: 1. Best value: 2.02323:   4%|▍         | 2/50 [00:05<02:09,  2.69s/it]D:\Python\realtime_estimate_tracker\venv_bds\lib\site-packages\xgboost\training.py:200: UserWarning: [22:05:11] WARNING: C:\actions-runner\_work\xgboost\xgboost\src\learner.cc:782: 
Parameters: { "devices", "task_type" } are not used.

  bst.update(dtrain, iteration=i, fobj=obj)
                                                                                  Best trial: 1. Best value: 2.02323:   4%|▍         | 2/50 [00:07<02:09,  2.69s/it]Best trial: 1. Best value: 2.02323:   4%|▍         | 2/50 [00:07<02:09,  2.69s/it]Best trial: 1. Best value: 2.02323:   6%|▌         | 3/50 [00:07<01:44,  2.23s/it]D:\Python\realtime_estimate_tracker\venv_bds\lib\site-packages\xgboost\training.py:200: UserWarning: [22:05:12] WARNING: C:\actions-runner\_work\xgboost\xgboost\src\learner.cc:782: 
Parameters: { "devices", "task_type" } are not used.

  bst.update(dtrain, iteration=i, fobj=obj)
                                                                                  Best trial: 1. Best value: 2.02323:   6%|▌         | 3/50 [00:09<01:44,  2.23s/it]Best trial: 1. Best value: 2.02323:   6%|▌         | 3/50 [00:09<01:44,  2.23s/it]Best trial: 1. Best value: 2.02323:   8%|▊         | 4/50 [00:09<01:41,  2.20s/it]D:\Python\realtime_estimate_tracker\venv_bds\lib\site-packages\xgboost\training.py:200: UserWarning: [22:05:14] WARNING: C:\actions-runner\_work\xgboost\xgboost\src\learner.cc:782: 
Parameters: { "devices", "task_type" } are not used.

  bst.update(dtrain, iteration=i, fobj=obj)
                                                                                  Best trial: 1. Best value: 2.02323:   8%|▊         | 4/50 [00:11<01:41,  2.20s/it]Best trial: 1. Best value: 2.02323:   8%|▊         | 4/50 [00:11<01:41,  2.20s/it]Best trial: 1. Best value: 2.02323:  10%|█         | 5/50 [00:11<01:39,  2.22s/it]D:\Python\realtime_estimate_tracker\venv_bds\lib\site-packages\xgboost\training.py:200: UserWarning: [22:05:17] WARNING: C:\actions-runner\_work\xgboost\xgboost\src\learner.cc:782: 
Parameters: { "devices", "task_type" } are not used.

  bst.update(dtrain, iteration=i, fobj=obj)
                                                                                  Best trial: 1. Best value: 2.02323:  10%|█         | 5/50 [00:12<01:39,  2.22s/it]Best trial: 1. Best value: 2.02323:  10%|█         | 5/50 [00:12<01:39,  2.22s/it]Best trial: 1. Best value: 2.02323:  12%|█▏        | 6/50 [00:12<01:19,  1.80s/it]D:\Python\realtime_estimate_tracker\venv_bds\lib\site-packages\xgboost\training.py:200: UserWarning: [22:05:18] WARNING: C:\actions-runner\_work\xgboost\xgboost\src\learner.cc:782: 
Parameters: { "devices", "task_type" } are not used.

  bst.update(dtrain, iteration=i, fobj=obj)
                                                                                  Best trial: 1. Best value: 2.02323:  12%|█▏        | 6/50 [00:14<01:19,  1.80s/it]Best trial: 6. Best value: 1.91319:  12%|█▏        | 6/50 [00:14<01:19,  1.80s/it]Best trial: 6. Best value: 1.91319:  14%|█▍        | 7/50 [00:14<01:10,  1.65s/it]D:\Python\realtime_estimate_tracker\venv_bds\lib\site-packages\xgboost\training.py:200: UserWarning: [22:05:19] WARNING: C:\actions-runner\_work\xgboost\xgboost\src\learner.cc:782: 
Parameters: { "devices", "task_type" } are not used.

  bst.update(dtrain, iteration=i, fobj=obj)
                                                                                  Best trial: 6. Best value: 1.91319:  14%|█▍        | 7/50 [00:14<01:10,  1.65s/it]Best trial: 6. Best value: 1.91319:  14%|█▍        | 7/50 [00:14<01:10,  1.65s/it]Best trial: 6. Best value: 1.91319:  16%|█▌        | 8/50 [00:14<00:56,  1.33s/it]D:\Python\realtime_estimate_tracker\venv_bds\lib\site-packages\xgboost\training.py:200: UserWarning: [22:05:20] WARNING: C:\actions-runner\_work\xgboost\xgboost\src\learner.cc:782: 
Parameters: { "devices", "task_type" } are not used.

  bst.update(dtrain, iteration=i, fobj=obj)
                                                                                  Best trial: 6. Best value: 1.91319:  16%|█▌        | 8/50 [00:18<00:56,  1.33s/it]Best trial: 6. Best value: 1.91319:  16%|█▌        | 8/50 [00:18<00:56,  1.33s/it]Best trial: 6. Best value: 1.91319:  18%|█▊        | 9/50 [00:18<01:22,  2.02s/it]D:\Python\realtime_estimate_tracker\venv_bds\lib\site-packages\xgboost\training.py:200: UserWarning: [22:05:23] WARNING: C:\actions-runner\_work\xgboost\xgboost\src\learner.cc:782: 
Parameters: { "devices", "task_type" } are not used.

  bst.update(dtrain, iteration=i, fobj=obj)
                                                                                  Best trial: 6. Best value: 1.91319:  18%|█▊        | 9/50 [00:19<01:22,  2.02s/it]Best trial: 6. Best value: 1.91319:  18%|█▊        | 9/50 [00:19<01:22,  2.02s/it]Best trial: 6. Best value: 1.91319:  20%|██        | 10/50 [00:19<01:11,  1.79s/it]D:\Python\realtime_estimate_tracker\venv_bds\lib\site-packages\xgboost\training.py:200: UserWarning: [22:05:24] WARNING: C:\actions-runner\_work\xgboost\xgboost\src\learner.cc:782: 
Parameters: { "devices", "task_type" } are not used.

  bst.update(dtrain, iteration=i, fobj=obj)
                                                                                   Best trial: 6. Best value: 1.91319:  20%|██        | 10/50 [00:22<01:11,  1.79s/it]Best trial: 6. Best value: 1.91319:  20%|██        | 10/50 [00:22<01:11,  1.79s/it]Best trial: 6. Best value: 1.91319:  22%|██▏       | 11/50 [00:22<01:27,  2.24s/it]D:\Python\realtime_estimate_tracker\venv_bds\lib\site-packages\xgboost\training.py:200: UserWarning: [22:05:28] WARNING: C:\actions-runner\_work\xgboost\xgboost\src\learner.cc:782: 
Parameters: { "devices", "task_type" } are not used.

  bst.update(dtrain, iteration=i, fobj=obj)
                                                                                   Best trial: 6. Best value: 1.91319:  22%|██▏       | 11/50 [00:26<01:27,  2.24s/it]Best trial: 6. Best value: 1.91319:  22%|██▏       | 11/50 [00:26<01:27,  2.24s/it]Best trial: 6. Best value: 1.91319:  24%|██▍       | 12/50 [00:26<01:35,  2.51s/it]D:\Python\realtime_estimate_tracker\venv_bds\lib\site-packages\xgboost\training.py:200: UserWarning: [22:05:31] WARNING: C:\actions-runner\_work\xgboost\xgboost\src\learner.cc:782: 
Parameters: { "devices", "task_type" } are not used.

  bst.update(dtrain, iteration=i, fobj=obj)
                                                                                   Best trial: 6. Best value: 1.91319:  24%|██▍       | 12/50 [00:29<01:35,  2.51s/it]Best trial: 6. Best value: 1.91319:  24%|██▍       | 12/50 [00:29<01:35,  2.51s/it]Best trial: 6. Best value: 1.91319:  26%|██▌       | 13/50 [00:29<01:39,  2.68s/it]D:\Python\realtime_estimate_tracker\venv_bds\lib\site-packages\xgboost\training.py:200: UserWarning: [22:05:34] WARNING: C:\actions-runner\_work\xgboost\xgboost\src\learner.cc:782: 
Parameters: { "devices", "task_type" } are not used.

  bst.update(dtrain, iteration=i, fobj=obj)
                                                                                   Best trial: 6. Best value: 1.91319:  26%|██▌       | 13/50 [00:33<01:39,  2.68s/it]Best trial: 6. Best value: 1.91319:  26%|██▌       | 13/50 [00:33<01:39,  2.68s/it]Best trial: 6. Best value: 1.91319:  28%|██▊       | 14/50 [00:33<01:50,  3.07s/it]D:\Python\realtime_estimate_tracker\venv_bds\lib\site-packages\xgboost\training.py:200: UserWarning: [22:05:38] WARNING: C:\actions-runner\_work\xgboost\xgboost\src\learner.cc:782: 
Parameters: { "devices", "task_type" } are not used.

  bst.update(dtrain, iteration=i, fobj=obj)
                                                                                   Best trial: 6. Best value: 1.91319:  28%|██▊       | 14/50 [00:34<01:50,  3.07s/it]Best trial: 6. Best value: 1.91319:  28%|██▊       | 14/50 [00:34<01:50,  3.07s/it]Best trial: 6. Best value: 1.91319:  30%|███       | 15/50 [00:34<01:30,  2.59s/it]D:\Python\realtime_estimate_tracker\venv_bds\lib\site-packages\xgboost\training.py:200: UserWarning: [22:05:39] WARNING: C:\actions-runner\_work\xgboost\xgboost\src\learner.cc:782: 
Parameters: { "devices", "task_type" } are not used.

  bst.update(dtrain, iteration=i, fobj=obj)
                                                                                   Best trial: 6. Best value: 1.91319:  30%|███       | 15/50 [00:39<01:30,  2.59s/it]Best trial: 6. Best value: 1.91319:  30%|███       | 15/50 [00:39<01:30,  2.59s/it]Best trial: 6. Best value: 1.91319:  32%|███▏      | 16/50 [00:39<01:48,  3.20s/it]D:\Python\realtime_estimate_tracker\venv_bds\lib\site-packages\xgboost\training.py:200: UserWarning: [22:05:44] WARNING: C:\actions-runner\_work\xgboost\xgboost\src\learner.cc:782: 
Parameters: { "devices", "task_type" } are not used.

  bst.update(dtrain, iteration=i, fobj=obj)
                                                                                   Best trial: 6. Best value: 1.91319:  32%|███▏      | 16/50 [00:42<01:48,  3.20s/it]Best trial: 6. Best value: 1.91319:  32%|███▏      | 16/50 [00:42<01:48,  3.20s/it]Best trial: 6. Best value: 1.91319:  34%|███▍      | 17/50 [00:42<01:48,  3.29s/it]D:\Python\realtime_estimate_tracker\venv_bds\lib\site-packages\xgboost\training.py:200: UserWarning: [22:05:48] WARNING: C:\actions-runner\_work\xgboost\xgboost\src\learner.cc:782: 
Parameters: { "devices", "task_type" } are not used.

  bst.update(dtrain, iteration=i, fobj=obj)
                                                                                   Best trial: 6. Best value: 1.91319:  34%|███▍      | 17/50 [00:47<01:48,  3.29s/it]Best trial: 17. Best value: 1.8172:  34%|███▍      | 17/50 [00:47<01:48,  3.29s/it]Best trial: 17. Best value: 1.8172:  36%|███▌      | 18/50 [00:47<01:58,  3.70s/it]D:\Python\realtime_estimate_tracker\venv_bds\lib\site-packages\xgboost\training.py:200: UserWarning: [22:05:52] WARNING: C:\actions-runner\_work\xgboost\xgboost\src\learner.cc:782: 
Parameters: { "devices", "task_type" } are not used.

  bst.update(dtrain, iteration=i, fobj=obj)
                                                                                   Best trial: 17. Best value: 1.8172:  36%|███▌      | 18/50 [00:51<01:58,  3.70s/it]Best trial: 17. Best value: 1.8172:  36%|███▌      | 18/50 [00:51<01:58,  3.70s/it]Best trial: 17. Best value: 1.8172:  38%|███▊      | 19/50 [00:51<01:58,  3.83s/it]D:\Python\realtime_estimate_tracker\venv_bds\lib\site-packages\xgboost\training.py:200: UserWarning: [22:05:56] WARNING: C:\actions-runner\_work\xgboost\xgboost\src\learner.cc:782: 
Parameters: { "devices", "task_type" } are not used.

  bst.update(dtrain, iteration=i, fobj=obj)
                                                                                   Best trial: 17. Best value: 1.8172:  38%|███▊      | 19/50 [00:56<01:58,  3.83s/it]Best trial: 19. Best value: 1.81363:  38%|███▊      | 19/50 [00:56<01:58,  3.83s/it]Best trial: 19. Best value: 1.81363:  40%|████      | 20/50 [00:56<02:01,  4.04s/it]D:\Python\realtime_estimate_tracker\venv_bds\lib\site-packages\xgboost\training.py:200: UserWarning: [22:06:01] WARNING: C:\actions-runner\_work\xgboost\xgboost\src\learner.cc:782: 
Parameters: { "devices", "task_type" } are not used.

  bst.update(dtrain, iteration=i, fobj=obj)
                                                                                    Best trial: 19. Best value: 1.81363:  40%|████      | 20/50 [01:01<02:01,  4.04s/it]Best trial: 20. Best value: 1.78491:  40%|████      | 20/50 [01:01<02:01,  4.04s/it]Best trial: 20. Best value: 1.78491:  42%|████▏     | 21/50 [01:01<02:06,  4.35s/it]D:\Python\realtime_estimate_tracker\venv_bds\lib\site-packages\xgboost\training.py:200: UserWarning: [22:06:06] WARNING: C:\actions-runner\_work\xgboost\xgboost\src\learner.cc:782: 
Parameters: { "devices", "task_type" } are not used.

  bst.update(dtrain, iteration=i, fobj=obj)
                                                                                    Best trial: 20. Best value: 1.78491:  42%|████▏     | 21/50 [01:07<02:06,  4.35s/it]Best trial: 21. Best value: 1.78082:  42%|████▏     | 21/50 [01:07<02:06,  4.35s/it]Best trial: 21. Best value: 1.78082:  44%|████▍     | 22/50 [01:07<02:19,  4.98s/it]D:\Python\realtime_estimate_tracker\venv_bds\lib\site-packages\xgboost\training.py:200: UserWarning: [22:06:12] WARNING: C:\actions-runner\_work\xgboost\xgboost\src\learner.cc:782: 
Parameters: { "devices", "task_type" } are not used.

  bst.update(dtrain, iteration=i, fobj=obj)
                                                                                    Best trial: 21. Best value: 1.78082:  44%|████▍     | 22/50 [01:12<02:19,  4.98s/it]Best trial: 21. Best value: 1.78082:  44%|████▍     | 22/50 [01:12<02:19,  4.98s/it]Best trial: 21. Best value: 1.78082:  46%|████▌     | 23/50 [01:12<02:17,  5.11s/it]D:\Python\realtime_estimate_tracker\venv_bds\lib\site-packages\xgboost\training.py:200: UserWarning: [22:06:18] WARNING: C:\actions-runner\_work\xgboost\xgboost\src\learner.cc:782: 
Parameters: { "devices", "task_type" } are not used.

  bst.update(dtrain, iteration=i, fobj=obj)
                                                                                    Best trial: 21. Best value: 1.78082:  46%|████▌     | 23/50 [01:19<02:17,  5.11s/it]Best trial: 23. Best value: 1.77042:  46%|████▌     | 23/50 [01:19<02:17,  5.11s/it]Best trial: 23. Best value: 1.77042:  48%|████▊     | 24/50 [01:19<02:24,  5.54s/it]D:\Python\realtime_estimate_tracker\venv_bds\lib\site-packages\xgboost\training.py:200: UserWarning: [22:06:24] WARNING: C:\actions-runner\_work\xgboost\xgboost\src\learner.cc:782: 
Parameters: { "devices", "task_type" } are not used.

  bst.update(dtrain, iteration=i, fobj=obj)
                                                                                    Best trial: 23. Best value: 1.77042:  48%|████▊     | 24/50 [01:25<02:24,  5.54s/it]Best trial: 24. Best value: 1.76991:  48%|████▊     | 24/50 [01:25<02:24,  5.54s/it]Best trial: 24. Best value: 1.76991:  50%|█████     | 25/50 [01:25<02:19,  5.57s/it]D:\Python\realtime_estimate_tracker\venv_bds\lib\site-packages\xgboost\training.py:200: UserWarning: [22:06:30] WARNING: C:\actions-runner\_work\xgboost\xgboost\src\learner.cc:782: 
Parameters: { "devices", "task_type" } are not used.

  bst.update(dtrain, iteration=i, fobj=obj)
                                                                                    Best trial: 24. Best value: 1.76991:  50%|█████     | 25/50 [01:29<02:19,  5.57s/it]Best trial: 24. Best value: 1.76991:  50%|█████     | 25/50 [01:29<02:19,  5.57s/it]Best trial: 24. Best value: 1.76991:  52%|█████▏    | 26/50 [01:29<02:01,  5.06s/it]D:\Python\realtime_estimate_tracker\venv_bds\lib\site-packages\xgboost\training.py:200: UserWarning: [22:06:34] WARNING: C:\actions-runner\_work\xgboost\xgboost\src\learner.cc:782: 
Parameters: { "devices", "task_type" } are not used.

  bst.update(dtrain, iteration=i, fobj=obj)
                                                                                    Best trial: 24. Best value: 1.76991:  52%|█████▏    | 26/50 [01:35<02:01,  5.06s/it]Best trial: 24. Best value: 1.76991:  52%|█████▏    | 26/50 [01:35<02:01,  5.06s/it]Best trial: 24. Best value: 1.76991:  54%|█████▍    | 27/50 [01:35<02:02,  5.34s/it]D:\Python\realtime_estimate_tracker\venv_bds\lib\site-packages\xgboost\training.py:200: UserWarning: [22:06:40] WARNING: C:\actions-runner\_work\xgboost\xgboost\src\learner.cc:782: 
Parameters: { "devices", "task_type" } are not used.

  bst.update(dtrain, iteration=i, fobj=obj)
                                                                                    Best trial: 24. Best value: 1.76991:  54%|█████▍    | 27/50 [01:40<02:02,  5.34s/it]Best trial: 27. Best value: 1.76397:  54%|█████▍    | 27/50 [01:40<02:02,  5.34s/it]Best trial: 27. Best value: 1.76397:  56%|█████▌    | 28/50 [01:40<01:56,  5.28s/it]D:\Python\realtime_estimate_tracker\venv_bds\lib\site-packages\xgboost\training.py:200: UserWarning: [22:06:45] WARNING: C:\actions-runner\_work\xgboost\xgboost\src\learner.cc:782: 
Parameters: { "devices", "task_type" } are not used.

  bst.update(dtrain, iteration=i, fobj=obj)
                                                                                    Best trial: 27. Best value: 1.76397:  56%|█████▌    | 28/50 [01:45<01:56,  5.28s/it]Best trial: 27. Best value: 1.76397:  56%|█████▌    | 28/50 [01:45<01:56,  5.28s/it]Best trial: 27. Best value: