[I 2026-03-18 22:07:46,075] Trial 49 finished with value: 1.932233798374409 and parameters: {'n_estimators': 560, 'learning_rate': 0.029392935949938075, 'max_depth': 8, 'subsample': 0.6126983241457495, 'colsample_bytree': 0.9961503628404134, 'min_child_weight': 1}. Best is trial 29 with value: 1.7835180439201899.
✅ Tham số tối ưu nhất từ Optuna: {'n_estimators': 1108, 'learning_rate': 0.029887535051253918, 'max_depth': 13, 'subsample': 0.761221960205859, 'colsample_bytree': 0.9993326341964598, 'min_child_weight': 1}
MAE của mô hình XGBoost: 1.8024
R² của mô hình XGBoost: 0.9100
🥊 Đang so sánh... Champion MAE: 1.6245 vs Challenger MAE: 1.8024
🛡️ Champion bảo vệ ngôi vương. Giữ nguyên mô hình cũ.
[Wed 03/18/2026 22:07:51.36] [4/4] Dang dong bo AI Model (qua LFS) len GitHub... 
[main dc4c1d4] Auto-update AI Model: Wed 03/18/2026 22:07:52.71
 2 files changed, 326 insertions(+)
remote: This repository moved. Please use the new location:        
remote:   https://github.com/HieuNT316/hanoi-house-price-prediction.git        
To https://github.com/Alexus143/hanoi-house-price-prediction.git
   de9af19..dc4c1d4  main -> main
========================================= 
[Thu 03/19/2026 22:00:02.39] [1/4] Dang cao chi tiet BĐS... 
🔍 Đang cấu hình Database với: postgres.kkwivuufxdewurmxtsto@aws-1-ap-southeast-1.pooler.supabase.com:5432/postgres

[DetailSpider] Khởi động luồng làm giàu dữ liệu (Limit: 50 bài/lượt)...
✅ Đã kết nối thành công tới PostgreSQL.
[Browser] Đang khởi tạo trình duyệt...
[Browser] Phát hiện Chrome (Windows): Version 139

[DetailSpider] Đang cào (1/9): https://batdongsan.com.vn/ban-nha-biet-thu-lien-ke-duong-to-huu-phuong-duong-noi-solasta-mansion-duong-noi/sieu-pham-lo-goc-huong-ong-nam-chi-danh-cho-gioi-thuong-luu-pr45342098
  -> Lấy được 6/6 feature chi tiết.

[DetailSpider] Đang cào (2/9): https://batdongsan.com.vn/ban-can-ho-chung-cu-duong-vu-trong-khanh-phuong-mo-lao-thap-doi-kepler-land/tong-hop-quy-oi-gia-tot-nhat-thang-3-san-slot-o-to-gia-tu-4-6-ty-lh-0981-960-pr45318985
  -> Lấy được 2/6 feature chi tiết.

[DetailSpider] Đang cào (3/9): https://batdongsan.com.vn/ban-nha-biet-thu-lien-ke-duong-le-trong-tan-phuong-duong-noi-khu-do-thi-geleximco-le-trong-tan/quy-can-vuon-vuc-cap-nhat-moi-nhat-gia-tu-14-x-ty-pr45346029
  -> Lấy được 0/6 feature chi tiết.

[DetailSpider] Đang cào (4/9): https://batdongsan.com.vn/ban-can-ho-chung-cu-duong-tran-phu-phuong-van-quan-grand-sunlake/ban-nhanh-96m-view-phao-hoa-gia-5-650-pr45336175
  -> Lấy được 3/6 feature chi tiết.

[DetailSpider] Đang cào (5/9): https://batdongsan.com.vn/ban-can-ho-chung-cu-duong-to-huu-phuong-yen-nghia-1-xuan-mai-complex/tong-hop-cac-dang-ban-2pn-3pn-tu-49-107m2-toa-nha-dep-gia-re-lh-pr39331803
  -> Lấy được 3/6 feature chi tiết.

[DetailSpider] Đang cào (6/9): https://batdongsan.com.vn/ban-nha-mat-pho-duong-yen-binh-phuong-van-quan-15/hiem-ban-o-to-o-cua-14-x-ty-pr45334892
  -> Lấy được 4/6 feature chi tiết.

[DetailSpider] Đang cào (7/9): https://batdongsan.com.vn/ban-can-ho-chung-cu-phuong-mo-lao-seasons-avenue/ban-nhanh-76m2-view-be-boi-gia-tot-nhat-chi-6-5-ty-bao-thue-phi-pr45332047
  -> Lấy được 2/6 feature chi tiết.

[DetailSpider] Đang cào (8/9): https://batdongsan.com.vn/ban-can-ho-chung-cu-duong-tran-phu-phuong-van-quan-grand-sunlake/ban-91-6m2-tai-so-135-uong-chi-voi-gia-cuc-chat-5-6-ty-vnd-pr45328891
  -> Lấy được 3/6 feature chi tiết.

[DetailSpider] Đang cào (9/9): https://batdongsan.com.vn/ban-can-ho-chung-cu-phuong-mo-lao-mulberry-lane/bql-mulberrylane-ban-nhung-mua-thang-tu-chu-nha-gui-ban-cac-quy-tu-45m2-en-154m2-pr45327526
  -> Lấy được 3/6 feature chi tiết.

[DetailSpider] Hoàn thành. Cập nhật thành công 9/9 bài đăng.
[Thu 03/19/2026 22:02:55.43] [2/4] Dang clean du lieu... 
🔍 Đang cấu hình Database với: postgres.kkwivuufxdewurmxtsto@aws-1-ap-southeast-1.pooler.supabase.com:5432/postgres
✅ Đã kết nối thành công tới PostgreSQL.
🔄 Upsert thành công 5380 bản ghi vào 'bds_hadong'.
✅ Đã cập nhật cột legal_status và furniture thành công.
[Thu 03/19/2026 22:03:24.95] [3/4] Dang huan luyen AI tren du lieu moi... 
🔍 Đang cấu hình Database với: postgres.kkwivuufxdewurmxtsto@aws-1-ap-southeast-1.pooler.supabase.com:5432/postgres
[I 2026-03-19 22:03:51,590] A new study created in memory with name: no-name-e3f164cd-2266-4dd1-a251-2333bdfec153
✅ Đã kết nối thành công tới PostgreSQL.
  0%|          | 0/50 [00:00<?, ?it/s]D:\Python\realtime_estimate_tracker\venv_bds\lib\site-packages\xgboost\training.py:200: UserWarning: [22:03:52] WARNING: C:\actions-runner\_work\xgboost\xgboost\src\learner.cc:782: 
Parameters: { "devices", "task_type" } are not used.

  bst.update(dtrain, iteration=i, fobj=obj)
                                        0%|          | 0/50 [00:02<?, ?it/s]Best trial: 0. Best value: 1.99757:   0%|          | 0/50 [00:02<?, ?it/s]Best trial: 0. Best value: 1.99757:   2%|▏         | 1/50 [00:02<01:39,  2.04s/it]D:\Python\realtime_estimate_tracker\venv_bds\lib\site-packages\xgboost\training.py:200: UserWarning: [22:03:53] WARNING: C:\actions-runner\_work\xgboost\xgboost\src\learner.cc:782: 
Parameters: { "devices", "task_type" } are not used.

  bst.update(dtrain, iteration=i, fobj=obj)
                                                                                  Best trial: 0. Best value: 1.99757:   2%|▏         | 1/50 [00:05<01:39,  2.04s/it]Best trial: 1. Best value: 1.97806:   2%|▏         | 1/50 [00:05<01:39,  2.04s/it]Best trial: 1. Best value: 1.97806:   4%|▍         | 2/50 [00:05<02:26,  3.06s/it]D:\Python\realtime_estimate_tracker\venv_bds\lib\site-packages\xgboost\training.py:200: UserWarning: [22:03:57] WARNING: C:\actions-runner\_work\xgboost\xgboost\src\learner.cc:782: 
Parameters: { "devices", "task_type" } are not used.

  bst.update(dtrain, iteration=i, fobj=obj)
                                                                                  Best trial: 1. Best value: 1.97806:   4%|▍         | 2/50 [00:08<02:26,  3.06s/it]Best trial: 1. Best value: 1.97806:   4%|▍         | 2/50 [00:08<02:26,  3.06s/it]Best trial: 1. Best value: 1.97806:   6%|▌         | 3/50 [00:08<02:05,  2.67s/it]D:\Python\realtime_estimate_tracker\venv_bds\lib\site-packages\xgboost\training.py:200: UserWarning: [22:03:59] WARNING: C:\actions-runner\_work\xgboost\xgboost\src\learner.cc:782: 
Parameters: { "devices", "task_type" } are not used.

  bst.update(dtrain, iteration=i, fobj=obj)
                                                                                  Best trial: 1. Best value: 1.97806:   6%|▌         | 3/50 [00:09<02:05,  2.67s/it]Best trial: 1. Best value: 1.97806:   6%|▌         | 3/50 [00:09<02:05,  2.67s/it]Best trial: 1. Best value: 1.97806:   8%|▊         | 4/50 [00:09<01:47,  2.34s/it]D:\Python\realtime_estimate_tracker\venv_bds\lib\site-packages\xgboost\training.py:200: UserWarning: [22:04:01] WARNING: C:\actions-runner\_work\xgboost\xgboost\src\learner.cc:782: 
Parameters: { "devices", "task_type" } are not used.

  bst.update(dtrain, iteration=i, fobj=obj)
                                                                                  Best trial: 1. Best value: 1.97806:   8%|▊         | 4/50 [00:12<01:47,  2.34s/it]Best trial: 4. Best value: 1.93634:   8%|▊         | 4/50 [00:12<01:47,  2.34s/it]Best trial: 4. Best value: 1.93634:  10%|█         | 5/50 [00:12<01:42,  2.28s/it]D:\Python\realtime_estimate_tracker\venv_bds\lib\site-packages\xgboost\training.py:200: UserWarning: [22:04:03] WARNING: C:\actions-runner\_work\xgboost\xgboost\src\learner.cc:782: 
Parameters: { "devices", "task_type" } are not used.

  bst.update(dtrain, iteration=i, fobj=obj)
                                                                                  Best trial: 4. Best value: 1.93634:  10%|█         | 5/50 [00:17<01:42,  2.28s/it]Best trial: 5. Best value: 1.90589:  10%|█         | 5/50 [00:17<01:42,  2.28s/it]Best trial: 5. Best value: 1.90589:  12%|█▏        | 6/50 [00:17<02:23,  3.26s/it]D:\Python\realtime_estimate_tracker\venv_bds\lib\site-packages\xgboost\training.py:200: UserWarning: [22:04:08] WARNING: C:\actions-runner\_work\xgboost\xgboost\src\learner.cc:782: 
Parameters: { "devices", "task_type" } are not used.

  bst.update(dtrain, iteration=i, fobj=obj)
                                                                                  Best trial: 5. Best value: 1.90589:  12%|█▏        | 6/50 [00:22<02:23,  3.26s/it]Best trial: 5. Best value: 1.90589:  12%|█▏        | 6/50 [00:22<02:23,  3.26s/it]Best trial: 5. Best value: 1.90589:  14%|█▍        | 7/50 [00:22<02:50,  3.98s/it]D:\Python\realtime_estimate_tracker\venv_bds\lib\site-packages\xgboost\training.py:200: UserWarning: [22:04:14] WARNING: C:\actions-runner\_work\xgboost\xgboost\src\learner.cc:782: 
Parameters: { "devices", "task_type" } are not used.

  bst.update(dtrain, iteration=i, fobj=obj)
                                                                                  Best trial: 5. Best value: 1.90589:  14%|█▍        | 7/50 [00:24<02:50,  3.98s/it]Best trial: 5. Best value: 1.90589:  14%|█▍        | 7/50 [00:24<02:50,  3.98s/it]Best trial: 5. Best value: 1.90589:  16%|█▌        | 8/50 [00:24<02:24,  3.44s/it]D:\Python\realtime_estimate_tracker\venv_bds\lib\site-packages\xgboost\training.py:200: UserWarning: [22:04:16] WARNING: C:\actions-runner\_work\xgboost\xgboost\src\learner.cc:782: 
Parameters: { "devices", "task_type" } are not used.

  bst.update(dtrain, iteration=i, fobj=obj)
                                                                                  Best trial: 5. Best value: 1.90589:  16%|█▌        | 8/50 [00:28<02:24,  3.44s/it]Best trial: 5. Best value: 1.90589:  16%|█▌        | 8/50 [00:28<02:24,  3.44s/it]Best trial: 5. Best value: 1.90589:  18%|█▊        | 9/50 [00:28<02:23,  3.50s/it]D:\Python\realtime_estimate_tracker\venv_bds\lib\site-packages\xgboost\training.py:200: UserWarning: [22:04:20] WARNING: C:\actions-runner\_work\xgboost\xgboost\src\learner.cc:782: 
Parameters: { "devices", "task_type" } are not used.

  bst.update(dtrain, iteration=i, fobj=obj)
                                                                                  Best trial: 5. Best value: 1.90589:  18%|█▊        | 9/50 [00:32<02:23,  3.50s/it]Best trial: 5. Best value: 1.90589:  18%|█▊        | 9/50 [00:32<02:23,  3.50s/it]Best trial: 5. Best value: 1.90589:  20%|██        | 10/50 [00:32<02:27,  3.68s/it]D:\Python\realtime_estimate_tracker\venv_bds\lib\site-packages\xgboost\training.py:200: UserWarning: [22:04:24] WARNING: C:\actions-runner\_work\xgboost\xgboost\src\learner.cc:782: 
Parameters: { "devices", "task_type" } are not used.

  bst.update(dtrain, iteration=i, fobj=obj)
                                                                                   Best trial: 5. Best value: 1.90589:  20%|██        | 10/50 [00:36<02:27,  3.68s/it]Best trial: 5. Best value: 1.90589:  20%|██        | 10/50 [00:36<02:27,  3.68s/it]Best trial: 5. Best value: 1.90589:  22%|██▏       | 11/50 [00:36<02:26,  3.74s/it]D:\Python\realtime_estimate_tracker\venv_bds\lib\site-packages\xgboost\training.py:200: UserWarning: [22:04:28] WARNING: C:\actions-runner\_work\xgboost\xgboost\src\learner.cc:782: 
Parameters: { "devices", "task_type" } are not used.

  bst.update(dtrain, iteration=i, fobj=obj)
                                                                                   Best trial: 5. Best value: 1.90589:  22%|██▏       | 11/50 [00:39<02:26,  3.74s/it]Best trial: 11. Best value: 1.89509:  22%|██▏       | 11/50 [00:39<02:26,  3.74s/it]Best trial: 11. Best value: 1.89509:  24%|██▍       | 12/50 [00:39<02:14,  3.55s/it]D:\Python\realtime_estimate_tracker\venv_bds\lib\site-packages\xgboost\training.py:200: UserWarning: [22:04:31] WARNING: C:\actions-runner\_work\xgboost\xgboost\src\learner.cc:782: 
Parameters: { "devices", "task_type" } are not used.

  bst.update(dtrain, iteration=i, fobj=obj)
                                                                                    Best trial: 11. Best value: 1.89509:  24%|██▍       | 12/50 [00:43<02:14,  3.55s/it]Best trial: 12. Best value: 1.88156:  24%|██▍       | 12/50 [00:43<02:14,  3.55s/it]Best trial: 12. Best value: 1.88156:  26%|██▌       | 13/50 [00:43<02:16,  3.70s/it]D:\Python\realtime_estimate_tracker\venv_bds\lib\site-packages\xgboost\training.py:200: UserWarning: [22:04:35] WARNING: C:\actions-runner\_work\xgboost\xgboost\src\learner.cc:782: 
Parameters: { "devices", "task_type" } are not used.

  bst.update(dtrain, iteration=i, fobj=obj)
                                                                                    Best trial: 12. Best value: 1.88156:  26%|██▌       | 13/50 [00:47<02:16,  3.70s/it]Best trial: 13. Best value: 1.87859:  26%|██▌       | 13/50 [00:47<02:16,  3.70s/it]Best trial: 13. Best value: 1.87859:  28%|██▊       | 14/50 [00:47<02:14,  3.75s/it]D:\Python\realtime_estimate_tracker\venv_bds\lib\site-packages\xgboost\training.py:200: UserWarning: [22:04:39] WARNING: C:\actions-runner\_work\xgboost\xgboost\src\learner.cc:782: 
Parameters: { "devices", "task_type" } are not used.

  bst.update(dtrain, iteration=i, fobj=obj)
                                                                                    Best trial: 13. Best value: 1.87859:  28%|██▊       | 14/50 [00:51<02:14,  3.75s/it]Best trial: 14. Best value: 1.86258:  28%|██▊       | 14/50 [00:51<02:14,  3.75s/it]Best trial: 14. Best value: 1.86258:  30%|███       | 15/50 [00:51<02:09,  3.70s/it]D:\Python\realtime_estimate_tracker\venv_bds\lib\site-packages\xgboost\training.py:200: UserWarning: [22:04:42] WARNING: C:\actions-runner\_work\xgboost\xgboost\src\learner.cc:782: 
Parameters: { "devices", "task_type" } are not used.

  bst.update(dtrain, iteration=i, fobj=obj)
                                                                                    Best trial: 14. Best value: 1.86258:  30%|███       | 15/50 [00:53<02:09,  3.70s/it]Best trial: 14. Best value: 1.86258:  30%|███       | 15/50 [00:53<02:09,  3.70s/it]Best trial: 14. Best value: 1.86258:  32%|███▏      | 16/50 [00:53<01:55,  3.41s/it]D:\Python\realtime_estimate_tracker\venv_bds\lib\site-packages\xgboost\training.py:200: UserWarning: [22:04:45] WARNING: C:\actions-runner\_work\xgboost\xgboost\src\learner.cc:782: 
Parameters: { "devices", "task_type" } are not used.

  bst.update(dtrain, iteration=i, fobj=obj)
                                                                                    Best trial: 14. Best value: 1.86258:  32%|███▏      | 16/50 [00:57<01:55,  3.41s/it]Best trial: 14. Best value: 1.86258:  32%|███▏      | 16/50 [00:57<01:55,  3.41s/it]Best trial: 14. Best value: 1.86258:  34%|███▍      | 17/50 [00:57<01:59,  3.61s/it]D:\Python\realtime_estimate_tracker\venv_bds\lib\site-packages\xgboost\training.py:200: UserWarning: [22:04:49] WARNING: C:\actions-runner\_work\xgboost\xgboost\src\learner.cc:782: 
Parameters: { "devices", "task_type" } are not used.

  bst.update(dtrain, iteration=i, fobj=obj)
                                                                                    Best trial: 14. Best value: 1.86258:  34%|███▍      | 17/50 [01:00<01:59,  3.61s/it]Best trial: 14. Best value: 1.86258:  34%|███▍      | 17/50 [01:00<01:59,  3.61s/it]Best trial: 14. Best value: 1.86258:  36%|███▌      | 18/50 [01:00<01:41,  3.17s/it]D:\Python\realtime_estimate_tracker\venv_bds\lib\site-packages\xgboost\training.py:200: UserWarning: [22:04:51] WARNING: C:\actions-runner\_work\xgboost\xgboost\src\learner.cc:782: 
Parameters: { "devices", "task_type" } are not used.

  bst.update(dtrain, iteration=i, fobj=obj)
                                                                                    Best trial: 14. Best value: 1.86258:  36%|███▌      | 18/50 [01:03<01:41,  3.17s/it]Best trial: 14. Best value: 1.86258:  36%|███▌      | 18/50 [01:03<01:41,  3.17s/it]Best trial: 14. Best value: 1.86258:  38%|███▊      | 19/50 [01:03<01:41,  3.26s/it]D:\Python\realtime_estimate_tracker\venv_bds\lib\site-packages\xgboost\training.py:200: UserWarning: [22:04:55] WARNING: C:\actions-runner\_work\xgboost\xgboost\src\learner.cc:782: 
Parameters: { "devices", "task_type" } are not used.

  bst.update(dtrain, iteration=i, fobj=obj)
                                                                                    Best trial: 14. Best value: 1.86258:  38%|███▊      | 19/50 [01:06<01:41,  3.26s/it]Best trial: 14. Best value: 1.86258:  38%|███▊      | 19/50 [01:06<01:41,  3.26s/it]Best trial: 14. Best value: 1.86258:  40%|████      | 20/50 [01:06<01:33,  3.11s/it]D:\Python\realtime_estimate_tracker\venv_bds\lib\site-packages\xgboost\training.py:200: UserWarning: [22:04:57] WARNING: C:\actions-runner\_work\xgboost\xgboost\src\learner.cc:782: 
Parameters: { "devices", "task_type" } are not used.

  bst.update(dtrain, iteration=i, fobj=obj)
                                                                                    Best trial: 14. Best value: 1.86258:  40%|████      | 20/50 [01:10<01:33,  3.11s/it]Best trial: 14. Best value: 1.86258:  40%|████      | 20/50 [01:10<01:33,  3.11s/it]Best trial: 14. Best value: 1.86258:  42%|████▏     | 21/50 [01:10<01:41,  3.49s/it]D:\Python\realtime_estimate_tracker\venv_bds\lib\site-packages\xgboost\training.py:200: UserWarning: [22:05:02] WARNING: C:\actions-runner\_work\xgboost\xgboost\src\learner.cc:782: 
Parameters: { "devices", "task_type" } are not used.

  bst.update(dtrain, iteration=i, fobj=obj)
                                                                                    Best trial: 14. Best value: 1.86258:  42%|████▏     | 21/50 [01:14<01:41,  3.49s/it]Best trial: 14. Best value: 1.86258:  42%|████▏     | 21/50 [01:14<01:41,  3.49s/it]Best trial: 14. Best value: 1.86258:  44%|████▍     | 22/50 [01:14<01:41,  3.62s/it]D:\Python\realtime_estimate_tracker\venv_bds\lib\site-packages\xgboost\training.py:200: UserWarning: [22:05:06] WARNING: C:\actions-runner\_work\xgboost\xgboost\src\learner.cc:782: 
Parameters: { "devices", "task_type" } are not used.

  bst.update(dtrain, iteration=i, fobj=obj)
                                                                                    Best trial: 14. Best value: 1.86258:  44%|████▍     | 22/50 [01:18<01:41,  3.62s/it]Best trial: 14. Best value: 1.86258:  44%|████▍     | 22/50 [01:18<01:41,  3.62s/it]Best trial: 14. Best value: 1.86258:  46%|████▌     | 23/50 [01:18<01:36,  3.58s/it]D:\Python\realtime_estimate_tracker\venv_bds\lib\site-packages\xgboost\training.py:200: UserWarning: [22:05:09] WARNING: C:\actions-runner\_work\xgboost\xgboost\src\learner.cc:782: 
Parameters: { "devices", "task_type" } are not used.

  bst.update(dtrain, iteration=i, fobj=obj)
                                                                                    Best trial: 14. Best value: 1.86258:  46%|████▌     | 23/50 [01:22<01:36,  3.58s/it]Best trial: 14. Best value: 1.86258:  46%|████▌     | 23/50 [01:22<01:36,  3.58s/it]Best trial: 14. Best value: 1.86258:  48%|████▊     | 24/50 [01:22<01:39,  3.82s/it]D:\Python\realtime_estimate_tracker\venv_bds\lib\site-packages\xgboost\training.py:200: UserWarning: [22:05:14] WARNING: C:\actions-runner\_work\xgboost\xgboost\src\learner.cc:782: 
Parameters: { "devices", "task_type" } are not used.

  bst.update(dtrain, iteration=i, fobj=obj)
                                                                                    Best trial: 14. Best value: 1.86258:  48%|████▊     | 24/50 [01:26<01:39,  3.82s/it]Best trial: 14. Best value: 1.86258:  48%|████▊     | 24/50 [01:26<01:39,  3.82s/it]Best trial: 14. Best value: 1.86258:  50%|█████     | 25/50 [01:26<01:35,  3.80s/it]D:\Python\realtime_estimate_tracker\venv_bds\lib\site-packages\xgboost\training.py:200: UserWarning: [22:05:17] WARNING: C:\actions-runner\_work\xgboost\xgboost\src\learner.cc:782: 
Parameters: { "devices", "task_type" } are not used.

  bst.update(dtrain, iteration=i, fobj=obj)
                                                                                    Best trial: 14. Best value: 1.86258:  50%|█████     | 25/50 [01:27<01:35,  3.80s/it]Best trial: 14. Best value: 1.86258:  50%|█████     | 25/50 [01:27<01:35,  3.80s/it]Best trial: 14. Best value: 1.86258:  52%|█████▏    | 26/50 [01:27<01:15,  3.13s/it]D:\Python\realtime_estimate_tracker\venv_bds\lib\site-packages\xgboost\training.py:200: UserWarning: [22:05:19] WARNING: C:\actions-runner\_work\xgboost\xgboost\src\learner.cc:782: 
Parameters: { "devices", "task_type" } are not used.

  bst.update(dtrain, iteration=i, fobj=obj)
                                                                                    Best trial: 14. Best value: 1.86258:  52%|█████▏    | 26/50 [01:30<01:15,  3.13s/it]Best trial: 14. Best value: 1.86258:  52%|█████▏    | 26/50 [01:30<01:15,  3.13s/it]Best trial: 14. Best value: 1.86258:  54%|█████▍    | 27/50 [01:30<01:09,  3.01s/it]D:\Python\realtime_estimate_tracker\venv_bds\lib\site-packages\xgboost\training.py:200: UserWarning: [22:05:22] WARNING: C:\actions-runner\_work\xgboost\xgboost\src\learner.cc:782: 
Parameters: { "devices", "task_type" } are not used.

  bst.update(dtrain, iteration=i, fobj=obj)
                                                                                    Best trial: 14. Best value: 1.86258:  54%|█████▍    | 27/50 [01:34<01:09,  3.01s/it]Best trial: 14. Best value: 1.86258:  54%|█████▍    | 27/50 [01:34<01:09,  3.01s/it]Best trial: 14. Best value: 1.86258:  56%|█████▌    | 28/50 [01:34<01:15,  3.41s/it]D:\Python\realtime_estimate_tracker\venv_bds\lib\site-packages\xgboost\training.py:200: UserWarning: [22:05:26] WARNING: C:\actions-runner\_work\xgboost\xgboost\src\learner.cc:782: 
Parameters: { "devices", "task_type" } are not used.

  bst.