[I 2026-04-11 22:06:33,316] Trial 49 finished with value: 1.8066978062857777 and parameters: {'n_estimators': 427, 'learning_rate': 0.03248430850560017, 'max_depth': 13, 'subsample': 0.6165049210873611, 'colsample_bytree': 0.9769359887613089, 'min_child_weight': 2}. Best is trial 33 with value: 1.7533609032279613.
✅ Tham số tối ưu nhất từ Optuna: {'n_estimators': 480, 'learning_rate': 0.04503425713493793, 'max_depth': 14, 'subsample': 0.6298297486778178, 'colsample_bytree': 0.9073642556870307, 'min_child_weight': 1}
MAE của mô hình XGBoost: 1.8043
R² của mô hình XGBoost: 0.9247
🥊 Đang so sánh... Champion MAE: 1.6245 vs Challenger MAE: 1.8043
🛡️ Champion bảo vệ ngôi vương. Giữ nguyên mô hình cũ.
[Sat 04/11/2026 22:06:37.65] [4/4] Dang dong bo AI Model (qua LFS) len GitHub... 
[main cae354e] Auto-update AI Model: Sat 04/11/2026 22:06:40.66
 2 files changed, 321 insertions(+)
remote: This repository moved. Please use the new location:        
remote:   https://github.com/HieuNT316/hanoi-house-price-prediction.git        
To https://github.com/Alexus143/hanoi-house-price-prediction.git
   37a283d..cae354e  main -> main
========================================= 
[Sun 04/12/2026 22:00:03.20] [1/4] Dang cao chi tiet BĐS... 
🔍 Đang cấu hình Database với: postgres.kkwivuufxdewurmxtsto@aws-1-ap-southeast-1.pooler.supabase.com:5432/postgres

[DetailSpider] Khởi động luồng làm giàu dữ liệu (Limit: 50 bài/lượt)...
✅ Đã kết nối thành công tới PostgreSQL.
[Browser] Đang khởi tạo trình duyệt...
[Browser] Phát hiện Chrome (Windows): Version 139

[DetailSpider] Đang cào (1/5): https://batdongsan.com.vn/ban-nha-biet-thu-lien-ke-duong-le-trong-tan-phuong-phu-la-khu-do-thi-moi-van-phu/tong-hop-qui-can-ban-ban-ha-ong-gia-re-tu-20-ty-pr45531652
  -> Lấy được 4/6 feature chi tiết.

[DetailSpider] Đang cào (2/5): https://batdongsan.com.vn/ban-can-ho-chung-cu-duong-mo-lao-phuong-mo-lao-mulberry-lane/duplex-sieu-pham-180m-4pn-2-slot-o-to-vinh-vien-noi-that-2-ty-ang-cap-gio-pr45529071
  -> Lấy được 2/6 feature chi tiết.

[DetailSpider] Đang cào (3/5): https://batdongsan.com.vn/ban-can-ho-chung-cu-duong-tran-phu-phuong-van-quan-grand-sunlake/ban-gap-goc-3pn-96m2-gia-tot-nhat-thi-truong-pr45180932
  -> Lấy được 2/6 feature chi tiết.

[DetailSpider] Đang cào (4/5): https://batdongsan.com.vn/ban-can-ho-chung-cu-phuong-yen-nghia-1/chinh-chu-ban-gap-80m-2-phong-ngu-2-ve-sinh-tai-bo-tu-lenh-ct4-nghia-pr45530368
  -> Lấy được 0/6 feature chi tiết.

[DetailSpider] Đang cào (5/5): https://batdongsan.com.vn/ban-can-ho-chung-cu-duong-tran-phu-phuong-van-quan-grand-sunlake/ban-92m2-view-gia-5-ty-pr45485276
  -> Lấy được 3/6 feature chi tiết.

[DetailSpider] Hoàn thành. Cập nhật thành công 5/5 bài đăng.
[Sun 04/12/2026 22:04:42.23] [2/4] Dang clean du lieu... 
🔍 Đang cấu hình Database với: postgres.kkwivuufxdewurmxtsto@aws-1-ap-southeast-1.pooler.supabase.com:5432/postgres
✅ Đã kết nối thành công tới PostgreSQL.
🔄 Upsert thành công 5708 bản ghi vào 'bds_hadong'.
✅ Đã cập nhật cột legal_status và furniture thành công.
[Sun 04/12/2026 22:06:26.74] [3/4] Dang huan luyen AI tren du lieu moi... 
🔍 Đang cấu hình Database với: postgres.kkwivuufxdewurmxtsto@aws-1-ap-southeast-1.pooler.supabase.com:5432/postgres
[I 2026-04-12 22:08:00,917] A new study created in memory with name: no-name-a74821aa-6ac0-4bf8-82b2-7d54f21ba2cb
✅ Đã kết nối thành công tới PostgreSQL.
  0%|          | 0/50 [00:00<?, ?it/s]D:\Python\realtime_estimate_tracker\venv_bds\lib\site-packages\xgboost\training.py:200: UserWarning: [22:08:01] WARNING: C:\actions-runner\_work\xgboost\xgboost\src\learner.cc:782: 
Parameters: { "devices", "task_type" } are not used.

  bst.update(dtrain, iteration=i, fobj=obj)
                                        0%|          | 0/50 [00:06<?, ?it/s]Best trial: 0. Best value: 1.84617:   0%|          | 0/50 [00:06<?, ?it/s]Best trial: 0. Best value: 1.84617:   2%|▏         | 1/50 [00:06<05:10,  6.33s/it]D:\Python\realtime_estimate_tracker\venv_bds\lib\site-packages\xgboost\training.py:200: UserWarning: [22:08:07] WARNING: C:\actions-runner\_work\xgboost\xgboost\src\learner.cc:782: 
Parameters: { "devices", "task_type" } are not used.

  bst.update(dtrain, iteration=i, fobj=obj)
                                                                                  Best trial: 0. Best value: 1.84617:   2%|▏         | 1/50 [00:10<05:10,  6.33s/it]Best trial: 0. Best value: 1.84617:   2%|▏         | 1/50 [00:10<05:10,  6.33s/it]Best trial: 0. Best value: 1.84617:   4%|▍         | 2/50 [00:10<03:54,  4.88s/it]D:\Python\realtime_estimate_tracker\venv_bds\lib\site-packages\xgboost\training.py:200: UserWarning: [22:08:11] WARNING: C:\actions-runner\_work\xgboost\xgboost\src\learner.cc:782: 
Parameters: { "devices", "task_type" } are not used.

  bst.update(dtrain, iteration=i, fobj=obj)
                                                                                  Best trial: 0. Best value: 1.84617:   4%|▍         | 2/50 [00:12<03:54,  4.88s/it]Best trial: 0. Best value: 1.84617:   4%|▍         | 2/50 [00:12<03:54,  4.88s/it]Best trial: 0. Best value: 1.84617:   6%|▌         | 3/50 [00:12<02:56,  3.76s/it]D:\Python\realtime_estimate_tracker\venv_bds\lib\site-packages\xgboost\training.py:200: UserWarning: [22:08:13] WARNING: C:\actions-runner\_work\xgboost\xgboost\src\learner.cc:782: 
Parameters: { "devices", "task_type" } are not used.

  bst.update(dtrain, iteration=i, fobj=obj)
                                                                                  Best trial: 0. Best value: 1.84617:   6%|▌         | 3/50 [00:14<02:56,  3.76s/it]Best trial: 0. Best value: 1.84617:   6%|▌         | 3/50 [00:14<02:56,  3.76s/it]Best trial: 0. Best value: 1.84617:   8%|▊         | 4/50 [00:14<02:26,  3.19s/it]D:\Python\realtime_estimate_tracker\venv_bds\lib\site-packages\xgboost\training.py:200: UserWarning: [22:08:15] WARNING: C:\actions-runner\_work\xgboost\xgboost\src\learner.cc:782: 
Parameters: { "devices", "task_type" } are not used.

  bst.update(dtrain, iteration=i, fobj=obj)
                                                                                  Best trial: 0. Best value: 1.84617:   8%|▊         | 4/50 [00:16<02:26,  3.19s/it]Best trial: 0. Best value: 1.84617:   8%|▊         | 4/50 [00:16<02:26,  3.19s/it]Best trial: 0. Best value: 1.84617:  10%|█         | 5/50 [00:16<01:51,  2.47s/it]D:\Python\realtime_estimate_tracker\venv_bds\lib\site-packages\xgboost\training.py:200: UserWarning: [22:08:17] WARNING: C:\actions-runner\_work\xgboost\xgboost\src\learner.cc:782: 
Parameters: { "devices", "task_type" } are not used.

  bst.update(dtrain, iteration=i, fobj=obj)
                                                                                  Best trial: 0. Best value: 1.84617:  10%|█         | 5/50 [00:25<01:51,  2.47s/it]Best trial: 0. Best value: 1.84617:  10%|█         | 5/50 [00:25<01:51,  2.47s/it]Best trial: 0. Best value: 1.84617:  12%|█▏        | 6/50 [00:25<03:25,  4.68s/it]D:\Python\realtime_estimate_tracker\venv_bds\lib\site-packages\xgboost\training.py:200: UserWarning: [22:08:26] WARNING: C:\actions-runner\_work\xgboost\xgboost\src\learner.cc:782: 
Parameters: { "devices", "task_type" } are not used.

  bst.update(dtrain, iteration=i, fobj=obj)
                                                                                  Best trial: 0. Best value: 1.84617:  12%|█▏        | 6/50 [00:29<03:25,  4.68s/it]Best trial: 0. Best value: 1.84617:  12%|█▏        | 6/50 [00:29<03:25,  4.68s/it]Best trial: 0. Best value: 1.84617:  14%|█▍        | 7/50 [00:29<03:13,  4.49s/it]D:\Python\realtime_estimate_tracker\venv_bds\lib\site-packages\xgboost\training.py:200: UserWarning: [22:08:30] WARNING: C:\actions-runner\_work\xgboost\xgboost\src\learner.cc:782: 
Parameters: { "devices", "task_type" } are not used.

  bst.update(dtrain, iteration=i, fobj=obj)
                                                                                  Best trial: 0. Best value: 1.84617:  14%|█▍        | 7/50 [00:33<03:13,  4.49s/it]Best trial: 0. Best value: 1.84617:  14%|█▍        | 7/50 [00:33<03:13,  4.49s/it]Best trial: 0. Best value: 1.84617:  16%|█▌        | 8/50 [00:33<03:11,  4.57s/it]D:\Python\realtime_estimate_tracker\venv_bds\lib\site-packages\xgboost\training.py:200: UserWarning: [22:08:34] WARNING: C:\actions-runner\_work\xgboost\xgboost\src\learner.cc:782: 
Parameters: { "devices", "task_type" } are not used.

  bst.update(dtrain, iteration=i, fobj=obj)
                                                                                  Best trial: 0. Best value: 1.84617:  16%|█▌        | 8/50 [00:38<03:11,  4.57s/it]Best trial: 0. Best value: 1.84617:  16%|█▌        | 8/50 [00:38<03:11,  4.57s/it]Best trial: 0. Best value: 1.84617:  18%|█▊        | 9/50 [00:38<03:01,  4.43s/it]D:\Python\realtime_estimate_tracker\venv_bds\lib\site-packages\xgboost\training.py:200: UserWarning: [22:08:39] WARNING: C:\actions-runner\_work\xgboost\xgboost\src\learner.cc:782: 
Parameters: { "devices", "task_type" } are not used.

  bst.update(dtrain, iteration=i, fobj=obj)
                                                                                  Best trial: 0. Best value: 1.84617:  18%|█▊        | 9/50 [00:40<03:01,  4.43s/it]Best trial: 0. Best value: 1.84617:  18%|█▊        | 9/50 [00:40<03:01,  4.43s/it]Best trial: 0. Best value: 1.84617:  20%|██        | 10/50 [00:40<02:29,  3.73s/it]D:\Python\realtime_estimate_tracker\venv_bds\lib\site-packages\xgboost\training.py:200: UserWarning: [22:08:41] WARNING: C:\actions-runner\_work\xgboost\xgboost\src\learner.cc:782: 
Parameters: { "devices", "task_type" } are not used.

  bst.update(dtrain, iteration=i, fobj=obj)
                                                                                   Best trial: 0. Best value: 1.84617:  20%|██        | 10/50 [00:43<02:29,  3.73s/it]Best trial: 0. Best value: 1.84617:  20%|██        | 10/50 [00:43<02:29,  3.73s/it]Best trial: 0. Best value: 1.84617:  22%|██▏       | 11/50 [00:43<02:15,  3.47s/it]D:\Python\realtime_estimate_tracker\venv_bds\lib\site-packages\xgboost\training.py:200: UserWarning: [22:08:44] WARNING: C:\actions-runner\_work\xgboost\xgboost\src\learner.cc:782: 
Parameters: { "devices", "task_type" } are not used.

  bst.update(dtrain, iteration=i, fobj=obj)
                                                                                   Best trial: 0. Best value: 1.84617:  22%|██▏       | 11/50 [00:47<02:15,  3.47s/it]Best trial: 0. Best value: 1.84617:  22%|██▏       | 11/50 [00:47<02:15,  3.47s/it]Best trial: 0. Best value: 1.84617:  24%|██▍       | 12/50 [00:47<02:24,  3.80s/it]D:\Python\realtime_estimate_tracker\venv_bds\lib\site-packages\xgboost\training.py:200: UserWarning: [22:08:48] WARNING: C:\actions-runner\_work\xgboost\xgboost\src\learner.cc:782: 
Parameters: { "devices", "task_type" } are not used.

  bst.update(dtrain, iteration=i, fobj=obj)
                                                                                   Best trial: 0. Best value: 1.84617:  24%|██▍       | 12/50 [00:55<02:24,  3.80s/it]Best trial: 12. Best value: 1.80295:  24%|██▍       | 12/50 [00:55<02:24,  3.80s/it]Best trial: 12. Best value: 1.80295:  26%|██▌       | 13/50 [00:55<03:08,  5.09s/it]D:\Python\realtime_estimate_tracker\venv_bds\lib\site-packages\xgboost\training.py:200: UserWarning: [22:08:56] WARNING: C:\actions-runner\_work\xgboost\xgboost\src\learner.cc:782: 
Parameters: { "devices", "task_type" } are not used.

  bst.update(dtrain, iteration=i, fobj=obj)
                                                                                    Best trial: 12. Best value: 1.80295:  26%|██▌       | 13/50 [01:02<03:08,  5.09s/it]Best trial: 13. Best value: 1.79302:  26%|██▌       | 13/50 [01:02<03:08,  5.09s/it]Best trial: 13. Best value: 1.79302:  28%|██▊       | 14/50 [01:02<03:22,  5.63s/it]D:\Python\realtime_estimate_tracker\venv_bds\lib\site-packages\xgboost\training.py:200: UserWarning: [22:09:03] WARNING: C:\actions-runner\_work\xgboost\xgboost\src\learner.cc:782: 
Parameters: { "devices", "task_type" } are not used.

  bst.update(dtrain, iteration=i, fobj=obj)
                                                                                    Best trial: 13. Best value: 1.79302:  28%|██▊       | 14/50 [01:09<03:22,  5.63s/it]Best trial: 13. Best value: 1.79302:  28%|██▊       | 14/50 [01:09<03:22,  5.63s/it]Best trial: 13. Best value: 1.79302:  30%|███       | 15/50 [01:09<03:26,  5.91s/it]D:\Python\realtime_estimate_tracker\venv_bds\lib\site-packages\xgboost\training.py:200: UserWarning: [22:09:10] WARNING: C:\actions-runner\_work\xgboost\xgboost\src\learner.cc:782: 
Parameters: { "devices", "task_type" } are not used.

  bst.update(dtrain, iteration=i, fobj=obj)
                                                                                    Best trial: 13. Best value: 1.79302:  30%|███       | 15/50 [01:16<03:26,  5.91s/it]Best trial: 13. Best value: 1.79302:  30%|███       | 15/50 [01:16<03:26,  5.91s/it]Best trial: 13. Best value: 1.79302:  32%|███▏      | 16/50 [01:16<03:35,  6.34s/it]D:\Python\realtime_estimate_tracker\venv_bds\lib\site-packages\xgboost\training.py:200: UserWarning: [22:09:17] WARNING: C:\actions-runner\_work\xgboost\xgboost\src\learner.cc:782: 
Parameters: { "devices", "task_type" } are not used.

  bst.update(dtrain, iteration=i, fobj=obj)
                                                                                    Best trial: 13. Best value: 1.79302:  32%|███▏      | 16/50 [01:21<03:35,  6.34s/it]Best trial: 13. Best value: 1.79302:  32%|███▏      | 16/50 [01:21<03:35,  6.34s/it]Best trial: 13. Best value: 1.79302:  34%|███▍      | 17/50 [01:21<03:12,  5.82s/it]D:\Python\realtime_estimate_tracker\venv_bds\lib\site-packages\xgboost\training.py:200: UserWarning: [22:09:22] WARNING: C:\actions-runner\_work\xgboost\xgboost\src\learner.cc:782: 
Parameters: { "devices", "task_type" } are not used.

  bst.update(dtrain, iteration=i, fobj=obj)
                                                                                    Best trial: 13. Best value: 1.79302:  34%|███▍      | 17/50 [01:26<03:12,  5.82s/it]Best trial: 13. Best value: 1.79302:  34%|███▍      | 17/50 [01:26<03:12,  5.82s/it]Best trial: 13. Best value: 1.79302:  36%|███▌      | 18/50 [01:26<03:05,  5.78s/it]D:\Python\realtime_estimate_tracker\venv_bds\lib\site-packages\xgboost\training.py:200: UserWarning: [22:09:27] WARNING: C:\actions-runner\_work\xgboost\xgboost\src\learner.cc:782: 
Parameters: { "devices", "task_type" } are not used.

  bst.update(dtrain, iteration=i, fobj=obj)
                                                                                    Best trial: 13. Best value: 1.79302:  36%|███▌      | 18/50 [01:32<03:05,  5.78s/it]Best trial: 13. Best value: 1.79302:  36%|███▌      | 18/50 [01:32<03:05,  5.78s/it]Best trial: 13. Best value: 1.79302:  38%|███▊      | 19/50 [01:32<02:59,  5.78s/it]D:\Python\realtime_estimate_tracker\venv_bds\lib\site-packages\xgboost\training.py:200: UserWarning: [22:09:33] WARNING: C:\actions-runner\_work\xgboost\xgboost\src\learner.cc:782: 
Parameters: { "devices", "task_type" } are not used.

  bst.update(dtrain, iteration=i, fobj=obj)
                                                                                    Best trial: 13. Best value: 1.79302:  38%|███▊      | 19/50 [01:38<02:59,  5.78s/it]Best trial: 13. Best value: 1.79302:  38%|███▊      | 19/50 [01:38<02:59,  5.78s/it]Best trial: 13. Best value: 1.79302:  40%|████      | 20/50 [01:38<02:55,  5.87s/it]D:\Python\realtime_estimate_tracker\venv_bds\lib\site-packages\xgboost\training.py:200: UserWarning: [22:09:39] WARNING: C:\actions-runner\_work\xgboost\xgboost\src\learner.cc:782: 
Parameters: { "devices", "task_type" } are not used.

  bst.update(dtrain, iteration=i, fobj=obj)
                                                                                    Best trial: 13. Best value: 1.79302:  40%|████      | 20/50 [01:47<02:55,  5.87s/it]Best trial: 13. Best value: 1.79302:  40%|████      | 20/50 [01:47<02:55,  5.87s/it]Best trial: 13. Best value: 1.79302:  42%|████▏     | 21/50 [01:47<03:15,  6.74s/it]D:\Python\realtime_estimate_tracker\venv_bds\lib\site-packages\xgboost\training.py:200: UserWarning: [22:09:48] WARNING: C:\actions-runner\_work\xgboost\xgboost\src\learner.cc:782: 
Parameters: { "devices", "task_type" } are not used.

  bst.update(dtrain, iteration=i, fobj=obj)
                                                                                    Best trial: 13. Best value: 1.79302:  42%|████▏     | 21/50 [01:54<03:15,  6.74s/it]Best trial: 13. Best value: 1.79302:  42%|████▏     | 21/50 [01:54<03:15,  6.74s/it]Best trial: 13. Best value: 1.79302:  44%|████▍     | 22/50 [01:54<03:14,  6.95s/it]D:\Python\realtime_estimate_tracker\venv_bds\lib\site-packages\xgboost\training.py:200: UserWarning: [22:09:55] WARNING: C:\actions-runner\_work\xgboost\xgboost\src\learner.cc:782: 
Parameters: { "devices", "task_type" } are not used.

  bst.update(dtrain, iteration=i, fobj=obj)
                                                                                    Best trial: 13. Best value: 1.79302:  44%|████▍     | 22/50 [02:02<03:14,  6.95s/it]Best trial: 13. Best value: 1.79302:  44%|████▍     | 22/50 [02:02<03:14,  6.95s/it]Best trial: 13. Best value: 1.79302:  46%|████▌     | 23/50 [02:02<03:16,  7.29s/it]D:\Python\realtime_estimate_tracker\venv_bds\lib\site-packages\xgboost\training.py:200: UserWarning: [22:10:03] WARNING: C:\actions-runner\_work\xgboost\xgboost\src\learner.cc:782: 
Parameters: { "devices", "task_type" } are not used.

  bst.update(dtrain, iteration=i, fobj=obj)
                                                                                    Best trial: 13. Best value: 1.79302:  46%|████▌     | 23/50 [02:12<03:16,  7.29s/it]Best trial: 23. Best value: 1.78794:  46%|████▌     | 23/50 [02:12<03:16,  7.29s/it]Best trial: 23. Best value: 1.78794:  48%|████▊     | 24/50 [02:12<03:26,  7.95s/it]D:\Python\realtime_estimate_tracker\venv_bds\lib\site-packages\xgboost\training.py:200: UserWarning: [22:10:13] WARNING: C:\actions-runner\_work\xgboost\xgboost\src\learner.cc:782: 
Parameters: { "devices", "task_type" } are not used.

  bst.update(dtrain, iteration=i, fobj=obj)
                                                                                    Best trial: 23. Best value: 1.78794:  48%|████▊     | 24/50 [02:22<03:26,  7.95s/it]Best trial: 23. Best value: 1.78794:  48%|████▊     | 24/50 [02:22<03:26,  7.95s/it]Best trial: 23. Best value: 1.78794:  50%|█████     | 25/50 [02:22<03:35,  8.63s/it]D:\Python\realtime_estimate_tracker\venv_bds\lib\site-packages\xgboost\training.py:200: UserWarning: [22:10:23] WARNING: C:\actions-runner\_work\xgboost\xgboost\src\learner.cc:782: 
Parameters: { "devices", "task_type" } are not used.

  bst.update(dtrain, iteration=i, fobj=obj)
                                                                                    Best trial: 23. Best value: 1.78794:  50%|█████     | 25/50 [02:30<03:35,  8.63s/it]Best trial: 23. Best value: 1.78794:  50%|█████     | 25/50 [02:30<03:35,  8.63s/it]Best trial: 23. Best value: 1.78794:  52%|█████▏    | 26/50 [02:30<03:21,  8.39s/it]D:\Python\realtime_estimate_tracker\venv_bds\lib\site-packages\xgboost\training.py:200: UserWarning: [22:10:31] WARNING: C:\actions-runner\_work\xgboost\xgboost\src\learner.cc:782: 
Parameters: { "devices", "task_type" } are not used.

  bst.update(dtrain, iteration=i, fobj=obj)
                                                                                    Best trial: 23. Best value: 1.78794:  52%|█████▏    | 26/50 [02:36<03:21,  8.39s/it]Best trial: 26. Best value: 1.78116:  52%|█████▏    | 26/50 [02:36<03:21,  8.39s/it]Best trial: 26. Best value: 1.78116:  54%|█████▍    | 27/50 [02:36<02:58,  7.76s/it]D:\Python\realtime_estimate_tracker\venv_bds\lib\site-packages\xgboost\training.py:200: UserWarning: [22:10:37] WARNING: C:\actions-runner\_work\xgboost\xgboost\src\learner.cc:782: 
Parameters: { "devices", "task_type" } are not used.

  bst.update(dtrain, iteration=i, fobj=obj)
                                                                                    Best trial: 26. Best value: 1.78116:  54%|█████▍    | 27/50 [02:42<02:58,  7.76s/it]Best trial: 26. Best value: 1.78116:  54%|█████▍    | 27/50 [02:42<02:58,  7.76s/it]Best trial: 26. Best value: 1.78116:  56%|█████▌    | 28/50 [02:42<02:39,  7.26s/it]D:\Python\realtime_estimate_tracker\venv_bds\lib\site-packages\xgboost\training.py:200: UserWarning: [22:10:43] WARNING: C:\actions-runner\_work\xgboost\xgboost\src\learner.cc:782: 
Parameters: { "devices", "task_type" } are not used.

  bst.update(dtrain, iteration=i, fobj=obj)
                                                                                    Best trial: 26. Best value: 1.78116:  56%|█████▌    | 28/50 [02:45<02:39,  7.26s/it]Best trial: 26. Best value: 1.78116:  56%|█████▌    | 28/50 [02:45<02:39,  7.26s/it]Best trial: 26. Best value: 1.78116:  58%|█████▊    | 29/50 [02:45<02:05,  5.96s/it]D:\Python\realtime_estimate_tracker\venv_bds\lib\site-packages\xgboost\training.py:200: UserWarning: [22:10:46] WARNING: C:\actions-runner\_work\xgboost\xgboost\src\learner.cc:782: 
Parameters: { "devices", "task_type" } are not used.

  bst.update(dtrain, iteration=i, fobj=obj)
                                                                                    Best trial: 26. Best value: 1.78116:  58%|█████▊    | 29/50 [02:50<02:05,  5.96s/it]Best trial: 29. Best value: 1.73578:  58%|█████▊    | 29/50 [02:50<02:05,  5.96s/it]Best trial: 29. Best value: 1.73578:  60%|██████    | 30/50 [02: