[I 2026-03-25 22:08:39,472] Trial 49 finished with value: 1.715112219607732 and parameters: {'n_estimators': 502, 'learning_rate': 0.04358854965933226, 'max_depth': 14, 'subsample': 0.8125948718814068, 'colsample_bytree': 0.8517337862294795, 'min_child_weight': 7}. Best is trial 49 with value: 1.715112219607732.
✅ Tham số tối ưu nhất từ Optuna: {'n_estimators': 502, 'learning_rate': 0.04358854965933226, 'max_depth': 14, 'subsample': 0.8125948718814068, 'colsample_bytree': 0.8517337862294795, 'min_child_weight': 7}
MAE của mô hình XGBoost: 1.7591
R² của mô hình XGBoost: 0.9189
🥊 Đang so sánh... Champion MAE: 1.6245 vs Challenger MAE: 1.7591
🛡️ Champion bảo vệ ngôi vương. Giữ nguyên mô hình cũ.
[Wed 03/25/2026 22:08:42.06] [4/4] Dang dong bo AI Model (qua LFS) len GitHub... 
[main c68fab8] Auto-update AI Model: Wed 03/25/2026 22:08:42.32
 2 files changed, 423 insertions(+)
remote: This repository moved. Please use the new location:        
remote:   https://github.com/HieuNT316/hanoi-house-price-prediction.git        
To https://github.com/Alexus143/hanoi-house-price-prediction.git
   1a0adb3..c68fab8  main -> main
========================================= 
[Thu 03/26/2026 22:00:03.27] [1/4] Dang cao chi tiet BĐS... 
🔍 Đang cấu hình Database với: postgres.kkwivuufxdewurmxtsto@aws-1-ap-southeast-1.pooler.supabase.com:5432/postgres

[DetailSpider] Khởi động luồng làm giàu dữ liệu (Limit: 50 bài/lượt)...
✅ Đã kết nối thành công tới PostgreSQL.
[Browser] Đang khởi tạo trình duyệt...
[Browser] Phát hiện Chrome (Windows): Version 139

[DetailSpider] Đang cào (1/20): https://batdongsan.com.vn/ban-nha-mat-pho-duong-ngo-quyen-phuong-la-khe-15/ban-dat-chinh-chu-tai-ha-dong-ha-noi-pr44417298
  -> Lấy được 4/6 feature chi tiết.

[DetailSpider] Đang cào (2/20): https://batdongsan.com.vn/ban-nha-rieng-duong-tran-phu-phuong-van-quan-15/nhinh-8ty-ban-4-tang-33m2-view-chung-cu-oto-o-ngay-sat-ga-tau-ien-pr45362416
  -> Lấy được 3/6 feature chi tiết.

[DetailSpider] Đang cào (3/20): https://batdongsan.com.vn/ban-can-ho-chung-cu-duong-vu-trong-khanh-phuong-mo-lao-thap-doi-kepler-land/goc-3-ngu-truc-01-toa-hh01-gia-chi-tu-7-7-ty-cc-cao-cap-tower-ha-dong-lh-pr43302849
  -> Lấy được 3/6 feature chi tiết.

[DetailSpider] Đang cào (4/20): https://batdongsan.com.vn/ban-nha-biet-thu-lien-ke-duong-le-trong-tan-phuong-duong-noi-khu-do-thi-geleximco-le-trong-tan/quy-can-vuon-vuc-cap-nhat-moi-nhat-gia-tu-14-x-ty-pr45346029
  -> Lấy được 5/6 feature chi tiết.

[DetailSpider] Đang cào (5/20): https://batdongsan.com.vn/ban-nha-biet-thu-lien-ke-phuong-duong-noi-an-quy-villa-kdt-duong-noi/chinh-chu-ban-can-goc-235m2-lon-gia-re-37-7-ty-bao-phi-sang-ten-lh-pr40801665
  -> Lấy được 6/6 feature chi tiết.

[DetailSpider] Đang cào (6/20): https://batdongsan.com.vn/ban-can-ho-chung-cu-phuong-mo-lao-thap-doi-kepler-land/em-minh-chuyen-chuyen-nhuong-ha-ong-quy-a-dang-gia-tot-nhat-thi-truong-pr45164850
  -> Lấy được 2/6 feature chi tiết.

[DetailSpider] Đang cào (7/20): https://batdongsan.com.vn/ban-can-ho-chung-cu-duong-le-trong-tan-phuong-la-khe-park-kiara/ban-gap-penhouse-200m2-trang-bi-day-du-noi-that-dep-o-kiara-pr42511495
  -> Lấy được 2/6 feature chi tiết.

[DetailSpider] Đang cào (8/20): https://batdongsan.com.vn/ban-can-ho-chung-cu-phuong-la-khe-chung-cu-cao-cap-ct5-van-khe/ban-cc-82m2-5-07-ty-tai-khe-ha-ong-ep-nhieu-tien-ich-pr45403547
  -> Lấy được 1/6 feature chi tiết.

[DetailSpider] Đang cào (9/20): https://batdongsan.com.vn/ban-can-ho-chung-cu-phuong-mo-lao-thap-doi-kepler-land/full-quy-oc-quyen-gia-tot-nhat-hh01-va-hh02-du-an-ha-ong-gia-soc-chi-tu-85tr-m2-pr45402756
  -> Lấy được 3/6 feature chi tiết.

[DetailSpider] Đang cào (10/20): https://batdongsan.com.vn/ban-nha-mat-pho-duong-la-duong-phuong-duong-noi-15/kinh-doanh-view-ho-93m2-3-tang-ha-ong-ha-noi-pr45356795
  -> Lấy được 6/6 feature chi tiết.

[DetailSpider] Đang cào (11/20): https://batdongsan.com.vn/ban-nha-rieng-phuong-ha-cau/cuc-hiem-ban-cuoi-uong-ba-trieu-tri-30m2-5t-10m-ra-truc-chinh-o-to-tranh-gia-nhinh-6-ty-pr45402539
  -> Lấy được 2/6 feature chi tiết.

[DetailSpider] Đang cào (12/20): https://batdongsan.com.vn/ban-can-ho-chung-cu-duong-quang-trung-phuong-quang-trung-17-flc-star-tower/hot-deal-ha-ong-418-4-15-ty-pr45401017
  -> Lấy được 3/6 feature chi tiết.

[DetailSpider] Đang cào (13/20): https://batdongsan.com.vn/ban-nha-rieng-duong-tran-phu-phuong-van-quan-15/ban-nguyen-khuyen-ngo-rong-oto-o-gan-30m2-mt4-2m-gia-chi-6-2-ty-pr45400460
  -> Lấy được 5/6 feature chi tiết.

[DetailSpider] Đang cào (14/20): https://batdongsan.com.vn/ban-can-ho-chung-cu-pho-phung-hung-1-phuong-phuc-la-khu-do-thi-moi-xa-la/new-house-goc-2-ngu-2wc-full-noi-that-so-o-toa-ban-giao-nam-2018-gia-4-4x-ty-pr45397868
  -> Lấy được 2/6 feature chi tiết.

[DetailSpider] Đang cào (15/20): https://batdongsan.com.vn/ban-nha-rieng-duong-thanh-binh-phuong-mo-lao-15/chinh-chu-gui-ban-dong-tien-pho-ha-ong-gia-nhinh-18-ty-dt-82m-x-6-tang-mt-5m-vip-pr45397764
  -> Lấy được 5/6 feature chi tiết.

[DetailSpider] Đang cào (16/20): https://batdongsan.com.vn/ban-nha-rieng-duong-70-2-phuong-van-phuc-1-15/ban-ha-ong-50m-5t-4-2mt-ep-ep-o-to-o-cua-kinh-doanh-sam-uat-hon-12-ty-cuc-re-pr45397200
  -> Lấy được 1/6 feature chi tiết.

[DetailSpider] Đang cào (17/20): https://batdongsan.com.vn/ban-can-ho-chung-cu-pho-cau-am-phuong-van-phuc-1-goldsilk-complex/3pn-view-be-boi-khong-gian-song-ang-mo-uoc-pr45386143
  -> Lấy được 3/6 feature chi tiết.

[DetailSpider] Đang cào (18/20): https://batdongsan.com.vn/ban-nha-rieng-phuong-dong-mai-1/ban-10can-ep-5tang-dt30m2-32m2-38m2-40m2-45m2-gia-chi-tu-3-8ty-oto-o-ngay-gan-bx-yennghia-pr45395368
  -> Lấy được 4/6 feature chi tiết.

[DetailSpider] Đang cào (19/20): https://batdongsan.com.vn/ban-nha-rieng-duong-nhan-hue-phuong-yen-nghia-1-15/ban-chinh-chu-4-tang-36mv-tai-ha-ong-pr45395148
  -> Lấy được 3/6 feature chi tiết.

[DetailSpider] Đang cào (20/20): https://batdongsan.com.vn/ban-dat-duong-trinh-luong-phuong-phu-luong-3-15/chinh-chu-ban-lo-at-to-12-ha-ong-hn-pr45378542
  -> Lấy được 3/6 feature chi tiết.

[DetailSpider] Hoàn thành. Cập nhật thành công 20/20 bài đăng.
[Thu 03/26/2026 22:07:50.07] [2/4] Dang clean du lieu... 
🔍 Đang cấu hình Database với: postgres.kkwivuufxdewurmxtsto@aws-1-ap-southeast-1.pooler.supabase.com:5432/postgres
✅ Đã kết nối thành công tới PostgreSQL.
🔄 Upsert thành công 5484 bản ghi vào 'bds_hadong'.
✅ Đã cập nhật cột legal_status và furniture thành công.
[Thu 03/26/2026 22:08:29.86] [3/4] Dang huan luyen AI tren du lieu moi... 
🔍 Đang cấu hình Database với: postgres.kkwivuufxdewurmxtsto@aws-1-ap-southeast-1.pooler.supabase.com:5432/postgres
[I 2026-03-26 22:09:05,107] A new study created in memory with name: no-name-e98874d8-6128-4ee1-be24-ff9a52d39120
✅ Đã kết nối thành công tới PostgreSQL.
  0%|          | 0/50 [00:00<?, ?it/s]D:\Python\realtime_estimate_tracker\venv_bds\lib\site-packages\xgboost\training.py:200: UserWarning: [22:09:05] WARNING: C:\actions-runner\_work\xgboost\xgboost\src\learner.cc:782: 
Parameters: { "devices", "task_type" } are not used.

  bst.update(dtrain, iteration=i, fobj=obj)
                                        0%|          | 0/50 [00:09<?, ?it/s]Best trial: 0. Best value: 1.9058:   0%|          | 0/50 [00:09<?, ?it/s]Best trial: 0. Best value: 1.9058:   2%|▏         | 1/50 [00:09<07:33,  9.25s/it]D:\Python\realtime_estimate_tracker\venv_bds\lib\site-packages\xgboost\training.py:200: UserWarning: [22:09:14] WARNING: C:\actions-runner\_work\xgboost\xgboost\src\learner.cc:782: 
Parameters: { "devices", "task_type" } are not used.

  bst.update(dtrain, iteration=i, fobj=obj)
                                                                                 Best trial: 0. Best value: 1.9058:   2%|▏         | 1/50 [00:19<07:33,  9.25s/it]Best trial: 1. Best value: 1.85802:   2%|▏         | 1/50 [00:19<07:33,  9.25s/it]Best trial: 1. Best value: 1.85802:   4%|▍         | 2/50 [00:19<07:47,  9.74s/it]D:\Python\realtime_estimate_tracker\venv_bds\lib\site-packages\xgboost\training.py:200: UserWarning: [22:09:24] WARNING: C:\actions-runner\_work\xgboost\xgboost\src\learner.cc:782: 
Parameters: { "devices", "task_type" } are not used.

  bst.update(dtrain, iteration=i, fobj=obj)
                                                                                  Best trial: 1. Best value: 1.85802:   4%|▍         | 2/50 [00:25<07:47,  9.74s/it]Best trial: 1. Best value: 1.85802:   4%|▍         | 2/50 [00:25<07:47,  9.74s/it]Best trial: 1. Best value: 1.85802:   6%|▌         | 3/50 [00:25<06:30,  8.30s/it]D:\Python\realtime_estimate_tracker\venv_bds\lib\site-packages\xgboost\training.py:200: UserWarning: [22:09:31] WARNING: C:\actions-runner\_work\xgboost\xgboost\src\learner.cc:782: 
Parameters: { "devices", "task_type" } are not used.

  bst.update(dtrain, iteration=i, fobj=obj)
                                                                                  Best trial: 1. Best value: 1.85802:   6%|▌         | 3/50 [00:38<06:30,  8.30s/it]Best trial: 3. Best value: 1.8281:   6%|▌         | 3/50 [00:38<06:30,  8.30s/it] Best trial: 3. Best value: 1.8281:   8%|▊         | 4/50 [00:38<07:48, 10.18s/it]D:\Python\realtime_estimate_tracker\venv_bds\lib\site-packages\xgboost\training.py:200: UserWarning: [22:09:44] WARNING: C:\actions-runner\_work\xgboost\xgboost\src\learner.cc:782: 
Parameters: { "devices", "task_type" } are not used.

  bst.update(dtrain, iteration=i, fobj=obj)
                                                                                 Best trial: 3. Best value: 1.8281:   8%|▊         | 4/50 [00:50<07:48, 10.18s/it]Best trial: 3. Best value: 1.8281:   8%|▊         | 4/50 [00:50<07:48, 10.18s/it]Best trial: 3. Best value: 1.8281:  10%|█         | 5/50 [00:50<08:02, 10.72s/it]D:\Python\realtime_estimate_tracker\venv_bds\lib\site-packages\xgboost\training.py:200: UserWarning: [22:09:55] WARNING: C:\actions-runner\_work\xgboost\xgboost\src\learner.cc:782: 
Parameters: { "devices", "task_type" } are not used.

  bst.update(dtrain, iteration=i, fobj=obj)
                                                                                 Best trial: 3. Best value: 1.8281:  10%|█         | 5/50 [01:08<08:02, 10.72s/it]Best trial: 3. Best value: 1.8281:  10%|█         | 5/50 [01:08<08:02, 10.72s/it]Best trial: 3. Best value: 1.8281:  12%|█▏        | 6/50 [01:08<09:32, 13.01s/it]D:\Python\realtime_estimate_tracker\venv_bds\lib\site-packages\xgboost\training.py:200: UserWarning: [22:10:13] WARNING: C:\actions-runner\_work\xgboost\xgboost\src\learner.cc:782: 
Parameters: { "devices", "task_type" } are not used.

  bst.update(dtrain, iteration=i, fobj=obj)
                                                                                 Best trial: 3. Best value: 1.8281:  12%|█▏        | 6/50 [01:16<09:32, 13.01s/it]Best trial: 3. Best value: 1.8281:  12%|█▏        | 6/50 [01:16<09:32, 13.01s/it]Best trial: 3. Best value: 1.8281:  14%|█▍        | 7/50 [01:16<08:20, 11.63s/it]D:\Python\realtime_estimate_tracker\venv_bds\lib\site-packages\xgboost\training.py:200: UserWarning: [22:10:22] WARNING: C:\actions-runner\_work\xgboost\xgboost\src\learner.cc:782: 
Parameters: { "devices", "task_type" } are not used.

  bst.update(dtrain, iteration=i, fobj=obj)
                                                                                 Best trial: 3. Best value: 1.8281:  14%|█▍        | 7/50 [01:20<08:20, 11.63s/it]Best trial: 3. Best value: 1.8281:  14%|█▍        | 7/50 [01:20<08:20, 11.63s/it]Best trial: 3. Best value: 1.8281:  16%|█▌        | 8/50 [01:20<06:25,  9.19s/it]D:\Python\realtime_estimate_tracker\venv_bds\lib\site-packages\xgboost\training.py:200: UserWarning: [22:10:26] WARNING: C:\actions-runner\_work\xgboost\xgboost\src\learner.cc:782: 
Parameters: { "devices", "task_type" } are not used.

  bst.update(dtrain, iteration=i, fobj=obj)
                                                                                 Best trial: 3. Best value: 1.8281:  16%|█▌        | 8/50 [01:28<06:25,  9.19s/it]Best trial: 3. Best value: 1.8281:  16%|█▌        | 8/50 [01:28<06:25,  9.19s/it]Best trial: 3. Best value: 1.8281:  18%|█▊        | 9/50 [01:28<05:52,  8.60s/it]D:\Python\realtime_estimate_tracker\venv_bds\lib\site-packages\xgboost\training.py:200: UserWarning: [22:10:33] WARNING: C:\actions-runner\_work\xgboost\xgboost\src\learner.cc:782: 
Parameters: { "devices", "task_type" } are not used.

  bst.update(dtrain, iteration=i, fobj=obj)
                                                                                 Best trial: 3. Best value: 1.8281:  18%|█▊        | 9/50 [01:38<05:52,  8.60s/it]Best trial: 3. Best value: 1.8281:  18%|█▊        | 9/50 [01:38<05:52,  8.60s/it]Best trial: 3. Best value: 1.8281:  20%|██        | 10/50 [01:38<06:07,  9.19s/it]D:\Python\realtime_estimate_tracker\venv_bds\lib\site-packages\xgboost\training.py:200: UserWarning: [22:10:44] WARNING: C:\actions-runner\_work\xgboost\xgboost\src\learner.cc:782: 
Parameters: { "devices", "task_type" } are not used.

  bst.update(dtrain, iteration=i, fobj=obj)
                                                                                  Best trial: 3. Best value: 1.8281:  20%|██        | 10/50 [01:57<06:07,  9.19s/it]Best trial: 10. Best value: 1.80896:  20%|██        | 10/50 [01:57<06:07,  9.19s/it]Best trial: 10. Best value: 1.80896:  22%|██▏       | 11/50 [01:57<07:54, 12.17s/it]D:\Python\realtime_estimate_tracker\venv_bds\lib\site-packages\xgboost\training.py:200: UserWarning: [22:11:02] WARNING: C:\actions-runner\_work\xgboost\xgboost\src\learner.cc:782: 
Parameters: { "devices", "task_type" } are not used.

  bst.update(dtrain, iteration=i, fobj=obj)
                                                                                    Best trial: 10. Best value: 1.80896:  22%|██▏       | 11/50 [02:14<07:54, 12.17s/it]Best trial: 10. Best value: 1.80896:  22%|██▏       | 11/50 [02:14<07:54, 12.17s/it]Best trial: 10. Best value: 1.80896:  24%|██▍       | 12/50 [02:14<08:42, 13.75s/it]D:\Python\realtime_estimate_tracker\venv_bds\lib\site-packages\xgboost\training.py:200: UserWarning: [22:11:20] WARNING: C:\actions-runner\_work\xgboost\xgboost\src\learner.cc:782: 
Parameters: { "devices", "task_type" } are not used.

  bst.update(dtrain, iteration=i, fobj=obj)
                                                                                    Best trial: 10. Best value: 1.80896:  24%|██▍       | 12/50 [02:25<08:42, 13.75s/it]Best trial: 10. Best value: 1.80896:  24%|██▍       | 12/50 [02:25<08:42, 13.75s/it]Best trial: 10. Best value: 1.80896:  26%|██▌       | 13/50 [02:25<07:51, 12.74s/it]D:\Python\realtime_estimate_tracker\venv_bds\lib\site-packages\xgboost\training.py:200: UserWarning: [22:11:30] WARNING: C:\actions-runner\_work\xgboost\xgboost\src\learner.cc:782: 
Parameters: { "devices", "task_type" } are not used.

  bst.update(dtrain, iteration=i, fobj=obj)
                                                                                    Best trial: 10. Best value: 1.80896:  26%|██▌       | 13/50 [02:54<07:51, 12.74s/it]Best trial: 13. Best value: 1.77191:  26%|██▌       | 13/50 [02:54<07:51, 12.74s/it]Best trial: 13. Best value: 1.77191:  28%|██▊       | 14/50 [02:54<10:35, 17.65s/it]D:\Python\realtime_estimate_tracker\venv_bds\lib\site-packages\xgboost\training.py:200: UserWarning: [22:11:59] WARNING: C:\actions-runner\_work\xgboost\xgboost\src\learner.cc:782: 
Parameters: { "devices", "task_type" } are not used.

  bst.update(dtrain, iteration=i, fobj=obj)
                                                                                    Best trial: 13. Best value: 1.77191:  28%|██▊       | 14/50 [03:05<10:35, 17.65s/it]Best trial: 13. Best value: 1.77191:  28%|██▊       | 14/50 [03:05<10:35, 17.65s/it]Best trial: 13. Best value: 1.77191:  30%|███       | 15/50 [03:05<09:08, 15.66s/it]D:\Python\realtime_estimate_tracker\venv_bds\lib\site-packages\xgboost\training.py:200: UserWarning: [22:12:10] WARNING: C:\actions-runner\_work\xgboost\xgboost\src\learner.cc:782: 
Parameters: { "devices", "task_type" } are not used.

  bst.update(dtrain, iteration=i, fobj=obj)
                                                                                    Best trial: 13. Best value: 1.77191:  30%|███       | 15/50 [03:15<09:08, 15.66s/it]Best trial: 13. Best value: 1.77191:  30%|███       | 15/50 [03:15<09:08, 15.66s/it]Best trial: 13. Best value: 1.77191:  32%|███▏      | 16/50 [03:15<07:55, 13.99s/it]D:\Python\realtime_estimate_tracker\venv_bds\lib\site-packages\xgboost\training.py:200: UserWarning: [22:12:20] WARNING: C:\actions-runner\_work\xgboost\xgboost\src\learner.cc:782: 
Parameters: { "devices", "task_type" } are not used.

  bst.update(dtrain, iteration=i, fobj=obj)
                                                                                    Best trial: 13. Best value: 1.77191:  32%|███▏      | 16/50 [03:30<07:55, 13.99s/it]Best trial: 13. Best value: 1.77191:  32%|███▏      | 16/50 [03:30<07:55, 13.99s/it]Best trial: 13. Best value: 1.77191:  34%|███▍      | 17/50 [03:30<07:48, 14.21s/it]D:\Python\realtime_estimate_tracker\venv_bds\lib\site-packages\xgboost\training.py:200: UserWarning: [22:12:35] WARNING: C:\actions-runner\_work\xgboost\xgboost\src\learner.cc:782: 
Parameters: { "devices", "task_type" } are not used.

  bst.update(dtrain, iteration=i, fobj=obj)
                                                                                    Best trial: 13. Best value: 1.77191:  34%|███▍      | 17/50 [03:41<07:48, 14.21s/it]Best trial: 13. Best value: 1.77191:  34%|███▍      | 17/50 [03:41<07:48, 14.21s/it]Best trial: 13. Best value: 1.77191:  36%|███▌      | 18/50 [03:41<07:06, 13.32s/it]D:\Python\realtime_estimate_tracker\venv_bds\lib\site-packages\xgboost\training.py:200: UserWarning: [22:12:46] WARNING: C:\actions-runner\_work\xgboost\xgboost\src\learner.cc:782: 
Parameters: { "devices", "task_type" } are not used.

  bst.update(dtrain, iteration=i, fobj=obj)
                                                                                    Best trial: 13. Best value: 1.77191:  36%|███▌      | 18/50 [03:54<07:06, 13.32s/it]Best trial: 13. Best value: 1.77191:  36%|███▌      | 18/50 [03:54<07:06, 13.32s/it]Best trial: 13. Best value: 1.77191:  38%|███▊      | 19/50 [03:54<06:52, 13.31s/it]D:\Python\realtime_estimate_tracker\venv_bds\lib\site-packages\xgboost\training.py:200: UserWarning: [22:12:59] WARNING: C:\actions-runner\_work\xgboost\xgboost\src\learner.cc:782: 
Parameters: { "devices", "task_type" } are not used.

  bst.update(dtrain, iteration=i, fobj=obj)
                                                                                    Best trial: 13. Best value: 1.77191:  38%|███▊      | 19/50 [04:14<06:52, 13.31s/it]Best trial: 13. Best value: 1.77191:  38%|███▊      | 19/50 [04:14<06:52, 13.31s/it]Best trial: 13. Best value: 1.77191:  40%|████      | 20/50 [04:14<07:35, 15.19s/it]D:\Python\realtime_estimate_tracker\venv_bds\lib\site-packages\xgboost\training.py:200: UserWarning: [22:13:19] WARNING: C:\actions-runner\_work\xgboost\xgboost\src\learner.cc:782: 
Parameters: { "devices", "task_type" } are not used.

  bst.update(dtrain, iteration=i, fobj=obj)
                                                                                    Best trial: 13. Best value: 1.77191:  40%|████      | 20/50 [04:18<07:35, 15.19s/it]Best trial: 13. Best value: 1.77191:  40%|████      | 20/50 [04:18<07:35, 15.19s/it]Best trial: 13. Best value: 1.77191:  42%|████▏     | 21/50 [04:18<05:46, 11.94s/it]D:\Python\realtime_estimate_tracker\venv_bds\lib\site-packages\xgboost\training.py:200: UserWarning: [22:13:23] WARNING: C:\actions-runner\_work\xgboost\xgboost\src\learner.cc:782: 
Parameters: { "devices", "task_type" } are not used.

  bst.update(dtrain, iteration=i, fobj=obj)
                                                                                    Best trial: 13. Best value: 1.77191:  42%|████▏     | 21/50 [04:26<05:46, 11.94s/it]Best trial: 13. Best value: 1.77191:  42%|████▏     | 21/50 [04:26<05:46, 11.94s/it]Best trial: 13. Best value: 1.77191:  44%|████▍     | 22/50 [04:26<04:55, 10.54s/it]D:\Python\realtime_estimate_tracker\venv_bds\lib\site-packages\xgboost\training.py:200: UserWarning: [22:13:31] WARNING: C:\actions-runner\_work\xgboost\xgboost\src\learner.cc:782: 
Parameters: { "devices", "task_type" } are not used.

  bst.update(dtrain, iteration=i, fobj=obj)
                                                                                    Best trial: 13. Best value: 1.77191:  44%|████▍     | 22/50 [05:00<04:55, 10.54s/it]Best trial: 13. Best value: 1.77191:  44%|████▍     | 22/50 [05:00<04:55, 10.54s/it]Best trial: 13. Best value: 1.77191:  46%|████▌     | 23/50 [05:00<07:57, 17.69s/it]D:\Python\realtime_estimate_tracker\venv_bds\lib\site-packages\xgboost\training.py:200: UserWarning: [22:14:05] WARNING: C:\actions-runner\_work\xgboost\xgboost\src\learner.cc:782: 
Parameters: { "devices", "task_type" } are not used.

  bst.update(dtrain, iteration=i, fobj=obj)
                                                                                    Best trial: 13. Best value: 1.77191:  46%|████▌     | 23/50 [05:11<07:57, 17.69s/it]Best trial: 13. Best value: 1.77191:  46%|████▌     | 23/50 [05:11<07:57, 17.69s/it]Best trial: 13. Best value: 1.77191:  48%|████▊     | 24/50 [05:11<06:49, 15.77s/it]D:\Python\realtime_estimate_tracker\venv_bds\lib\site-packages\xgboost\training.py:200: UserWarning: [22:14:16] WARNING: C:\actions-runner\_work\xgboost\xgboost\src\learner.cc:782: 
Parameters: { "devices", "task_type" } are not used.

  bst.update(dtrain, iteration=i, fobj=obj)
                        