[I 2026-03-24 22:00:53,705] Trial 0 finished with value: 2.3464855028860105 and parameters: {'n_estimators': 504, 'learning_rate': 0.008385957153503917, 'max_depth': 6, 'subsample': 0.6130228219534534, 'colsample_bytree': 0.6831939112201166, 'min_child_weight': 9}. Best is trial 0 with value: 2.3464855028860105.
[I 2026-03-24 22:00:55,377] Trial 1 finished with value: 1.9855747956859275 and parameters: {'n_estimators': 455, 'learning_rate': 0.02148146454650991, 'max_depth': 14, 'subsample': 0.9129373160266316, 'colsample_bytree': 0.6446394080479374, 'min_child_weight': 10}. Best is trial 1 with value: 1.9855747956859275.
[I 2026-03-24 22:00:57,069] Trial 2 finished with value: 2.003782817029175 and parameters: {'n_estimators': 766, 'learning_rate': 0.08582042792185511, 'max_depth': 6, 'subsample': 0.6841619256267994, 'colsample_bytree': 0.8745375828424153, 'min_child_weight': 7}. Best is trial 1 with value: 1.9855747956859275.
[I 2026-03-24 22:01:00,074] Trial 3 finished with value: 2.0566155380611857 and parameters: {'n_estimators': 1217, 'learning_rate': 0.006127644178076523, 'max_depth': 7, 'subsample': 0.8588747566002872, 'colsample_bytree': 0.8021511314352715, 'min_child_weight': 9}. Best is trial 1 with value: 1.9855747956859275.
[I 2026-03-24 22:01:03,848] Trial 4 finished with value: 1.8981922702272147 and parameters: {'n_estimators': 1140, 'learning_rate': 0.025818598385397986, 'max_depth': 13, 'subsample': 0.6044676154309067, 'colsample_bytree': 0.702633198017558, 'min_child_weight': 7}. Best is trial 4 with value: 1.8981922702272147.
[I 2026-03-24 22:01:05,951] Trial 5 finished with value: 2.609177178592585 and parameters: {'n_estimators': 407, 'learning_rate': 0.005554341383779255, 'max_depth': 13, 'subsample': 0.816866355715809, 'colsample_bytree': 0.6036999375337598, 'min_child_weight': 1}. Best is trial 4 with value: 1.8981922702272147.
[I 2026-03-24 22:01:08,563] Trial 6 finished with value: 2.0599113067740795 and parameters: {'n_estimators': 1052, 'learning_rate': 0.007274748941592816, 'max_depth': 7, 'subsample': 0.6381365888742209, 'colsample_bytree': 0.7973788392102867, 'min_child_weight': 7}. Best is trial 4 with value: 1.8981922702272147.
[I 2026-03-24 22:01:11,550] Trial 7 finished with value: 1.8677225958417607 and parameters: {'n_estimators': 711, 'learning_rate': 0.049571274195171836, 'max_depth': 12, 'subsample': 0.7413362180494052, 'colsample_bytree': 0.719954445887483, 'min_child_weight': 2}. Best is trial 7 with value: 1.8677225958417607.
[I 2026-03-24 22:01:15,902] Trial 8 finished with value: 1.8285003112960496 and parameters: {'n_estimators': 992, 'learning_rate': 0.03318460717182624, 'max_depth': 15, 'subsample': 0.8953692397721891, 'colsample_bytree': 0.9707699688843627, 'min_child_weight': 7}. Best is trial 8 with value: 1.8285003112960496.
[I 2026-03-24 22:01:18,346] Trial 9 finished with value: 1.9561855968782296 and parameters: {'n_estimators': 437, 'learning_rate': 0.0077816441634402265, 'max_depth': 13, 'subsample': 0.7254727016833991, 'colsample_bytree': 0.9010350488497205, 'min_child_weight': 2}. Best is trial 8 with value: 1.8285003112960496.
[I 2026-03-24 22:01:23,138] Trial 10 finished with value: 1.8317828444391488 and parameters: {'n_estimators': 1467, 'learning_rate': 0.020890268565013116, 'max_depth': 10, 'subsample': 0.9889020482138282, 'colsample_bytree': 0.9998837899348008, 'min_child_weight': 4}. Best is trial 8 with value: 1.8285003112960496.
[I 2026-03-24 22:01:27,900] Trial 11 finished with value: 1.8190783133227653 and parameters: {'n_estimators': 1464, 'learning_rate': 0.019765394730358533, 'max_depth': 10, 'subsample': 0.9851354747751095, 'colsample_bytree': 0.9941833335742193, 'min_child_weight': 4}. Best is trial 11 with value: 1.8190783133227653.
[I 2026-03-24 22:01:32,497] Trial 12 finished with value: 1.8291355890987495 and parameters: {'n_estimators': 1494, 'learning_rate': 0.032319958278361136, 'max_depth': 10, 'subsample': 0.9896181054335822, 'colsample_bytree': 0.9927952937053723, 'min_child_weight': 5}. Best is trial 11 with value: 1.8190783133227653.
[I 2026-03-24 22:01:36,779] Trial 13 finished with value: 1.827756816037547 and parameters: {'n_estimators': 1279, 'learning_rate': 0.011437913697057581, 'max_depth': 10, 'subsample': 0.900165331951218, 'colsample_bytree': 0.9218286865204556, 'min_child_weight': 4}. Best is trial 11 with value: 1.8190783133227653.
[I 2026-03-24 22:01:41,115] Trial 14 finished with value: 1.8366577915540514 and parameters: {'n_estimators': 1309, 'learning_rate': 0.013751984834063495, 'max_depth': 10, 'subsample': 0.9528503518873374, 'colsample_bytree': 0.9256589580367628, 'min_child_weight': 4}. Best is trial 11 with value: 1.8190783133227653.
[I 2026-03-24 22:01:45,260] Trial 15 finished with value: 1.859878007858745 and parameters: {'n_estimators': 1318, 'learning_rate': 0.012371149532579794, 'max_depth': 9, 'subsample': 0.9263868231367536, 'colsample_bytree': 0.8326540690615277, 'min_child_weight': 3}. Best is trial 11 with value: 1.8190783133227653.
[I 2026-03-24 22:01:48,979] Trial 16 finished with value: 1.8428224712465067 and parameters: {'n_estimators': 1342, 'learning_rate': 0.013711618457693753, 'max_depth': 8, 'subsample': 0.8569890997302023, 'colsample_bytree': 0.9427392101359907, 'min_child_weight': 5}. Best is trial 11 with value: 1.8190783133227653.
[I 2026-03-24 22:01:52,423] Trial 17 finished with value: 1.8253949140065675 and parameters: {'n_estimators': 875, 'learning_rate': 0.01018201121424858, 'max_depth': 11, 'subsample': 0.7982225390306458, 'colsample_bytree': 0.8913054842947938, 'min_child_weight': 3}. Best is trial 11 with value: 1.8190783133227653.
[I 2026-03-24 22:01:56,053] Trial 18 finished with value: 1.7865534928131521 and parameters: {'n_estimators': 776, 'learning_rate': 0.016675301333753837, 'max_depth': 12, 'subsample': 0.7929392374748548, 'colsample_bytree': 0.8711303968200276, 'min_child_weight': 1}. Best is trial 18 with value: 1.7865534928131521.
[I 2026-03-24 22:01:59,226] Trial 19 finished with value: 1.8124096786047277 and parameters: {'n_estimators': 638, 'learning_rate': 0.017261901830719555, 'max_depth': 12, 'subsample': 0.7834785869986907, 'colsample_bytree': 0.853378943088672, 'min_child_weight': 1}. Best is trial 18 with value: 1.7865534928131521.
[I 2026-03-24 22:02:01,867] Trial 20 finished with value: 1.84585636707283 and parameters: {'n_estimators': 630, 'learning_rate': 0.055004924111108945, 'max_depth': 12, 'subsample': 0.7666081932092068, 'colsample_bytree': 0.7544855716383287, 'min_child_weight': 1}. Best is trial 18 with value: 1.7865534928131521.
[I 2026-03-24 22:02:05,336] Trial 21 finished with value: 1.7982797934549093 and parameters: {'n_estimators': 855, 'learning_rate': 0.018082343035425615, 'max_depth': 11, 'subsample': 0.7954682556862784, 'colsample_bytree': 0.8363435325713765, 'min_child_weight': 1}. Best is trial 18 with value: 1.7865534928131521.
[I 2026-03-24 22:02:09,309] Trial 22 finished with value: 1.7948748025481642 and parameters: {'n_estimators': 858, 'learning_rate': 0.016188980175911256, 'max_depth': 12, 'subsample': 0.7991171946369933, 'colsample_bytree': 0.8453545909469746, 'min_child_weight': 1}. Best is trial 18 with value: 1.7865534928131521.
[I 2026-03-24 22:02:12,826] Trial 23 finished with value: 1.825619567700881 and parameters: {'n_estimators': 860, 'learning_rate': 0.01585303640435449, 'max_depth': 11, 'subsample': 0.8366323872330244, 'colsample_bytree': 0.8111837376023295, 'min_child_weight': 2}. Best is trial 18 with value: 1.7865534928131521.
[I 2026-03-24 22:02:18,262] Trial 24 finished with value: 1.8361255293973613 and parameters: {'n_estimators': 964, 'learning_rate': 0.02786014274959354, 'max_depth': 15, 'subsample': 0.7056760491747778, 'colsample_bytree': 0.7598815060951205, 'min_child_weight': 1}. Best is trial 18 with value: 1.7865534928131521.
[I 2026-03-24 22:02:21,343] Trial 25 finished with value: 1.8055242028118879 and parameters: {'n_estimators': 777, 'learning_rate': 0.046877951530214165, 'max_depth': 11, 'subsample': 0.7563620128390666, 'colsample_bytree': 0.8508360025851368, 'min_child_weight': 2}. Best is trial 18 with value: 1.7865534928131521.
[I 2026-03-24 22:02:23,026] Trial 26 finished with value: 1.9166466848667274 and parameters: {'n_estimators': 304, 'learning_rate': 0.01678776489561284, 'max_depth': 14, 'subsample': 0.8103847172445185, 'colsample_bytree': 0.7638780722484976, 'min_child_weight': 3}. Best is trial 18 with value: 1.7865534928131521.
[I 2026-03-24 22:02:27,420] Trial 27 finished with value: 1.8108950412797962 and parameters: {'n_estimators': 1085, 'learning_rate': 0.04020859174756459, 'max_depth': 12, 'subsample': 0.6799486231459977, 'colsample_bytree': 0.8321532444822348, 'min_child_weight': 1}. Best is trial 18 with value: 1.7865534928131521.
[I 2026-03-24 22:02:29,334] Trial 28 finished with value: 1.903304259032285 and parameters: {'n_estimators': 578, 'learning_rate': 0.009991863633049755, 'max_depth': 9, 'subsample': 0.8618791126124387, 'colsample_bytree': 0.8865777133377261, 'min_child_weight': 2}. Best is trial 18 with value: 1.7865534928131521.
[I 2026-03-24 22:02:32,955] Trial 29 finished with value: 1.8910222927309737 and parameters: {'n_estimators': 812, 'learning_rate': 0.009131675964650164, 'max_depth': 14, 'subsample': 0.7707644432666876, 'colsample_bytree': 0.7845767276615312, 'min_child_weight': 6}. Best is trial 18 with value: 1.7865534928131521.
[I 2026-03-24 22:02:36,252] Trial 30 finished with value: 1.804488004323862 and parameters: {'n_estimators': 920, 'learning_rate': 0.026588466256304333, 'max_depth': 11, 'subsample': 0.8346241334724498, 'colsample_bytree': 0.8656366105995136, 'min_child_weight': 3}. Best is trial 18 with value: 1.7865534928131521.
[I 2026-03-24 22:02:39,607] Trial 31 finished with value: 1.7981668332053402 and parameters: {'n_estimators': 938, 'learning_rate': 0.025054751928360135, 'max_depth': 11, 'subsample': 0.8123446909180336, 'colsample_bytree': 0.8658471204865991, 'min_child_weight': 3}. Best is trial 18 with value: 1.7865534928131521.
[I 2026-03-24 22:02:41,809] Trial 32 finished with value: 1.8709973176519439 and parameters: {'n_estimators': 704, 'learning_rate': 0.01888636711788632, 'max_depth': 9, 'subsample': 0.7951084597368034, 'colsample_bytree': 0.8251524198110598, 'min_child_weight': 1}. Best is trial 18 with value: 1.7865534928131521.
[I 2026-03-24 22:02:45,994] Trial 33 finished with value: 1.7703266657601273 and parameters: {'n_estimators': 974, 'learning_rate': 0.02521705116065219, 'max_depth': 13, 'subsample': 0.8277749424519036, 'colsample_bytree': 0.9138729450747299, 'min_child_weight': 2}. Best is trial 33 with value: 1.7703266657601273.
[I 2026-03-24 22:02:50,938] Trial 34 finished with value: 1.799710248856641 and parameters: {'n_estimators': 1022, 'learning_rate': 0.02319435891778886, 'max_depth': 13, 'subsample': 0.8793528309690888, 'colsample_bytree': 0.9453983753382782, 'min_child_weight': 2}. Best is trial 33 with value: 1.7703266657601273.
[I 2026-03-24 22:02:55,670] Trial 35 finished with value: 1.827385814786642 and parameters: {'n_estimators': 1169, 'learning_rate': 0.06978540414457769, 'max_depth': 14, 'subsample': 0.8364284015663351, 'colsample_bytree': 0.9009386418956176, 'min_child_weight': 3}. Best is trial 33 with value: 1.7703266657601273.
[I 2026-03-24 22:02:57,562] Trial 36 finished with value: 2.0408529534994844 and parameters: {'n_estimators': 926, 'learning_rate': 0.03401603867190261, 'max_depth': 5, 'subsample': 0.742809215909691, 'colsample_bytree': 0.9185220797291139, 'min_child_weight': 10}. Best is trial 33 with value: 1.7703266657601273.
[I 2026-03-24 22:03:00,995] Trial 37 finished with value: 1.8306954914861469 and parameters: {'n_estimators': 1108, 'learning_rate': 0.02294230617133747, 'max_depth': 12, 'subsample': 0.8246384811770049, 'colsample_bytree': 0.867066901979875, 'min_child_weight': 9}. Best is trial 33 with value: 1.7703266657601273.
[I 2026-03-24 22:03:04,353] Trial 38 finished with value: 1.7927355698759067 and parameters: {'n_estimators': 779, 'learning_rate': 0.014183714869100526, 'max_depth': 13, 'subsample': 0.8649969474169997, 'colsample_bytree': 0.9581585418507987, 'min_child_weight': 2}. Best is trial 33 with value: 1.7703266657601273.
[I 2026-03-24 22:03:06,108] Trial 39 finished with value: 1.861778668302714 and parameters: {'n_estimators': 520, 'learning_rate': 0.014125200397428114, 'max_depth': 13, 'subsample': 0.8690502110561443, 'colsample_bytree': 0.9536721921351634, 'min_child_weight': 8}. Best is trial 33 with value: 1.7703266657601273.
[I 2026-03-24 22:03:10,940] Trial 40 finished with value: 1.8276935085255708 and parameters: {'n_estimators': 709, 'learning_rate': 0.006965941247332415, 'max_depth': 15, 'subsample': 0.9318174319983138, 'colsample_bytree': 0.9669492366394167, 'min_child_weight': 2}. Best is trial 33 with value: 1.7703266657601273.
[I 2026-03-24 22:03:14,332] Trial 41 finished with value: 1.78964132653248 and parameters: {'n_estimators': 815, 'learning_rate': 0.028882154374038488, 'max_depth': 13, 'subsample': 0.8448252505612158, 'colsample_bytree': 0.8806238838417918, 'min_child_weight': 2}. Best is trial 33 with value: 1.7703266657601273.
[I 2026-03-24 22:03:17,935] Trial 42 finished with value: 1.7892212038554307 and parameters: {'n_estimators': 794, 'learning_rate': 0.02834933667084079, 'max_depth': 13, 'subsample': 0.8513459110091081, 'colsample_bytree': 0.91152087420537, 'min_child_weight': 1}. Best is trial 33 with value: 1.7703266657601273.
[I 2026-03-24 22:03:21,540] Trial 43 finished with value: 1.7736060530349942 and parameters: {'n_estimators': 764, 'learning_rate': 0.0304077689296028, 'max_depth': 13, 'subsample': 0.8494721469409973, 'colsample_bytree': 0.913037785925072, 'min_child_weight': 2}. Best is trial 33 with value: 1.7703266657601273.
[I 2026-03-24 22:03:25,056] Trial 44 finished with value: 1.7946299055796664 and parameters: {'n_estimators': 654, 'learning_rate': 0.030205184470708895, 'max_depth': 14, 'subsample': 0.8901783518104467, 'colsample_bytree': 0.9135587654169993, 'min_child_weight': 2}. Best is trial 33 with value: 1.7703266657601273.
[I 2026-03-24 22:03:28,726] Trial 45 finished with value: 1.7601078673852062 and parameters: {'n_estimators': 744, 'learning_rate': 0.03654112885775331, 'max_depth': 13, 'subsample': 0.8514366730432703, 'colsample_bytree': 0.8853292371725291, 'min_child_weight': 1}. Best is trial 45 with value: 1.7601078673852062.
[I 2026-03-24 22:03:32,434] Trial 46 finished with value: 1.7785557565992864 and parameters: {'n_estimators': 739, 'learning_rate': 0.037844188064388835, 'max_depth': 14, 'subsample': 0.9075893947678083, 'colsample_bytree': 0.9374769060966874, 'min_child_weight': 1}. Best is trial 45 with value: 1.7601078673852062.
[I 2026-03-24 22:03:35,949] Trial 47 finished with value: 1.7702111370957403 and parameters: {'n_estimators': 720, 'learning_rate': 0.038971357186209275, 'max_depth': 14, 'subsample': 0.9206873427607795, 'colsample_bytree': 0.9323967869752203, 'min_child_weight': 1}. Best is trial 45 with value: 1.7601078673852062.
[I 2026-03-24 22:03:38,802] Trial 48 finished with value: 1.7937712044689311 and parameters: {'n_estimators': 500, 'learning_rate': 0.04027715239030338, 'max_depth': 15, 'subsample': 0.9625372578580549, 'colsample_bytree': 0.9341871779566598, 'min_child_weight': 1}. Best is trial 45 with value: 1.7601078673852062.
