[I 2026-03-19 22:06:43,760] Trial 49 finished with value: 2.0122649856564006 and parameters: {'n_estimators': 374, 'learning_rate': 0.06351414992838196, 'max_depth': 14, 'subsample': 0.6439711465864327, 'colsample_bytree': 0.6367452947697941, 'min_child_weight': 8}. Best is trial 47 with value: 1.8102433389324182.
✅ Tham số tối ưu nhất từ Optuna: {'n_estimators': 561, 'learning_rate': 0.06155586922627485, 'max_depth': 13, 'subsample': 0.6143534642197787, 'colsample_bytree': 0.9505804667826957, 'min_child_weight': 1}
MAE của mô hình XGBoost: 1.8054
R² của mô hình XGBoost: 0.9023
🥊 Đang so sánh... Champion MAE: 1.6245 vs Challenger MAE: 1.8054
🛡️ Champion bảo vệ ngôi vương. Giữ nguyên mô hình cũ.
[Thu 03/19/2026 22:06:46.99] [4/4] Dang dong bo AI Model (qua LFS) len GitHub... 
[main aece9a4] Auto-update AI Model: Thu 03/19/2026 22:06:48.34
 2 files changed, 311 insertions(+)
remote: This repository moved. Please use the new location:        
remote:   https://github.com/HieuNT316/hanoi-house-price-prediction.git        
To https://github.com/Alexus143/hanoi-house-price-prediction.git
   dc4c1d4..aece9a4  main -> main
========================================= 
[Fri 03/20/2026 22:00:03.30] [1/4] Dang cao chi tiet BĐS... 
🔍 Đang cấu hình Database với: postgres.kkwivuufxdewurmxtsto@aws-1-ap-southeast-1.pooler.supabase.com:5432/postgres

[DetailSpider] Khởi động luồng làm giàu dữ liệu (Limit: 50 bài/lượt)...
✅ Đã kết nối thành công tới PostgreSQL.
[DetailSpider] ✅ Không có listing nào cần làm giàu dữ liệu. Đi ngủ!
[Fri 03/20/2026 22:00:26.34] [2/4] Dang clean du lieu... 
🔍 Đang cấu hình Database với: postgres.kkwivuufxdewurmxtsto@aws-1-ap-southeast-1.pooler.supabase.com:5432/postgres
✅ Đã kết nối thành công tới PostgreSQL.
🔄 Upsert thành công 5416 bản ghi vào 'bds_hadong'.
✅ Đã cập nhật cột legal_status và furniture thành công.
[Fri 03/20/2026 22:00:33.36] [3/4] Dang huan luyen AI tren du lieu moi... 
🔍 Đang cấu hình Database với: postgres.kkwivuufxdewurmxtsto@aws-1-ap-southeast-1.pooler.supabase.com:5432/postgres
[I 2026-03-20 22:00:50,372] A new study created in memory with name: no-name-ccd893db-92c5-48d1-a891-6d1be7ad5770
✅ Đã kết nối thành công tới PostgreSQL.
  0%|          | 0/50 [00:00<?, ?it/s]D:\Python\realtime_estimate_tracker\venv_bds\lib\site-packages\xgboost\training.py:200: UserWarning: [22:00:50] WARNING: C:\actions-runner\_work\xgboost\xgboost\src\learner.cc:782: 
Parameters: { "devices", "task_type" } are not used.

  bst.update(dtrain, iteration=i, fobj=obj)
                                        0%|          | 0/50 [00:04<?, ?it/s]Best trial: 0. Best value: 1.87157:   0%|          | 0/50 [00:04<?, ?it/s]Best trial: 0. Best value: 1.87157:   2%|▏         | 1/50 [00:04<03:33,  4.35s/it]D:\Python\realtime_estimate_tracker\venv_bds\lib\site-packages\xgboost\training.py:200: UserWarning: [22:00:54] WARNING: C:\actions-runner\_work\xgboost\xgboost\src\learner.cc:782: 
Parameters: { "devices", "task_type" } are not used.

  bst.update(dtrain, iteration=i, fobj=obj)
                                                                                  Best trial: 0. Best value: 1.87157:   2%|▏         | 1/50 [00:06<03:33,  4.35s/it]Best trial: 0. Best value: 1.87157:   2%|▏         | 1/50 [00:06<03:33,  4.35s/it]Best trial: 0. Best value: 1.87157:   4%|▍         | 2/50 [00:06<02:18,  2.89s/it]D:\Python\realtime_estimate_tracker\venv_bds\lib\site-packages\xgboost\training.py:200: UserWarning: [22:00:56] WARNING: C:\actions-runner\_work\xgboost\xgboost\src\learner.cc:782: 
Parameters: { "devices", "task_type" } are not used.

  bst.update(dtrain, iteration=i, fobj=obj)
                                                                                  Best trial: 0. Best value: 1.87157:   4%|▍         | 2/50 [00:07<02:18,  2.89s/it]Best trial: 2. Best value: 1.83503:   4%|▍         | 2/50 [00:07<02:18,  2.89s/it]Best trial: 2. Best value: 1.83503:   6%|▌         | 3/50 [00:07<01:43,  2.20s/it]D:\Python\realtime_estimate_tracker\venv_bds\lib\site-packages\xgboost\training.py:200: UserWarning: [22:00:57] WARNING: C:\actions-runner\_work\xgboost\xgboost\src\learner.cc:782: 
Parameters: { "devices", "task_type" } are not used.

  bst.update(dtrain, iteration=i, fobj=obj)
                                                                                  Best trial: 2. Best value: 1.83503:   6%|▌         | 3/50 [00:09<01:43,  2.20s/it]Best trial: 2. Best value: 1.83503:   6%|▌         | 3/50 [00:09<01:43,  2.20s/it]Best trial: 2. Best value: 1.83503:   8%|▊         | 4/50 [00:09<01:27,  1.89s/it]D:\Python\realtime_estimate_tracker\venv_bds\lib\site-packages\xgboost\training.py:200: UserWarning: [22:00:59] WARNING: C:\actions-runner\_work\xgboost\xgboost\src\learner.cc:782: 
Parameters: { "devices", "task_type" } are not used.

  bst.update(dtrain, iteration=i, fobj=obj)
                                                                                  Best trial: 2. Best value: 1.83503:   8%|▊         | 4/50 [00:10<01:27,  1.89s/it]Best trial: 2. Best value: 1.83503:   8%|▊         | 4/50 [00:10<01:27,  1.89s/it]Best trial: 2. Best value: 1.83503:  10%|█         | 5/50 [00:10<01:20,  1.79s/it]D:\Python\realtime_estimate_tracker\venv_bds\lib\site-packages\xgboost\training.py:200: UserWarning: [22:01:01] WARNING: C:\actions-runner\_work\xgboost\xgboost\src\learner.cc:782: 
Parameters: { "devices", "task_type" } are not used.

  bst.update(dtrain, iteration=i, fobj=obj)
                                                                                  Best trial: 2. Best value: 1.83503:  10%|█         | 5/50 [00:11<01:20,  1.79s/it]Best trial: 2. Best value: 1.83503:  10%|█         | 5/50 [00:11<01:20,  1.79s/it]Best trial: 2. Best value: 1.83503:  12%|█▏        | 6/50 [00:11<01:09,  1.58s/it]D:\Python\realtime_estimate_tracker\venv_bds\lib\site-packages\xgboost\training.py:200: UserWarning: [22:01:02] WARNING: C:\actions-runner\_work\xgboost\xgboost\src\learner.cc:782: 
Parameters: { "devices", "task_type" } are not used.

  bst.update(dtrain, iteration=i, fobj=obj)
                                                                                  Best trial: 2. Best value: 1.83503:  12%|█▏        | 6/50 [00:13<01:09,  1.58s/it]Best trial: 2. Best value: 1.83503:  12%|█▏        | 6/50 [00:13<01:09,  1.58s/it]Best trial: 2. Best value: 1.83503:  14%|█▍        | 7/50 [00:13<01:04,  1.49s/it]D:\Python\realtime_estimate_tracker\venv_bds\lib\site-packages\xgboost\training.py:200: UserWarning: [22:01:03] WARNING: C:\actions-runner\_work\xgboost\xgboost\src\learner.cc:782: 
Parameters: { "devices", "task_type" } are not used.

  bst.update(dtrain, iteration=i, fobj=obj)
                                                                                  Best trial: 2. Best value: 1.83503:  14%|█▍        | 7/50 [00:18<01:04,  1.49s/it]Best trial: 7. Best value: 1.74686:  14%|█▍        | 7/50 [00:18<01:04,  1.49s/it]Best trial: 7. Best value: 1.74686:  16%|█▌        | 8/50 [00:18<01:51,  2.65s/it]D:\Python\realtime_estimate_tracker\venv_bds\lib\site-packages\xgboost\training.py:200: UserWarning: [22:01:08] WARNING: C:\actions-runner\_work\xgboost\xgboost\src\learner.cc:782: 
Parameters: { "devices", "task_type" } are not used.

  bst.update(dtrain, iteration=i, fobj=obj)
                                                                                  Best trial: 7. Best value: 1.74686:  16%|█▌        | 8/50 [00:19<01:51,  2.65s/it]Best trial: 7. Best value: 1.74686:  16%|█▌        | 8/50 [00:19<01:51,  2.65s/it]Best trial: 7. Best value: 1.74686:  18%|█▊        | 9/50 [00:19<01:30,  2.21s/it]D:\Python\realtime_estimate_tracker\venv_bds\lib\site-packages\xgboost\training.py:200: UserWarning: [22:01:09] WARNING: C:\actions-runner\_work\xgboost\xgboost\src\learner.cc:782: 
Parameters: { "devices", "task_type" } are not used.

  bst.update(dtrain, iteration=i, fobj=obj)
                                                                                  Best trial: 7. Best value: 1.74686:  18%|█▊        | 9/50 [00:21<01:30,  2.21s/it]Best trial: 7. Best value: 1.74686:  18%|█▊        | 9/50 [00:21<01:30,  2.21s/it]Best trial: 7. Best value: 1.74686:  20%|██        | 10/50 [00:21<01:29,  2.24s/it]D:\Python\realtime_estimate_tracker\venv_bds\lib\site-packages\xgboost\training.py:200: UserWarning: [22:01:12] WARNING: C:\actions-runner\_work\xgboost\xgboost\src\learner.cc:782: 
Parameters: { "devices", "task_type" } are not used.

  bst.update(dtrain, iteration=i, fobj=obj)
                                                                                   Best trial: 7. Best value: 1.74686:  20%|██        | 10/50 [00:28<01:29,  2.24s/it]Best trial: 7. Best value: 1.74686:  20%|██        | 10/50 [00:28<01:29,  2.24s/it]Best trial: 7. Best value: 1.74686:  22%|██▏       | 11/50 [00:28<02:15,  3.48s/it]D:\Python\realtime_estimate_tracker\venv_bds\lib\site-packages\xgboost\training.py:200: UserWarning: [22:01:18] WARNING: C:\actions-runner\_work\xgboost\xgboost\src\learner.cc:782: 
Parameters: { "devices", "task_type" } are not used.

  bst.update(dtrain, iteration=i, fobj=obj)
                                                                                   Best trial: 7. Best value: 1.74686:  22%|██▏       | 11/50 [00:32<02:15,  3.48s/it]Best trial: 7. Best value: 1.74686:  22%|██▏       | 11/50 [00:32<02:15,  3.48s/it]Best trial: 7. Best value: 1.74686:  24%|██▍       | 12/50 [00:32<02:23,  3.78s/it]D:\Python\realtime_estimate_tracker\venv_bds\lib\site-packages\xgboost\training.py:200: UserWarning: [22:01:22] WARNING: C:\actions-runner\_work\xgboost\xgboost\src\learner.cc:782: 
Parameters: { "devices", "task_type" } are not used.

  bst.update(dtrain, iteration=i, fobj=obj)
                                                                                   Best trial: 7. Best value: 1.74686:  24%|██▍       | 12/50 [00:35<02:23,  3.78s/it]Best trial: 7. Best value: 1.74686:  24%|██▍       | 12/50 [00:35<02:23,  3.78s/it]Best trial: 7. Best value: 1.74686:  26%|██▌       | 13/50 [00:35<02:05,  3.40s/it]D:\Python\realtime_estimate_tracker\venv_bds\lib\site-packages\xgboost\training.py:200: UserWarning: [22:01:25] WARNING: C:\actions-runner\_work\xgboost\xgboost\src\learner.cc:782: 
Parameters: { "devices", "task_type" } are not used.

  bst.update(dtrain, iteration=i, fobj=obj)
                                                                                   Best trial: 7. Best value: 1.74686:  26%|██▌       | 13/50 [00:39<02:05,  3.40s/it]Best trial: 7. Best value: 1.74686:  26%|██▌       | 13/50 [00:39<02:05,  3.40s/it]Best trial: 7. Best value: 1.74686:  28%|██▊       | 14/50 [00:39<02:09,  3.59s/it]D:\Python\realtime_estimate_tracker\venv_bds\lib\site-packages\xgboost\training.py:200: UserWarning: [22:01:29] WARNING: C:\actions-runner\_work\xgboost\xgboost\src\learner.cc:782: 
Parameters: { "devices", "task_type" } are not used.

  bst.update(dtrain, iteration=i, fobj=obj)
                                                                                   Best trial: 7. Best value: 1.74686:  28%|██▊       | 14/50 [00:44<02:09,  3.59s/it]Best trial: 7. Best value: 1.74686:  28%|██▊       | 14/50 [00:44<02:09,  3.59s/it]Best trial: 7. Best value: 1.74686:  30%|███       | 15/50 [00:44<02:26,  4.19s/it]D:\Python\realtime_estimate_tracker\venv_bds\lib\site-packages\xgboost\training.py:200: UserWarning: [22:01:35] WARNING: C:\actions-runner\_work\xgboost\xgboost\src\learner.cc:782: 
Parameters: { "devices", "task_type" } are not used.

  bst.update(dtrain, iteration=i, fobj=obj)
                                                                                   Best trial: 7. Best value: 1.74686:  30%|███       | 15/50 [00:48<02:26,  4.19s/it]Best trial: 7. Best value: 1.74686:  30%|███       | 15/50 [00:48<02:26,  4.19s/it]Best trial: 7. Best value: 1.74686:  32%|███▏      | 16/50 [00:48<02:23,  4.22s/it]D:\Python\realtime_estimate_tracker\venv_bds\lib\site-packages\xgboost\training.py:200: UserWarning: [22:01:39] WARNING: C:\actions-runner\_work\xgboost\xgboost\src\learner.cc:782: 
Parameters: { "devices", "task_type" } are not used.

  bst.update(dtrain, iteration=i, fobj=obj)
                                                                                   Best trial: 7. Best value: 1.74686:  32%|███▏      | 16/50 [00:54<02:23,  4.22s/it]Best trial: 7. Best value: 1.74686:  32%|███▏      | 16/50 [00:54<02:23,  4.22s/it]Best trial: 7. Best value: 1.74686:  34%|███▍      | 17/50 [00:54<02:32,  4.63s/it]D:\Python\realtime_estimate_tracker\venv_bds\lib\site-packages\xgboost\training.py:200: UserWarning: [22:01:44] WARNING: C:\actions-runner\_work\xgboost\xgboost\src\learner.cc:782: 
Parameters: { "devices", "task_type" } are not used.

  bst.update(dtrain, iteration=i, fobj=obj)
                                                                                   Best trial: 7. Best value: 1.74686:  34%|███▍      | 17/50 [01:00<02:32,  4.63s/it]Best trial: 7. Best value: 1.74686:  34%|███▍      | 17/50 [01:00<02:32,  4.63s/it]Best trial: 7. Best value: 1.74686:  36%|███▌      | 18/50 [01:00<02:36,  4.91s/it]D:\Python\realtime_estimate_tracker\venv_bds\lib\site-packages\xgboost\training.py:200: UserWarning: [22:01:50] WARNING: C:\actions-runner\_work\xgboost\xgboost\src\learner.cc:782: 
Parameters: { "devices", "task_type" } are not used.

  bst.update(dtrain, iteration=i, fobj=obj)
                                                                                   Best trial: 7. Best value: 1.74686:  36%|███▌      | 18/50 [01:05<02:36,  4.91s/it]Best trial: 7. Best value: 1.74686:  36%|███▌      | 18/50 [01:05<02:36,  4.91s/it]Best trial: 7. Best value: 1.74686:  38%|███▊      | 19/50 [01:05<02:32,  4.93s/it]D:\Python\realtime_estimate_tracker\venv_bds\lib\site-packages\xgboost\training.py:200: UserWarning: [22:01:55] WARNING: C:\actions-runner\_work\xgboost\xgboost\src\learner.cc:782: 
Parameters: { "devices", "task_type" } are not used.

  bst.update(dtrain, iteration=i, fobj=obj)
                                                                                   Best trial: 7. Best value: 1.74686:  38%|███▊      | 19/50 [01:08<02:32,  4.93s/it]Best trial: 7. Best value: 1.74686:  38%|███▊      | 19/50 [01:08<02:32,  4.93s/it]Best trial: 7. Best value: 1.74686:  40%|████      | 20/50 [01:08<02:15,  4.52s/it]D:\Python\realtime_estimate_tracker\venv_bds\lib\site-packages\xgboost\training.py:200: UserWarning: [22:01:59] WARNING: C:\actions-runner\_work\xgboost\xgboost\src\learner.cc:782: 
Parameters: { "devices", "task_type" } are not used.

  bst.update(dtrain, iteration=i, fobj=obj)
                                                                                   Best trial: 7. Best value: 1.74686:  40%|████      | 20/50 [01:12<02:15,  4.52s/it]Best trial: 7. Best value: 1.74686:  40%|████      | 20/50 [01:12<02:15,  4.52s/it]Best trial: 7. Best value: 1.74686:  42%|████▏     | 21/50 [01:12<02:08,  4.45s/it]D:\Python\realtime_estimate_tracker\venv_bds\lib\site-packages\xgboost\training.py:200: UserWarning: [22:02:03] WARNING: C:\actions-runner\_work\xgboost\xgboost\src\learner.cc:782: 
Parameters: { "devices", "task_type" } are not used.

  bst.update(dtrain, iteration=i, fobj=obj)
                                                                                   Best trial: 7. Best value: 1.74686:  42%|████▏     | 21/50 [01:16<02:08,  4.45s/it]Best trial: 7. Best value: 1.74686:  42%|████▏     | 21/50 [01:16<02:08,  4.45s/it]Best trial: 7. Best value: 1.74686:  44%|████▍     | 22/50 [01:16<01:57,  4.21s/it]D:\Python\realtime_estimate_tracker\venv_bds\lib\site-packages\xgboost\training.py:200: UserWarning: [22:02:06] WARNING: C:\actions-runner\_work\xgboost\xgboost\src\learner.cc:782: 
Parameters: { "devices", "task_type" } are not used.

  bst.update(dtrain, iteration=i, fobj=obj)
                                                                                   Best trial: 7. Best value: 1.74686:  44%|████▍     | 22/50 [01:20<01:57,  4.21s/it]Best trial: 7. Best value: 1.74686:  44%|████▍     | 22/50 [01:20<01:57,  4.21s/it]Best trial: 7. Best value: 1.74686:  46%|████▌     | 23/50 [01:20<01:52,  4.18s/it]D:\Python\realtime_estimate_tracker\venv_bds\lib\site-packages\xgboost\training.py:200: UserWarning: [22:02:11] WARNING: C:\actions-runner\_work\xgboost\xgboost\src\learner.cc:782: 
Parameters: { "devices", "task_type" } are not used.

  bst.update(dtrain, iteration=i, fobj=obj)
                                                                                   Best trial: 7. Best value: 1.74686:  46%|████▌     | 23/50 [01:23<01:52,  4.18s/it]Best trial: 7. Best value: 1.74686:  46%|████▌     | 23/50 [01:23<01:52,  4.18s/it]Best trial: 7. Best value: 1.74686:  48%|████▊     | 24/50 [01:23<01:39,  3.83s/it]D:\Python\realtime_estimate_tracker\venv_bds\lib\site-packages\xgboost\training.py:200: UserWarning: [22:02:14] WARNING: C:\actions-runner\_work\xgboost\xgboost\src\learner.cc:782: 
Parameters: { "devices", "task_type" } are not used.

  bst.update(dtrain, iteration=i, fobj=obj)
                                                                                   Best trial: 7. Best value: 1.74686:  48%|████▊     | 24/50 [01:28<01:39,  3.83s/it]Best trial: 7. Best value: 1.74686:  48%|████▊     | 24/50 [01:28<01:39,  3.83s/it]Best trial: 7. Best value: 1.74686:  50%|█████     | 25/50 [01:28<01:40,  4.02s/it]D:\Python\realtime_estimate_tracker\venv_bds\lib\site-packages\xgboost\training.py:200: UserWarning: [22:02:18] WARNING: C:\actions-runner\_work\xgboost\xgboost\src\learner.cc:782: 
Parameters: { "devices", "task_type" } are not used.

  bst.update(dtrain, iteration=i, fobj=obj)
                                                                                   Best trial: 7. Best value: 1.74686:  50%|█████     | 25/50 [01:32<01:40,  4.02s/it]Best trial: 7. Best value: 1.74686:  50%|█████     | 25/50 [01:32<01:40,  4.02s/it]Best trial: 7. Best value: 1.74686:  52%|█████▏    | 26/50 [01:32<01:41,  4.21s/it]D:\Python\realtime_estimate_tracker\venv_bds\lib\site-packages\xgboost\training.py:200: UserWarning: [22:02:23] WARNING: C:\actions-runner\_work\xgboost\xgboost\src\learner.cc:782: 
Parameters: { "devices", "task_type" } are not used.

  bst.update(dtrain, iteration=i, fobj=obj)
                                                                                   Best trial: 7. Best value: 1.74686:  52%|█████▏    | 26/50 [01:36<01:41,  4.21s/it]Best trial: 7. Best value: 1.74686:  52%|█████▏    | 26/50 [01:36<01:41,  4.21s/it]Best trial: 7. Best value: 1.74686:  54%|█████▍    | 27/50 [01:36<01:31,  3.96s/it]D:\Python\realtime_estimate_tracker\venv_bds\lib\site-packages\xgboost\training.py:200: UserWarning: [22:02:26] WARNING: C:\actions-runner\_work\xgboost\xgboost\src\learner.cc:782: 
Parameters: { "devices", "task_type" } are not used.

  bst.update(dtrain, iteration=i, fobj=obj)
                                                                                   Best trial: 7. Best value: 1.74686:  54%|█████▍    | 27/50 [01:40<01:31,  3.96s/it]Best trial: 7. Best value: 1.74686:  54%|█████▍    | 27/50 [01:40<01:31,  3.96s/it]Best trial: 7. Best value: 1.74686:  56%|█████▌    | 28/50 [01:40<01:27,  3.99s/it]D:\Python\realtime_estimate_tracker\venv_bds\lib\site-packages\xgboost\training.py:200: UserWarning: [22:02:30] WARNING: C:\actions-runner\_work\xgboost\xgboost\src\learner.cc:782: 
Parameters: { "devices", "task_type" } are not used.

  bst.update(dtrain, iteration=i, fobj=obj)
                                                                                   Best trial: 7. Best value: 1.74686:  56%|█████▌    | 28/50 [01:44<01:27,  3.99s/it]Best trial: 7. Best value: 1.74686:  56%|█████▌    | 28/50 [01:44<01:27,  3.99s/it]Best trial: 7. Best value: 1.74686:  58%|█████▊    | 29/50 [01:44<01:23,  4.00s/it]D:\Python\realtime_estimate_tracker\venv_bds\lib\site-packages\xgboost\training.py:200: UserWarning: [22:02:34] WARNING: C:\actions-runner\_work\xgboost\xgboost\src\learner.cc:782: 
Parameters: { "devices", "task_type" } are not used.

  bst.update(dtrain, iteration=i, fobj=obj)
                                                                                   Best trial: 7. Best value: 1.74686:  58%|█████▊    | 29/50 [01:46<01:23,  4.00s/it]Best trial: 7. Best value: 1.74686:  58%|█████▊    | 29/50 [01:46<01:23,  4.00s/it]Best trial: 7. Best value: 1.74686:  60%|██████    | 30/50 [01:46<01:07,  3.39s/it]D:\Python\realtime_estimate_tracker\venv_bds\lib\site-packages\xgboost\training.py:200: UserWarning: [22:02:36] WARNING: C:\actions-runner\_work\xgboost\xgboost\src\learner.cc:782: 
Parameters: { "devices", "task_type" } are not used.

  bst.update(dtrain, iteration=i, fobj=obj)
                                                                                   Best trial: 7. Best value: 1.74686:  60%|██████    | 30/50 [01:52<01:07,  3.39s/it]Best trial: 7. Best value: 1.74686:  60%|██████    | 30/50 [01:52<01:07,  3.39s/it]Best trial: 7. Best value: 1.74686:  62%|██████▏   | 31/50 [01:52<01:18,  4.11s/it]D:\Python\realtime_estimate_tracker\venv_bds\lib\site-packages\xgboost\training.py:200: UserWarning: [22:02:42] WARNING: C:\actions-runner\_work\xgboost\xgboost\src\learner.cc:782: 
Parameters: { "devices", "task_type" } are not used.

  bst.update(dtrain, iteration=i, fobj=obj)
                                                                                   Best trial: 7. Best value: 1.74686:  62%|██████▏   | 31/50 [01:56<01:18,  4.11s/it]Best trial: 7. Best value: 1.74686:  62%|██████▏   | 31/50 [01:56<01:18,  4.11s/it]Best trial: 7. Best value: 1.74686:  64%|██████▍   | 32/50 [01:56<01:17,  4.29s/it]D:\P