[I 2026-04-04 22:08:37,766] Trial 49 finished with value: 1.7938346391168563 and parameters: {'n_estimators': 891, 'learning_rate': 0.015275832895551235, 'max_depth': 13, 'subsample': 0.635396598274636, 'colsample_bytree': 0.872440171868041, 'min_child_weight': 1}. Best is trial 49 with value: 1.7938346391168563.
✅ Tham số tối ưu nhất từ Optuna: {'n_estimators': 891, 'learning_rate': 0.015275832895551235, 'max_depth': 13, 'subsample': 0.635396598274636, 'colsample_bytree': 0.872440171868041, 'min_child_weight': 1}
MAE của mô hình XGBoost: 1.8137
R² của mô hình XGBoost: 0.9258
🥊 Đang so sánh... Champion MAE: 1.6245 vs Challenger MAE: 1.8137
🛡️ Champion bảo vệ ngôi vương. Giữ nguyên mô hình cũ.
[Sat 04/04/2026 22:08:43.42] [4/4] Dang dong bo AI Model (qua LFS) len GitHub... 
[main 786fc54] Auto-update AI Model: Sat 04/04/2026 22:08:45.99
 2 files changed, 324 insertions(+)
remote: This repository moved. Please use the new location:        
remote:   https://github.com/HieuNT316/hanoi-house-price-prediction.git        
To https://github.com/Alexus143/hanoi-house-price-prediction.git
   21af10a..786fc54  main -> main
========================================= 
[Sun 04/05/2026 22:00:02.51] [1/4] Dang cao chi tiet BĐS... 
🔍 Đang cấu hình Database với: postgres.kkwivuufxdewurmxtsto@aws-1-ap-southeast-1.pooler.supabase.com:5432/postgres

[DetailSpider] Khởi động luồng làm giàu dữ liệu (Limit: 50 bài/lượt)...
✅ Đã kết nối thành công tới PostgreSQL.
[DetailSpider] ✅ Không có listing nào cần làm giàu dữ liệu. Đi ngủ!
[Sun 04/05/2026 22:00:30.82] [2/4] Dang clean du lieu... 
🔍 Đang cấu hình Database với: postgres.kkwivuufxdewurmxtsto@aws-1-ap-southeast-1.pooler.supabase.com:5432/postgres
✅ Đã kết nối thành công tới PostgreSQL.
🔄 Upsert thành công 5607 bản ghi vào 'bds_hadong'.
✅ Đã cập nhật cột legal_status và furniture thành công.
[Sun 04/05/2026 22:00:40.32] [3/4] Dang huan luyen AI tren du lieu moi... 
🔍 Đang cấu hình Database với: postgres.kkwivuufxdewurmxtsto@aws-1-ap-southeast-1.pooler.supabase.com:5432/postgres
[I 2026-04-05 22:01:07,023] A new study created in memory with name: no-name-409de65b-374f-4464-b439-5a1981f3be68
✅ Đã kết nối thành công tới PostgreSQL.
  0%|          | 0/50 [00:00<?, ?it/s]D:\Python\realtime_estimate_tracker\venv_bds\lib\site-packages\xgboost\training.py:200: UserWarning: [22:01:07] WARNING: C:\actions-runner\_work\xgboost\xgboost\src\learner.cc:782: 
Parameters: { "devices", "task_type" } are not used.

  bst.update(dtrain, iteration=i, fobj=obj)
                                        0%|          | 0/50 [00:02<?, ?it/s]Best trial: 0. Best value: 1.8879:   0%|          | 0/50 [00:02<?, ?it/s]Best trial: 0. Best value: 1.8879:   2%|▏         | 1/50 [00:02<01:42,  2.10s/it]D:\Python\realtime_estimate_tracker\venv_bds\lib\site-packages\xgboost\training.py:200: UserWarning: [22:01:09] WARNING: C:\actions-runner\_work\xgboost\xgboost\src\learner.cc:782: 
Parameters: { "devices", "task_type" } are not used.

  bst.update(dtrain, iteration=i, fobj=obj)
                                                                                 Best trial: 0. Best value: 1.8879:   2%|▏         | 1/50 [00:02<01:42,  2.10s/it]Best trial: 0. Best value: 1.8879:   2%|▏         | 1/50 [00:02<01:42,  2.10s/it]Best trial: 0. Best value: 1.8879:   4%|▍         | 2/50 [00:02<01:05,  1.37s/it]D:\Python\realtime_estimate_tracker\venv_bds\lib\site-packages\xgboost\training.py:200: UserWarning: [22:01:10] WARNING: C:\actions-runner\_work\xgboost\xgboost\src\learner.cc:782: 
Parameters: { "devices", "task_type" } are not used.

  bst.update(dtrain, iteration=i, fobj=obj)
                                                                                 Best trial: 0. Best value: 1.8879:   4%|▍         | 2/50 [00:06<01:05,  1.37s/it]Best trial: 2. Best value: 1.86864:   4%|▍         | 2/50 [00:06<01:05,  1.37s/it]Best trial: 2. Best value: 1.86864:   6%|▌         | 3/50 [00:06<01:44,  2.22s/it]D:\Python\realtime_estimate_tracker\venv_bds\lib\site-packages\xgboost\training.py:200: UserWarning: [22:01:13] WARNING: C:\actions-runner\_work\xgboost\xgboost\src\learner.cc:782: 
Parameters: { "devices", "task_type" } are not used.

  bst.update(dtrain, iteration=i, fobj=obj)
                                                                                  Best trial: 2. Best value: 1.86864:   6%|▌         | 3/50 [00:10<01:44,  2.22s/it]Best trial: 2. Best value: 1.86864:   6%|▌         | 3/50 [00:10<01:44,  2.22s/it]Best trial: 2. Best value: 1.86864:   8%|▊         | 4/50 [00:10<02:21,  3.08s/it]D:\Python\realtime_estimate_tracker\venv_bds\lib\site-packages\xgboost\training.py:200: UserWarning: [22:01:17] WARNING: C:\actions-runner\_work\xgboost\xgboost\src\learner.cc:782: 
Parameters: { "devices", "task_type" } are not used.

  bst.update(dtrain, iteration=i, fobj=obj)
                                                                                  Best trial: 2. Best value: 1.86864:   8%|▊         | 4/50 [00:12<02:21,  3.08s/it]Best trial: 2. Best value: 1.86864:   8%|▊         | 4/50 [00:12<02:21,  3.08s/it]Best trial: 2. Best value: 1.86864:  10%|█         | 5/50 [00:12<02:00,  2.69s/it]D:\Python\realtime_estimate_tracker\venv_bds\lib\site-packages\xgboost\training.py:200: UserWarning: [22:01:19] WARNING: C:\actions-runner\_work\xgboost\xgboost\src\learner.cc:782: 
Parameters: { "devices", "task_type" } are not used.

  bst.update(dtrain, iteration=i, fobj=obj)
                                                                                  Best trial: 2. Best value: 1.86864:  10%|█         | 5/50 [00:14<02:00,  2.69s/it]Best trial: 2. Best value: 1.86864:  10%|█         | 5/50 [00:14<02:00,  2.69s/it]Best trial: 2. Best value: 1.86864:  12%|█▏        | 6/50 [00:14<01:47,  2.45s/it]D:\Python\realtime_estimate_tracker\venv_bds\lib\site-packages\xgboost\training.py:200: UserWarning: [22:01:21] WARNING: C:\actions-runner\_work\xgboost\xgboost\src\learner.cc:782: 
Parameters: { "devices", "task_type" } are not used.

  bst.update(dtrain, iteration=i, fobj=obj)
                                                                                  Best trial: 2. Best value: 1.86864:  12%|█▏        | 6/50 [00:16<01:47,  2.45s/it]Best trial: 2. Best value: 1.86864:  12%|█▏        | 6/50 [00:16<01:47,  2.45s/it]Best trial: 2. Best value: 1.86864:  14%|█▍        | 7/50 [00:16<01:33,  2.18s/it]D:\Python\realtime_estimate_tracker\venv_bds\lib\site-packages\xgboost\training.py:200: UserWarning: [22:01:23] WARNING: C:\actions-runner\_work\xgboost\xgboost\src\learner.cc:782: 
Parameters: { "devices", "task_type" } are not used.

  bst.update(dtrain, iteration=i, fobj=obj)
                                                                                  Best trial: 2. Best value: 1.86864:  14%|█▍        | 7/50 [00:18<01:33,  2.18s/it]Best trial: 7. Best value: 1.8345:  14%|█▍        | 7/50 [00:18<01:33,  2.18s/it] Best trial: 7. Best value: 1.8345:  16%|█▌        | 8/50 [00:18<01:29,  2.12s/it]D:\Python\realtime_estimate_tracker\venv_bds\lib\site-packages\xgboost\training.py:200: UserWarning: [22:01:25] WARNING: C:\actions-runner\_work\xgboost\xgboost\src\learner.cc:782: 
Parameters: { "devices", "task_type" } are not used.

  bst.update(dtrain, iteration=i, fobj=obj)
                                                                                 Best trial: 7. Best value: 1.8345:  16%|█▌        | 8/50 [00:21<01:29,  2.12s/it]Best trial: 7. Best value: 1.8345:  16%|█▌        | 8/50 [00:21<01:29,  2.12s/it]Best trial: 7. Best value: 1.8345:  18%|█▊        | 9/50 [00:21<01:39,  2.42s/it]D:\Python\realtime_estimate_tracker\venv_bds\lib\site-packages\xgboost\training.py:200: UserWarning: [22:01:28] WARNING: C:\actions-runner\_work\xgboost\xgboost\src\learner.cc:782: 
Parameters: { "devices", "task_type" } are not used.

  bst.update(dtrain, iteration=i, fobj=obj)
                                                                                 Best trial: 7. Best value: 1.8345:  18%|█▊        | 9/50 [00:23<01:39,  2.42s/it]Best trial: 7. Best value: 1.8345:  18%|█▊        | 9/50 [00:23<01:39,  2.42s/it]Best trial: 7. Best value: 1.8345:  20%|██        | 10/50 [00:23<01:29,  2.23s/it]D:\Python\realtime_estimate_tracker\venv_bds\lib\site-packages\xgboost\training.py:200: UserWarning: [22:01:30] WARNING: C:\actions-runner\_work\xgboost\xgboost\src\learner.cc:782: 
Parameters: { "devices", "task_type" } are not used.

  bst.update(dtrain, iteration=i, fobj=obj)
                                                                                  Best trial: 7. Best value: 1.8345:  20%|██        | 10/50 [00:25<01:29,  2.23s/it]Best trial: 10. Best value: 1.77156:  20%|██        | 10/50 [00:25<01:29,  2.23s/it]Best trial: 10. Best value: 1.77156:  22%|██▏       | 11/50 [00:25<01:25,  2.19s/it]D:\Python\realtime_estimate_tracker\venv_bds\lib\site-packages\xgboost\training.py:200: UserWarning: [22:01:32] WARNING: C:\actions-runner\_work\xgboost\xgboost\src\learner.cc:782: 
Parameters: { "devices", "task_type" } are not used.

  bst.update(dtrain, iteration=i, fobj=obj)
                                                                                    Best trial: 10. Best value: 1.77156:  22%|██▏       | 11/50 [00:27<01:25,  2.19s/it]Best trial: 10. Best value: 1.77156:  22%|██▏       | 11/50 [00:27<01:25,  2.19s/it]Best trial: 10. Best value: 1.77156:  24%|██▍       | 12/50 [00:27<01:19,  2.10s/it]D:\Python\realtime_estimate_tracker\venv_bds\lib\site-packages\xgboost\training.py:200: UserWarning: [22:01:34] WARNING: C:\actions-runner\_work\xgboost\xgboost\src\learner.cc:782: 
Parameters: { "devices", "task_type" } are not used.

  bst.update(dtrain, iteration=i, fobj=obj)
                                                                                    Best trial: 10. Best value: 1.77156:  24%|██▍       | 12/50 [00:29<01:19,  2.10s/it]Best trial: 10. Best value: 1.77156:  24%|██▍       | 12/50 [00:29<01:19,  2.10s/it]Best trial: 10. Best value: 1.77156:  26%|██▌       | 13/50 [00:29<01:16,  2.06s/it]D:\Python\realtime_estimate_tracker\venv_bds\lib\site-packages\xgboost\training.py:200: UserWarning: [22:01:36] WARNING: C:\actions-runner\_work\xgboost\xgboost\src\learner.cc:782: 
Parameters: { "devices", "task_type" } are not used.

  bst.update(dtrain, iteration=i, fobj=obj)
                                                                                    Best trial: 10. Best value: 1.77156:  26%|██▌       | 13/50 [00:34<01:16,  2.06s/it]Best trial: 10. Best value: 1.77156:  26%|██▌       | 13/50 [00:34<01:16,  2.06s/it]Best trial: 10. Best value: 1.77156:  28%|██▊       | 14/50 [00:34<01:50,  3.06s/it]D:\Python\realtime_estimate_tracker\venv_bds\lib\site-packages\xgboost\training.py:200: UserWarning: [22:01:41] WARNING: C:\actions-runner\_work\xgboost\xgboost\src\learner.cc:782: 
Parameters: { "devices", "task_type" } are not used.

  bst.update(dtrain, iteration=i, fobj=obj)
                                                                                    Best trial: 10. Best value: 1.77156:  28%|██▊       | 14/50 [00:38<01:50,  3.06s/it]Best trial: 10. Best value: 1.77156:  28%|██▊       | 14/50 [00:38<01:50,  3.06s/it]Best trial: 10. Best value: 1.77156:  30%|███       | 15/50 [00:38<02:00,  3.45s/it]D:\Python\realtime_estimate_tracker\venv_bds\lib\site-packages\xgboost\training.py:200: UserWarning: [22:01:45] WARNING: C:\actions-runner\_work\xgboost\xgboost\src\learner.cc:782: 
Parameters: { "devices", "task_type" } are not used.

  bst.update(dtrain, iteration=i, fobj=obj)
                                                                                    Best trial: 10. Best value: 1.77156:  30%|███       | 15/50 [00:44<02:00,  3.45s/it]Best trial: 10. Best value: 1.77156:  30%|███       | 15/50 [00:44<02:00,  3.45s/it]Best trial: 10. Best value: 1.77156:  32%|███▏      | 16/50 [00:44<02:16,  4.01s/it]D:\Python\realtime_estimate_tracker\venv_bds\lib\site-packages\xgboost\training.py:200: UserWarning: [22:01:51] WARNING: C:\actions-runner\_work\xgboost\xgboost\src\learner.cc:782: 
Parameters: { "devices", "task_type" } are not used.

  bst.update(dtrain, iteration=i, fobj=obj)
                                                                                    Best trial: 10. Best value: 1.77156:  32%|███▏      | 16/50 [00:45<02:16,  4.01s/it]Best trial: 10. Best value: 1.77156:  32%|███▏      | 16/50 [00:45<02:16,  4.01s/it]Best trial: 10. Best value: 1.77156:  34%|███▍      | 17/50 [00:45<01:50,  3.34s/it]D:\Python\realtime_estimate_tracker\venv_bds\lib\site-packages\xgboost\training.py:200: UserWarning: [22:01:52] WARNING: C:\actions-runner\_work\xgboost\xgboost\src\learner.cc:782: 
Parameters: { "devices", "task_type" } are not used.

  bst.update(dtrain, iteration=i, fobj=obj)
                                                                                    Best trial: 10. Best value: 1.77156:  34%|███▍      | 17/50 [00:47<01:50,  3.34s/it]Best trial: 10. Best value: 1.77156:  34%|███▍      | 17/50 [00:47<01:50,  3.34s/it]Best trial: 10. Best value: 1.77156:  36%|███▌      | 18/50 [00:47<01:34,  2.94s/it]D:\Python\realtime_estimate_tracker\venv_bds\lib\site-packages\xgboost\training.py:200: UserWarning: [22:01:54] WARNING: C:\actions-runner\_work\xgboost\xgboost\src\learner.cc:782: 
Parameters: { "devices", "task_type" } are not used.

  bst.update(dtrain, iteration=i, fobj=obj)
                                                                                    Best trial: 10. Best value: 1.77156:  36%|███▌      | 18/50 [00:51<01:34,  2.94s/it]Best trial: 10. Best value: 1.77156:  36%|███▌      | 18/50 [00:51<01:34,  2.94s/it]Best trial: 10. Best value: 1.77156:  38%|███▊      | 19/50 [00:51<01:38,  3.17s/it]D:\Python\realtime_estimate_tracker\venv_bds\lib\site-packages\xgboost\training.py:200: UserWarning: [22:01:58] WARNING: C:\actions-runner\_work\xgboost\xgboost\src\learner.cc:782: 
Parameters: { "devices", "task_type" } are not used.

  bst.update(dtrain, iteration=i, fobj=obj)
                                                                                    Best trial: 10. Best value: 1.77156:  38%|███▊      | 19/50 [00:54<01:38,  3.17s/it]Best trial: 10. Best value: 1.77156:  38%|███▊      | 19/50 [00:54<01:38,  3.17s/it]Best trial: 10. Best value: 1.77156:  40%|████      | 20/50 [00:54<01:30,  3.02s/it]D:\Python\realtime_estimate_tracker\venv_bds\lib\site-packages\xgboost\training.py:200: UserWarning: [22:02:01] WARNING: C:\actions-runner\_work\xgboost\xgboost\src\learner.cc:782: 
Parameters: { "devices", "task_type" } are not used.

  bst.update(dtrain, iteration=i, fobj=obj)
                                                                                    Best trial: 10. Best value: 1.77156:  40%|████      | 20/50 [00:56<01:30,  3.02s/it]Best trial: 10. Best value: 1.77156:  40%|████      | 20/50 [00:56<01:30,  3.02s/it]Best trial: 10. Best value: 1.77156:  42%|████▏     | 21/50 [00:56<01:20,  2.76s/it]D:\Python\realtime_estimate_tracker\venv_bds\lib\site-packages\xgboost\training.py:200: UserWarning: [22:02:03] WARNING: C:\actions-runner\_work\xgboost\xgboost\src\learner.cc:782: 
Parameters: { "devices", "task_type" } are not used.

  bst.update(dtrain, iteration=i, fobj=obj)
                                                                                    Best trial: 10. Best value: 1.77156:  42%|████▏     | 21/50 [01:00<01:20,  2.76s/it]Best trial: 10. Best value: 1.77156:  42%|████▏     | 21/50 [01:00<01:20,  2.76s/it]Best trial: 10. Best value: 1.77156:  44%|████▍     | 22/50 [01:00<01:25,  3.05s/it]D:\Python\realtime_estimate_tracker\venv_bds\lib\site-packages\xgboost\training.py:200: UserWarning: [22:02:07] WARNING: C:\actions-runner\_work\xgboost\xgboost\src\learner.cc:782: 
Parameters: { "devices", "task_type" } are not used.

  bst.update(dtrain, iteration=i, fobj=obj)
                                                                                    Best trial: 10. Best value: 1.77156:  44%|████▍     | 22/50 [01:03<01:25,  3.05s/it]Best trial: 10. Best value: 1.77156:  44%|████▍     | 22/50 [01:03<01:25,  3.05s/it]Best trial: 10. Best value: 1.77156:  46%|████▌     | 23/50 [01:03<01:26,  3.20s/it]D:\Python\realtime_estimate_tracker\venv_bds\lib\site-packages\xgboost\training.py:200: UserWarning: [22:02:10] WARNING: C:\actions-runner\_work\xgboost\xgboost\src\learner.cc:782: 
Parameters: { "devices", "task_type" } are not used.

  bst.update(dtrain, iteration=i, fobj=obj)
                                                                                    Best trial: 10. Best value: 1.77156:  46%|████▌     | 23/50 [01:10<01:26,  3.20s/it]Best trial: 10. Best value: 1.77156:  46%|████▌     | 23/50 [01:10<01:26,  3.20s/it]Best trial: 10. Best value: 1.77156:  48%|████▊     | 24/50 [01:10<01:52,  4.34s/it]D:\Python\realtime_estimate_tracker\venv_bds\lib\site-packages\xgboost\training.py:200: UserWarning: [22:02:17] WARNING: C:\actions-runner\_work\xgboost\xgboost\src\learner.cc:782: 
Parameters: { "devices", "task_type" } are not used.

  bst.update(dtrain, iteration=i, fobj=obj)
                                                                                    Best trial: 10. Best value: 1.77156:  48%|████▊     | 24/50 [01:17<01:52,  4.34s/it]Best trial: 10. Best value: 1.77156:  48%|████▊     | 24/50 [01:17<01:52,  4.34s/it]Best trial: 10. Best value: 1.77156:  50%|█████     | 25/50 [01:17<02:08,  5.15s/it]D:\Python\realtime_estimate_tracker\venv_bds\lib\site-packages\xgboost\training.py:200: UserWarning: [22:02:24] WARNING: C:\actions-runner\_work\xgboost\xgboost\src\learner.cc:782: 
Parameters: { "devices", "task_type" } are not used.

  bst.update(dtrain, iteration=i, fobj=obj)
                                                                                    Best trial: 10. Best value: 1.77156:  50%|█████     | 25/50 [01:25<02:08,  5.15s/it]Best trial: 25. Best value: 1.75723:  50%|█████     | 25/50 [01:25<02:08,  5.15s/it]Best trial: 25. Best value: 1.75723:  52%|█████▏    | 26/50 [01:25<02:25,  6.04s/it]D:\Python\realtime_estimate_tracker\venv_bds\lib\site-packages\xgboost\training.py:200: UserWarning: [22:02:32] WARNING: C:\actions-runner\_work\xgboost\xgboost\src\learner.cc:782: 
Parameters: { "devices", "task_type" } are not used.

  bst.update(dtrain, iteration=i, fobj=obj)
                                                                                    Best trial: 25. Best value: 1.75723:  52%|█████▏    | 26/50 [01:32<02:25,  6.04s/it]Best trial: 25. Best value: 1.75723:  52%|█████▏    | 26/50 [01:32<02:25,  6.04s/it]Best trial: 25. Best value: 1.75723:  54%|█████▍    | 27/50 [01:32<02:22,  6.22s/it]D:\Python\realtime_estimate_tracker\venv_bds\lib\site-packages\xgboost\training.py:200: UserWarning: [22:02:39] WARNING: C:\actions-runner\_work\xgboost\xgboost\src\learner.cc:782: 
Parameters: { "devices", "task_type" } are not used.

  bst.update(dtrain, iteration=i, fobj=obj)
                                                                                    Best trial: 25. Best value: 1.75723:  54%|█████▍    | 27/50 [01:38<02:22,  6.22s/it]Best trial: 25. Best value: 1.75723:  54%|█████▍    | 27/50 [01:38<02:22,  6.22s/it]Best trial: 25. Best value: 1.75723:  56%|█████▌    | 28/50 [01:38<02:14,  6.11s/it]D:\Python\realtime_estimate_tracker\venv_bds\lib\site-packages\xgboost\training.py:200: UserWarning: [22:02:45] WARNING: C:\actions-runner\_work\xgboost\xgboost\src\learner.cc:782: 
Parameters: { "devices", "task_type" } are not used.

  bst.update(dtrain, iteration=i, fobj=obj)
                                                                                    Best trial: 25. Best value: 1.75723:  56%|█████▌    | 28/50 [01:43<02:14,  6.11s/it]Best trial: 25. Best value: 1.75723:  56%|█████▌    | 28/50 [01:43<02:14,  6.11s/it]Best trial: 25. Best value: 1.75723:  58%|█████▊    | 29/50 [01:43<02:03,  5.89s/it]D:\Python\realtime_estimate_tracker\venv_bds\lib\site-packages\xgboost\training.py:200: UserWarning: [22:02:50] WARNING: C:\actions-runner\_work\xgboost\xgboost\src\learner.cc:782: 
Parameters: { "devices", "task_type" } are not used.

  bst.update(dtrain, iteration=i, fobj=obj)
                                                                                    Best trial: 25. Best value: 1.75723:  58%|█████▊    | 29/50 [01:49<02:03,  5.89s/it]Best trial: 25. Best value: 1.75723:  58%|█████▊    | 29/50 [01:49<02:03,  5.89s/it]Best trial: 25. Best value: 1.75723:  60%|██████    | 30/50 [01:49<01:54,  5.74s/it]D:\Python\realtime_estimate_tracker\venv_bds\lib\site-packages\xgboost\training.py:200: UserWarning: [22:02:56] WARNING: C:\actions-runner\_work\xgboost\xgboost\src\learner.cc:782: 
Parameters: { "devices", "task_type" } are not used.

  bst.update(dtrain, iteration=i, fobj=obj)
                                                                                    Best trial: 25. Best value: 1.75723:  60%|██████    | 30/50 [01:54<01:54,  5.74s/it]Best trial: 25. Best value: 1.75723:  60%|██████    | 30/50 [01:54<01:54,  5.74s/it]Best trial: 25. Best value: 1.75723:  62%|██████▏   | 31/50 [01:54<01:46,  5.60s/it]D:\Python\realtime_estimate_tracker\venv_bds\lib\site-packages\xgboost\training.py:200: UserWarning: [22:03:01] WARNING: C:\actions-runner\_work\xgboost\xgboost\src\learner.cc:782: 
Parameters: { "devices", "task_type" } are not used.

  bst.update(dtrain, iteration=i, fobj=obj)
                                                                                    Best trial: 25. Best value: 1.75723:  62%|██████▏   | 31/50 [02:01<01:46,  5.60s/it]Best trial: 31. Best value: 1.7566:  62%|██████▏   | 31/50 [02:01<01:46,  5.60s/it] Best trial: 31. Best va