[I 2026-03-10 22:09:12,673] Trial 49 finished with value: 1.7964883606142916 and parameters: {'n_estimators': 938, 'learning_rate': 0.07710608121737528, 'max_depth': 14, 'subsample': 0.7793017639553593, 'colsample_bytree': 0.9261747606367032, 'min_child_weight': 1}. Best is trial 43 with value: 1.7833666405911635.
✅ Tham số tối ưu nhất từ Optuna: {'n_estimators': 1234, 'learning_rate': 0.028636052170478488, 'max_depth': 14, 'subsample': 0.8381514941875232, 'colsample_bytree': 0.841505062693291, 'min_child_weight': 1}
MAE của mô hình XGBoost: 1.8107
R² của mô hình XGBoost: 0.9125
🥊 Đang so sánh... Champion MAE: 1.7325 vs Challenger MAE: 1.8107
🛡️ Champion bảo vệ ngôi vương. Giữ nguyên mô hình cũ.
[Tue 03/10/2026 22:09:21.19] [4/4] Dang dong bo AI Model (qua LFS) len GitHub... 
[main 858135e] Auto-update AI Model: Tue 03/10/2026 22:09:21.46
 1 file changed, 318 insertions(+)
remote: This repository moved. Please use the new location:        
remote:   https://github.com/HieuNT316/hanoi-house-price-prediction.git        
To https://github.com/Alexus143/hanoi-house-price-prediction.git
   d8ab0c9..858135e  main -> main
========================================= 
[Wed 03/11/2026 22:00:02.53] [1/4] Dang cao chi tiet BĐS... 
========================================= 
[Thu 03/12/2026 22:00:02.95] [1/4] Dang cao chi tiet BĐS... 
🔍 Đang cấu hình Database với: postgres.kkwivuufxdewurmxtsto@aws-1-ap-southeast-1.pooler.supabase.com:5432/postgres

[DetailSpider] Khởi động luồng làm giàu dữ liệu (Limit: 50 bài/lượt)...
✅ Đã kết nối thành công tới PostgreSQL.
[Browser] Đang khởi tạo trình duyệt...
[Browser] Phát hiện Chrome (Windows): Version 139

[DetailSpider] Đang cào (1/27): https://batdongsan.com.vn/ban-nha-biet-thu-lien-ke-duong-le-trong-tan-phuong-phu-la-khu-do-thi-moi-van-phu/sieu-lo-goc-day-vip-oi-dien-casta-hang-oc-vi-tri-inh-pr45208830
  -> Lấy được 5/6 feature chi tiết.

[DetailSpider] Đang cào (2/27): https://batdongsan.com.vn/ban-nha-biet-thu-lien-ke-phuong-la-khe-khu-do-thi-van-khe/giam-soc-1-ty-dt50m2-phan-lo-via-he-vi-tri-inh-kd-gia-ban-nhanh-chi-15x-ty-pr45281054
  -> Lấy được 2/6 feature chi tiết.

[DetailSpider] Đang cào (3/27): https://batdongsan.com.vn/ban-nha-biet-thu-lien-ke-phuong-kien-hung-khu-do-thi-thanh-ha-muong-thanh/ban-100m2-huong-bac-cach-ho-150m-gan-hiep-the-thao-gia-14-ty-pr45281053
  -> Lấy được 0/6 feature chi tiết.

[DetailSpider] Đang cào (4/27): https://batdongsan.com.vn/ban-can-ho-chung-cu-pho-phung-hung-1-phuong-phuc-la-khu-do-thi-moi-xa-la/ban-ct4c-o-la-ha-ong-pr45179716
  -> Lấy được 3/6 feature chi tiết.

[DetailSpider] Đang cào (5/27): https://batdongsan.com.vn/ban-can-ho-chung-cu-duong-quang-trung-phuong-quang-trung-17-toa-thap-thien-nien-ky-hatay-millennium/duy-nhat-ch-62m-2n1vs-ban-cong-n-ban-san-so-o-noi-that-full-gia-5-6ty-pr45249729
  -> Lấy được 3/6 feature chi tiết.

[DetailSpider] Đang cào (6/27): https://batdongsan.com.vn/ban-nha-rieng-duong-quang-trung-phuong-quang-trung-17-15/ban-ha-ong-phan-lo-o-to-tranh-kinh-doanh-a-nganh-93m2-ngay-cong-vien-chi-18ty-pr45169398
  -> Lấy được 4/6 feature chi tiết.

[DetailSpider] Đang cào (7/27): https://batdongsan.com.vn/ban-can-ho-chung-cu-duong-hoang-cong-phuong-kien-hung-mipec-city-view/chinh-chu-ban-50-9m-2pn-2vs-full-noi-that-thiet-bi-pr45288657
  -> Lấy được 3/6 feature chi tiết.

[DetailSpider] Đang cào (8/27): https://batdongsan.com.vn/ban-nha-biet-thu-lien-ke-duong-le-trong-tan-phuong-duong-noi-khu-do-thi-geleximco-le-trong-tan/ban-gap-vuon-120m2-hoan-thien-ep-gia-20-x-ty-ca-nha-pr45283570
  -> Lấy được 0/6 feature chi tiết.

[DetailSpider] Đang cào (9/27): https://batdongsan.com.vn/ban-can-ho-chung-cu-duong-le-trong-tan-phuong-la-khe-park-kiara/doc-quyen-quy-can-ban-gia-tot-nhat-tai-voi-gia-tot-nhat-pr42118287
  -> Lấy được 3/6 feature chi tiết.

[DetailSpider] Đang cào (10/27): https://batdongsan.com.vn/ban-nha-mat-pho-duong-chien-thang-phuong-van-quan-15/ban-kd-inh-6-tang-may-60m2-nhinh-13ty-lh-0981506256-pr45284814
  -> Lấy được 5/6 feature chi tiết.

[DetailSpider] Đang cào (11/27): https://batdongsan.com.vn/ban-can-ho-chung-cu-phuong-kien-hung-khu-do-thi-thanh-ha-muong-thanh/ban-72m-tai-k-t-ha-pr45283542
  -> Lấy được 3/6 feature chi tiết.

[DetailSpider] Đang cào (12/27): https://batdongsan.com.vn/ban-can-ho-chung-cu-duong-le-trong-tan-phuong-la-khe-park-kiara/ban-3pn-mau-c-91m2-huong-mat-tai-cc-parkcity-ha-noi-gia-tot-nhat-lh-0968450261-pr45215886
  -> Lấy được 3/6 feature chi tiết.

[DetailSpider] Đang cào (13/27): https://batdongsan.com.vn/ban-nha-biet-thu-lien-ke-phuong-kien-hung-khu-do-thi-thanh-ha-muong-thanh/ban-a2-4-xay-4-tang-uong-14m-gia-11-8-ti-pr45195566
  -> Lấy được 5/6 feature chi tiết.

[DetailSpider] Đang cào (14/27): https://batdongsan.com.vn/ban-can-ho-chung-cu-duong-tran-phu-phuong-van-quan-grand-sunlake/ban-112m2-gia-9-2-ty-pr45281449
  -> Lấy được 3/6 feature chi tiết.

[DetailSpider] Đang cào (15/27): https://batdongsan.com.vn/ban-can-ho-chung-cu-duong-tran-phu-phuong-mo-lao-ho-guom-plaza/ban-cao-cap-2pn2vs-chinh-chu-pr45233168
  -> Lấy được 3/6 feature chi tiết.

[DetailSpider] Đang cào (16/27): https://batdongsan.com.vn/ban-nha-biet-thu-lien-ke-duong-to-huu-phuong-duong-noi-khu-do-thi-moi-duong-noi/ban-gap-28-ty-nam-cuong-ha-dong-chinh-chu-mien-tg-pr43856106
  -> Lấy được 6/6 feature chi tiết.

[DetailSpider] Đang cào (17/27): https://batdongsan.com.vn/ban-can-ho-chung-cu-phuong-la-khe-khu-do-thi-van-khe/ban-cc-4pn-3wc-160m2-tai-o-gia-cuc-chat-ep-nhieu-tien-ich-pr45279838
  -> Lấy được 1/6 feature chi tiết.

[DetailSpider] Đang cào (18/27): https://batdongsan.com.vn/ban-nha-rieng-phuong-yen-nghia-1/o-to-vao-ban-ngay-k-t-o-cv-cay-an-dt-56m2-gia-4ty88-gan-h-phenikaa-pr45279506
  -> Lấy được 3/6 feature chi tiết.

[DetailSpider] Đang cào (19/27): https://batdongsan.com.vn/ban-nha-rieng-phuong-van-quan/giam-chao-cuc-sau-tt-phan-lo-o-to-tranh-gara-oto-2-thoang-85m-chi-21ty-0981506256-pr45277396
  -> Lấy được 5/6 feature chi tiết.

[DetailSpider] Đang cào (20/27): https://batdongsan.com.vn/ban-nha-rieng-phuong-la-khe/ban-nhanh-ha-ong-dt-42-5m-x-6-tang-full-noi-that-xin-o-to-o-cua-gia-tot-9-3-ty-pr45277380
  -> Lấy được 2/6 feature chi tiết.

[DetailSpider] Đang cào (21/27): https://batdongsan.com.vn/ban-nha-rieng-phuong-van-quan/ban-gap-phan-lo-oto-tranh-kd-khong-ngap-70m2-4-tang-19-ty-mt-4-6m-lh0981506256-pr45274955
  -> Lấy được 4/6 feature chi tiết.

[DetailSpider] Đang cào (22/27): https://batdongsan.com.vn/ban-can-ho-chung-cu-duong-ba-la-phuong-phu-luong-3-pcc1-complex/chinh-chu-ban-ch-2pn-1wc-tai-cc-ha-ong-ha-noi-3-x-ty-54m2-pr45274072
  -> Lấy được 3/6 feature chi tiết.

[DetailSpider] Đang cào (23/27): https://batdongsan.com.vn/ban-can-ho-chung-cu-duong-chu-van-an-phuong-quang-trung-17-samsora-premier/phuc-goc-3pn-90-5m2-tang-nha-dep-full-noi-that-cao-cap-san-so-gia-7-8-ty-pr44751099
  -> Lấy được 3/6 feature chi tiết.

[DetailSpider] Đang cào (24/27): https://batdongsan.com.vn/ban-nha-biet-thu-lien-ke-phuong-phu-la-khu-do-thi-moi-van-phu/gia-tot-nhat-truong-16-x-ty-k-t-5-tang-mat-tien-6m-pr45272804
  -> Lấy được 0/6 feature chi tiết.

[DetailSpider] Đang cào (25/27): https://batdongsan.com.vn/ban-can-ho-chung-cu-duong-le-trong-tan-phuong-la-khe-park-kiara/quy-parkcity-ha-ong-ep-so-o-lau-dai-gia-tot-lh-0984068362-pr45272563
  -> Lấy được 2/6 feature chi tiết.

[DetailSpider] Đang cào (26/27): https://batdongsan.com.vn/ban-can-ho-chung-cu-phuong-mo-lao-mulberry-lane/khong-bao-ao-120m-gia-9-1-ty-123m-gia-8-8-ty-133m-gia-10-5-ty-172m-gia-13-5-ty-pr44634481
  -> Lấy được 3/6 feature chi tiết.

[DetailSpider] Đang cào (27/27): https://batdongsan.com.vn/ban-can-ho-chung-cu-phuong-la-khe/ban-cc-3pn-2wc-tai-ha-dong-6-222-ty-96-5m2-hang-hot-pr45057109
  -> Lấy được 2/6 feature chi tiết.

[DetailSpider] Hoàn thành. Cập nhật thành công 27/27 bài đăng.
[Thu 03/12/2026 22:07:01.05] [2/4] Dang clean du lieu... 
🔍 Đang cấu hình Database với: postgres.kkwivuufxdewurmxtsto@aws-1-ap-southeast-1.pooler.supabase.com:5432/postgres
✅ Đã kết nối thành công tới PostgreSQL.
🔄 Upsert thành công 5297 bản ghi vào 'bds_hadong'.
✅ Đã cập nhật cột legal_status và furniture thành công.
[Thu 03/12/2026 22:07:25.27] [3/4] Dang huan luyen AI tren du lieu moi... 
🔍 Đang cấu hình Database với: postgres.kkwivuufxdewurmxtsto@aws-1-ap-southeast-1.pooler.supabase.com:5432/postgres
[I 2026-03-12 22:07:53,026] A new study created in memory with name: no-name-c73a964e-359e-4611-b28d-f5cea975b9ae
✅ Đã kết nối thành công tới PostgreSQL.
  0%|          | 0/50 [00:00<?, ?it/s]D:\Python\realtime_estimate_tracker\venv_bds\lib\site-packages\xgboost\training.py:200: UserWarning: [22:07:53] WARNING: C:\actions-runner\_work\xgboost\xgboost\src\learner.cc:782: 
Parameters: { "devices", "task_type" } are not used.

  bst.update(dtrain, iteration=i, fobj=obj)
                                        0%|          | 0/50 [00:02<?, ?it/s]Best trial: 0. Best value: 1.9347:   0%|          | 0/50 [00:02<?, ?it/s]Best trial: 0. Best value: 1.9347:   2%|▏         | 1/50 [00:02<02:02,  2.50s/it]D:\Python\realtime_estimate_tracker\venv_bds\lib\site-packages\xgboost\training.py:200: UserWarning: [22:07:55] WARNING: C:\actions-runner\_work\xgboost\xgboost\src\learner.cc:782: 
Parameters: { "devices", "task_type" } are not used.

  bst.update(dtrain, iteration=i, fobj=obj)
                                                                                 Best trial: 0. Best value: 1.9347:   2%|▏         | 1/50 [00:03<02:02,  2.50s/it]Best trial: 0. Best value: 1.9347:   2%|▏         | 1/50 [00:03<02:02,  2.50s/it]Best trial: 0. Best value: 1.9347:   4%|▍         | 2/50 [00:03<01:23,  1.74s/it]D:\Python\realtime_estimate_tracker\venv_bds\lib\site-packages\xgboost\training.py:200: UserWarning: [22:07:56] WARNING: C:\actions-runner\_work\xgboost\xgboost\src\learner.cc:782: 
Parameters: { "devices", "task_type" } are not used.

  bst.update(dtrain, iteration=i, fobj=obj)
                                                                                 Best trial: 0. Best value: 1.9347:   4%|▍         | 2/50 [00:05<01:23,  1.74s/it]Best trial: 0. Best value: 1.9347:   4%|▍         | 2/50 [00:05<01:23,  1.74s/it]Best trial: 0. Best value: 1.9347:   6%|▌         | 3/50 [00:05<01:19,  1.69s/it]D:\Python\realtime_estimate_tracker\venv_bds\lib\site-packages\xgboost\training.py:200: UserWarning: [22:07:58] WARNING: C:\actions-runner\_work\xgboost\xgboost\src\learner.cc:782: 
Parameters: { "devices", "task_type" } are not used.

  bst.update(dtrain, iteration=i, fobj=obj)
                                                                                 Best trial: 0. Best value: 1.9347:   6%|▌         | 3/50 [00:08<01:19,  1.69s/it]Best trial: 0. Best value: 1.9347:   6%|▌         | 3/50 [00:08<01:19,  1.69s/it]Best trial: 0. Best value: 1.9347:   8%|▊         | 4/50 [00:08<01:40,  2.19s/it]D:\Python\realtime_estimate_tracker\venv_bds\lib\site-packages\xgboost\training.py:200: UserWarning: [22:08:01] WARNING: C:\actions-runner\_work\xgboost\xgboost\src\learner.cc:782: 
Parameters: { "devices", "task_type" } are not used.

  bst.update(dtrain, iteration=i, fobj=obj)
                                                                                 Best trial: 0. Best value: 1.9347:   8%|▊         | 4/50 [00:10<01:40,  2.19s/it]Best trial: 0. Best value: 1.9347:   8%|▊         | 4/50 [00:10<01:40,  2.19s/it]Best trial: 0. Best value: 1.9347:  10%|█         | 5/50 [00:10<01:35,  2.11s/it]D:\Python\realtime_estimate_tracker\venv_bds\lib\site-packages\xgboost\training.py:200: UserWarning: [22:08:03] WARNING: C:\actions-runner\_work\xgboost\xgboost\src\learner.cc:782: 
Parameters: { "devices", "task_type" } are not used.

  bst.update(dtrain, iteration=i, fobj=obj)
                                                                                 Best trial: 0. Best value: 1.9347:  10%|█         | 5/50 [00:12<01:35,  2.11s/it]Best trial: 0. Best value: 1.9347:  10%|█         | 5/50 [00:12<01:35,  2.11s/it]Best trial: 0. Best value: 1.9347:  12%|█▏        | 6/50 [00:12<01:30,  2.05s/it]D:\Python\realtime_estimate_tracker\venv_bds\lib\site-packages\xgboost\training.py:200: UserWarning: [22:08:05] WARNING: C:\actions-runner\_work\xgboost\xgboost\src\learner.cc:782: 
Parameters: { "devices", "task_type" } are not used.

  bst.update(dtrain, iteration=i, fobj=obj)
                                                                                 Best trial: 0. Best value: 1.9347:  12%|█▏        | 6/50 [00:15<01:30,  2.05s/it]Best trial: 6. Best value: 1.88613:  12%|█▏        | 6/50 [00:15<01:30,  2.05s/it]Best trial: 6. Best value: 1.88613:  14%|█▍        | 7/50 [00:15<01:48,  2.53s/it]D:\Python\realtime_estimate_tracker\venv_bds\lib\site-packages\xgboost\training.py:200: UserWarning: [22:08:08] WARNING: C:\actions-runner\_work\xgboost\xgboost\src\learner.cc:782: 
Parameters: { "devices", "task_type" } are not used.

  bst.update(dtrain, iteration=i, fobj=obj)
                                                                                  Best trial: 6. Best value: 1.88613:  14%|█▍        | 7/50 [00:18<01:48,  2.53s/it]Best trial: 6. Best value: 1.88613:  14%|█▍        | 7/50 [00:18<01:48,  2.53s/it]Best trial: 6. Best value: 1.88613:  16%|█▌        | 8/50 [00:18<01:43,  2.47s/it]D:\Python\realtime_estimate_tracker\venv_bds\lib\site-packages\xgboost\training.py:200: UserWarning: [22:08:11] WARNING: C:\actions-runner\_work\xgboost\xgboost\src\learner.cc:782: 
Parameters: { "devices", "task_type" } are not used.

  bst.update(dtrain, iteration=i, fobj=obj)
                                                                                  Best trial: 6. Best value: 1.88613:  16%|█▌        | 8/50 [00:19<01:43,  2.47s/it]Best trial: 6. Best value: 1.88613:  16%|█▌        | 8/50 [00:19<01:43,  2.47s/it]Best trial: 6. Best value: 1.88613:  18%|█▊        | 9/50 [00:19<01:24,  2.05s/it]D:\Python\realtime_estimate_tracker\venv_bds\lib\site-packages\xgboost\training.py:200: UserWarning: [22:08:12] WARNING: C:\actions-runner\_work\xgboost\xgboost\src\learner.cc:782: 
Parameters: { "devices", "task_type" } are not used.

  bst.update(dtrain, iteration=i, fobj=obj)
                                                                                  Best trial: 6. Best value: 1.88613:  18%|█▊        | 9/50 [00:22<01:24,  2.05s/it]Best trial: 6. Best value: 1.88613:  18%|█▊        | 9/50 [00:22<01:24,  2.05s/it]Best trial: 6. Best value: 1.88613:  20%|██        | 10/50 [00:22<01:32,  2.32s/it]D:\Python\realtime_estimate_tracker\venv_bds\lib\site-packages\xgboost\training.py:200: UserWarning: [22:08:15] WARNING: C:\actions-runner\_work\xgboost\xgboost\src\learner.cc:782: 
Parameters: { "devices", "task_type" } are not used.

  bst.update(dtrain, iteration=i, fobj=obj)
                                                                                   Best trial: 6. Best value: 1.88613:  20%|██        | 10/50 [00:29<01:32,  2.32s/it]Best trial: 10. Best value: 1.8242:  20%|██        | 10/50 [00:29<01:32,  2.32s/it]Best trial: 10. Best value: 1.8242:  22%|██▏       | 11/50 [00:29<02:32,  3.92s/it]D:\Python\realtime_estimate_tracker\venv_bds\lib\site-packages\xgboost\training.py:200: UserWarning: [22:08:22] WARNING: C:\actions-runner\_work\xgboost\xgboost\src\learner.cc:782: 
Parameters: { "devices", "task_type" } are not used.

  bst.update(dtrain, iteration=i, fobj=obj)
                                                                                   Best trial: 10. Best value: 1.8242:  22%|██▏       | 11/50 [00:34<02:32,  3.92s/it]Best trial: 10. Best value: 1.8242:  22%|██▏       | 11/50 [00:34<02:32,  3.92s/it]Best trial: 10. Best value: 1.8242:  24%|██▍       | 12/50 [00:34<02:44,  4.32s/it]D:\Python\realtime_estimate_tracker\venv_bds\lib\site-packages\xgboost\training.py:200: UserWarning: [22:08:27] WARNING: C:\actions-runner\_work\xgboost\xgboost\src\learner.cc:782: 
Parameters: { "devices", "task_type" } are not used.

  bst.update(dtrain, iteration=i, fobj=obj)
                                                                                   Best trial: 10. Best value: 1.8242:  24%|██▍       | 12/50 [00:40<02:44,  4.32s/it]Best trial: 12. Best value: 1.80906:  24%|██▍       | 12/50 [00:40<02:44,  4.32s/it]Best trial: 12. Best value: 1.80906:  26%|██▌       | 13/50 [00:40<02:50,  4.60s/it]D:\Python\realtime_estimate_tracker\venv_bds\lib\site-packages\xgboost\training.py:200: UserWarning: [22:08:33] WARNING: C:\actions-runner\_work\xgboost\xgboost\src\learner.cc:782: 
Parameters: { "devices", "task_type" } are not used.

  bst.update(dtrain, iteration=i, fobj=obj)
                                                                                    Best trial: 12. Best value: 1.80906:  26%|██▌       | 13/50 [00:47<02:50,  4.60s/it]Best trial: 13. Best value: 1.80216:  26%|██▌       | 13/50 [00:47<02:50,  4.60s/it]Best trial: 13. Best value: 1.80216:  28%|██▊       | 14/50 [00:47<03:19,  5.54s/it]D:\Python\realtime_estimate_tracker\venv_bds\lib\site-packages\xgboost\training.py:200: UserWarning: [22:08:40] WARNING: C:\actions-runner\_work\xgboost\xgboost\src\learner.cc:782: 
Parameters: { "devices", "task_type" } are not used.

  bst.update(dtrain, iteration=i, fobj=obj)
                                                                                    Best trial: 13. Best value: 1.80216:  28%|██▊       | 14/50 [00:53<03:19,  5.54s/it]Best trial: 13. Best value: 1.80216:  28%|██▊       | 14/50 [00:53<03:19,  5.54s/it]Best trial: 13. Best value: 1.80216:  30%|███       | 15/50 [00:53<03:17,  5.66s/it]D:\Python\realtime_estimate_tracker\venv_bds\lib\site-packages\xgboost\training.py:200: UserWarning: [22:08:46] WARNING: C:\actions-runner\_work\xgboost\xgboost\src\learner.cc:782: 
Parameters: { "devices", "task_type" } are not used.

  bst.update(dtrain, iteration=i, fobj=obj)
                                                                                    Best trial: 13. Best value: 1.80216:  30%|███       | 15/50 [00:59<03:17,  5.66s/it]Best trial: 13. Best value: 1.80216:  30%|███       | 15/50 [00:59<03:17,  5.66s/it]Best trial: 13. Best value: 1.80216:  32%|███▏      | 16/50 [00:59<03:14,  5.71s/it]D:\Python\realtime_estimate_tracker\venv_bds\lib\site-packages\xgboost\training.py:200: UserWarning: [22:08:52] WARNING: C:\actions-runner\_work\xgboost\xgboost\src\learner.cc:782: 
Parameters: { "devices", "task_type" } are not used.

  bst.update(dtrain, iteration=i, fobj=obj)
                                                                                    Best trial: 13. Best value: 1.80216:  32%|███▏      | 16/50 [01:04<03:14,  5.71s/it]Best trial: 13. Best value: 1.80216:  32%|███▏      | 16/50 [01:04<03:14,  5.71s/it]Best trial: 13. Best value: 1.80216:  34%|███▍      | 17/50 [01:04<03:04,  5.58s/it]D:\Python\realtime_estimate_tracker\venv_bds\lib\site-packages\xgboost\training.py:200: UserWarning: [22:08:57] WARNING: C:\actions-runner\_work\xgboost\xgboost\src\learner.cc:782: 
Parameters: { "devices", "task_type" } are not used.

  bst.update(dtrain, iteration=i, fobj=obj)
                                                                                    Best trial: 13. Best value: 1.80216:  34%|███▍      | 17/50 [01:11<03:04,  5.58s/it]Best trial: 13. Best value: 1.80216:  34%|███▍      | 17/50 [01:11<03:04,  5.58s/it]Best trial: 13. Best value: 1.80216:  36%|███▌      | 18/50 [01:11<03:07,  5.85s/it]D:\Python\realtime_estimate_tracker\venv_bds\lib\site-packages\xgboost\training.py:200: UserWarning: [22:09:04] WARNING: C:\actions-runner\_work\xgboost\xgboost\src\learner.cc:782: 
Parameters: { "devices", "task_type" } are not used.

  bst.update(dtrain, iteration=i, fobj=obj)
                                                                                    Best trial: 13. Best value: 1.80216:  36%|███▌      | 18/50 [01:14<03:07,  5.85s/it]Best trial: 13. Best value: 1.80216:  36%|███▌      | 18/50 [01:14<03:07,  5.85s/it]Best trial: 13. Best value: 1.80216:  38%|███▊      | 19/50 [01:14<02:32,  4.93s/it]D:\Python\realtime_estimate_tracker\venv_bds\lib\site-packages\xgboost\training.py:200: UserWarning: [22:09:07] WARNING: C:\actions-runner\_work\xgboost\xgboost\src\learner.cc:782: 
Parameters: { "devices", "task_type" } are not used.

  bst.update(dtrain, iteration=i, fobj=obj)
                                                                                    Best trial: 13. Best value: 1.80216:  38%|███▊      | 19/50 [01:17<02:32,  4.93s/it]Best trial: 13. Best value: 1.80216:  38%|███▊      | 19/50 [01:17<02:32,  4.93s/it]Best trial: 13. Best value: 1.80216:  40%|████      | 20/50 [01:17<02:12,  4.40s/it]D:\Python\realtime_estimate_tracker\venv_bds\lib\site-packages\xgboost\training.py:200: UserWarning: [22:09:10] WARNING: C:\actions-runner\_work\xgboost\xgboost\src\learner.cc:782: 
Parameters: { "devices", "task_type" } are not used.

  bst.update(dtrain, iteration=i, fobj=obj)
                                                                                    Best trial: 13. Best value: 1.80216:  40%|████      | 20/50 [01:23<02:12,  4.40s/it]Best trial: 13. Best value: 1.80216:  40%|████      | 20/50 [01:23<02:12,  4.40s/it]Best trial: 13. Best value: 1.80216:  42%|████▏     | 21/50 [01:23<02:24,  4.98s/it]D:\Python\realtime_estimate_tracker\venv_bds\lib\site-packages\xgboost\training.py:200: UserWarning: [22:09:16] WARNING: C:\actions-runner\_work\xgboost\xgboost\src\learner.cc:782: 
Parameters: { "devices", "task_type" } are not used.

  bst.update(dtrain, iteration=i, fobj=obj)
                                                                                    Best trial: 13. Best value: 1.80216:  42%|████▏     | 21/50 [01:28<02:24,  4.98s/it]Best tria