[I 2026-03-29 22:11:33,016] Trial 49 finished with value: 1.8364885261846517 and parameters: {'n_estimators': 1157, 'learning_rate': 0.010486781145757431, 'max_depth': 13, 'subsample': 0.6409738618972235, 'colsample_bytree': 0.9631488583500563, 'min_child_weight': 6}. Best is trial 32 with value: 1.7004988576431312.
✅ Tham số tối ưu nhất từ Optuna: {'n_estimators': 1038, 'learning_rate': 0.018297248641772047, 'max_depth': 14, 'subsample': 0.6402342426617083, 'colsample_bytree': 0.9976209550032239, 'min_child_weight': 1}
MAE của mô hình XGBoost: 1.7135
R² của mô hình XGBoost: 0.9195
🥊 Đang so sánh... Champion MAE: 1.6245 vs Challenger MAE: 1.7135
🛡️ Champion bảo vệ ngôi vương. Giữ nguyên mô hình cũ.
[Sun 03/29/2026 22:11:39.27] [4/4] Dang dong bo AI Model (qua LFS) len GitHub... 
[main 7ede7b9] Auto-update AI Model: Sun 03/29/2026 22:11:41.35
 2 files changed, 366 insertions(+)
remote: This repository moved. Please use the new location:        
remote:   https://github.com/HieuNT316/hanoi-house-price-prediction.git        
To https://github.com/Alexus143/hanoi-house-price-prediction.git
   b25d59e..7ede7b9  main -> main
========================================= 
[Tue 03/31/2026  1:06:25.83] [1/4] Dang cao chi tiet BĐS... 
🔍 Đang cấu hình Database với: postgres.kkwivuufxdewurmxtsto@aws-1-ap-southeast-1.pooler.supabase.com:5432/postgres

[DetailSpider] Khởi động luồng làm giàu dữ liệu (Limit: 50 bài/lượt)...
✅ Đã kết nối thành công tới PostgreSQL.
[Browser] Đang khởi tạo trình duyệt...
[Browser] Phát hiện Chrome (Windows): Version 139

[DetailSpider] Đang cào (1/13): https://batdongsan.com.vn/ban-nha-biet-thu-lien-ke-duong-phuc-la-phuong-kien-hung-kien-hung-luxury/ban-ha-ong-toan-van-phong-ket-hop-o-6-tang-thang-may-bang-gia-tho-pr45420801
  -> Lấy được 5/6 feature chi tiết.

[DetailSpider] Đang cào (2/13): https://batdongsan.com.vn/ban-can-ho-chung-cu-phuong-duong-noi-an-binh-homeland/chinh-chu-ban-duplex-140-168m2-that-co-ban-gia-tot-nhat-thi-truong-pr45430915
  -> Lấy được 3/6 feature chi tiết.

[DetailSpider] Đang cào (3/13): https://batdongsan.com.vn/ban-can-ho-chung-cu-phuong-la-khe-parc-regent/doc-quyen-quy-chuyen-nhuong-gia-sieu-tot-parkcity-hanoi-pr44845038
  -> Lấy được 3/6 feature chi tiết.

[DetailSpider] Đang cào (4/13): https://batdongsan.com.vn/ban-nha-mat-pho-duong-quang-trung-phuong-quang-trung-17-15/chinh-chu-ban-366-vi-tri-dac-dia-gia-re-nhat-khu-vuc-pr43810005
  -> Lấy được 4/6 feature chi tiết.

[DetailSpider] Đang cào (5/13): https://batdongsan.com.vn/ban-nha-biet-thu-lien-ke-phuong-phu-luong-3-khu-do-thi-moi-phu-luong-21515/ban-can-goc-sieu-vip-5pn-75m2-k-tm-q-ha-ong-ha-noi-pr45433270
  -> Lấy được 3/6 feature chi tiết.

[DetailSpider] Đang cào (6/13): https://batdongsan.com.vn/ban-can-ho-chung-cu-duong-to-huu-phuong-la-khe-usilk-city/ban-gap-cc-ep-xuat-sac-tai-6-2-ty-88m2-2pn-2wc-pr45431680
  -> Lấy được 2/6 feature chi tiết.

[DetailSpider] Đang cào (7/13): https://batdongsan.com.vn/ban-can-ho-chung-cu-duong-to-huu-phuong-la-khe-the-charm-an-hung/tong-hop-quy-chuyen-nhuong-gia-tot-tu-5-2-ty-can-pr44957338
  -> Lấy được 1/6 feature chi tiết.

[DetailSpider] Đang cào (8/13): https://batdongsan.com.vn/ban-can-ho-chung-cu-phuong-kien-hung-khu-do-thi-thanh-ha-muong-thanh/ban-2-ngu-fun-noi-that-chi-3tty-250-trieu-pr45428121
  -> Lấy được 0/6 feature chi tiết.

[DetailSpider] Đang cào (9/13): https://batdongsan.com.vn/ban-nha-rieng-duong-le-loi-1-phuong-ha-cau-15/ban-5-tang-cuc-ep-ngay-sat-nga-tu-tri-cho-ong-chi-mot-buoc-ra-mat-pho-uong-o-to-pr45426800
  -> Lấy được 4/6 feature chi tiết.

[DetailSpider] Đang cào (10/13): https://batdongsan.com.vn/ban-shophouse-nha-pho-thuong-mai-duong-phuc-la-van-phu-phuong-kien-hung-kien-hung-luxury/ban-gap-da-2-mat-uong-truc-chinh-130m2-co-tang-ham-lh-pr45426284
  -> Lấy được 5/6 feature chi tiết.

[DetailSpider] Đang cào (11/13): https://batdongsan.com.vn/ban-can-ho-chung-cu-duong-19-5-1-phuong-van-quan-rainbow-building/chinh-chu-ban-3pn-120m2-tai-gia-tri-ben-vung-pr45425320
  -> Lấy được 2/6 feature chi tiết.

[DetailSpider] Đang cào (12/13): https://batdongsan.com.vn/ban-nha-biet-thu-lien-ke-duong-21b-phuong-phu-luong-3-khu-do-thi-moi-phu-luong-21515/ban-dat-2-ql21b-o-to-tranh-50m2-2-tang-5x10m-hop-o-dau-tu-pr44807967
  -> Lấy được 0/6 feature chi tiết.

[DetailSpider] Đang cào (13/13): https://batdongsan.com.vn/ban-nha-mat-pho-duong-quang-trung-phuong-quang-trung-17-15/chinh-chu-ban-366-vi-tri-dac-dia-gia-re-nhat-khu-vuc-pr43810005
  -> Lấy được 4/6 feature chi tiết.

[DetailSpider] Hoàn thành. Cập nhật thành công 13/13 bài đăng.
[Tue 03/31/2026  1:10:16.46] [2/4] Dang clean du lieu... 
🔍 Đang cấu hình Database với: postgres.kkwivuufxdewurmxtsto@aws-1-ap-southeast-1.pooler.supabase.com:5432/postgres
✅ Đã kết nối thành công tới PostgreSQL.
🔄 Upsert thành công 5533 bản ghi vào 'bds_hadong'.
✅ Đã cập nhật cột legal_status và furniture thành công.
[Tue 03/31/2026  1:10:23.92] [3/4] Dang huan luyen AI tren du lieu moi... 
🔍 Đang cấu hình Database với: postgres.kkwivuufxdewurmxtsto@aws-1-ap-southeast-1.pooler.supabase.com:5432/postgres
[I 2026-03-31 01:10:53,925] A new study created in memory with name: no-name-224b8d66-1763-4761-9ec6-fe8147a04ff0
✅ Đã kết nối thành công tới PostgreSQL.
  0%|          | 0/50 [00:00<?, ?it/s]D:\Python\realtime_estimate_tracker\venv_bds\lib\site-packages\xgboost\training.py:200: UserWarning: [01:10:54] WARNING: C:\actions-runner\_work\xgboost\xgboost\src\learner.cc:782: 
Parameters: { "devices", "task_type" } are not used.

  bst.update(dtrain, iteration=i, fobj=obj)
                                        0%|          | 0/50 [00:02<?, ?it/s]Best trial: 0. Best value: 2.0912:   0%|          | 0/50 [00:02<?, ?it/s]Best trial: 0. Best value: 2.0912:   2%|▏         | 1/50 [00:02<02:11,  2.69s/it]D:\Python\realtime_estimate_tracker\venv_bds\lib\site-packages\xgboost\training.py:200: UserWarning: [01:10:56] WARNING: C:\actions-runner\_work\xgboost\xgboost\src\learner.cc:782: 
Parameters: { "devices", "task_type" } are not used.

  bst.update(dtrain, iteration=i, fobj=obj)
                                                                                 Best trial: 0. Best value: 2.0912:   2%|▏         | 1/50 [00:06<02:11,  2.69s/it]Best trial: 1. Best value: 2.04082:   2%|▏         | 1/50 [00:06<02:11,  2.69s/it]Best trial: 1. Best value: 2.04082:   4%|▍         | 2/50 [00:06<02:39,  3.31s/it]D:\Python\realtime_estimate_tracker\venv_bds\lib\site-packages\xgboost\training.py:200: UserWarning: [01:11:00] WARNING: C:\actions-runner\_work\xgboost\xgboost\src\learner.cc:782: 
Parameters: { "devices", "task_type" } are not used.

  bst.update(dtrain, iteration=i, fobj=obj)
                                                                                  Best trial: 1. Best value: 2.04082:   4%|▍         | 2/50 [00:11<02:39,  3.31s/it]Best trial: 2. Best value: 1.81824:   4%|▍         | 2/50 [00:11<02:39,  3.31s/it]Best trial: 2. Best value: 1.81824:   6%|▌         | 3/50 [00:11<03:23,  4.32s/it]D:\Python\realtime_estimate_tracker\venv_bds\lib\site-packages\xgboost\training.py:200: UserWarning: [01:11:05] WARNING: C:\actions-runner\_work\xgboost\xgboost\src\learner.cc:782: 
Parameters: { "devices", "task_type" } are not used.

  bst.update(dtrain, iteration=i, fobj=obj)
                                                                                  Best trial: 2. Best value: 1.81824:   6%|▌         | 3/50 [00:14<03:23,  4.32s/it]Best trial: 2. Best value: 1.81824:   6%|▌         | 3/50 [00:14<03:23,  4.32s/it]Best trial: 2. Best value: 1.81824:   8%|▊         | 4/50 [00:14<02:50,  3.70s/it]D:\Python\realtime_estimate_tracker\venv_bds\lib\site-packages\xgboost\training.py:200: UserWarning: [01:11:08] WARNING: C:\actions-runner\_work\xgboost\xgboost\src\learner.cc:782: 
Parameters: { "devices", "task_type" } are not used.

  bst.update(dtrain, iteration=i, fobj=obj)
                                                                                  Best trial: 2. Best value: 1.81824:   8%|▊         | 4/50 [00:16<02:50,  3.70s/it]Best trial: 2. Best value: 1.81824:   8%|▊         | 4/50 [00:16<02:50,  3.70s/it]Best trial: 2. Best value: 1.81824:  10%|█         | 5/50 [00:16<02:22,  3.17s/it]D:\Python\realtime_estimate_tracker\venv_bds\lib\site-packages\xgboost\training.py:200: UserWarning: [01:11:10] WARNING: C:\actions-runner\_work\xgboost\xgboost\src\learner.cc:782: 
Parameters: { "devices", "task_type" } are not used.

  bst.update(dtrain, iteration=i, fobj=obj)
                                                                                  Best trial: 2. Best value: 1.81824:  10%|█         | 5/50 [00:19<02:22,  3.17s/it]Best trial: 2. Best value: 1.81824:  10%|█         | 5/50 [00:19<02:22,  3.17s/it]Best trial: 2. Best value: 1.81824:  12%|█▏        | 6/50 [00:19<02:16,  3.11s/it]D:\Python\realtime_estimate_tracker\venv_bds\lib\site-packages\xgboost\training.py:200: UserWarning: [01:11:13] WARNING: C:\actions-runner\_work\xgboost\xgboost\src\learner.cc:782: 
Parameters: { "devices", "task_type" } are not used.

  bst.update(dtrain, iteration=i, fobj=obj)
                                                                                  Best trial: 2. Best value: 1.81824:  12%|█▏        | 6/50 [00:22<02:16,  3.11s/it]Best trial: 2. Best value: 1.81824:  12%|█▏        | 6/50 [00:22<02:16,  3.11s/it]Best trial: 2. Best value: 1.81824:  14%|█▍        | 7/50 [00:22<02:04,  2.90s/it]D:\Python\realtime_estimate_tracker\venv_bds\lib\site-packages\xgboost\training.py:200: UserWarning: [01:11:16] WARNING: C:\actions-runner\_work\xgboost\xgboost\src\learner.cc:782: 
Parameters: { "devices", "task_type" } are not used.

  bst.update(dtrain, iteration=i, fobj=obj)
                                                                                  Best trial: 2. Best value: 1.81824:  14%|█▍        | 7/50 [00:24<02:04,  2.90s/it]Best trial: 2. Best value: 1.81824:  14%|█▍        | 7/50 [00:24<02:04,  2.90s/it]Best trial: 2. Best value: 1.81824:  16%|█▌        | 8/50 [00:24<01:52,  2.67s/it]D:\Python\realtime_estimate_tracker\venv_bds\lib\site-packages\xgboost\training.py:200: UserWarning: [01:11:18] WARNING: C:\actions-runner\_work\xgboost\xgboost\src\learner.cc:782: 
Parameters: { "devices", "task_type" } are not used.

  bst.update(dtrain, iteration=i, fobj=obj)
                                                                                  Best trial: 2. Best value: 1.81824:  16%|█▌        | 8/50 [00:27<01:52,  2.67s/it]Best trial: 2. Best value: 1.81824:  16%|█▌        | 8/50 [00:27<01:52,  2.67s/it]Best trial: 2. Best value: 1.81824:  18%|█▊        | 9/50 [00:27<01:53,  2.76s/it]D:\Python\realtime_estimate_tracker\venv_bds\lib\site-packages\xgboost\training.py:200: UserWarning: [01:11:21] WARNING: C:\actions-runner\_work\xgboost\xgboost\src\learner.cc:782: 
Parameters: { "devices", "task_type" } are not used.

  bst.update(dtrain, iteration=i, fobj=obj)
                                                                                  Best trial: 2. Best value: 1.81824:  18%|█▊        | 9/50 [00:33<01:53,  2.76s/it]Best trial: 2. Best value: 1.81824:  18%|█▊        | 9/50 [00:33<01:53,  2.76s/it]Best trial: 2. Best value: 1.81824:  20%|██        | 10/50 [00:33<02:29,  3.74s/it]D:\Python\realtime_estimate_tracker\venv_bds\lib\site-packages\xgboost\training.py:200: UserWarning: [01:11:27] WARNING: C:\actions-runner\_work\xgboost\xgboost\src\learner.cc:782: 
Parameters: { "devices", "task_type" } are not used.

  bst.update(dtrain, iteration=i, fobj=obj)
                                                                                   Best trial: 2. Best value: 1.81824:  20%|██        | 10/50 [00:35<02:29,  3.74s/it]Best trial: 2. Best value: 1.81824:  20%|██        | 10/50 [00:35<02:29,  3.74s/it]Best trial: 2. Best value: 1.81824:  22%|██▏       | 11/50 [00:35<02:09,  3.31s/it]D:\Python\realtime_estimate_tracker\venv_bds\lib\site-packages\xgboost\training.py:200: UserWarning: [01:11:29] WARNING: C:\actions-runner\_work\xgboost\xgboost\src\learner.cc:782: 
Parameters: { "devices", "task_type" } are not used.

  bst.update(dtrain, iteration=i, fobj=obj)
                                                                                   Best trial: 2. Best value: 1.81824:  22%|██▏       | 11/50 [00:37<02:09,  3.31s/it]Best trial: 2. Best value: 1.81824:  22%|██▏       | 11/50 [00:37<02:09,  3.31s/it]Best trial: 2. Best value: 1.81824:  24%|██▍       | 12/50 [00:37<01:48,  2.87s/it]D:\Python\realtime_estimate_tracker\venv_bds\lib\site-packages\xgboost\training.py:200: UserWarning: [01:11:31] WARNING: C:\actions-runner\_work\xgboost\xgboost\src\learner.cc:782: 
Parameters: { "devices", "task_type" } are not used.

  bst.update(dtrain, iteration=i, fobj=obj)
                                                                                   Best trial: 2. Best value: 1.81824:  24%|██▍       | 12/50 [00:41<01:48,  2.87s/it]Best trial: 2. Best value: 1.81824:  24%|██▍       | 12/50 [00:41<01:48,  2.87s/it]Best trial: 2. Best value: 1.81824:  26%|██▌       | 13/50 [00:41<01:53,  3.06s/it]D:\Python\realtime_estimate_tracker\venv_bds\lib\site-packages\xgboost\training.py:200: UserWarning: [01:11:35] WARNING: C:\actions-runner\_work\xgboost\xgboost\src\learner.cc:782: 
Parameters: { "devices", "task_type" } are not used.

  bst.update(dtrain, iteration=i, fobj=obj)
                                                                                   Best trial: 2. Best value: 1.81824:  26%|██▌       | 13/50 [00:43<01:53,  3.06s/it]Best trial: 2. Best value: 1.81824:  26%|██▌       | 13/50 [00:43<01:53,  3.06s/it]Best trial: 2. Best value: 1.81824:  28%|██▊       | 14/50 [00:43<01:42,  2.85s/it]D:\Python\realtime_estimate_tracker\venv_bds\lib\site-packages\xgboost\training.py:200: UserWarning: [01:11:37] WARNING: C:\actions-runner\_work\xgboost\xgboost\src\learner.cc:782: 
Parameters: { "devices", "task_type" } are not used.

  bst.update(dtrain, iteration=i, fobj=obj)
                                                                                   Best trial: 2. Best value: 1.81824:  28%|██▊       | 14/50 [00:46<01:42,  2.85s/it]Best trial: 2. Best value: 1.81824:  28%|██▊       | 14/50 [00:46<01:42,  2.85s/it]Best trial: 2. Best value: 1.81824:  30%|███       | 15/50 [00:46<01:38,  2.82s/it]D:\Python\realtime_estimate_tracker\venv_bds\lib\site-packages\xgboost\training.py:200: UserWarning: [01:11:40] WARNING: C:\actions-runner\_work\xgboost\xgboost\src\learner.cc:782: 
Parameters: { "devices", "task_type" } are not used.

  bst.update(dtrain, iteration=i, fobj=obj)
                                                                                   Best trial: 2. Best value: 1.81824:  30%|███       | 15/50 [00:49<01:38,  2.82s/it]Best trial: 2. Best value: 1.81824:  30%|███       | 15/50 [00:49<01:38,  2.82s/it]Best trial: 2. Best value: 1.81824:  32%|███▏      | 16/50 [00:49<01:40,  2.95s/it]D:\Python\realtime_estimate_tracker\venv_bds\lib\site-packages\xgboost\training.py:200: UserWarning: [01:11:43] WARNING: C:\actions-runner\_work\xgboost\xgboost\src\learner.cc:782: 
Parameters: { "devices", "task_type" } are not used.

  bst.update(dtrain, iteration=i, fobj=obj)
                                                                                   Best trial: 2. Best value: 1.81824:  32%|███▏      | 16/50 [00:52<01:40,  2.95s/it]Best trial: 2. Best value: 1.81824:  32%|███▏      | 16/50 [00:52<01:40,  2.95s/it]Best trial: 2. Best value: 1.81824:  34%|███▍      | 17/50 [00:52<01:40,  3.04s/it]D:\Python\realtime_estimate_tracker\venv_bds\lib\site-packages\xgboost\training.py:200: UserWarning: [01:11:46] WARNING: C:\actions-runner\_work\xgboost\xgboost\src\learner.cc:782: 
Parameters: { "devices", "task_type" } are not used.

  bst.update(dtrain, iteration=i, fobj=obj)
                                                                                   Best trial: 2. Best value: 1.81824:  34%|███▍      | 17/50 [00:54<01:40,  3.04s/it]Best trial: 2. Best value: 1.81824:  34%|███▍      | 17/50 [00:54<01:40,  3.04s/it]Best trial: 2. Best value: 1.81824:  36%|███▌      | 18/50 [00:54<01:20,  2.53s/it]D:\Python\realtime_estimate_tracker\venv_bds\lib\site-packages\xgboost\training.py:200: UserWarning: [01:11:48] WARNING: C:\actions-runner\_work\xgboost\xgboost\src\learner.cc:782: 
Parameters: { "devices", "task_type" } are not used.

  bst.update(dtrain, iteration=i, fobj=obj)
                                                                                   Best trial: 2. Best value: 1.81824:  36%|███▌      | 18/50 [00:57<01:20,  2.53s/it]Best trial: 2. Best value: 1.81824:  36%|███▌      | 18/50 [00:57<01:20,  2.53s/it]Best trial: 2. Best value: 1.81824:  38%|███▊      | 19/50 [00:57<01:24,  2.73s/it]D:\Python\realtime_estimate_tracker\venv_bds\lib\site-packages\xgboost\training.py:200: UserWarning: [01:11:51] WARNING: C:\actions-runner\_work\xgboost\xgboost\src\learner.cc:782: 
Parameters: { "devices", "task_type" } are not used.

  bst.update(dtrain, iteration=i, fobj=obj)
                                                                                   Best trial: 2. Best value: 1.81824:  38%|███▊      | 19/50 [01:03<01:24,  2.73s/it]Best trial: 19. Best value: 1.75146:  38%|███▊      | 19/50 [01:03<01:24,  2.73s/it]Best trial: 19. Best value: 1.75146:  40%|████      | 20/50 [01:03<01:53,  3.77s/it]D:\Python\realtime_estimate_tracker\venv_bds\lib\site-packages\xgboost\training.py:200: UserWarning: [01:11:57] WARNING: C:\actions-runner\_work\xgboost\xgboost\src\learner.cc:782: 
Parameters: { "devices", "task_type" } are not used.

  bst.update(dtrain, iteration=i, fobj=obj)
                                                                                    Best trial: 19. Best value: 1.75146:  40%|████      | 20/50 [01:09<01:53,  3.77s/it]Best trial: 20. Best value: 1.74242:  40%|████      | 20/50 [01:09<01:53,  3.77s/it]Best trial: 20. Best value: 1.74242:  42%|████▏     | 21/50 [01:09<02:11,  4.52s/it]D:\Python\realtime_estimate_tracker\venv_bds\lib\site-packages\xgboost\training.py:200: UserWarning: [01:12:03] WARNING: C:\actions-runner\_work\xgboost\xgboost\src\learner.cc:782: 
Parameters: { "devices", "task_type" } are not used.

  bst.update(dtrain, iteration=i, fobj=obj)
                                                                                    Best trial: 20. Best value: 1.74242:  42%|████▏     | 21/50 [01:15<02:11,  4.52s/it]Best trial: 20. Best value: 1.74242:  42%|████▏     | 21/50 [01:15<02:11,  4.52s/it]Best trial: 20. Best value: 1.74242:  44%|████▍     | 22/50 [01:15<02:20,  5.03s/it]D:\Python\realtime_estimate_tracker\venv_bds\lib\site-packages\xgboost\training.py:200: UserWarning: [01:12:09] WARNING: C:\actions-runner\_work\xgboost\xgboost\src\learner.cc:782: 
Parameters: { "devices", "task_type" } are not used.

  bst.update(dtrain, iteration=i, fobj=obj)
                                                                                    Best trial: 20. Best value: 1.74242:  44%|████▍     | 22/50 [01:22<02:20,  5.03s/it]Best trial: 20. Best value: 1.74242:  44%|████▍     | 22/50 [01:22<02:20,  5.03s/it]Best trial: 20. Best value: 1.74242:  46%|████▌     | 23/50 [01:22<02:25,  5.39s/it]D:\Python\realtime_estimate_tracker\venv_bds\lib\site-packages\xgboost\training.py:200: UserWarning: [01:12:16] WARNING: C:\actions-runner\_work\xgboost\xgboost\src\learner.cc:782: 
Parameters: { "devices", "task_type" } are not used.

  bst.update(dtrain, iteration=i, fobj=obj)
                                                                                    Best trial: 20. Best value: 1.74242:  46%|████▌     | 23/50 [01:28<02:25,  5.39s/it]Best trial: 20. Best value: 1.74242:  46%|████▌     | 23/50 [01:28<02:25,  5.39s/it]Best trial: 20. Best value: 1.74242:  48%|████▊     | 24/50 [01:28<02:24,  5.56s/it]D:\Python\realtime_estimate_tracker\venv_bds\lib\site-packages\xgboost\training.py:200: UserWarning: [01:12:22] WARNING: C:\actions-runner\_work\xgboost\xgboost\src\learner.cc:782: 
Parameters: { "devices", "task_type" } are not used.

  bst.update(dtrain, iteration=i, fobj=obj)
                                                                                    Best trial: 20. Best value: 1.74242:  48%|████▊     | 24/50 [01:33<02:24,  5.56s/it]Best trial: 20. Best value: 1.74242:  48%|████▊     | 24/50 [01:33<02:24,  5.56s/it]Best trial: 20. Best value: 1.74242:  50%|█████     | 25/50 [01:33<02:14,  5.39s/it]D:\Python\realtime_estimate_tracker\venv_bds\lib\site-packages\xgboost\training.py:200: UserWarning: [01:12:27] WARNING: C:\actions-runner\_work\xgboost\xgboost\src\learner.cc:782: 
Parameters: { "devices", "task_type" } are not used.

  bst.update(dtrain, iteration=i, fobj=obj)
                                                                                    Best trial: 20. Best value: 1.74242:  50%|█████     | 25/50 [01:38<02:14,  5.39s/it]Best trial: 20. Best value: 1.74242:  50%|█████     | 25/50 [01:38<02:14,  5.39s/it]Best trial: 20. Best value: 1.74242:  52%|█████▏    | 26/50 [01:38<02:05,  5.22s/it]D:\Python\realtime_estimate_tracker\venv_bds\lib\site-packages\xgboost\training.py:200: UserWarning: [01:12:31] WARNING: C:\actions-runner\_work\xgboost\xgboost\src\learner.cc:782: 
Parameters: { "devices", "task_type" } are not used.

  bst.update(dtrain, iteration=i, fobj=obj)
                                                                                    Best trial: 20. Best value: 1.74242:  52%|█████▏    | 26/50 [01:41<02:05,  5.22s/it]Best trial: 20. Best value: 1.74242:  52%|█████▏    | 26/50 [01:41<02:05,  5.22s/it]Best trial: 20. Best value: 1.74242:  54%|█████▍    | 27/50 [01:41<01:44,  4.56s/it]D:\Py