[I 2026-03-18 22:05:02,595] Trial 0 finished with value: 1.9082467255568782 and parameters: {'n_estimators': 1041, 'learning_rate': 0.006727136441556726, 'max_depth': 10, 'subsample': 0.9163023384586606, 'colsample_bytree': 0.9848744852232707, 'min_child_weight': 5}. Best is trial 0 with value: 1.9082467255568782.
[I 2026-03-18 22:05:04,411] Trial 1 finished with value: 2.107200235606765 and parameters: {'n_estimators': 920, 'learning_rate': 0.010673381149371677, 'max_depth': 7, 'subsample': 0.6483036138206886, 'colsample_bytree': 0.6159245594583503, 'min_child_weight': 1}. Best is trial 0 with value: 1.9082467255568782.
[I 2026-03-18 22:05:06,674] Trial 2 finished with value: 1.9626747563396778 and parameters: {'n_estimators': 696, 'learning_rate': 0.015558478099495718, 'max_depth': 15, 'subsample': 0.9264806465285867, 'colsample_bytree': 0.9821377482952467, 'min_child_weight': 9}. Best is trial 0 with value: 1.9082467255568782.
[I 2026-03-18 22:05:07,553] Trial 3 finished with value: 2.093909008133966 and parameters: {'n_estimators': 448, 'learning_rate': 0.031568465337048705, 'max_depth': 7, 'subsample': 0.7929066851051411, 'colsample_bytree': 0.6690332674914369, 'min_child_weight': 10}. Best is trial 0 with value: 1.9082467255568782.
[I 2026-03-18 22:05:09,613] Trial 4 finished with value: 2.0834616715873397 and parameters: {'n_estimators': 1033, 'learning_rate': 0.0066579871338832775, 'max_depth': 7, 'subsample': 0.648530791880303, 'colsample_bytree': 0.9233094810315441, 'min_child_weight': 8}. Best is trial 0 with value: 1.9082467255568782.
[I 2026-03-18 22:05:10,943] Trial 5 finished with value: 2.325290691115967 and parameters: {'n_estimators': 726, 'learning_rate': 0.008418421002687285, 'max_depth': 5, 'subsample': 0.8192824575151735, 'colsample_bytree': 0.6138025027888566, 'min_child_weight': 1}. Best is trial 0 with value: 1.9082467255568782.
[I 2026-03-18 22:05:12,163] Trial 6 finished with value: 2.0971231614204338 and parameters: {'n_estimators': 589, 'learning_rate': 0.05988702481776319, 'max_depth': 6, 'subsample': 0.7875689674069392, 'colsample_bytree': 0.6405921361623624, 'min_child_weight': 8}. Best is trial 0 with value: 1.9082467255568782.
[I 2026-03-18 22:05:13,845] Trial 7 finished with value: 1.9855056140189946 and parameters: {'n_estimators': 705, 'learning_rate': 0.03489621780528381, 'max_depth': 10, 'subsample': 0.6662952311133019, 'colsample_bytree': 0.7358848799688409, 'min_child_weight': 9}. Best is trial 0 with value: 1.9082467255568782.
[I 2026-03-18 22:05:16,013] Trial 8 finished with value: 2.0768318441353566 and parameters: {'n_estimators': 1216, 'learning_rate': 0.02256014238085189, 'max_depth': 6, 'subsample': 0.6007891880947369, 'colsample_bytree': 0.679972311541347, 'min_child_weight': 5}. Best is trial 0 with value: 1.9082467255568782.
[I 2026-03-18 22:05:17,319] Trial 9 finished with value: 2.204551789794966 and parameters: {'n_estimators': 592, 'learning_rate': 0.005476295462456905, 'max_depth': 8, 'subsample': 0.8181376544812018, 'colsample_bytree': 0.7831958110387391, 'min_child_weight': 9}. Best is trial 0 with value: 1.9082467255568782.
[I 2026-03-18 22:05:22,074] Trial 10 finished with value: 1.8623015257958755 and parameters: {'n_estimators': 1498, 'learning_rate': 0.08778654867273031, 'max_depth': 13, 'subsample': 0.9872133032747229, 'colsample_bytree': 0.8772138710910935, 'min_child_weight': 4}. Best is trial 10 with value: 1.8623015257958755.
[I 2026-03-18 22:05:27,093] Trial 11 finished with value: 1.8448265027116897 and parameters: {'n_estimators': 1500, 'learning_rate': 0.09881740725030737, 'max_depth': 14, 'subsample': 0.9999933260877583, 'colsample_bytree': 0.8743799207605174, 'min_child_weight': 4}. Best is trial 11 with value: 1.8448265027116897.
[I 2026-03-18 22:05:32,843] Trial 12 finished with value: 1.8567776150232136 and parameters: {'n_estimators': 1496, 'learning_rate': 0.09327519094750929, 'max_depth': 15, 'subsample': 0.9953229388126291, 'colsample_bytree': 0.8689055931988195, 'min_child_weight': 3}. Best is trial 11 with value: 1.8448265027116897.
[I 2026-03-18 22:05:38,491] Trial 13 finished with value: 1.8617147381982138 and parameters: {'n_estimators': 1497, 'learning_rate': 0.09305178448189232, 'max_depth': 15, 'subsample': 0.9943623022092386, 'colsample_bytree': 0.8714699380713549, 'min_child_weight': 3}. Best is trial 11 with value: 1.8448265027116897.
[I 2026-03-18 22:05:42,952] Trial 14 finished with value: 1.8490755003435666 and parameters: {'n_estimators': 1301, 'learning_rate': 0.05443754180207746, 'max_depth': 13, 'subsample': 0.9168773290288101, 'colsample_bytree': 0.8381345552766379, 'min_child_weight': 3}. Best is trial 11 with value: 1.8448265027116897.
[I 2026-03-18 22:05:47,700] Trial 15 finished with value: 1.9009601230510447 and parameters: {'n_estimators': 1307, 'learning_rate': 0.048262492940377946, 'max_depth': 13, 'subsample': 0.9023220505870073, 'colsample_bytree': 0.7907204018462363, 'min_child_weight': 3}. Best is trial 11 with value: 1.8448265027116897.
[I 2026-03-18 22:05:51,742] Trial 16 finished with value: 1.9233448584659154 and parameters: {'n_estimators': 1274, 'learning_rate': 0.057193535483033756, 'max_depth': 13, 'subsample': 0.8686285673651105, 'colsample_bytree': 0.8268715589982563, 'min_child_weight': 6}. Best is trial 11 with value: 1.8448265027116897.
[I 2026-03-18 22:05:55,643] Trial 17 finished with value: 1.8705351108212804 and parameters: {'n_estimators': 1342, 'learning_rate': 0.0667264964707984, 'max_depth': 11, 'subsample': 0.9434818740801604, 'colsample_bytree': 0.9126101363492233, 'min_child_weight': 2}. Best is trial 11 with value: 1.8448265027116897.
[I 2026-03-18 22:05:59,026] Trial 18 finished with value: 1.9299581247282582 and parameters: {'n_estimators': 1110, 'learning_rate': 0.03831833083147415, 'max_depth': 12, 'subsample': 0.8648807131677592, 'colsample_bytree': 0.7358985753268584, 'min_child_weight': 6}. Best is trial 11 with value: 1.8448265027116897.
[I 2026-03-18 22:06:04,300] Trial 19 finished with value: 1.9087329736346421 and parameters: {'n_estimators': 1395, 'learning_rate': 0.025609077629854076, 'max_depth': 14, 'subsample': 0.7371221784735617, 'colsample_bytree': 0.8240807730985834, 'min_child_weight': 4}. Best is trial 11 with value: 1.8448265027116897.
[I 2026-03-18 22:06:07,935] Trial 20 finished with value: 1.898252227830471 and parameters: {'n_estimators': 1148, 'learning_rate': 0.014425087683266637, 'max_depth': 12, 'subsample': 0.9420094246785876, 'colsample_bytree': 0.922355773820987, 'min_child_weight': 7}. Best is trial 11 with value: 1.8448265027116897.
[I 2026-03-18 22:06:13,510] Trial 21 finished with value: 1.8512051792265372 and parameters: {'n_estimators': 1394, 'learning_rate': 0.07689044916209517, 'max_depth': 15, 'subsample': 0.9754745312471402, 'colsample_bytree': 0.8610367071616297, 'min_child_weight': 3}. Best is trial 11 with value: 1.8448265027116897.
[I 2026-03-18 22:06:18,956] Trial 22 finished with value: 1.9101339804721436 and parameters: {'n_estimators': 1389, 'learning_rate': 0.0763872197375963, 'max_depth': 14, 'subsample': 0.9667487142410018, 'colsample_bytree': 0.8249863879924708, 'min_child_weight': 2}. Best is trial 11 with value: 1.8448265027116897.
[I 2026-03-18 22:06:23,663] Trial 23 finished with value: 1.8684261714325394 and parameters: {'n_estimators': 1219, 'learning_rate': 0.04605768153433674, 'max_depth': 14, 'subsample': 0.8900140238204117, 'colsample_bytree': 0.8986218547141017, 'min_child_weight': 4}. Best is trial 11 with value: 1.8448265027116897.
[I 2026-03-18 22:06:28,293] Trial 24 finished with value: 1.85831167864148 and parameters: {'n_estimators': 1371, 'learning_rate': 0.06914445657725796, 'max_depth': 12, 'subsample': 0.9573398667075601, 'colsample_bytree': 0.9452234850815004, 'min_child_weight': 2}. Best is trial 11 with value: 1.8448265027116897.
[I 2026-03-18 22:06:33,723] Trial 25 finished with value: 1.8799044677738534 and parameters: {'n_estimators': 1422, 'learning_rate': 0.04765539752751085, 'max_depth': 14, 'subsample': 0.8589970555356149, 'colsample_bytree': 0.848258945019971, 'min_child_weight': 4}. Best is trial 11 with value: 1.8448265027116897.
[I 2026-03-18 22:06:36,202] Trial 26 finished with value: 1.900632510654871 and parameters: {'n_estimators': 907, 'learning_rate': 0.07343775955466812, 'max_depth': 9, 'subsample': 0.9665949422699527, 'colsample_bytree': 0.7696656288084709, 'min_child_weight': 3}. Best is trial 11 with value: 1.8448265027116897.
[I 2026-03-18 22:06:39,813] Trial 27 finished with value: 1.9639941228725188 and parameters: {'n_estimators': 1234, 'learning_rate': 0.09639566908687577, 'max_depth': 11, 'subsample': 0.8901385070744977, 'colsample_bytree': 0.7620977015531887, 'min_child_weight': 5}. Best is trial 11 with value: 1.8448265027116897.
[I 2026-03-18 22:06:44,970] Trial 28 finished with value: 1.8182928442245307 and parameters: {'n_estimators': 1156, 'learning_rate': 0.05124728229290231, 'max_depth': 15, 'subsample': 0.7470378632579586, 'colsample_bytree': 0.9512683820999741, 'min_child_weight': 2}. Best is trial 28 with value: 1.8182928442245307.
[I 2026-03-18 22:06:49,576] Trial 29 finished with value: 1.7835180439201899 and parameters: {'n_estimators': 1108, 'learning_rate': 0.029887535051253918, 'max_depth': 13, 'subsample': 0.761221960205859, 'colsample_bytree': 0.9993326341964598, 'min_child_weight': 1}. Best is trial 29 with value: 1.7835180439201899.
[I 2026-03-18 22:06:53,092] Trial 30 finished with value: 1.8144745338114194 and parameters: {'n_estimators': 1027, 'learning_rate': 0.028110276835337036, 'max_depth': 11, 'subsample': 0.7344473028614108, 'colsample_bytree': 0.9921126478468711, 'min_child_weight': 1}. Best is trial 29 with value: 1.7835180439201899.
[I 2026-03-18 22:06:56,707] Trial 31 finished with value: 1.8245224055559137 and parameters: {'n_estimators': 1021, 'learning_rate': 0.018540826438700614, 'max_depth': 11, 'subsample': 0.7390477615684922, 'colsample_bytree': 0.9946999818956191, 'min_child_weight': 1}. Best is trial 29 with value: 1.7835180439201899.
[I 2026-03-18 22:06:59,924] Trial 32 finished with value: 1.8415335374762845 and parameters: {'n_estimators': 1015, 'learning_rate': 0.017414205688938342, 'max_depth': 10, 'subsample': 0.7348912311523346, 'colsample_bytree': 0.9899393319135912, 'min_child_weight': 1}. Best is trial 29 with value: 1.7835180439201899.
[I 2026-03-18 22:07:02,733] Trial 33 finished with value: 1.8827107937988847 and parameters: {'n_estimators': 970, 'learning_rate': 0.028698400043626535, 'max_depth': 9, 'subsample': 0.7269822824158308, 'colsample_bytree': 0.9586269785974869, 'min_child_weight': 1}. Best is trial 29 with value: 1.7835180439201899.
[I 2026-03-18 22:07:05,908] Trial 34 finished with value: 1.8402941372036934 and parameters: {'n_estimators': 845, 'learning_rate': 0.019848931999812816, 'max_depth': 11, 'subsample': 0.6920570526454969, 'colsample_bytree': 0.9590662375533268, 'min_child_weight': 1}. Best is trial 29 with value: 1.7835180439201899.
[I 2026-03-18 22:07:09,714] Trial 35 finished with value: 1.846414424948221 and parameters: {'n_estimators': 1114, 'learning_rate': 0.012036327306242475, 'max_depth': 11, 'subsample': 0.7575510226821974, 'colsample_bytree': 0.9966700562362003, 'min_child_weight': 2}. Best is trial 29 with value: 1.7835180439201899.
[I 2026-03-18 22:07:12,816] Trial 36 finished with value: 1.8136409640995568 and parameters: {'n_estimators': 841, 'learning_rate': 0.03814543817642856, 'max_depth': 12, 'subsample': 0.7036895286555588, 'colsample_bytree': 0.9655434680666701, 'min_child_weight': 1}. Best is trial 29 with value: 1.7835180439201899.
[I 2026-03-18 22:07:15,707] Trial 37 finished with value: 1.836768380729265 and parameters: {'n_estimators': 816, 'learning_rate': 0.03978476243297205, 'max_depth': 12, 'subsample': 0.7025053607646612, 'colsample_bytree': 0.9637330866811977, 'min_child_weight': 2}. Best is trial 29 with value: 1.7835180439201899.
[I 2026-03-18 22:07:17,102] Trial 38 finished with value: 1.8460090548583243 and parameters: {'n_estimators': 309, 'learning_rate': 0.029919623248708803, 'max_depth': 13, 'subsample': 0.7689273345441403, 'colsample_bytree': 0.9417860986592783, 'min_child_weight': 1}. Best is trial 29 with value: 1.7835180439201899.
[I 2026-03-18 22:07:19,411] Trial 39 finished with value: 1.879828999686657 and parameters: {'n_estimators': 809, 'learning_rate': 0.024049955294935078, 'max_depth': 9, 'subsample': 0.7042524868361344, 'colsample_bytree': 0.9707068537396075, 'min_child_weight': 2}. Best is trial 29 with value: 1.7835180439201899.
[I 2026-03-18 22:07:22,981] Trial 40 finished with value: 1.817596913714187 and parameters: {'n_estimators': 961, 'learning_rate': 0.03668098957661177, 'max_depth': 12, 'subsample': 0.6736824460054399, 'colsample_bytree': 0.9368427318968552, 'min_child_weight': 1}. Best is trial 29 with value: 1.7835180439201899.
[I 2026-03-18 22:07:26,678] Trial 41 finished with value: 1.8395360882301663 and parameters: {'n_estimators': 940, 'learning_rate': 0.035708456212328085, 'max_depth': 12, 'subsample': 0.6701885776650216, 'colsample_bytree': 0.9422227807408545, 'min_child_weight': 1}. Best is trial 29 with value: 1.7835180439201899.
[I 2026-03-18 22:07:30,071] Trial 42 finished with value: 1.8476531238167784 and parameters: {'n_estimators': 1155, 'learning_rate': 0.031924360746668386, 'max_depth': 10, 'subsample': 0.629253796066565, 'colsample_bytree': 0.9782947470451392, 'min_child_weight': 1}. Best is trial 29 with value: 1.7835180439201899.
[I 2026-03-18 22:07:33,659] Trial 43 finished with value: 1.8478248935716095 and parameters: {'n_estimators': 1073, 'learning_rate': 0.04408883997635921, 'max_depth': 12, 'subsample': 0.8088775940992452, 'colsample_bytree': 0.9131700456269735, 'min_child_weight': 2}. Best is trial 29 with value: 1.7835180439201899.
[I 2026-03-18 22:07:36,858] Trial 44 finished with value: 1.8378370026783886 and parameters: {'n_estimators': 761, 'learning_rate': 0.02664769932047877, 'max_depth': 13, 'subsample': 0.7687021674648048, 'colsample_bytree': 0.8978945606939567, 'min_child_weight': 1}. Best is trial 29 with value: 1.7835180439201899.
[I 2026-03-18 22:07:38,756] Trial 45 finished with value: 1.8177207962903867 and parameters: {'n_estimators': 599, 'learning_rate': 0.033223838553098566, 'max_depth': 11, 'subsample': 0.6777297690398808, 'colsample_bytree': 0.9755213825276139, 'min_child_weight': 2}. Best is trial 29 with value: 1.7835180439201899.
[I 2026-03-18 22:07:40,527] Trial 46 finished with value: 1.9894424530102761 and parameters: {'n_estimators': 647, 'learning_rate': 0.021118068094865754, 'max_depth': 11, 'subsample': 0.6745228350066999, 'colsample_bytree': 0.9735802589844628, 'min_child_weight': 10}. Best is trial 29 with value: 1.7835180439201899.
[I 2026-03-18 22:07:43,066] Trial 47 finished with value: 1.8391397919315238 and parameters: {'n_estimators': 869, 'learning_rate': 0.03365129408492728, 'max_depth': 10, 'subsample': 0.6415130553778077, 'colsample_bytree': 0.9819153675408275, 'min_child_weight': 1}. Best is trial 29 with value: 1.7835180439201899.
[I 2026-03-18 22:07:44,667] Trial 48 finished with value: 1.8529169820177 and parameters: {'n_estimators': 443, 'learning_rate': 0.03975856564591965, 'max_depth': 12, 'subsample': 0.7217611889724003, 'colsample_bytree': 0.9317034901043818, 'min_child_weight': 2}. Best is trial 29 with value: 1.7835180439201899.
