[I 2026-03-19 22:03:53,625] Trial 0 finished with value: 1.9975727945736512 and parameters: {'n_estimators': 483, 'learning_rate': 0.023851492821451416, 'max_depth': 12, 'subsample': 0.7517775307302933, 'colsample_bytree': 0.9774333791398463, 'min_child_weight': 10}. Best is trial 0 with value: 1.9975727945736512.
[I 2026-03-19 22:03:57,394] Trial 1 finished with value: 1.9780571710958137 and parameters: {'n_estimators': 1433, 'learning_rate': 0.09188647743324695, 'max_depth': 10, 'subsample': 0.961702545579647, 'colsample_bytree': 0.6796125098995276, 'min_child_weight': 5}. Best is trial 1 with value: 1.9780571710958137.
[I 2026-03-19 22:03:59,599] Trial 2 finished with value: 2.03751231771738 and parameters: {'n_estimators': 923, 'learning_rate': 0.03617741799681096, 'max_depth': 7, 'subsample': 0.7052040065806242, 'colsample_bytree': 0.647588915562202, 'min_child_weight': 5}. Best is trial 1 with value: 1.9780571710958137.
[I 2026-03-19 22:04:01,438] Trial 3 finished with value: 2.1527253330163796 and parameters: {'n_estimators': 432, 'learning_rate': 0.005919263627281349, 'max_depth': 12, 'subsample': 0.6136070714224514, 'colsample_bytree': 0.8355872474681676, 'min_child_weight': 1}. Best is trial 1 with value: 1.9780571710958137.
[I 2026-03-19 22:04:03,609] Trial 4 finished with value: 1.936343704943985 and parameters: {'n_estimators': 636, 'learning_rate': 0.06840598123423319, 'max_depth': 15, 'subsample': 0.6368523476968296, 'colsample_bytree': 0.9073384701278071, 'min_child_weight': 7}. Best is trial 4 with value: 1.936343704943985.
[I 2026-03-19 22:04:08,784] Trial 5 finished with value: 1.9058930983561955 and parameters: {'n_estimators': 1419, 'learning_rate': 0.0557286508023406, 'max_depth': 13, 'subsample': 0.951427816694695, 'colsample_bytree': 0.8847450263987513, 'min_child_weight': 3}. Best is trial 5 with value: 1.9058930983561955.
[I 2026-03-19 22:04:14,225] Trial 6 finished with value: 1.9481519565536023 and parameters: {'n_estimators': 1264, 'learning_rate': 0.005575077361560719, 'max_depth': 14, 'subsample': 0.7299651207951057, 'colsample_bytree': 0.7273953510286315, 'min_child_weight': 3}. Best is trial 5 with value: 1.9058930983561955.
[I 2026-03-19 22:04:16,503] Trial 7 finished with value: 2.1880851572373934 and parameters: {'n_estimators': 872, 'learning_rate': 0.03691631277731116, 'max_depth': 5, 'subsample': 0.7226417244407726, 'colsample_bytree': 0.6187040954868396, 'min_child_weight': 2}. Best is trial 5 with value: 1.9058930983561955.
[I 2026-03-19 22:04:20,159] Trial 8 finished with value: 1.9330291839835811 and parameters: {'n_estimators': 702, 'learning_rate': 0.00871845511496009, 'max_depth': 15, 'subsample': 0.834351622883544, 'colsample_bytree': 0.9388205797039753, 'min_child_weight': 5}. Best is trial 5 with value: 1.9058930983561955.
[I 2026-03-19 22:04:24,222] Trial 9 finished with value: 1.9467206823341137 and parameters: {'n_estimators': 1094, 'learning_rate': 0.014967110270819118, 'max_depth': 14, 'subsample': 0.8689767598515677, 'colsample_bytree': 0.7520048114443785, 'min_child_weight': 6}. Best is trial 5 with value: 1.9058930983561955.
[I 2026-03-19 22:04:28,121] Trial 10 finished with value: 1.9730178101748561 and parameters: {'n_estimators': 1487, 'learning_rate': 0.05330944117109816, 'max_depth': 9, 'subsample': 0.997853884824563, 'colsample_bytree': 0.8482887890169759, 'min_child_weight': 9}. Best is trial 5 with value: 1.9058930983561955.
[I 2026-03-19 22:04:31,219] Trial 11 finished with value: 1.8950937653241549 and parameters: {'n_estimators': 783, 'learning_rate': 0.012199023412575305, 'max_depth': 12, 'subsample': 0.8651271803019882, 'colsample_bytree': 0.9842459809876709, 'min_child_weight': 3}. Best is trial 11 with value: 1.8950937653241549.
[I 2026-03-19 22:04:35,260] Trial 12 finished with value: 1.8815570155857995 and parameters: {'n_estimators': 1117, 'learning_rate': 0.01482297353568656, 'max_depth': 12, 'subsample': 0.8987594268584579, 'colsample_bytree': 0.9934833514213537, 'min_child_weight': 3}. Best is trial 12 with value: 1.8815570155857995.
[I 2026-03-19 22:04:39,130] Trial 13 finished with value: 1.8785879458696149 and parameters: {'n_estimators': 1076, 'learning_rate': 0.012919037321733159, 'max_depth': 11, 'subsample': 0.8962734190038207, 'colsample_bytree': 0.9958566562212142, 'min_child_weight': 3}. Best is trial 13 with value: 1.8785879458696149.
[I 2026-03-19 22:04:42,723] Trial 14 finished with value: 1.862576098684983 and parameters: {'n_estimators': 1175, 'learning_rate': 0.016707538252038377, 'max_depth': 9, 'subsample': 0.91160264889247, 'colsample_bytree': 0.9451017755129001, 'min_child_weight': 1}. Best is trial 14 with value: 1.862576098684983.
[I 2026-03-19 22:04:45,456] Trial 15 finished with value: 1.925715592355644 and parameters: {'n_estimators': 1094, 'learning_rate': 0.023333090133084936, 'max_depth': 8, 'subsample': 0.9176315672490116, 'colsample_bytree': 0.9351981541706041, 'min_child_weight': 1}. Best is trial 14 with value: 1.862576098684983.
[I 2026-03-19 22:04:49,534] Trial 16 finished with value: 1.8823686512825548 and parameters: {'n_estimators': 1229, 'learning_rate': 0.009935778722928074, 'max_depth': 10, 'subsample': 0.8199663039880037, 'colsample_bytree': 0.7811289393997247, 'min_child_weight': 1}. Best is trial 14 with value: 1.862576098684983.
[I 2026-03-19 22:04:51,680] Trial 17 finished with value: 2.021552454041504 and parameters: {'n_estimators': 969, 'learning_rate': 0.018577049991640743, 'max_depth': 6, 'subsample': 0.7943509266295373, 'colsample_bytree': 0.8827223667940324, 'min_child_weight': 4}. Best is trial 14 with value: 1.862576098684983.
[I 2026-03-19 22:04:55,155] Trial 18 finished with value: 1.9613326731908605 and parameters: {'n_estimators': 1256, 'learning_rate': 0.00839122578398356, 'max_depth': 8, 'subsample': 0.9287253812885266, 'colsample_bytree': 0.9405697155538842, 'min_child_weight': 2}. Best is trial 14 with value: 1.862576098684983.
[I 2026-03-19 22:04:57,903] Trial 19 finished with value: 1.9682366556672857 and parameters: {'n_estimators': 987, 'learning_rate': 0.0316476987278415, 'max_depth': 11, 'subsample': 0.9982307695084591, 'colsample_bytree': 0.8275201712152596, 'min_child_weight': 7}. Best is trial 14 with value: 1.862576098684983.
[I 2026-03-19 22:05:02,267] Trial 20 finished with value: 1.90473951473389 and parameters: {'n_estimators': 1334, 'learning_rate': 0.018653017898409046, 'max_depth': 9, 'subsample': 0.8770075471083193, 'colsample_bytree': 0.9545734221106339, 'min_child_weight': 2}. Best is trial 14 with value: 1.862576098684983.
[I 2026-03-19 22:05:06,206] Trial 21 finished with value: 1.8920296750450336 and parameters: {'n_estimators': 1116, 'learning_rate': 0.012993428869827022, 'max_depth': 11, 'subsample': 0.9074623978164136, 'colsample_bytree': 0.9992933545351476, 'min_child_weight': 4}. Best is trial 14 with value: 1.862576098684983.
[I 2026-03-19 22:05:09,674] Trial 22 finished with value: 1.8971541190802446 and parameters: {'n_estimators': 1157, 'learning_rate': 0.016767578714236626, 'max_depth': 10, 'subsample': 0.8958767411332056, 'colsample_bytree': 0.9947410768148026, 'min_child_weight': 4}. Best is trial 14 with value: 1.862576098684983.
[I 2026-03-19 22:05:14,060] Trial 23 finished with value: 1.8803558039770472 and parameters: {'n_estimators': 1028, 'learning_rate': 0.011388717535932628, 'max_depth': 11, 'subsample': 0.8292414758019736, 'colsample_bytree': 0.8991555226895667, 'min_child_weight': 2}. Best is trial 14 with value: 1.862576098684983.
[I 2026-03-19 22:05:17,826] Trial 24 finished with value: 1.9528438119250995 and parameters: {'n_estimators': 1008, 'learning_rate': 0.007304818692455531, 'max_depth': 9, 'subsample': 0.7820289847670265, 'colsample_bytree': 0.8913716511210976, 'min_child_weight': 2}. Best is trial 14 with value: 1.862576098684983.
[I 2026-03-19 22:05:19,372] Trial 25 finished with value: 2.004605028368256 and parameters: {'n_estimators': 305, 'learning_rate': 0.01054104087256555, 'max_depth': 11, 'subsample': 0.8380803188463487, 'colsample_bytree': 0.9052647338289852, 'min_child_weight': 1}. Best is trial 14 with value: 1.862576098684983.
[I 2026-03-19 22:05:22,106] Trial 26 finished with value: 1.9605097056110998 and parameters: {'n_estimators': 838, 'learning_rate': 0.028662590948427144, 'max_depth': 8, 'subsample': 0.9552701609881981, 'colsample_bytree': 0.8618496914974919, 'min_child_weight': 2}. Best is trial 14 with value: 1.862576098684983.
[I 2026-03-19 22:05:26,457] Trial 27 finished with value: 1.8723606211196315 and parameters: {'n_estimators': 1210, 'learning_rate': 0.012329131731836368, 'max_depth': 10, 'subsample': 0.8581004233386691, 'colsample_bytree': 0.804253732910969, 'min_child_weight': 1}. Best is trial 14 with value: 1.862576098684983.
[I 2026-03-19 22:05:30,134] Trial 28 finished with value: 1.9979395682104348 and parameters: {'n_estimators': 1343, 'learning_rate': 0.007251562797893056, 'max_depth': 7, 'subsample': 0.8530841715288976, 'colsample_bytree': 0.7751066369164838, 'min_child_weight': 1}. Best is trial 14 with value: 1.862576098684983.
[I 2026-03-19 22:05:34,556] Trial 29 finished with value: 1.940959711244337 and parameters: {'n_estimators': 1200, 'learning_rate': 0.02191195426777025, 'max_depth': 13, 'subsample': 0.7763351155640695, 'colsample_bytree': 0.7057659958850311, 'min_child_weight': 10}. Best is trial 14 with value: 1.862576098684983.
[I 2026-03-19 22:05:38,822] Trial 30 finished with value: 1.9776496882300452 and parameters: {'n_estimators': 1339, 'learning_rate': 0.013941194918678545, 'max_depth': 9, 'subsample': 0.9386429580395348, 'colsample_bytree': 0.968013642630265, 'min_child_weight': 9}. Best is trial 14 with value: 1.862576098684983.
[I 2026-03-19 22:05:43,387] Trial 31 finished with value: 1.8922956643326965 and parameters: {'n_estimators': 1046, 'learning_rate': 0.01115357684811524, 'max_depth': 11, 'subsample': 0.8162198617163803, 'colsample_bytree': 0.8085476484129465, 'min_child_weight': 2}. Best is trial 14 with value: 1.862576098684983.
[I 2026-03-19 22:05:47,930] Trial 32 finished with value: 1.8530406584864876 and parameters: {'n_estimators': 1179, 'learning_rate': 0.019284678886237354, 'max_depth': 10, 'subsample': 0.8793916375690655, 'colsample_bytree': 0.9206178558788098, 'min_child_weight': 1}. Best is trial 32 with value: 1.8530406584864876.
[I 2026-03-19 22:05:52,621] Trial 33 finished with value: 1.8491400884126477 and parameters: {'n_estimators': 1176, 'learning_rate': 0.020429210753746464, 'max_depth': 10, 'subsample': 0.8815437076658064, 'colsample_bytree': 0.9223484311508289, 'min_child_weight': 1}. Best is trial 33 with value: 1.8491400884126477.
[I 2026-03-19 22:05:57,091] Trial 34 finished with value: 1.8277816899994659 and parameters: {'n_estimators': 1168, 'learning_rate': 0.026391915698622197, 'max_depth': 10, 'subsample': 0.8743079059738891, 'colsample_bytree': 0.9180033015119721, 'min_child_weight': 1}. Best is trial 34 with value: 1.8277816899994659.
[I 2026-03-19 22:06:00,779] Trial 35 finished with value: 1.8796655634774042 and parameters: {'n_estimators': 923, 'learning_rate': 0.027846388989307885, 'max_depth': 10, 'subsample': 0.9706222229724599, 'colsample_bytree': 0.9122640552717841, 'min_child_weight': 1}. Best is trial 34 with value: 1.8277816899994659.
[I 2026-03-19 22:06:04,461] Trial 36 finished with value: 1.9414836554568553 and parameters: {'n_estimators': 1301, 'learning_rate': 0.040509881406624974, 'max_depth': 7, 'subsample': 0.879325937573699, 'colsample_bytree': 0.8655740087824212, 'min_child_weight': 1}. Best is trial 34 with value: 1.8277816899994659.
[I 2026-03-19 22:06:08,901] Trial 37 finished with value: 1.8734842762032518 and parameters: {'n_estimators': 1380, 'learning_rate': 0.020640250615732735, 'max_depth': 9, 'subsample': 0.9295510365994762, 'colsample_bytree': 0.9260558506567576, 'min_child_weight': 1}. Best is trial 34 with value: 1.8277816899994659.
[I 2026-03-19 22:06:13,148] Trial 38 finished with value: 1.9008610151402072 and parameters: {'n_estimators': 1167, 'learning_rate': 0.028123680306778386, 'max_depth': 10, 'subsample': 0.979307102161347, 'colsample_bytree': 0.9598417086585631, 'min_child_weight': 3}. Best is trial 34 with value: 1.8277816899994659.
[I 2026-03-19 22:06:16,516] Trial 39 finished with value: 1.970116306342545 and parameters: {'n_estimators': 1277, 'learning_rate': 0.04550929240575712, 'max_depth': 8, 'subsample': 0.8476463203095832, 'colsample_bytree': 0.915715560900871, 'min_child_weight': 6}. Best is trial 34 with value: 1.8277816899994659.
[I 2026-03-19 22:06:20,569] Trial 40 finished with value: 1.9046664573482088 and parameters: {'n_estimators': 1447, 'learning_rate': 0.016978002516972308, 'max_depth': 9, 'subsample': 0.751124816957911, 'colsample_bytree': 0.8716282638412486, 'min_child_weight': 2}. Best is trial 34 with value: 1.8277816899994659.
[I 2026-03-19 22:06:24,212] Trial 41 finished with value: 1.827304202314314 and parameters: {'n_estimators': 1196, 'learning_rate': 0.02546762798307096, 'max_depth': 10, 'subsample': 0.8754081010111522, 'colsample_bytree': 0.9540005728881702, 'min_child_weight': 1}. Best is trial 41 with value: 1.827304202314314.
[I 2026-03-19 22:06:27,596] Trial 42 finished with value: 1.837702129095599 and parameters: {'n_estimators': 1151, 'learning_rate': 0.024805592057590066, 'max_depth': 10, 'subsample': 0.6885285662541503, 'colsample_bytree': 0.9459956456143579, 'min_child_weight': 1}. Best is trial 41 with value: 1.827304202314314.
[I 2026-03-19 22:06:31,747] Trial 43 finished with value: 1.8807333036014968 and parameters: {'n_estimators': 1396, 'learning_rate': 0.02535758529704123, 'max_depth': 10, 'subsample': 0.6613979451887567, 'colsample_bytree': 0.9655459110484788, 'min_child_weight': 2}. Best is trial 41 with value: 1.827304202314314.
[I 2026-03-19 22:06:33,831] Trial 44 finished with value: 1.810984972149383 and parameters: {'n_estimators': 527, 'learning_rate': 0.034183058595767056, 'max_depth': 12, 'subsample': 0.6895773026119161, 'colsample_bytree': 0.9251086804564684, 'min_child_weight': 1}. Best is trial 44 with value: 1.810984972149383.
[I 2026-03-19 22:06:36,431] Trial 45 finished with value: 1.8653913810597142 and parameters: {'n_estimators': 644, 'learning_rate': 0.03564226382946888, 'max_depth': 13, 'subsample': 0.6803480116588712, 'colsample_bytree': 0.9692022136084326, 'min_child_weight': 2}. Best is trial 44 with value: 1.810984972149383.
[I 2026-03-19 22:06:38,116] Trial 46 finished with value: 1.9248780419011373 and parameters: {'n_estimators': 470, 'learning_rate': 0.032535015977579324, 'max_depth': 12, 'subsample': 0.7005272615931825, 'colsample_bytree': 0.8457938709121839, 'min_child_weight': 3}. Best is trial 44 with value: 1.810984972149383.
[I 2026-03-19 22:06:40,385] Trial 47 finished with value: 1.8102433389324182 and parameters: {'n_estimators': 561, 'learning_rate': 0.06155586922627485, 'max_depth': 13, 'subsample': 0.6143534642197787, 'colsample_bytree': 0.9505804667826957, 'min_child_weight': 1}. Best is trial 47 with value: 1.8102433389324182.
[I 2026-03-19 22:06:42,555] Trial 48 finished with value: 1.9072797805965498 and parameters: {'n_estimators': 544, 'learning_rate': 0.09137276605936193, 'max_depth': 14, 'subsample': 0.6211798541789595, 'colsample_bytree': 0.9482410433306173, 'min_child_weight': 3}. Best is trial 47 with value: 1.8102433389324182.
