[I 2026-03-09 22:04:41,430] Trial 0 finished with value: 2.0260859797294377 and parameters: {'n_estimators': 1483, 'learning_rate': 0.019946324902803587, 'max_depth': 11, 'subsample': 0.8722146687028779, 'colsample_bytree': 0.7681071230460723, 'min_child_weight': 7}. Best is trial 0 with value: 2.0260859797294377.
[I 2026-03-09 22:04:44,553] Trial 1 finished with value: 2.0435672598970993 and parameters: {'n_estimators': 1097, 'learning_rate': 0.019413711236277317, 'max_depth': 13, 'subsample': 0.6683956834330302, 'colsample_bytree': 0.7681350978505475, 'min_child_weight': 8}. Best is trial 0 with value: 2.0260859797294377.
[I 2026-03-09 22:04:47,370] Trial 2 finished with value: 2.069295156061961 and parameters: {'n_estimators': 1199, 'learning_rate': 0.01527415628563981, 'max_depth': 9, 'subsample': 0.6716267797545626, 'colsample_bytree': 0.7643393824455486, 'min_child_weight': 5}. Best is trial 0 with value: 2.0260859797294377.
[I 2026-03-09 22:04:48,681] Trial 3 finished with value: 2.1057778290734257 and parameters: {'n_estimators': 391, 'learning_rate': 0.0099666416097394, 'max_depth': 11, 'subsample': 0.9938584025088942, 'colsample_bytree': 0.9456306498800596, 'min_child_weight': 5}. Best is trial 0 with value: 2.0260859797294377.
[I 2026-03-09 22:04:50,752] Trial 4 finished with value: 2.2362389177365842 and parameters: {'n_estimators': 985, 'learning_rate': 0.005309184472292875, 'max_depth': 6, 'subsample': 0.8454385931556568, 'colsample_bytree': 0.950740187433316, 'min_child_weight': 4}. Best is trial 0 with value: 2.0260859797294377.
[I 2026-03-09 22:04:54,804] Trial 5 finished with value: 2.0045373453687123 and parameters: {'n_estimators': 1043, 'learning_rate': 0.006440792324406026, 'max_depth': 12, 'subsample': 0.8918790872823775, 'colsample_bytree': 0.8836217359998365, 'min_child_weight': 3}. Best is trial 5 with value: 2.0045373453687123.
[I 2026-03-09 22:04:58,610] Trial 6 finished with value: 2.0369734136689415 and parameters: {'n_estimators': 1072, 'learning_rate': 0.007642778965024667, 'max_depth': 12, 'subsample': 0.9480884253491415, 'colsample_bytree': 0.786995044929989, 'min_child_weight': 4}. Best is trial 5 with value: 2.0045373453687123.
[I 2026-03-09 22:05:00,320] Trial 7 finished with value: 2.0708121664721535 and parameters: {'n_estimators': 603, 'learning_rate': 0.049044460330244115, 'max_depth': 11, 'subsample': 0.9073012302381088, 'colsample_bytree': 0.6747882592863856, 'min_child_weight': 7}. Best is trial 5 with value: 2.0045373453687123.
[I 2026-03-09 22:05:01,096] Trial 8 finished with value: 2.2445050247563154 and parameters: {'n_estimators': 348, 'learning_rate': 0.04067903679904897, 'max_depth': 6, 'subsample': 0.7730310058037794, 'colsample_bytree': 0.601328723236617, 'min_child_weight': 1}. Best is trial 5 with value: 2.0045373453687123.
[I 2026-03-09 22:05:02,892] Trial 9 finished with value: 2.037569004246547 and parameters: {'n_estimators': 704, 'learning_rate': 0.08837010701791757, 'max_depth': 10, 'subsample': 0.88004086029866, 'colsample_bytree': 0.9132105695156806, 'min_child_weight': 9}. Best is trial 5 with value: 2.0045373453687123.
[I 2026-03-09 22:05:10,359] Trial 10 finished with value: 1.9176215933474354 and parameters: {'n_estimators': 1376, 'learning_rate': 0.005233477704402891, 'max_depth': 15, 'subsample': 0.7624019162178999, 'colsample_bytree': 0.8595730906733859, 'min_child_weight': 1}. Best is trial 10 with value: 1.9176215933474354.
[I 2026-03-09 22:05:18,155] Trial 11 finished with value: 1.9007410346379525 and parameters: {'n_estimators': 1415, 'learning_rate': 0.005160830311132621, 'max_depth': 15, 'subsample': 0.7906112027120737, 'colsample_bytree': 0.8713913688000227, 'min_child_weight': 1}. Best is trial 11 with value: 1.9007410346379525.
[I 2026-03-09 22:05:25,661] Trial 12 finished with value: 1.8875415890493887 and parameters: {'n_estimators': 1470, 'learning_rate': 0.010326420804678936, 'max_depth': 15, 'subsample': 0.768631858933822, 'colsample_bytree': 0.8707831640570692, 'min_child_weight': 1}. Best is trial 12 with value: 1.8875415890493887.
[I 2026-03-09 22:05:31,357] Trial 13 finished with value: 1.93941190888744 and parameters: {'n_estimators': 1254, 'learning_rate': 0.010906907649790071, 'max_depth': 15, 'subsample': 0.7255246804724149, 'colsample_bytree': 0.8460345204339315, 'min_child_weight': 2}. Best is trial 12 with value: 1.8875415890493887.
[I 2026-03-09 22:05:37,670] Trial 14 finished with value: 1.9324855725264654 and parameters: {'n_estimators': 1463, 'learning_rate': 0.011252149456643653, 'max_depth': 14, 'subsample': 0.8177166690942559, 'colsample_bytree': 0.8321294078998922, 'min_child_weight': 2}. Best is trial 12 with value: 1.8875415890493887.
[I 2026-03-09 22:05:43,888] Trial 15 finished with value: 1.8920634839539292 and parameters: {'n_estimators': 1295, 'learning_rate': 0.008227220130751127, 'max_depth': 14, 'subsample': 0.7185181616881026, 'colsample_bytree': 0.9952620921247651, 'min_child_weight': 1}. Best is trial 12 with value: 1.8875415890493887.
[I 2026-03-09 22:05:46,731] Trial 16 finished with value: 1.9605679417198996 and parameters: {'n_estimators': 808, 'learning_rate': 0.030334452751323952, 'max_depth': 13, 'subsample': 0.6004008655320783, 'colsample_bytree': 0.9999004017030066, 'min_child_weight': 3}. Best is trial 12 with value: 1.8875415890493887.
[I 2026-03-09 22:05:49,762] Trial 17 finished with value: 2.0562231682990273 and parameters: {'n_estimators': 1274, 'learning_rate': 0.014518159454726369, 'max_depth': 8, 'subsample': 0.7041154338011136, 'colsample_bytree': 0.9828871619043346, 'min_child_weight': 3}. Best is trial 12 with value: 1.8875415890493887.
[I 2026-03-09 22:05:55,138] Trial 18 finished with value: 2.0224039364611808 and parameters: {'n_estimators': 1328, 'learning_rate': 0.007535419626527273, 'max_depth': 14, 'subsample': 0.6036219047999314, 'colsample_bytree': 0.6942677782527361, 'min_child_weight': 2}. Best is trial 12 with value: 1.8875415890493887.
[I 2026-03-09 22:05:59,069] Trial 19 finished with value: 2.006656294943545 and parameters: {'n_estimators': 1177, 'learning_rate': 0.009084284133113305, 'max_depth': 13, 'subsample': 0.747886390882309, 'colsample_bytree': 0.9221660044477588, 'min_child_weight': 6}. Best is trial 12 with value: 1.8875415890493887.
[I 2026-03-09 22:06:01,278] Trial 20 finished with value: 2.1261872357522407 and parameters: {'n_estimators': 901, 'learning_rate': 0.013909429813779618, 'max_depth': 8, 'subsample': 0.6567795900261224, 'colsample_bytree': 0.8128973302041694, 'min_child_weight': 10}. Best is trial 12 with value: 1.8875415890493887.
[I 2026-03-09 22:06:08,654] Trial 21 finished with value: 1.8919998099418365 and parameters: {'n_estimators': 1373, 'learning_rate': 0.006556145507277428, 'max_depth': 15, 'subsample': 0.8044017264814204, 'colsample_bytree': 0.9102769340993909, 'min_child_weight': 1}. Best is trial 12 with value: 1.8875415890493887.
[I 2026-03-09 22:06:15,183] Trial 22 finished with value: 1.8930711161505303 and parameters: {'n_estimators': 1328, 'learning_rate': 0.007422422798752409, 'max_depth': 14, 'subsample': 0.8355101085793926, 'colsample_bytree': 0.902941788536384, 'min_child_weight': 1}. Best is trial 12 with value: 1.8875415890493887.
[I 2026-03-09 22:06:22,229] Trial 23 finished with value: 1.9267990083927324 and parameters: {'n_estimators': 1483, 'learning_rate': 0.008851487395452268, 'max_depth': 15, 'subsample': 0.713769958552633, 'colsample_bytree': 0.9603986061174008, 'min_child_weight': 2}. Best is trial 12 with value: 1.8875415890493887.
[I 2026-03-09 22:06:28,149] Trial 24 finished with value: 1.8932154328840651 and parameters: {'n_estimators': 1198, 'learning_rate': 0.013242089614726902, 'max_depth': 14, 'subsample': 0.7962689167778092, 'colsample_bytree': 0.9305399051661651, 'min_child_weight': 1}. Best is trial 12 with value: 1.8875415890493887.
[I 2026-03-09 22:06:33,298] Trial 25 finished with value: 1.992379049533277 and parameters: {'n_estimators': 1382, 'learning_rate': 0.006692600960677285, 'max_depth': 13, 'subsample': 0.7400720331628271, 'colsample_bytree': 0.9726681427793888, 'min_child_weight': 4}. Best is trial 12 with value: 1.8875415890493887.
[I 2026-03-09 22:06:38,713] Trial 26 finished with value: 1.9763753515871474 and parameters: {'n_estimators': 1315, 'learning_rate': 0.02307419677019831, 'max_depth': 15, 'subsample': 0.6867511581083806, 'colsample_bytree': 0.8928974859375156, 'min_child_weight': 3}. Best is trial 12 with value: 1.8875415890493887.
[I 2026-03-09 22:06:42,979] Trial 27 finished with value: 1.9703772741961278 and parameters: {'n_estimators': 1165, 'learning_rate': 0.011634863709048131, 'max_depth': 12, 'subsample': 0.8155560424278194, 'colsample_bytree': 0.8200659429191351, 'min_child_weight': 2}. Best is trial 12 with value: 1.8875415890493887.
[I 2026-03-09 22:06:45,977] Trial 28 finished with value: 2.2240365952387906 and parameters: {'n_estimators': 1499, 'learning_rate': 0.017024648256492966, 'max_depth': 5, 'subsample': 0.7745146467098366, 'colsample_bytree': 0.9867622238809347, 'min_child_weight': 1}. Best is trial 12 with value: 1.8875415890493887.
[I 2026-03-09 22:06:51,703] Trial 29 finished with value: 2.0021197165050206 and parameters: {'n_estimators': 1425, 'learning_rate': 0.022380842871344824, 'max_depth': 14, 'subsample': 0.6324275927511495, 'colsample_bytree': 0.731339306136898, 'min_child_weight': 2}. Best is trial 12 with value: 1.8875415890493887.
[I 2026-03-09 22:06:54,403] Trial 30 finished with value: 2.0341409805104025 and parameters: {'n_estimators': 936, 'learning_rate': 0.027782103913132263, 'max_depth': 10, 'subsample': 0.8642479314611805, 'colsample_bytree': 0.9335182449422534, 'min_child_weight': 6}. Best is trial 12 with value: 1.8875415890493887.
[I 2026-03-09 22:07:01,287] Trial 31 finished with value: 1.903027225159562 and parameters: {'n_estimators': 1332, 'learning_rate': 0.006366450748651481, 'max_depth': 14, 'subsample': 0.826147699220556, 'colsample_bytree': 0.9019779725546528, 'min_child_weight': 1}. Best is trial 12 with value: 1.8875415890493887.
[I 2026-03-09 22:07:07,483] Trial 32 finished with value: 1.910396250805644 and parameters: {'n_estimators': 1113, 'learning_rate': 0.007638931957118347, 'max_depth': 14, 'subsample': 0.8440638072303912, 'colsample_bytree': 0.8656645611430986, 'min_child_weight': 1}. Best is trial 12 with value: 1.8875415890493887.
[I 2026-03-09 22:07:13,267] Trial 33 finished with value: 1.9466452979314859 and parameters: {'n_estimators': 1237, 'learning_rate': 0.00925553032004685, 'max_depth': 13, 'subsample': 0.7435552529752714, 'colsample_bytree': 0.8880149267954557, 'min_child_weight': 2}. Best is trial 12 with value: 1.8875415890493887.
[I 2026-03-09 22:07:21,248] Trial 34 finished with value: 1.9863509059922608 and parameters: {'n_estimators': 1378, 'learning_rate': 0.006365407872278474, 'max_depth': 15, 'subsample': 0.7915507635781842, 'colsample_bytree': 0.8486090056796523, 'min_child_weight': 3}. Best is trial 12 with value: 1.8875415890493887.
[I 2026-03-09 22:07:26,123] Trial 35 finished with value: 1.8946111013896108 and parameters: {'n_estimators': 1288, 'learning_rate': 0.017751785068168432, 'max_depth': 12, 'subsample': 0.8457044033284142, 'colsample_bytree': 0.9607078980303494, 'min_child_weight': 1}. Best is trial 12 with value: 1.8875415890493887.
[I 2026-03-09 22:07:27,628] Trial 36 finished with value: 2.109213041371946 and parameters: {'n_estimators': 448, 'learning_rate': 0.008370508319012697, 'max_depth': 11, 'subsample': 0.6982115530091957, 'colsample_bytree': 0.9107430090623475, 'min_child_weight': 4}. Best is trial 12 with value: 1.8875415890493887.
[I 2026-03-09 22:07:31,366] Trial 37 finished with value: 2.051518652579347 and parameters: {'n_estimators': 1110, 'learning_rate': 0.00592331712703195, 'max_depth': 14, 'subsample': 0.9102515662961193, 'colsample_bytree': 0.7912103752226055, 'min_child_weight': 8}. Best is trial 12 with value: 1.8875415890493887.
[I 2026-03-09 22:07:36,582] Trial 38 finished with value: 2.002070775790983 and parameters: {'n_estimators': 1430, 'learning_rate': 0.010519829350761034, 'max_depth': 15, 'subsample': 0.942248198556688, 'colsample_bytree': 0.9461063414320204, 'min_child_weight': 5}. Best is trial 12 with value: 1.8875415890493887.
[I 2026-03-09 22:07:40,253] Trial 39 finished with value: 1.9847425969081007 and parameters: {'n_estimators': 989, 'learning_rate': 0.012650360444716523, 'max_depth': 13, 'subsample': 0.6655151819100806, 'colsample_bytree': 0.7680931536116552, 'min_child_weight': 2}. Best is trial 12 with value: 1.8875415890493887.
[I 2026-03-09 22:07:45,415] Trial 40 finished with value: 1.9396627941792794 and parameters: {'n_estimators': 1353, 'learning_rate': 0.008107497908190068, 'max_depth': 12, 'subsample': 0.7700922884105423, 'colsample_bytree': 0.8804470021591209, 'min_child_weight': 1}. Best is trial 12 with value: 1.8875415890493887.
[I 2026-03-09 22:07:51,192] Trial 41 finished with value: 1.8893256697880227 and parameters: {'n_estimators': 1211, 'learning_rate': 0.013053207191138652, 'max_depth': 14, 'subsample': 0.8045628678214354, 'colsample_bytree': 0.9206231384154216, 'min_child_weight': 1}. Best is trial 12 with value: 1.8875415890493887.
[I 2026-03-09 22:07:57,042] Trial 42 finished with value: 1.8760156617068575 and parameters: {'n_estimators': 1222, 'learning_rate': 0.01000461629324035, 'max_depth': 14, 'subsample': 0.8288960134585719, 'colsample_bytree': 0.9459682700935244, 'min_child_weight': 1}. Best is trial 42 with value: 1.8760156617068575.
[I 2026-03-09 22:08:02,739] Trial 43 finished with value: 1.9087741161217142 and parameters: {'n_estimators': 1232, 'learning_rate': 0.009902800014464318, 'max_depth': 15, 'subsample': 0.8059904711788459, 'colsample_bytree': 0.9410491200630228, 'min_child_weight': 2}. Best is trial 42 with value: 1.8760156617068575.
[I 2026-03-09 22:08:06,869] Trial 44 finished with value: 1.8899140206394371 and parameters: {'n_estimators': 1034, 'learning_rate': 0.01603673903874583, 'max_depth': 13, 'subsample': 0.8639623100099351, 'colsample_bytree': 0.9637974519248362, 'min_child_weight': 1}. Best is trial 42 with value: 1.8760156617068575.
[I 2026-03-09 22:08:10,025] Trial 45 finished with value: 1.9937991271618425 and parameters: {'n_estimators': 1065, 'learning_rate': 0.014977984739662994, 'max_depth': 11, 'subsample': 0.856128321108284, 'colsample_bytree': 0.9642685693095661, 'min_child_weight': 3}. Best is trial 42 with value: 1.8760156617068575.
[I 2026-03-09 22:08:13,945] Trial 46 finished with value: 1.8983214823791168 and parameters: {'n_estimators': 999, 'learning_rate': 0.019041885705306218, 'max_depth': 13, 'subsample': 0.8910556685181694, 'colsample_bytree': 0.9204685849332273, 'min_child_weight': 1}. Best is trial 42 with value: 1.8760156617068575.
[I 2026-03-09 22:08:17,415] Trial 47 finished with value: 2.0357085774779433 and parameters: {'n_estimators': 808, 'learning_rate': 0.01660010662441913, 'max_depth': 15, 'subsample': 0.9263946055256339, 'colsample_bytree': 0.6009256475071307, 'min_child_weight': 2}. Best is trial 42 with value: 1.8760156617068575.
[I 2026-03-09 22:08:21,282] Trial 48 finished with value: 1.9724208549706148 and parameters: {'n_estimators': 1131, 'learning_rate': 0.012247876139996694, 'max_depth': 13, 'subsample': 0.9969066254713059, 'colsample_bytree': 0.9404998280354872, 'min_child_weight': 4}. Best is trial 42 with value: 1.8760156617068575.
