[I 2026-03-14 22:08:39,232] Trial 49 finished with value: 1.8273486223106825 and parameters: {'n_estimators': 466, 'learning_rate': 0.02622466577493587, 'max_depth': 13, 'subsample': 0.7948288044876547, 'colsample_bytree': 0.9660076840849031, 'min_child_weight': 4}. Best is trial 41 with value: 1.7983804839068.
✅ Tham số tối ưu nhất từ Optuna: {'n_estimators': 488, 'learning_rate': 0.02454838392731908, 'max_depth': 14, 'subsample': 0.7391654076024592, 'colsample_bytree': 0.9616714367522693, 'min_child_weight': 1}
MAE của mô hình XGBoost: 1.8220
R² của mô hình XGBoost: 0.9003
🥊 Đang so sánh... Champion MAE: 1.7325 vs Challenger MAE: 1.8220
🛡️ Champion bảo vệ ngôi vương. Giữ nguyên mô hình cũ.
[Sat 03/14/2026 22:08:42.78] [4/4] Dang dong bo AI Model (qua LFS) len GitHub... 
[main 40a4144] Auto-update AI Model: Sat 03/14/2026 22:08:44.18
 2 files changed, 353 insertions(+)
remote: This repository moved. Please use the new location:        
remote:   https://github.com/HieuNT316/hanoi-house-price-prediction.git        
To https://github.com/Alexus143/hanoi-house-price-prediction.git
   9af82b0..40a4144  main -> main
========================================= 
[Sun 03/15/2026 22:00:02.78] [1/4] Dang cao chi tiet BĐS... 
🔍 Đang cấu hình Database với: postgres.kkwivuufxdewurmxtsto@aws-1-ap-southeast-1.pooler.supabase.com:5432/postgres

[DetailSpider] Khởi động luồng làm giàu dữ liệu (Limit: 50 bài/lượt)...
✅ Đã kết nối thành công tới PostgreSQL.
[Browser] Đang khởi tạo trình duyệt...
[Browser] Phát hiện Chrome (Windows): Version 139

[DetailSpider] Đang cào (1/11): https://batdongsan.com.vn/ban-can-ho-chung-cu-duong-to-huu-phuong-yen-nghia-1-xuan-mai-complex/tong-hop-2-ngu-3-ngu-du-an-hh2xuan-noi-ha-noi-pr45312039
  -> Lấy được 2/6 feature chi tiết.

[DetailSpider] Đang cào (2/11): https://batdongsan.com.vn/ban-can-ho-chung-cu-pho-phung-hung-1-phuong-phuc-la-chung-cu-89-phung-hung/chinh-chu-chuyen-nhuong-3pn-2vs-noi-that-co-ban-tang-9-82-5m2-ang-lam-so-pr45308985
  -> Lấy được 2/6 feature chi tiết.

[DetailSpider] Đang cào (3/11): https://batdongsan.com.vn/ban-nha-biet-thu-lien-ke-phuong-kien-hung-kien-hung-luxury/chinh-chu-gia-inh-can-ban-nhanh-lk-74m-x-6-tang-thang-may-mt-7m-hon-20-ty-pr45308714
  -> Lấy được 0/6 feature chi tiết.

[DetailSpider] Đang cào (4/11): https://batdongsan.com.vn/ban-nha-rieng-pho-cau-am-phuong-van-phuc-1-15/cuc-hiem-ban-ngay-to-huu-lo-goc-5-tang-38m2-ngo-thong-ba-gac-gia-hon-9-ty-pr45310477
  -> Lấy được 4/6 feature chi tiết.

[DetailSpider] Đang cào (5/11): https://batdongsan.com.vn/ban-dat-phuong-duong-noi/ban-05-lo-at-dich-vu-dt-50m-phan-lo-via-he-kinh-doanh-gia-chi-tu-8-8-ty-0967154268-pr45286854
  -> Lấy được 1/6 feature chi tiết.

[DetailSpider] Đang cào (6/11): https://batdongsan.com.vn/ban-nha-rieng-phuong-mo-lao/sieu-pham-an-hoa-2-mat-ngo-o-to-phu-hop-xay-chung-cu-mini-dong-tien-50tr-s53m-13-3-ty-pr45306000
  -> Lấy được 5/6 feature chi tiết.

[DetailSpider] Đang cào (7/11): https://batdongsan.com.vn/ban-can-ho-chung-cu-duong-to-huu-phuong-la-khe-usilk-city/ban-goc-3pn-2vs-dt-115-6m2-tai-gia-7-55-ty-pr45305362
  -> Lấy được 3/6 feature chi tiết.

[DetailSpider] Đang cào (8/11): https://batdongsan.com.vn/ban-can-ho-chung-cu-phuong-la-khe/cc-ban-05-cc-usilk-van-100m-3pn-full-o-tang-ep-huong-mat-co-not-xe-gia-chi-hon-6-ty-pr45296077
  -> Lấy được 2/6 feature chi tiết.

[DetailSpider] Đang cào (9/11): https://batdongsan.com.vn/ban-nha-rieng-pho-van-phuc-phuong-van-phuc-1-15/ban-lo-goc-kinh-doanh-canh-k-t-galaxy-ha-ong-46m2-x-6-tang-thang-may-o-to-tranh-pr45304905
  -> Lấy được 4/6 feature chi tiết.

[DetailSpider] Đang cào (10/11): https://batdongsan.com.vn/ban-nha-biet-thu-lien-ke-phuong-kien-hung-kien-hung-luxury/ha-chao-2-ty-can-ban-nhanh-74m2-6-tang-mat-tien-7m-gia-19-tye-pr45303990
  -> Lấy được 4/6 feature chi tiết.

[DetailSpider] Đang cào (11/11): https://batdongsan.com.vn/ban-nha-rieng-duong-quang-trung-phuong-la-khe-15/ban-cuc-thoang-cuc-ep-cuc-phu-hop-an-sinh-ngo-12-hon-9-ty-43-6-m2-uy-tin-hot-pr45302808
  -> Lấy được 6/6 feature chi tiết.

[DetailSpider] Hoàn thành. Cập nhật thành công 11/11 bài đăng.
[Sun 03/15/2026 22:03:21.43] [2/4] Dang clean du lieu... 
🔍 Đang cấu hình Database với: postgres.kkwivuufxdewurmxtsto@aws-1-ap-southeast-1.pooler.supabase.com:5432/postgres
✅ Đã kết nối thành công tới PostgreSQL.
🔄 Upsert thành công 5331 bản ghi vào 'bds_hadong'.
✅ Đã cập nhật cột legal_status và furniture thành công.
[Sun 03/15/2026 22:03:45.58] [3/4] Dang huan luyen AI tren du lieu moi... 
🔍 Đang cấu hình Database với: postgres.kkwivuufxdewurmxtsto@aws-1-ap-southeast-1.pooler.supabase.com:5432/postgres
[I 2026-03-15 22:04:11,570] A new study created in memory with name: no-name-973972e2-b652-4844-a8c9-959ece5f2815
✅ Đã kết nối thành công tới PostgreSQL.
  0%|          | 0/50 [00:00<?, ?it/s]D:\Python\realtime_estimate_tracker\venv_bds\lib\site-packages\xgboost\training.py:200: UserWarning: [22:04:12] WARNING: C:\actions-runner\_work\xgboost\xgboost\src\learner.cc:782: 
Parameters: { "devices", "task_type" } are not used.

  bst.update(dtrain, iteration=i, fobj=obj)
                                        0%|          | 0/50 [00:01<?, ?it/s]Best trial: 0. Best value: 2.72043:   0%|          | 0/50 [00:01<?, ?it/s]Best trial: 0. Best value: 2.72043:   2%|▏         | 1/50 [00:01<01:03,  1.29s/it]D:\Python\realtime_estimate_tracker\venv_bds\lib\site-packages\xgboost\training.py:200: UserWarning: [22:04:12] WARNING: C:\actions-runner\_work\xgboost\xgboost\src\learner.cc:782: 
Parameters: { "devices", "task_type" } are not used.

  bst.update(dtrain, iteration=i, fobj=obj)
                                                                                  Best trial: 0. Best value: 2.72043:   2%|▏         | 1/50 [00:04<01:03,  1.29s/it]Best trial: 1. Best value: 1.77633:   2%|▏         | 1/50 [00:04<01:03,  1.29s/it]Best trial: 1. Best value: 1.77633:   4%|▍         | 2/50 [00:04<02:04,  2.59s/it]D:\Python\realtime_estimate_tracker\venv_bds\lib\site-packages\xgboost\training.py:200: UserWarning: [22:04:16] WARNING: C:\actions-runner\_work\xgboost\xgboost\src\learner.cc:782: 
Parameters: { "devices", "task_type" } are not used.

  bst.update(dtrain, iteration=i, fobj=obj)
                                                                                  Best trial: 1. Best value: 1.77633:   4%|▍         | 2/50 [00:09<02:04,  2.59s/it]Best trial: 1. Best value: 1.77633:   4%|▍         | 2/50 [00:09<02:04,  2.59s/it]Best trial: 1. Best value: 1.77633:   6%|▌         | 3/50 [00:09<02:55,  3.73s/it]D:\Python\realtime_estimate_tracker\venv_bds\lib\site-packages\xgboost\training.py:200: UserWarning: [22:04:21] WARNING: C:\actions-runner\_work\xgboost\xgboost\src\learner.cc:782: 
Parameters: { "devices", "task_type" } are not used.

  bst.update(dtrain, iteration=i, fobj=obj)
                                                                                  Best trial: 1. Best value: 1.77633:   6%|▌         | 3/50 [00:11<02:55,  3.73s/it]Best trial: 3. Best value: 1.72688:   6%|▌         | 3/50 [00:11<02:55,  3.73s/it]Best trial: 3. Best value: 1.72688:   8%|▊         | 4/50 [00:11<02:04,  2.71s/it]D:\Python\realtime_estimate_tracker\venv_bds\lib\site-packages\xgboost\training.py:200: UserWarning: [22:04:22] WARNING: C:\actions-runner\_work\xgboost\xgboost\src\learner.cc:782: 
Parameters: { "devices", "task_type" } are not used.

  bst.update(dtrain, iteration=i, fobj=obj)
                                                                                  Best trial: 3. Best value: 1.72688:   8%|▊         | 4/50 [00:13<02:04,  2.71s/it]Best trial: 3. Best value: 1.72688:   8%|▊         | 4/50 [00:13<02:04,  2.71s/it]Best trial: 3. Best value: 1.72688:  10%|█         | 5/50 [00:13<01:50,  2.46s/it]D:\Python\realtime_estimate_tracker\venv_bds\lib\site-packages\xgboost\training.py:200: UserWarning: [22:04:24] WARNING: C:\actions-runner\_work\xgboost\xgboost\src\learner.cc:782: 
Parameters: { "devices", "task_type" } are not used.

  bst.update(dtrain, iteration=i, fobj=obj)
                                                                                  Best trial: 3. Best value: 1.72688:  10%|█         | 5/50 [00:15<01:50,  2.46s/it]Best trial: 5. Best value: 1.70526:  10%|█         | 5/50 [00:15<01:50,  2.46s/it]Best trial: 5. Best value: 1.70526:  12%|█▏        | 6/50 [00:15<01:41,  2.30s/it]D:\Python\realtime_estimate_tracker\venv_bds\lib\site-packages\xgboost\training.py:200: UserWarning: [22:04:26] WARNING: C:\actions-runner\_work\xgboost\xgboost\src\learner.cc:782: 
Parameters: { "devices", "task_type" } are not used.

  bst.update(dtrain, iteration=i, fobj=obj)
                                                                                  Best trial: 5. Best value: 1.70526:  12%|█▏        | 6/50 [00:20<01:41,  2.30s/it]Best trial: 6. Best value: 1.64979:  12%|█▏        | 6/50 [00:20<01:41,  2.30s/it]Best trial: 6. Best value: 1.64979:  14%|█▍        | 7/50 [00:20<02:20,  3.27s/it]D:\Python\realtime_estimate_tracker\venv_bds\lib\site-packages\xgboost\training.py:200: UserWarning: [22:04:31] WARNING: C:\actions-runner\_work\xgboost\xgboost\src\learner.cc:782: 
Parameters: { "devices", "task_type" } are not used.

  bst.update(dtrain, iteration=i, fobj=obj)
                                                                                  Best trial: 6. Best value: 1.64979:  14%|█▍        | 7/50 [00:22<02:20,  3.27s/it]Best trial: 6. Best value: 1.64979:  14%|█▍        | 7/50 [00:22<02:20,  3.27s/it]Best trial: 6. Best value: 1.64979:  16%|█▌        | 8/50 [00:22<02:07,  3.04s/it]D:\Python\realtime_estimate_tracker\venv_bds\lib\site-packages\xgboost\training.py:200: UserWarning: [22:04:34] WARNING: C:\actions-runner\_work\xgboost\xgboost\src\learner.cc:782: 
Parameters: { "devices", "task_type" } are not used.

  bst.update(dtrain, iteration=i, fobj=obj)
                                                                                  Best trial: 6. Best value: 1.64979:  16%|█▌        | 8/50 [00:25<02:07,  3.04s/it]Best trial: 6. Best value: 1.64979:  16%|█▌        | 8/50 [00:25<02:07,  3.04s/it]Best trial: 6. Best value: 1.64979:  18%|█▊        | 9/50 [00:25<02:02,  2.98s/it]D:\Python\realtime_estimate_tracker\venv_bds\lib\site-packages\xgboost\training.py:200: UserWarning: [22:04:37] WARNING: C:\actions-runner\_work\xgboost\xgboost\src\learner.cc:782: 
Parameters: { "devices", "task_type" } are not used.

  bst.update(dtrain, iteration=i, fobj=obj)
                                                                                  Best trial: 6. Best value: 1.64979:  18%|█▊        | 9/50 [00:28<02:02,  2.98s/it]Best trial: 6. Best value: 1.64979:  18%|█▊        | 9/50 [00:28<02:02,  2.98s/it]Best trial: 6. Best value: 1.64979:  20%|██        | 10/50 [00:28<01:55,  2.88s/it]D:\Python\realtime_estimate_tracker\venv_bds\lib\site-packages\xgboost\training.py:200: UserWarning: [22:04:40] WARNING: C:\actions-runner\_work\xgboost\xgboost\src\learner.cc:782: 
Parameters: { "devices", "task_type" } are not used.

  bst.update(dtrain, iteration=i, fobj=obj)
                                                                                   Best trial: 6. Best value: 1.64979:  20%|██        | 10/50 [00:33<01:55,  2.88s/it]Best trial: 6. Best value: 1.64979:  20%|██        | 10/50 [00:33<01:55,  2.88s/it]Best trial: 6. Best value: 1.64979:  22%|██▏       | 11/50 [00:33<02:22,  3.67s/it]D:\Python\realtime_estimate_tracker\venv_bds\lib\site-packages\xgboost\training.py:200: UserWarning: [22:04:45] WARNING: C:\actions-runner\_work\xgboost\xgboost\src\learner.cc:782: 
Parameters: { "devices", "task_type" } are not used.

  bst.update(dtrain, iteration=i, fobj=obj)
                                                                                   Best trial: 6. Best value: 1.64979:  22%|██▏       | 11/50 [00:36<02:22,  3.67s/it]Best trial: 6. Best value: 1.64979:  22%|██▏       | 11/50 [00:36<02:22,  3.67s/it]Best trial: 6. Best value: 1.64979:  24%|██▍       | 12/50 [00:36<02:12,  3.48s/it]D:\Python\realtime_estimate_tracker\venv_bds\lib\site-packages\xgboost\training.py:200: UserWarning: [22:04:48] WARNING: C:\actions-runner\_work\xgboost\xgboost\src\learner.cc:782: 
Parameters: { "devices", "task_type" } are not used.

  bst.update(dtrain, iteration=i, fobj=obj)
                                                                                   Best trial: 6. Best value: 1.64979:  24%|██▍       | 12/50 [00:40<02:12,  3.48s/it]Best trial: 12. Best value: 1.63021:  24%|██▍       | 12/50 [00:40<02:12,  3.48s/it]Best trial: 12. Best value: 1.63021:  26%|██▌       | 13/50 [00:40<02:10,  3.51s/it]D:\Python\realtime_estimate_tracker\venv_bds\lib\site-packages\xgboost\training.py:200: UserWarning: [22:04:52] WARNING: C:\actions-runner\_work\xgboost\xgboost\src\learner.cc:782: 
Parameters: { "devices", "task_type" } are not used.

  bst.update(dtrain, iteration=i, fobj=obj)
                                                                                    Best trial: 12. Best value: 1.63021:  26%|██▌       | 13/50 [00:43<02:10,  3.51s/it]Best trial: 12. Best value: 1.63021:  26%|██▌       | 13/50 [00:43<02:10,  3.51s/it]Best trial: 12. Best value: 1.63021:  28%|██▊       | 14/50 [00:43<02:03,  3.42s/it]D:\Python\realtime_estimate_tracker\venv_bds\lib\site-packages\xgboost\training.py:200: UserWarning: [22:04:55] WARNING: C:\actions-runner\_work\xgboost\xgboost\src\learner.cc:782: 
Parameters: { "devices", "task_type" } are not used.

  bst.update(dtrain, iteration=i, fobj=obj)
                                                                                    Best trial: 12. Best value: 1.63021:  28%|██▊       | 14/50 [00:47<02:03,  3.42s/it]Best trial: 12. Best value: 1.63021:  28%|██▊       | 14/50 [00:47<02:03,  3.42s/it]Best trial: 12. Best value: 1.63021:  30%|███       | 15/50 [00:47<02:07,  3.64s/it]D:\Python\realtime_estimate_tracker\venv_bds\lib\site-packages\xgboost\training.py:200: UserWarning: [22:04:59] WARNING: C:\actions-runner\_work\xgboost\xgboost\src\learner.cc:782: 
Parameters: { "devices", "task_type" } are not used.

  bst.update(dtrain, iteration=i, fobj=obj)
                                                                                    Best trial: 12. Best value: 1.63021:  30%|███       | 15/50 [00:50<02:07,  3.64s/it]Best trial: 12. Best value: 1.63021:  30%|███       | 15/50 [00:50<02:07,  3.64s/it]Best trial: 12. Best value: 1.63021:  32%|███▏      | 16/50 [00:50<01:54,  3.35s/it]D:\Python\realtime_estimate_tracker\venv_bds\lib\site-packages\xgboost\training.py:200: UserWarning: [22:05:02] WARNING: C:\actions-runner\_work\xgboost\xgboost\src\learner.cc:782: 
Parameters: { "devices", "task_type" } are not used.

  bst.update(dtrain, iteration=i, fobj=obj)
                                                                                    Best trial: 12. Best value: 1.63021:  32%|███▏      | 16/50 [00:54<01:54,  3.35s/it]Best trial: 12. Best value: 1.63021:  32%|███▏      | 16/50 [00:54<01:54,  3.35s/it]Best trial: 12. Best value: 1.63021:  34%|███▍      | 17/50 [00:54<01:58,  3.59s/it]D:\Python\realtime_estimate_tracker\venv_bds\lib\site-packages\xgboost\training.py:200: UserWarning: [22:05:06] WARNING: C:\actions-runner\_work\xgboost\xgboost\src\learner.cc:782: 
Parameters: { "devices", "task_type" } are not used.

  bst.update(dtrain, iteration=i, fobj=obj)
                                                                                    Best trial: 12. Best value: 1.63021:  34%|███▍      | 17/50 [00:58<01:58,  3.59s/it]Best trial: 12. Best value: 1.63021:  34%|███▍      | 17/50 [00:58<01:58,  3.59s/it]Best trial: 12. Best value: 1.63021:  36%|███▌      | 18/50 [00:58<01:56,  3.64s/it]D:\Python\realtime_estimate_tracker\venv_bds\lib\site-packages\xgboost\training.py:200: UserWarning: [22:05:10] WARNING: C:\actions-runner\_work\xgboost\xgboost\src\learner.cc:782: 
Parameters: { "devices", "task_type" } are not used.

  bst.update(dtrain, iteration=i, fobj=obj)
                                                                                    Best trial: 12. Best value: 1.63021:  36%|███▌      | 18/50 [01:00<01:56,  3.64s/it]Best trial: 12. Best value: 1.63021:  36%|███▌      | 18/50 [01:00<01:56,  3.64s/it]Best trial: 12. Best value: 1.63021:  38%|███▊      | 19/50 [01:00<01:42,  3.29s/it]D:\Python\realtime_estimate_tracker\venv_bds\lib\site-packages\xgboost\training.py:200: UserWarning: [22:05:12] WARNING: C:\actions-runner\_work\xgboost\xgboost\src\learner.cc:782: 
Parameters: { "devices", "task_type" } are not used.

  bst.update(dtrain, iteration=i, fobj=obj)
                                                                                    Best trial: 12. Best value: 1.63021:  38%|███▊      | 19/50 [01:05<01:42,  3.29s/it]Best trial: 12. Best value: 1.63021:  38%|███▊      | 19/50 [01:05<01:42,  3.29s/it]Best trial: 12. Best value: 1.63021:  40%|████      | 20/50 [01:05<01:50,  3.70s/it]D:\Python\realtime_estimate_tracker\venv_bds\lib\site-packages\xgboost\training.py:200: UserWarning: [22:05:17] WARNING: C:\actions-runner\_work\xgboost\xgboost\src\learner.cc:782: 
Parameters: { "devices", "task_type" } are not used.

  bst.update(dtrain, iteration=i, fobj=obj)
                                                                                    Best trial: 12. Best value: 1.63021:  40%|████      | 20/50 [01:08<01:50,  3.70s/it]Best trial: 12. Best value: 1.63021:  40%|████      | 20/50 [01:08<01:50,  3.70s/it]Best trial: 12. Best value: 1.63021:  42%|████▏     | 21/50 [01:08<01:44,  3.60s/it]D:\Python\realtime_estimate_tracker\venv_bds\lib\site-packages\xgboost\training.py:200: UserWarning: [22:05:20] WARNING: C:\actions-runner\_work\xgboost\xgboost\src\learner.cc:782: 
Parameters: { "devices", "task_type" } are not used.

  bst.update(dtrain, iteration=i, fobj=obj)
                                                                                    Best trial: 12. Best value: 1.63021:  42%|████▏     | 21/50 [01:11<01:44,  3.60s/it]Best trial: 12. Best value: 1.63021:  42%|████▏     | 21/50 [01:11<01:44,  3.60s/it]Best trial: 12. Best value: 1.63021:  44%|████▍     | 22/50 [01:11<01:34,  3.36s/it]D:\Python\realtime_estimate_tracker\venv_bds\lib\site-packages\xgboost\training.py:200: UserWarning: [22:05:23] WARNING: C:\actions-runner\_work\xgboost\xgboost\src\learner.cc:782: 
Parameters: { "devices", "task_type" } are not used.

  bst.update(dtrain, iteration=i, fobj=obj)
                                                                                    Best trial: 12. Best value: 1.63021:  44%|████▍     | 22/50 [01:14<01:34,  3.36s/it]Best trial: 12. Best value: 1.63021:  44%|████▍     | 22/50 [01:14<01:34,  3.36s/it]Best trial: 12. Best value: 1.63021:  46%|████▌     | 23/50 [01:14<01:24,  3.13s/it]D:\Python\realtime_estimate_tracker\venv_bds\lib\site-packages\xgboost\training.py:200: UserWarning: [22:05:25] WARNING: C:\actions-runner\_work\xgboost\xgboost\src\learner.cc:782: 
Parameters: { "devices", "task_type" } are not used.

  bst.update(dtrain, iteration=i, fobj=obj)
                                                                                    Best trial: 12. Best value: 1.63021:  46%|████▌     | 23/50 [01:15<01:24,  3.13s/it]Best trial: 12. Best value: 1.63021:  46%|████▌     | 23/50 [01:15<01:24,  3.13s/it]Best trial: 12. Best value: 1.63021:  48%|████▊     | 24/50 [01:15<01:10,  2.70s/it]D:\Python\realtime_estimate_tracker\venv_bds\lib\site-packages\xgboost\training.py:200: UserWarning: [22:05:27] WARNING: C:\actions-runner\_work\xgboost\xgboost\src\learner.cc:782: 
Parameters: { "devices", "task_type" } are not used.

  bst.update(dtrain, iteration=i, fobj=obj)
                                                                                    Best trial: 12. Best value: 1.63021:  48%|████▊     | 24/50 [01:18<01:10,  2.70s/it]Best trial: 12. Best value: 1.63021:  48%|████▊     | 24/50 [01:18<01:10,  2.70s/it]Best trial: 12. Best value: 1.63021:  50%|█████     | 25/50 [01:18<01:09,  2.78s/it]D:\Python\realtime_estimate_tracker\venv_bds\lib\site-packages\xgboost\training.py:200: UserWarning: [22:05:30] WARNING: C:\actions-runner\_work\xgboost\xgboost\src\learner.cc:782: 
Parameters: { "devices", "task_type" } are not used.

  bst.update(dtrain, iteration=i, fobj=obj)
                                                                                    Best trial: 12. Best value: 1.63021:  50%|█████     | 25/50 [01:23<01:09,  2.78s/it]Best trial: 12. Best value: 1.63021:  50%|█████     | 25/50 [01:23<01:09,  2.78s/it]Best trial: 12. Best value: 1.63021:  52%|█████▏    | 26/50 [01:23<01:22,  3.42s/it]D:\Python\realtime_estimate_tracker\venv_bds\lib\site-packages\xgboost\training.py:200: UserWarning: [22:05:35] WARNING: C:\actions-runner\_work\xgboost\xgboost\src\learner.cc:782: 
Parameters: { "devices", "task_type" } are not used.

  bst.update(dtrain, iteration=i, fobj=obj)
                                                                                    Best trial: 12. Best value: 1.63021:  52%|█████▏    | 26/50 [01:27<01:22,  3.42s/it]Best trial: 12. Best value: 1.63021:  52%|█████▏    | 26/50 [01:27<01:22,  3.42s/it]Best trial: 12. Best value: 1.63021:  54%|█████▍    | 27/50 [01:27<01:20,  3.51s/it]D:\Python\realtime_estimate_tracker\venv_bds\lib\site-packages\xgboost\training.py:200: UserWarning: [22:05:39] WARNING: C:\actions-runner\_work\xgboost\xgboost\src\learner.cc:782: 
Parameters: { "devices", "task_type" } are not used.

  bst.update(dtrain, iteration=i, fobj=obj)
                                                                                    Best trial: 12. Best value: 1.63021:  54%|█████▍    | 27/50 [0