[I 2026-03-07 23:34:20,368] Trial 9 finished with value: 2.0277985364993696 and parameters: {'n_estimators': 618, 'learning_rate': 0.05677887782532833, 'max_depth': 8, 'subsample': 0.8934679415972961, 'colsample_bytree': 0.7841908418417808, 'min_child_weight': 2}. Best is trial 7 with value: 1.9721292041628926.
[I 2026-03-07 23:34:24,099] Trial 10 finished with value: 2.1350546919538056 and parameters: {'n_estimators': 1440, 'learning_rate': 0.09572116244060738, 'max_depth': 5, 'subsample': 0.6954171664139513, 'colsample_bytree': 0.8864044170673615, 'min_child_weight': 7}. Best is trial 7 with value: 1.9721292041628926.
[I 2026-03-07 23:34:29,717] Trial 11 finished with value: 2.0630045301166016 and parameters: {'n_estimators': 1192, 'learning_rate': 0.08494056659173467, 'max_depth': 15, 'subsample': 0.9912126543182911, 'colsample_bytree': 0.6183912358969167, 'min_child_weight': 3}. Best is trial 7 with value: 1.9721292041628926.
[I 2026-03-07 23:34:35,623] Trial 12 finished with value: 2.070769004113687 and parameters: {'n_estimators': 1243, 'learning_rate': 0.006178285654595665, 'max_depth': 13, 'subsample': 0.974986723161386, 'colsample_bytree': 0.659725058205557, 'min_child_weight': 7}. Best is trial 7 with value: 1.9721292041628926.
[I 2026-03-07 23:34:37,934] Trial 13 finished with value: 1.9706144709897966 and parameters: {'n_estimators': 453, 'learning_rate': 0.011667326573419937, 'max_depth': 12, 'subsample': 0.6981378560341147, 'colsample_bytree': 0.878992216173881, 'min_child_weight': 4}. Best is trial 13 with value: 1.9706144709897966.
[I 2026-03-07 23:34:39,343] Trial 14 finished with value: 2.0847685118069537 and parameters: {'n_estimators': 344, 'learning_rate': 0.011284757978633257, 'max_depth': 11, 'subsample': 0.6981274161599937, 'colsample_bytree': 0.8922366582827146, 'min_child_weight': 7}. Best is trial 13 with value: 1.9706144709897966.
[I 2026-03-07 23:34:41,597] Trial 15 finished with value: 1.9628114340428648 and parameters: {'n_estimators': 458, 'learning_rate': 0.012330389260629359, 'max_depth': 10, 'subsample': 0.6849175538575922, 'colsample_bytree': 0.8718205468886138, 'min_child_weight': 1}. Best is trial 15 with value: 1.9628114340428648.
[I 2026-03-07 23:34:42,536] Trial 16 finished with value: 2.5134971197665994 and parameters: {'n_estimators': 322, 'learning_rate': 0.010281600624195697, 'max_depth': 5, 'subsample': 0.6606893585441224, 'colsample_bytree': 0.8610076416483032, 'min_child_weight': 1}. Best is trial 15 with value: 1.9628114340428648.
[I 2026-03-07 23:34:46,137] Trial 17 finished with value: 1.9520661503788783 and parameters: {'n_estimators': 503, 'learning_rate': 0.0071301530368701104, 'max_depth': 15, 'subsample': 0.7598300579137898, 'colsample_bytree': 0.8484055048396398, 'min_child_weight': 1}. Best is trial 17 with value: 1.9520661503788783.
[I 2026-03-07 23:34:49,937] Trial 18 finished with value: 2.1120260592858338 and parameters: {'n_estimators': 514, 'learning_rate': 0.0051147671894249186, 'max_depth': 15, 'subsample': 0.7634323770609714, 'colsample_bytree': 0.8311735655877406, 'min_child_weight': 1}. Best is trial 17 with value: 1.9520661503788783.
[I 2026-03-07 23:34:52,293] Trial 19 finished with value: 2.0035700526064213 and parameters: {'n_estimators': 521, 'learning_rate': 0.007759382791563665, 'max_depth': 10, 'subsample': 0.8350695236725114, 'colsample_bytree': 0.9189163486481648, 'min_child_weight': 2}. Best is trial 17 with value: 1.9520661503788783.
[I 2026-03-07 23:34:55,951] Trial 20 finished with value: 1.8669962790370043 and parameters: {'n_estimators': 638, 'learning_rate': 0.016380272338316976, 'max_depth': 14, 'subsample': 0.737931086009076, 'colsample_bytree': 0.9959357631095528, 'min_child_weight': 2}. Best is trial 20 with value: 1.8669962790370043.
[I 2026-03-07 23:34:59,932] Trial 21 finished with value: 1.8833083336332177 and parameters: {'n_estimators': 626, 'learning_rate': 0.015437131035617507, 'max_depth': 14, 'subsample': 0.7329564055163622, 'colsample_bytree': 0.9670675543397141, 'min_child_weight': 2}. Best is trial 20 with value: 1.8669962790370043.
[I 2026-03-07 23:35:03,558] Trial 22 finished with value: 1.8896487407910127 and parameters: {'n_estimators': 644, 'learning_rate': 0.01540905784341576, 'max_depth': 14, 'subsample': 0.7891123960324071, 'colsample_bytree': 0.9750964794290865, 'min_child_weight': 3}. Best is trial 20 with value: 1.8669962790370043.
[I 2026-03-07 23:35:06,827] Trial 23 finished with value: 1.8864259553273919 and parameters: {'n_estimators': 657, 'learning_rate': 0.01610514660529963, 'max_depth': 14, 'subsample': 0.7942341075295445, 'colsample_bytree': 0.9885522109593139, 'min_child_weight': 3}. Best is trial 20 with value: 1.8669962790370043.
[I 2026-03-07 23:35:10,896] Trial 24 finished with value: 1.8909007214897553 and parameters: {'n_estimators': 854, 'learning_rate': 0.016753123241776774, 'max_depth': 14, 'subsample': 0.718297995841242, 'colsample_bytree': 0.9981087650964412, 'min_child_weight': 3}. Best is trial 20 with value: 1.8669962790370043.
[I 2026-03-07 23:35:14,324] Trial 25 finished with value: 1.8722366223498552 and parameters: {'n_estimators': 648, 'learning_rate': 0.016322954772869804, 'max_depth': 14, 'subsample': 0.7369298054365799, 'colsample_bytree': 0.9308622520764016, 'min_child_weight': 2}. Best is trial 20 with value: 1.8669962790370043.
[I 2026-03-07 23:35:18,551] Trial 26 finished with value: 1.8781961885405796 and parameters: {'n_estimators': 878, 'learning_rate': 0.01790714007828758, 'max_depth': 12, 'subsample': 0.6487029984876067, 'colsample_bytree': 0.9317901365697253, 'min_child_weight': 2}. Best is trial 20 with value: 1.8669962790370043.
[I 2026-03-07 23:35:22,160] Trial 27 finished with value: 1.940844090588505 and parameters: {'n_estimators': 858, 'learning_rate': 0.029402383277343503, 'max_depth': 12, 'subsample': 0.6412651287594222, 'colsample_bytree': 0.9159370486685411, 'min_child_weight': 4}. Best is trial 20 with value: 1.8669962790370043.
[I 2026-03-07 23:35:26,535] Trial 28 finished with value: 1.8803119122872123 and parameters: {'n_estimators': 949, 'learning_rate': 0.019515236308023338, 'max_depth': 12, 'subsample': 0.6589030585911911, 'colsample_bytree': 0.9170103970578032, 'min_child_weight': 2}. Best is trial 20 with value: 1.8669962790370043.
[I 2026-03-07 23:35:30,979] Trial 29 finished with value: 1.8878673289721952 and parameters: {'n_estimators': 777, 'learning_rate': 0.009426990966043845, 'max_depth': 13, 'subsample': 0.8427073682797037, 'colsample_bytree': 0.9477591118807464, 'min_child_weight': 2}. Best is trial 20 with value: 1.8669962790370043.
[I 2026-03-07 23:35:33,146] Trial 30 finished with value: 1.9569964288019528 and parameters: {'n_estimators': 580, 'learning_rate': 0.01935892489994486, 'max_depth': 12, 'subsample': 0.7237501268490617, 'colsample_bytree': 0.9296098977869368, 'min_child_weight': 6}. Best is trial 20 with value: 1.8669962790370043.
[I 2026-03-07 23:35:37,193] Trial 31 finished with value: 1.9076724222803423 and parameters: {'n_estimators': 956, 'learning_rate': 0.020874845872722567, 'max_depth': 12, 'subsample': 0.6298090927649874, 'colsample_bytree': 0.9059909653713939, 'min_child_weight': 2}. Best is trial 20 with value: 1.8669962790370043.
[I 2026-03-07 23:35:41,700] Trial 32 finished with value: 1.9113019494461148 and parameters: {'n_estimators': 990, 'learning_rate': 0.02670020711554828, 'max_depth': 13, 'subsample': 0.6614950990737426, 'colsample_bytree': 0.9461780302926284, 'min_child_weight': 3}. Best is trial 20 with value: 1.8669962790370043.
[I 2026-03-07 23:35:44,659] Trial 33 finished with value: 1.9812721915768594 and parameters: {'n_estimators': 868, 'learning_rate': 0.018285950519811755, 'max_depth': 9, 'subsample': 0.6566661419944062, 'colsample_bytree': 0.9962922903746532, 'min_child_weight': 4}. Best is trial 20 with value: 1.8669962790370043.
[I 2026-03-07 23:35:48,310] Trial 34 finished with value: 1.8887551073978344 and parameters: {'n_estimators': 731, 'learning_rate': 0.036915444939732166, 'max_depth': 14, 'subsample': 0.7427985779816367, 'colsample_bytree': 0.9612058397729312, 'min_child_weight': 2}. Best is trial 20 with value: 1.8669962790370043.
[I 2026-03-07 23:35:51,402] Trial 35 finished with value: 1.8792729272465025 and parameters: {'n_estimators': 1048, 'learning_rate': 0.0136786536392145, 'max_depth': 10, 'subsample': 0.6367207379388955, 'colsample_bytree': 0.9379327915796545, 'min_child_weight': 1}. Best is trial 20 with value: 1.8669962790370043.
[I 2026-03-07 23:35:54,706] Trial 36 finished with value: 1.9357692503910582 and parameters: {'n_estimators': 1089, 'learning_rate': 0.013350114799638522, 'max_depth': 9, 'subsample': 0.6274526237733711, 'colsample_bytree': 0.9312862323980248, 'min_child_weight': 1}. Best is trial 20 with value: 1.8669962790370043.
[I 2026-03-07 23:35:58,682] Trial 37 finished with value: 1.9578439108075365 and parameters: {'n_estimators': 1120, 'learning_rate': 0.00920444960571646, 'max_depth': 11, 'subsample': 0.6066116264675204, 'colsample_bytree': 0.9661386358360475, 'min_child_weight': 5}. Best is trial 20 with value: 1.8669962790370043.
[I 2026-03-07 23:36:03,181] Trial 38 finished with value: 1.9776349225146446 and parameters: {'n_estimators': 1157, 'learning_rate': 0.014229380154336217, 'max_depth': 9, 'subsample': 0.7807629120727112, 'colsample_bytree': 0.8063368873423695, 'min_child_weight': 1}. Best is trial 20 with value: 1.8669962790370043.
[I 2026-03-07 23:36:05,811] Trial 39 finished with value: 2.112132519543656 and parameters: {'n_estimators': 803, 'learning_rate': 0.02306640807544639, 'max_depth': 7, 'subsample': 0.7122809204097573, 'colsample_bytree': 0.7592894614804049, 'min_child_weight': 3}. Best is trial 20 with value: 1.8669962790370043.
[I 2026-03-07 23:36:08,627] Trial 40 finished with value: 1.9606211668359994 and parameters: {'n_estimators': 1015, 'learning_rate': 0.025924619665892226, 'max_depth': 10, 'subsample': 0.8956022696361675, 'colsample_bytree': 0.8974086255110019, 'min_child_weight': 6}. Best is trial 20 with value: 1.8669962790370043.
[I 2026-03-07 23:36:12,278] Trial 41 finished with value: 1.876425141654195 and parameters: {'n_estimators': 914, 'learning_rate': 0.018448882899930148, 'max_depth': 12, 'subsample': 0.6437567693340713, 'colsample_bytree': 0.9344862212821724, 'min_child_weight': 2}. Best is trial 20 with value: 1.8669962790370043.
[I 2026-03-07 23:36:15,174] Trial 42 finished with value: 1.903972647043366 and parameters: {'n_estimators': 705, 'learning_rate': 0.0173179030070585, 'max_depth': 11, 'subsample': 0.6797436292473912, 'colsample_bytree': 0.9417291865527677, 'min_child_weight': 2}. Best is trial 20 with value: 1.8669962790370043.
[I 2026-03-07 23:36:19,580] Trial 43 finished with value: 1.8357720492521865 and parameters: {'n_estimators': 906, 'learning_rate': 0.01317999562610971, 'max_depth': 13, 'subsample': 0.6330311640040279, 'colsample_bytree': 0.9805772358481483, 'min_child_weight': 1}. Best is trial 43 with value: 1.8357720492521865.
[I 2026-03-07 23:36:23,607] Trial 44 finished with value: 1.8962574529288145 and parameters: {'n_estimators': 904, 'learning_rate': 0.032756977235138866, 'max_depth': 13, 'subsample': 0.6200897614483232, 'colsample_bytree': 0.9804043775301837, 'min_child_weight': 2}. Best is trial 43 with value: 1.8357720492521865.
[I 2026-03-07 23:36:27,694] Trial 45 finished with value: 1.88358453752266 and parameters: {'n_estimators': 834, 'learning_rate': 0.022225790420786505, 'max_depth': 15, 'subsample': 0.7451721960916357, 'colsample_bytree': 0.9605412265395095, 'min_child_weight': 3}. Best is trial 43 with value: 1.8357720492521865.
[I 2026-03-07 23:36:32,172] Trial 46 finished with value: 1.821508596246327 and parameters: {'n_estimators': 716, 'learning_rate': 0.010277587833123507, 'max_depth': 14, 'subsample': 0.8134983831589588, 'colsample_bytree': 0.9997220981111493, 'min_child_weight': 1}. Best is trial 46 with value: 1.821508596246327.
[I 2026-03-07 23:36:36,974] Trial 47 finished with value: 1.843324240613943 and parameters: {'n_estimators': 714, 'learning_rate': 0.008480422671211846, 'max_depth': 14, 'subsample': 0.8116084732291621, 'colsample_bytree': 0.9845925617080578, 'min_child_weight': 1}. Best is trial 46 with value: 1.821508596246327.
[I 2026-03-07 23:36:42,560] Trial 48 finished with value: 1.8465896109742796 and parameters: {'n_estimators': 707, 'learning_rate': 0.007999727061324008, 'max_depth': 15, 'subsample': 0.8125543925041129, 'colsample_bytree': 0.9973589570897139, 'min_child_weight': 1}. Best is trial 46 with value: 1.821508596246327.
