[I 2026-03-22 22:04:43,485] Trial 0 finished with value: 1.8618059773279803 and parameters: {'n_estimators': 1155, 'learning_rate': 0.016441730613362644, 'max_depth': 7, 'subsample': 0.81026246716975, 'colsample_bytree': 0.7917803899989717, 'min_child_weight': 1}. Best is trial 0 with value: 1.8618059773279803.
[I 2026-03-22 22:04:45,727] Trial 1 finished with value: 1.7773201791004458 and parameters: {'n_estimators': 640, 'learning_rate': 0.059000604327411894, 'max_depth': 15, 'subsample': 0.9190375184881023, 'colsample_bytree': 0.6733794702875536, 'min_child_weight': 3}. Best is trial 1 with value: 1.7773201791004458.
[I 2026-03-22 22:04:51,758] Trial 2 finished with value: 1.705801397524877 and parameters: {'n_estimators': 1493, 'learning_rate': 0.00706855783902208, 'max_depth': 15, 'subsample': 0.7445554031725623, 'colsample_bytree': 0.8621986105933976, 'min_child_weight': 3}. Best is trial 2 with value: 1.705801397524877.
[I 2026-03-22 22:04:54,007] Trial 3 finished with value: 1.7621479759032888 and parameters: {'n_estimators': 716, 'learning_rate': 0.034982213823472705, 'max_depth': 12, 'subsample': 0.9040874306018569, 'colsample_bytree': 0.6528808795075235, 'min_child_weight': 2}. Best is trial 2 with value: 1.705801397524877.
[I 2026-03-22 22:04:54,993] Trial 4 finished with value: 1.847633965679315 and parameters: {'n_estimators': 488, 'learning_rate': 0.05985714942911627, 'max_depth': 7, 'subsample': 0.873288510076417, 'colsample_bytree': 0.8927804276330653, 'min_child_weight': 10}. Best is trial 2 with value: 1.705801397524877.
[I 2026-03-22 22:04:58,740] Trial 5 finished with value: 1.735260320742852 and parameters: {'n_estimators': 1385, 'learning_rate': 0.00797625188701936, 'max_depth': 11, 'subsample': 0.7665523028207181, 'colsample_bytree': 0.9300684414953319, 'min_child_weight': 5}. Best is trial 2 with value: 1.705801397524877.
[I 2026-03-22 22:05:00,000] Trial 6 finished with value: 2.0654286771068193 and parameters: {'n_estimators': 450, 'learning_rate': 0.012853467235817142, 'max_depth': 7, 'subsample': 0.6151819158550146, 'colsample_bytree': 0.6427111894922104, 'min_child_weight': 3}. Best is trial 2 with value: 1.705801397524877.
[I 2026-03-22 22:05:01,090] Trial 7 finished with value: 1.8043320606341853 and parameters: {'n_estimators': 382, 'learning_rate': 0.02234439369943471, 'max_depth': 10, 'subsample': 0.8670170596106739, 'colsample_bytree': 0.8242189434736038, 'min_child_weight': 5}. Best is trial 2 with value: 1.705801397524877.
[I 2026-03-22 22:05:03,208] Trial 8 finished with value: 1.8335144054201513 and parameters: {'n_estimators': 848, 'learning_rate': 0.043486622996756194, 'max_depth': 11, 'subsample': 0.7123980354885426, 'colsample_bytree': 0.654565365964738, 'min_child_weight': 8}. Best is trial 2 with value: 1.705801397524877.
[I 2026-03-22 22:05:05,154] Trial 9 finished with value: 1.828941612915644 and parameters: {'n_estimators': 1000, 'learning_rate': 0.09347620022794785, 'max_depth': 6, 'subsample': 0.7347691367953068, 'colsample_bytree': 0.9788975662959526, 'min_child_weight': 7}. Best is trial 2 with value: 1.705801397524877.
[I 2026-03-22 22:05:10,817] Trial 10 finished with value: 1.746445459980233 and parameters: {'n_estimators': 1372, 'learning_rate': 0.005475962325184874, 'max_depth': 15, 'subsample': 0.9972389028167666, 'colsample_bytree': 0.7574536466241708, 'min_child_weight': 4}. Best is trial 2 with value: 1.705801397524877.
[I 2026-03-22 22:05:15,287] Trial 11 finished with value: 1.7534076896959636 and parameters: {'n_estimators': 1454, 'learning_rate': 0.0058697391931796725, 'max_depth': 13, 'subsample': 0.7147289121772108, 'colsample_bytree': 0.9319279956853391, 'min_child_weight': 6}. Best is trial 2 with value: 1.705801397524877.
[I 2026-03-22 22:05:18,270] Trial 12 finished with value: 1.787393134936704 and parameters: {'n_estimators': 1261, 'learning_rate': 0.009546855566169039, 'max_depth': 9, 'subsample': 0.6469709717031334, 'colsample_bytree': 0.8950667512971604, 'min_child_weight': 5}. Best is trial 2 with value: 1.705801397524877.
[I 2026-03-22 22:05:24,453] Trial 13 finished with value: 1.6444398052555875 and parameters: {'n_estimators': 1495, 'learning_rate': 0.008574330969501404, 'max_depth': 13, 'subsample': 0.7821580492075936, 'colsample_bytree': 0.9922286361372621, 'min_child_weight': 1}. Best is trial 13 with value: 1.6444398052555875.
[I 2026-03-22 22:05:31,235] Trial 14 finished with value: 1.6242847583110496 and parameters: {'n_estimators': 1498, 'learning_rate': 0.009727473047829768, 'max_depth': 14, 'subsample': 0.8164926108521243, 'colsample_bytree': 0.9983130112807548, 'min_child_weight': 1}. Best is trial 14 with value: 1.6242847583110496.
[I 2026-03-22 22:05:35,600] Trial 15 finished with value: 1.647807274709191 and parameters: {'n_estimators': 1079, 'learning_rate': 0.011625218232678421, 'max_depth': 13, 'subsample': 0.8138007662442522, 'colsample_bytree': 0.9999409349261235, 'min_child_weight': 1}. Best is trial 14 with value: 1.6242847583110496.
[I 2026-03-22 22:05:40,258] Trial 16 finished with value: 1.6268548052790193 and parameters: {'n_estimators': 1232, 'learning_rate': 0.017564458715318854, 'max_depth': 13, 'subsample': 0.6729597064170081, 'colsample_bytree': 0.9520415045339797, 'min_child_weight': 1}. Best is trial 14 with value: 1.6242847583110496.
[I 2026-03-22 22:05:45,127] Trial 17 finished with value: 1.6724835554971649 and parameters: {'n_estimators': 1234, 'learning_rate': 0.01897999715779477, 'max_depth': 14, 'subsample': 0.6698734824312329, 'colsample_bytree': 0.9502196211503936, 'min_child_weight': 2}. Best is trial 14 with value: 1.6242847583110496.
[I 2026-03-22 22:05:48,287] Trial 18 finished with value: 1.7377507166198447 and parameters: {'n_estimators': 1265, 'learning_rate': 0.03053707202922458, 'max_depth': 9, 'subsample': 0.6785700005922791, 'colsample_bytree': 0.8533175760694687, 'min_child_weight': 2}. Best is trial 14 with value: 1.6242847583110496.
[I 2026-03-22 22:05:50,666] Trial 19 finished with value: 1.84599084723004 and parameters: {'n_estimators': 928, 'learning_rate': 0.01475002318412941, 'max_depth': 12, 'subsample': 0.6021432475133435, 'colsample_bytree': 0.7126383249962603, 'min_child_weight': 10}. Best is trial 14 with value: 1.6242847583110496.
[I 2026-03-22 22:05:55,434] Trial 20 finished with value: 1.7163920645123791 and parameters: {'n_estimators': 1337, 'learning_rate': 0.02691782659912209, 'max_depth': 14, 'subsample': 0.8264591825402693, 'colsample_bytree': 0.9563908849452923, 'min_child_weight': 4}. Best is trial 14 with value: 1.6242847583110496.
[I 2026-03-22 22:06:01,362] Trial 21 finished with value: 1.6438290495279466 and parameters: {'n_estimators': 1496, 'learning_rate': 0.00930425421367392, 'max_depth': 13, 'subsample': 0.7776219562938701, 'colsample_bytree': 0.9935404626713656, 'min_child_weight': 1}. Best is trial 14 with value: 1.6242847583110496.
[I 2026-03-22 22:06:06,611] Trial 22 finished with value: 1.6275506798566595 and parameters: {'n_estimators': 1146, 'learning_rate': 0.011187002493348907, 'max_depth': 14, 'subsample': 0.8497361546039714, 'colsample_bytree': 0.9012900401875429, 'min_child_weight': 1}. Best is trial 14 with value: 1.6242847583110496.
[I 2026-03-22 22:06:11,323] Trial 23 finished with value: 1.6698146994655956 and parameters: {'n_estimators': 1119, 'learning_rate': 0.011205585320864433, 'max_depth': 14, 'subsample': 0.8501217624200128, 'colsample_bytree': 0.8910472377570084, 'min_child_weight': 2}. Best is trial 14 with value: 1.6242847583110496.
[I 2026-03-22 22:06:15,250] Trial 24 finished with value: 1.6810518207128924 and parameters: {'n_estimators': 1024, 'learning_rate': 0.01800417505496416, 'max_depth': 12, 'subsample': 0.9398183747898664, 'colsample_bytree': 0.924613707716908, 'min_child_weight': 1}. Best is trial 14 with value: 1.6242847583110496.
[I 2026-03-22 22:06:19,576] Trial 25 finished with value: 1.770074127632182 and parameters: {'n_estimators': 1183, 'learning_rate': 0.01397667182184321, 'max_depth': 14, 'subsample': 0.83591500226798, 'colsample_bytree': 0.6072933703414718, 'min_child_weight': 3}. Best is trial 14 with value: 1.6242847583110496.
[I 2026-03-22 22:06:23,669] Trial 26 finished with value: 1.6921803155426267 and parameters: {'n_estimators': 1315, 'learning_rate': 0.0227644455614644, 'max_depth': 11, 'subsample': 0.8918690629772378, 'colsample_bytree': 0.9608138791600441, 'min_child_weight': 2}. Best is trial 14 with value: 1.6242847583110496.
[I 2026-03-22 22:06:27,963] Trial 27 finished with value: 1.7493885381854284 and parameters: {'n_estimators': 828, 'learning_rate': 0.0067910604213482564, 'max_depth': 15, 'subsample': 0.9394671464063302, 'colsample_bytree': 0.9109681833298281, 'min_child_weight': 4}. Best is trial 14 with value: 1.6242847583110496.
[I 2026-03-22 22:06:32,548] Trial 28 finished with value: 1.7415905475262776 and parameters: {'n_estimators': 1400, 'learning_rate': 0.010162498803031163, 'max_depth': 14, 'subsample': 0.7947186283365912, 'colsample_bytree': 0.849221767091886, 'min_child_weight': 8}. Best is trial 14 with value: 1.6242847583110496.
[I 2026-03-22 22:06:36,781] Trial 29 finished with value: 1.6878961398549164 and parameters: {'n_estimators': 1177, 'learning_rate': 0.016963852695114655, 'max_depth': 12, 'subsample': 0.8123104480103305, 'colsample_bytree': 0.7722833215518639, 'min_child_weight': 1}. Best is trial 14 with value: 1.6242847583110496.
[I 2026-03-22 22:06:38,944] Trial 30 finished with value: 2.0335512755894833 and parameters: {'n_estimators': 1058, 'learning_rate': 0.020862318955356014, 'max_depth': 5, 'subsample': 0.9773746420182, 'colsample_bytree': 0.9615194301976139, 'min_child_weight': 1}. Best is trial 14 with value: 1.6242847583110496.
[I 2026-03-22 22:06:44,690] Trial 31 finished with value: 1.6421299339399058 and parameters: {'n_estimators': 1408, 'learning_rate': 0.009333736194736654, 'max_depth': 13, 'subsample': 0.7643160171982603, 'colsample_bytree': 0.9963076049674173, 'min_child_weight': 1}. Best is trial 14 with value: 1.6242847583110496.
[I 2026-03-22 22:06:50,346] Trial 32 finished with value: 1.6566524813579875 and parameters: {'n_estimators': 1413, 'learning_rate': 0.014281242201293062, 'max_depth': 13, 'subsample': 0.7545540221333747, 'colsample_bytree': 0.9730793488896304, 'min_child_weight': 2}. Best is trial 14 with value: 1.6242847583110496.
[I 2026-03-22 22:06:55,657] Trial 33 finished with value: 1.7096037677389662 and parameters: {'n_estimators': 1213, 'learning_rate': 0.007337640703655537, 'max_depth': 15, 'subsample': 0.7010248690865407, 'colsample_bytree': 0.9379673764693155, 'min_child_weight': 3}. Best is trial 14 with value: 1.6242847583110496.
[I 2026-03-22 22:07:01,711] Trial 34 finished with value: 1.627904789467936 and parameters: {'n_estimators': 1321, 'learning_rate': 0.011367426001096683, 'max_depth': 14, 'subsample': 0.8437661345228064, 'colsample_bytree': 0.9725150623662661, 'min_child_weight': 1}. Best is trial 14 with value: 1.6242847583110496.
[I 2026-03-22 22:07:07,361] Trial 35 finished with value: 1.6543808396584196 and parameters: {'n_estimators': 1305, 'learning_rate': 0.012230995863713791, 'max_depth': 14, 'subsample': 0.8536035564008753, 'colsample_bytree': 0.8777874840989449, 'min_child_weight': 2}. Best is trial 14 with value: 1.6242847583110496.
[I 2026-03-22 22:07:11,919] Trial 36 finished with value: 1.7203141650682265 and parameters: {'n_estimators': 959, 'learning_rate': 0.006435600556293925, 'max_depth': 15, 'subsample': 0.9131992817810773, 'colsample_bytree': 0.9164650956515267, 'min_child_weight': 3}. Best is trial 14 with value: 1.6242847583110496.
[I 2026-03-22 22:07:15,315] Trial 37 finished with value: 1.6793640196746988 and parameters: {'n_estimators': 659, 'learning_rate': 0.01129830392767774, 'max_depth': 15, 'subsample': 0.8709296419463314, 'colsample_bytree': 0.8190132020806221, 'min_child_weight': 2}. Best is trial 14 with value: 1.6242847583110496.
[I 2026-03-22 22:07:18,878] Trial 38 finished with value: 1.7095517307652885 and parameters: {'n_estimators': 1151, 'learning_rate': 0.01640895434420453, 'max_depth': 10, 'subsample': 0.8871520555256689, 'colsample_bytree': 0.9393146002322329, 'min_child_weight': 1}. Best is trial 14 with value: 1.6242847583110496.
[I 2026-03-22 22:07:22,840] Trial 39 finished with value: 1.7626864711947143 and parameters: {'n_estimators': 1116, 'learning_rate': 0.005012595141152678, 'max_depth': 12, 'subsample': 0.8395819929733754, 'colsample_bytree': 0.9718398591121457, 'min_child_weight': 4}. Best is trial 14 with value: 1.6242847583110496.
[I 2026-03-22 22:07:27,959] Trial 40 finished with value: 1.6765055877618704 and parameters: {'n_estimators': 1344, 'learning_rate': 0.037500015574920983, 'max_depth': 14, 'subsample': 0.8154270716914289, 'colsample_bytree': 0.9043843144460014, 'min_child_weight': 2}. Best is trial 14 with value: 1.6242847583110496.
[I 2026-03-22 22:07:33,943] Trial 41 finished with value: 1.6539628911613322 and parameters: {'n_estimators': 1427, 'learning_rate': 0.008317768396008255, 'max_depth': 13, 'subsample': 0.7911032241257592, 'colsample_bytree': 0.9792734505399637, 'min_child_weight': 1}. Best is trial 14 with value: 1.6242847583110496.
[I 2026-03-22 22:07:39,163] Trial 42 finished with value: 1.6464669430055745 and parameters: {'n_estimators': 1295, 'learning_rate': 0.010233721391421589, 'max_depth': 13, 'subsample': 0.7553984950673038, 'colsample_bytree': 0.9987228172791957, 'min_child_weight': 1}. Best is trial 14 with value: 1.6242847583110496.
[I 2026-03-22 22:07:43,883] Trial 43 finished with value: 1.7234051351188902 and parameters: {'n_estimators': 1460, 'learning_rate': 0.007698807010572005, 'max_depth': 12, 'subsample': 0.628570655779238, 'colsample_bytree': 0.9480665392181968, 'min_child_weight': 3}. Best is trial 14 with value: 1.6242847583110496.
[I 2026-03-22 22:07:50,946] Trial 44 finished with value: 1.6178291836378216 and parameters: {'n_estimators': 1386, 'learning_rate': 0.013324736560471246, 'max_depth': 15, 'subsample': 0.8648332828357879, 'colsample_bytree': 0.9792519498787794, 'min_child_weight': 1}. Best is trial 44 with value: 1.6178291836378216.
[I 2026-03-22 22:07:57,489] Trial 45 finished with value: 1.6559071031739212 and parameters: {'n_estimators': 1366, 'learning_rate': 0.013253994296738758, 'max_depth': 15, 'subsample': 0.8592774973364061, 'colsample_bytree': 0.8791507848073794, 'min_child_weight': 2}. Best is trial 44 with value: 1.6178291836378216.
[I 2026-03-22 22:08:03,613] Trial 46 finished with value: 1.6357712901820256 and parameters: {'n_estimators': 1267, 'learning_rate': 0.015230243168127603, 'max_depth': 15, 'subsample': 0.7344184572686553, 'colsample_bytree': 0.9766152695660417, 'min_child_weight': 1}. Best is trial 44 with value: 1.6178291836378216.
[I 2026-03-22 22:08:06,308] Trial 47 finished with value: 1.7442587315814146 and parameters: {'n_estimators': 866, 'learning_rate': 0.024047428722243774, 'max_depth': 14, 'subsample': 0.8947962792754156, 'colsample_bytree': 0.929018029930649, 'min_child_weight': 9}. Best is trial 44 with value: 1.6178291836378216.
[I 2026-03-22 22:08:09,149] Trial 48 finished with value: 1.785237854901211 and parameters: {'n_estimators': 772, 'learning_rate': 0.01253849642024058, 'max_depth': 15, 'subsample': 0.877948604052543, 'colsample_bytree': 0.707471320302846, 'min_child_weight': 6}. Best is trial 44 with value: 1.6178291836378216.
