[I 2026-04-08 22:16:24,609] Trial 49 finished with value: 1.8058970545528739 and parameters: {'n_estimators': 1130, 'learning_rate': 0.03552808840445786, 'max_depth': 14, 'subsample': 0.9287416121750892, 'colsample_bytree': 0.9791578087160098, 'min_child_weight': 1}. Best is trial 44 with value: 1.7988426976515905.
✅ Tham số tối ưu nhất từ Optuna: {'n_estimators': 945, 'learning_rate': 0.017327162379437384, 'max_depth': 14, 'subsample': 0.9122826851453592, 'colsample_bytree': 0.972403047944585, 'min_child_weight': 1}
MAE của mô hình XGBoost: 1.8035
R² của mô hình XGBoost: 0.9129
🥊 Đang so sánh... Champion MAE: 1.6245 vs Challenger MAE: 1.8035
🛡️ Champion bảo vệ ngôi vương. Giữ nguyên mô hình cũ.
[Wed 04/08/2026 22:16:40.35] [4/4] Dang dong bo AI Model (qua LFS) len GitHub... 
[main 25938ba] Auto-update AI Model: Wed 04/08/2026 22:16:43.18
 2 files changed, 454 insertions(+)
remote: This repository moved. Please use the new location:        
remote:   https://github.com/HieuNT316/hanoi-house-price-prediction.git        
To https://github.com/Alexus143/hanoi-house-price-prediction.git
   b867cfb..25938ba  main -> main
========================================= 
[Thu 04/09/2026 22:00:02.70] [1/4] Dang cao chi tiet BĐS... 
🔍 Đang cấu hình Database với: postgres.kkwivuufxdewurmxtsto@aws-1-ap-southeast-1.pooler.supabase.com:5432/postgres

[DetailSpider] Khởi động luồng làm giàu dữ liệu (Limit: 50 bài/lượt)...
✅ Đã kết nối thành công tới PostgreSQL.
[Browser] Đang khởi tạo trình duyệt...
[Browser] Phát hiện Chrome (Windows): Version 139

[DetailSpider] Đang cào (1/15): https://batdongsan.com.vn/ban-nha-biet-thu-lien-ke-phuong-kien-hung-mipec-city-view/ban-nhanh-bt-vip-ha-ong-dt-335m-lo-goc-truc-chinh-kinh-doanh-gia-tot-chi-hon-40-ty-pr45483302
  -> Lấy được 3/6 feature chi tiết.

[DetailSpider] Đang cào (2/15): https://batdongsan.com.vn/ban-can-ho-chung-cu-phuong-mo-lao-mulberry-lane/chuan-gia-ban-ch-4pn-3vs-146-8m2-san-so-tai-quan-ha-ong-pr45512092
  -> Lấy được 3/6 feature chi tiết.

[DetailSpider] Đang cào (3/15): https://batdongsan.com.vn/ban-can-ho-chung-cu-duong-vu-trong-khanh-phuong-mo-lao-chung-cu-booyoung/chinh-chu-ban-2211-ct4-3pn-2vs-107m-thong-thuy-uong-ha-noi-pr45507953
  -> Lấy được 0/6 feature chi tiết.

[DetailSpider] Đang cào (4/15): https://batdongsan.com.vn/ban-can-ho-chung-cu-phuong-la-khe-the-terra-an-hung/ban-2-ngu-huong-ong-nam-tang-ep-gia-sieu-re-pr45512432
  -> Lấy được 3/6 feature chi tiết.

[DetailSpider] Đang cào (5/15): https://batdongsan.com.vn/ban-can-ho-chung-cu-phuong-la-khe-hpc-landmark-105/quy-dang-ban-gia-re-nhat-tai-ha-dong-ha-noi-pr44962462
  -> Lấy được 1/6 feature chi tiết.

[DetailSpider] Đang cào (6/15): https://batdongsan.com.vn/ban-can-ho-chung-cu-phuong-yen-nghia-1-khu-nha-o-bo-tu-lenh-thu-do-ha-noi/ban-tai-3-55-ty-67-m2-2-ngu-pr43730524
  -> Lấy được 1/6 feature chi tiết.

[DetailSpider] Đang cào (7/15): https://batdongsan.com.vn/ban-can-ho-chung-cu-mini-phuong-van-quan/ha-ong-nhinh-19-ty-ccdv-dong-tien-720-tr-nam-o-to-vao-nha-lai-tren-von-pr45509810
  -> Lấy được 2/6 feature chi tiết.

[DetailSpider] Đang cào (8/15): https://batdongsan.com.vn/ban-nha-biet-thu-lien-ke-duong-le-trong-tan-phuong-duong-noi-khu-do-thi-geleximco-le-trong-tan/ban-k-t-ha-ong-126m2-chi-18-8-ty-pr45408550
  -> Lấy được 1/6 feature chi tiết.

[DetailSpider] Đang cào (9/15): https://batdongsan.com.vn/ban-shophouse-nha-pho-thuong-mai-phuong-phuc-la-the-k-park/ban-nhanh-can-ha-ong-ha-noi-dien-tich-123m-gia-14-8-ty-pr45509111
  -> Lấy được 6/6 feature chi tiết.

[DetailSpider] Đang cào (10/15): https://batdongsan.com.vn/ban-nha-rieng-duong-ngo-thi-nham-phuong-la-khe-15/dep-full-noi-that-don-tet-42m2-x-6-tang-tai-ha-dong-o-to-sat-cua-gia-tot-pr44801870
  -> Lấy được 3/6 feature chi tiết.

[DetailSpider] Đang cào (11/15): https://batdongsan.com.vn/ban-can-ho-chung-cu-phuong-duong-noi-an-binh-homeland/ban-duplex-vip-dien-tich-137m2-3-ngu-2-vs-view-panorama-toan-thanh-pho-gia-ngang-3-ngu-pr45451412
  -> Lấy được 0/6 feature chi tiết.

[DetailSpider] Đang cào (12/15): https://batdongsan.com.vn/ban-can-ho-chung-cu-phuong-phu-lam-1-the-vesta/toa-v3-tang-trung-san-sang-giao-dich-gia-chi-hon-3-ty-lh-pr45503267
  -> Lấy được 2/6 feature chi tiết.

[DetailSpider] Đang cào (13/15): https://batdongsan.com.vn/ban-nha-biet-thu-lien-ke-phuong-kien-hung-mipec-city-view/ban-nhanh-bt-vip-ha-ong-dt-335m-lo-goc-truc-chinh-kinh-doanh-gia-tot-chi-hon-40-ty-pr45483302
  -> Lấy được 3/6 feature chi tiết.

[DetailSpider] Đang cào (14/15): https://batdongsan.com.vn/ban-can-ho-chung-cu-phuong-duong-noi-an-binh-homeland/tong-hop-quy-ngoai-giao-ky-truc-tiep-chu-au-tu-tap-oan-geleximco-pr45475927
  -> Lấy được 2/6 feature chi tiết.

[DetailSpider] Đang cào (15/15): https://batdongsan.com.vn/ban-can-ho-chung-cu-mini-duong-ha-tri-1-phuong-ha-cau-15/chinh-chu-ban-1-uong-oto-thong-cach-50m-ra-pho-tri-pr45460208
  -> Lấy được 1/6 feature chi tiết.

[DetailSpider] Hoàn thành. Cập nhật thành công 15/15 bài đăng.
[Thu 04/09/2026 22:04:04.23] [2/4] Dang clean du lieu... 
🔍 Đang cấu hình Database với: postgres.kkwivuufxdewurmxtsto@aws-1-ap-southeast-1.pooler.supabase.com:5432/postgres
✅ Đã kết nối thành công tới PostgreSQL.
🔄 Upsert thành công 5667 bản ghi vào 'bds_hadong'.
✅ Đã cập nhật cột legal_status và furniture thành công.
[Thu 04/09/2026 22:04:21.84] [3/4] Dang huan luyen AI tren du lieu moi... 
🔍 Đang cấu hình Database với: postgres.kkwivuufxdewurmxtsto@aws-1-ap-southeast-1.pooler.supabase.com:5432/postgres
[I 2026-04-09 22:04:48,344] A new study created in memory with name: no-name-293a29be-1c47-4cc8-8cfe-1f640f9af826
✅ Đã kết nối thành công tới PostgreSQL.
  0%|          | 0/50 [00:00<?, ?it/s]D:\Python\realtime_estimate_tracker\venv_bds\lib\site-packages\xgboost\training.py:200: UserWarning: [22:04:48] WARNING: C:\actions-runner\_work\xgboost\xgboost\src\learner.cc:782: 
Parameters: { "devices", "task_type" } are not used.

  bst.update(dtrain, iteration=i, fobj=obj)
                                        0%|          | 0/50 [00:07<?, ?it/s]Best trial: 0. Best value: 1.81231:   0%|          | 0/50 [00:07<?, ?it/s]Best trial: 0. Best value: 1.81231:   2%|▏         | 1/50 [00:07<05:50,  7.15s/it]D:\Python\realtime_estimate_tracker\venv_bds\lib\site-packages\xgboost\training.py:200: UserWarning: [22:04:55] WARNING: C:\actions-runner\_work\xgboost\xgboost\src\learner.cc:782: 
Parameters: { "devices", "task_type" } are not used.

  bst.update(dtrain, iteration=i, fobj=obj)
                                                                                  Best trial: 0. Best value: 1.81231:   2%|▏         | 1/50 [00:09<05:50,  7.15s/it]Best trial: 1. Best value: 1.80854:   2%|▏         | 1/50 [00:09<05:50,  7.15s/it]Best trial: 1. Best value: 1.80854:   4%|▍         | 2/50 [00:09<03:23,  4.24s/it]D:\Python\realtime_estimate_tracker\venv_bds\lib\site-packages\xgboost\training.py:200: UserWarning: [22:04:57] WARNING: C:\actions-runner\_work\xgboost\xgboost\src\learner.cc:782: 
Parameters: { "devices", "task_type" } are not used.

  bst.update(dtrain, iteration=i, fobj=obj)
                                                                                  Best trial: 1. Best value: 1.80854:   4%|▍         | 2/50 [00:15<03:23,  4.24s/it]Best trial: 1. Best value: 1.80854:   4%|▍         | 2/50 [00:15<03:23,  4.24s/it]Best trial: 1. Best value: 1.80854:   6%|▌         | 3/50 [00:15<04:06,  5.24s/it]D:\Python\realtime_estimate_tracker\venv_bds\lib\site-packages\xgboost\training.py:200: UserWarning: [22:05:04] WARNING: C:\actions-runner\_work\xgboost\xgboost\src\learner.cc:782: 
Parameters: { "devices", "task_type" } are not used.

  bst.update(dtrain, iteration=i, fobj=obj)
                                                                                  Best trial: 1. Best value: 1.80854:   6%|▌         | 3/50 [00:20<04:06,  5.24s/it]Best trial: 3. Best value: 1.77448:   6%|▌         | 3/50 [00:20<04:06,  5.24s/it]Best trial: 3. Best value: 1.77448:   8%|▊         | 4/50 [00:20<03:48,  4.96s/it]D:\Python\realtime_estimate_tracker\venv_bds\lib\site-packages\xgboost\training.py:200: UserWarning: [22:05:08] WARNING: C:\actions-runner\_work\xgboost\xgboost\src\learner.cc:782: 
Parameters: { "devices", "task_type" } are not used.

  bst.update(dtrain, iteration=i, fobj=obj)
                                                                                  Best trial: 3. Best value: 1.77448:   8%|▊         | 4/50 [00:23<03:48,  4.96s/it]Best trial: 3. Best value: 1.77448:   8%|▊         | 4/50 [00:23<03:48,  4.96s/it]Best trial: 3. Best value: 1.77448:  10%|█         | 5/50 [00:23<03:20,  4.46s/it]D:\Python\realtime_estimate_tracker\venv_bds\lib\site-packages\xgboost\training.py:200: UserWarning: [22:05:12] WARNING: C:\actions-runner\_work\xgboost\xgboost\src\learner.cc:782: 
Parameters: { "devices", "task_type" } are not used.

  bst.update(dtrain, iteration=i, fobj=obj)
                                                                                  Best trial: 3. Best value: 1.77448:  10%|█         | 5/50 [00:25<03:20,  4.46s/it]Best trial: 3. Best value: 1.77448:  10%|█         | 5/50 [00:25<03:20,  4.46s/it]Best trial: 3. Best value: 1.77448:  12%|█▏        | 6/50 [00:25<02:32,  3.46s/it]D:\Python\realtime_estimate_tracker\venv_bds\lib\site-packages\xgboost\training.py:200: UserWarning: [22:05:13] WARNING: C:\actions-runner\_work\xgboost\xgboost\src\learner.cc:782: 
Parameters: { "devices", "task_type" } are not used.

  bst.update(dtrain, iteration=i, fobj=obj)
                                                                                  Best trial: 3. Best value: 1.77448:  12%|█▏        | 6/50 [00:28<02:32,  3.46s/it]Best trial: 3. Best value: 1.77448:  12%|█▏        | 6/50 [00:28<02:32,  3.46s/it]Best trial: 3. Best value: 1.77448:  14%|█▍        | 7/50 [00:28<02:18,  3.23s/it]D:\Python\realtime_estimate_tracker\venv_bds\lib\site-packages\xgboost\training.py:200: UserWarning: [22:05:16] WARNING: C:\actions-runner\_work\xgboost\xgboost\src\learner.cc:782: 
Parameters: { "devices", "task_type" } are not used.

  bst.update(dtrain, iteration=i, fobj=obj)
                                                                                  Best trial: 3. Best value: 1.77448:  14%|█▍        | 7/50 [00:31<02:18,  3.23s/it]Best trial: 3. Best value: 1.77448:  14%|█▍        | 7/50 [00:31<02:18,  3.23s/it]Best trial: 3. Best value: 1.77448:  16%|█▌        | 8/50 [00:31<02:16,  3.24s/it]D:\Python\realtime_estimate_tracker\venv_bds\lib\site-packages\xgboost\training.py:200: UserWarning: [22:05:19] WARNING: C:\actions-runner\_work\xgboost\xgboost\src\learner.cc:782: 
Parameters: { "devices", "task_type" } are not used.

  bst.update(dtrain, iteration=i, fobj=obj)
                                                                                  Best trial: 3. Best value: 1.77448:  16%|█▌        | 8/50 [00:32<02:16,  3.24s/it]Best trial: 3. Best value: 1.77448:  16%|█▌        | 8/50 [00:32<02:16,  3.24s/it]Best trial: 3. Best value: 1.77448:  18%|█▊        | 9/50 [00:32<01:49,  2.67s/it]D:\Python\realtime_estimate_tracker\venv_bds\lib\site-packages\xgboost\training.py:200: UserWarning: [22:05:21] WARNING: C:\actions-runner\_work\xgboost\xgboost\src\learner.cc:782: 
Parameters: { "devices", "task_type" } are not used.

  bst.update(dtrain, iteration=i, fobj=obj)
                                                                                  Best trial: 3. Best value: 1.77448:  18%|█▊        | 9/50 [00:36<01:49,  2.67s/it]Best trial: 9. Best value: 1.76382:  18%|█▊        | 9/50 [00:36<01:49,  2.67s/it]Best trial: 9. Best value: 1.76382:  20%|██        | 10/50 [00:36<01:56,  2.92s/it]D:\Python\realtime_estimate_tracker\venv_bds\lib\site-packages\xgboost\training.py:200: UserWarning: [22:05:24] WARNING: C:\actions-runner\_work\xgboost\xgboost\src\learner.cc:782: 
Parameters: { "devices", "task_type" } are not used.

  bst.update(dtrain, iteration=i, fobj=obj)
                                                                                   Best trial: 9. Best value: 1.76382:  20%|██        | 10/50 [00:38<01:56,  2.92s/it]Best trial: 9. Best value: 1.76382:  20%|██        | 10/50 [00:38<01:56,  2.92s/it]Best trial: 9. Best value: 1.76382:  22%|██▏       | 11/50 [00:38<01:50,  2.84s/it]D:\Python\realtime_estimate_tracker\venv_bds\lib\site-packages\xgboost\training.py:200: UserWarning: [22:05:27] WARNING: C:\actions-runner\_work\xgboost\xgboost\src\learner.cc:782: 
Parameters: { "devices", "task_type" } are not used.

  bst.update(dtrain, iteration=i, fobj=obj)
                                                                                   Best trial: 9. Best value: 1.76382:  22%|██▏       | 11/50 [00:42<01:50,  2.84s/it]Best trial: 11. Best value: 1.74657:  22%|██▏       | 11/50 [00:42<01:50,  2.84s/it]Best trial: 11. Best value: 1.74657:  24%|██▍       | 12/50 [00:42<01:50,  2.90s/it]D:\Python\realtime_estimate_tracker\venv_bds\lib\site-packages\xgboost\training.py:200: UserWarning: [22:05:30] WARNING: C:\actions-runner\_work\xgboost\xgboost\src\learner.cc:782: 
Parameters: { "devices", "task_type" } are not used.

  bst.update(dtrain, iteration=i, fobj=obj)
                                                                                    Best trial: 11. Best value: 1.74657:  24%|██▍       | 12/50 [00:44<01:50,  2.90s/it]Best trial: 11. Best value: 1.74657:  24%|██▍       | 12/50 [00:44<01:50,  2.90s/it]Best trial: 11. Best value: 1.74657:  26%|██▌       | 13/50 [00:44<01:43,  2.80s/it]D:\Python\realtime_estimate_tracker\venv_bds\lib\site-packages\xgboost\training.py:200: UserWarning: [22:05:32] WARNING: C:\actions-runner\_work\xgboost\xgboost\src\learner.cc:782: 
Parameters: { "devices", "task_type" } are not used.

  bst.update(dtrain, iteration=i, fobj=obj)
                                                                                    Best trial: 11. Best value: 1.74657:  26%|██▌       | 13/50 [00:47<01:43,  2.80s/it]Best trial: 11. Best value: 1.74657:  26%|██▌       | 13/50 [00:47<01:43,  2.80s/it]Best trial: 11. Best value: 1.74657:  28%|██▊       | 14/50 [00:47<01:38,  2.74s/it]D:\Python\realtime_estimate_tracker\venv_bds\lib\site-packages\xgboost\training.py:200: UserWarning: [22:05:35] WARNING: C:\actions-runner\_work\xgboost\xgboost\src\learner.cc:782: 
Parameters: { "devices", "task_type" } are not used.

  bst.update(dtrain, iteration=i, fobj=obj)
                                                                                    Best trial: 11. Best value: 1.74657:  28%|██▊       | 14/50 [00:50<01:38,  2.74s/it]Best trial: 11. Best value: 1.74657:  28%|██▊       | 14/50 [00:50<01:38,  2.74s/it]Best trial: 11. Best value: 1.74657:  30%|███       | 15/50 [00:50<01:37,  2.79s/it]D:\Python\realtime_estimate_tracker\venv_bds\lib\site-packages\xgboost\training.py:200: UserWarning: [22:05:38] WARNING: C:\actions-runner\_work\xgboost\xgboost\src\learner.cc:782: 
Parameters: { "devices", "task_type" } are not used.

  bst.update(dtrain, iteration=i, fobj=obj)
                                                                                    Best trial: 11. Best value: 1.74657:  30%|███       | 15/50 [00:55<01:37,  2.79s/it]Best trial: 11. Best value: 1.74657:  30%|███       | 15/50 [00:55<01:37,  2.79s/it]Best trial: 11. Best value: 1.74657:  32%|███▏      | 16/50 [00:55<01:56,  3.44s/it]D:\Python\realtime_estimate_tracker\venv_bds\lib\site-packages\xgboost\training.py:200: UserWarning: [22:05:43] WARNING: C:\actions-runner\_work\xgboost\xgboost\src\learner.cc:782: 
Parameters: { "devices", "task_type" } are not used.

  bst.update(dtrain, iteration=i, fobj=obj)
                                                                                    Best trial: 11. Best value: 1.74657:  32%|███▏      | 16/50 [00:56<01:56,  3.44s/it]Best trial: 11. Best value: 1.74657:  32%|███▏      | 16/50 [00:57<01:56,  3.44s/it]Best trial: 11. Best value: 1.74657:  34%|███▍      | 17/50 [00:57<01:38,  2.99s/it]D:\Python\realtime_estimate_tracker\venv_bds\lib\site-packages\xgboost\training.py:200: UserWarning: [22:05:45] WARNING: C:\actions-runner\_work\xgboost\xgboost\src\learner.cc:782: 
Parameters: { "devices", "task_type" } are not used.

  bst.update(dtrain, iteration=i, fobj=obj)
                                                                                    Best trial: 11. Best value: 1.74657:  34%|███▍      | 17/50 [01:02<01:38,  2.99s/it]Best trial: 17. Best value: 1.64948:  34%|███▍      | 17/50 [01:02<01:38,  2.99s/it]Best trial: 17. Best value: 1.64948:  36%|███▌      | 18/50 [01:02<02:03,  3.85s/it]D:\Python\realtime_estimate_tracker\venv_bds\lib\site-packages\xgboost\training.py:200: UserWarning: [22:05:51] WARNING: C:\actions-runner\_work\xgboost\xgboost\src\learner.cc:782: 
Parameters: { "devices", "task_type" } are not used.

  bst.update(dtrain, iteration=i, fobj=obj)
                                                                                    Best trial: 17. Best value: 1.64948:  36%|███▌      | 18/50 [01:08<02:03,  3.85s/it]Best trial: 18. Best value: 1.6424:  36%|███▌      | 18/50 [01:08<02:03,  3.85s/it] Best trial: 18. Best value: 1.6424:  38%|███▊      | 19/50 [01:08<02:17,  4.43s/it]D:\Python\realtime_estimate_tracker\venv_bds\lib\site-packages\xgboost\training.py:200: UserWarning: [22:05:57] WARNING: C:\actions-runner\_work\xgboost\xgboost\src\learner.cc:782: 
Parameters: { "devices", "task_type" } are not used.

  bst.update(dtrain, iteration=i, fobj=obj)
                                                                                   Best trial: 18. Best value: 1.6424:  38%|███▊      | 19/50 [01:12<02:17,  4.43s/it]Best trial: 18. Best value: 1.6424:  38%|███▊      | 19/50 [01:12<02:17,  4.43s/it]Best trial: 18. Best value: 1.6424:  40%|████      | 20/50 [01:12<02:03,  4.13s/it]D:\Python\realtime_estimate_tracker\venv_bds\lib\site-packages\xgboost\training.py:200: UserWarning: [22:06:00] WARNING: C:\actions-runner\_work\xgboost\xgboost\src\learner.cc:782: 
Parameters: { "devices", "task_type" } are not used.

  bst.update(dtrain, iteration=i, fobj=obj)
                                                                                   Best trial: 18. Best value: 1.6424:  40%|████      | 20/50 [01:16<02:03,  4.13s/it]Best trial: 18. Best value: 1.6424:  40%|████      | 20/50 [01:16<02:03,  4.13s/it]Best trial: 18. Best value: 1.6424:  42%|████▏     | 21/50 [01:16<02:06,  4.35s/it]D:\Python\realtime_estimate_tracker\venv_bds\lib\site-packages\xgboost\training.py:200: UserWarning: [22:06:05] WARNING: C:\actions-runner\_work\xgboost\xgboost\src\learner.cc:782: 
Parameters: { "devices", "task_type" } are not used.

  bst.update(dtrain, iteration=i, fobj=obj)
                                                                                   Best trial: 18. Best value: 1.6424:  42%|████▏     | 21/50 [01:20<02:06,  4.35s/it]Best trial: 18. Best value: 1.6424:  42%|████▏     | 21/50 [01:20<02:06,  4.35s/it]Best trial: 18. Best value: 1.6424:  44%|████▍     | 22/50 [01:20<01:52,  4.00s/it]D:\Python\realtime_estimate_tracker\venv_bds\lib\site-packages\xgboost\training.py:200: UserWarning: [22:06:08] WARNING: C:\actions-runner\_work\xgboost\xgboost\src\learner.cc:782: 
Parameters: { "devices", "task_type" } are not used.

  bst.update(dtrain, iteration=i, fobj=obj)
                                                                                   Best trial: 18. Best value: 1.6424:  44%|████▍     | 22/50 [01:23<01:52,  4.00s/it]Best trial: 18. Best value: 1.6424:  44%|████▍     | 22/50 [01:23<01:52,  4.00s/it]Best trial: 18. Best value: 1.6424:  46%|████▌     | 23/50 [01:23<01:39,  3.67s/it]D:\Python\realtime_estimate_tracker\venv_bds\lib\site-packages\xgboost\training.py:200: UserWarning: [22:06:11] WARNING: C:\actions-runner\_work\xgboost\xgboost\src\learner.cc:782: 
Parameters: { "devices", "task_type" } are not used.

  bst.update(dtrain, iteration=i, fobj=obj)
                                                                                   Best trial: 18. Best value: 1.6424:  46%|████▌     | 23/50 [01:25<01:39,  3.67s/it]Best trial: 18. Best value: 1.6424:  46%|████▌     | 23/50 [01:25<01:39,  3.67s/it]Best trial: 18. Best value: 1.6424:  48%|████▊     | 24/50 [01:25<01:26,  3.35s/it]D:\Python\realtime_estimate_tracker\venv_bds\lib\site-packages\xgboost\training.py:200: UserWarning: [22:06:13] WARNING: C:\actions-runner\_work\xgboost\xgboost\src\learner.cc:782: 
Parameters: { "devices", "task_type" } are not used.

  bst.update(dtrain, iteration=i, fobj=obj)
                                                                                   Best trial: 18. Best value: 1.6424:  48%|████▊     | 24/50 [01:29<01:26,  3.35s/it]Best trial: 18. Best value: 1.6424:  48%|████▊     | 24/50 [01:29<01:26,  3.35s/it]Best trial: 18. Best value: 1.6424:  50%|█████     | 25/50 [01:29<01:27,  3.49s/it]D:\Python\realtime_estimate_tracker\venv_bds\lib\site-packages\xgboost\training.py:200: UserWarning: [22:06:17] WARNING: C:\actions-runner\_work\xgboost\xgboost\src\learner.cc:782: 
Parameters: { "devices", "task_type" } are not used.

  bst.update(dtrain, iteration=i, fobj=obj)
                                                                                   Best trial: 18. Best value: 1.6424:  50%|█████     | 25/50 [01:34<01:27,  3.49s/it]Best trial: 18. Best value: 1.6424:  50%|█████     | 25/50 [01:34<01:27,  3.49s/it]Best trial: 18. Best value: 1.6424:  52%|█████▏    | 26/50 [01:34<01:33,  3.91s/it]D:\Python\realtime_estimate_tracker\venv_bds\lib\site-packages\xgboost\training.py:200: UserWarning: [22:06:22] WARNING: C:\actions-runner\_work\xgboost\xgboost\src\learner.cc:782: 
Parameters: { "devices", "ta