[I 2026-03-09 22:08:25,209] Trial 49 finished with value: 1.9174876022044243 and parameters: {'n_estimators': 1036, 'learning_rate': 0.08868751182131931, 'max_depth': 14, 'subsample': 0.8793003555636955, 'colsample_bytree': 0.8520490219695902, 'min_child_weight': 1}. Best is trial 42 with value: 1.8760156617068575.
✅ Tham số tối ưu nhất từ Optuna: {'n_estimators': 1222, 'learning_rate': 0.01000461629324035, 'max_depth': 14, 'subsample': 0.8288960134585719, 'colsample_bytree': 0.9459682700935244, 'min_child_weight': 1}
MAE của mô hình XGBoost: 1.8852
R² của mô hình XGBoost: 0.9038
🥊 Đang so sánh... Champion MAE: 1.7325 vs Challenger MAE: 1.8852
🛡️ Champion bảo vệ ngôi vương. Giữ nguyên mô hình cũ.
[Mon 03/09/2026 22:08:31.60] [4/4] Dang dong bo AI Model (qua LFS) len GitHub... 
[main 49f2705] Auto-update AI Model: Mon 03/09/2026 22:08:32.22
 2 files changed, 326 insertions(+)
========================================= 
[Tue 03/10/2026 22:00:02.60] [1/4] Dang cao chi tiet BĐS... 
🔍 Đang cấu hình Database với: postgres.kkwivuufxdewurmxtsto@aws-1-ap-southeast-1.pooler.supabase.com:5432/postgres

[DetailSpider] Khởi động luồng làm giàu dữ liệu (Limit: 50 bài/lượt)...
✅ Đã kết nối thành công tới PostgreSQL.
[Browser] Đang khởi tạo trình duyệt...
[Browser] Phát hiện Chrome (Windows): Version 139

[DetailSpider] Đang cào (1/14): https://batdongsan.com.vn/ban-nha-rieng-duong-y-la-phuong-duong-noi-15/ban-35m-5-tang-ep-gan-pho-chi-5-8-ty-pr45272227
  -> Lấy được 5/6 feature chi tiết.

[DetailSpider] Đang cào (2/14): https://batdongsan.com.vn/ban-can-ho-chung-cu-duong-tran-phu-phuong-van-quan-15/hiem-gia-au-tu-ngay-mat-pho-nguyen-trai-79m2-2pn-chi-hon-5-ty-pr45268592
  -> Lấy được 3/6 feature chi tiết.

[DetailSpider] Đang cào (3/14): https://batdongsan.com.vn/ban-can-ho-chung-cu-duong-to-huu-phuong-la-khe-the-pride/chinh-chu-ban-cc-goc-75m-2pn-2wc-full-noi-that-6-x-ty-ha-ong-037-88-131-88-chu-nha-pr45206050
  -> Lấy được 3/6 feature chi tiết.

[DetailSpider] Đang cào (4/14): https://batdongsan.com.vn/ban-nha-biet-thu-lien-ke-pho-phung-hung-1-phuong-phuc-la-khu-do-thi-moi-xa-la/ban-lk-phan-lo-oto-via-he-kinh-doanh-noi-ko-loi-lam-2-mat-thoang-55m2-nhinh-15-ty-pr45232661
  -> Lấy được 3/6 feature chi tiết.

[DetailSpider] Đang cào (5/14): https://batdongsan.com.vn/ban-nha-biet-thu-lien-ke-duong-to-huu-phuong-duong-noi-an-vuong-villa/can-ban-gap-goc-quy-200m-thiet-thong-tang-gia-5x-pr44526098
  -> Lấy được 5/6 feature chi tiết.

[DetailSpider] Đang cào (6/14): https://batdongsan.com.vn/ban-can-ho-chung-cu-duong-nguyen-van-loc-phuong-mo-lao-mulberry-lane/chinh-chu-ket-tien-ban-gap-tai-toa-s3-full-o-noi-that-cao-cap-pr45267663
  -> Lấy được 3/6 feature chi tiết.

[DetailSpider] Đang cào (7/14): https://batdongsan.com.vn/ban-nha-rieng-duong-chien-thang-phuong-van-quan-15/ban-ha-ong-oto-tranh-kd-inh-may-50m2-6tang-full-noi-that-lhcc-098506256-pr45266078
  -> Lấy được 5/6 feature chi tiết.

[DetailSpider] Đang cào (8/14): https://batdongsan.com.vn/ban-nha-rieng-duong-ngo-quyen-phuong-la-khe-15/ep-ha-ong-dt-67m-4-tang-mt-4-3m-gia-hon-12-ty-o-to-cach-30m-ke-pr45265037
  -> Lấy được 3/6 feature chi tiết.

[DetailSpider] Đang cào (9/14): https://batdongsan.com.vn/ban-can-ho-chung-cu-duong-le-trong-tan-phuong-duong-noi-khu-do-thi-geleximco-le-trong-tan/an-binh-homeland-tung-ban-chenh-manh-nay-gia-tu-7x-m-sat-aeon-mall-ha-ong-pr45264734
  -> Lấy được 2/6 feature chi tiết.

[DetailSpider] Đang cào (10/14): https://batdongsan.com.vn/ban-can-ho-chung-cu-duong-tran-phu-phuong-van-quan-grand-sunlake/ban-2pn-91m2-tai-ha-ong-ha-noi-pr45259367
  -> Lấy được 0/6 feature chi tiết.

[DetailSpider] Đang cào (11/14): https://batdongsan.com.vn/ban-dat-duong-tran-phu-phuong-van-quan-toa-nha-197-tran-phu/gap-gap-gap-at-oi-dien-to-hop-ai-hoc-600ha-va-tuyen-metro-so-12-mat-tien-tien-10m-o-to-tranh-pr45241224
  -> Lấy được 3/6 feature chi tiết.

[DetailSpider] Đang cào (12/14): https://batdongsan.com.vn/ban-nha-rieng-duong-pho-lua-phuong-mo-lao-15/ban-ngay-cau-kinh-doanh-ngay-em-oto-tranh-vi-tri-trung-tam-34m2-4tang-pr45216183
  -> Lấy được 0/6 feature chi tiết.

[DetailSpider] Đang cào (13/14): https://batdongsan.com.vn/ban-nha-biet-thu-lien-ke-phuong-kien-hung-khu-do-thi-thanh-ha-muong-thanh/tong-kho-chung-cu-tai-o-cenco-5-pr45272141
  -> Lấy được 6/6 feature chi tiết.

[DetailSpider] Đang cào (14/14): https://batdongsan.com.vn/ban-can-ho-chung-cu-duong-quang-trung-phuong-quang-trung-17-toa-thap-thien-nien-ky-hatay-millennium/chinh-chu-ban-cao-cap-68m-tsq-ha-dong-full-noi-that-gia-6-45-ty-lh-pr44298000
  -> Lấy được 2/6 feature chi tiết.

[DetailSpider] Hoàn thành. Cập nhật thành công 14/14 bài đăng.
[Tue 03/10/2026 22:04:11.22] [2/4] Dang clean du lieu... 
🔍 Đang cấu hình Database với: postgres.kkwivuufxdewurmxtsto@aws-1-ap-southeast-1.pooler.supabase.com:5432/postgres
✅ Đã kết nối thành công tới PostgreSQL.
🔄 Upsert thành công 5270 bản ghi vào 'bds_hadong'.
✅ Đã cập nhật cột legal_status và furniture thành công.
[Tue 03/10/2026 22:04:32.91] [3/4] Dang huan luyen AI tren du lieu moi... 
🔍 Đang cấu hình Database với: postgres.kkwivuufxdewurmxtsto@aws-1-ap-southeast-1.pooler.supabase.com:5432/postgres
[I 2026-03-10 22:04:57,696] A new study created in memory with name: no-name-5226d4f8-374c-45af-9d78-61eab39411ec
✅ Đã kết nối thành công tới PostgreSQL.
  0%|          | 0/50 [00:00<?, ?it/s]D:\Python\realtime_estimate_tracker\venv_bds\lib\site-packages\xgboost\training.py:200: UserWarning: [22:04:58] WARNING: C:\actions-runner\_work\xgboost\xgboost\src\learner.cc:782: 
Parameters: { "devices", "task_type" } are not used.

  bst.update(dtrain, iteration=i, fobj=obj)
                                        0%|          | 0/50 [00:03<?, ?it/s]Best trial: 0. Best value: 2.02827:   0%|          | 0/50 [00:03<?, ?it/s]Best trial: 0. Best value: 2.02827:   2%|▏         | 1/50 [00:03<02:39,  3.26s/it]D:\Python\realtime_estimate_tracker\venv_bds\lib\site-packages\xgboost\training.py:200: UserWarning: [22:05:00] WARNING: C:\actions-runner\_work\xgboost\xgboost\src\learner.cc:782: 
Parameters: { "devices", "task_type" } are not used.

  bst.update(dtrain, iteration=i, fobj=obj)
                                                                                  Best trial: 0. Best value: 2.02827:   2%|▏         | 1/50 [00:05<02:39,  3.26s/it]Best trial: 1. Best value: 1.9968:   2%|▏         | 1/50 [00:05<02:39,  3.26s/it] Best trial: 1. Best value: 1.9968:   4%|▍         | 2/50 [00:05<01:57,  2.45s/it]D:\Python\realtime_estimate_tracker\venv_bds\lib\site-packages\xgboost\training.py:200: UserWarning: [22:05:02] WARNING: C:\actions-runner\_work\xgboost\xgboost\src\learner.cc:782: 
Parameters: { "devices", "task_type" } are not used.

  bst.update(dtrain, iteration=i, fobj=obj)
                                                                                 Best trial: 1. Best value: 1.9968:   4%|▍         | 2/50 [00:07<01:57,  2.45s/it]Best trial: 2. Best value: 1.95487:   4%|▍         | 2/50 [00:07<01:57,  2.45s/it]Best trial: 2. Best value: 1.95487:   6%|▌         | 3/50 [00:07<01:47,  2.30s/it]D:\Python\realtime_estimate_tracker\venv_bds\lib\site-packages\xgboost\training.py:200: UserWarning: [22:05:04] WARNING: C:\actions-runner\_work\xgboost\xgboost\src\learner.cc:782: 
Parameters: { "devices", "task_type" } are not used.

  bst.update(dtrain, iteration=i, fobj=obj)
                                                                                  Best trial: 2. Best value: 1.95487:   6%|▌         | 3/50 [00:14<01:47,  2.30s/it]Best trial: 3. Best value: 1.81011:   6%|▌         | 3/50 [00:14<01:47,  2.30s/it]Best trial: 3. Best value: 1.81011:   8%|▊         | 4/50 [00:14<03:16,  4.28s/it]D:\Python\realtime_estimate_tracker\venv_bds\lib\site-packages\xgboost\training.py:200: UserWarning: [22:05:12] WARNING: C:\actions-runner\_work\xgboost\xgboost\src\learner.cc:782: 
Parameters: { "devices", "task_type" } are not used.

  bst.update(dtrain, iteration=i, fobj=obj)
                                                                                  Best trial: 3. Best value: 1.81011:   8%|▊         | 4/50 [00:17<03:16,  4.28s/it]Best trial: 3. Best value: 1.81011:   8%|▊         | 4/50 [00:17<03:16,  4.28s/it]Best trial: 3. Best value: 1.81011:  10%|█         | 5/50 [00:17<02:42,  3.62s/it]D:\Python\realtime_estimate_tracker\venv_bds\lib\site-packages\xgboost\training.py:200: UserWarning: [22:05:14] WARNING: C:\actions-runner\_work\xgboost\xgboost\src\learner.cc:782: 
Parameters: { "devices", "task_type" } are not used.

  bst.update(dtrain, iteration=i, fobj=obj)
                                                                                  Best trial: 3. Best value: 1.81011:  10%|█         | 5/50 [00:19<02:42,  3.62s/it]Best trial: 3. Best value: 1.81011:  10%|█         | 5/50 [00:19<02:42,  3.62s/it]Best trial: 3. Best value: 1.81011:  12%|█▏        | 6/50 [00:19<02:28,  3.38s/it]D:\Python\realtime_estimate_tracker\venv_bds\lib\site-packages\xgboost\training.py:200: UserWarning: [22:05:17] WARNING: C:\actions-runner\_work\xgboost\xgboost\src\learner.cc:782: 
Parameters: { "devices", "task_type" } are not used.

  bst.update(dtrain, iteration=i, fobj=obj)
                                                                                  Best trial: 3. Best value: 1.81011:  12%|█▏        | 6/50 [00:25<02:28,  3.38s/it]Best trial: 3. Best value: 1.81011:  12%|█▏        | 6/50 [00:25<02:28,  3.38s/it]Best trial: 3. Best value: 1.81011:  14%|█▍        | 7/50 [00:25<02:57,  4.12s/it]D:\Python\realtime_estimate_tracker\venv_bds\lib\site-packages\xgboost\training.py:200: UserWarning: [22:05:23] WARNING: C:\actions-runner\_work\xgboost\xgboost\src\learner.cc:782: 
Parameters: { "devices", "task_type" } are not used.

  bst.update(dtrain, iteration=i, fobj=obj)
                                                                                  Best trial: 3. Best value: 1.81011:  14%|█▍        | 7/50 [00:28<02:57,  4.12s/it]Best trial: 3. Best value: 1.81011:  14%|█▍        | 7/50 [00:28<02:57,  4.12s/it]Best trial: 3. Best value: 1.81011:  16%|█▌        | 8/50 [00:28<02:31,  3.60s/it]D:\Python\realtime_estimate_tracker\venv_bds\lib\site-packages\xgboost\training.py:200: UserWarning: [22:05:25] WARNING: C:\actions-runner\_work\xgboost\xgboost\src\learner.cc:782: 
Parameters: { "devices", "task_type" } are not used.

  bst.update(dtrain, iteration=i, fobj=obj)
                                                                                  Best trial: 3. Best value: 1.81011:  16%|█▌        | 8/50 [00:30<02:31,  3.60s/it]Best trial: 3. Best value: 1.81011:  16%|█▌        | 8/50 [00:30<02:31,  3.60s/it]Best trial: 3. Best value: 1.81011:  18%|█▊        | 9/50 [00:30<02:11,  3.21s/it]D:\Python\realtime_estimate_tracker\venv_bds\lib\site-packages\xgboost\training.py:200: UserWarning: [22:05:28] WARNING: C:\actions-runner\_work\xgboost\xgboost\src\learner.cc:782: 
Parameters: { "devices", "task_type" } are not used.

  bst.update(dtrain, iteration=i, fobj=obj)
                                                                                  Best trial: 3. Best value: 1.81011:  18%|█▊        | 9/50 [00:33<02:11,  3.21s/it]Best trial: 3. Best value: 1.81011:  18%|█▊        | 9/50 [00:33<02:11,  3.21s/it]Best trial: 3. Best value: 1.81011:  20%|██        | 10/50 [00:33<02:09,  3.24s/it]D:\Python\realtime_estimate_tracker\venv_bds\lib\site-packages\xgboost\training.py:200: UserWarning: [22:05:31] WARNING: C:\actions-runner\_work\xgboost\xgboost\src\learner.cc:782: 
Parameters: { "devices", "task_type" } are not used.

  bst.update(dtrain, iteration=i, fobj=obj)
                                                                                   Best trial: 3. Best value: 1.81011:  20%|██        | 10/50 [00:35<02:09,  3.24s/it]Best trial: 3. Best value: 1.81011:  20%|██        | 10/50 [00:35<02:09,  3.24s/it]Best trial: 3. Best value: 1.81011:  22%|██▏       | 11/50 [00:35<01:44,  2.68s/it]D:\Python\realtime_estimate_tracker\venv_bds\lib\site-packages\xgboost\training.py:200: UserWarning: [22:05:32] WARNING: C:\actions-runner\_work\xgboost\xgboost\src\learner.cc:782: 
Parameters: { "devices", "task_type" } are not used.

  bst.update(dtrain, iteration=i, fobj=obj)
                                                                                   Best trial: 3. Best value: 1.81011:  22%|██▏       | 11/50 [00:43<01:44,  2.68s/it]Best trial: 3. Best value: 1.81011:  22%|██▏       | 11/50 [00:43<01:44,  2.68s/it]Best trial: 3. Best value: 1.81011:  24%|██▍       | 12/50 [00:43<02:50,  4.50s/it]D:\Python\realtime_estimate_tracker\venv_bds\lib\site-packages\xgboost\training.py:200: UserWarning: [22:05:41] WARNING: C:\actions-runner\_work\xgboost\xgboost\src\learner.cc:782: 
Parameters: { "devices", "task_type" } are not used.

  bst.update(dtrain, iteration=i, fobj=obj)
                                                                                   Best trial: 3. Best value: 1.81011:  24%|██▍       | 12/50 [00:52<02:50,  4.50s/it]Best trial: 3. Best value: 1.81011:  24%|██▍       | 12/50 [00:52<02:50,  4.50s/it]Best trial: 3. Best value: 1.81011:  26%|██▌       | 13/50 [00:52<03:31,  5.71s/it]D:\Python\realtime_estimate_tracker\venv_bds\lib\site-packages\xgboost\training.py:200: UserWarning: [22:05:50] WARNING: C:\actions-runner\_work\xgboost\xgboost\src\learner.cc:782: 
Parameters: { "devices", "task_type" } are not used.

  bst.update(dtrain, iteration=i, fobj=obj)
                                                                                   Best trial: 3. Best value: 1.81011:  26%|██▌       | 13/50 [00:59<03:31,  5.71s/it]Best trial: 3. Best value: 1.81011:  26%|██▌       | 13/50 [00:59<03:31,  5.71s/it]Best trial: 3. Best value: 1.81011:  28%|██▊       | 14/50 [00:59<03:38,  6.07s/it]D:\Python\realtime_estimate_tracker\venv_bds\lib\site-packages\xgboost\training.py:200: UserWarning: [22:05:56] WARNING: C:\actions-runner\_work\xgboost\xgboost\src\learner.cc:782: 
Parameters: { "devices", "task_type" } are not used.

  bst.update(dtrain, iteration=i, fobj=obj)
                                                                                   Best trial: 3. Best value: 1.81011:  28%|██▊       | 14/50 [01:05<03:38,  6.07s/it]Best trial: 3. Best value: 1.81011:  28%|██▊       | 14/50 [01:05<03:38,  6.07s/it]Best trial: 3. Best value: 1.81011:  30%|███       | 15/50 [01:05<03:29,  6.00s/it]D:\Python\realtime_estimate_tracker\venv_bds\lib\site-packages\xgboost\training.py:200: UserWarning: [22:06:02] WARNING: C:\actions-runner\_work\xgboost\xgboost\src\learner.cc:782: 
Parameters: { "devices", "task_type" } are not used.

  bst.update(dtrain, iteration=i, fobj=obj)
                                                                                   Best trial: 3. Best value: 1.81011:  30%|███       | 15/50 [01:11<03:29,  6.00s/it]Best trial: 3. Best value: 1.81011:  30%|███       | 15/50 [01:11<03:29,  6.00s/it]Best trial: 3. Best value: 1.81011:  32%|███▏      | 16/50 [01:11<03:29,  6.17s/it]D:\Python\realtime_estimate_tracker\venv_bds\lib\site-packages\xgboost\training.py:200: UserWarning: [22:06:09] WARNING: C:\actions-runner\_work\xgboost\xgboost\src\learner.cc:782: 
Parameters: { "devices", "task_type" } are not used.

  bst.update(dtrain, iteration=i, fobj=obj)
                                                                                   Best trial: 3. Best value: 1.81011:  32%|███▏      | 16/50 [01:15<03:29,  6.17s/it]Best trial: 3. Best value: 1.81011:  32%|███▏      | 16/50 [01:15<03:29,  6.17s/it]Best trial: 3. Best value: 1.81011:  34%|███▍      | 17/50 [01:15<02:57,  5.38s/it]D:\Python\realtime_estimate_tracker\venv_bds\lib\site-packages\xgboost\training.py:200: UserWarning: [22:06:12] WARNING: C:\actions-runner\_work\xgboost\xgboost\src\learner.cc:782: 
Parameters: { "devices", "task_type" } are not used.

  bst.update(dtrain, iteration=i, fobj=obj)
                                                                                   Best trial: 3. Best value: 1.81011:  34%|███▍      | 17/50 [01:20<02:57,  5.38s/it]Best trial: 3. Best value: 1.81011:  34%|███▍      | 17/50 [01:20<02:57,  5.38s/it]Best trial: 3. Best value: 1.81011:  36%|███▌      | 18/50 [01:20<02:56,  5.52s/it]D:\Python\realtime_estimate_tracker\venv_bds\lib\site-packages\xgboost\training.py:200: UserWarning: [22:06:18] WARNING: C:\actions-runner\_work\xgboost\xgboost\src\learner.cc:782: 
Parameters: { "devices", "task_type" } are not used.

  bst.update(dtrain, iteration=i, fobj=obj)
                                                                                   Best trial: 3. Best value: 1.81011:  36%|███▌      | 18/50 [01:25<02:56,  5.52s/it]Best trial: 3. Best value: 1.81011:  36%|███▌      | 18/50 [01:25<02:56,  5.52s/it]Best trial: 3. Best value: 1.81011:  38%|███▊      | 19/50 [01:25<02:41,  5.22s/it]D:\Python\realtime_estimate_tracker\venv_bds\lib\site-packages\xgboost\training.py:200: UserWarning: [22:06:23] WARNING: C:\actions-runner\_work\xgboost\xgboost\src\learner.cc:782: 
Parameters: { "devices", "task_type" } are not used.

  bst.update(dtrain, iteration=i, fobj=obj)
                                                                                   Best trial: 3. Best value: 1.81011:  38%|███▊      | 19/50 [01:29<02:41,  5.22s/it]Best trial: 3. Best value: 1.81011:  38%|███▊      | 19/50 [01:29<02:41,  5.22s/it]Best trial: 3. Best value: 1.81011:  40%|████      | 20/50 [01:29<02:23,  4.79s/it]D:\Python\realtime_estimate_tracker\venv_bds\lib\site-packages\xgboost\training.py:200: UserWarning: [22:06:27] WARNING: C:\actions-runner\_work\xgboost\xgboost\src\learner.cc:782: 
Parameters: { "devices", "task_type" } are not used.

  bst.update(dtrain, iteration=i, fobj=obj)
                                                                                   Best trial: 3. Best value: 1.81011:  40%|████      | 20/50 [01:32<02:23,  4.79s/it]Best trial: 3. Best value: 1.81011:  40%|████      | 20/50 [01:32<02:23,  4.79s/it]Best trial: 3. Best value: 1.81011:  42%|████▏     | 21/50 [01:32<02:02,  4.22s/it]D:\Python\realtime_estimate_tracker\venv_bds\lib\site-packages\xgboost\training.py:200: UserWarning: [22:06:29] WARNING: C:\actions-runner\_work\xgboost\xgboost\src\learner.cc:782: 
Parameters: { "devices", "task_type" } are not used.

  bst.update(dtrain, iteration=i, fobj=obj)
                                                                                   Best trial: 3. Best value: 1.81011:  42%|████▏     | 21/50 [01:38<02:02,  4.22s/it]Best trial: 3. Best value: 1.81011:  42%|████▏     | 21/50 [01:38<02:02,  4.22s/it]Best trial: 3. Best value: 1.81011:  44%|████▍     | 22/50 [01:38<02:19,  4.99s/it]D:\Python\realtime_estimate_tracker\venv_bds\lib\site-packages\xgboost\training.py:200: UserWarning: [22:06:36] WARNING: C:\actions-runner\_work\xgboost\xgboost\src\learner.cc:782: 
Parameters: { "devices", "task_type" } are not used.

  bst.update(dtrain, iteration=i, fobj=obj)
                                                                                   Best trial: 3. Best value: 1.81011:  44%|████▍     | 22/50 [01:46<02:19,  4.99s/it]Best trial: 3. Best value: 1.81011:  44%|████▍     | 22/50 [01:46<02:19,  4.99s/it]Best trial: 3. Best value: 1.81011:  46%|████▌     | 23/50 [01:46<02:33,  5.67s/it]D:\Python\realtime_estimate_tracker\venv_bds\lib\site-packages\xgboost\training.py:200: UserWarning: [22:06:43] WARNING: C:\actions-runner\_work\xgboost\xgboost\src\learner.cc:782: 
Parameters: { "devices", "task_type" } are not used.

  bst.update(dtrain, iteration=i, fobj=obj)
                                                                                   Best trial: 3. Best value: 1.81011:  46%|████▌     | 23/50 [01:52<02:33,  5.67s/it]Best trial: 3. Best value: 1.81011:  46%|████▌     | 23/50 [01:52<02:33,  5.67s/it]Best trial: 3. Best value: 1.81011:  48%|████▊     | 24/50 [01:52<02:34,  5.96s/it]D:\Python\realtime_estimate_tracker\venv_bds\lib\site-packages\xgboost\training.py:200: UserWarning: [22:06:50] WARNING: C:\actions-runner\_work\xgboost\xgboost\src\learner.cc:782: 
Parameters: { "devices", "task_type" } are not used.

  bst.update(dtrain, iteration=i, fobj=obj)
                                                                                   Best trial: 3. Best value: 1.81011:  48%|████▊     | 24/50 [01:58<02:34,  5.96s/it]Best trial: 3. Best value: 1.81011:  48%|████▊     | 24/50 [01:58<02:34,  5.96s/it]Best trial: 3. Best value: 1.81011:  50%|█████     | 25/50 [01:58<02:27,  5.91s/it]D:\Python\realtime_estimate_tracker\venv_bds\lib\site-packages\xgboost\training.py:200: UserWarning: [22:06:56] WARNING: C:\actions-runner\_work\xgboost\xgboost\src\learner.cc:782: 
Parameters: { "devices", "task_type" } are not used.

  bst.update(dtrain, iteration=i, fobj=obj)
                                                                                   Best trial: 3. Best value: 1.81011:  50%|█████     | 25/50 [02:04<02:27,  5.91s/it]Best trial: 3. Best value: 1.81011:  50%|█████     | 25/50 [02:04<02:27,  5.91s/it]Best trial: 3. Best value: 1.81011:  52%|█████▏    | 26/50 [02:04<02:19,  5.82s/it]D:\Python\realtime_estimate_tracker\venv_bds\lib\site-packages\xgboost\training.py:200: UserWarning: [22:07:02] WARNING: C:\actions-runner\_work\xgboost\xgboost\src\learner.cc:782: 
Parameters: { "devices", "task_type" } are not used.

  bst.update(dtrain, iteration=i, fobj=obj)
                                                                                   Best trial: 3. Best value: 1.81011:  52%|█████▏    | 26/50 [02:10<02:19,  5.82s/it]Best trial: 3. Best value: 1.81011:  52%|█████▏    | 26/50 [02:10<02:19,  5.82s/it]Best trial: 3. Best value: 1.81011:  54