[I 2026-03-06 22:03:06,887] Trial 0 finished with value: 1.9286242262048512 and parameters: {'n_estimators': 632, 'learning_rate': 0.026192249153775674, 'max_depth': 14, 'subsample': 0.7977176678208168, 'colsample_bytree': 0.6332081029972357, 'min_child_weight': 1}. Best is trial 0 with value: 1.9286242262048512.
[I 2026-03-06 22:03:09,265] Trial 1 finished with value: 2.1612649432629687 and parameters: {'n_estimators': 976, 'learning_rate': 0.006532090884918896, 'max_depth': 6, 'subsample': 0.7235200194659736, 'colsample_bytree': 0.6246825252104684, 'min_child_weight': 7}. Best is trial 0 with value: 1.9286242262048512.
[I 2026-03-06 22:03:12,331] Trial 2 finished with value: 2.024801765841457 and parameters: {'n_estimators': 1161, 'learning_rate': 0.009844955600223063, 'max_depth': 6, 'subsample': 0.973025188066398, 'colsample_bytree': 0.9327603517846117, 'min_child_weight': 5}. Best is trial 0 with value: 1.9286242262048512.
[I 2026-03-06 22:03:14,472] Trial 3 finished with value: 1.856405773863225 and parameters: {'n_estimators': 523, 'learning_rate': 0.01646057003779959, 'max_depth': 12, 'subsample': 0.7595751436222155, 'colsample_bytree': 0.8664398826878053, 'min_child_weight': 6}. Best is trial 3 with value: 1.856405773863225.
[I 2026-03-06 22:03:17,003] Trial 4 finished with value: 1.9928158261598412 and parameters: {'n_estimators': 894, 'learning_rate': 0.007942461978536897, 'max_depth': 7, 'subsample': 0.9072678341087965, 'colsample_bytree': 0.9281461696017066, 'min_child_weight': 7}. Best is trial 3 with value: 1.856405773863225.
[I 2026-03-06 22:03:18,220] Trial 5 finished with value: 2.2822236801858033 and parameters: {'n_estimators': 344, 'learning_rate': 0.007465986380786839, 'max_depth': 9, 'subsample': 0.8208138819772484, 'colsample_bytree': 0.8000672416166772, 'min_child_weight': 5}. Best is trial 3 with value: 1.856405773863225.
[I 2026-03-06 22:03:20,117] Trial 6 finished with value: 2.1977545346245457 and parameters: {'n_estimators': 774, 'learning_rate': 0.005807780563272577, 'max_depth': 6, 'subsample': 0.6255105183175312, 'colsample_bytree': 0.732786644312707, 'min_child_weight': 5}. Best is trial 3 with value: 1.856405773863225.
[I 2026-03-06 22:03:25,011] Trial 7 finished with value: 1.9264986629514347 and parameters: {'n_estimators': 1205, 'learning_rate': 0.06105593053468807, 'max_depth': 13, 'subsample': 0.6872322494756002, 'colsample_bytree': 0.6899572435538825, 'min_child_weight': 4}. Best is trial 3 with value: 1.856405773863225.
[I 2026-03-06 22:03:29,794] Trial 8 finished with value: 1.8454583746999844 and parameters: {'n_estimators': 1112, 'learning_rate': 0.030324540833287946, 'max_depth': 14, 'subsample': 0.6826495419893434, 'colsample_bytree': 0.8842127820235179, 'min_child_weight': 6}. Best is trial 8 with value: 1.8454583746999844.
[I 2026-03-06 22:03:32,222] Trial 9 finished with value: 1.9026346425856266 and parameters: {'n_estimators': 719, 'learning_rate': 0.014171223880614375, 'max_depth': 8, 'subsample': 0.9603968632142056, 'colsample_bytree': 0.9590119893797507, 'min_child_weight': 1}. Best is trial 8 with value: 1.8454583746999844.
[I 2026-03-06 22:03:37,222] Trial 10 finished with value: 1.8785809508582643 and parameters: {'n_estimators': 1485, 'learning_rate': 0.036363845973936194, 'max_depth': 11, 'subsample': 0.6181234320351566, 'colsample_bytree': 0.8466268307299591, 'min_child_weight': 9}. Best is trial 8 with value: 1.8454583746999844.
[I 2026-03-06 22:03:38,789] Trial 11 finished with value: 1.8868412304228577 and parameters: {'n_estimators': 378, 'learning_rate': 0.01964772823025573, 'max_depth': 12, 'subsample': 0.7430016514316449, 'colsample_bytree': 0.8599599861410152, 'min_child_weight': 8}. Best is trial 8 with value: 1.8454583746999844.
[I 2026-03-06 22:03:41,635] Trial 12 finished with value: 1.8383451158643282 and parameters: {'n_estimators': 490, 'learning_rate': 0.04128158757703889, 'max_depth': 15, 'subsample': 0.8228904905913061, 'colsample_bytree': 0.8697138763937636, 'min_child_weight': 3}. Best is trial 12 with value: 1.8383451158643282.
[I 2026-03-06 22:03:48,150] Trial 13 finished with value: 1.924715205395159 and parameters: {'n_estimators': 1169, 'learning_rate': 0.09090780545173309, 'max_depth': 15, 'subsample': 0.8622901830804495, 'colsample_bytree': 0.7896677454927147, 'min_child_weight': 3}. Best is trial 12 with value: 1.8383451158643282.
[I 2026-03-06 22:03:53,861] Trial 14 finished with value: 1.8262825900387605 and parameters: {'n_estimators': 985, 'learning_rate': 0.04105257000645059, 'max_depth': 15, 'subsample': 0.6785680994230161, 'colsample_bytree': 0.99780210656524, 'min_child_weight': 3}. Best is trial 14 with value: 1.8262825900387605.
[I 2026-03-06 22:04:01,578] Trial 15 finished with value: 1.8249320770850068 and parameters: {'n_estimators': 1423, 'learning_rate': 0.04600800219689252, 'max_depth': 15, 'subsample': 0.8703486974277533, 'colsample_bytree': 0.9903867819155565, 'min_child_weight': 3}. Best is trial 15 with value: 1.8249320770850068.
[I 2026-03-06 22:04:07,101] Trial 16 finished with value: 1.8073724739962895 and parameters: {'n_estimators': 1465, 'learning_rate': 0.05278081447712177, 'max_depth': 10, 'subsample': 0.8950210044491008, 'colsample_bytree': 0.9976464458379635, 'min_child_weight': 2}. Best is trial 16 with value: 1.8073724739962895.
[I 2026-03-06 22:04:12,661] Trial 17 finished with value: 1.8010001584769038 and parameters: {'n_estimators': 1483, 'learning_rate': 0.06392810841916573, 'max_depth': 10, 'subsample': 0.9058399260577497, 'colsample_bytree': 0.9922888019908571, 'min_child_weight': 2}. Best is trial 17 with value: 1.8010001584769038.
[I 2026-03-06 22:04:18,973] Trial 18 finished with value: 1.8242427492674111 and parameters: {'n_estimators': 1345, 'learning_rate': 0.0970923950574682, 'max_depth': 10, 'subsample': 0.9260424744869186, 'colsample_bytree': 0.9279418352749518, 'min_child_weight': 2}. Best is trial 17 with value: 1.8010001584769038.
[I 2026-03-06 22:04:24,065] Trial 19 finished with value: 1.800711894757703 and parameters: {'n_estimators': 1293, 'learning_rate': 0.06731200014609356, 'max_depth': 10, 'subsample': 0.9199380324849428, 'colsample_bytree': 0.9663381018360397, 'min_child_weight': 1}. Best is trial 19 with value: 1.800711894757703.
[I 2026-03-06 22:04:28,701] Trial 20 finished with value: 1.8725717750551374 and parameters: {'n_estimators': 1298, 'learning_rate': 0.06899486803256107, 'max_depth': 9, 'subsample': 0.9921220578421986, 'colsample_bytree': 0.8007597074573559, 'min_child_weight': 1}. Best is trial 19 with value: 1.800711894757703.
[I 2026-03-06 22:04:34,427] Trial 21 finished with value: 1.806026978509579 and parameters: {'n_estimators': 1488, 'learning_rate': 0.06091370980113459, 'max_depth': 10, 'subsample': 0.9293636815586399, 'colsample_bytree': 0.9654609650524016, 'min_child_weight': 2}. Best is trial 19 with value: 1.800711894757703.
[I 2026-03-06 22:04:41,593] Trial 22 finished with value: 1.798168253974839 and parameters: {'n_estimators': 1338, 'learning_rate': 0.07122491543893057, 'max_depth': 10, 'subsample': 0.936500530962957, 'colsample_bytree': 0.9565515044438392, 'min_child_weight': 2}. Best is trial 22 with value: 1.798168253974839.
[I 2026-03-06 22:04:47,577] Trial 23 finished with value: 1.7692844852085772 and parameters: {'n_estimators': 1294, 'learning_rate': 0.08467135137118345, 'max_depth': 11, 'subsample': 0.9453023015650328, 'colsample_bytree': 0.9072202485083715, 'min_child_weight': 1}. Best is trial 23 with value: 1.7692844852085772.
[I 2026-03-06 22:04:53,435] Trial 24 finished with value: 1.8285781278753817 and parameters: {'n_estimators': 1297, 'learning_rate': 0.07983011015274834, 'max_depth': 11, 'subsample': 0.9518478102155854, 'colsample_bytree': 0.9003520539254173, 'min_child_weight': 1}. Best is trial 23 with value: 1.7692844852085772.
[I 2026-03-06 22:04:57,161] Trial 25 finished with value: 1.8693207485315841 and parameters: {'n_estimators': 1075, 'learning_rate': 0.08120167683220895, 'max_depth': 8, 'subsample': 0.8602853417930204, 'colsample_bytree': 0.9525497521426346, 'min_child_weight': 4}. Best is trial 23 with value: 1.7692844852085772.
[I 2026-03-06 22:05:02,669] Trial 26 finished with value: 1.8910538124859733 and parameters: {'n_estimators': 1341, 'learning_rate': 0.09897391172601723, 'max_depth': 12, 'subsample': 0.9972769868596835, 'colsample_bytree': 0.9083881010043576, 'min_child_weight': 10}. Best is trial 23 with value: 1.7692844852085772.
[I 2026-03-06 22:05:09,084] Trial 27 finished with value: 1.7959871835243029 and parameters: {'n_estimators': 1237, 'learning_rate': 0.03088073386359985, 'max_depth': 11, 'subsample': 0.9391834394643039, 'colsample_bytree': 0.8402736338349979, 'min_child_weight': 1}. Best is trial 23 with value: 1.7692844852085772.
[I 2026-03-06 22:05:13,900] Trial 28 finished with value: 1.8369757638396376 and parameters: {'n_estimators': 1057, 'learning_rate': 0.034233563967534145, 'max_depth': 11, 'subsample': 0.94507426483163, 'colsample_bytree': 0.8185477549400013, 'min_child_weight': 4}. Best is trial 23 with value: 1.7692844852085772.
[I 2026-03-06 22:05:21,021] Trial 29 finished with value: 1.853444441408347 and parameters: {'n_estimators': 1226, 'learning_rate': 0.02253423422702489, 'max_depth': 13, 'subsample': 0.793616363535515, 'colsample_bytree': 0.7361467304266752, 'min_child_weight': 1}. Best is trial 23 with value: 1.7692844852085772.
[I 2026-03-06 22:05:26,459] Trial 30 finished with value: 1.8238155564523064 and parameters: {'n_estimators': 1386, 'learning_rate': 0.02505652642006444, 'max_depth': 9, 'subsample': 0.8756503788882647, 'colsample_bytree': 0.8332052442640543, 'min_child_weight': 2}. Best is trial 23 with value: 1.7692844852085772.
[I 2026-03-06 22:05:32,262] Trial 31 finished with value: 1.8353446085083074 and parameters: {'n_estimators': 1246, 'learning_rate': 0.05137730557592116, 'max_depth': 11, 'subsample': 0.9739119917462614, 'colsample_bytree': 0.8904989390854681, 'min_child_weight': 1}. Best is trial 23 with value: 1.7692844852085772.
[I 2026-03-06 22:05:37,054] Trial 32 finished with value: 1.8221039203470182 and parameters: {'n_estimators': 1291, 'learning_rate': 0.07420180751402025, 'max_depth': 8, 'subsample': 0.9293346872221854, 'colsample_bytree': 0.9579400349345433, 'min_child_weight': 1}. Best is trial 23 with value: 1.7692844852085772.
[I 2026-03-06 22:05:42,424] Trial 33 finished with value: 1.8087527213635286 and parameters: {'n_estimators': 1397, 'learning_rate': 0.053532018210191865, 'max_depth': 9, 'subsample': 0.8430543459543667, 'colsample_bytree': 0.9160425345736876, 'min_child_weight': 2}. Best is trial 23 with value: 1.7692844852085772.
[I 2026-03-06 22:05:47,719] Trial 34 finished with value: 1.9741087734479443 and parameters: {'n_estimators': 960, 'learning_rate': 0.07849192421108218, 'max_depth': 13, 'subsample': 0.891592921993745, 'colsample_bytree': 0.6026214095160095, 'min_child_weight': 1}. Best is trial 23 with value: 1.7692844852085772.
[I 2026-03-06 22:05:54,171] Trial 35 finished with value: 1.787069850221162 and parameters: {'n_estimators': 1119, 'learning_rate': 0.012743527481432957, 'max_depth': 12, 'subsample': 0.974268026046266, 'colsample_bytree': 0.9427065217600407, 'min_child_weight': 2}. Best is trial 23 with value: 1.7692844852085772.
[I 2026-03-06 22:06:00,337] Trial 36 finished with value: 1.814091069874179 and parameters: {'n_estimators': 1140, 'learning_rate': 0.011270448191957752, 'max_depth': 12, 'subsample': 0.9769995413924263, 'colsample_bytree': 0.944025439795495, 'min_child_weight': 3}. Best is trial 23 with value: 1.7692844852085772.
[I 2026-03-06 22:06:05,652] Trial 37 finished with value: 1.8446232889775345 and parameters: {'n_estimators': 1030, 'learning_rate': 0.015102587852531863, 'max_depth': 11, 'subsample': 0.958568667175082, 'colsample_bytree': 0.765334664905198, 'min_child_weight': 2}. Best is trial 23 with value: 1.7692844852085772.
[I 2026-03-06 22:06:08,283] Trial 38 finished with value: 2.162646729023949 and parameters: {'n_estimators': 859, 'learning_rate': 0.009979537595512438, 'max_depth': 5, 'subsample': 0.9972705055001571, 'colsample_bytree': 0.918804315167211, 'min_child_weight': 4}. Best is trial 23 with value: 1.7692844852085772.
[I 2026-03-06 22:06:14,798] Trial 39 finished with value: 1.8265808687660259 and parameters: {'n_estimators': 1171, 'learning_rate': 0.01222162022175245, 'max_depth': 14, 'subsample': 0.9393187711967967, 'colsample_bytree': 0.8745392518383475, 'min_child_weight': 6}. Best is trial 23 with value: 1.7692844852085772.
[I 2026-03-06 22:06:20,981] Trial 40 finished with value: 1.83157142552565 and parameters: {'n_estimators': 1238, 'learning_rate': 0.019093098393043604, 'max_depth': 12, 'subsample': 0.9776795330548709, 'colsample_bytree': 0.9362049854219516, 'min_child_weight': 3}. Best is trial 23 with value: 1.7692844852085772.
[I 2026-03-06 22:06:28,084] Trial 41 finished with value: 1.7808312149181733 and parameters: {'n_estimators': 1284, 'learning_rate': 0.007962234314480782, 'max_depth': 11, 'subsample': 0.9177707172335967, 'colsample_bytree': 0.9806450606993208, 'min_child_weight': 1}. Best is trial 23 with value: 1.7692844852085772.
[I 2026-03-06 22:06:34,098] Trial 42 finished with value: 1.8074179676810274 and parameters: {'n_estimators': 1122, 'learning_rate': 0.007620650457738228, 'max_depth': 11, 'subsample': 0.9112471804429629, 'colsample_bytree': 0.9733667462754824, 'min_child_weight': 2}. Best is trial 23 with value: 1.7692844852085772.
[I 2026-03-06 22:06:43,582] Trial 43 finished with value: 1.779806532361955 and parameters: {'n_estimators': 1367, 'learning_rate': 0.008630962132569378, 'max_depth': 13, 'subsample': 0.9582344777612151, 'colsample_bytree': 0.8963056169436031, 'min_child_weight': 1}. Best is trial 23 with value: 1.7692844852085772.
[I 2026-03-06 22:06:52,744] Trial 44 finished with value: 1.78271790782111 and parameters: {'n_estimators': 1204, 'learning_rate': 0.006590614864229305, 'max_depth': 13, 'subsample': 0.9612571537018663, 'colsample_bytree': 0.8926397713075327, 'min_child_weight': 1}. Best is trial 23 with value: 1.7692844852085772.
[I 2026-03-06 22:07:02,071] Trial 45 finished with value: 1.791231371195437 and parameters: {'n_estimators': 1182, 'learning_rate': 0.005090160546355411, 'max_depth': 13, 'subsample': 0.9657506324906867, 'colsample_bytree': 0.8887535037423161, 'min_child_weight': 1}. Best is trial 23 with value: 1.7692844852085772.
[I 2026-03-06 22:07:12,207] Trial 46 finished with value: 1.768488296146765 and parameters: {'n_estimators': 1420, 'learning_rate': 0.009070779480576266, 'max_depth': 14, 'subsample': 0.8968935703795667, 'colsample_bytree': 0.903997303755633, 'min_child_weight': 1}. Best is trial 46 with value: 1.768488296146765.
[I 2026-03-06 22:07:22,483] Trial 47 finished with value: 1.7758699353825715 and parameters: {'n_estimators': 1423, 'learning_rate': 0.006789322015129619, 'max_depth': 14, 'subsample': 0.8912822113465105, 'colsample_bytree': 0.848169780753866, 'min_child_weight': 1}. Best is trial 46 with value: 1.768488296146765.
[I 2026-03-06 22:07:28,996] Trial 48 finished with value: 1.8447905148460149 and parameters: {'n_estimators': 1409, 'learning_rate': 0.009147009768518797, 'max_depth': 14, 'subsample': 0.8872946506102313, 'colsample_bytree': 0.8586502777245657, 'min_child_weight': 8}. Best is trial 46 with value: 1.768488296146765.
