[I 2026-04-07 22:04:38,095] Trial 0 finished with value: 1.851471421078825 and parameters: {'n_estimators': 749, 'learning_rate': 0.08359358524385167, 'max_depth': 15, 'subsample': 0.7982756180657529, 'colsample_bytree': 0.7757528978465202, 'min_child_weight': 5}. Best is trial 0 with value: 1.851471421078825.
[I 2026-04-07 22:04:42,243] Trial 1 finished with value: 1.8388456827733692 and parameters: {'n_estimators': 1234, 'learning_rate': 0.06849917609411701, 'max_depth': 14, 'subsample': 0.9424527201819872, 'colsample_bytree': 0.8281460079338985, 'min_child_weight': 10}. Best is trial 1 with value: 1.8388456827733692.
[I 2026-04-07 22:04:44,538] Trial 2 finished with value: 1.8789025255288692 and parameters: {'n_estimators': 916, 'learning_rate': 0.045442446917521154, 'max_depth': 8, 'subsample': 0.891103571982399, 'colsample_bytree': 0.7716291214204243, 'min_child_weight': 7}. Best is trial 1 with value: 1.8388456827733692.
[I 2026-04-07 22:04:45,673] Trial 3 finished with value: 1.8785194787692199 and parameters: {'n_estimators': 317, 'learning_rate': 0.08946527420470918, 'max_depth': 11, 'subsample': 0.6921985915285358, 'colsample_bytree': 0.6776029842252848, 'min_child_weight': 1}. Best is trial 1 with value: 1.8388456827733692.
[I 2026-04-07 22:04:47,942] Trial 4 finished with value: 1.8593584499045783 and parameters: {'n_estimators': 942, 'learning_rate': 0.05845821511530624, 'max_depth': 8, 'subsample': 0.6807316680187162, 'colsample_bytree': 0.875590103334186, 'min_child_weight': 8}. Best is trial 1 with value: 1.8388456827733692.
[I 2026-04-07 22:04:49,570] Trial 5 finished with value: 2.1731301892094366 and parameters: {'n_estimators': 774, 'learning_rate': 0.01994054145437935, 'max_depth': 5, 'subsample': 0.9644601357495477, 'colsample_bytree': 0.6718014404316652, 'min_child_weight': 4}. Best is trial 1 with value: 1.8388456827733692.
[I 2026-04-07 22:04:52,812] Trial 6 finished with value: 1.8609428561624164 and parameters: {'n_estimators': 892, 'learning_rate': 0.020425441818717912, 'max_depth': 12, 'subsample': 0.6784516723153547, 'colsample_bytree': 0.7125945910885257, 'min_child_weight': 2}. Best is trial 1 with value: 1.8388456827733692.
[I 2026-04-07 22:04:55,760] Trial 7 finished with value: 1.8615616394164605 and parameters: {'n_estimators': 868, 'learning_rate': 0.04768766556832188, 'max_depth': 14, 'subsample': 0.7980014534226025, 'colsample_bytree': 0.7521010633155253, 'min_child_weight': 9}. Best is trial 1 with value: 1.8388456827733692.
[I 2026-04-07 22:04:58,192] Trial 8 finished with value: 1.8363784639111962 and parameters: {'n_estimators': 712, 'learning_rate': 0.045002406804818075, 'max_depth': 13, 'subsample': 0.6659489687821977, 'colsample_bytree': 0.8911285563515845, 'min_child_weight': 7}. Best is trial 8 with value: 1.8363784639111962.
[I 2026-04-07 22:05:00,221] Trial 9 finished with value: 1.8518218063139058 and parameters: {'n_estimators': 621, 'learning_rate': 0.05678451988929758, 'max_depth': 13, 'subsample': 0.675033796280794, 'colsample_bytree': 0.8675026368067134, 'min_child_weight': 8}. Best is trial 8 with value: 1.8363784639111962.
[I 2026-04-07 22:05:03,902] Trial 10 finished with value: 1.894032121977458 and parameters: {'n_estimators': 1340, 'learning_rate': 0.007580975512943562, 'max_depth': 9, 'subsample': 0.6258656684508691, 'colsample_bytree': 0.954232303943138, 'min_child_weight': 6}. Best is trial 8 with value: 1.8363784639111962.
[I 2026-04-07 22:05:08,225] Trial 11 finished with value: 1.8340486106911924 and parameters: {'n_estimators': 1305, 'learning_rate': 0.030703965099012125, 'max_depth': 15, 'subsample': 0.9993258780705759, 'colsample_bytree': 0.8708849342796018, 'min_child_weight': 10}. Best is trial 11 with value: 1.8340486106911924.
[I 2026-04-07 22:05:13,799] Trial 12 finished with value: 1.814407301640389 and parameters: {'n_estimators': 1489, 'learning_rate': 0.03139468026855913, 'max_depth': 15, 'subsample': 0.8712323544313636, 'colsample_bytree': 0.9772131365187937, 'min_child_weight': 10}. Best is trial 12 with value: 1.814407301640389.
[I 2026-04-07 22:05:18,731] Trial 13 finished with value: 1.8173523912146845 and parameters: {'n_estimators': 1490, 'learning_rate': 0.02974015849718267, 'max_depth': 15, 'subsample': 0.880255689107305, 'colsample_bytree': 0.9696134764010851, 'min_child_weight': 10}. Best is trial 12 with value: 1.814407301640389.
[I 2026-04-07 22:05:23,456] Trial 14 finished with value: 1.8721255820410998 and parameters: {'n_estimators': 1482, 'learning_rate': 0.009645464242047144, 'max_depth': 11, 'subsample': 0.865393898757744, 'colsample_bytree': 0.9879039042078369, 'min_child_weight': 10}. Best is trial 12 with value: 1.814407301640389.
[I 2026-04-07 22:05:25,833] Trial 15 finished with value: 2.1933306360404594 and parameters: {'n_estimators': 1153, 'learning_rate': 0.013231693527692552, 'max_depth': 5, 'subsample': 0.8801395859777914, 'colsample_bytree': 0.6082206043589666, 'min_child_weight': 9}. Best is trial 12 with value: 1.814407301640389.
[I 2026-04-07 22:05:30,855] Trial 16 finished with value: 1.8193378338221697 and parameters: {'n_estimators': 1491, 'learning_rate': 0.029891975347008798, 'max_depth': 15, 'subsample': 0.7598341102207666, 'colsample_bytree': 0.9407215739812423, 'min_child_weight': 8}. Best is trial 12 with value: 1.814407301640389.
[I 2026-04-07 22:05:35,134] Trial 17 finished with value: 1.791813954507126 and parameters: {'n_estimators': 1120, 'learning_rate': 0.014307312946175089, 'max_depth': 13, 'subsample': 0.8335595587114921, 'colsample_bytree': 0.9951955845720062, 'min_child_weight': 3}. Best is trial 17 with value: 1.791813954507126.
[I 2026-04-07 22:05:39,096] Trial 18 finished with value: 1.8169439355412114 and parameters: {'n_estimators': 1080, 'learning_rate': 0.013050792781079719, 'max_depth': 13, 'subsample': 0.7530187197712969, 'colsample_bytree': 0.9997996962870084, 'min_child_weight': 4}. Best is trial 17 with value: 1.791813954507126.
[I 2026-04-07 22:05:43,191] Trial 19 finished with value: 1.8599208837670953 and parameters: {'n_estimators': 1063, 'learning_rate': 0.005014956332894845, 'max_depth': 12, 'subsample': 0.8324481512544631, 'colsample_bytree': 0.9202984789654034, 'min_child_weight': 3}. Best is trial 17 with value: 1.791813954507126.
[I 2026-04-07 22:05:44,980] Trial 20 finished with value: 1.8547255124265314 and parameters: {'n_estimators': 540, 'learning_rate': 0.016135418869607267, 'max_depth': 10, 'subsample': 0.9291447011536282, 'colsample_bytree': 0.8339345275941948, 'min_child_weight': 1}. Best is trial 17 with value: 1.791813954507126.
[I 2026-04-07 22:05:48,787] Trial 21 finished with value: 1.8124252296111 and parameters: {'n_estimators': 1079, 'learning_rate': 0.012644513147866484, 'max_depth': 13, 'subsample': 0.733117880064379, 'colsample_bytree': 0.9978426763864411, 'min_child_weight': 4}. Best is trial 17 with value: 1.791813954507126.
[I 2026-04-07 22:05:53,151] Trial 22 finished with value: 1.8058470183613557 and parameters: {'n_estimators': 1044, 'learning_rate': 0.008679464212585457, 'max_depth': 14, 'subsample': 0.7552124253059729, 'colsample_bytree': 0.9256661662719801, 'min_child_weight': 3}. Best is trial 17 with value: 1.791813954507126.
[I 2026-04-07 22:05:56,922] Trial 23 finished with value: 1.8295446578170176 and parameters: {'n_estimators': 1026, 'learning_rate': 0.00820099919993001, 'max_depth': 12, 'subsample': 0.73398068389089, 'colsample_bytree': 0.9182707591037619, 'min_child_weight': 3}. Best is trial 17 with value: 1.791813954507126.
[I 2026-04-07 22:06:01,616] Trial 24 finished with value: 1.8029837974598169 and parameters: {'n_estimators': 1175, 'learning_rate': 0.010907861495576524, 'max_depth': 14, 'subsample': 0.7278774754846772, 'colsample_bytree': 0.9319175400435105, 'min_child_weight': 3}. Best is trial 17 with value: 1.791813954507126.
[I 2026-04-07 22:06:07,026] Trial 25 finished with value: 1.8058027964255752 and parameters: {'n_estimators': 1188, 'learning_rate': 0.005832026283136747, 'max_depth': 14, 'subsample': 0.8305719675295496, 'colsample_bytree': 0.9195933687522524, 'min_child_weight': 2}. Best is trial 17 with value: 1.791813954507126.
[I 2026-04-07 22:06:11,308] Trial 26 finished with value: 1.87196781946901 and parameters: {'n_estimators': 1201, 'learning_rate': 0.005081143207693899, 'max_depth': 11, 'subsample': 0.8327853574384769, 'colsample_bytree': 0.906352994617698, 'min_child_weight': 2}. Best is trial 17 with value: 1.791813954507126.
[I 2026-04-07 22:06:18,473] Trial 27 finished with value: 1.8073184331005825 and parameters: {'n_estimators': 1352, 'learning_rate': 0.006559990759561767, 'max_depth': 14, 'subsample': 0.8386429951430266, 'colsample_bytree': 0.8309451381489766, 'min_child_weight': 2}. Best is trial 17 with value: 1.791813954507126.
[I 2026-04-07 22:06:22,738] Trial 28 finished with value: 1.8108776457154636 and parameters: {'n_estimators': 1173, 'learning_rate': 0.0105406754078063, 'max_depth': 12, 'subsample': 0.7864527326838561, 'colsample_bytree': 0.9562569308631134, 'min_child_weight': 5}. Best is trial 17 with value: 1.791813954507126.
[I 2026-04-07 22:06:29,541] Trial 29 finished with value: 1.7698788729000916 and parameters: {'n_estimators': 1278, 'learning_rate': 0.006722923182825388, 'max_depth': 14, 'subsample': 0.8068108195082315, 'colsample_bytree': 0.9535781090056636, 'min_child_weight': 1}. Best is trial 29 with value: 1.7698788729000916.
[I 2026-04-07 22:06:32,373] Trial 30 finished with value: 1.9775661339229038 and parameters: {'n_estimators': 1285, 'learning_rate': 0.017124119756690866, 'max_depth': 6, 'subsample': 0.783439453979263, 'colsample_bytree': 0.948212548610399, 'min_child_weight': 1}. Best is trial 29 with value: 1.7698788729000916.
[I 2026-04-07 22:06:38,707] Trial 31 finished with value: 1.7968318179771567 and parameters: {'n_estimators': 1397, 'learning_rate': 0.006391349766511532, 'max_depth': 14, 'subsample': 0.8265670703694867, 'colsample_bytree': 0.897491659577404, 'min_child_weight': 2}. Best is trial 29 with value: 1.7698788729000916.
[I 2026-04-07 22:06:44,779] Trial 32 finished with value: 1.8233983314310773 and parameters: {'n_estimators': 1390, 'learning_rate': 0.006489985884137416, 'max_depth': 14, 'subsample': 0.8160484856488274, 'colsample_bytree': 0.8503573812730253, 'min_child_weight': 3}. Best is trial 29 with value: 1.7698788729000916.
[I 2026-04-07 22:06:50,980] Trial 33 finished with value: 1.7895629142568257 and parameters: {'n_estimators': 1393, 'learning_rate': 0.010674870669127296, 'max_depth': 13, 'subsample': 0.9157883565455495, 'colsample_bytree': 0.8918676147917117, 'min_child_weight': 1}. Best is trial 29 with value: 1.7698788729000916.
[I 2026-04-07 22:06:58,294] Trial 34 finished with value: 1.7832530282140568 and parameters: {'n_estimators': 1415, 'learning_rate': 0.00749455590720032, 'max_depth': 13, 'subsample': 0.9186936394377567, 'colsample_bytree': 0.8954233788683623, 'min_child_weight': 1}. Best is trial 29 with value: 1.7698788729000916.
[I 2026-04-07 22:07:02,810] Trial 35 finished with value: 1.8650991358621216 and parameters: {'n_estimators': 1249, 'learning_rate': 0.007560356048012125, 'max_depth': 10, 'subsample': 0.9160523333515975, 'colsample_bytree': 0.8063978017399285, 'min_child_weight': 1}. Best is trial 29 with value: 1.7698788729000916.
[I 2026-04-07 22:07:08,284] Trial 36 finished with value: 1.8439296904063607 and parameters: {'n_estimators': 1412, 'learning_rate': 0.015848623952168295, 'max_depth': 11, 'subsample': 0.964613178319548, 'colsample_bytree': 0.8018859468263497, 'min_child_weight': 1}. Best is trial 29 with value: 1.7698788729000916.
[I 2026-04-07 22:07:14,572] Trial 37 finished with value: 1.773476546974126 and parameters: {'n_estimators': 1276, 'learning_rate': 0.009284684705259968, 'max_depth': 13, 'subsample': 0.9015204769130725, 'colsample_bytree': 0.973944634793381, 'min_child_weight': 1}. Best is trial 29 with value: 1.7698788729000916.
[I 2026-04-07 22:07:20,384] Trial 38 finished with value: 1.79284427783234 and parameters: {'n_estimators': 1279, 'learning_rate': 0.009573618479316337, 'max_depth': 12, 'subsample': 0.9042457260304307, 'colsample_bytree': 0.882016267029698, 'min_child_weight': 1}. Best is trial 29 with value: 1.7698788729000916.
[I 2026-04-07 22:07:25,259] Trial 39 finished with value: 1.818335595864089 and parameters: {'n_estimators': 969, 'learning_rate': 0.007422979793770846, 'max_depth': 13, 'subsample': 0.9669833615928689, 'colsample_bytree': 0.9630688964519272, 'min_child_weight': 2}. Best is trial 29 with value: 1.7698788729000916.
[I 2026-04-07 22:07:29,690] Trial 40 finished with value: 1.8743102075337887 and parameters: {'n_estimators': 1433, 'learning_rate': 0.010444061758163538, 'max_depth': 9, 'subsample': 0.9383550962686186, 'colsample_bytree': 0.7812268366842763, 'min_child_weight': 1}. Best is trial 29 with value: 1.7698788729000916.
[I 2026-04-07 22:07:35,203] Trial 41 finished with value: 1.7797791063154103 and parameters: {'n_estimators': 1341, 'learning_rate': 0.013265011612030992, 'max_depth': 13, 'subsample': 0.8592485801376157, 'colsample_bytree': 0.9686886045962283, 'min_child_weight': 2}. Best is trial 29 with value: 1.7698788729000916.
[I 2026-04-07 22:07:40,652] Trial 42 finished with value: 1.7556738951520874 and parameters: {'n_estimators': 1332, 'learning_rate': 0.012036206384653685, 'max_depth': 12, 'subsample': 0.8560866961692645, 'colsample_bytree': 0.9758936451474151, 'min_child_weight': 1}. Best is trial 42 with value: 1.7556738951520874.
[I 2026-04-07 22:07:46,456] Trial 43 finished with value: 1.7784336956623439 and parameters: {'n_estimators': 1333, 'learning_rate': 0.0231390920991325, 'max_depth': 12, 'subsample': 0.8515628634270042, 'colsample_bytree': 0.9743357391048131, 'min_child_weight': 2}. Best is trial 42 with value: 1.7556738951520874.
[I 2026-04-07 22:07:52,504] Trial 44 finished with value: 1.7792051612476139 and parameters: {'n_estimators': 1326, 'learning_rate': 0.02481233503952122, 'max_depth': 12, 'subsample': 0.8633701784352247, 'colsample_bytree': 0.9717153686623164, 'min_child_weight': 2}. Best is trial 42 with value: 1.7556738951520874.
[I 2026-04-07 22:07:58,800] Trial 45 finished with value: 1.7788819713828463 and parameters: {'n_estimators': 1238, 'learning_rate': 0.025122976743157735, 'max_depth': 12, 'subsample': 0.851125290701683, 'colsample_bytree': 0.9771936501672179, 'min_child_weight': 2}. Best is trial 42 with value: 1.7556738951520874.
[I 2026-04-07 22:08:05,116] Trial 46 finished with value: 1.808841988728745 and parameters: {'n_estimators': 1228, 'learning_rate': 0.023969958458990866, 'max_depth': 11, 'subsample': 0.8975535659953535, 'colsample_bytree': 0.9432107137939109, 'min_child_weight': 2}. Best is trial 42 with value: 1.7556738951520874.
[I 2026-04-07 22:08:08,298] Trial 47 finished with value: 1.844995695558634 and parameters: {'n_estimators': 830, 'learning_rate': 0.035941906251834785, 'max_depth': 10, 'subsample': 0.8091570497316222, 'colsample_bytree': 0.9796223335686233, 'min_child_weight': 6}. Best is trial 42 with value: 1.7556738951520874.
[I 2026-04-07 22:08:13,978] Trial 48 finished with value: 1.7969284764467242 and parameters: {'n_estimators': 1235, 'learning_rate': 0.018169524311366054, 'max_depth': 11, 'subsample': 0.8574092442062556, 'colsample_bytree': 0.9532751076986368, 'min_child_weight': 4}. Best is trial 42 with value: 1.7556738951520874.
