[I 2026-03-20 22:04:06,595] Trial 49 finished with value: 1.849871394701192 and parameters: {'n_estimators': 1486, 'learning_rate': 0.04131831010153455, 'max_depth': 12, 'subsample': 0.6665389708701502, 'colsample_bytree': 0.9788867085593882, 'min_child_weight': 10}. Best is trial 43 with value: 1.734839128103808.
✅ Tham số tối ưu nhất từ Optuna: {'n_estimators': 1139, 'learning_rate': 0.03785537319805827, 'max_depth': 13, 'subsample': 0.631619825254329, 'colsample_bytree': 0.9391676386429028, 'min_child_weight': 1}
MAE của mô hình XGBoost: 1.7532
R² của mô hình XGBoost: 0.9228
🥊 Đang so sánh... Champion MAE: 1.6245 vs Challenger MAE: 1.7532
🛡️ Champion bảo vệ ngôi vương. Giữ nguyên mô hình cũ.
[Fri 03/20/2026 22:04:13.11] [4/4] Dang dong bo AI Model (qua LFS) len GitHub... 
[main e19d4e1] Auto-update AI Model: Fri 03/20/2026 22:04:13.84
 1 file changed, 273 insertions(+)
remote: This repository moved. Please use the new location:        
remote:   https://github.com/HieuNT316/hanoi-house-price-prediction.git        
To https://github.com/Alexus143/hanoi-house-price-prediction.git
   4159b8d..e19d4e1  main -> main
========================================= 
[Sun 03/22/2026 12:38:22.13] [1/4] Dang cao chi tiet BĐS... 
🔍 Đang cấu hình Database với: postgres.kkwivuufxdewurmxtsto@aws-1-ap-southeast-1.pooler.supabase.com:5432/postgres

[DetailSpider] Khởi động luồng làm giàu dữ liệu (Limit: 50 bài/lượt)...
✅ Đã kết nối thành công tới PostgreSQL.
[DetailSpider] ✅ Không có listing nào cần làm giàu dữ liệu. Đi ngủ!
[Sun 03/22/2026 12:39:09.37] [2/4] Dang clean du lieu... 
🔍 Đang cấu hình Database với: postgres.kkwivuufxdewurmxtsto@aws-1-ap-southeast-1.pooler.supabase.com:5432/postgres
✅ Đã kết nối thành công tới PostgreSQL.
🔄 Upsert thành công 5416 bản ghi vào 'bds_hadong'.
✅ Đã cập nhật cột legal_status và furniture thành công.
[Sun 03/22/2026 12:39:44.75] [3/4] Dang huan luyen AI tren du lieu moi... 
🔍 Đang cấu hình Database với: postgres.kkwivuufxdewurmxtsto@aws-1-ap-southeast-1.pooler.supabase.com:5432/postgres
[I 2026-03-22 12:41:51,231] A new study created in memory with name: no-name-bf824636-6e5f-4a7b-845b-093bbcb7f4dd
✅ Đã kết nối thành công tới PostgreSQL.
  0%|          | 0/50 [00:00<?, ?it/s]D:\Python\realtime_estimate_tracker\venv_bds\lib\site-packages\xgboost\training.py:200: UserWarning: [12:41:54] WARNING: C:\actions-runner\_work\xgboost\xgboost\src\learner.cc:782: 
Parameters: { "devices", "task_type" } are not used.

  bst.update(dtrain, iteration=i, fobj=obj)
                                        0%|          | 0/50 [00:03<?, ?it/s]Best trial: 0. Best value: 2.05176:   0%|          | 0/50 [00:03<?, ?it/s]Best trial: 0. Best value: 2.05176:   2%|▏         | 1/50 [00:03<03:13,  3.94s/it]D:\Python\realtime_estimate_tracker\venv_bds\lib\site-packages\xgboost\training.py:200: UserWarning: [12:41:57] WARNING: C:\actions-runner\_work\xgboost\xgboost\src\learner.cc:782: 
Parameters: { "devices", "task_type" } are not used.

  bst.update(dtrain, iteration=i, fobj=obj)
                                                                                  Best trial: 0. Best value: 2.05176:   2%|▏         | 1/50 [00:05<03:13,  3.94s/it]Best trial: 1. Best value: 1.97737:   2%|▏         | 1/50 [00:05<03:13,  3.94s/it]Best trial: 1. Best value: 1.97737:   4%|▍         | 2/50 [00:05<02:14,  2.80s/it]D:\Python\realtime_estimate_tracker\venv_bds\lib\site-packages\xgboost\training.py:200: UserWarning: [12:41:59] WARNING: C:\actions-runner\_work\xgboost\xgboost\src\learner.cc:782: 
Parameters: { "devices", "task_type" } are not used.

  bst.update(dtrain, iteration=i, fobj=obj)
                                                                                  Best trial: 1. Best value: 1.97737:   4%|▍         | 2/50 [00:12<02:14,  2.80s/it]Best trial: 2. Best value: 1.85066:   4%|▍         | 2/50 [00:12<02:14,  2.80s/it]Best trial: 2. Best value: 1.85066:   6%|▌         | 3/50 [00:12<03:24,  4.35s/it]D:\Python\realtime_estimate_tracker\venv_bds\lib\site-packages\xgboost\training.py:200: UserWarning: [12:42:05] WARNING: C:\actions-runner\_work\xgboost\xgboost\src\learner.cc:782: 
Parameters: { "devices", "task_type" } are not used.

  bst.update(dtrain, iteration=i, fobj=obj)
                                                                                  Best trial: 2. Best value: 1.85066:   6%|▌         | 3/50 [00:17<03:24,  4.35s/it]Best trial: 2. Best value: 1.85066:   6%|▌         | 3/50 [00:17<03:24,  4.35s/it]Best trial: 2. Best value: 1.85066:   8%|▊         | 4/50 [00:17<03:35,  4.69s/it]D:\Python\realtime_estimate_tracker\venv_bds\lib\site-packages\xgboost\training.py:200: UserWarning: [12:42:11] WARNING: C:\actions-runner\_work\xgboost\xgboost\src\learner.cc:782: 
Parameters: { "devices", "task_type" } are not used.

  bst.update(dtrain, iteration=i, fobj=obj)
                                                                                  Best trial: 2. Best value: 1.85066:   8%|▊         | 4/50 [00:19<03:35,  4.69s/it]Best trial: 2. Best value: 1.85066:   8%|▊         | 4/50 [00:19<03:35,  4.69s/it]Best trial: 2. Best value: 1.85066:  10%|█         | 5/50 [00:19<02:48,  3.74s/it]D:\Python\realtime_estimate_tracker\venv_bds\lib\site-packages\xgboost\training.py:200: UserWarning: [12:42:13] WARNING: C:\actions-runner\_work\xgboost\xgboost\src\learner.cc:782: 
Parameters: { "devices", "task_type" } are not used.

  bst.update(dtrain, iteration=i, fobj=obj)
                                                                                  Best trial: 2. Best value: 1.85066:  10%|█         | 5/50 [00:25<02:48,  3.74s/it]Best trial: 5. Best value: 1.79354:  10%|█         | 5/50 [00:25<02:48,  3.74s/it]Best trial: 5. Best value: 1.79354:  12%|█▏        | 6/50 [00:25<03:21,  4.59s/it]D:\Python\realtime_estimate_tracker\venv_bds\lib\site-packages\xgboost\training.py:200: UserWarning: [12:42:19] WARNING: C:\actions-runner\_work\xgboost\xgboost\src\learner.cc:782: 
Parameters: { "devices", "task_type" } are not used.

  bst.update(dtrain, iteration=i, fobj=obj)
                                                                                  Best trial: 5. Best value: 1.79354:  12%|█▏        | 6/50 [00:31<03:21,  4.59s/it]Best trial: 5. Best value: 1.79354:  12%|█▏        | 6/50 [00:31<03:21,  4.59s/it]Best trial: 5. Best value: 1.79354:  14%|█▍        | 7/50 [00:31<03:29,  4.88s/it]D:\Python\realtime_estimate_tracker\venv_bds\lib\site-packages\xgboost\training.py:200: UserWarning: [12:42:24] WARNING: C:\actions-runner\_work\xgboost\xgboost\src\learner.cc:782: 
Parameters: { "devices", "task_type" } are not used.

  bst.update(dtrain, iteration=i, fobj=obj)
                                                                                  Best trial: 5. Best value: 1.79354:  14%|█▍        | 7/50 [00:33<03:29,  4.88s/it]Best trial: 5. Best value: 1.79354:  14%|█▍        | 7/50 [00:33<03:29,  4.88s/it]Best trial: 5. Best value: 1.79354:  16%|█▌        | 8/50 [00:33<02:57,  4.22s/it]D:\Python\realtime_estimate_tracker\venv_bds\lib\site-packages\xgboost\training.py:200: UserWarning: [12:42:27] WARNING: C:\actions-runner\_work\xgboost\xgboost\src\learner.cc:782: 
Parameters: { "devices", "task_type" } are not used.

  bst.update(dtrain, iteration=i, fobj=obj)
                                                                                  Best trial: 5. Best value: 1.79354:  16%|█▌        | 8/50 [00:39<02:57,  4.22s/it]Best trial: 5. Best value: 1.79354:  16%|█▌        | 8/50 [00:39<02:57,  4.22s/it]Best trial: 5. Best value: 1.79354:  18%|█▊        | 9/50 [00:39<03:08,  4.60s/it]D:\Python\realtime_estimate_tracker\venv_bds\lib\site-packages\xgboost\training.py:200: UserWarning: [12:42:33] WARNING: C:\actions-runner\_work\xgboost\xgboost\src\learner.cc:782: 
Parameters: { "devices", "task_type" } are not used.

  bst.update(dtrain, iteration=i, fobj=obj)
                                                                                  Best trial: 5. Best value: 1.79354:  18%|█▊        | 9/50 [00:44<03:08,  4.60s/it]Best trial: 5. Best value: 1.79354:  18%|█▊        | 9/50 [00:44<03:08,  4.60s/it]Best trial: 5. Best value: 1.79354:  20%|██        | 10/50 [00:44<03:11,  4.80s/it]D:\Python\realtime_estimate_tracker\venv_bds\lib\site-packages\xgboost\training.py:200: UserWarning: [12:42:39] WARNING: C:\actions-runner\_work\xgboost\xgboost\src\learner.cc:782: 
Parameters: { "devices", "task_type" } are not used.

  bst.update(dtrain, iteration=i, fobj=obj)
                                                                                   Best trial: 5. Best value: 1.79354:  20%|██        | 10/50 [00:57<03:11,  4.80s/it]Best trial: 10. Best value: 1.73364:  20%|██        | 10/50 [00:57<03:11,  4.80s/it]Best trial: 10. Best value: 1.73364:  22%|██▏       | 11/50 [00:57<04:45,  7.33s/it]D:\Python\realtime_estimate_tracker\venv_bds\lib\site-packages\xgboost\training.py:200: UserWarning: [12:42:51] WARNING: C:\actions-runner\_work\xgboost\xgboost\src\learner.cc:782: 
Parameters: { "devices", "task_type" } are not used.

  bst.update(dtrain, iteration=i, fobj=obj)
                                                                                    Best trial: 10. Best value: 1.73364:  22%|██▏       | 11/50 [01:07<04:45,  7.33s/it]Best trial: 10. Best value: 1.73364:  22%|██▏       | 11/50 [01:07<04:45,  7.33s/it]Best trial: 10. Best value: 1.73364:  24%|██▍       | 12/50 [01:07<05:12,  8.22s/it]D:\Python\realtime_estimate_tracker\venv_bds\lib\site-packages\xgboost\training.py:200: UserWarning: [12:43:01] WARNING: C:\actions-runner\_work\xgboost\xgboost\src\learner.cc:782: 
Parameters: { "devices", "task_type" } are not used.

  bst.update(dtrain, iteration=i, fobj=obj)
                                                                                    Best trial: 10. Best value: 1.73364:  24%|██▍       | 12/50 [01:17<05:12,  8.22s/it]Best trial: 10. Best value: 1.73364:  24%|██▍       | 12/50 [01:17<05:12,  8.22s/it]Best trial: 10. Best value: 1.73364:  26%|██▌       | 13/50 [01:17<05:20,  8.66s/it]D:\Python\realtime_estimate_tracker\venv_bds\lib\site-packages\xgboost\training.py:200: UserWarning: [12:43:11] WARNING: C:\actions-runner\_work\xgboost\xgboost\src\learner.cc:782: 
Parameters: { "devices", "task_type" } are not used.

  bst.update(dtrain, iteration=i, fobj=obj)
                                                                                    Best trial: 10. Best value: 1.73364:  26%|██▌       | 13/50 [01:25<05:20,  8.66s/it]Best trial: 13. Best value: 1.72455:  26%|██▌       | 13/50 [01:25<05:20,  8.66s/it]Best trial: 13. Best value: 1.72455:  28%|██▊       | 14/50 [01:25<05:04,  8.47s/it]D:\Python\realtime_estimate_tracker\venv_bds\lib\site-packages\xgboost\training.py:200: UserWarning: [12:43:19] WARNING: C:\actions-runner\_work\xgboost\xgboost\src\learner.cc:782: 
Parameters: { "devices", "task_type" } are not used.

  bst.update(dtrain, iteration=i, fobj=obj)
                                                                                    Best trial: 13. Best value: 1.72455:  28%|██▊       | 14/50 [01:35<05:04,  8.47s/it]Best trial: 13. Best value: 1.72455:  28%|██▊       | 14/50 [01:35<05:04,  8.47s/it]Best trial: 13. Best value: 1.72455:  30%|███       | 15/50 [01:35<05:07,  8.79s/it]D:\Python\realtime_estimate_tracker\venv_bds\lib\site-packages\xgboost\training.py:200: UserWarning: [12:43:28] WARNING: C:\actions-runner\_work\xgboost\xgboost\src\learner.cc:782: 
Parameters: { "devices", "task_type" } are not used.

  bst.update(dtrain, iteration=i, fobj=obj)
                                                                                    Best trial: 13. Best value: 1.72455:  30%|███       | 15/50 [01:43<05:07,  8.79s/it]Best trial: 13. Best value: 1.72455:  30%|███       | 15/50 [01:43<05:07,  8.79s/it]Best trial: 13. Best value: 1.72455:  32%|███▏      | 16/50 [01:43<04:55,  8.70s/it]D:\Python\realtime_estimate_tracker\venv_bds\lib\site-packages\xgboost\training.py:200: UserWarning: [12:43:37] WARNING: C:\actions-runner\_work\xgboost\xgboost\src\learner.cc:782: 
Parameters: { "devices", "task_type" } are not used.

  bst.update(dtrain, iteration=i, fobj=obj)
                                                                                    Best trial: 13. Best value: 1.72455:  32%|███▏      | 16/50 [01:53<04:55,  8.70s/it]Best trial: 13. Best value: 1.72455:  32%|███▏      | 16/50 [01:53<04:55,  8.70s/it]Best trial: 13. Best value: 1.72455:  34%|███▍      | 17/50 [01:53<04:54,  8.92s/it]D:\Python\realtime_estimate_tracker\venv_bds\lib\site-packages\xgboost\training.py:200: UserWarning: [12:43:46] WARNING: C:\actions-runner\_work\xgboost\xgboost\src\learner.cc:782: 
Parameters: { "devices", "task_type" } are not used.

  bst.update(dtrain, iteration=i, fobj=obj)
                                                                                    Best trial: 13. Best value: 1.72455:  34%|███▍      | 17/50 [02:02<04:54,  8.92s/it]Best trial: 13. Best value: 1.72455:  34%|███▍      | 17/50 [02:02<04:54,  8.92s/it]Best trial: 13. Best value: 1.72455:  36%|███▌      | 18/50 [02:02<04:46,  8.95s/it]D:\Python\realtime_estimate_tracker\venv_bds\lib\site-packages\xgboost\training.py:200: UserWarning: [12:43:56] WARNING: C:\actions-runner\_work\xgboost\xgboost\src\learner.cc:782: 
Parameters: { "devices", "task_type" } are not used.

  bst.update(dtrain, iteration=i, fobj=obj)
                                                                                    Best trial: 13. Best value: 1.72455:  36%|███▌      | 18/50 [02:10<04:46,  8.95s/it]Best trial: 13. Best value: 1.72455:  36%|███▌      | 18/50 [02:10<04:46,  8.95s/it]Best trial: 13. Best value: 1.72455:  38%|███▊      | 19/50 [02:10<04:35,  8.89s/it]D:\Python\realtime_estimate_tracker\venv_bds\lib\site-packages\xgboost\training.py:200: UserWarning: [12:44:04] WARNING: C:\actions-runner\_work\xgboost\xgboost\src\learner.cc:782: 
Parameters: { "devices", "task_type" } are not used.

  bst.update(dtrain, iteration=i, fobj=obj)
                                                                                    Best trial: 13. Best value: 1.72455:  38%|███▊      | 19/50 [02:19<04:35,  8.89s/it]Best trial: 13. Best value: 1.72455:  38%|███▊      | 19/50 [02:19<04:35,  8.89s/it]Best trial: 13. Best value: 1.72455:  40%|████      | 20/50 [02:19<04:27,  8.92s/it]D:\Python\realtime_estimate_tracker\venv_bds\lib\site-packages\xgboost\training.py:200: UserWarning: [12:44:13] WARNING: C:\actions-runner\_work\xgboost\xgboost\src\learner.cc:782: 
Parameters: { "devices", "task_type" } are not used.

  bst.update(dtrain, iteration=i, fobj=obj)
                                                                                    Best trial: 13. Best value: 1.72455:  40%|████      | 20/50 [02:25<04:27,  8.92s/it]Best trial: 13. Best value: 1.72455:  40%|████      | 20/50 [02:25<04:27,  8.92s/it]Best trial: 13. Best value: 1.72455:  42%|████▏     | 21/50 [02:25<03:50,  7.95s/it]D:\Python\realtime_estimate_tracker\venv_bds\lib\site-packages\xgboost\training.py:200: UserWarning: [12:44:19] WARNING: C:\actions-runner\_work\xgboost\xgboost\src\learner.cc:782: 
Parameters: { "devices", "task_type" } are not used.

  bst.update(dtrain, iteration=i, fobj=obj)
                                                                                    Best trial: 13. Best value: 1.72455:  42%|████▏     | 21/50 [02:38<03:50,  7.95s/it]Best trial: 13. Best value: 1.72455:  42%|████▏     | 21/50 [02:38<03:50,  7.95s/it]Best trial: 13. Best value: 1.72455:  44%|████▍     | 22/50 [02:38<04:22,  9.36s/it]D:\Python\realtime_estimate_tracker\venv_bds\lib\site-packages\xgboost\training.py:200: UserWarning: [12:44:32] WARNING: C:\actions-runner\_work\xgboost\xgboost\src\learner.cc:782: 
Parameters: { "devices", "task_type" } are not used.

  bst.update(dtrain, iteration=i, fobj=obj)
                                                                                    Best trial: 13. Best value: 1.72455:  44%|████▍     | 22/50 [02:46<04:22,  9.36s/it]Best trial: 13. Best value: 1.72455:  44%|████▍     | 22/50 [02:46<04:22,  9.36s/it]Best trial: 13. Best value: 1.72455:  46%|████▌     | 23/50 [02:46<04:08,  9.19s/it]D:\Python\realtime_estimate_tracker\venv_bds\lib\site-packages\xgboost\training.py:200: UserWarning: [12:44:40] WARNING: C:\actions-runner\_work\xgboost\xgboost\src\learner.cc:782: 
Parameters: { "devices", "task_type" } are not used.

  bst.update(dtrain, iteration=i, fobj=obj)
                                                                                    Best trial: 13. Best value: 1.72455:  46%|████▌     | 23/50 [02:54<04:08,  9.19s/it]Best trial: 13. Best value: 1.72455:  46%|████▌     | 23/50 [02:54<04:08,  9.19s/it]Best trial: 13. Best value: 1.72455:  48%|████▊     | 24/50 [02:54<03:49,  8.81s/it]D:\Python\realtime_estimate_tracker\venv_bds\lib\site-packages\xgboost\training.py:200: UserWarning: [12:44:48] WARNING: C:\actions-runner\_work\xgboost\xgboost\src\learner.cc:782: 
Parameters: { "devices", "task_type" } are not used.

  bst.update(dtrain, iteration=i, fobj=obj)
                                                                                    Best trial: 13. Best value: 1.72455:  48%|████▊     | 24/50 [03:02<03:49,  8.81s/it]Best trial: 13. Best value: 1.72455:  48%|████▊     | 24/50 [03:02<03:49,  8.81s/it]Best trial: 13. Best value: 1.72455:  50%|█████     | 25/50 [03:02<03:33,  8.52s/it]D:\Python\realtime_estimate_tracker\venv_bds\lib\site-packages\xgboost\training.py:200: UserWarning: [12:44:56] WARNING: C:\actions-runner\_work\xgboost\xgboost\src\learner.cc:782: 
Parameters: { "devices", "task_type" } are not used.

  bst.update(dtrain, iteration=i, fobj=obj)
                                                                                    Best trial: 13. Best value: 1.72455:  50%|█████     | 25/50 [03:10<03:33,  8.52s/it]Best trial: 13. Best value: 1.72455:  50%|█████     | 25/50 [03:10<03:33,  8.52s/it]Best trial: 13. Best value: 1.72455:  52%|█████▏    | 26/50 [03:10<03:21,  8.39s/it]D:\Python\realtime_estimate_tracker\venv_bds\lib\site-packages\xgboost\training.py:200: UserWarning: [12:45:04] WARNING: C:\actions-runner\_work\xgboost\xgboost\src\learner.cc:782: 
Parameters: { "devices", "task_type" } are not used.

  bst.update(dtrain, iteration=i, fobj=obj)
                                                                                    Best trial: 13. Best value: 1.72455:  52%|█████▏    | 26/50 [03:19<03:21,  8.39s/it]Best trial: 13. Best value: 1.72455:  52%|█████▏    | 26/50 [03:19<03:21,  8.39s/it]Best trial: 13. Best value: 1.72455:  54%|█████▍    | 27/50 [03:19<03:12,  8.38s/it]D:\Python\realtime_estimate_tracker\venv_bds\lib\site-packages\xgboost\training.py:200: UserWarning: [12:45:13] WARNING: C:\actions-runner\_work\xgboost\xgboost\src\learner.cc:782: 
Parameters: { "devices", "task_type" } are not used.

  bst.update(dtrain, iteration=i, fobj=obj)
                                                                                    Best trial: 13. Best value: 1.72455:  54%|█████▍    | 27/50 [03:26<03:12,  8.38s/it]Best trial: 13. Best value: 1.72455:  54%|█████▍    | 27/50 [03:26<03:12,  8.38s/it]Best trial: 13. Best value: 1.72455:  56%|█████▌    | 28/50 [03:26<02:55,  7.99s/it]D:\Python\realtime_estimate_tracker\venv_bds\lib\site-packages\xgboost\training.py:200: UserWarning: [12:45:20] WARNING: C:\actions-runner\_work\xgboost\xgboost\src\learner.cc:782: 
Parameters: { "devices", "task_type" } are not used.

  bst.update(dtrain, iteration=i, fobj=obj)
                                                                                    Best trial: 13. Best value: 1.72455:  56%|█████▌    | 28/50 [03:31<02:55,  7.99s/it]Best trial: 13. Best value: 1.72455:  56%|█████▌    | 28/50 [03:31<02:55,  7.99s/it]Best trial: 13. Best value: 1.72455:  58%|█████▊    | 29/50 [03:31<02:29,  7.12s/it]D:\Python\realtime_estimate_tracker\venv_bds\lib\site-packages\xgboost\training.py:200: UserWarning: [12:45:25] WARNING: C:\actions-runner\_work\xgboost\xgboost\src\learner.cc:782: 
Parameters: { "devices", "task_type" } are not used.

  bst.update(dtrain, iteration=i, fobj=obj)
                                                                                    Best trial: 13. Best value: 1.72455:  58%|█████▊    | 29/50 [03:35<02:29,  7.12s/it]Best trial: 13. Best value: 1.72455:  58%|█████▊    | 29/50 [03:35<02:29,  7.12s/it]Best trial: 13. Best value: 1.72455:  60%|██████    | 30/50 [03:35<02:05,  6.25s/it]D:\Python\realtime_estimate_tracker\venv_bds\lib\site-packages\xgboost\training.py:200: UserWarning: [12:45:29] WARNING: C:\actions-runner\_work\xgboost\xgboost\src\learner.cc:782: 
Parameters: { "devices", "task_type" } are not used.

  bst.update(dtrain, iteration=i, fobj=obj)
                                                                                    Best trial: 13. Best value: 1.72455:  60%|██████    | 30/50 [03:44<02:05,  6.25s/it]Best trial: 13. Best value: 1.72455:  60%|██████    | 30/50 [03:44<02:05,  6.25s/it]Best trial: 13. Best value: 1.72455:  62%|██████▏   | 31/50 [03:44<02:13,  7.00s/it]D:\Python\realtime_estimate_tracker\venv_bds\lib\site-packages\xgboost\training.py:200: UserWarning: [12:45:38] WARNING: C:\actions-runner\_work\xgboost\xgboost\src\learner.cc:782: 
Parameters: { "devices", "task_type" } are not used.

  bst.update(dtrain, iteration=i, fobj=obj)
                                                                                    Best trial: 13. Best value: 1.72455:  62%|██████▏   | 31/50 [03:52<02:13,  7.00s/it]Best trial: 13. Best value: 1.72455:  62%|██████▏   | 31/50 [03:52<02:13,  7.00s/it]Bes