[I 2026-03-28 22:03:21,669] Trial 49 finished with value: 1.9311224202300548 and parameters: {'n_estimators': 356, 'learning_rate': 0.06345667394360578, 'max_depth': 14, 'subsample': 0.8624835212162765, 'colsample_bytree': 0.8234347128423858, 'min_child_weight': 2}. Best is trial 44 with value: 1.9037941489331391.
✅ Tham số tối ưu nhất từ Optuna: {'n_estimators': 343, 'learning_rate': 0.05370806358654012, 'max_depth': 15, 'subsample': 0.7783641774043887, 'colsample_bytree': 0.909715368802884, 'min_child_weight': 1}
MAE của mô hình XGBoost: 1.9269
R² của mô hình XGBoost: 0.9027
🥊 Đang so sánh... Champion MAE: 1.6245 vs Challenger MAE: 1.9269
🛡️ Champion bảo vệ ngôi vương. Giữ nguyên mô hình cũ.
[Sat 03/28/2026 22:03:25.02] [4/4] Dang dong bo AI Model (qua LFS) len GitHub... 
[main b25d59e] Auto-update AI Model: Sat 03/28/2026 22:03:27.03
 2 files changed, 344 insertions(+)
remote: This repository moved. Please use the new location:        
remote:   https://github.com/HieuNT316/hanoi-house-price-prediction.git        
To https://github.com/Alexus143/hanoi-house-price-prediction.git
   1d1975c..b25d59e  main -> main
========================================= 
[Sun 03/29/2026 22:00:02.73] [1/4] Dang cao chi tiet BĐS... 
🔍 Đang cấu hình Database với: postgres.kkwivuufxdewurmxtsto@aws-1-ap-southeast-1.pooler.supabase.com:5432/postgres

[DetailSpider] Khởi động luồng làm giàu dữ liệu (Limit: 50 bài/lượt)...
✅ Đã kết nối thành công tới PostgreSQL.
[Browser] Đang khởi tạo trình duyệt...
[Browser] Phát hiện Chrome (Windows): Version 139

[DetailSpider] Đang cào (1/27): https://batdongsan.com.vn/ban-can-ho-chung-cu-duong-quang-trung-phuong-la-khe-khu-do-thi-van-la-van-khe/ban-cc-tai-908-80-trieu-61m2-2pn-2wc-noi-that-co-ban-uy-tin-chi-voi-pr45337720
  -> Lấy được 3/6 feature chi tiết.

[DetailSpider] Đang cào (2/27): https://batdongsan.com.vn/ban-can-ho-chung-cu-phuong-mo-lao-thap-doi-kepler-land/chinh-chu-ban-b09-toa-hh1-gia-tot-nhat-thi-truong-85m-2pn-2vs-lh-pr44863026
  -> Lấy được 2/6 feature chi tiết.

[DetailSpider] Đang cào (3/27): https://batdongsan.com.vn/ban-can-ho-chung-cu-phuong-phu-lam-1-the-vesta/ban-cc-67m2-gan-h-ai-nam-200m-pr45413865
  -> Lấy được 3/6 feature chi tiết.

[DetailSpider] Đang cào (4/27): https://batdongsan.com.vn/ban-can-ho-chung-cu-phuong-phu-luong-3/ban-2pn-tai-k-t-thanh-ha-ha-ong-pr45426087
  -> Lấy được 3/6 feature chi tiết.

[DetailSpider] Đang cào (5/27): https://batdongsan.com.vn/ban-dat-duong-to-hieu-phuong-kien-hung-15/ban-at-gan-ha-ong-55m2-lo-goc-mat-tien-5m3-canh-oto-dung-o-chua-en-7ty-lhcc-pr45425726
  -> Lấy được 3/6 feature chi tiết.

[DetailSpider] Đang cào (6/27): https://batdongsan.com.vn/ban-nha-rieng-duong-quang-trung-phuong-quang-trung-17-samsora-premier/so-o-chinh-chu-khu-at-gan-nut-giao-vanh-ai-4-voi-quoc-lo-6-pr45425671
  -> Lấy được 6/6 feature chi tiết.

[DetailSpider] Đang cào (7/27): https://batdongsan.com.vn/ban-can-ho-chung-cu-duong-19-5-1-phuong-van-quan-rainbow-building/chinh-chu-ban-3pn-120m2-tai-gia-tri-ben-vung-pr45425320
  -> Lấy được 2/6 feature chi tiết.

[DetailSpider] Đang cào (8/27): https://batdongsan.com.vn/ban-nha-rieng-phuong-dong-mai-1/ban-10can-ep-5tang-dt30m2-32m2-38m2-40m2-45m2-gia-chi-tu-3-8ty-oto-o-ngay-gan-bx-yennghia-pr45395368
  -> Lấy được 4/6 feature chi tiết.

[DetailSpider] Đang cào (9/27): https://batdongsan.com.vn/ban-can-ho-chung-cu-duong-to-huu-phuong-la-khe-the-pride/3pn-2wc-tai-gia-tot-6-5-ty-95m2-ha-ong-ha-noi-pr45370597
  -> Lấy được 3/6 feature chi tiết.

[DetailSpider] Đang cào (10/27): https://batdongsan.com.vn/ban-dat-duong-nghia-lo-phuong-yen-nghia-1-15/ban-at-sieu-hiem-tai-135-trieu-42-m2-o-to-o-pr45420945
  -> Lấy được 3/6 feature chi tiết.

[DetailSpider] Đang cào (11/27): https://batdongsan.com.vn/ban-nha-rieng-duong-mau-luong-phuong-kien-hung-15/ban-tai-ngo-60-8-95-ty-37-1-m2-gia-cuc-chat-pr45420547
  -> Lấy được 4/6 feature chi tiết.

[DetailSpider] Đang cào (12/27): https://batdongsan.com.vn/ban-can-ho-chung-cu-phuong-mo-lao-seasons-avenue/giat-minh-gia-3pn-2vs-chi-9-2-ty-x-tieu-hoc-co-slot-o-to-lh-pr45420223
  -> Lấy được 2/6 feature chi tiết.

[DetailSpider] Đang cào (13/27): https://batdongsan.com.vn/ban-can-ho-chung-cu-pho-nguyen-thanh-binh-phuong-duong-noi-khu-do-thi-moi-duong-noi/chinh-chu-ban-gap-ct7e-k-t-ha-ong-ha-noi-pr45420052
  -> Lấy được 3/6 feature chi tiết.

[DetailSpider] Đang cào (14/27): https://batdongsan.com.vn/ban-nha-rieng-duong-quoc-lo-6-phuong-bien-giang-15/mo-ban-15-can-gia-f0-dt-30m2-45m2-xay-4-5-tang-gan-ql6-ha-ong-gia-chi-hon-3-ty-pr45419299
  -> Lấy được 3/6 feature chi tiết.

[DetailSpider] Đang cào (15/27): https://batdongsan.com.vn/ban-can-ho-chung-cu-duong-le-trong-tan-phuong-duong-noi-an-binh-homeland/duplex-tai-khu-c-gleximco-ha-ong-gia-8x-trieu-m2-pr45410952
  -> Lấy được 3/6 feature chi tiết.

[DetailSpider] Đang cào (16/27): https://batdongsan.com.vn/ban-nha-mat-pho-duong-van-quan-phuong-van-quan-15/ban-ha-ong-118m-x-7-tang-2-sam-uat-kinh-doanh-cuc-tot-gia-chi-28-ty-pr45418221
  -> Lấy được 5/6 feature chi tiết.

[DetailSpider] Đang cào (17/27): https://batdongsan.com.vn/ban-can-ho-chung-cu-phuong-duong-noi-the-sparks/ban-full-do-3pn-2wc-110-5m2-tai-kdt-ha-dong-pr44755139
  -> Lấy được 3/6 feature chi tiết.

[DetailSpider] Đang cào (18/27): https://batdongsan.com.vn/ban-nha-mat-pho-duong-nguyen-khuyen-phuong-van-quan-15/truc-ha-ong-79-85m2-x-8-tang-full-noi-that-full-pccc-tu-ong-pr45418350
  -> Lấy được 5/6 feature chi tiết.

[DetailSpider] Đang cào (19/27): https://batdongsan.com.vn/ban-nha-mat-pho-phuong-phuc-la-khu-do-thi-moi-van-quan/ban-nguyen-khuyen-uong-36m-vi-tri-kinh-doanh-bat-chap-90m2-gia-46-ty-pr45232769
  -> Lấy được 3/6 feature chi tiết.

[DetailSpider] Đang cào (20/27): https://batdongsan.com.vn/ban-nha-biet-thu-lien-ke-duong-le-trong-tan-phuong-duong-noi-khu-do-thi-geleximco-le-trong-tan/ban-lk-mat-chinh-chung-cu-an-binh-home-land-dt-108m2-mt-6m-hoan-thien-ep-gia-29-5-ty-pr45417446
  -> Lấy được 1/6 feature chi tiết.

[DetailSpider] Đang cào (21/27): https://batdongsan.com.vn/ban-nha-biet-thu-lien-ke-duong-to-huu-phuong-duong-noi-an-vuong-villa/ban-can-goc-3-mat-thoang-villas-nam-cuong-dtich-248m2-so-san-canh-ho-cong-vien-pr41810412
  -> Lấy được 1/6 feature chi tiết.

[DetailSpider] Đang cào (22/27): https://batdongsan.com.vn/ban-can-ho-chung-cu-phuong-yen-nghia-1-khu-nha-o-bo-tu-lenh-thu-do-ha-noi/ban-tai-3-55-ty-67-m2-2-ngu-pr43730524
  -> Lấy được 1/6 feature chi tiết.

[DetailSpider] Đang cào (23/27): https://batdongsan.com.vn/ban-shophouse-nha-pho-thuong-mai-duong-to-huu-phuong-la-khe-anland-complex/chan-de-tang-1-2-toa-complex-pr44652571
  -> Lấy được 3/6 feature chi tiết.

[DetailSpider] Đang cào (24/27): https://batdongsan.com.vn/ban-nha-biet-thu-lien-ke-phuong-phuc-la-khu-do-thi-moi-van-quan/ban-k-t-ha-ong-68m-4-5-tang-gia-23-5-ty-pr45306570
  -> Lấy được 1/6 feature chi tiết.

[DetailSpider] Đang cào (25/27): https://batdongsan.com.vn/ban-nha-biet-thu-lien-ke-phuong-phu-la-khu-do-thi-moi-van-phu/hang-ngon-sieu-pham-thang-may-mat-truc-chinh-kinh-doanh-dt105m-5-tang-mt5m-pr45414601
  -> Lấy được 4/6 feature chi tiết.

[DetailSpider] Đang cào (26/27): https://batdongsan.com.vn/ban-can-ho-chung-cu-duong-tran-phu-phuong-mo-lao-ho-guom-plaza/chinh-chu-ban-nhanh-cao-cap-thap-a-146m-3-ngu-2vs-2bc-cc-mien-trung-gian-pr45238613
  -> Lấy được 3/6 feature chi tiết.

[DetailSpider] Đang cào (27/27): https://batdongsan.com.vn/ban-nha-rieng-duong-yen-lo-phuong-yen-nghia-1-15/toi-can-ban-5-tang-50-6m-thang-may-ngo-rong-do-o-to-quanh-nam-dep-nhat-khu-vuc-pr44752142
  -> Lấy được 6/6 feature chi tiết.

[DetailSpider] Hoàn thành. Cập nhật thành công 27/27 bài đăng.
[Sun 03/29/2026 22:07:02.83] [2/4] Dang clean du lieu... 
🔍 Đang cấu hình Database với: postgres.kkwivuufxdewurmxtsto@aws-1-ap-southeast-1.pooler.supabase.com:5432/postgres
✅ Đã kết nối thành công tới PostgreSQL.
🔄 Upsert thành công 5520 bản ghi vào 'bds_hadong'.
✅ Đã cập nhật cột legal_status và furniture thành công.
[Sun 03/29/2026 22:07:32.57] [3/4] Dang huan luyen AI tren du lieu moi... 
🔍 Đang cấu hình Database với: postgres.kkwivuufxdewurmxtsto@aws-1-ap-southeast-1.pooler.supabase.com:5432/postgres
[I 2026-03-29 22:07:57,585] A new study created in memory with name: no-name-fdcf35d5-61d7-4ef3-bb4c-bc011fb6d2d2
✅ Đã kết nối thành công tới PostgreSQL.
  0%|          | 0/50 [00:00<?, ?it/s]D:\Python\realtime_estimate_tracker\venv_bds\lib\site-packages\xgboost\training.py:200: UserWarning: [22:07:58] WARNING: C:\actions-runner\_work\xgboost\xgboost\src\learner.cc:782: 
Parameters: { "devices", "task_type" } are not used.

  bst.update(dtrain, iteration=i, fobj=obj)
                                        0%|          | 0/50 [00:03<?, ?it/s]Best trial: 0. Best value: 1.89508:   0%|          | 0/50 [00:03<?, ?it/s]Best trial: 0. Best value: 1.89508:   2%|▏         | 1/50 [00:03<02:30,  3.07s/it]D:\Python\realtime_estimate_tracker\venv_bds\lib\site-packages\xgboost\training.py:200: UserWarning: [22:08:00] WARNING: C:\actions-runner\_work\xgboost\xgboost\src\learner.cc:782: 
Parameters: { "devices", "task_type" } are not used.

  bst.update(dtrain, iteration=i, fobj=obj)
                                                                                  Best trial: 0. Best value: 1.89508:   2%|▏         | 1/50 [00:05<02:30,  3.07s/it]Best trial: 0. Best value: 1.89508:   2%|▏         | 1/50 [00:05<02:30,  3.07s/it]Best trial: 0. Best value: 1.89508:   4%|▍         | 2/50 [00:05<02:17,  2.87s/it]D:\Python\realtime_estimate_tracker\venv_bds\lib\site-packages\xgboost\training.py:200: UserWarning: [22:08:03] WARNING: C:\actions-runner\_work\xgboost\xgboost\src\learner.cc:782: 
Parameters: { "devices", "task_type" } are not used.

  bst.update(dtrain, iteration=i, fobj=obj)
                                                                                  Best trial: 0. Best value: 1.89508:   4%|▍         | 2/50 [00:06<02:17,  2.87s/it]Best trial: 0. Best value: 1.89508:   4%|▍         | 2/50 [00:06<02:17,  2.87s/it]Best trial: 0. Best value: 1.89508:   6%|▌         | 3/50 [00:06<01:31,  1.95s/it]D:\Python\realtime_estimate_tracker\venv_bds\lib\site-packages\xgboost\training.py:200: UserWarning: [22:08:04] WARNING: C:\actions-runner\_work\xgboost\xgboost\src\learner.cc:782: 
Parameters: { "devices", "task_type" } are not used.

  bst.update(dtrain, iteration=i, fobj=obj)
                                                                                  Best trial: 0. Best value: 1.89508:   6%|▌         | 3/50 [00:09<01:31,  1.95s/it]Best trial: 0. Best value: 1.89508:   6%|▌         | 3/50 [00:09<01:31,  1.95s/it]Best trial: 0. Best value: 1.89508:   8%|▊         | 4/50 [00:09<01:41,  2.20s/it]D:\Python\realtime_estimate_tracker\venv_bds\lib\site-packages\xgboost\training.py:200: UserWarning: [22:08:06] WARNING: C:\actions-runner\_work\xgboost\xgboost\src\learner.cc:782: 
Parameters: { "devices", "task_type" } are not used.

  bst.update(dtrain, iteration=i, fobj=obj)
                                                                                  Best trial: 0. Best value: 1.89508:   8%|▊         | 4/50 [00:13<01:41,  2.20s/it]Best trial: 4. Best value: 1.8884:   8%|▊         | 4/50 [00:13<01:41,  2.20s/it] Best trial: 4. Best value: 1.8884:  10%|█         | 5/50 [00:13<02:07,  2.84s/it]D:\Python\realtime_estimate_tracker\venv_bds\lib\site-packages\xgboost\training.py:200: UserWarning: [22:08:10] WARNING: C:\actions-runner\_work\xgboost\xgboost\src\learner.cc:782: 
Parameters: { "devices", "task_type" } are not used.

  bst.update(dtrain, iteration=i, fobj=obj)
                                                                                 Best trial: 4. Best value: 1.8884:  10%|█         | 5/50 [00:16<02:07,  2.84s/it]Best trial: 4. Best value: 1.8884:  10%|█         | 5/50 [00:16<02:07,  2.84s/it]Best trial: 4. Best value: 1.8884:  12%|█▏        | 6/50 [00:16<02:06,  2.88s/it]D:\Python\realtime_estimate_tracker\venv_bds\lib\site-packages\xgboost\training.py:200: UserWarning: [22:08:13] WARNING: C:\actions-runner\_work\xgboost\xgboost\src\learner.cc:782: 
Parameters: { "devices", "task_type" } are not used.

  bst.update(dtrain, iteration=i, fobj=obj)
                                                                                 Best trial: 4. Best value: 1.8884:  12%|█▏        | 6/50 [00:20<02:06,  2.88s/it]Best trial: 6. Best value: 1.75222:  12%|█▏        | 6/50 [00:20<02:06,  2.88s/it]Best trial: 6. Best value: 1.75222:  14%|█▍        | 7/50 [00:20<02:19,  3.24s/it]D:\Python\realtime_estimate_tracker\venv_bds\lib\site-packages\xgboost\training.py:200: UserWarning: [22:08:17] WARNING: C:\actions-runner\_work\xgboost\xgboost\src\learner.cc:782: 
Parameters: { "devices", "task_type" } are not used.

  bst.update(dtrain, iteration=i, fobj=obj)
                                                                                  Best trial: 6. Best value: 1.75222:  14%|█▍        | 7/50 [00:21<02:19,  3.24s/it]Best trial: 6. Best value: 1.75222:  14%|█▍        | 7/50 [00:21<02:19,  3.24s/it]Best trial: 6. Best value: 1.75222:  16%|█▌        | 8/50 [00:21<01:50,  2.62s/it]D:\Python\realtime_estimate_tracker\venv_bds\lib\site-packages\xgboost\training.py:200: UserWarning: [22:08:19] WARNING: C:\actions-runner\_work\xgboost\xgboost\src\learner.cc:782: 
Parameters: { "devices", "task_type" } are not used.

  bst.update(dtrain, iteration=i, fobj=obj)
                                                                                  Best trial: 6. Best value: 1.75222:  16%|█▌        | 8/50 [00:24<01:50,  2.62s/it]Best trial: 6. Best value: 1.75222:  16%|█▌        | 8/50 [00:24<01:50,  2.62s/it]Best trial: 6. Best value: 1.75222:  18%|█▊        | 9/50 [00:24<01:47,  2.63s/it]D:\Python\realtime_estimate_tracker\venv_bds\lib\site-packages\xgboost\training.py:200: UserWarning: [22:08:21] WARNING: C:\actions-runner\_work\xgboost\xgboost\src\learner.cc:782: 
Parameters: { "devices", "task_type" } are not used.

  bst.update(dtrain, iteration=i, fobj=obj)
                                                                                  Best trial: 6. Best value: 1.75222:  18%|█▊        | 9/50 [00:26<01:47,  2.63s/it]Best trial: 6. Best value: 1.75222:  18%|█▊        | 9/50 [00:26<01:47,  2.63s/it]Best trial: 6. Best value: 1.75222:  20%|██        | 10/50 [00:26<01:39,  2.48s/it]D:\Python\realtime_estimate_tracker\venv_bds\lib\site-packages\xgboost\training.py:200: UserWarning: [22:08:23] WARNING: C:\actions-runner\_work\xgboost\xgboost\src\learner.cc:782: 
Parameters: { "devices", "task_type" } are not used.

  bst.update(dtrain, iteration=i, fobj=obj)
                                                                                   Best trial: 6. Best value: 1.75222:  20%|██        | 10/50 [00:30<01:39,  2.48s/it]Best trial: 6. Best value: 1.75222:  20%|██        | 10/50 [00:30<01:39,  2.48s/it]Best trial: 6. Best value: 1.75222:  22%|██▏       | 11/50 [00:30<02:03,  3.15s/it]D:\Python\realtime_estimate_tracker\venv_bds\lib\site-packages\xgboost\training.py:200: UserWarning: [22:08:28] WARNING: C:\actions-runner\_work\xgboost\xgboost\src\learner.cc:782: 
Parameters: { "devices", "task_type" } are not used.

  bst.update(dtrain, iteration=i, fobj=obj)
                                                                                   Best trial: 6. Best value: 1.75222:  22%|██▏       | 11/50 [00:35<02:03,  3.15s/it]Best trial: 6. Best value: 1.75222:  22%|██▏       | 11/50 [00:35<02:03,  3.15s/it]Best trial: 6. Best value: 1.75222:  24%|██▍       | 12/50 [00:35<02:18,  3.65s/it]D:\Python\realtime_estimate_tracker\venv_bds\lib\site-packages\xgboost\training.py:200: UserWarning: [22:08:33] WARNING: C:\actions-runner\_work\xgboost\xgboost\src\learner.cc:782: 
Parameters: { "devices", "task_type" } are not used.

  bst.update(dtrain, iteration=i, fobj=obj)
                                                                                   Best trial: 6. Best value: 1.75222:  24%|██▍       | 12/50 [00:39<02:18,  3.65s/it]Best trial: 6. Best value: 1.75222:  24%|██▍       | 12/50 [00:39<02:18,  3.65s/it]Best trial: 6. Best value: 1.75222:  26%|██▌       | 13/50 [00:39<02:12,  3.59s/it]D:\Python\realtime_estimate_tracker\venv_bds\lib\site-packages\xgboost\training.py:200: UserWarning: [22:08:36] WARNING: C:\actions-runner\_work\xgboost\xgboost\src\learner.cc:782: 
Parameters: { "devices", "task_type" } are not used.

  bst.update(dtrain, iteration=i, fobj=obj)
                                                                                   Best trial: 6. Best value: 1.75222:  26%|██▌       | 13/50 [00:41<02:12,  3.59s/it]Best trial: 6. Best value: 1.75222:  26%|██▌       | 13/50 [00:41<02:12,  3.59s/it]Best trial: 6. Best value: 1.75222:  28%|██▊       | 14/50 [00:41<01:50,  3.07s/it]D:\Python\realtime_estimate_tracker\venv_bds\lib\site-packages\xgboost\training.py:200: UserWarning: [22:08:38] WARNING: C:\actions-runner\_work\xgboost\xgboost\src\learner.cc:782: 
Parameters: { "devices", "task_type" } are not used.

  bst.update(dtrain, iteration=i, fobj=obj)
                                                                                   Best trial: 6. Best value: 1.75222:  28%|██▊       | 14/50 [00:45<01:50,  3.07s/it]Best trial: 6. Best value: 1.75222:  28%|██▊       | 14/50 [00:45<01:50,  3.07s/it]Best trial: 6. Best value: 1.75222:  30%|███       | 15/50 [00:45<02:05,  3.59s/it]D:\Python\realtime_estimate_tracker\venv_bds\lib\site-packages\xgboost\training.py:200: UserWarning: [22:08:43] WARNING: C:\actions-runner\_work\xgboost\xgboost\src\learner.cc:782: 
Parameters: { "devices", "task_type" } are not used.

  bst.update(dtrain, iteration=i, fobj=obj)
                                                                                   Best trial: 6. Best value: 1.75222:  30%|███       | 15/50 [00:51<02:05,  3.59s/it]Best trial: 6. Best value: 1.75222:  30%|███       | 15/50 [00:51<02:05,  3.59s/it]Best trial: 6. Best value: 1.75222:  32%|███▏      | 16/50 [00:51<02:21,  4.17s/it]D:\Python\realtime_estimate_tracker\venv_bds\lib\site-packages\xgboost\training.py:200: UserWarning: [22:08:48] WARNING: C:\actions-runner\_work\xgboost\xgboost\src\learner.cc:782: 
Parameters: { "devices", "task_type" } are not used.

  bst.update(dtrain, iteration=i, fobj=obj)
                                                                                   Best trial: 6. Best value: 1.75222:  32%|███▏      | 16/50 [00:55<02:21,  4.17s/it]Best trial: 6. Best value: 1.75222:  32%|███▏      | 16/50 [00:55<02:21,  4.17s/it]Best trial: 6. Best value: 1.75222:  34%|███▍      | 17/50 [00:55<02:19,  4.23s/it]D:\Python\realtime_estimate_tracker\venv_bds\lib\site-packages\xgboost\training.py:200: UserWarning: [22:08:53] WARNING: C:\actions-runner\_work\xgboost\xgboost\src\learner.cc:782: 
Parameters: { "devices", "task_type" } are not used.

  bst.update(dtrain, iteration=i, fobj=obj)
                                                                                   Best trial: 6. Best value: 1.75222:  34%|███▍      | 17/50 [01:00<02:19,  4.23s/it]Best trial: 6. Best value: 1.75222:  34%|███▍      | 17/50 [01:00<02:19,  4.23s/it]Best trial: 6. Best value: 1.75222:  36%|███▌      | 18/50 [01:00<02:19,  4.36s/it]D:\Python\realtime_estimate_tracker\venv_bds\lib\site-packages\xgboost\training.py:200: UserWarning: [22:08:58] WARNING: C:\actions-runner\_work\xgboost\xgboost\src\learner.cc:782: 
Parameters: { "devices", "task_type" } are not used.

  bst.update(dtrain, iteration=i, fobj=obj)
                                                                                   Best trial: 6. Best value: 1.75222:  36%|███▌      | 18/50 [01:02<02:19,  4.36s/it]Best trial: 6. Best value: 1.75222:  36%|███▌      | 18/50 [01:02<02:19,  4.36s/it]Best trial: 6. Best value: 1.75222:  38%|███▊      | 19/50 [01:02<01:58,  3.82s/it]D:\Python\realtime_estimate_tracker\venv_bds\lib\site-packages\xgboost\training.py:200: UserWarning: [22:09:00] WARNING: C:\actions-runner\_work\xgboost\xgboost\src\learner.cc:782: 
Parameters: { "devices", "task_type" } are not used.

  bst.update(dtrain, iteration=i, fobj=obj)
                                                                                   Best trial: 6. Best value: 1.75222:  38%|███▊      | 19/50 [01:06<01:58,  3.82s/it]Best trial: 6. Best value: 1.75222:  38%|███▊      | 19/50 [01:06<01:58,  3.82s/it]Best trial: 6. Best value: 1.75222:  40%|████      | 20/50 [01:06<01:48,  3.60s/it]D:\Python\realtime_estimate_tracker\venv_bds\lib\site-packages\xgboost\training.py:200: UserWarning: [22:09:03] WARNING: C:\actions-runner\_work\xgboost\xgboost\src\learner.cc:782: 
Parameters: { "devices", "task_type" } are not used.

  bst.update(dtrain, iteration=i, fobj=obj)
                                                                                   Best trial: 6. Best value: 1.75222:  40%|████      | 20/50 [01:09<01:48,  3.60s/it]Best trial: 6. Best value: 1.75222:  40%|████      | 20/50 [01:09<01:48,  3.60s/it]Best trial: 6. Best value: 1.75222:  42%|████▏     | 21/50 [01:09<01:41,  3.51s/it]D:\Python\realtime_estimate_tracker\venv_bds\lib\site-packages\xgboost\training.py:200: UserWarning: [22:09:06] WARNING: C:\actions-runner\_work\xgboost\xgboost\src\learner.cc:782: 
Parameters: { "devices", "task_type" } are not used.

  bst.update(dtrain, iteration=i, fobj=obj)
                                                                                   Best trial: 6. Best value: 1.75222:  42%|████▏     | 21/50 [01:15<01:41,  3.51s/it]Best trial: 6. Best value: 1.75222:  42%|████▏     | 21/50 [01:15<01:41,  3.51s/it]Best trial: 6. Best value: 1.75222:  44%|████▍     | 22/50 [01:15<02:02,  4.38s/it]D:\Python\realtime