[I 2026-03-25 22:06:39,564] Trial 0 finished with value: 1.8039402773283757 and parameters: {'n_estimators': 368, 'learning_rate': 0.030841938062564796, 'max_depth': 11, 'subsample': 0.6613861877200128, 'colsample_bytree': 0.7585751567272875, 'min_child_weight': 5}. Best is trial 0 with value: 1.8039402773283757.
[I 2026-03-25 22:06:43,851] Trial 1 finished with value: 1.8146757571756402 and parameters: {'n_estimators': 1336, 'learning_rate': 0.012445968818513144, 'max_depth': 15, 'subsample': 0.6500756078792225, 'colsample_bytree': 0.6426795661337655, 'min_child_weight': 9}. Best is trial 0 with value: 1.8039402773283757.
[I 2026-03-25 22:06:44,746] Trial 2 finished with value: 1.9282710559791585 and parameters: {'n_estimators': 389, 'learning_rate': 0.02065223211296992, 'max_depth': 7, 'subsample': 0.9650910962789524, 'colsample_bytree': 0.8452716434751735, 'min_child_weight': 5}. Best is trial 0 with value: 1.8039402773283757.
[I 2026-03-25 22:06:46,009] Trial 3 finished with value: 1.9274488021870981 and parameters: {'n_estimators': 666, 'learning_rate': 0.055986651795799654, 'max_depth': 5, 'subsample': 0.6651669227800998, 'colsample_bytree': 0.8500589777170136, 'min_child_weight': 9}. Best is trial 0 with value: 1.8039402773283757.
[I 2026-03-25 22:06:48,477] Trial 4 finished with value: 1.7278924190414573 and parameters: {'n_estimators': 817, 'learning_rate': 0.06331924109621612, 'max_depth': 12, 'subsample': 0.6059283832302347, 'colsample_bytree': 0.9996485468012568, 'min_child_weight': 5}. Best is trial 4 with value: 1.7278924190414573.
[I 2026-03-25 22:06:52,449] Trial 5 finished with value: 1.796649201677981 and parameters: {'n_estimators': 1476, 'learning_rate': 0.007937484766178008, 'max_depth': 9, 'subsample': 0.8956853517717385, 'colsample_bytree': 0.9398273898921987, 'min_child_weight': 5}. Best is trial 4 with value: 1.7278924190414573.
[I 2026-03-25 22:06:56,018] Trial 6 finished with value: 1.7529853662359038 and parameters: {'n_estimators': 1428, 'learning_rate': 0.02085007652017221, 'max_depth': 8, 'subsample': 0.8185421322339951, 'colsample_bytree': 0.9996465842090416, 'min_child_weight': 3}. Best is trial 4 with value: 1.7278924190414573.
[I 2026-03-25 22:06:59,963] Trial 7 finished with value: 1.7444480326628586 and parameters: {'n_estimators': 1401, 'learning_rate': 0.03139504576508819, 'max_depth': 11, 'subsample': 0.732293439232186, 'colsample_bytree': 0.9025526316564598, 'min_child_weight': 6}. Best is trial 4 with value: 1.7278924190414573.
[I 2026-03-25 22:07:02,425] Trial 8 finished with value: 2.0618545037378495 and parameters: {'n_estimators': 1212, 'learning_rate': 0.013069678175661938, 'max_depth': 5, 'subsample': 0.8648928489956613, 'colsample_bytree': 0.6940672056156612, 'min_child_weight': 6}. Best is trial 4 with value: 1.7278924190414573.
[I 2026-03-25 22:07:04,142] Trial 9 finished with value: 1.866138033763951 and parameters: {'n_estimators': 811, 'learning_rate': 0.025160982306848625, 'max_depth': 7, 'subsample': 0.6488601092080929, 'colsample_bytree': 0.8136956873897012, 'min_child_weight': 10}. Best is trial 4 with value: 1.7278924190414573.
[I 2026-03-25 22:07:08,761] Trial 10 finished with value: 1.7767921180525506 and parameters: {'n_estimators': 1055, 'learning_rate': 0.08124215807924343, 'max_depth': 14, 'subsample': 0.6019758869477354, 'colsample_bytree': 0.9844793331637679, 'min_child_weight': 1}. Best is trial 4 with value: 1.7278924190414573.
[I 2026-03-25 22:07:11,500] Trial 11 finished with value: 1.741066676759709 and parameters: {'n_estimators': 899, 'learning_rate': 0.04747366665543694, 'max_depth': 12, 'subsample': 0.7456356933506723, 'colsample_bytree': 0.9096685883789066, 'min_child_weight': 7}. Best is trial 4 with value: 1.7278924190414573.
[I 2026-03-25 22:07:13,847] Trial 12 finished with value: 1.727013300235459 and parameters: {'n_estimators': 714, 'learning_rate': 0.049155376843835585, 'max_depth': 13, 'subsample': 0.7449118875699515, 'colsample_bytree': 0.9008026734271743, 'min_child_weight': 7}. Best is trial 12 with value: 1.727013300235459.
[I 2026-03-25 22:07:16,047] Trial 13 finished with value: 1.757724127041999 and parameters: {'n_estimators': 599, 'learning_rate': 0.09061906975183194, 'max_depth': 13, 'subsample': 0.7409788046647954, 'colsample_bytree': 0.9561728787187173, 'min_child_weight': 3}. Best is trial 12 with value: 1.727013300235459.
[I 2026-03-25 22:07:18,218] Trial 14 finished with value: 1.7153546032129574 and parameters: {'n_estimators': 670, 'learning_rate': 0.053837256018898064, 'max_depth': 13, 'subsample': 0.7770045390116671, 'colsample_bytree': 0.8874234038326579, 'min_child_weight': 8}. Best is trial 14 with value: 1.7153546032129574.
[I 2026-03-25 22:07:20,347] Trial 15 finished with value: 1.7220784221106948 and parameters: {'n_estimators': 594, 'learning_rate': 0.041786379509924476, 'max_depth': 15, 'subsample': 0.8059583796200089, 'colsample_bytree': 0.888569448041917, 'min_child_weight': 8}. Best is trial 14 with value: 1.7153546032129574.
[I 2026-03-25 22:07:22,176] Trial 16 finished with value: 1.769004477958339 and parameters: {'n_estimators': 518, 'learning_rate': 0.039180193068987804, 'max_depth': 15, 'subsample': 0.8108281461581429, 'colsample_bytree': 0.7669567839348369, 'min_child_weight': 8}. Best is trial 14 with value: 1.7153546032129574.
[I 2026-03-25 22:07:25,459] Trial 17 finished with value: 1.733401488150246 and parameters: {'n_estimators': 1044, 'learning_rate': 0.0687941102225282, 'max_depth': 14, 'subsample': 0.8830616810109378, 'colsample_bytree': 0.8594261384492217, 'min_child_weight': 10}. Best is trial 14 with value: 1.7153546032129574.
[I 2026-03-25 22:07:27,067] Trial 18 finished with value: 1.7462361336171572 and parameters: {'n_estimators': 435, 'learning_rate': 0.03870371001723181, 'max_depth': 15, 'subsample': 0.937146894995406, 'colsample_bytree': 0.7862941685465175, 'min_child_weight': 8}. Best is trial 14 with value: 1.7153546032129574.
[I 2026-03-25 22:07:28,585] Trial 19 finished with value: 1.8770686293485397 and parameters: {'n_estimators': 543, 'learning_rate': 0.014195332630075495, 'max_depth': 10, 'subsample': 0.8015903421229601, 'colsample_bytree': 0.6902246881200225, 'min_child_weight': 8}. Best is trial 14 with value: 1.7153546032129574.
[I 2026-03-25 22:07:31,814] Trial 20 finished with value: 1.765297887964687 and parameters: {'n_estimators': 1012, 'learning_rate': 0.09602364148866786, 'max_depth': 13, 'subsample': 0.8549464146957768, 'colsample_bytree': 0.8696287010343059, 'min_child_weight': 7}. Best is trial 14 with value: 1.7153546032129574.
[I 2026-03-25 22:07:34,070] Trial 21 finished with value: 1.7287218378631488 and parameters: {'n_estimators': 689, 'learning_rate': 0.047875237958047455, 'max_depth': 13, 'subsample': 0.7714243955729447, 'colsample_bytree': 0.9053425386641655, 'min_child_weight': 7}. Best is trial 14 with value: 1.7153546032129574.
[I 2026-03-25 22:07:36,694] Trial 22 finished with value: 1.8517642007465496 and parameters: {'n_estimators': 742, 'learning_rate': 0.005096187641342904, 'max_depth': 14, 'subsample': 0.7045512276420675, 'colsample_bytree': 0.9377422564391605, 'min_child_weight': 9}. Best is trial 14 with value: 1.7153546032129574.
[I 2026-03-25 22:07:38,293] Trial 23 finished with value: 1.7434320698925254 and parameters: {'n_estimators': 504, 'learning_rate': 0.03959658817018406, 'max_depth': 12, 'subsample': 0.7704091090510349, 'colsample_bytree': 0.8841360944018153, 'min_child_weight': 7}. Best is trial 14 with value: 1.7153546032129574.
[I 2026-03-25 22:07:39,530] Trial 24 finished with value: 1.7458790281710828 and parameters: {'n_estimators': 304, 'learning_rate': 0.05472300396243623, 'max_depth': 14, 'subsample': 0.8407940121777172, 'colsample_bytree': 0.8141286204456986, 'min_child_weight': 8}. Best is trial 14 with value: 1.7153546032129574.
[I 2026-03-25 22:07:41,330] Trial 25 finished with value: 1.7500614106780545 and parameters: {'n_estimators': 617, 'learning_rate': 0.030474173520207842, 'max_depth': 11, 'subsample': 0.6934296248493795, 'colsample_bytree': 0.9615737810510545, 'min_child_weight': 6}. Best is trial 14 with value: 1.7153546032129574.
[I 2026-03-25 22:07:43,732] Trial 26 finished with value: 1.744918827650777 and parameters: {'n_estimators': 772, 'learning_rate': 0.07651446911077783, 'max_depth': 13, 'subsample': 0.7707048648837541, 'colsample_bytree': 0.9199392642204121, 'min_child_weight': 9}. Best is trial 14 with value: 1.7153546032129574.
[I 2026-03-25 22:07:46,698] Trial 27 finished with value: 1.7508392741293233 and parameters: {'n_estimators': 907, 'learning_rate': 0.04712559006951424, 'max_depth': 15, 'subsample': 0.7026060667655742, 'colsample_bytree': 0.8237715801983662, 'min_child_weight': 10}. Best is trial 14 with value: 1.7153546032129574.
[I 2026-03-25 22:07:49,402] Trial 28 finished with value: 1.7739549303676487 and parameters: {'n_estimators': 911, 'learning_rate': 0.016917276997393794, 'max_depth': 10, 'subsample': 0.9129553482986709, 'colsample_bytree': 0.8856322866773484, 'min_child_weight': 4}. Best is trial 14 with value: 1.7153546032129574.
[I 2026-03-25 22:07:50,913] Trial 29 finished with value: 1.7920373291772436 and parameters: {'n_estimators': 453, 'learning_rate': 0.02944732378510067, 'max_depth': 12, 'subsample': 0.837195505463738, 'colsample_bytree': 0.7213649953774781, 'min_child_weight': 8}. Best is trial 14 with value: 1.7153546032129574.
[I 2026-03-25 22:07:53,383] Trial 30 finished with value: 1.7211686453261401 and parameters: {'n_estimators': 686, 'learning_rate': 0.03521162703316901, 'max_depth': 14, 'subsample': 0.7839530000223753, 'colsample_bytree': 0.8340852722634706, 'min_child_weight': 7}. Best is trial 14 with value: 1.7153546032129574.
[I 2026-03-25 22:07:55,736] Trial 31 finished with value: 1.7305624135659303 and parameters: {'n_estimators': 681, 'learning_rate': 0.03856131904524483, 'max_depth': 14, 'subsample': 0.7777130219236167, 'colsample_bytree': 0.8367253887733358, 'min_child_weight': 7}. Best is trial 14 with value: 1.7153546032129574.
[I 2026-03-25 22:07:57,806] Trial 32 finished with value: 1.7591799355393032 and parameters: {'n_estimators': 590, 'learning_rate': 0.0576618790968533, 'max_depth': 15, 'subsample': 0.7932781159541059, 'colsample_bytree': 0.7879850893783555, 'min_child_weight': 9}. Best is trial 14 with value: 1.7153546032129574.
[I 2026-03-25 22:08:00,228] Trial 33 finished with value: 1.733205995393639 and parameters: {'n_estimators': 715, 'learning_rate': 0.02728349812303701, 'max_depth': 13, 'subsample': 0.7329411995125461, 'colsample_bytree': 0.8815449573296256, 'min_child_weight': 6}. Best is trial 14 with value: 1.7153546032129574.
[I 2026-03-25 22:08:03,148] Trial 34 finished with value: 1.8278769147946872 and parameters: {'n_estimators': 831, 'learning_rate': 0.034184846759356916, 'max_depth': 14, 'subsample': 0.7557567840168701, 'colsample_bytree': 0.6045342679778505, 'min_child_weight': 8}. Best is trial 14 with value: 1.7153546032129574.
[I 2026-03-25 22:08:05,619] Trial 35 finished with value: 1.7398598126401783 and parameters: {'n_estimators': 612, 'learning_rate': 0.024543375101185306, 'max_depth': 15, 'subsample': 0.990515188827757, 'colsample_bytree': 0.8697557869397234, 'min_child_weight': 7}. Best is trial 14 with value: 1.7153546032129574.
[I 2026-03-25 22:08:07,529] Trial 36 finished with value: 1.7428218494802847 and parameters: {'n_estimators': 650, 'learning_rate': 0.06867836002838303, 'max_depth': 11, 'subsample': 0.8302388061733176, 'colsample_bytree': 0.8457871471660041, 'min_child_weight': 9}. Best is trial 14 with value: 1.7153546032129574.
[I 2026-03-25 22:08:09,051] Trial 37 finished with value: 1.7327940165894302 and parameters: {'n_estimators': 433, 'learning_rate': 0.0481900522899812, 'max_depth': 13, 'subsample': 0.7921468387329104, 'colsample_bytree': 0.9337897317086012, 'min_child_weight': 5}. Best is trial 14 with value: 1.7153546032129574.
[I 2026-03-25 22:08:10,244] Trial 38 finished with value: 1.7923161873888065 and parameters: {'n_estimators': 337, 'learning_rate': 0.057413195238392764, 'max_depth': 12, 'subsample': 0.7179392672379844, 'colsample_bytree': 0.7455116073245541, 'min_child_weight': 6}. Best is trial 14 with value: 1.7153546032129574.
[I 2026-03-25 22:08:13,536] Trial 39 finished with value: 1.7349121217613688 and parameters: {'n_estimators': 851, 'learning_rate': 0.021744757333431317, 'max_depth': 14, 'subsample': 0.6743122393881738, 'colsample_bytree': 0.8383041647329015, 'min_child_weight': 4}. Best is trial 14 with value: 1.7153546032129574.
[I 2026-03-25 22:08:15,464] Trial 40 finished with value: 1.7762899209384457 and parameters: {'n_estimators': 753, 'learning_rate': 0.03491599823118236, 'max_depth': 9, 'subsample': 0.8189172517969245, 'colsample_bytree': 0.9614490968106231, 'min_child_weight': 9}. Best is trial 14 with value: 1.7153546032129574.
[I 2026-03-25 22:08:18,473] Trial 41 finished with value: 1.746584684325404 and parameters: {'n_estimators': 974, 'learning_rate': 0.06600672209711513, 'max_depth': 12, 'subsample': 0.6044018674956436, 'colsample_bytree': 0.9779400302261041, 'min_child_weight': 5}. Best is trial 14 with value: 1.7153546032129574.
[I 2026-03-25 22:08:22,504] Trial 42 finished with value: 1.7758349970877445 and parameters: {'n_estimators': 1153, 'learning_rate': 0.05515776822802649, 'max_depth': 13, 'subsample': 0.8703419126928811, 'colsample_bytree': 0.9231388155800417, 'min_child_weight': 4}. Best is trial 14 with value: 1.7153546032129574.
[I 2026-03-25 22:08:24,705] Trial 43 finished with value: 1.7463482065990987 and parameters: {'n_estimators': 819, 'learning_rate': 0.043135365657192136, 'max_depth': 10, 'subsample': 0.6275862635892258, 'colsample_bytree': 0.8959779617381536, 'min_child_weight': 6}. Best is trial 14 with value: 1.7153546032129574.
[I 2026-03-25 22:08:26,456] Trial 44 finished with value: 1.7411264784304188 and parameters: {'n_estimators': 555, 'learning_rate': 0.0802430459853935, 'max_depth': 12, 'subsample': 0.6543191155660377, 'colsample_bytree': 0.9999593466524563, 'min_child_weight': 7}. Best is trial 14 with value: 1.7153546032129574.
[I 2026-03-25 22:08:27,887] Trial 45 finished with value: 1.894234170677568 and parameters: {'n_estimators': 671, 'learning_rate': 0.062439780655484445, 'max_depth': 6, 'subsample': 0.7565985049587169, 'colsample_bytree': 0.7996721153005103, 'min_child_weight': 8}. Best is trial 14 with value: 1.7153546032129574.
[I 2026-03-25 22:08:30,781] Trial 46 finished with value: 1.7465120940942451 and parameters: {'n_estimators': 775, 'learning_rate': 0.034135225010993454, 'max_depth': 15, 'subsample': 0.7212145043153952, 'colsample_bytree': 0.8662946862955582, 'min_child_weight': 6}. Best is trial 14 with value: 1.7153546032129574.
[I 2026-03-25 22:08:35,048] Trial 47 finished with value: 1.7452730368586276 and parameters: {'n_estimators': 856, 'learning_rate': 0.009306493109208244, 'max_depth': 14, 'subsample': 0.6374525287428338, 'colsample_bytree': 0.8272435204210191, 'min_child_weight': 1}. Best is trial 14 with value: 1.7153546032129574.
[I 2026-03-25 22:08:37,630] Trial 48 finished with value: 1.7286674366276522 and parameters: {'n_estimators': 640, 'learning_rate': 0.017936613417984, 'max_depth': 13, 'subsample': 0.6873290390410002, 'colsample_bytree': 0.9486674058100754, 'min_child_weight': 3}. Best is trial 14 with value: 1.7153546032129574.
