[I 2026-03-08 22:05:34,179] Trial 0 finished with value: 1.9526542578746977 and parameters: {'n_estimators': 514, 'learning_rate': 0.09102931604751888, 'max_depth': 14, 'subsample': 0.663555291882252, 'colsample_bytree': 0.9870497958675394, 'min_child_weight': 8}. Best is trial 0 with value: 1.9526542578746977.
[I 2026-03-08 22:05:35,674] Trial 1 finished with value: 2.0305290911630065 and parameters: {'n_estimators': 564, 'learning_rate': 0.0463624033552713, 'max_depth': 8, 'subsample': 0.8653145825438142, 'colsample_bytree': 0.6466317022009388, 'min_child_weight': 8}. Best is trial 0 with value: 1.9526542578746977.
[I 2026-03-08 22:05:38,346] Trial 2 finished with value: 2.13475204049575 and parameters: {'n_estimators': 1043, 'learning_rate': 0.04804801240709936, 'max_depth': 5, 'subsample': 0.720457638807705, 'colsample_bytree': 0.6923883453483086, 'min_child_weight': 5}. Best is trial 0 with value: 1.9526542578746977.
[I 2026-03-08 22:05:39,359] Trial 3 finished with value: 2.1682747047292943 and parameters: {'n_estimators': 509, 'learning_rate': 0.040409439421315786, 'max_depth': 5, 'subsample': 0.7097863462553189, 'colsample_bytree': 0.8622225077266239, 'min_child_weight': 9}. Best is trial 0 with value: 1.9526542578746977.
[I 2026-03-08 22:05:43,264] Trial 4 finished with value: 1.8844745942357897 and parameters: {'n_estimators': 1079, 'learning_rate': 0.012292052400274204, 'max_depth': 11, 'subsample': 0.8836982894014878, 'colsample_bytree': 0.9707902803119157, 'min_child_weight': 4}. Best is trial 4 with value: 1.8844745942357897.
[I 2026-03-08 22:05:45,836] Trial 5 finished with value: 1.8912658777497746 and parameters: {'n_estimators': 671, 'learning_rate': 0.03940294967030627, 'max_depth': 11, 'subsample': 0.6025695241067315, 'colsample_bytree': 0.9044607938789132, 'min_child_weight': 2}. Best is trial 4 with value: 1.8844745942357897.
[I 2026-03-08 22:05:49,295] Trial 6 finished with value: 2.059971059318437 and parameters: {'n_estimators': 1415, 'learning_rate': 0.05102156929703805, 'max_depth': 5, 'subsample': 0.7599592149285066, 'colsample_bytree': 0.8977839907609515, 'min_child_weight': 1}. Best is trial 4 with value: 1.8844745942357897.
[I 2026-03-08 22:05:52,858] Trial 7 finished with value: 1.9731659579419087 and parameters: {'n_estimators': 1356, 'learning_rate': 0.052294252055930995, 'max_depth': 8, 'subsample': 0.8642191830266155, 'colsample_bytree': 0.7360785040513163, 'min_child_weight': 9}. Best is trial 4 with value: 1.8844745942357897.
[I 2026-03-08 22:05:54,949] Trial 8 finished with value: 2.023640225231648 and parameters: {'n_estimators': 881, 'learning_rate': 0.061065471033618014, 'max_depth': 7, 'subsample': 0.9773580091915524, 'colsample_bytree': 0.7016048955749654, 'min_child_weight': 3}. Best is trial 4 with value: 1.8844745942357897.
[I 2026-03-08 22:05:58,786] Trial 9 finished with value: 1.9480670927024604 and parameters: {'n_estimators': 869, 'learning_rate': 0.0908079622788294, 'max_depth': 13, 'subsample': 0.8178917416670349, 'colsample_bytree': 0.9260180738547855, 'min_child_weight': 5}. Best is trial 4 with value: 1.8844745942357897.
[I 2026-03-08 22:06:03,388] Trial 10 finished with value: 1.916267870721701 and parameters: {'n_estimators': 1121, 'learning_rate': 0.008563279780769057, 'max_depth': 12, 'subsample': 0.9981832536757406, 'colsample_bytree': 0.801847070735042, 'min_child_weight': 4}. Best is trial 4 with value: 1.8844745942357897.
[I 2026-03-08 22:06:06,110] Trial 11 finished with value: 1.846089928717529 and parameters: {'n_estimators': 710, 'learning_rate': 0.014341332318651284, 'max_depth': 11, 'subsample': 0.6090664811518495, 'colsample_bytree': 0.9903217392211897, 'min_child_weight': 1}. Best is trial 11 with value: 1.846089928717529.
[I 2026-03-08 22:06:07,563] Trial 12 finished with value: 1.9243993716015775 and parameters: {'n_estimators': 339, 'learning_rate': 0.012299089733358394, 'max_depth': 10, 'subsample': 0.9194068188643569, 'colsample_bytree': 0.9755121314183572, 'min_child_weight': 1}. Best is trial 11 with value: 1.846089928717529.
[I 2026-03-08 22:06:13,352] Trial 13 finished with value: 1.8904507041238852 and parameters: {'n_estimators': 1204, 'learning_rate': 0.0170345833774571, 'max_depth': 15, 'subsample': 0.8186548108317832, 'colsample_bytree': 0.9923683701096138, 'min_child_weight': 3}. Best is trial 11 with value: 1.846089928717529.
[I 2026-03-08 22:06:15,806] Trial 14 finished with value: 2.0137735359757087 and parameters: {'n_estimators': 724, 'learning_rate': 0.005465869984958552, 'max_depth': 11, 'subsample': 0.9181200525919622, 'colsample_bytree': 0.8257792702743284, 'min_child_weight': 6}. Best is trial 11 with value: 1.846089928717529.
[I 2026-03-08 22:06:18,494] Trial 15 finished with value: 1.9491867428755223 and parameters: {'n_estimators': 1012, 'learning_rate': 0.024167793119651573, 'max_depth': 9, 'subsample': 0.6393564295591874, 'colsample_bytree': 0.9400210490062493, 'min_child_weight': 6}. Best is trial 11 with value: 1.846089928717529.
[I 2026-03-08 22:06:23,377] Trial 16 finished with value: 1.9278925100758715 and parameters: {'n_estimators': 1260, 'learning_rate': 0.022499412439547197, 'max_depth': 12, 'subsample': 0.7631959193049899, 'colsample_bytree': 0.8426988271800522, 'min_child_weight': 3}. Best is trial 11 with value: 1.846089928717529.
[I 2026-03-08 22:06:26,449] Trial 17 finished with value: 1.942126571032777 and parameters: {'n_estimators': 781, 'learning_rate': 0.009933411041032621, 'max_depth': 10, 'subsample': 0.8786674558744497, 'colsample_bytree': 0.7746071728675269, 'min_child_weight': 2}. Best is trial 11 with value: 1.846089928717529.
[I 2026-03-08 22:06:28,005] Trial 18 finished with value: 2.3413760760128213 and parameters: {'n_estimators': 342, 'learning_rate': 0.0059870016295879075, 'max_depth': 13, 'subsample': 0.9328645337501804, 'colsample_bytree': 0.9482284353314419, 'min_child_weight': 7}. Best is trial 11 with value: 1.846089928717529.
[I 2026-03-08 22:06:32,184] Trial 19 finished with value: 1.9945125200564633 and parameters: {'n_estimators': 979, 'learning_rate': 0.014425564866014226, 'max_depth': 11, 'subsample': 0.7854537327427598, 'colsample_bytree': 0.6029645348786996, 'min_child_weight': 4}. Best is trial 11 with value: 1.846089928717529.
[I 2026-03-08 22:06:34,734] Trial 20 finished with value: 1.8898125250278142 and parameters: {'n_estimators': 643, 'learning_rate': 0.02796248824891174, 'max_depth': 9, 'subsample': 0.7062453457242173, 'colsample_bytree': 0.8757607670558845, 'min_child_weight': 1}. Best is trial 11 with value: 1.846089928717529.
[I 2026-03-08 22:06:36,495] Trial 21 finished with value: 1.8793441101310646 and parameters: {'n_estimators': 624, 'learning_rate': 0.02836381963164751, 'max_depth': 9, 'subsample': 0.6931875124238578, 'colsample_bytree': 0.8798684556982158, 'min_child_weight': 1}. Best is trial 11 with value: 1.846089928717529.
[I 2026-03-08 22:06:38,564] Trial 22 finished with value: 1.9714810145868649 and parameters: {'n_estimators': 777, 'learning_rate': 0.017799136024049634, 'max_depth': 7, 'subsample': 0.6571043518796374, 'colsample_bytree': 0.9517412097019129, 'min_child_weight': 2}. Best is trial 11 with value: 1.846089928717529.
[I 2026-03-08 22:06:39,692] Trial 23 finished with value: 1.9411761913391044 and parameters: {'n_estimators': 431, 'learning_rate': 0.03238087756427817, 'max_depth': 9, 'subsample': 0.6389878793200102, 'colsample_bytree': 0.9128017405544661, 'min_child_weight': 4}. Best is trial 11 with value: 1.846089928717529.
[I 2026-03-08 22:06:42,327] Trial 24 finished with value: 1.9197278910321323 and parameters: {'n_estimators': 616, 'learning_rate': 0.008108356863060938, 'max_depth': 12, 'subsample': 0.6086602699687352, 'colsample_bytree': 0.9955161759185758, 'min_child_weight': 2}. Best is trial 11 with value: 1.846089928717529.
[I 2026-03-08 22:06:44,979] Trial 25 finished with value: 1.8667261275176041 and parameters: {'n_estimators': 826, 'learning_rate': 0.011528164318616477, 'max_depth': 10, 'subsample': 0.6825479754817225, 'colsample_bytree': 0.962495730789953, 'min_child_weight': 1}. Best is trial 11 with value: 1.846089928717529.
[I 2026-03-08 22:06:47,796] Trial 26 finished with value: 1.8571953140440673 and parameters: {'n_estimators': 820, 'learning_rate': 0.01788718347328736, 'max_depth': 10, 'subsample': 0.6838291718790244, 'colsample_bytree': 0.884878153072346, 'min_child_weight': 1}. Best is trial 11 with value: 1.846089928717529.
[I 2026-03-08 22:06:50,871] Trial 27 finished with value: 1.855326483352651 and parameters: {'n_estimators': 931, 'learning_rate': 0.017456766961780223, 'max_depth': 10, 'subsample': 0.6836981531746944, 'colsample_bytree': 0.9537901316296001, 'min_child_weight': 1}. Best is trial 11 with value: 1.846089928717529.
[I 2026-03-08 22:06:54,861] Trial 28 finished with value: 1.8453137004804452 and parameters: {'n_estimators': 936, 'learning_rate': 0.018747067515576754, 'max_depth': 13, 'subsample': 0.7280040789295312, 'colsample_bytree': 0.9282471372003902, 'min_child_weight': 2}. Best is trial 28 with value: 1.8453137004804452.
[I 2026-03-08 22:06:58,807] Trial 29 finished with value: 1.8933073706282844 and parameters: {'n_estimators': 945, 'learning_rate': 0.019080223320791862, 'max_depth': 14, 'subsample': 0.7397305237896498, 'colsample_bytree': 0.9980550749633801, 'min_child_weight': 3}. Best is trial 28 with value: 1.8453137004804452.
[I 2026-03-08 22:07:03,585] Trial 30 finished with value: 1.8914256829948113 and parameters: {'n_estimators': 1165, 'learning_rate': 0.015179503389990053, 'max_depth': 14, 'subsample': 0.6326577652049328, 'colsample_bytree': 0.9283054074637768, 'min_child_weight': 2}. Best is trial 28 with value: 1.8453137004804452.
[I 2026-03-08 22:07:07,664] Trial 31 finished with value: 1.8276127297582516 and parameters: {'n_estimators': 921, 'learning_rate': 0.01935630615388668, 'max_depth': 13, 'subsample': 0.6725902407130341, 'colsample_bytree': 0.8925568045761503, 'min_child_weight': 1}. Best is trial 31 with value: 1.8276127297582516.
[I 2026-03-08 22:07:11,308] Trial 32 finished with value: 1.89984667415174 and parameters: {'n_estimators': 923, 'learning_rate': 0.022823863139748494, 'max_depth': 13, 'subsample': 0.6672127637095765, 'colsample_bytree': 0.8527469038195035, 'min_child_weight': 2}. Best is trial 31 with value: 1.8276127297582516.
[I 2026-03-08 22:07:15,430] Trial 33 finished with value: 1.8053147615343188 and parameters: {'n_estimators': 737, 'learning_rate': 0.014576653911643212, 'max_depth': 15, 'subsample': 0.7333895704249923, 'colsample_bytree': 0.923957365067191, 'min_child_weight': 1}. Best is trial 33 with value: 1.8053147615343188.
[I 2026-03-08 22:07:18,053] Trial 34 finished with value: 1.8673868319039915 and parameters: {'n_estimators': 508, 'learning_rate': 0.013670297862656522, 'max_depth': 15, 'subsample': 0.7325872015528703, 'colsample_bytree': 0.9143664526444435, 'min_child_weight': 2}. Best is trial 33 with value: 1.8053147615343188.
[I 2026-03-08 22:07:21,127] Trial 35 finished with value: 1.9208948721978867 and parameters: {'n_estimators': 733, 'learning_rate': 0.010085829079107806, 'max_depth': 14, 'subsample': 0.75583052087443, 'colsample_bytree': 0.8183880821017183, 'min_child_weight': 3}. Best is trial 33 with value: 1.8053147615343188.
[I 2026-03-08 22:07:24,880] Trial 36 finished with value: 1.9522288552040254 and parameters: {'n_estimators': 1043, 'learning_rate': 0.00748771441919823, 'max_depth': 15, 'subsample': 0.7161036570725814, 'colsample_bytree': 0.7642045065725346, 'min_child_weight': 8}. Best is trial 33 with value: 1.8053147615343188.
[I 2026-03-08 22:07:27,084] Trial 37 finished with value: 1.9773883395186767 and parameters: {'n_estimators': 711, 'learning_rate': 0.01998514546037996, 'max_depth': 13, 'subsample': 0.7934026409017666, 'colsample_bytree': 0.973363406430269, 'min_child_weight': 10}. Best is trial 33 with value: 1.8053147615343188.
[I 2026-03-08 22:07:29,181] Trial 38 finished with value: 1.8394514870752994 and parameters: {'n_estimators': 528, 'learning_rate': 0.025992152202089624, 'max_depth': 12, 'subsample': 0.6248265695647321, 'colsample_bytree': 0.8904145945840767, 'min_child_weight': 1}. Best is trial 33 with value: 1.8053147615343188.
[I 2026-03-08 22:07:31,141] Trial 39 finished with value: 1.9024136455587197 and parameters: {'n_estimators': 465, 'learning_rate': 0.03489743579435679, 'max_depth': 14, 'subsample': 0.6627191232326152, 'colsample_bytree': 0.8689861754672588, 'min_child_weight': 2}. Best is trial 33 with value: 1.8053147615343188.
[I 2026-03-08 22:07:35,115] Trial 40 finished with value: 1.8435766451734095 and parameters: {'n_estimators': 1084, 'learning_rate': 0.027059724506666053, 'max_depth': 12, 'subsample': 0.7403853633627129, 'colsample_bytree': 0.8973973441830033, 'min_child_weight': 1}. Best is trial 33 with value: 1.8053147615343188.
[I 2026-03-08 22:07:39,226] Trial 41 finished with value: 1.8195749021032461 and parameters: {'n_estimators': 1095, 'learning_rate': 0.026565590629618344, 'max_depth': 12, 'subsample': 0.7338708017002316, 'colsample_bytree': 0.9015845185247001, 'min_child_weight': 1}. Best is trial 33 with value: 1.8053147615343188.
[I 2026-03-08 22:07:43,918] Trial 42 finished with value: 1.8319845395072853 and parameters: {'n_estimators': 1279, 'learning_rate': 0.02961122970195844, 'max_depth': 12, 'subsample': 0.7048104661872628, 'colsample_bytree': 0.8979486167464461, 'min_child_weight': 1}. Best is trial 33 with value: 1.8053147615343188.
[I 2026-03-08 22:07:49,143] Trial 43 finished with value: 1.8722633736594105 and parameters: {'n_estimators': 1479, 'learning_rate': 0.043085460805777534, 'max_depth': 12, 'subsample': 0.7028644740483451, 'colsample_bytree': 0.8361367091858061, 'min_child_weight': 1}. Best is trial 33 with value: 1.8053147615343188.
[I 2026-03-08 22:07:53,342] Trial 44 finished with value: 1.848417872589923 and parameters: {'n_estimators': 1266, 'learning_rate': 0.03449291811576074, 'max_depth': 11, 'subsample': 0.6231859372645685, 'colsample_bytree': 0.9002166267309463, 'min_child_weight': 1}. Best is trial 33 with value: 1.8053147615343188.
[I 2026-03-08 22:07:55,642] Trial 45 finished with value: 1.9201874703157504 and parameters: {'n_estimators': 556, 'learning_rate': 0.02583934749786791, 'max_depth': 14, 'subsample': 0.7767214410989011, 'colsample_bytree': 0.8562584504163318, 'min_child_weight': 3}. Best is trial 33 with value: 1.8053147615343188.
[I 2026-03-08 22:08:00,479] Trial 46 finished with value: 1.888974680456238 and parameters: {'n_estimators': 1349, 'learning_rate': 0.06789815867138937, 'max_depth': 13, 'subsample': 0.8082187090428757, 'colsample_bytree': 0.8917221580817375, 'min_child_weight': 2}. Best is trial 33 with value: 1.8053147615343188.
[I 2026-03-08 22:08:05,915] Trial 47 finished with value: 1.8411271629204797 and parameters: {'n_estimators': 1169, 'learning_rate': 0.031859104944736316, 'max_depth': 15, 'subsample': 0.6488431286692569, 'colsample_bytree': 0.9169031903188373, 'min_child_weight': 1}. Best is trial 33 with value: 1.8053147615343188.
[I 2026-03-08 22:08:11,243] Trial 48 finished with value: 1.87807200149625 and parameters: {'n_estimators': 1337, 'learning_rate': 0.038953436850371226, 'max_depth': 12, 'subsample': 0.7132843395699282, 'colsample_bytree': 0.8095596192543613, 'min_child_weight': 1}. Best is trial 33 with value: 1.8053147615343188.
