[I 2026-03-22 22:08:09,963] Trial 49 finished with value: 1.8772663541378072 and parameters: {'n_estimators': 310, 'learning_rate': 0.01908174120918404, 'max_depth': 8, 'subsample': 0.8409840446497989, 'colsample_bytree': 0.9624449119261375, 'min_child_weight': 2}. Best is trial 44 with value: 1.6178291836378216.
✅ Tham số tối ưu nhất từ Optuna: {'n_estimators': 1386, 'learning_rate': 0.013324736560471246, 'max_depth': 15, 'subsample': 0.8648332828357879, 'colsample_bytree': 0.9792519498787794, 'min_child_weight': 1}
MAE của mô hình XGBoost: 1.6286
R² của mô hình XGBoost: 0.9327
🥊 Đang so sánh... Champion MAE: 1.6245 vs Challenger MAE: 1.6286
🛡️ Champion bảo vệ ngôi vương. Giữ nguyên mô hình cũ.
[Sun 03/22/2026 22:08:17.77] [4/4] Dang dong bo AI Model (qua LFS) len GitHub... 
[main 5b109f0] Auto-update AI Model: Sun 03/22/2026 22:08:18.81
 1 file changed, 327 insertions(+)
remote: This repository moved. Please use the new location:        
remote:   https://github.com/HieuNT316/hanoi-house-price-prediction.git        
To https://github.com/Alexus143/hanoi-house-price-prediction.git
   065cbf5..5b109f0  main -> main
========================================= 
[Mon 03/23/2026 22:00:02.21] [1/4] Dang cao chi tiet BĐS... 
🔍 Đang cấu hình Database với: postgres.kkwivuufxdewurmxtsto@aws-1-ap-southeast-1.pooler.supabase.com:5432/postgres

[DetailSpider] Khởi động luồng làm giàu dữ liệu (Limit: 50 bài/lượt)...
✅ Đã kết nối thành công tới PostgreSQL.
[Browser] Đang khởi tạo trình duyệt...
[Browser] Phát hiện Chrome (Windows): Version 139

[DetailSpider] Đang cào (1/9): https://batdongsan.com.vn/ban-can-ho-chung-cu-duong-tran-phu-phuong-van-quan-grand-sunlake/ban-92m-5-ty-du-an-dong-tien-theo-tien-do-pr42741599
  -> Lấy được 2/6 feature chi tiết.

[DetailSpider] Đang cào (2/9): https://batdongsan.com.vn/ban-nha-rieng-duong-ngo-thi-nham-phuong-la-khe-15/sieu-hiem-cap-song-sinh-ha-ong-san-100m-mt-8-phan-lo-o-to-tranh-hon-30-ty-pr45373641
  -> Lấy được 5/6 feature chi tiết.

[DetailSpider] Đang cào (3/9): https://batdongsan.com.vn/ban-can-ho-chung-cu-duong-tran-phu-phuong-van-quan-grand-sunlake/ban-gap-goc-3pn-96m2-gia-tot-nhat-thi-truong-pr45180932
  -> Lấy được 2/6 feature chi tiết.

[DetailSpider] Đang cào (4/9): https://batdongsan.com.vn/ban-nha-rieng-duong-huynh-thuc-khang-phuong-quang-trung-17-15/chinh-chu-can-ban-xay-moi-7t-thang-may-mat-pho-ha-ong-ngay-cau-am-van-phuc-hon-12-ty-pr45374234
  -> Lấy được 4/6 feature chi tiết.

[DetailSpider] Đang cào (5/9): https://batdongsan.com.vn/ban-can-ho-chung-cu-duong-to-huu-phuong-la-khe-usilk-city/chinh-chu-ban-full-noi-that-3-ngu-huong-mat-gia-au-tu-pr45372399
  -> Lấy được 1/6 feature chi tiết.

[DetailSpider] Đang cào (6/9): https://batdongsan.com.vn/ban-can-ho-chung-cu-duong-to-huu-phuong-la-khe-usilk-city/chinh-chu-ban-gia-tot-nhat-thi-truong-79m2-full-noi-that-ban-cong-huong-mat-pr45372352
  -> Lấy được 0/6 feature chi tiết.

[DetailSpider] Đang cào (7/9): https://batdongsan.com.vn/ban-can-ho-chung-cu-duong-to-huu-phuong-la-khe-the-pride/3pn-2wc-tai-gia-tot-6-5-ty-95m2-ha-ong-ha-noi-pr45370597
  -> Lấy được 3/6 feature chi tiết.

[DetailSpider] Đang cào (8/9): https://batdongsan.com.vn/ban-can-ho-chung-cu-phuong-mo-lao-thap-doi-kepler-land/em-minh-co-full-quy-gia-tot-tai-bao-check-pr45370125
  -> Lấy được 2/6 feature chi tiết.

[DetailSpider] Đang cào (9/9): https://batdongsan.com.vn/ban-nha-rieng-pho-ly-thuong-kiet-phuong-ha-cau-15/giam-1-ty-131-36m-c4-via-he-o-to-tranh-trung-tam-ong-chi-11-8-ty-pr45360929
  -> Lấy được 5/6 feature chi tiết.

[DetailSpider] Hoàn thành. Cập nhật thành công 9/9 bài đăng.
[Mon 03/23/2026 22:02:39.22] [2/4] Dang clean du lieu... 
🔍 Đang cấu hình Database với: postgres.kkwivuufxdewurmxtsto@aws-1-ap-southeast-1.pooler.supabase.com:5432/postgres
✅ Đã kết nối thành công tới PostgreSQL.
🔄 Upsert thành công 5440 bản ghi vào 'bds_hadong'.
✅ Đã cập nhật cột legal_status và furniture thành công.
[Mon 03/23/2026 22:02:46.52] [3/4] Dang huan luyen AI tren du lieu moi... 
🔍 Đang cấu hình Database với: postgres.kkwivuufxdewurmxtsto@aws-1-ap-southeast-1.pooler.supabase.com:5432/postgres
[I 2026-03-23 22:03:10,754] A new study created in memory with name: no-name-91687f98-7834-488a-b0e3-b1df5ceb6bfd
✅ Đã kết nối thành công tới PostgreSQL.
  0%|          | 0/50 [00:00<?, ?it/s]D:\Python\realtime_estimate_tracker\venv_bds\lib\site-packages\xgboost\training.py:200: UserWarning: [22:03:11] WARNING: C:\actions-runner\_work\xgboost\xgboost\src\learner.cc:782: 
Parameters: { "devices", "task_type" } are not used.

  bst.update(dtrain, iteration=i, fobj=obj)
                                        0%|          | 0/50 [00:02<?, ?it/s]Best trial: 0. Best value: 1.89013:   0%|          | 0/50 [00:02<?, ?it/s]Best trial: 0. Best value: 1.89013:   2%|▏         | 1/50 [00:02<02:18,  2.82s/it]D:\Python\realtime_estimate_tracker\venv_bds\lib\site-packages\xgboost\training.py:200: UserWarning: [22:03:13] WARNING: C:\actions-runner\_work\xgboost\xgboost\src\learner.cc:782: 
Parameters: { "devices", "task_type" } are not used.

  bst.update(dtrain, iteration=i, fobj=obj)
                                                                                  Best trial: 0. Best value: 1.89013:   2%|▏         | 1/50 [00:04<02:18,  2.82s/it]Best trial: 0. Best value: 1.89013:   2%|▏         | 1/50 [00:04<02:18,  2.82s/it]Best trial: 0. Best value: 1.89013:   4%|▍         | 2/50 [00:04<01:31,  1.91s/it]D:\Python\realtime_estimate_tracker\venv_bds\lib\site-packages\xgboost\training.py:200: UserWarning: [22:03:14] WARNING: C:\actions-runner\_work\xgboost\xgboost\src\learner.cc:782: 
Parameters: { "devices", "task_type" } are not used.

  bst.update(dtrain, iteration=i, fobj=obj)
                                                                                  Best trial: 0. Best value: 1.89013:   4%|▍         | 2/50 [00:05<01:31,  1.91s/it]Best trial: 0. Best value: 1.89013:   4%|▍         | 2/50 [00:05<01:31,  1.91s/it]Best trial: 0. Best value: 1.89013:   6%|▌         | 3/50 [00:05<01:29,  1.91s/it]D:\Python\realtime_estimate_tracker\venv_bds\lib\site-packages\xgboost\training.py:200: UserWarning: [22:03:16] WARNING: C:\actions-runner\_work\xgboost\xgboost\src\learner.cc:782: 
Parameters: { "devices", "task_type" } are not used.

  bst.update(dtrain, iteration=i, fobj=obj)
                                                                                  Best trial: 0. Best value: 1.89013:   6%|▌         | 3/50 [00:09<01:29,  1.91s/it]Best trial: 0. Best value: 1.89013:   6%|▌         | 3/50 [00:09<01:29,  1.91s/it]Best trial: 0. Best value: 1.89013:   8%|▊         | 4/50 [00:09<01:58,  2.58s/it]D:\Python\realtime_estimate_tracker\venv_bds\lib\site-packages\xgboost\training.py:200: UserWarning: [22:03:20] WARNING: C:\actions-runner\_work\xgboost\xgboost\src\learner.cc:782: 
Parameters: { "devices", "task_type" } are not used.

  bst.update(dtrain, iteration=i, fobj=obj)
                                                                                  Best trial: 0. Best value: 1.89013:   8%|▊         | 4/50 [00:12<01:58,  2.58s/it]Best trial: 0. Best value: 1.89013:   8%|▊         | 4/50 [00:12<01:58,  2.58s/it]Best trial: 0. Best value: 1.89013:  10%|█         | 5/50 [00:12<02:02,  2.72s/it]D:\Python\realtime_estimate_tracker\venv_bds\lib\site-packages\xgboost\training.py:200: UserWarning: [22:03:23] WARNING: C:\actions-runner\_work\xgboost\xgboost\src\learner.cc:782: 
Parameters: { "devices", "task_type" } are not used.

  bst.update(dtrain, iteration=i, fobj=obj)
                                                                                  Best trial: 0. Best value: 1.89013:  10%|█         | 5/50 [00:15<02:02,  2.72s/it]Best trial: 0. Best value: 1.89013:  10%|█         | 5/50 [00:15<02:02,  2.72s/it]Best trial: 0. Best value: 1.89013:  12%|█▏        | 6/50 [00:15<02:06,  2.88s/it]D:\Python\realtime_estimate_tracker\venv_bds\lib\site-packages\xgboost\training.py:200: UserWarning: [22:03:26] WARNING: C:\actions-runner\_work\xgboost\xgboost\src\learner.cc:782: 
Parameters: { "devices", "task_type" } are not used.

  bst.update(dtrain, iteration=i, fobj=obj)
                                                                                  Best trial: 0. Best value: 1.89013:  12%|█▏        | 6/50 [00:17<02:06,  2.88s/it]Best trial: 0. Best value: 1.89013:  12%|█▏        | 6/50 [00:17<02:06,  2.88s/it]Best trial: 0. Best value: 1.89013:  14%|█▍        | 7/50 [00:17<01:48,  2.51s/it]D:\Python\realtime_estimate_tracker\venv_bds\lib\site-packages\xgboost\training.py:200: UserWarning: [22:03:28] WARNING: C:\actions-runner\_work\xgboost\xgboost\src\learner.cc:782: 
Parameters: { "devices", "task_type" } are not used.

  bst.update(dtrain, iteration=i, fobj=obj)
                                                                                  Best trial: 0. Best value: 1.89013:  14%|█▍        | 7/50 [00:19<01:48,  2.51s/it]Best trial: 0. Best value: 1.89013:  14%|█▍        | 7/50 [00:19<01:48,  2.51s/it]Best trial: 0. Best value: 1.89013:  16%|█▌        | 8/50 [00:19<01:44,  2.48s/it]D:\Python\realtime_estimate_tracker\venv_bds\lib\site-packages\xgboost\training.py:200: UserWarning: [22:03:30] WARNING: C:\actions-runner\_work\xgboost\xgboost\src\learner.cc:782: 
Parameters: { "devices", "task_type" } are not used.

  bst.update(dtrain, iteration=i, fobj=obj)
                                                                                  Best trial: 0. Best value: 1.89013:  16%|█▌        | 8/50 [00:22<01:44,  2.48s/it]Best trial: 0. Best value: 1.89013:  16%|█▌        | 8/50 [00:22<01:44,  2.48s/it]Best trial: 0. Best value: 1.89013:  18%|█▊        | 9/50 [00:22<01:37,  2.37s/it]D:\Python\realtime_estimate_tracker\venv_bds\lib\site-packages\xgboost\training.py:200: UserWarning: [22:03:32] WARNING: C:\actions-runner\_work\xgboost\xgboost\src\learner.cc:782: 
Parameters: { "devices", "task_type" } are not used.

  bst.update(dtrain, iteration=i, fobj=obj)
                                                                                  Best trial: 0. Best value: 1.89013:  18%|█▊        | 9/50 [00:24<01:37,  2.37s/it]Best trial: 9. Best value: 1.79718:  18%|█▊        | 9/50 [00:24<01:37,  2.37s/it]Best trial: 9. Best value: 1.79718:  20%|██        | 10/50 [00:24<01:31,  2.28s/it]D:\Python\realtime_estimate_tracker\venv_bds\lib\site-packages\xgboost\training.py:200: UserWarning: [22:03:34] WARNING: C:\actions-runner\_work\xgboost\xgboost\src\learner.cc:782: 
Parameters: { "devices", "task_type" } are not used.

  bst.update(dtrain, iteration=i, fobj=obj)
                                                                                   Best trial: 9. Best value: 1.79718:  20%|██        | 10/50 [00:25<01:31,  2.28s/it]Best trial: 9. Best value: 1.79718:  20%|██        | 10/50 [00:25<01:31,  2.28s/it]Best trial: 9. Best value: 1.79718:  22%|██▏       | 11/50 [00:25<01:17,  1.99s/it]D:\Python\realtime_estimate_tracker\venv_bds\lib\site-packages\xgboost\training.py:200: UserWarning: [22:03:36] WARNING: C:\actions-runner\_work\xgboost\xgboost\src\learner.cc:782: 
Parameters: { "devices", "task_type" } are not used.

  bst.update(dtrain, iteration=i, fobj=obj)
                                                                                   Best trial: 9. Best value: 1.79718:  22%|██▏       | 11/50 [00:26<01:17,  1.99s/it]Best trial: 9. Best value: 1.79718:  22%|██▏       | 11/50 [00:26<01:17,  1.99s/it]Best trial: 9. Best value: 1.79718:  24%|██▍       | 12/50 [00:26<01:09,  1.83s/it]D:\Python\realtime_estimate_tracker\venv_bds\lib\site-packages\xgboost\training.py:200: UserWarning: [22:03:37] WARNING: C:\actions-runner\_work\xgboost\xgboost\src\learner.cc:782: 
Parameters: { "devices", "task_type" } are not used.

  bst.update(dtrain, iteration=i, fobj=obj)
                                                                                   Best trial: 9. Best value: 1.79718:  24%|██▍       | 12/50 [00:28<01:09,  1.83s/it]Best trial: 9. Best value: 1.79718:  24%|██▍       | 12/50 [00:28<01:09,  1.83s/it]Best trial: 9. Best value: 1.79718:  26%|██▌       | 13/50 [00:28<01:08,  1.86s/it]D:\Python\realtime_estimate_tracker\venv_bds\lib\site-packages\xgboost\training.py:200: UserWarning: [22:03:39] WARNING: C:\actions-runner\_work\xgboost\xgboost\src\learner.cc:782: 
Parameters: { "devices", "task_type" } are not used.

  bst.update(dtrain, iteration=i, fobj=obj)
                                                                                   Best trial: 9. Best value: 1.79718:  26%|██▌       | 13/50 [00:30<01:08,  1.86s/it]Best trial: 9. Best value: 1.79718:  26%|██▌       | 13/50 [00:30<01:08,  1.86s/it]Best trial: 9. Best value: 1.79718:  28%|██▊       | 14/50 [00:30<01:06,  1.85s/it]D:\Python\realtime_estimate_tracker\venv_bds\lib\site-packages\xgboost\training.py:200: UserWarning: [22:03:41] WARNING: C:\actions-runner\_work\xgboost\xgboost\src\learner.cc:782: 
Parameters: { "devices", "task_type" } are not used.

  bst.update(dtrain, iteration=i, fobj=obj)
                                                                                   Best trial: 9. Best value: 1.79718:  28%|██▊       | 14/50 [00:33<01:06,  1.85s/it]Best trial: 9. Best value: 1.79718:  28%|██▊       | 14/50 [00:33<01:06,  1.85s/it]Best trial: 9. Best value: 1.79718:  30%|███       | 15/50 [00:33<01:09,  1.99s/it]D:\Python\realtime_estimate_tracker\venv_bds\lib\site-packages\xgboost\training.py:200: UserWarning: [22:03:43] WARNING: C:\actions-runner\_work\xgboost\xgboost\src\learner.cc:782: 
Parameters: { "devices", "task_type" } are not used.

  bst.update(dtrain, iteration=i, fobj=obj)
                                                                                   Best trial: 9. Best value: 1.79718:  30%|███       | 15/50 [00:34<01:09,  1.99s/it]Best trial: 9. Best value: 1.79718:  30%|███       | 15/50 [00:34<01:09,  1.99s/it]Best trial: 9. Best value: 1.79718:  32%|███▏      | 16/50 [00:34<01:05,  1.94s/it]D:\Python\realtime_estimate_tracker\venv_bds\lib\site-packages\xgboost\training.py:200: UserWarning: [22:03:45] WARNING: C:\actions-runner\_work\xgboost\xgboost\src\learner.cc:782: 
Parameters: { "devices", "task_type" } are not used.

  bst.update(dtrain, iteration=i, fobj=obj)
                                                                                   Best trial: 9. Best value: 1.79718:  32%|███▏      | 16/50 [00:37<01:05,  1.94s/it]Best trial: 9. Best value: 1.79718:  32%|███▏      | 16/50 [00:37<01:05,  1.94s/it]Best trial: 9. Best value: 1.79718:  34%|███▍      | 17/50 [00:37<01:07,  2.06s/it]D:\Python\realtime_estimate_tracker\venv_bds\lib\site-packages\xgboost\training.py:200: UserWarning: [22:03:47] WARNING: C:\actions-runner\_work\xgboost\xgboost\src\learner.cc:782: 
Parameters: { "devices", "task_type" } are not used.

  bst.update(dtrain, iteration=i, fobj=obj)
                                                                                   Best trial: 9. Best value: 1.79718:  34%|███▍      | 17/50 [00:38<01:07,  2.06s/it]Best trial: 9. Best value: 1.79718:  34%|███▍      | 17/50 [00:38<01:07,  2.06s/it]Best trial: 9. Best value: 1.79718:  36%|███▌      | 18/50 [00:38<01:00,  1.88s/it]D:\Python\realtime_estimate_tracker\venv_bds\lib\site-packages\xgboost\training.py:200: UserWarning: [22:03:49] WARNING: C:\actions-runner\_work\xgboost\xgboost\src\learner.cc:782: 
Parameters: { "devices", "task_type" } are not used.

  bst.update(dtrain, iteration=i, fobj=obj)
                                                                                   Best trial: 9. Best value: 1.79718:  36%|███▌      | 18/50 [00:43<01:00,  1.88s/it]Best trial: 9. Best value: 1.79718:  36%|███▌      | 18/50 [00:43<01:00,  1.88s/it]Best trial: 9. Best value: 1.79718:  38%|███▊      | 19/50 [00:43<01:27,  2.81s/it]D:\Python\realtime_estimate_tracker\venv_bds\lib\site-packages\xgboost\training.py:200: UserWarning: [22:03:54] WARNING: C:\actions-runner\_work\xgboost\xgboost\src\learner.cc:782: 
Parameters: { "devices", "task_type" } are not used.

  bst.update(dtrain, iteration=i, fobj=obj)
                                                                                   Best trial: 9. Best value: 1.79718:  38%|███▊      | 19/50 [00:46<01:27,  2.81s/it]Best trial: 9. Best value: 1.79718:  38%|███▊      | 19/50 [00:46<01:27,  2.81s/it]Best trial: 9. Best value: 1.79718:  40%|████      | 20/50 [00:46<01:24,  2.80s/it]D:\Python\realtime_estimate_tracker\venv_bds\lib\site-packages\xgboost\training.py:200: UserWarning: [22:03:57] WARNING: C:\actions-runner\_work\xgboost\xgboost\src\learner.cc:782: 
Parameters: { "devices", "task_type" } are not used.

  bst.update(dtrain, iteration=i, fobj=obj)
                                                                                   Best trial: 9. Best value: 1.79718:  40%|████      | 20/50 [00:48<01:24,  2.80s/it]Best trial: 9. Best value: 1.79718:  40%|████      | 20/50 [00:48<01:24,  2.80s/it]Best trial: 9. Best value: 1.79718:  42%|████▏     | 21/50 [00:48<01:11,  2.47s/it]D:\Python\realtime_estimate_tracker\venv_bds\lib\site-packages\xgboost\training.py:200: UserWarning: [22:03:58] WARNING: C:\actions-runner\_work\xgboost\xgboost\src\learner.cc:782: 
Parameters: { "devices", "task_type" } are not used.

  bst.update(dtrain, iteration=i, fobj=obj)
                                                                                   Best trial: 9. Best value: 1.79718:  42%|████▏     | 21/50 [00:49<01:11,  2.47s/it]Best trial: 9. Best value: 1.79718:  42%|████▏     | 21/50 [00:49<01:11,  2.47s/it]Best trial: 9. Best value: 1.79718:  44%|████▍     | 22/50 [00:49<00:56,  2.02s/it]D:\Python\realtime_estimate_tracker\venv_bds\lib\site-packages\xgboost\training.py:200: UserWarning: [22:03:59] WARNING: C:\actions-runner\_work\xgboost\xgboost\src\learner.cc:782: 
Parameters: { "devices", "task_type" } are not used.

  bst.update(dtrain, iteration=i, fobj=obj)
                                                                                   Best trial: 9. Best value: 1.79718:  44%|████▍     | 22/50 [00:50<00:56,  2.02s/it]Best trial: 9. Best value: 1.79718:  44%|████▍     | 22/50 [00:50<00:56,  2.02s/it]Best trial: 9. Best value: 1.79718:  46%|████▌     | 23/50 [00:50<00:52,  1.93s/it]D:\Python\realtime_estimate_tracker\venv_bds\lib\site-packages\xgboost\training.py:200: UserWarning: [22:04:01] WARNING: C:\actions-runner\_work\xgboost\xgboost\src\learner.cc:782: 
Parameters: { "devices", "task_type" } are not used.

  bst.update(dtrain, iteration=i, fobj=obj)
                                                                                   Best trial: 9. Best value: 1.79718:  46%|████▌     | 23/50 [00:52<00:52,  1.93s/it]Best trial: 9. Best value: 1.79718:  46%|████▌     | 23/50 [00:52<00:52,  1.93s/it]Best trial: 9. Best value: 1.79718:  48%|████▊     | 24/50 [00:52<00:47,  1.81s/it]D:\Python\realtime_estimate_tracker\venv_bds\lib\site-packages\xgboost\training.py:200: UserWarning: [22:04:03] WARNING: C:\actions-runner\_work\xgboost\xgboost\src\learner.cc:782: 
Parameters: { "devices", "task_type" } are not used.

  bst.update(dtrain, iteration=i, fobj=obj)
                                                                                   Best trial: 9. Best value: 1.79718:  48%|████▊     | 24/50 [00:54<00:47,  1.81s/it]Best trial: 9. Best value: 1.79718:  48%|████▊     | 24/50 [00:54<00:47,  1.81s/it]Best trial: 9. Best value: 1.79718:  50%|█████     | 25/50 [00:54<00:49,  1.98s/it]D:\Python\realtime_estimate_tracker\venv_bds\lib\site-packages\xgboost\training.py:200: UserWarning: [22:04:05] WARNING: C:\actions-runner\_work\xgboost\xgboost\src\learner.cc:782: 
Parameters: { "devices", "task_type" } are not used.

  bst.update(dtrain, iteration=i, fobj=obj)
                                                                                   Best trial: 9. Best value: 1.79718:  50%|█████     | 25/50 [00:57<00:49,  1.98s/it]Best trial: 9. Best value: 1.79718:  50%|█████     | 25/50 [00:57<00:49,  1.98s/it]Best trial: 9. Best value: 1.79718:  52%|█████▏    | 26/50 [00:57<00:55,  2.33s/it]D:\Python\realtime_estimate_tracker\venv_bds\lib\site-packages\xgboost\training.py:200: UserWarning: [22:04:08] WARNING: C:\actions-runner\_work\xgboost\xgboost\src\learner.cc:782: 
Parameters: { "devices", "task_type" } are not used.

  bst.update(dtrain, iteration=i, fobj=obj)
                                                                                   Best trial: 9. Best value: 1.79718:  52%|█████▏    | 26/50 [01:01<00:55,  2.33s/it]Best trial: 9. Best value: 1.79718:  52%|█████▏    | 26/50 [01:01<00:55,  2.33s/it]Best trial: 9. Best value: 1.79718:  54%|█████▍    | 27/50 [01:01<01:00,  2.65s/it]D:\Python\realtime_estimate_tracker\venv_bds\lib\site-packages\xgboost\training.py:200: UserWarning: [22:04:12] WARNING: C:\actions-runner\_work\xgboost\xgboost\src\learner.cc:782: 
Parameters: { "devices", "task_type" } are not used.

  bst.update(dtrain, iteration=i, fobj=obj)
                                                                                   Best trial: 9. Best value: 1.79718:  54%|█████▍    | 27/50 [01:04<01:00,  2.65s/it]Best trial: 9. Best value: 1.79718:  54%|█████▍    | 27/50 [01:04<01:00,  2.65s/it]Best trial: 9. Best value: 1.79718:  56%|█████▌    | 28/50 [01:04<01:01,  2.77s/it]D:\Python\realtime_estimate_tracker\venv_bds\lib\site-packages\xgboost\training.py:200: UserWarning: [22:04:15] WARNING: C:\actions-runner\_work\xgboost\xgboost\src\learner.cc:782: 
Parameters: { "devices", "task_type" } are not used.

  bst.update(dtrain, iteration=i, fobj=obj)
                                                                                   Best trial: