[I 2026-04-01 22:09:26,240] Trial 49 finished with value: 1.9756334783260132 and parameters: {'n_estimators': 1002, 'learning_rate': 0.010433284561627515, 'max_depth': 6, 'subsample': 0.8211957470351733, 'colsample_bytree': 0.8831595337329052, 'min_child_weight': 1}. Best is trial 41 with value: 1.6444716297894075.
✅ Tham số tối ưu nhất từ Optuna: {'n_estimators': 1294, 'learning_rate': 0.010674027409034342, 'max_depth': 15, 'subsample': 0.8421991413324195, 'colsample_bytree': 0.9766346823016799, 'min_child_weight': 1}
MAE của mô hình XGBoost: 1.6453
R² của mô hình XGBoost: 0.9279
🥊 Đang so sánh... Champion MAE: 1.6245 vs Challenger MAE: 1.6453
🛡️ Champion bảo vệ ngôi vương. Giữ nguyên mô hình cũ.
[Wed 04/01/2026 22:09:34.93] [4/4] Dang dong bo AI Model (qua LFS) len GitHub... 
[main 2e6c512] Auto-update AI Model: Wed 04/01/2026 22:09:37.06
 2 files changed, 333 insertions(+)
remote: This repository moved. Please use the new location:        
remote:   https://github.com/HieuNT316/hanoi-house-price-prediction.git        
To https://github.com/Alexus143/hanoi-house-price-prediction.git
   cd0d484..2e6c512  main -> main
========================================= 
[Thu 04/02/2026 22:00:02.53] [1/4] Dang cao chi tiet BĐS... 
🔍 Đang cấu hình Database với: postgres.kkwivuufxdewurmxtsto@aws-1-ap-southeast-1.pooler.supabase.com:5432/postgres

[DetailSpider] Khởi động luồng làm giàu dữ liệu (Limit: 50 bài/lượt)...
✅ Đã kết nối thành công tới PostgreSQL.
[Browser] Đang khởi tạo trình duyệt...
[Browser] Phát hiện Chrome (Windows): Version 139

[DetailSpider] Đang cào (1/25): https://batdongsan.com.vn/ban-nha-mat-pho-duong-quang-trung-phuong-quang-trung-17-15/giam-2-ty-ban-nhanh-ha-ong-51m2-4-tang-kinh-doanh-15-2-ty-pr45455913
  -> Lấy được 5/6 feature chi tiết.

[DetailSpider] Đang cào (2/25): https://batdongsan.com.vn/ban-nha-mat-pho-duong-to-huu-phuong-la-khe-15/giam-tiep-2-ty-ban-80m2-6-tang-sau-thoang-co-ham-mt-5-5m-pr45453203
  -> Lấy được 5/6 feature chi tiết.

[DetailSpider] Đang cào (3/25): https://batdongsan.com.vn/ban-nha-biet-thu-lien-ke-phuong-yen-nghia-1-sol-lake-villa/chinh-chu-ban-nhanh-lk-o-100m2-mat-truoc-thoang-gia-thien-chi-pr45451750
  -> Lấy được 5/6 feature chi tiết.

[DetailSpider] Đang cào (4/25): https://batdongsan.com.vn/ban-can-ho-chung-cu-phuong-duong-noi-an-binh-homeland/ban-duplex-vip-dien-tich-137m2-3-ngu-2-vs-view-panorama-toan-thanh-pho-gia-ngang-3-ngu-pr45451412
  -> Lấy được 0/6 feature chi tiết.

[DetailSpider] Đang cào (5/25): https://batdongsan.com.vn/ban-can-ho-chung-cu-pho-xom-phuong-phu-lam-1-the-vesta/chinh-chu-ban-3-ngu-co-cho-e-o-to-sang-ten-uoc-ngay-oi-dien-ai-hoc-ai-nam-pr45384174
  -> Lấy được 2/6 feature chi tiết.

[DetailSpider] Đang cào (6/25): https://batdongsan.com.vn/ban-can-ho-chung-cu-phuong-mo-lao-mulberry-lane/chinh-chu-ban-duplex-180m2-tai-15-8-ty-4pn-3wc-ay-u-noi-that-cao-cap-pr45414615
  -> Lấy được 3/6 feature chi tiết.

[DetailSpider] Đang cào (7/25): https://batdongsan.com.vn/ban-can-ho-chung-cu-phuong-mo-lao-mulberry-lane/chinh-chu-ban-gap-2pn-dt-89-3m2-tai-full-do-nha-moi-tinh-it-su-dung-shld-pr44728786
  -> Lấy được 3/6 feature chi tiết.

[DetailSpider] Đang cào (8/25): https://batdongsan.com.vn/ban-can-ho-chung-cu-phuong-mo-lao-thap-doi-kepler-land/ban-2pn-1-view-ep-tai-oi-7-8-ty-82-m2-ha-ong-pr45458723
  -> Lấy được 2/6 feature chi tiết.

[DetailSpider] Đang cào (9/25): https://batdongsan.com.vn/ban-can-ho-chung-cu-duong-quang-trung-phuong-quang-trung-17-toa-thap-thien-nien-ky-hatay-millennium/chi-5-35-ty-so-huu-ngay-2pn-full-o-noi-that-lh-pr45456917
  -> Lấy được 2/6 feature chi tiết.

[DetailSpider] Đang cào (10/25): https://batdongsan.com.vn/ban-can-ho-chung-cu-duong-to-huu-phuong-la-khe-the-charm-an-hung/ben-em-co-quy-chuyen-nhuong-tai-du-dien-tich-tu-54-96m-lien-he-pr45458624
  -> Lấy được 2/6 feature chi tiết.

[DetailSpider] Đang cào (11/25): https://batdongsan.com.vn/ban-can-ho-chung-cu-duong-tran-phu-phuong-van-quan-sdu-143-tran-phu/chinh-chu-ban-toa-143-dien-tich-55-7m-2pn-2wc-gia-4-25-ty-tang-trung-pr45373309
  -> Lấy được 1/6 feature chi tiết.

[DetailSpider] Đang cào (12/25): https://batdongsan.com.vn/ban-nha-biet-thu-lien-ke-phuong-phu-la-khu-do-thi-moi-van-phu/quy-can-o-30-can-va-8-can-gia-tu-15-ty-100-ty-he-em-vinh-pr45385371
  -> Lấy được 6/6 feature chi tiết.

[DetailSpider] Đang cào (13/25): https://batdongsan.com.vn/ban-nha-rieng-pho-phung-hung-1-phuong-van-quan-15/ban-phuc-la-ngay-vien-103-31m-5tang-noi-that-co-ban-day-du-gia-chi-6-2ty-pr45061783
  -> Lấy được 0/6 feature chi tiết.

[DetailSpider] Đang cào (14/25): https://batdongsan.com.vn/ban-can-ho-chung-cu-phuong-yen-nghia-1-ct2-yen-nghia/gia-chu-tho-oxy-ban-gap-trong-tuan-90m-toa-btl-nghia-pr45455163
  -> Lấy được 3/6 feature chi tiết.

[DetailSpider] Đang cào (15/25): https://batdongsan.com.vn/ban-can-ho-chung-cu-duong-le-quang-dao-phuong-duong-noi-anland-lakeview/ban-gap-anlan-ao-view-aeon-mall-ha-ong-78m2-hon-6-ty-097899696-pr45454882
  -> Lấy được 2/6 feature chi tiết.

[DetailSpider] Đang cào (16/25): https://batdongsan.com.vn/ban-nha-rieng-duong-quang-trung-phuong-duong-noi-15/ban-canh-pho-ha-ong-pr45454792
  -> Lấy được 6/6 feature chi tiết.

[DetailSpider] Đang cào (17/25): https://batdongsan.com.vn/ban-nha-biet-thu-lien-ke-duong-le-trong-tan-phuong-duong-noi-khu-do-thi-geleximco-le-trong-tan/ban-d-o-gelexemco-ha-ong-pr45454665
  -> Lấy được 6/6 feature chi tiết.

[DetailSpider] Đang cào (18/25): https://batdongsan.com.vn/ban-can-ho-chung-cu-duong-ba-la-phuong-phu-la-chung-cu-vinaconex-21/ban-21-6-7-ty-97-m2-2pn-2wc-tai-ha-dong-pr44957634
  -> Lấy được 3/6 feature chi tiết.

[DetailSpider] Đang cào (19/25): https://batdongsan.com.vn/ban-nha-biet-thu-lien-ke-pho-phung-hung-1-phuong-phuc-la-khu-do-thi-moi-xa-la/ban-k-t-xala-80m-5t-oto-ngu-tronh-thang-may-16-ty-ep-nhat-ha-ong-pr45453792
  -> Lấy được 0/6 feature chi tiết.

[DetailSpider] Đang cào (20/25): https://batdongsan.com.vn/ban-can-ho-chung-cu-pho-phung-hung-1-phuong-phuc-la-15/ban-toa-a3-sat-hoc-vien-quan-y-2pn-2wc-70m-gia-thien-chi-pr45452054
  -> Lấy được 1/6 feature chi tiết.

[DetailSpider] Đang cào (21/25): https://batdongsan.com.vn/ban-dat-duong-to-huu-phuong-la-khe-15/at-dv-noi-50m2-gia-hon-10-ty-1-lo-duy-nhat-pr45451624
  -> Lấy được 0/6 feature chi tiết.

[DetailSpider] Đang cào (22/25): https://batdongsan.com.vn/ban-can-ho-chung-cu-duong-tran-phu-phuong-van-quan-grand-sunlake/ban-70m2-so-lau-dai-gia-re-nhat-thi-truong-6-1-ty-lh-gap-truc-tiep-chu-nha-pr45450481
  -> Lấy được 3/6 feature chi tiết.

[DetailSpider] Đang cào (23/25): https://batdongsan.com.vn/ban-can-ho-chung-cu-phuong-la-khe-hpc-landmark-105/ban-gap-quy-2-3-4pn-tai-105-to-huu-trung-tam-ha-dong-gia-chi-tu-4ty7-pr43467587
  -> Lấy được 3/6 feature chi tiết.

[DetailSpider] Đang cào (24/25): https://batdongsan.com.vn/ban-nha-rieng-duong-quang-trung-phuong-yen-nghia-1-15/so-o-chinh-chu-khu-at-gan-nut-giao-vanh-ai-4-voi-quoc-lo-6-pr45425671
  -> Lấy được 6/6 feature chi tiết.

[DetailSpider] Đang cào (25/25): https://batdongsan.com.vn/ban-nha-biet-thu-lien-ke-duong-21b-phuong-phu-luong-3-khu-do-thi-moi-phu-luong-21515/ban-dat-2-ql21b-o-to-tranh-50m2-2-tang-5x10m-hop-o-dau-tu-pr44807967
  -> Lấy được 4/6 feature chi tiết.

[DetailSpider] Hoàn thành. Cập nhật thành công 25/25 bài đăng.
[Thu 04/02/2026 22:06:45.08] [2/4] Dang clean du lieu... 
🔍 Đang cấu hình Database với: postgres.kkwivuufxdewurmxtsto@aws-1-ap-southeast-1.pooler.supabase.com:5432/postgres
✅ Đã kết nối thành công tới PostgreSQL.
🔄 Upsert thành công 5582 bản ghi vào 'bds_hadong'.
✅ Đã cập nhật cột legal_status và furniture thành công.
[Thu 04/02/2026 22:07:02.71] [3/4] Dang huan luyen AI tren du lieu moi... 
🔍 Đang cấu hình Database với: postgres.kkwivuufxdewurmxtsto@aws-1-ap-southeast-1.pooler.supabase.com:5432/postgres
[I 2026-04-02 22:07:28,540] A new study created in memory with name: no-name-f8a5a7e2-4c36-45cc-a3ec-c8d36049da5e
✅ Đã kết nối thành công tới PostgreSQL.
  0%|          | 0/50 [00:00<?, ?it/s]D:\Python\realtime_estimate_tracker\venv_bds\lib\site-packages\xgboost\training.py:200: UserWarning: [22:07:29] WARNING: C:\actions-runner\_work\xgboost\xgboost\src\learner.cc:782: 
Parameters: { "devices", "task_type" } are not used.

  bst.update(dtrain, iteration=i, fobj=obj)
                                        0%|          | 0/50 [00:02<?, ?it/s]Best trial: 0. Best value: 1.93094:   0%|          | 0/50 [00:02<?, ?it/s]Best trial: 0. Best value: 1.93094:   2%|▏         | 1/50 [00:02<02:19,  2.84s/it]D:\Python\realtime_estimate_tracker\venv_bds\lib\site-packages\xgboost\training.py:200: UserWarning: [22:07:31] WARNING: C:\actions-runner\_work\xgboost\xgboost\src\learner.cc:782: 
Parameters: { "devices", "task_type" } are not used.

  bst.update(dtrain, iteration=i, fobj=obj)
                                                                                  Best trial: 0. Best value: 1.93094:   2%|▏         | 1/50 [00:06<02:19,  2.84s/it]Best trial: 1. Best value: 1.86434:   2%|▏         | 1/50 [00:06<02:19,  2.84s/it]Best trial: 1. Best value: 1.86434:   4%|▍         | 2/50 [00:06<02:36,  3.26s/it]D:\Python\realtime_estimate_tracker\venv_bds\lib\site-packages\xgboost\training.py:200: UserWarning: [22:07:34] WARNING: C:\actions-runner\_work\xgboost\xgboost\src\learner.cc:782: 
Parameters: { "devices", "task_type" } are not used.

  bst.update(dtrain, iteration=i, fobj=obj)
                                                                                  Best trial: 1. Best value: 1.86434:   4%|▍         | 2/50 [00:10<02:36,  3.26s/it]Best trial: 2. Best value: 1.78855:   4%|▍         | 2/50 [00:10<02:36,  3.26s/it]Best trial: 2. Best value: 1.78855:   6%|▌         | 3/50 [00:10<02:58,  3.80s/it]D:\Python\realtime_estimate_tracker\venv_bds\lib\site-packages\xgboost\training.py:200: UserWarning: [22:07:39] WARNING: C:\actions-runner\_work\xgboost\xgboost\src\learner.cc:782: 
Parameters: { "devices", "task_type" } are not used.

  bst.update(dtrain, iteration=i, fobj=obj)
                                                                                  Best trial: 2. Best value: 1.78855:   6%|▌         | 3/50 [00:13<02:58,  3.80s/it]Best trial: 2. Best value: 1.78855:   6%|▌         | 3/50 [00:13<02:58,  3.80s/it]Best trial: 2. Best value: 1.78855:   8%|▊         | 4/50 [00:13<02:25,  3.17s/it]D:\Python\realtime_estimate_tracker\venv_bds\lib\site-packages\xgboost\training.py:200: UserWarning: [22:07:41] WARNING: C:\actions-runner\_work\xgboost\xgboost\src\learner.cc:782: 
Parameters: { "devices", "task_type" } are not used.

  bst.update(dtrain, iteration=i, fobj=obj)
                                                                                  Best trial: 2. Best value: 1.78855:   8%|▊         | 4/50 [00:14<02:25,  3.17s/it]Best trial: 2. Best value: 1.78855:   8%|▊         | 4/50 [00:14<02:25,  3.17s/it]Best trial: 2. Best value: 1.78855:  10%|█         | 5/50 [00:14<01:47,  2.40s/it]D:\Python\realtime_estimate_tracker\venv_bds\lib\site-packages\xgboost\training.py:200: UserWarning: [22:07:42] WARNING: C:\actions-runner\_work\xgboost\xgboost\src\learner.cc:782: 
Parameters: { "devices", "task_type" } are not used.

  bst.update(dtrain, iteration=i, fobj=obj)
                                                                                  Best trial: 2. Best value: 1.78855:  10%|█         | 5/50 [00:16<01:47,  2.40s/it]Best trial: 2. Best value: 1.78855:  10%|█         | 5/50 [00:16<01:47,  2.40s/it]Best trial: 2. Best value: 1.78855:  12%|█▏        | 6/50 [00:16<01:48,  2.46s/it]D:\Python\realtime_estimate_tracker\venv_bds\lib\site-packages\xgboost\training.py:200: UserWarning: [22:07:45] WARNING: C:\actions-runner\_work\xgboost\xgboost\src\learner.cc:782: 
Parameters: { "devices", "task_type" } are not used.

  bst.update(dtrain, iteration=i, fobj=obj)
                                                                                  Best trial: 2. Best value: 1.78855:  12%|█▏        | 6/50 [00:21<01:48,  2.46s/it]Best trial: 2. Best value: 1.78855:  12%|█▏        | 6/50 [00:21<01:48,  2.46s/it]Best trial: 2. Best value: 1.78855:  14%|█▍        | 7/50 [00:21<02:19,  3.26s/it]D:\Python\realtime_estimate_tracker\venv_bds\lib\site-packages\xgboost\training.py:200: UserWarning: [22:07:50] WARNING: C:\actions-runner\_work\xgboost\xgboost\src\learner.cc:782: 
Parameters: { "devices", "task_type" } are not used.

  bst.update(dtrain, iteration=i, fobj=obj)
                                                                                  Best trial: 2. Best value: 1.78855:  14%|█▍        | 7/50 [00:26<02:19,  3.26s/it]Best trial: 2. Best value: 1.78855:  14%|█▍        | 7/50 [00:26<02:19,  3.26s/it]Best trial: 2. Best value: 1.78855:  16%|█▌        | 8/50 [00:26<02:40,  3.81s/it]D:\Python\realtime_estimate_tracker\venv_bds\lib\site-packages\xgboost\training.py:200: UserWarning: [22:07:55] WARNING: C:\actions-runner\_work\xgboost\xgboost\src\learner.cc:782: 
Parameters: { "devices", "task_type" } are not used.

  bst.update(dtrain, iteration=i, fobj=obj)
                                                                                  Best trial: 2. Best value: 1.78855:  16%|█▌        | 8/50 [00:27<02:40,  3.81s/it]Best trial: 2. Best value: 1.78855:  16%|█▌        | 8/50 [00:27<02:40,  3.81s/it]Best trial: 2. Best value: 1.78855:  18%|█▊        | 9/50 [00:27<01:56,  2.84s/it]D:\Python\realtime_estimate_tracker\venv_bds\lib\site-packages\xgboost\training.py:200: UserWarning: [22:07:55] WARNING: C:\actions-runner\_work\xgboost\xgboost\src\learner.cc:782: 
Parameters: { "devices", "task_type" } are not used.

  bst.update(dtrain, iteration=i, fobj=obj)
                                                                                  Best trial: 2. Best value: 1.78855:  18%|█▊        | 9/50 [00:29<01:56,  2.84s/it]Best trial: 2. Best value: 1.78855:  18%|█▊        | 9/50 [00:29<01:56,  2.84s/it]Best trial: 2. Best value: 1.78855:  20%|██        | 10/50 [00:29<01:43,  2.59s/it]D:\Python\realtime_estimate_tracker\venv_bds\lib\site-packages\xgboost\training.py:200: UserWarning: [22:07:57] WARNING: C:\actions-runner\_work\xgboost\xgboost\src\learner.cc:782: 
Parameters: { "devices", "task_type" } are not used.

  bst.update(dtrain, iteration=i, fobj=obj)
                                                                                   Best trial: 2. Best value: 1.78855:  20%|██        | 10/50 [00:34<01:43,  2.59s/it]Best trial: 2. Best value: 1.78855:  20%|██        | 10/50 [00:34<01:43,  2.59s/it]Best trial: 2. Best value: 1.78855:  22%|██▏       | 11/50 [00:34<02:10,  3.33s/it]D:\Python\realtime_estimate_tracker\venv_bds\lib\site-packages\xgboost\training.py:200: UserWarning: [22:08:02] WARNING: C:\actions-runner\_work\xgboost\xgboost\src\learner.cc:782: 
Parameters: { "devices", "task_type" } are not used.

  bst.update(dtrain, iteration=i, fobj=obj)
                                                                                   Best trial: 2. Best value: 1.78855:  22%|██▏       | 11/50 [00:39<02:10,  3.33s/it]Best trial: 2. Best value: 1.78855:  22%|██▏       | 11/50 [00:39<02:10,  3.33s/it]Best trial: 2. Best value: 1.78855:  24%|██▍       | 12/50 [00:39<02:24,  3.79s/it]D:\Python\realtime_estimate_tracker\venv_bds\lib\site-packages\xgboost\training.py:200: UserWarning: [22:08:07] WARNING: C:\actions-runner\_work\xgboost\xgboost\src\learner.cc:782: 
Parameters: { "devices", "task_type" } are not used.

  bst.update(dtrain, iteration=i, fobj=obj)
                                                                                   Best trial: 2. Best value: 1.78855:  24%|██▍       | 12/50 [00:43<02:24,  3.79s/it]Best trial: 2. Best value: 1.78855:  24%|██▍       | 12/50 [00:43<02:24,  3.79s/it]Best trial: 2. Best value: 1.78855:  26%|██▌       | 13/50 [00:43<02:28,  4.02s/it]D:\Python\realtime_estimate_tracker\venv_bds\lib\site-packages\xgboost\training.py:200: UserWarning: [22:08:12] WARNING: C:\actions-runner\_work\xgboost\xgboost\src\learner.cc:782: 
Parameters: { "devices", "task_type" } are not used.

  bst.update(dtrain, iteration=i, fobj=obj)
                                                                                   Best trial: 2. Best value: 1.78855:  26%|██▌       | 13/50 [00:47<02:28,  4.02s/it]Best trial: 2. Best value: 1.78855:  26%|██▌       | 13/50 [00:47<02:28,  4.02s/it]Best trial: 2. Best value: 1.78855:  28%|██▊       | 14/50 [00:47<02:18,  3.86s/it]D:\Python\realtime_estimate_tracker\venv_bds\lib\site-packages\xgboost\training.py:200: UserWarning: [22:08:15] WARNING: C:\actions-runner\_work\xgboost\xgboost\src\learner.cc:782: 
Parameters: { "devices", "task_type" } are not used.

  bst.update(dtrain, iteration=i, fobj=obj)
                                                                                   Best trial: 2. Best value: 1.78855:  28%|██▊       | 14/50 [00:51<02:18,  3.86s/it]Best trial: 2. Best value: 1.78855:  28%|██▊       | 14/50 [00:51<02:18,  3.86s/it]Best trial: 2. Best value: 1.78855:  30%|███       | 15/50 [00:51<02:20,  4.02s/it]D:\Python\realtime_estimate_tracker\venv_bds\lib\site-packages\xgboost\training.py:200: UserWarning: [22:08:20] WARNING: C:\actions-runner\_work\xgboost\xgboost\src\learner.cc:782: 
Parameters: { "devices", "task_type" } are not used.

  bst.update(dtrain, iteration=i, fobj=obj)
                                                                                   Best trial: 2. Best value: 1.78855:  30%|███       | 15/50 [00:55<02:20,  4.02s/it]Best trial: 2. Best value: 1.78855:  30%|███       | 15/50 [00:55<02:20,  4.02s/it]Best trial: 2. Best value: 1.78855:  32%|███▏      | 16/50 [00:55<02:11,  3.86s/it]D:\Python\realtime_estimate_tracker\venv_bds\lib\site-packages\xgboost\training.py:200: UserWarning: [22:08:23] WARNING: C:\actions-runner\_work\xgboost\xgboost\src\learner.cc:782: 
Parameters: { "devices", "task_type" } are not used.

  bst.update(dtrain, iteration=i, fobj=obj)
                                                                                   Best trial: 2. Best value: 1.78855:  32%|███▏      | 16/50 [01:01<02:11,  3.86s/it]Best trial: 16. Best value: 1.78307:  32%|███▏      | 16/50 [01:01<02:11,  3.86s/it]Best trial: 16. Best value: 1.78307:  34%|███▍      | 17/50 [01:01<02:34,  4.68s/it]D:\Python\realtime_estimate_tracker\venv_bds\lib\site-packages\xgboost\training.py:200: UserWarning: [22:08:30] WARNING: C:\actions-runner\_work\xgboost\xgboost\src\learner.cc:782: 
Parameters: { "devices", "task_type" } are not used.

  bst.update(dtrain, iteration=i, fobj=obj)
                                                                                    Best trial: 16. Best value: 1.78307:  34%|███▍      | 17/50 [01:07<02:34,  4.68s/it]Best trial: 16. Best value: 1.78307:  34%|███▍      | 17/50 [01:07<02:34,  4.68s/it]Best trial: 16. Best value: 1.78307:  36%|███▌      | 18/50 [01:07<02:43,  5.11s/it]D:\Python\realtime_estimate_tracker\venv_bds\lib\site-packages\xgboost\training.py:200: UserWarning: [22:08:36] WARNING: C:\actions-runner\_work\xgboost\xgboost\src\learner.cc:782: 
Parameters: { "devices", "task_type" } are not used.

  bst.update(dtrain, iteration=i, fobj=obj)
                                                                                    Best trial: 16. Best value: 1.78307:  36%|███▌      | 18/50 [01:14<02:43,  5.11s/it]Best trial: 18. Best value: 1.76784:  36%|███▌      | 18/50 [01:14<02:43,  5.11s/it]Best trial: 18. Best value: 1.76784:  38%|███▊      | 19/50 [01:14<02:53,  5.59s/it]D:\Python\realtime_estimate_tracker\venv_bds\lib\site-packages\xgboost\training.py:200: UserWarning: [22:08:43] WARNING: C:\actions-runner\_work\xgboost\xgboost\src\learner.cc:782: 
Parameters: { "devices", "task_type" } are not used.

  bst.update(dtrain, iteration=i, fobj=obj)
                                                                                    Best trial: 18. Best value: 1.76784:  38%|███▊      | 19/50 [01:20<02:53,  5.59s/it]Best trial: 18. Best value: 1.76784:  38%|███▊      | 19/50 [01:20<02:53,  5.59s/it]Best trial: 18. Best value: 1.76784:  40%|████      | 20/50 [01:20<02:50,  5.70s/it]D:\Python\realtime_estimate_tracker\venv_bds\lib\site-packages\xgboost\training.py:200: UserWarning: [22:08:49] WARNING: C:\actions-runner\_work\xgboost\xgboost\src\learner.cc:782: 
Parameters: { "devices", "task_type" } are not used.

  bst.update(dtrain, iteration=i, fobj=obj)
                                                                                    Best trial: 18. Best value: 1.76784:  40%|████      | 20/50 [01:25<02:50,  5.70s/it]Best trial: 18. Best value: 1.76784:  40%|████      | 20/50 [01:25<02:50,  5.70s/it]Best trial: 18. Best value: 1.76784:  42%|████▏     | 21/50 [01:25<02:37,  5.43s/it]D:\Python\realtime_estimate_tracker\venv_bds\lib\site-packages\xgboost\training.py:200: UserWarning: [22:08:53] WARNING: C:\actions-runner\_work\xgboost\xgboost\src\learner.cc:782: 
Parameters: { "devices", "task_type" } are not used.

  bst.update(dtrain, iteration=i, fobj=obj)
                                                                                    Best trial: 18. Best value: 1.76784:  42%|████▏     | 21/50 [01:31<02:37,  5.43s/it]Best trial: 18. Best value: 1.76784:  42%|████▏     | 21/50 [01:31<02:37,  5.43s/it]Best trial: 18. Best value: 1.76784:  44%|████▍     | 22/50 [01:31<02:39,  5.68s/it]D:\Python\realtime_estimate_tracker\venv_bds\lib\site-packages\xgboost\training.py:200: UserWarning: [22:09:00] WARNING: C:\actions-runner\_work\xgboost\xgboost\src\learner.cc:782: 
Parameters: { "devices", "task_type" } are not used.

  bst.update(dtrain, iteration=i, fobj=obj)
                                                                               