[I 2026-04-12 22:08:07,247] Trial 0 finished with value: 1.8461693287271541 and parameters: {'n_estimators': 1405, 'learning_rate': 0.02858616483683945, 'max_depth': 10, 'subsample': 0.8595362524602735, 'colsample_bytree': 0.8927727542098329, 'min_child_weight': 9}. Best is trial 0 with value: 1.8461693287271541.
[I 2026-04-12 22:08:11,112] Trial 1 finished with value: 1.979409288022204 and parameters: {'n_estimators': 1191, 'learning_rate': 0.009075208731753232, 'max_depth': 8, 'subsample': 0.7760708891330401, 'colsample_bytree': 0.6666129785787642, 'min_child_weight': 4}. Best is trial 0 with value: 1.8461693287271541.
[I 2026-04-12 22:08:13,534] Trial 2 finished with value: 1.8567548690172608 and parameters: {'n_estimators': 399, 'learning_rate': 0.03591436643591366, 'max_depth': 15, 'subsample': 0.9294452139735432, 'colsample_bytree': 0.845258577827839, 'min_child_weight': 10}. Best is trial 0 with value: 1.8461693287271541.
[I 2026-04-12 22:08:15,863] Trial 3 finished with value: 1.9099902743321635 and parameters: {'n_estimators': 778, 'learning_rate': 0.03832860599731509, 'max_depth': 8, 'subsample': 0.8707509995361092, 'colsample_bytree': 0.889347546005042, 'min_child_weight': 7}. Best is trial 0 with value: 1.8461693287271541.
[I 2026-04-12 22:08:17,052] Trial 4 finished with value: 2.0556721493246886 and parameters: {'n_estimators': 328, 'learning_rate': 0.0234811615448014, 'max_depth': 12, 'subsample': 0.6128782626399968, 'colsample_bytree': 0.605838670359061, 'min_child_weight': 9}. Best is trial 0 with value: 1.8461693287271541.
[I 2026-04-12 22:08:26,016] Trial 5 finished with value: 1.877718835502419 and parameters: {'n_estimators': 1498, 'learning_rate': 0.027849225442827776, 'max_depth': 9, 'subsample': 0.8129747768216451, 'colsample_bytree': 0.6243714042996382, 'min_child_weight': 1}. Best is trial 0 with value: 1.8461693287271541.
[I 2026-04-12 22:08:30,122] Trial 6 finished with value: 1.9373552802920133 and parameters: {'n_estimators': 936, 'learning_rate': 0.06449061822654496, 'max_depth': 7, 'subsample': 0.8510261963126831, 'colsample_bytree': 0.9577174817433389, 'min_child_weight': 10}. Best is trial 0 with value: 1.8461693287271541.
[I 2026-04-12 22:08:34,852] Trial 7 finished with value: 1.9403828509625591 and parameters: {'n_estimators': 1433, 'learning_rate': 0.008564522158745935, 'max_depth': 8, 'subsample': 0.7909572677042238, 'colsample_bytree': 0.7122911094211777, 'min_child_weight': 4}. Best is trial 0 with value: 1.8461693287271541.
[I 2026-04-12 22:08:38,992] Trial 8 finished with value: 1.8524346910233103 and parameters: {'n_estimators': 774, 'learning_rate': 0.00808086562280215, 'max_depth': 10, 'subsample': 0.9904158472071158, 'colsample_bytree': 0.8599045049795786, 'min_child_weight': 1}. Best is trial 0 with value: 1.8461693287271541.
[I 2026-04-12 22:08:41,152] Trial 9 finished with value: 1.8733988373547843 and parameters: {'n_estimators': 530, 'learning_rate': 0.01880951429956778, 'max_depth': 12, 'subsample': 0.8067369567099967, 'colsample_bytree': 0.9761172853626647, 'min_child_weight': 8}. Best is trial 0 with value: 1.8461693287271541.
[I 2026-04-12 22:08:44,045] Trial 10 finished with value: 2.0142276685675786 and parameters: {'n_estimators': 1074, 'learning_rate': 0.09789524657466135, 'max_depth': 5, 'subsample': 0.6962740208907846, 'colsample_bytree': 0.7540317811530997, 'min_child_weight': 6}. Best is trial 0 with value: 1.8461693287271541.
[I 2026-04-12 22:08:48,594] Trial 11 finished with value: 1.8872426233864705 and parameters: {'n_estimators': 723, 'learning_rate': 0.00525532417170993, 'max_depth': 11, 'subsample': 0.9859511898245191, 'colsample_bytree': 0.8671338580437108, 'min_child_weight': 1}. Best is trial 0 with value: 1.8461693287271541.
[I 2026-04-12 22:08:56,650] Trial 12 finished with value: 1.8029490164679114 and parameters: {'n_estimators': 1260, 'learning_rate': 0.013816209166251703, 'max_depth': 14, 'subsample': 0.9982134634611649, 'colsample_bytree': 0.8079081643555598, 'min_child_weight': 3}. Best is trial 12 with value: 1.8029490164679114.
[I 2026-04-12 22:09:03,531] Trial 13 finished with value: 1.7930179967994813 and parameters: {'n_estimators': 1291, 'learning_rate': 0.015045514102903548, 'max_depth': 15, 'subsample': 0.9247440073757551, 'colsample_bytree': 0.7891267174532592, 'min_child_weight': 4}. Best is trial 13 with value: 1.7930179967994813.
[I 2026-04-12 22:09:10,086] Trial 14 finished with value: 1.8014581474047249 and parameters: {'n_estimators': 1252, 'learning_rate': 0.014414015237135659, 'max_depth': 15, 'subsample': 0.9311542629696364, 'colsample_bytree': 0.7875653367645423, 'min_child_weight': 3}. Best is trial 13 with value: 1.7930179967994813.
[I 2026-04-12 22:09:17,412] Trial 15 finished with value: 1.8168790139948163 and parameters: {'n_estimators': 1237, 'learning_rate': 0.012469418577798881, 'max_depth': 14, 'subsample': 0.9001133208631884, 'colsample_bytree': 0.7563253774977756, 'min_child_weight': 3}. Best is trial 13 with value: 1.7930179967994813.
[I 2026-04-12 22:09:22,025] Trial 16 finished with value: 1.8368110607987211 and parameters: {'n_estimators': 998, 'learning_rate': 0.0156250610728733, 'max_depth': 15, 'subsample': 0.9468665811927119, 'colsample_bytree': 0.7881771709581409, 'min_child_weight': 5}. Best is trial 13 with value: 1.7930179967994813.
[I 2026-04-12 22:09:27,733] Trial 17 finished with value: 1.8893359023156444 and parameters: {'n_estimators': 1125, 'learning_rate': 0.005183474330465401, 'max_depth': 13, 'subsample': 0.7354327725174171, 'colsample_bytree': 0.7244260108224968, 'min_child_weight': 3}. Best is trial 13 with value: 1.7930179967994813.
[I 2026-04-12 22:09:33,518] Trial 18 finished with value: 1.8132075120898812 and parameters: {'n_estimators': 1320, 'learning_rate': 0.012840714303025764, 'max_depth': 13, 'subsample': 0.9381559801040142, 'colsample_bytree': 0.8133493167922706, 'min_child_weight': 5}. Best is trial 13 with value: 1.7930179967994813.
[I 2026-04-12 22:09:39,573] Trial 19 finished with value: 1.828032087825643 and parameters: {'n_estimators': 1054, 'learning_rate': 0.047703351752767985, 'max_depth': 15, 'subsample': 0.8979551932374291, 'colsample_bytree': 0.6741520804739162, 'min_child_weight': 2}. Best is trial 13 with value: 1.7930179967994813.
[I 2026-04-12 22:09:48,340] Trial 20 finished with value: 1.8094049816140207 and parameters: {'n_estimators': 1332, 'learning_rate': 0.020123434981377596, 'max_depth': 13, 'subsample': 0.9565068671083761, 'colsample_bytree': 0.9198055374452764, 'min_child_weight': 6}. Best is trial 13 with value: 1.7930179967994813.
[I 2026-04-12 22:09:55,775] Trial 21 finished with value: 1.8078471178192181 and parameters: {'n_estimators': 1243, 'learning_rate': 0.01113552221550429, 'max_depth': 14, 'subsample': 0.9965343408824683, 'colsample_bytree': 0.8088253187420675, 'min_child_weight': 3}. Best is trial 13 with value: 1.7930179967994813.
[I 2026-04-12 22:10:03,855] Trial 22 finished with value: 1.8031875514342153 and parameters: {'n_estimators': 1328, 'learning_rate': 0.015651581938027983, 'max_depth': 14, 'subsample': 0.9087709598089321, 'colsample_bytree': 0.7769538970497479, 'min_child_weight': 4}. Best is trial 13 with value: 1.7930179967994813.
[I 2026-04-12 22:10:13,346] Trial 23 finished with value: 1.787937429457146 and parameters: {'n_estimators': 1172, 'learning_rate': 0.007130791240448511, 'max_depth': 15, 'subsample': 0.9661337293834877, 'colsample_bytree': 0.8245668266559412, 'min_child_weight': 2}. Best is trial 23 with value: 1.787937429457146.
[I 2026-04-12 22:10:23,569] Trial 24 finished with value: 1.7899648591894297 and parameters: {'n_estimators': 1131, 'learning_rate': 0.006573966815655316, 'max_depth': 15, 'subsample': 0.9602762449191211, 'colsample_bytree': 0.8248655549723867, 'min_child_weight': 2}. Best is trial 23 with value: 1.787937429457146.
[I 2026-04-12 22:10:31,396] Trial 25 finished with value: 1.804686490434977 and parameters: {'n_estimators': 1140, 'learning_rate': 0.006449716805529251, 'max_depth': 13, 'subsample': 0.9608537589399461, 'colsample_bytree': 0.8320037776644361, 'min_child_weight': 2}. Best is trial 23 with value: 1.787937429457146.
[I 2026-04-12 22:10:37,686] Trial 26 finished with value: 1.781157038463394 and parameters: {'n_estimators': 881, 'learning_rate': 0.0070799913111588295, 'max_depth': 12, 'subsample': 0.8781744805030762, 'colsample_bytree': 0.9422006954711087, 'min_child_weight': 2}. Best is trial 26 with value: 1.781157038463394.
[I 2026-04-12 22:10:43,787] Trial 27 finished with value: 1.7824286728096561 and parameters: {'n_estimators': 877, 'learning_rate': 0.006712288483601608, 'max_depth': 12, 'subsample': 0.8370991251234939, 'colsample_bytree': 0.9324380621283701, 'min_child_weight': 2}. Best is trial 26 with value: 1.781157038463394.
[I 2026-04-12 22:10:46,696] Trial 28 finished with value: 1.7880391823077628 and parameters: {'n_estimators': 667, 'learning_rate': 0.009991556506017098, 'max_depth': 11, 'subsample': 0.8284644494312241, 'colsample_bytree': 0.9279817218589477, 'min_child_weight': 2}. Best is trial 26 with value: 1.781157038463394.
[I 2026-04-12 22:10:51,543] Trial 29 finished with value: 1.7357770096273168 and parameters: {'n_estimators': 929, 'learning_rate': 0.00660054100396929, 'max_depth': 12, 'subsample': 0.8805253685601507, 'colsample_bytree': 0.9891548637799268, 'min_child_weight': 1}. Best is trial 29 with value: 1.7357770096273168.
[I 2026-04-12 22:10:55,613] Trial 30 finished with value: 1.7822758731356905 and parameters: {'n_estimators': 857, 'learning_rate': 0.005985545535881065, 'max_depth': 11, 'subsample': 0.8604499856892903, 'colsample_bytree': 0.9969820748592737, 'min_child_weight': 1}. Best is trial 29 with value: 1.7357770096273168.
[I 2026-04-12 22:10:59,788] Trial 31 finished with value: 1.773868045219059 and parameters: {'n_estimators': 868, 'learning_rate': 0.005993868430589222, 'max_depth': 11, 'subsample': 0.857812067997702, 'colsample_bytree': 0.98400127371339, 'min_child_weight': 1}. Best is trial 29 with value: 1.7357770096273168.
[I 2026-04-12 22:11:03,965] Trial 32 finished with value: 1.7929796983565214 and parameters: {'n_estimators': 904, 'learning_rate': 0.0051750913277855545, 'max_depth': 11, 'subsample': 0.8687725463998108, 'colsample_bytree': 0.9981931461859931, 'min_child_weight': 1}. Best is trial 29 with value: 1.7357770096273168.
[I 2026-04-12 22:11:07,024] Trial 33 finished with value: 1.780080650464196 and parameters: {'n_estimators': 855, 'learning_rate': 0.007952336657256802, 'max_depth': 10, 'subsample': 0.8825035115878082, 'colsample_bytree': 0.9971384793993212, 'min_child_weight': 1}. Best is trial 29 with value: 1.7357770096273168.
[I 2026-04-12 22:11:10,583] Trial 34 finished with value: 1.7896272950854328 and parameters: {'n_estimators': 982, 'learning_rate': 0.008042263239809215, 'max_depth': 10, 'subsample': 0.8838564363284817, 'colsample_bytree': 0.9564203767030166, 'min_child_weight': 1}. Best is trial 29 with value: 1.7357770096273168.
[I 2026-04-12 22:11:13,440] Trial 35 finished with value: 1.836008029633223 and parameters: {'n_estimators': 818, 'learning_rate': 0.01000897999577086, 'max_depth': 9, 'subsample': 0.7697176887913548, 'colsample_bytree': 0.9030648908979118, 'min_child_weight': 1}. Best is trial 29 with value: 1.7357770096273168.
[I 2026-04-12 22:11:16,473] Trial 36 finished with value: 1.7893267220258713 and parameters: {'n_estimators': 606, 'learning_rate': 0.007915136123314235, 'max_depth': 12, 'subsample': 0.8381557477256276, 'colsample_bytree': 0.9719494691113318, 'min_child_weight': 2}. Best is trial 29 with value: 1.7357770096273168.
[I 2026-04-12 22:11:19,629] Trial 37 finished with value: 1.8181289953311772 and parameters: {'n_estimators': 961, 'learning_rate': 0.01024073659132537, 'max_depth': 9, 'subsample': 0.8783128190384344, 'colsample_bytree': 0.9483724783147529, 'min_child_weight': 1}. Best is trial 29 with value: 1.7357770096273168.
[I 2026-04-12 22:11:22,223] Trial 38 finished with value: 1.8544912912315588 and parameters: {'n_estimators': 732, 'learning_rate': 0.005969871013186235, 'max_depth': 10, 'subsample': 0.7731790374331392, 'colsample_bytree': 0.9815883156349302, 'min_child_weight': 2}. Best is trial 29 with value: 1.7357770096273168.
[I 2026-04-12 22:11:25,268] Trial 39 finished with value: 1.803087212298907 and parameters: {'n_estimators': 557, 'learning_rate': 0.008830364586465814, 'max_depth': 12, 'subsample': 0.9126495987083804, 'colsample_bytree': 0.8862037210085425, 'min_child_weight': 1}. Best is trial 29 with value: 1.7357770096273168.
[I 2026-04-12 22:11:27,320] Trial 40 finished with value: 2.0003529387223167 and parameters: {'n_estimators': 816, 'learning_rate': 0.007193649193991599, 'max_depth': 8, 'subsample': 0.8214223632347768, 'colsample_bytree': 0.939922192514036, 'min_child_weight': 7}. Best is trial 29 with value: 1.7357770096273168.
[I 2026-04-12 22:11:31,685] Trial 41 finished with value: 1.780285723836874 and parameters: {'n_estimators': 855, 'learning_rate': 0.006142246802235837, 'max_depth': 11, 'subsample': 0.8495908116445452, 'colsample_bytree': 0.9886757160161241, 'min_child_weight': 1}. Best is trial 29 with value: 1.7357770096273168.
[I 2026-04-12 22:11:36,819] Trial 42 finished with value: 1.7742921206882245 and parameters: {'n_estimators': 1034, 'learning_rate': 0.005938489047818042, 'max_depth': 11, 'subsample': 0.8509557563210257, 'colsample_bytree': 0.9726259812010355, 'min_child_weight': 1}. Best is trial 29 with value: 1.7357770096273168.
[I 2026-04-12 22:11:41,148] Trial 43 finished with value: 1.7752412754444704 and parameters: {'n_estimators': 1001, 'learning_rate': 0.005718290911053675, 'max_depth': 11, 'subsample': 0.8465740619631003, 'colsample_bytree': 0.9697308852699308, 'min_child_weight': 1}. Best is trial 29 with value: 1.7357770096273168.
[I 2026-04-12 22:11:48,961] Trial 44 finished with value: 1.8040634015667043 and parameters: {'n_estimators': 1029, 'learning_rate': 0.005602767984946161, 'max_depth': 10, 'subsample': 0.8011240572604476, 'colsample_bytree': 0.9692240910182289, 'min_child_weight': 1}. Best is trial 29 with value: 1.7357770096273168.
[I 2026-04-12 22:11:52,201] Trial 45 finished with value: 1.7717484886966475 and parameters: {'n_estimators': 931, 'learning_rate': 0.027213841298899314, 'max_depth': 9, 'subsample': 0.749436290133575, 'colsample_bytree': 0.9636056244202011, 'min_child_weight': 1}. Best is trial 29 with value: 1.7357770096273168.
[I 2026-04-12 22:11:56,074] Trial 46 finished with value: 1.8311213294568027 and parameters: {'n_estimators': 934, 'learning_rate': 0.02850470466859969, 'max_depth': 9, 'subsample': 0.7004807269586372, 'colsample_bytree': 0.9693506395798066, 'min_child_weight': 3}. Best is trial 29 with value: 1.7357770096273168.
[I 2026-04-12 22:12:00,036] Trial 47 finished with value: 1.9839675471221867 and parameters: {'n_estimators': 1047, 'learning_rate': 0.036858954365134866, 'max_depth': 6, 'subsample': 0.7402307014668076, 'colsample_bytree': 0.9112064479510523, 'min_child_weight': 9}. Best is trial 29 with value: 1.7357770096273168.
[I 2026-04-12 22:12:02,940] Trial 48 finished with value: 1.8474972134575431 and parameters: {'n_estimators': 941, 'learning_rate': 0.025384016118296767, 'max_depth': 8, 'subsample': 0.6545134797297818, 'colsample_bytree': 0.8781183350963915, 'min_child_weight': 2}. Best is trial 29 with value: 1.7357770096273168.
