[I 2026-03-14 22:06:40,221] Trial 0 finished with value: 1.9415811679642507 and parameters: {'n_estimators': 1222, 'learning_rate': 0.005939288013825558, 'max_depth': 13, 'subsample': 0.8610067220693021, 'colsample_bytree': 0.6659978408307042, 'min_child_weight': 5}. Best is trial 0 with value: 1.9415811679642507.
[I 2026-03-14 22:06:42,057] Trial 1 finished with value: 2.057169168012539 and parameters: {'n_estimators': 964, 'learning_rate': 0.053915047020972724, 'max_depth': 5, 'subsample': 0.7111727182188495, 'colsample_bytree': 0.6604174561707455, 'min_child_weight': 5}. Best is trial 0 with value: 1.9415811679642507.
[I 2026-03-14 22:06:44,252] Trial 2 finished with value: 1.9403060782525716 and parameters: {'n_estimators': 932, 'learning_rate': 0.08746469979985273, 'max_depth': 9, 'subsample': 0.616473286244202, 'colsample_bytree': 0.7661822231814519, 'min_child_weight': 9}. Best is trial 2 with value: 1.9403060782525716.
[I 2026-03-14 22:06:47,046] Trial 3 finished with value: 1.9837072845650625 and parameters: {'n_estimators': 882, 'learning_rate': 0.007766389381637372, 'max_depth': 11, 'subsample': 0.6755324296525549, 'colsample_bytree': 0.6352165801104998, 'min_child_weight': 3}. Best is trial 2 with value: 1.9403060782525716.
[I 2026-03-14 22:06:49,456] Trial 4 finished with value: 1.9895215115568743 and parameters: {'n_estimators': 1090, 'learning_rate': 0.028120657733827412, 'max_depth': 7, 'subsample': 0.6642512792465955, 'colsample_bytree': 0.6475590122613427, 'min_child_weight': 2}. Best is trial 2 with value: 1.9403060782525716.
[I 2026-03-14 22:06:51,949] Trial 5 finished with value: 1.8633742272935079 and parameters: {'n_estimators': 903, 'learning_rate': 0.01384984515391322, 'max_depth': 9, 'subsample': 0.9405170302953012, 'colsample_bytree': 0.9140819843635499, 'min_child_weight': 3}. Best is trial 5 with value: 1.8633742272935079.
[I 2026-03-14 22:06:54,096] Trial 6 finished with value: 1.9982773262237135 and parameters: {'n_estimators': 1020, 'learning_rate': 0.07565131961674454, 'max_depth': 5, 'subsample': 0.9451034426206999, 'colsample_bytree': 0.8815909086615399, 'min_child_weight': 7}. Best is trial 5 with value: 1.8633742272935079.
[I 2026-03-14 22:06:56,253] Trial 7 finished with value: 1.9410676690752628 and parameters: {'n_estimators': 832, 'learning_rate': 0.019001309252931253, 'max_depth': 10, 'subsample': 0.8129620049462806, 'colsample_bytree': 0.6364398827318701, 'min_child_weight': 9}. Best is trial 5 with value: 1.8633742272935079.
[I 2026-03-14 22:06:57,173] Trial 8 finished with value: 1.8319256270392554 and parameters: {'n_estimators': 305, 'learning_rate': 0.0513770812309519, 'max_depth': 10, 'subsample': 0.756725560629848, 'colsample_bytree': 0.9376178806649903, 'min_child_weight': 4}. Best is trial 8 with value: 1.8319256270392554.
[I 2026-03-14 22:07:00,119] Trial 9 finished with value: 1.9212396928411732 and parameters: {'n_estimators': 934, 'learning_rate': 0.01756383868165425, 'max_depth': 13, 'subsample': 0.9234215539870827, 'colsample_bytree': 0.7378919890759912, 'min_child_weight': 10}. Best is trial 8 with value: 1.8319256270392554.
[I 2026-03-14 22:07:02,237] Trial 10 finished with value: 1.810859255950506 and parameters: {'n_estimators': 380, 'learning_rate': 0.03734739371637259, 'max_depth': 15, 'subsample': 0.7551750648200122, 'colsample_bytree': 0.9909014663853732, 'min_child_weight': 1}. Best is trial 10 with value: 1.810859255950506.
[I 2026-03-14 22:07:04,063] Trial 11 finished with value: 1.8166797027529629 and parameters: {'n_estimators': 316, 'learning_rate': 0.03754213270231708, 'max_depth': 15, 'subsample': 0.7617391313381097, 'colsample_bytree': 0.9735435784243354, 'min_child_weight': 1}. Best is trial 10 with value: 1.810859255950506.
[I 2026-03-14 22:07:06,005] Trial 12 finished with value: 1.7997468426082757 and parameters: {'n_estimators': 354, 'learning_rate': 0.034981991128800016, 'max_depth': 15, 'subsample': 0.7841297942368408, 'colsample_bytree': 0.992627237980418, 'min_child_weight': 1}. Best is trial 12 with value: 1.7997468426082757.
[I 2026-03-14 22:07:09,303] Trial 13 finished with value: 1.821185448986051 and parameters: {'n_estimators': 590, 'learning_rate': 0.028576859288790803, 'max_depth': 15, 'subsample': 0.8485083006169774, 'colsample_bytree': 0.854255006363549, 'min_child_weight': 1}. Best is trial 12 with value: 1.7997468426082757.
[I 2026-03-14 22:07:11,993] Trial 14 finished with value: 1.8294901753599313 and parameters: {'n_estimators': 541, 'learning_rate': 0.011513770796130293, 'max_depth': 13, 'subsample': 0.752172750917013, 'colsample_bytree': 0.9751628820475782, 'min_child_weight': 1}. Best is trial 12 with value: 1.7997468426082757.
[I 2026-03-14 22:07:14,490] Trial 15 finished with value: 1.8374491890777547 and parameters: {'n_estimators': 535, 'learning_rate': 0.04163707975352503, 'max_depth': 15, 'subsample': 0.8191996778534422, 'colsample_bytree': 0.8415345128756473, 'min_child_weight': 3}. Best is trial 12 with value: 1.7997468426082757.
[I 2026-03-14 22:07:18,968] Trial 16 finished with value: 1.8335091883271821 and parameters: {'n_estimators': 1449, 'learning_rate': 0.02784582202611899, 'max_depth': 12, 'subsample': 0.8852865538823469, 'colsample_bytree': 0.9967111256484616, 'min_child_weight': 7}. Best is trial 12 with value: 1.7997468426082757.
[I 2026-03-14 22:07:21,800] Trial 17 finished with value: 1.8360197325784686 and parameters: {'n_estimators': 700, 'learning_rate': 0.06246475610031369, 'max_depth': 14, 'subsample': 0.9896084407188871, 'colsample_bytree': 0.9251966459434929, 'min_child_weight': 2}. Best is trial 12 with value: 1.7997468426082757.
[I 2026-03-14 22:07:23,294] Trial 18 finished with value: 1.8926623229329522 and parameters: {'n_estimators': 406, 'learning_rate': 0.03837326754384775, 'max_depth': 14, 'subsample': 0.7193984296629735, 'colsample_bytree': 0.7899061104530329, 'min_child_weight': 7}. Best is trial 12 with value: 1.7997468426082757.
[I 2026-03-14 22:07:25,994] Trial 19 finished with value: 1.8320616911343277 and parameters: {'n_estimators': 701, 'learning_rate': 0.025319171453291944, 'max_depth': 12, 'subsample': 0.784900556740009, 'colsample_bytree': 0.9446375211847273, 'min_child_weight': 2}. Best is trial 12 with value: 1.7997468426082757.
[I 2026-03-14 22:07:27,071] Trial 20 finished with value: 2.032046600368322 and parameters: {'n_estimators': 450, 'learning_rate': 0.013353379249077164, 'max_depth': 7, 'subsample': 0.700880454240925, 'colsample_bytree': 0.8303332018389934, 'min_child_weight': 4}. Best is trial 12 with value: 1.7997468426082757.
[I 2026-03-14 22:07:28,820] Trial 21 finished with value: 1.8197400181520644 and parameters: {'n_estimators': 313, 'learning_rate': 0.03988891452184222, 'max_depth': 15, 'subsample': 0.7699206201263784, 'colsample_bytree': 0.9958665054195261, 'min_child_weight': 1}. Best is trial 12 with value: 1.7997468426082757.
[I 2026-03-14 22:07:30,819] Trial 22 finished with value: 1.8129295198619366 and parameters: {'n_estimators': 416, 'learning_rate': 0.04375340195705821, 'max_depth': 14, 'subsample': 0.7340699528140702, 'colsample_bytree': 0.9624423065590667, 'min_child_weight': 1}. Best is trial 12 with value: 1.7997468426082757.
[I 2026-03-14 22:07:32,755] Trial 23 finished with value: 1.857521641565753 and parameters: {'n_estimators': 439, 'learning_rate': 0.06591502077771123, 'max_depth': 14, 'subsample': 0.724098213841706, 'colsample_bytree': 0.8972262713620401, 'min_child_weight': 2}. Best is trial 12 with value: 1.7997468426082757.
[I 2026-03-14 22:07:35,625] Trial 24 finished with value: 1.8232983541450833 and parameters: {'n_estimators': 633, 'learning_rate': 0.049069323320542035, 'max_depth': 14, 'subsample': 0.6200312477516965, 'colsample_bytree': 0.9596250280789531, 'min_child_weight': 1}. Best is trial 12 with value: 1.7997468426082757.
[I 2026-03-14 22:07:37,199] Trial 25 finished with value: 1.8454451383486445 and parameters: {'n_estimators': 437, 'learning_rate': 0.03200879996401126, 'max_depth': 12, 'subsample': 0.8040309082066706, 'colsample_bytree': 0.8774579868959804, 'min_child_weight': 4}. Best is trial 12 with value: 1.7997468426082757.
[I 2026-03-14 22:07:40,921] Trial 26 finished with value: 1.811854746513965 and parameters: {'n_estimators': 757, 'learning_rate': 0.019169846093092285, 'max_depth': 15, 'subsample': 0.6625676995899232, 'colsample_bytree': 0.9995758559686141, 'min_child_weight': 2}. Best is trial 12 with value: 1.7997468426082757.
[I 2026-03-14 22:07:44,436] Trial 27 finished with value: 1.8330958293846116 and parameters: {'n_estimators': 759, 'learning_rate': 0.019688094627160608, 'max_depth': 15, 'subsample': 0.6524777489170954, 'colsample_bytree': 0.9984217476496907, 'min_child_weight': 3}. Best is trial 12 with value: 1.7997468426082757.
[I 2026-03-14 22:07:48,821] Trial 28 finished with value: 1.8768813157203446 and parameters: {'n_estimators': 1116, 'learning_rate': 0.021451200288013925, 'max_depth': 13, 'subsample': 0.6788719045850742, 'colsample_bytree': 0.7053471624369574, 'min_child_weight': 2}. Best is trial 12 with value: 1.7997468426082757.
[I 2026-03-14 22:07:53,144] Trial 29 finished with value: 1.9695965721739694 and parameters: {'n_estimators': 1331, 'learning_rate': 0.0054933519947390885, 'max_depth': 11, 'subsample': 0.8421164569406382, 'colsample_bytree': 0.6051788829300291, 'min_child_weight': 6}. Best is trial 12 with value: 1.7997468426082757.
[I 2026-03-14 22:07:55,557] Trial 30 finished with value: 1.878163916184602 and parameters: {'n_estimators': 526, 'learning_rate': 0.00853411644251716, 'max_depth': 13, 'subsample': 0.600472383427804, 'colsample_bytree': 0.9161441817147358, 'min_child_weight': 2}. Best is trial 12 with value: 1.7997468426082757.
[I 2026-03-14 22:07:57,684] Trial 31 finished with value: 1.8128299747358418 and parameters: {'n_estimators': 389, 'learning_rate': 0.023084458844426975, 'max_depth': 14, 'subsample': 0.7348988376491853, 'colsample_bytree': 0.9611814977650243, 'min_child_weight': 1}. Best is trial 12 with value: 1.7997468426082757.
[I 2026-03-14 22:08:00,112] Trial 32 finished with value: 1.810456148188533 and parameters: {'n_estimators': 391, 'learning_rate': 0.016435722621311724, 'max_depth': 15, 'subsample': 0.6944525164904491, 'colsample_bytree': 0.9489370010169418, 'min_child_weight': 1}. Best is trial 12 with value: 1.7997468426082757.
[I 2026-03-14 22:08:02,697] Trial 33 finished with value: 1.8378220625140502 and parameters: {'n_estimators': 486, 'learning_rate': 0.013750733563245233, 'max_depth': 15, 'subsample': 0.6415998979446129, 'colsample_bytree': 0.9780546080319449, 'min_child_weight': 2}. Best is trial 12 with value: 1.7997468426082757.
[I 2026-03-14 22:08:05,671] Trial 34 finished with value: 1.8282197160143545 and parameters: {'n_estimators': 636, 'learning_rate': 0.017339169373921097, 'max_depth': 15, 'subsample': 0.6938869296428402, 'colsample_bytree': 0.935741770196881, 'min_child_weight': 3}. Best is trial 12 with value: 1.7997468426082757.
[I 2026-03-14 22:08:07,152] Trial 35 finished with value: 1.9293795807373928 and parameters: {'n_estimators': 373, 'learning_rate': 0.009674054423666211, 'max_depth': 13, 'subsample': 0.6930687051032967, 'colsample_bytree': 0.9431818054132816, 'min_child_weight': 5}. Best is trial 12 with value: 1.7997468426082757.
[I 2026-03-14 22:08:10,974] Trial 36 finished with value: 1.8184677693357034 and parameters: {'n_estimators': 799, 'learning_rate': 0.0335718469910861, 'max_depth': 14, 'subsample': 0.7890587719536896, 'colsample_bytree': 0.9992508198563174, 'min_child_weight': 1}. Best is trial 12 with value: 1.7997468426082757.
[I 2026-03-14 22:08:16,899] Trial 37 finished with value: 1.8184423432359123 and parameters: {'n_estimators': 1252, 'learning_rate': 0.016752794804153856, 'max_depth': 15, 'subsample': 0.6361923899552172, 'colsample_bytree': 0.8937444391611595, 'min_child_weight': 2}. Best is trial 12 with value: 1.7997468426082757.
[I 2026-03-14 22:08:18,643] Trial 38 finished with value: 1.9040940854145227 and parameters: {'n_estimators': 595, 'learning_rate': 0.011313186304573116, 'max_depth': 9, 'subsample': 0.671667389016008, 'colsample_bytree': 0.9782726112524442, 'min_child_weight': 3}. Best is trial 12 with value: 1.7997468426082757.
[I 2026-03-14 22:08:20,878] Trial 39 finished with value: 1.9570711539771157 and parameters: {'n_estimators': 1019, 'learning_rate': 0.03141486563229569, 'max_depth': 6, 'subsample': 0.8290051851124559, 'colsample_bytree': 0.9047700065943346, 'min_child_weight': 5}. Best is trial 12 with value: 1.7997468426082757.
[I 2026-03-14 22:08:21,858] Trial 40 finished with value: 1.9377397357383954 and parameters: {'n_estimators': 361, 'learning_rate': 0.022285502214524622, 'max_depth': 8, 'subsample': 0.8714871664460824, 'colsample_bytree': 0.8647667566634041, 'min_child_weight': 3}. Best is trial 12 with value: 1.7997468426082757.
[I 2026-03-14 22:08:24,370] Trial 41 finished with value: 1.7983804839068 and parameters: {'n_estimators': 488, 'learning_rate': 0.02454838392731908, 'max_depth': 14, 'subsample': 0.7391654076024592, 'colsample_bytree': 0.9616714367522693, 'min_child_weight': 1}. Best is trial 41 with value: 1.7983804839068.
[I 2026-03-14 22:08:26,602] Trial 42 finished with value: 1.8404310351820257 and parameters: {'n_estimators': 494, 'learning_rate': 0.09502392486238875, 'max_depth': 14, 'subsample': 0.7813250317839424, 'colsample_bytree': 0.9557913051137313, 'min_child_weight': 1}. Best is trial 41 with value: 1.7983804839068.
[I 2026-03-14 22:08:28,372] Trial 43 finished with value: 1.857299206451534 and parameters: {'n_estimators': 300, 'learning_rate': 0.015238930129718423, 'max_depth': 15, 'subsample': 0.7399875201621802, 'colsample_bytree': 0.9810651253054877, 'min_child_weight': 2}. Best is trial 41 with value: 1.7983804839068.
[I 2026-03-14 22:08:30,482] Trial 44 finished with value: 1.807395528575924 and parameters: {'n_estimators': 360, 'learning_rate': 0.025199656730043186, 'max_depth': 15, 'subsample': 0.7063370378728979, 'colsample_bytree': 0.9342896205045949, 'min_child_weight': 1}. Best is trial 41 with value: 1.7983804839068.
[I 2026-03-14 22:08:32,211] Trial 45 finished with value: 1.8220001415610032 and parameters: {'n_estimators': 353, 'learning_rate': 0.025693075168797836, 'max_depth': 13, 'subsample': 0.7505053580330738, 'colsample_bytree': 0.9224402671727695, 'min_child_weight': 1}. Best is trial 41 with value: 1.7983804839068.
[I 2026-03-14 22:08:34,026] Trial 46 finished with value: 1.8392419840137761 and parameters: {'n_estimators': 493, 'learning_rate': 0.03462468568754722, 'max_depth': 11, 'subsample': 0.7120434240066701, 'colsample_bytree': 0.8137192403169128, 'min_child_weight': 1}. Best is trial 41 with value: 1.7983804839068.
[I 2026-03-14 22:08:35,976] Trial 47 finished with value: 1.8673569587772165 and parameters: {'n_estimators': 570, 'learning_rate': 0.046281253214615806, 'max_depth': 14, 'subsample': 0.7652874287990263, 'colsample_bytree': 0.9353730590496564, 'min_child_weight': 8}. Best is trial 41 with value: 1.7983804839068.
[I 2026-03-14 22:08:37,355] Trial 48 finished with value: 1.8988552718356084 and parameters: {'n_estimators': 349, 'learning_rate': 0.028843323731034216, 'max_depth': 15, 'subsample': 0.7066843678178545, 'colsample_bytree': 0.7530841628669331, 'min_child_weight': 6}. Best is trial 41 with value: 1.7983804839068.
