[I 2026-04-03 22:07:37,273] Trial 49 finished with value: 1.7110737002449872 and parameters: {'n_estimators': 1455, 'learning_rate': 0.013297523635654316, 'max_depth': 12, 'subsample': 0.6290057895879376, 'colsample_bytree': 0.9912560631331607, 'min_child_weight': 1}. Best is trial 47 with value: 1.6862295327428147.
✅ Tham số tối ưu nhất từ Optuna: {'n_estimators': 1440, 'learning_rate': 0.01228238300287089, 'max_depth': 13, 'subsample': 0.6410421761143978, 'colsample_bytree': 0.9211246667261681, 'min_child_weight': 1}
MAE của mô hình XGBoost: 1.6946
R² của mô hình XGBoost: 0.9330
🥊 Đang so sánh... Champion MAE: 1.6245 vs Challenger MAE: 1.6946
🛡️ Champion bảo vệ ngôi vương. Giữ nguyên mô hình cũ.
[Fri 04/03/2026 22:07:44.57] [4/4] Dang dong bo AI Model (qua LFS) len GitHub... 
[main 21af10a] Auto-update AI Model: Fri 04/03/2026 22:07:47.09
 2 files changed, 321 insertions(+)
remote: This repository moved. Please use the new location:        
remote:   https://github.com/HieuNT316/hanoi-house-price-prediction.git        
To https://github.com/Alexus143/hanoi-house-price-prediction.git
   3fbfd4c..21af10a  main -> main
========================================= 
[Sat 04/04/2026 22:00:02.81] [1/4] Dang cao chi tiet BĐS... 
🔍 Đang cấu hình Database với: postgres.kkwivuufxdewurmxtsto@aws-1-ap-southeast-1.pooler.supabase.com:5432/postgres

[DetailSpider] Khởi động luồng làm giàu dữ liệu (Limit: 50 bài/lượt)...
✅ Đã kết nối thành công tới PostgreSQL.
[Browser] Đang khởi tạo trình duyệt...
[Browser] Phát hiện Chrome (Windows): Version 139

[DetailSpider] Đang cào (1/13): https://batdongsan.com.vn/ban-nha-rieng-duong-quang-trung-phuong-van-quan-15/ha-ong-o-to-tranh-40m-4-tang-mt-4m-gia-chi-10-x-ty-co-that-khong-pr45468699
  -> Lấy được 1/6 feature chi tiết.

[DetailSpider] Đang cào (2/13): https://batdongsan.com.vn/ban-can-ho-chung-cu-phuong-mo-lao-thap-doi-kepler-land/minh-full-quy-ha-ong-quy-a-dang-gia-tot-nhat-thi-truong-pr45450980
  -> Lấy được 2/6 feature chi tiết.

[DetailSpider] Đang cào (3/13): https://batdongsan.com.vn/ban-can-ho-chung-cu-mini-duong-van-quan-phuong-van-quan-15/ban-toa-chdv-5-sao-ha-ong-89m2-19pkk-full-noi-that-dong-tien-1-ty-nam-u-pccc-gpxd-pr45469284
  -> Lấy được 2/6 feature chi tiết.

[DetailSpider] Đang cào (4/13): https://batdongsan.com.vn/ban-can-ho-chung-cu-phuong-duong-noi-an-binh-homeland/tong-hop-quy-ngoai-giao-ky-truc-tiep-chu-au-tu-tap-oan-geleximco-pr45475927
  -> Lấy được 2/6 feature chi tiết.

[DetailSpider] Đang cào (5/13): https://batdongsan.com.vn/ban-nha-rieng-duong-ngo-quyen-phuong-la-khe-15/ban-moi-ha-ong-thang-may-mat-thong-5-tang-x-45m2-o-to-o-ngay-em-pr45475477
  -> Lấy được 0/6 feature chi tiết.

[DetailSpider] Đang cào (6/13): https://batdongsan.com.vn/ban-nha-rieng-duong-xa-la-phuong-phuc-la-15/ban-7-4ty-gan-hoc-vien-benh-vien-quan-y-103-o-to-7-cho-vao-5m-ra-k-t-uong-via-he-pr45475262
  -> Lấy được 0/6 feature chi tiết.

[DetailSpider] Đang cào (7/13): https://batdongsan.com.vn/ban-can-ho-chung-cu-duong-to-hieu-phuong-ha-cau-hyundai-hillstate/em-dat-cap-nhat-quy-lien-tuc-tai-day-a-dan-phong-1405-ct2-pr40591757
  -> Lấy được 3/6 feature chi tiết.

[DetailSpider] Đang cào (8/13): https://batdongsan.com.vn/ban-can-ho-chung-cu-phuong-mo-lao-mulberry-lane/chinh-chu-ban-duplex-180m2-tai-15-8-ty-4pn-3wc-ay-u-noi-that-cao-cap-pr45414615
  -> Lấy được 3/6 feature chi tiết.

[DetailSpider] Đang cào (9/13): https://batdongsan.com.vn/ban-can-ho-chung-cu-phuong-phu-lam-1-the-vesta/chinh-chu-ban-tang-trung-ha-ong-3pn-2wc-4-x-ty-so-hong-sang-ten-ngay-pr45472134
  -> Lấy được 3/6 feature chi tiết.

[DetailSpider] Đang cào (10/13): https://batdongsan.com.vn/ban-nha-biet-thu-lien-ke-duong-to-huu-phuong-duong-noi-an-vuong-villa/ban-cat-lo-nam-cuong-canh-ho-thien-van-hoc-gia-38-ty-pr45278458
  -> Lấy được 6/6 feature chi tiết.

[DetailSpider] Đang cào (11/13): https://batdongsan.com.vn/ban-nha-mat-pho-duong-ngo-quyen-phuong-la-khe-15/gia-au-tu-mp-ha-ong-120m-5-tang-2-tien-uong-lon-21m-kinh-doanh-24-7-2x-ty-pr45445592
  -> Lấy được 1/6 feature chi tiết.

[DetailSpider] Đang cào (12/13): https://batdongsan.com.vn/ban-can-ho-chung-cu-phuong-la-khe-the-terra-an-hung/nha-em-ban-gap-2-ngu-hung-pr45469181
  -> Lấy được 2/6 feature chi tiết.

[DetailSpider] Đang cào (13/13): https://batdongsan.com.vn/ban-nha-rieng-duong-van-quan-phuong-van-quan-15/ban-to-hieu-45m2-o-to-ngu-goc-2-thoang-kinh-doanh-phong-spa-hon-12-ty-pr45469163
  -> Lấy được 4/6 feature chi tiết.

[DetailSpider] Hoàn thành. Cập nhật thành công 13/13 bài đăng.
[Sat 04/04/2026 22:03:50.38] [2/4] Dang clean du lieu... 
🔍 Đang cấu hình Database với: postgres.kkwivuufxdewurmxtsto@aws-1-ap-southeast-1.pooler.supabase.com:5432/postgres
✅ Đã kết nối thành công tới PostgreSQL.
🔄 Upsert thành công 5607 bản ghi vào 'bds_hadong'.
✅ Đã cập nhật cột legal_status và furniture thành công.
[Sat 04/04/2026 22:04:14.91] [3/4] Dang huan luyen AI tren du lieu moi... 
🔍 Đang cấu hình Database với: postgres.kkwivuufxdewurmxtsto@aws-1-ap-southeast-1.pooler.supabase.com:5432/postgres
[I 2026-04-04 22:04:40,881] A new study created in memory with name: no-name-14ad3153-d6a1-40b2-8efb-8d39757ee6d4
✅ Đã kết nối thành công tới PostgreSQL.
  0%|          | 0/50 [00:00<?, ?it/s]D:\Python\realtime_estimate_tracker\venv_bds\lib\site-packages\xgboost\training.py:200: UserWarning: [22:04:41] WARNING: C:\actions-runner\_work\xgboost\xgboost\src\learner.cc:782: 
Parameters: { "devices", "task_type" } are not used.

  bst.update(dtrain, iteration=i, fobj=obj)
                                        0%|          | 0/50 [00:01<?, ?it/s]Best trial: 0. Best value: 2.25864:   0%|          | 0/50 [00:01<?, ?it/s]Best trial: 0. Best value: 2.25864:   2%|▏         | 1/50 [00:01<01:32,  1.88s/it]D:\Python\realtime_estimate_tracker\venv_bds\lib\site-packages\xgboost\training.py:200: UserWarning: [22:04:42] WARNING: C:\actions-runner\_work\xgboost\xgboost\src\learner.cc:782: 
Parameters: { "devices", "task_type" } are not used.

  bst.update(dtrain, iteration=i, fobj=obj)
                                                                                  Best trial: 0. Best value: 2.25864:   2%|▏         | 1/50 [00:05<01:32,  1.88s/it]Best trial: 1. Best value: 1.84712:   2%|▏         | 1/50 [00:05<01:32,  1.88s/it]Best trial: 1. Best value: 1.84712:   4%|▍         | 2/50 [00:05<02:25,  3.02s/it]D:\Python\realtime_estimate_tracker\venv_bds\lib\site-packages\xgboost\training.py:200: UserWarning: [22:04:46] WARNING: C:\actions-runner\_work\xgboost\xgboost\src\learner.cc:782: 
Parameters: { "devices", "task_type" } are not used.

  bst.update(dtrain, iteration=i, fobj=obj)
                                                                                  Best trial: 1. Best value: 1.84712:   4%|▍         | 2/50 [00:07<02:25,  3.02s/it]Best trial: 1. Best value: 1.84712:   4%|▍         | 2/50 [00:07<02:25,  3.02s/it]Best trial: 1. Best value: 1.84712:   6%|▌         | 3/50 [00:07<02:00,  2.57s/it]D:\Python\realtime_estimate_tracker\venv_bds\lib\site-packages\xgboost\training.py:200: UserWarning: [22:04:48] WARNING: C:\actions-runner\_work\xgboost\xgboost\src\learner.cc:782: 
Parameters: { "devices", "task_type" } are not used.

  bst.update(dtrain, iteration=i, fobj=obj)
                                                                                  Best trial: 1. Best value: 1.84712:   6%|▌         | 3/50 [00:11<02:00,  2.57s/it]Best trial: 1. Best value: 1.84712:   6%|▌         | 3/50 [00:11<02:00,  2.57s/it]Best trial: 1. Best value: 1.84712:   8%|▊         | 4/50 [00:11<02:24,  3.13s/it]D:\Python\realtime_estimate_tracker\venv_bds\lib\site-packages\xgboost\training.py:200: UserWarning: [22:04:52] WARNING: C:\actions-runner\_work\xgboost\xgboost\src\learner.cc:782: 
Parameters: { "devices", "task_type" } are not used.

  bst.update(dtrain, iteration=i, fobj=obj)
                                                                                  Best trial: 1. Best value: 1.84712:   8%|▊         | 4/50 [00:12<02:24,  3.13s/it]Best trial: 1. Best value: 1.84712:   8%|▊         | 4/50 [00:12<02:24,  3.13s/it]Best trial: 1. Best value: 1.84712:  10%|█         | 5/50 [00:12<01:45,  2.34s/it]D:\Python\realtime_estimate_tracker\venv_bds\lib\site-packages\xgboost\training.py:200: UserWarning: [22:04:53] WARNING: C:\actions-runner\_work\xgboost\xgboost\src\learner.cc:782: 
Parameters: { "devices", "task_type" } are not used.

  bst.update(dtrain, iteration=i, fobj=obj)
                                                                                  Best trial: 1. Best value: 1.84712:  10%|█         | 5/50 [00:16<01:45,  2.34s/it]Best trial: 1. Best value: 1.84712:  10%|█         | 5/50 [00:16<01:45,  2.34s/it]Best trial: 1. Best value: 1.84712:  12%|█▏        | 6/50 [00:16<02:02,  2.78s/it]D:\Python\realtime_estimate_tracker\venv_bds\lib\site-packages\xgboost\training.py:200: UserWarning: [22:04:57] WARNING: C:\actions-runner\_work\xgboost\xgboost\src\learner.cc:782: 
Parameters: { "devices", "task_type" } are not used.

  bst.update(dtrain, iteration=i, fobj=obj)
                                                                                  Best trial: 1. Best value: 1.84712:  12%|█▏        | 6/50 [00:17<02:02,  2.78s/it]Best trial: 1. Best value: 1.84712:  12%|█▏        | 6/50 [00:17<02:02,  2.78s/it]Best trial: 1. Best value: 1.84712:  14%|█▍        | 7/50 [00:17<01:40,  2.34s/it]D:\Python\realtime_estimate_tracker\venv_bds\lib\site-packages\xgboost\training.py:200: UserWarning: [22:04:58] WARNING: C:\actions-runner\_work\xgboost\xgboost\src\learner.cc:782: 
Parameters: { "devices", "task_type" } are not used.

  bst.update(dtrain, iteration=i, fobj=obj)
                                                                                  Best trial: 1. Best value: 1.84712:  14%|█▍        | 7/50 [00:19<01:40,  2.34s/it]Best trial: 1. Best value: 1.84712:  14%|█▍        | 7/50 [00:19<01:40,  2.34s/it]Best trial: 1. Best value: 1.84712:  16%|█▌        | 8/50 [00:19<01:25,  2.04s/it]D:\Python\realtime_estimate_tracker\venv_bds\lib\site-packages\xgboost\training.py:200: UserWarning: [22:05:00] WARNING: C:\actions-runner\_work\xgboost\xgboost\src\learner.cc:782: 
Parameters: { "devices", "task_type" } are not used.

  bst.update(dtrain, iteration=i, fobj=obj)
                                                                                  Best trial: 1. Best value: 1.84712:  16%|█▌        | 8/50 [00:22<01:25,  2.04s/it]Best trial: 1. Best value: 1.84712:  16%|█▌        | 8/50 [00:22<01:25,  2.04s/it]Best trial: 1. Best value: 1.84712:  18%|█▊        | 9/50 [00:22<01:45,  2.58s/it]D:\Python\realtime_estimate_tracker\venv_bds\lib\site-packages\xgboost\training.py:200: UserWarning: [22:05:03] WARNING: C:\actions-runner\_work\xgboost\xgboost\src\learner.cc:782: 
Parameters: { "devices", "task_type" } are not used.

  bst.update(dtrain, iteration=i, fobj=obj)
                                                                                  Best trial: 1. Best value: 1.84712:  18%|█▊        | 9/50 [00:24<01:45,  2.58s/it]Best trial: 9. Best value: 1.8356:  18%|█▊        | 9/50 [00:24<01:45,  2.58s/it] Best trial: 9. Best value: 1.8356:  20%|██        | 10/50 [00:24<01:34,  2.36s/it]D:\Python\realtime_estimate_tracker\venv_bds\lib\site-packages\xgboost\training.py:200: UserWarning: [22:05:05] WARNING: C:\actions-runner\_work\xgboost\xgboost\src\learner.cc:782: 
Parameters: { "devices", "task_type" } are not used.

  bst.update(dtrain, iteration=i, fobj=obj)
                                                                                  Best trial: 9. Best value: 1.8356:  20%|██        | 10/50 [00:29<01:34,  2.36s/it]Best trial: 9. Best value: 1.8356:  20%|██        | 10/50 [00:29<01:34,  2.36s/it]Best trial: 9. Best value: 1.8356:  22%|██▏       | 11/50 [00:29<02:01,  3.11s/it]D:\Python\realtime_estimate_tracker\venv_bds\lib\site-packages\xgboost\training.py:200: UserWarning: [22:05:10] WARNING: C:\actions-runner\_work\xgboost\xgboost\src\learner.cc:782: 
Parameters: { "devices", "task_type" } are not used.

  bst.update(dtrain, iteration=i, fobj=obj)
                                                                                  Best trial: 9. Best value: 1.8356:  22%|██▏       | 11/50 [00:33<02:01,  3.11s/it]Best trial: 11. Best value: 1.80465:  22%|██▏       | 11/50 [00:33<02:01,  3.11s/it]Best trial: 11. Best value: 1.80465:  24%|██▍       | 12/50 [00:33<02:02,  3.21s/it]D:\Python\realtime_estimate_tracker\venv_bds\lib\site-packages\xgboost\training.py:200: UserWarning: [22:05:13] WARNING: C:\actions-runner\_work\xgboost\xgboost\src\learner.cc:782: 
Parameters: { "devices", "task_type" } are not used.

  bst.update(dtrain, iteration=i, fobj=obj)
                                                                                    Best trial: 11. Best value: 1.80465:  24%|██▍       | 12/50 [00:36<02:02,  3.21s/it]Best trial: 11. Best value: 1.80465:  24%|██▍       | 12/50 [00:36<02:02,  3.21s/it]Best trial: 11. Best value: 1.80465:  26%|██▌       | 13/50 [00:36<01:56,  3.15s/it]D:\Python\realtime_estimate_tracker\venv_bds\lib\site-packages\xgboost\training.py:200: UserWarning: [22:05:16] WARNING: C:\actions-runner\_work\xgboost\xgboost\src\learner.cc:782: 
Parameters: { "devices", "task_type" } are not used.

  bst.update(dtrain, iteration=i, fobj=obj)
                                                                                    Best trial: 11. Best value: 1.80465:  26%|██▌       | 13/50 [00:41<01:56,  3.15s/it]Best trial: 11. Best value: 1.80465:  26%|██▌       | 13/50 [00:41<01:56,  3.15s/it]Best trial: 11. Best value: 1.80465:  28%|██▊       | 14/50 [00:41<02:21,  3.92s/it]D:\Python\realtime_estimate_tracker\venv_bds\lib\site-packages\xgboost\training.py:200: UserWarning: [22:05:22] WARNING: C:\actions-runner\_work\xgboost\xgboost\src\learner.cc:782: 
Parameters: { "devices", "task_type" } are not used.

  bst.update(dtrain, iteration=i, fobj=obj)
                                                                                    Best trial: 11. Best value: 1.80465:  28%|██▊       | 14/50 [00:48<02:21,  3.92s/it]Best trial: 14. Best value: 1.79638:  28%|██▊       | 14/50 [00:48<02:21,  3.92s/it]Best trial: 14. Best value: 1.79638:  30%|███       | 15/50 [00:48<02:45,  4.73s/it]D:\Python\realtime_estimate_tracker\venv_bds\lib\site-packages\xgboost\training.py:200: UserWarning: [22:05:29] WARNING: C:\actions-runner\_work\xgboost\xgboost\src\learner.cc:782: 
Parameters: { "devices", "task_type" } are not used.

  bst.update(dtrain, iteration=i, fobj=obj)
                                                                                    Best trial: 14. Best value: 1.79638:  30%|███       | 15/50 [00:55<02:45,  4.73s/it]Best trial: 14. Best value: 1.79638:  30%|███       | 15/50 [00:55<02:45,  4.73s/it]Best trial: 14. Best value: 1.79638:  32%|███▏      | 16/50 [00:55<03:09,  5.57s/it]D:\Python\realtime_estimate_tracker\venv_bds\lib\site-packages\xgboost\training.py:200: UserWarning: [22:05:36] WARNING: C:\actions-runner\_work\xgboost\xgboost\src\learner.cc:782: 
Parameters: { "devices", "task_type" } are not used.

  bst.update(dtrain, iteration=i, fobj=obj)
                                                                                    Best trial: 14. Best value: 1.79638:  32%|███▏      | 16/50 [01:00<03:09,  5.57s/it]Best trial: 14. Best value: 1.79638:  32%|███▏      | 16/50 [01:00<03:09,  5.57s/it]Best trial: 14. Best value: 1.79638:  34%|███▍      | 17/50 [01:00<02:49,  5.15s/it]D:\Python\realtime_estimate_tracker\venv_bds\lib\site-packages\xgboost\training.py:200: UserWarning: [22:05:40] WARNING: C:\actions-runner\_work\xgboost\xgboost\src\learner.cc:782: 
Parameters: { "devices", "task_type" } are not used.

  bst.update(dtrain, iteration=i, fobj=obj)
                                                                                    Best trial: 14. Best value: 1.79638:  34%|███▍      | 17/50 [01:05<02:49,  5.15s/it]Best trial: 14. Best value: 1.79638:  34%|███▍      | 17/50 [01:05<02:49,  5.15s/it]Best trial: 14. Best value: 1.79638:  36%|███▌      | 18/50 [01:05<02:51,  5.36s/it]D:\Python\realtime_estimate_tracker\venv_bds\lib\site-packages\xgboost\training.py:200: UserWarning: [22:05:46] WARNING: C:\actions-runner\_work\xgboost\xgboost\src\learner.cc:782: 
Parameters: { "devices", "task_type" } are not used.

  bst.update(dtrain, iteration=i, fobj=obj)
                                                                                    Best trial: 14. Best value: 1.79638:  36%|███▌      | 18/50 [01:10<02:51,  5.36s/it]Best trial: 14. Best value: 1.79638:  36%|███▌      | 18/50 [01:10<02:51,  5.36s/it]Best trial: 14. Best value: 1.79638:  38%|███▊      | 19/50 [01:10<02:44,  5.29s/it]D:\Python\realtime_estimate_tracker\venv_bds\lib\site-packages\xgboost\training.py:200: UserWarning: [22:05:51] WARNING: C:\actions-runner\_work\xgboost\xgboost\src\learner.cc:782: 
Parameters: { "devices", "task_type" } are not used.

  bst.update(dtrain, iteration=i, fobj=obj)
                                                                                    Best trial: 14. Best value: 1.79638:  38%|███▊      | 19/50 [01:17<02:44,  5.29s/it]Best trial: 14. Best value: 1.79638:  38%|███▊      | 19/50 [01:17<02:44,  5.29s/it]Best trial: 14. Best value: 1.79638:  40%|████      | 20/50 [01:17<02:47,  5.58s/it]D:\Python\realtime_estimate_tracker\venv_bds\lib\site-packages\xgboost\training.py:200: UserWarning: [22:05:58] WARNING: C:\actions-runner\_work\xgboost\xgboost\src\learner.cc:782: 
Parameters: { "devices", "task_type" } are not used.

  bst.update(dtrain, iteration=i, fobj=obj)
                                                                                    Best trial: 14. Best value: 1.79638:  40%|████      | 20/50 [01:20<02:47,  5.58s/it]Best trial: 14. Best value: 1.79638:  40%|████      | 20/50 [01:20<02:47,  5.58s/it]Best trial: 14. Best value: 1.79638:  42%|████▏     | 21/50 [01:20<02:24,  4.98s/it]D:\Python\realtime_estimate_tracker\venv_bds\lib\site-packages\xgboost\training.py:200: UserWarning: [22:06:01] WARNING: C:\actions-runner\_work\xgboost\xgboost\src\learner.cc:782: 
Parameters: { "devices", "task_type" } are not used.

  bst.update(dtrain, iteration=i, fobj=obj)
                                                                                    Best trial: 14. Best value: 1.79638:  42%|████▏     | 21/50 [01:28<02:24,  4.98s/it]Best trial: 14. Best value: 1.79638:  42%|████▏     | 21/50 [01:28<02:24,  4.98s/it]Best trial: 14. Best value: 1.79638:  44%|████▍     | 22/50 [01:28<02:44,  5.87s/it]D:\Python\realtime_estimate_tracker\venv_bds\lib\site-packages\xgboost\training.py:200: UserWarning: [22:06:09] WARNING: C:\actions-runner\_work\xgboost\xgboost\src\learner.cc:782: 
Parameters: { "devices", "task_type" } are not used.

  bst.update(dtrain, iteration=i, fobj=obj)
                                                                                    Best trial: 14. Best value: 1.79638:  44%|████▍     | 22/50 [01:36<02:44,  5.87s/it]Best trial: 14. Best value: 1.79638:  44%|████▍     | 22/50 [01:36<02:44,  5.87s/it]Best trial: 14. Best value: 1.79638:  46%|████▌     | 23/50 [01:36<02:54,  6.45s/it]D:\Python\realtime_estimate_tracker\venv_bds\lib\site-packages\xgboost\training.py:200: UserWarning: [22:06:17] WARNING: C:\actions-runner\_work\xgboost\xgboost\src\learner.cc:782: 
Parameters: { "devices", "task_type" } are not used.

  bst.update(dtrain, iteration=i, fobj=obj)
                                                                                    Best trial: 14. Best value: 1.79638:  46%|████▌     | 23/50 [01:44<02:54,  6.45s/it]Best trial: 14. Best value: 1.79638:  46%|████▌     | 23/50 [01:44<02:54,  6.45s/it]Best trial: 14. Best value: 1.79638:  48%|████▊     | 24/50 [01:44<02:55,  6.75s/it]D:\Python\realtime_estimate_tracker\venv_bds\lib\site-packages\xgboost\training.py:200: UserWarning: [22:06:24] WARNING: C:\actions-runner\_work\xgboost\xgboost\src\learner.cc:782: 
Parameters: { "devices", "task_type" } are not used.

  bst.update(dtrain, iteration=i, fobj=obj)
                                                                                    Best trial: 14. Best value: 1.79638:  48%|████▊     | 24/50 [01:52<02:55,  6.75s/it]Best trial: 14. Best value: 1.79638:  48%|████▊     | 24/50 [01:52<02:55,  6.75s/it]Best trial: 14. Best value: 1.79638:  50%|█████     | 25/50 [01:52<03:01,  7.26s/it]D:\Python\realtime_estimate_tracker\venv_bds\lib\site-packages\xgboost\training.py:200: UserWarning: [22:06:33] WARNING: C:\actions-runner\_work\xgboost\xgboost\src\learner.cc:782: 
Parameters: { "devices", "task_type" } are not used.

  bst.update(dtrain, iteration=i, fobj=obj)
                                                                                    Best trial: 14. Best value: 1.79638:  50%|█████     | 25/50 [01:55<03:01,  7.26s/it]Best trial: 14. Best value: 1.79638:  50%|█████     | 25/50 [01:55<03:01,  7.26s/it]Best trial: 14. Best value: 1.79638:  52%|█████▏    | 26/50 [01:55<02:20,  5.85s/it]D:\Python\realtime_estimate_tracker\venv_bds\lib\site-packages\xgboost\training.py:200: UserWarning: [22:06:35] WARNING: C:\actions-runner\_work\xgboost\xgboost\src\learner.cc:782: 
Parameters: { "devices", "task_type" } are not used.

  bst.update(dtrain, iteration=i, fobj=obj)
                                                                                    Best trial: 14. Best value: 1.79638:  52%|█████▏    | 26/50 [02:00<02:20,  5.85s/it]Best trial: 14. Best value: 1.79638:  52%|█████▏    | 26/50 [02:00<02:20,  5.85s/it]Best trial: 14. Best value: 1.79638:  54%|█████▍    | 27/50 [02:00<02:14,  5.85s/it]D:\Python\realtime_e