[I 2026-04-08 22:08:28,531] Trial 0 finished with value: 1.9354354582711149 and parameters: {'n_estimators': 1326, 'learning_rate': 0.014731872929606654, 'max_depth': 11, 'subsample': 0.6069281770608869, 'colsample_bytree': 0.9410847571011933, 'min_child_weight': 7}. Best is trial 0 with value: 1.9354354582711149.
[I 2026-04-08 22:08:38,696] Trial 1 finished with value: 1.9723598437845236 and parameters: {'n_estimators': 917, 'learning_rate': 0.05894020038773466, 'max_depth': 14, 'subsample': 0.8383369426583587, 'colsample_bytree': 0.7363779946823129, 'min_child_weight': 7}. Best is trial 0 with value: 1.9354354582711149.
[I 2026-04-08 22:08:49,699] Trial 2 finished with value: 1.9506431837899036 and parameters: {'n_estimators': 925, 'learning_rate': 0.013735566681250831, 'max_depth': 14, 'subsample': 0.7255864836308319, 'colsample_bytree': 0.7646850941601868, 'min_child_weight': 4}. Best is trial 0 with value: 1.9354354582711149.
[I 2026-04-08 22:08:59,844] Trial 3 finished with value: 2.12157964278556 and parameters: {'n_estimators': 1141, 'learning_rate': 0.005691496814263715, 'max_depth': 10, 'subsample': 0.9251868931364997, 'colsample_bytree': 0.6227402016293326, 'min_child_weight': 6}. Best is trial 0 with value: 1.9354354582711149.
[I 2026-04-08 22:09:04,737] Trial 4 finished with value: 2.0695061832081416 and parameters: {'n_estimators': 968, 'learning_rate': 0.05088672768119496, 'max_depth': 6, 'subsample': 0.8436215382524254, 'colsample_bytree': 0.7466795881249333, 'min_child_weight': 7}. Best is trial 0 with value: 1.9354354582711149.
[I 2026-04-08 22:09:10,618] Trial 5 finished with value: 1.9738889778396864 and parameters: {'n_estimators': 1081, 'learning_rate': 0.03885305516801562, 'max_depth': 7, 'subsample': 0.8075114004777163, 'colsample_bytree': 0.8855631520087044, 'min_child_weight': 10}. Best is trial 0 with value: 1.9354354582711149.
[I 2026-04-08 22:09:21,495] Trial 6 finished with value: 1.912930330640705 and parameters: {'n_estimators': 890, 'learning_rate': 0.030845111819062354, 'max_depth': 14, 'subsample': 0.728559345705307, 'colsample_bytree': 0.7789463029243587, 'min_child_weight': 2}. Best is trial 6 with value: 1.912930330640705.
[I 2026-04-08 22:09:30,923] Trial 7 finished with value: 1.9880855748551438 and parameters: {'n_estimators': 762, 'learning_rate': 0.005467519321312596, 'max_depth': 13, 'subsample': 0.7297058524438939, 'colsample_bytree': 0.9118896270160384, 'min_child_weight': 2}. Best is trial 6 with value: 1.912930330640705.
[I 2026-04-08 22:09:38,215] Trial 8 finished with value: 2.0397327084902583 and parameters: {'n_estimators': 1048, 'learning_rate': 0.012333833202961808, 'max_depth': 7, 'subsample': 0.9268926727318237, 'colsample_bytree': 0.8715327529753039, 'min_child_weight': 3}. Best is trial 6 with value: 1.912930330640705.
[I 2026-04-08 22:09:55,089] Trial 9 finished with value: 1.8264734147681425 and parameters: {'n_estimators': 1034, 'learning_rate': 0.011928888241560357, 'max_depth': 14, 'subsample': 0.9152103037675523, 'colsample_bytree': 0.8955800294949952, 'min_child_weight': 1}. Best is trial 9 with value: 1.8264734147681425.
[I 2026-04-08 22:10:00,711] Trial 10 finished with value: 1.8714496364243574 and parameters: {'n_estimators': 565, 'learning_rate': 0.08255709989785072, 'max_depth': 11, 'subsample': 0.9951313433776389, 'colsample_bytree': 0.8461871168051727, 'min_child_weight': 1}. Best is trial 9 with value: 1.8264734147681425.
[I 2026-04-08 22:10:04,611] Trial 11 finished with value: 1.8521867160732297 and parameters: {'n_estimators': 381, 'learning_rate': 0.09522354262037275, 'max_depth': 11, 'subsample': 0.9772088389501808, 'colsample_bytree': 0.9877374431014134, 'min_child_weight': 1}. Best is trial 9 with value: 1.8264734147681425.
[I 2026-04-08 22:10:08,641] Trial 12 finished with value: 1.969846824481095 and parameters: {'n_estimators': 320, 'learning_rate': 0.0199996253995998, 'max_depth': 9, 'subsample': 0.9895416180036956, 'colsample_bytree': 0.9705052219795599, 'min_child_weight': 1}. Best is trial 9 with value: 1.8264734147681425.
[I 2026-04-08 22:10:12,857] Trial 13 finished with value: 2.13769758045871 and parameters: {'n_estimators': 319, 'learning_rate': 0.008338086723753274, 'max_depth': 12, 'subsample': 0.9097962675917441, 'colsample_bytree': 0.9939121033434547, 'min_child_weight': 4}. Best is trial 9 with value: 1.8264734147681425.
[I 2026-04-08 22:10:32,248] Trial 14 finished with value: 1.905729565853887 and parameters: {'n_estimators': 1479, 'learning_rate': 0.024819705240753092, 'max_depth': 15, 'subsample': 0.8836923798181319, 'colsample_bytree': 0.8302888087939776, 'min_child_weight': 4}. Best is trial 9 with value: 1.8264734147681425.
[I 2026-04-08 22:10:36,628] Trial 15 finished with value: 1.9376129032008738 and parameters: {'n_estimators': 637, 'learning_rate': 0.09337243280626134, 'max_depth': 9, 'subsample': 0.9646704591841382, 'colsample_bytree': 0.9284095124564692, 'min_child_weight': 10}. Best is trial 9 with value: 1.8264734147681425.
[I 2026-04-08 22:10:44,450] Trial 16 finished with value: 1.828802900091011 and parameters: {'n_estimators': 516, 'learning_rate': 0.018165817402919376, 'max_depth': 13, 'subsample': 0.8719692631847336, 'colsample_bytree': 0.9877709209559825, 'min_child_weight': 1}. Best is trial 9 with value: 1.8264734147681425.
[I 2026-04-08 22:10:52,826] Trial 17 finished with value: 2.1006976123712793 and parameters: {'n_estimators': 519, 'learning_rate': 0.008160464179384139, 'max_depth': 15, 'subsample': 0.8705433155136357, 'colsample_bytree': 0.6956419916605832, 'min_child_weight': 3}. Best is trial 9 with value: 1.8264734147681425.
[I 2026-04-08 22:10:59,325] Trial 18 finished with value: 1.90554164605342 and parameters: {'n_estimators': 740, 'learning_rate': 0.019786987226766493, 'max_depth': 13, 'subsample': 0.7738248795077699, 'colsample_bytree': 0.9486468286796644, 'min_child_weight': 5}. Best is trial 9 with value: 1.8264734147681425.
[I 2026-04-08 22:11:13,124] Trial 19 finished with value: 1.90461688058683 and parameters: {'n_estimators': 1313, 'learning_rate': 0.009679631211008045, 'max_depth': 13, 'subsample': 0.6333802813340219, 'colsample_bytree': 0.8175588245577013, 'min_child_weight': 2}. Best is trial 9 with value: 1.8264734147681425.
[I 2026-04-08 22:11:20,646] Trial 20 finished with value: 1.9148159761264407 and parameters: {'n_estimators': 762, 'learning_rate': 0.018200376112139486, 'max_depth': 12, 'subsample': 0.7828799717712995, 'colsample_bytree': 0.8914527661494586, 'min_child_weight': 3}. Best is trial 9 with value: 1.8264734147681425.
[I 2026-04-08 22:11:25,732] Trial 21 finished with value: 1.850799453564443 and parameters: {'n_estimators': 450, 'learning_rate': 0.02885683655291599, 'max_depth': 11, 'subsample': 0.9613249067133656, 'colsample_bytree': 0.9826504849389507, 'min_child_weight': 1}. Best is trial 9 with value: 1.8264734147681425.
[I 2026-04-08 22:11:32,520] Trial 22 finished with value: 1.8716431269027247 and parameters: {'n_estimators': 435, 'learning_rate': 0.028674521888671485, 'max_depth': 12, 'subsample': 0.9412469462115063, 'colsample_bytree': 0.9547091024079758, 'min_child_weight': 1}. Best is trial 9 with value: 1.8264734147681425.
[I 2026-04-08 22:11:37,302] Trial 23 finished with value: 1.9028292718197686 and parameters: {'n_estimators': 494, 'learning_rate': 0.03995291450024791, 'max_depth': 10, 'subsample': 0.8876941287724958, 'colsample_bytree': 0.9969099941184835, 'min_child_weight': 2}. Best is trial 9 with value: 1.8264734147681425.
[I 2026-04-08 22:11:50,419] Trial 24 finished with value: 1.8334497211388685 and parameters: {'n_estimators': 637, 'learning_rate': 0.0109182596942136, 'max_depth': 15, 'subsample': 0.9470838732490867, 'colsample_bytree': 0.9195678187839647, 'min_child_weight': 1}. Best is trial 9 with value: 1.8264734147681425.
[I 2026-04-08 22:12:02,172] Trial 25 finished with value: 1.9060454219163356 and parameters: {'n_estimators': 685, 'learning_rate': 0.009517684554851455, 'max_depth': 15, 'subsample': 0.8486594566894738, 'colsample_bytree': 0.857833075715981, 'min_child_weight': 2}. Best is trial 9 with value: 1.8264734147681425.
[I 2026-04-08 22:12:11,514] Trial 26 finished with value: 1.9373165448410494 and parameters: {'n_estimators': 605, 'learning_rate': 0.012134438172659027, 'max_depth': 14, 'subsample': 0.8918978428921113, 'colsample_bytree': 0.9084435506305648, 'min_child_weight': 3}. Best is trial 9 with value: 1.8264734147681425.
[I 2026-04-08 22:12:21,506] Trial 27 finished with value: 1.9246075906269215 and parameters: {'n_estimators': 838, 'learning_rate': 0.01614388634394019, 'max_depth': 15, 'subsample': 0.9449330387229242, 'colsample_bytree': 0.92816186358071, 'min_child_weight': 5}. Best is trial 9 with value: 1.8264734147681425.
[I 2026-04-08 22:12:31,205] Trial 28 finished with value: 2.01013516999208 and parameters: {'n_estimators': 1275, 'learning_rate': 0.006555905720119568, 'max_depth': 13, 'subsample': 0.8103198047471373, 'colsample_bytree': 0.798894668458233, 'min_child_weight': 9}. Best is trial 9 with value: 1.8264734147681425.
[I 2026-04-08 22:12:39,497] Trial 29 finished with value: 1.9191591342623575 and parameters: {'n_estimators': 1198, 'learning_rate': 0.01522695536981526, 'max_depth': 14, 'subsample': 0.9164341649832616, 'colsample_bytree': 0.9567344249096009, 'min_child_weight': 8}. Best is trial 9 with value: 1.8264734147681425.
[I 2026-04-08 22:12:51,692] Trial 30 finished with value: 1.827705288931899 and parameters: {'n_estimators': 822, 'learning_rate': 0.011216021689251617, 'max_depth': 15, 'subsample': 0.8625691274882686, 'colsample_bytree': 0.9039968667449975, 'min_child_weight': 1}. Best is trial 9 with value: 1.8264734147681425.
[I 2026-04-08 22:13:03,372] Trial 31 finished with value: 1.834378741561286 and parameters: {'n_estimators': 826, 'learning_rate': 0.010334131915591184, 'max_depth': 15, 'subsample': 0.8567199421711966, 'colsample_bytree': 0.9067273268942464, 'min_child_weight': 1}. Best is trial 9 with value: 1.8264734147681425.
[I 2026-04-08 22:13:13,010] Trial 32 finished with value: 1.8744196616598037 and parameters: {'n_estimators': 1011, 'learning_rate': 0.011879868095895483, 'max_depth': 14, 'subsample': 0.8260890726809837, 'colsample_bytree': 0.9338580854779193, 'min_child_weight': 2}. Best is trial 9 with value: 1.8264734147681425.
[I 2026-04-08 22:13:22,201] Trial 33 finished with value: 1.9016745843416185 and parameters: {'n_estimators': 708, 'learning_rate': 0.00725051774835291, 'max_depth': 14, 'subsample': 0.8974254601115513, 'colsample_bytree': 0.8780227799992076, 'min_child_weight': 1}. Best is trial 9 with value: 1.8264734147681425.
[I 2026-04-08 22:13:32,523] Trial 34 finished with value: 1.8760089534370905 and parameters: {'n_estimators': 836, 'learning_rate': 0.014190956183407934, 'max_depth': 15, 'subsample': 0.863386425857187, 'colsample_bytree': 0.8511078171956538, 'min_child_weight': 2}. Best is trial 9 with value: 1.8264734147681425.
[I 2026-04-08 22:13:38,105] Trial 35 finished with value: 1.9621432013863696 and parameters: {'n_estimators': 615, 'learning_rate': 0.02322975226023896, 'max_depth': 13, 'subsample': 0.947948408981768, 'colsample_bytree': 0.6769576175691633, 'min_child_weight': 3}. Best is trial 9 with value: 1.8264734147681425.
[I 2026-04-08 22:13:55,387] Trial 36 finished with value: 1.8149635926355419 and parameters: {'n_estimators': 1126, 'learning_rate': 0.016831770609178197, 'max_depth': 15, 'subsample': 0.8364944558522988, 'colsample_bytree': 0.9682452762844757, 'min_child_weight': 1}. Best is trial 36 with value: 1.8149635926355419.
[I 2026-04-08 22:14:04,659] Trial 37 finished with value: 1.8687216899826609 and parameters: {'n_estimators': 1170, 'learning_rate': 0.017674160648009116, 'max_depth': 12, 'subsample': 0.827312157621863, 'colsample_bytree': 0.9680566725813282, 'min_child_weight': 2}. Best is trial 36 with value: 1.8149635926355419.
[I 2026-04-08 22:14:13,502] Trial 38 finished with value: 1.9279471962882502 and parameters: {'n_estimators': 1110, 'learning_rate': 0.013015711944315089, 'max_depth': 14, 'subsample': 0.7553085424482477, 'colsample_bytree': 0.9455132049484387, 'min_child_weight': 7}. Best is trial 36 with value: 1.8149635926355419.
[I 2026-04-08 22:14:26,373] Trial 39 finished with value: 1.9907595010481243 and parameters: {'n_estimators': 1416, 'learning_rate': 0.02199324350834429, 'max_depth': 13, 'subsample': 0.6298296528823353, 'colsample_bytree': 0.608434422157527, 'min_child_weight': 4}. Best is trial 36 with value: 1.8149635926355419.
[I 2026-04-08 22:14:33,378] Trial 40 finished with value: 1.9158554060717636 and parameters: {'n_estimators': 995, 'learning_rate': 0.015619841263745746, 'max_depth': 14, 'subsample': 0.8146967967288709, 'colsample_bytree': 0.8955516344672105, 'min_child_weight': 6}. Best is trial 36 with value: 1.8149635926355419.
[I 2026-04-08 22:14:47,137] Trial 41 finished with value: 1.8276030571881274 and parameters: {'n_estimators': 934, 'learning_rate': 0.011126305770739862, 'max_depth': 15, 'subsample': 0.8706830451723352, 'colsample_bytree': 0.9139540174807308, 'min_child_weight': 1}. Best is trial 36 with value: 1.8149635926355419.
[I 2026-04-08 22:14:52,146] Trial 42 finished with value: 2.325856648805814 and parameters: {'n_estimators': 902, 'learning_rate': 0.008317104279837879, 'max_depth': 5, 'subsample': 0.8775274954604287, 'colsample_bytree': 0.9656273241567473, 'min_child_weight': 1}. Best is trial 36 with value: 1.8149635926355419.
[I 2026-04-08 22:15:07,154] Trial 43 finished with value: 1.8748188437001037 and parameters: {'n_estimators': 1061, 'learning_rate': 0.01419481834558505, 'max_depth': 15, 'subsample': 0.8424341780777184, 'colsample_bytree': 0.8673279113939095, 'min_child_weight': 2}. Best is trial 36 with value: 1.8149635926355419.
[I 2026-04-08 22:15:19,373] Trial 44 finished with value: 1.7988426976515905 and parameters: {'n_estimators': 945, 'learning_rate': 0.017327162379437384, 'max_depth': 14, 'subsample': 0.9122826851453592, 'colsample_bytree': 0.972403047944585, 'min_child_weight': 1}. Best is trial 44 with value: 1.7988426976515905.
[I 2026-04-08 22:15:32,472] Trial 45 finished with value: 1.877378023625685 and parameters: {'n_estimators': 969, 'learning_rate': 0.011057980090747679, 'max_depth': 14, 'subsample': 0.9025683219157143, 'colsample_bytree': 0.9355013378837242, 'min_child_weight': 2}. Best is trial 44 with value: 1.7988426976515905.
[I 2026-04-08 22:15:51,965] Trial 46 finished with value: 1.8452254968582529 and parameters: {'n_estimators': 1232, 'learning_rate': 0.006572954390855095, 'max_depth': 15, 'subsample': 0.9207961320398054, 'colsample_bytree': 0.8958775696685255, 'min_child_weight': 1}. Best is trial 44 with value: 1.7988426976515905.
[I 2026-04-08 22:15:57,687] Trial 47 finished with value: 2.0376460949997526 and parameters: {'n_estimators': 944, 'learning_rate': 0.009318785449528345, 'max_depth': 8, 'subsample': 0.7037181746290054, 'colsample_bytree': 0.8296107588814223, 'min_child_weight': 3}. Best is trial 44 with value: 1.7988426976515905.
[I 2026-04-08 22:16:11,699] Trial 48 finished with value: 1.8024081124067568 and parameters: {'n_estimators': 1116, 'learning_rate': 0.012905216388475343, 'max_depth': 14, 'subsample': 0.9282114710977826, 'colsample_bytree': 0.978189711251742, 'min_child_weight': 1}. Best is trial 44 with value: 1.7988426976515905.
