[I 2026-03-23 22:03:13,593] Trial 0 finished with value: 1.8901301561026178 and parameters: {'n_estimators': 887, 'learning_rate': 0.09241600051976985, 'max_depth': 8, 'subsample': 0.9699362661054413, 'colsample_bytree': 0.9028510959110643, 'min_child_weight': 10}. Best is trial 0 with value: 1.8901301561026178.
[I 2026-03-23 22:03:14,870] Trial 1 finished with value: 2.012122155094848 and parameters: {'n_estimators': 352, 'learning_rate': 0.021506710183919028, 'max_depth': 15, 'subsample': 0.8500007484278238, 'colsample_bytree': 0.612426418139265, 'min_child_weight': 10}. Best is trial 0 with value: 1.8901301561026178.
[I 2026-03-23 22:03:16,766] Trial 2 finished with value: 2.0178329841343356 and parameters: {'n_estimators': 808, 'learning_rate': 0.05417346405852265, 'max_depth': 7, 'subsample': 0.9987365452809682, 'colsample_bytree': 0.6731577726631905, 'min_child_weight': 3}. Best is trial 0 with value: 1.8901301561026178.
[I 2026-03-23 22:03:20,386] Trial 3 finished with value: 2.0548479942133757 and parameters: {'n_estimators': 1292, 'learning_rate': 0.005258565664089326, 'max_depth': 9, 'subsample': 0.6770108379111743, 'colsample_bytree': 0.6594054141332683, 'min_child_weight': 3}. Best is trial 0 with value: 1.8901301561026178.
[I 2026-03-23 22:03:23,359] Trial 4 finished with value: 1.9804375398042613 and parameters: {'n_estimators': 1239, 'learning_rate': 0.06981107519343871, 'max_depth': 7, 'subsample': 0.9995591288226162, 'colsample_bytree': 0.761482735264139, 'min_child_weight': 1}. Best is trial 0 with value: 1.8901301561026178.
[I 2026-03-23 22:03:26,554] Trial 5 finished with value: 1.9567108973112946 and parameters: {'n_estimators': 1323, 'learning_rate': 0.08548837107566533, 'max_depth': 7, 'subsample': 0.9781472423769432, 'colsample_bytree': 0.7577664050528061, 'min_child_weight': 4}. Best is trial 0 with value: 1.8901301561026178.
[I 2026-03-23 22:03:28,304] Trial 6 finished with value: 2.1194046828075424 and parameters: {'n_estimators': 775, 'learning_rate': 0.012840582230086115, 'max_depth': 7, 'subsample': 0.9231693799103511, 'colsample_bytree': 0.6182510848924462, 'min_child_weight': 10}. Best is trial 0 with value: 1.8901301561026178.
[I 2026-03-23 22:03:30,703] Trial 7 finished with value: 2.043685017911827 and parameters: {'n_estimators': 1060, 'learning_rate': 0.023002577588761425, 'max_depth': 6, 'subsample': 0.9961093097677551, 'colsample_bytree': 0.8425657554213175, 'min_child_weight': 9}. Best is trial 0 with value: 1.8901301561026178.
[I 2026-03-23 22:03:32,835] Trial 8 finished with value: 1.9357224846265608 and parameters: {'n_estimators': 995, 'learning_rate': 0.051086642981429356, 'max_depth': 6, 'subsample': 0.7779615232884989, 'colsample_bytree': 0.9213255326948213, 'min_child_weight': 6}. Best is trial 0 with value: 1.8901301561026178.
[I 2026-03-23 22:03:34,902] Trial 9 finished with value: 1.7971827838169958 and parameters: {'n_estimators': 682, 'learning_rate': 0.03591544619727258, 'max_depth': 11, 'subsample': 0.764085971226308, 'colsample_bytree': 0.9840366429840118, 'min_child_weight': 7}. Best is trial 9 with value: 1.7971827838169958.
[I 2026-03-23 22:03:36,256] Trial 10 finished with value: 1.8528553344961254 and parameters: {'n_estimators': 400, 'learning_rate': 0.021786982884525116, 'max_depth': 12, 'subsample': 0.6103731182054359, 'colsample_bytree': 0.9976641741704051, 'min_child_weight': 6}. Best is trial 9 with value: 1.7971827838169958.
[I 2026-03-23 22:03:37,700] Trial 11 finished with value: 1.840765566912151 and parameters: {'n_estimators': 452, 'learning_rate': 0.02959742200787336, 'max_depth': 12, 'subsample': 0.6325499140449931, 'colsample_bytree': 0.9929701570978582, 'min_child_weight': 7}. Best is trial 9 with value: 1.7971827838169958.
[I 2026-03-23 22:03:39,639] Trial 12 finished with value: 1.8148972546817352 and parameters: {'n_estimators': 591, 'learning_rate': 0.035128963649514976, 'max_depth': 12, 'subsample': 0.7298401253034671, 'colsample_bytree': 0.9952899901395675, 'min_child_weight': 8}. Best is trial 9 with value: 1.7971827838169958.
[I 2026-03-23 22:03:41,472] Trial 13 finished with value: 1.8391625794918989 and parameters: {'n_estimators': 607, 'learning_rate': 0.034607847447504725, 'max_depth': 11, 'subsample': 0.7447908651359876, 'colsample_bytree': 0.9224620064988509, 'min_child_weight': 8}. Best is trial 9 with value: 1.7971827838169958.
[I 2026-03-23 22:03:43,780] Trial 14 finished with value: 1.883363395122099 and parameters: {'n_estimators': 623, 'learning_rate': 0.013924470368192245, 'max_depth': 14, 'subsample': 0.7020773100924206, 'colsample_bytree': 0.8454244125470703, 'min_child_weight': 8}. Best is trial 9 with value: 1.7971827838169958.
[I 2026-03-23 22:03:45,606] Trial 15 finished with value: 1.8244519163664048 and parameters: {'n_estimators': 607, 'learning_rate': 0.038539774762333216, 'max_depth': 10, 'subsample': 0.838640835770746, 'colsample_bytree': 0.9568153144675084, 'min_child_weight': 5}. Best is trial 9 with value: 1.7971827838169958.
[I 2026-03-23 22:03:47,938] Trial 16 finished with value: 1.893684732936843 and parameters: {'n_estimators': 671, 'learning_rate': 0.012405616522188911, 'max_depth': 13, 'subsample': 0.7281540844140405, 'colsample_bytree': 0.8651756624829906, 'min_child_weight': 8}. Best is trial 9 with value: 1.7971827838169958.
[I 2026-03-23 22:03:49,406] Trial 17 finished with value: 1.844407374278149 and parameters: {'n_estimators': 471, 'learning_rate': 0.04750510858320984, 'max_depth': 10, 'subsample': 0.7987013034613655, 'colsample_bytree': 0.9619037272651918, 'min_child_weight': 7}. Best is trial 9 with value: 1.7971827838169958.
[I 2026-03-23 22:03:54,383] Trial 18 finished with value: 1.8549028948060347 and parameters: {'n_estimators': 1481, 'learning_rate': 0.008825383678116009, 'max_depth': 12, 'subsample': 0.659725288822563, 'colsample_bytree': 0.7924675850492628, 'min_child_weight': 5}. Best is trial 9 with value: 1.7971827838169958.
[I 2026-03-23 22:03:57,160] Trial 19 finished with value: 1.8257516642420222 and parameters: {'n_estimators': 743, 'learning_rate': 0.02795939026301641, 'max_depth': 14, 'subsample': 0.8477734438885383, 'colsample_bytree': 0.8824725776321722, 'min_child_weight': 7}. Best is trial 9 with value: 1.7971827838169958.
[I 2026-03-23 22:03:58,846] Trial 20 finished with value: 1.898332855357405 and parameters: {'n_estimators': 515, 'learning_rate': 0.016155246711364236, 'max_depth': 11, 'subsample': 0.7608529199067076, 'colsample_bytree': 0.9565234744086554, 'min_child_weight': 9}. Best is trial 9 with value: 1.7971827838169958.
[I 2026-03-23 22:03:59,832] Trial 21 finished with value: 1.853879163554075 and parameters: {'n_estimators': 301, 'learning_rate': 0.03723167179939188, 'max_depth': 10, 'subsample': 0.84615653430123, 'colsample_bytree': 0.9589793554193334, 'min_child_weight': 5}. Best is trial 9 with value: 1.7971827838169958.
[I 2026-03-23 22:04:01,539] Trial 22 finished with value: 1.8020182981487256 and parameters: {'n_estimators': 557, 'learning_rate': 0.0421161099195726, 'max_depth': 10, 'subsample': 0.8904294746174585, 'colsample_bytree': 0.9961403053630761, 'min_child_weight': 4}. Best is trial 9 with value: 1.7971827838169958.
[I 2026-03-23 22:04:03,069] Trial 23 finished with value: 1.8216230601124355 and parameters: {'n_estimators': 522, 'learning_rate': 0.05415526502709054, 'max_depth': 9, 'subsample': 0.9063534961060997, 'colsample_bytree': 0.9999357486634571, 'min_child_weight': 1}. Best is trial 9 with value: 1.7971827838169958.
[I 2026-03-23 22:04:05,456] Trial 24 finished with value: 1.8250685889876503 and parameters: {'n_estimators': 715, 'learning_rate': 0.06536615573360244, 'max_depth': 11, 'subsample': 0.7183650275614364, 'colsample_bytree': 0.9291341824245006, 'min_child_weight': 3}. Best is trial 9 with value: 1.7971827838169958.
[I 2026-03-23 22:04:08,586] Trial 25 finished with value: 1.8029733266169206 and parameters: {'n_estimators': 894, 'learning_rate': 0.04173327174497671, 'max_depth': 13, 'subsample': 0.8950411515758048, 'colsample_bytree': 0.9750453347033672, 'min_child_weight': 6}. Best is trial 9 with value: 1.7971827838169958.
[I 2026-03-23 22:04:11,986] Trial 26 finished with value: 1.8194613359750744 and parameters: {'n_estimators': 914, 'learning_rate': 0.041538981847882794, 'max_depth': 13, 'subsample': 0.8964921288714316, 'colsample_bytree': 0.8924052119154184, 'min_child_weight': 4}. Best is trial 9 with value: 1.7971827838169958.
[I 2026-03-23 22:04:15,052] Trial 27 finished with value: 1.8335264563207132 and parameters: {'n_estimators': 1106, 'learning_rate': 0.06746232465851976, 'max_depth': 9, 'subsample': 0.9403580032936562, 'colsample_bytree': 0.9648995590322872, 'min_child_weight': 4}. Best is trial 9 with value: 1.7971827838169958.
[I 2026-03-23 22:04:18,064] Trial 28 finished with value: 1.8186061260004198 and parameters: {'n_estimators': 865, 'learning_rate': 0.03086303579768516, 'max_depth': 13, 'subsample': 0.8756249789117374, 'colsample_bytree': 0.9355799602669553, 'min_child_weight': 6}. Best is trial 9 with value: 1.7971827838169958.
[I 2026-03-23 22:04:21,653] Trial 29 finished with value: 1.8523835826792536 and parameters: {'n_estimators': 957, 'learning_rate': 0.08898579158549623, 'max_depth': 15, 'subsample': 0.8170545252136193, 'colsample_bytree': 0.9043898806703627, 'min_child_weight': 7}. Best is trial 9 with value: 1.7971827838169958.
[I 2026-03-23 22:04:23,976] Trial 30 finished with value: 1.8790331310945947 and parameters: {'n_estimators': 852, 'learning_rate': 0.045870442710353086, 'max_depth': 8, 'subsample': 0.957625826963365, 'colsample_bytree': 0.8306468738088831, 'min_child_weight': 2}. Best is trial 9 with value: 1.7971827838169958.
[I 2026-03-23 22:04:25,681] Trial 31 finished with value: 1.8511708662056308 and parameters: {'n_estimators': 564, 'learning_rate': 0.02753020570408878, 'max_depth': 11, 'subsample': 0.7865683622586821, 'colsample_bytree': 0.9785471723263537, 'min_child_weight': 9}. Best is trial 9 with value: 1.7971827838169958.
[I 2026-03-23 22:04:28,032] Trial 32 finished with value: 1.8460782132686717 and parameters: {'n_estimators': 677, 'learning_rate': 0.018025066947823572, 'max_depth': 12, 'subsample': 0.8764838903551297, 'colsample_bytree': 0.9772831820481226, 'min_child_weight': 6}. Best is trial 9 with value: 1.7971827838169958.
[I 2026-03-23 22:04:30,965] Trial 33 finished with value: 1.8137546787380843 and parameters: {'n_estimators': 798, 'learning_rate': 0.025288309574148217, 'max_depth': 14, 'subsample': 0.8161970277537766, 'colsample_bytree': 0.9472941554012495, 'min_child_weight': 8}. Best is trial 9 with value: 1.7971827838169958.
[I 2026-03-23 22:04:34,067] Trial 34 finished with value: 1.8140221583118716 and parameters: {'n_estimators': 794, 'learning_rate': 0.026448759618150484, 'max_depth': 14, 'subsample': 0.8274990854085106, 'colsample_bytree': 0.933104713909164, 'min_child_weight': 7}. Best is trial 9 with value: 1.7971827838169958.
[I 2026-03-23 22:04:38,394] Trial 35 finished with value: 1.8148327000033768 and parameters: {'n_estimators': 1019, 'learning_rate': 0.01971832762353177, 'max_depth': 15, 'subsample': 0.872481864972834, 'colsample_bytree': 0.9433565930997463, 'min_child_weight': 5}. Best is trial 9 with value: 1.7971827838169958.
[I 2026-03-23 22:04:41,475] Trial 36 finished with value: 1.8170720173778727 and parameters: {'n_estimators': 836, 'learning_rate': 0.05809203274545907, 'max_depth': 13, 'subsample': 0.8173140529809066, 'colsample_bytree': 0.9016996863568396, 'min_child_weight': 4}. Best is trial 9 with value: 1.7971827838169958.
[I 2026-03-23 22:04:45,611] Trial 37 finished with value: 1.8707491632615325 and parameters: {'n_estimators': 1192, 'learning_rate': 0.025378336338130095, 'max_depth': 14, 'subsample': 0.911191573026626, 'colsample_bytree': 0.7247504615948261, 'min_child_weight': 9}. Best is trial 9 with value: 1.7971827838169958.
[I 2026-03-23 22:04:47,457] Trial 38 finished with value: 2.2630735367821417 and parameters: {'n_estimators': 900, 'learning_rate': 0.005672332543750539, 'max_depth': 5, 'subsample': 0.9325406271043672, 'colsample_bytree': 0.8758706560192187, 'min_child_weight': 3}. Best is trial 9 with value: 1.7971827838169958.
[I 2026-03-23 22:04:49,434] Trial 39 finished with value: 1.8231451801180507 and parameters: {'n_estimators': 699, 'learning_rate': 0.07734419548950211, 'max_depth': 9, 'subsample': 0.7625094507565054, 'colsample_bytree': 0.9763889807891052, 'min_child_weight': 6}. Best is trial 9 with value: 1.7971827838169958.
[I 2026-03-23 22:04:51,296] Trial 40 finished with value: 1.9655040980661833 and parameters: {'n_estimators': 767, 'learning_rate': 0.04390828914394243, 'max_depth': 8, 'subsample': 0.8667779454217003, 'colsample_bytree': 0.7162118820943266, 'min_child_weight': 10}. Best is trial 9 with value: 1.7971827838169958.
[I 2026-03-23 22:04:54,324] Trial 41 finished with value: 1.8196061862751787 and parameters: {'n_estimators': 807, 'learning_rate': 0.024522469517785413, 'max_depth': 14, 'subsample': 0.8148057341446705, 'colsample_bytree': 0.9396881570441625, 'min_child_weight': 7}. Best is trial 9 with value: 1.7971827838169958.
[I 2026-03-23 22:04:57,692] Trial 42 finished with value: 1.821968720442725 and parameters: {'n_estimators': 941, 'learning_rate': 0.03073293492124685, 'max_depth': 14, 'subsample': 0.8285781214852704, 'colsample_bytree': 0.9137631368722826, 'min_child_weight': 7}. Best is trial 9 with value: 1.7971827838169958.
[I 2026-03-23 22:05:00,653] Trial 43 finished with value: 1.7965533291040372 and parameters: {'n_estimators': 765, 'learning_rate': 0.03338695057790929, 'max_depth': 15, 'subsample': 0.8863235687379253, 'colsample_bytree': 0.9800691038917776, 'min_child_weight': 8}. Best is trial 43 with value: 1.7965533291040372.
[I 2026-03-23 22:05:02,271] Trial 44 finished with value: 1.8136574326493942 and parameters: {'n_estimators': 401, 'learning_rate': 0.034762317789385544, 'max_depth': 15, 'subsample': 0.8913768928796865, 'colsample_bytree': 0.9810849017330735, 'min_child_weight': 8}. Best is trial 43 with value: 1.7965533291040372.
[I 2026-03-23 22:05:03,805] Trial 45 finished with value: 1.8448445432650964 and parameters: {'n_estimators': 417, 'learning_rate': 0.0336804593955307, 'max_depth': 13, 'subsample': 0.8928979865360617, 'colsample_bytree': 0.9799121826451065, 'min_child_weight': 9}. Best is trial 43 with value: 1.7965533291040372.
[I 2026-03-23 22:05:05,863] Trial 46 finished with value: 1.8345238518410856 and parameters: {'n_estimators': 532, 'learning_rate': 0.040306359626184916, 'max_depth': 15, 'subsample': 0.9642067347973754, 'colsample_bytree': 0.978044964931082, 'min_child_weight': 8}. Best is trial 43 with value: 1.7965533291040372.
[I 2026-03-23 22:05:07,383] Trial 47 finished with value: 1.9491023431648504 and parameters: {'n_estimators': 374, 'learning_rate': 0.05850061486220658, 'max_depth': 15, 'subsample': 0.9234568826000554, 'colsample_bytree': 0.6548708832421187, 'min_child_weight': 6}. Best is trial 43 with value: 1.7965533291040372.
[I 2026-03-23 22:05:08,774] Trial 48 finished with value: 1.8866261573687795 and parameters: {'n_estimators': 442, 'learning_rate': 0.049786877188870135, 'max_depth': 10, 'subsample': 0.950598672540142, 'colsample_bytree': 0.9971665401146724, 'min_child_weight': 8}. Best is trial 43 with value: 1.7965533291040372.
